{
  "uid" : "227946c4c44ba119",
  "name" : "Verify presence, visibility and accuracy of the 1th card's image in the grid",
  "fullName" : "tests.specialists_page_test.TestSpecialistCardImages#test_sp_02_03_verify_1th_card_image",
  "historyId" : "6096ccabe43d02f9cf6a62bbade7d3ec",
  "time" : {
    "start" : 1716080777256,
    "stop" : 1716080797729,
    "duration" : 20473
  },
  "status" : "broken",
  "statusMessage" : "selenium.common.exceptions.TimeoutException: Message: Can't find element by locator ('xpath', \"(//img[@class='rounded-full'])[1]\")\nStacktrace:\n#0 0x5558f243beca <unknown>\n#1 0x5558f212545c <unknown>\n#2 0x5558f21715b5 <unknown>\n#3 0x5558f2171671 <unknown>\n#4 0x5558f21b5f14 <unknown>\n#5 0x5558f21944dd <unknown>\n#6 0x5558f21b32cc <unknown>\n#7 0x5558f2194253 <unknown>\n#8 0x5558f21641c7 <unknown>\n#9 0x5558f2164b3e <unknown>\n#10 0x5558f240230b <unknown>\n#11 0x5558f24063b7 <unknown>\n#12 0x5558f23eee3e <unknown>\n#13 0x5558f2406e82 <unknown>\n#14 0x5558f23d37df <unknown>\n#15 0x5558f242b1b8 <unknown>\n#16 0x5558f242b38b <unknown>\n#17 0x5558f243affc <unknown>\n#18 0x7f5022a94ac3 <unknown>",
  "statusTrace" : "self = <tests.specialists_page_test.TestSpecialistsPage.TestSpecialistCardImages object at 0x7fdb4ba21070>\ndriver = <selenium.webdriver.chrome.webdriver.WebDriver (session=\"47a357e175821a1a3e8723168626b83b\")>\nspecialists_page_open = None\n\n    @allure.title(\"Verify presence, visibility and accuracy of the 1th card's image in the grid\")\n    def test_sp_02_03_verify_1th_card_image(self, driver, specialists_page_open):\n        page = SpecialistsPage(driver)\n        # print(driver.current_url)\n>       image_presence = page.check_the_1th_card_image_presence()\n\ntests/specialists_page_test.py:81: \n_ _ _ _ _ _ _ _ _ _ _ _ _ _ _ _ _ _ _ _ _ _ _ _ _ _ _ _ _ _ _ _ _ _ _ _ _ _ _ _ \npages/specialists_page.py:118: in check_the_1th_card_image_presence\n    return self.element_is_present(self.locators.GRID_CARD_01_IMAGE)\npages/base_page.py:55: in element_is_present\n    return Wait(self.driver, self.timeout).until(\n_ _ _ _ _ _ _ _ _ _ _ _ _ _ _ _ _ _ _ _ _ _ _ _ _ _ _ _ _ _ _ _ _ _ _ _ _ _ _ _ \n\nself = <selenium.webdriver.support.wait.WebDriverWait (session=\"47a357e175821a1a3e8723168626b83b\")>\nmethod = <function presence_of_element_located.<locals>._predicate at 0x7fdb4b8eb1a0>\nmessage = 'Can\\'t find element by locator (\\'xpath\\', \"(//img[@class=\\'rounded-full\\'])[1]\")'\n\n    def until(self, method, message: str = \"\"):\n        \"\"\"Calls the method provided with the driver as an argument until the \\\n        return value does not evaluate to ``False``.\n    \n        :param method: callable(WebDriver)\n        :param message: optional message for :exc:`TimeoutException`\n        :returns: the result of the last call to `method`\n        :raises: :exc:`selenium.common.exceptions.TimeoutException` if timeout occurs\n        \"\"\"\n        screen = None\n        stacktrace = None\n    \n        end_time = time.monotonic() + self._timeout\n        while True:\n            try:\n                value = method(self._driver)\n                if value:\n                    return value\n            except self._ignored_exceptions as exc:\n                screen = getattr(exc, \"screen\", None)\n                stacktrace = getattr(exc, \"stacktrace\", None)\n            time.sleep(self._poll)\n            if time.monotonic() > end_time:\n                break\n>       raise TimeoutException(message, screen, stacktrace)\nE       selenium.common.exceptions.TimeoutException: Message: Can't find element by locator ('xpath', \"(//img[@class='rounded-full'])[1]\")\nE       Stacktrace:\nE       #0 0x5558f243beca <unknown>\nE       #1 0x5558f212545c <unknown>\nE       #2 0x5558f21715b5 <unknown>\nE       #3 0x5558f2171671 <unknown>\nE       #4 0x5558f21b5f14 <unknown>\nE       #5 0x5558f21944dd <unknown>\nE       #6 0x5558f21b32cc <unknown>\nE       #7 0x5558f2194253 <unknown>\nE       #8 0x5558f21641c7 <unknown>\nE       #9 0x5558f2164b3e <unknown>\nE       #10 0x5558f240230b <unknown>\nE       #11 0x5558f24063b7 <unknown>\nE       #12 0x5558f23eee3e <unknown>\nE       #13 0x5558f2406e82 <unknown>\nE       #14 0x5558f23d37df <unknown>\nE       #15 0x5558f242b1b8 <unknown>\nE       #16 0x5558f242b38b <unknown>\nE       #17 0x5558f243affc <unknown>\nE       #18 0x7f5022a94ac3 <unknown>\n\n/opt/hostedtoolcache/Python/3.12.3/x64/lib/python3.12/site-packages/selenium/webdriver/support/wait.py:95: TimeoutException",
  "flaky" : false,
  "newFailed" : false,
  "beforeStages" : [ {
    "name" : "main_page_open",
    "time" : {
      "start" : 1716080773559,
      "stop" : 1716080776128,
      "duration" : 2569
    },
    "status" : "passed",
    "steps" : [ {
      "name" : "Open page: https://brainup.site/",
      "time" : {
        "start" : 1716080773559,
        "stop" : 1716080776128,
        "duration" : 2569
      },
      "status" : "passed",
      "steps" : [ ],
      "attachments" : [ ],
      "parameters" : [ {
        "name" : "driver",
        "value" : "<selenium.webdriver.chrome.webdriver.WebDriver (session=\"47a357e175821a1a3e8723168626b83b\")>"
      } ],
      "stepsCount" : 0,
      "attachmentsCount" : 0,
      "shouldDisplayMessage" : false,
      "hasContent" : true
    } ],
    "attachments" : [ ],
    "parameters" : [ ],
    "stepsCount" : 1,
    "attachmentsCount" : 0,
    "shouldDisplayMessage" : false,
    "hasContent" : true
  }, {
    "name" : "driver",
    "time" : {
      "start" : 1716080772871,
      "stop" : 1716080773558,
      "duration" : 687
    },
    "status" : "passed",
    "steps" : [ ],
    "attachments" : [ ],
    "parameters" : [ ],
    "stepsCount" : 0,
    "attachmentsCount" : 0,
    "shouldDisplayMessage" : false,
    "hasContent" : false
  }, {
    "name" : "clear_allure_results_folder",
    "time" : {
      "start" : 1716080234080,
      "stop" : 1716080234080,
      "duration" : 0
    },
    "status" : "passed",
    "steps" : [ ],
    "attachments" : [ ],
    "parameters" : [ ],
    "stepsCount" : 0,
    "attachmentsCount" : 0,
    "shouldDisplayMessage" : false,
    "hasContent" : false
  }, {
    "name" : "specialists_page_open",
    "time" : {
      "start" : 1716080776128,
      "stop" : 1716080777256,
      "duration" : 1128
    },
    "status" : "passed",
    "steps" : [ {
      "name" : "Open page: https://brainup.site/specialists",
      "time" : {
        "start" : 1716080776128,
        "stop" : 1716080777256,
        "duration" : 1128
      },
      "status" : "passed",
      "steps" : [ {
        "name" : "Check element is visible and clickable: ('id', 'other-menu')",
        "time" : {
          "start" : 1716080776128,
          "stop" : 1716080776165,
          "duration" : 37
        },
        "status" : "passed",
        "steps" : [ {
          "name" : "Check element is clickable",
          "time" : {
            "start" : 1716080776145,
            "stop" : 1716080776165,
            "duration" : 20
          },
          "status" : "passed",
          "steps" : [ {
            "name" : "Check element is clickable: ('id', 'other-menu')",
            "time" : {
              "start" : 1716080776145,
              "stop" : 1716080776165,
              "duration" : 20
            },
            "status" : "passed",
            "steps" : [ ],
            "attachments" : [ ],
            "parameters" : [ ],
            "stepsCount" : 0,
            "attachmentsCount" : 0,
            "shouldDisplayMessage" : false,
            "hasContent" : false
          } ],
          "attachments" : [ ],
          "parameters" : [ {
            "name" : "locator",
            "value" : "('id', 'other-menu')"
          } ],
          "stepsCount" : 1,
          "attachmentsCount" : 0,
          "shouldDisplayMessage" : false,
          "hasContent" : true
        } ],
        "attachments" : [ ],
        "parameters" : [ ],
        "stepsCount" : 2,
        "attachmentsCount" : 0,
        "shouldDisplayMessage" : false,
        "hasContent" : true
      }, {
        "name" : "Check element is visible and clickable: ('id', 'ember7')",
        "time" : {
          "start" : 1716080776193,
          "stop" : 1716080776224,
          "duration" : 31
        },
        "status" : "passed",
        "steps" : [ {
          "name" : "Check element is clickable",
          "time" : {
            "start" : 1716080776208,
            "stop" : 1716080776224,
            "duration" : 16
          },
          "status" : "passed",
          "steps" : [ {
            "name" : "Check element is clickable: ('id', 'ember7')",
            "time" : {
              "start" : 1716080776208,
              "stop" : 1716080776224,
              "duration" : 16
            },
            "status" : "passed",
            "steps" : [ ],
            "attachments" : [ ],
            "parameters" : [ ],
            "stepsCount" : 0,
            "attachmentsCount" : 0,
            "shouldDisplayMessage" : false,
            "hasContent" : false
          } ],
          "attachments" : [ ],
          "parameters" : [ {
            "name" : "locator",
            "value" : "('id', 'ember7')"
          } ],
          "stepsCount" : 1,
          "attachmentsCount" : 0,
          "shouldDisplayMessage" : false,
          "hasContent" : true
        } ],
        "attachments" : [ ],
        "parameters" : [ ],
        "stepsCount" : 2,
        "attachmentsCount" : 0,
        "shouldDisplayMessage" : false,
        "hasContent" : true
      } ],
      "attachments" : [ ],
      "parameters" : [ {
        "name" : "driver",
        "value" : "<selenium.webdriver.chrome.webdriver.WebDriver (session=\"47a357e175821a1a3e8723168626b83b\")>"
      }, {
        "name" : "main_page_open",
        "value" : "None"
      } ],
      "stepsCount" : 6,
      "attachmentsCount" : 0,
      "shouldDisplayMessage" : false,
      "hasContent" : true
    } ],
    "attachments" : [ ],
    "parameters" : [ ],
    "stepsCount" : 7,
    "attachmentsCount" : 0,
    "shouldDisplayMessage" : false,
    "hasContent" : true
  } ],
  "testStage" : {
    "status" : "broken",
    "statusMessage" : "selenium.common.exceptions.TimeoutException: Message: Can't find element by locator ('xpath', \"(//img[@class='rounded-full'])[1]\")\nStacktrace:\n#0 0x5558f243beca <unknown>\n#1 0x5558f212545c <unknown>\n#2 0x5558f21715b5 <unknown>\n#3 0x5558f2171671 <unknown>\n#4 0x5558f21b5f14 <unknown>\n#5 0x5558f21944dd <unknown>\n#6 0x5558f21b32cc <unknown>\n#7 0x5558f2194253 <unknown>\n#8 0x5558f21641c7 <unknown>\n#9 0x5558f2164b3e <unknown>\n#10 0x5558f240230b <unknown>\n#11 0x5558f24063b7 <unknown>\n#12 0x5558f23eee3e <unknown>\n#13 0x5558f2406e82 <unknown>\n#14 0x5558f23d37df <unknown>\n#15 0x5558f242b1b8 <unknown>\n#16 0x5558f242b38b <unknown>\n#17 0x5558f243affc <unknown>\n#18 0x7f5022a94ac3 <unknown>",
    "statusTrace" : "self = <tests.specialists_page_test.TestSpecialistsPage.TestSpecialistCardImages object at 0x7fdb4ba21070>\ndriver = <selenium.webdriver.chrome.webdriver.WebDriver (session=\"47a357e175821a1a3e8723168626b83b\")>\nspecialists_page_open = None\n\n    @allure.title(\"Verify presence, visibility and accuracy of the 1th card's image in the grid\")\n    def test_sp_02_03_verify_1th_card_image(self, driver, specialists_page_open):\n        page = SpecialistsPage(driver)\n        # print(driver.current_url)\n>       image_presence = page.check_the_1th_card_image_presence()\n\ntests/specialists_page_test.py:81: \n_ _ _ _ _ _ _ _ _ _ _ _ _ _ _ _ _ _ _ _ _ _ _ _ _ _ _ _ _ _ _ _ _ _ _ _ _ _ _ _ \npages/specialists_page.py:118: in check_the_1th_card_image_presence\n    return self.element_is_present(self.locators.GRID_CARD_01_IMAGE)\npages/base_page.py:55: in element_is_present\n    return Wait(self.driver, self.timeout).until(\n_ _ _ _ _ _ _ _ _ _ _ _ _ _ _ _ _ _ _ _ _ _ _ _ _ _ _ _ _ _ _ _ _ _ _ _ _ _ _ _ \n\nself = <selenium.webdriver.support.wait.WebDriverWait (session=\"47a357e175821a1a3e8723168626b83b\")>\nmethod = <function presence_of_element_located.<locals>._predicate at 0x7fdb4b8eb1a0>\nmessage = 'Can\\'t find element by locator (\\'xpath\\', \"(//img[@class=\\'rounded-full\\'])[1]\")'\n\n    def until(self, method, message: str = \"\"):\n        \"\"\"Calls the method provided with the driver as an argument until the \\\n        return value does not evaluate to ``False``.\n    \n        :param method: callable(WebDriver)\n        :param message: optional message for :exc:`TimeoutException`\n        :returns: the result of the last call to `method`\n        :raises: :exc:`selenium.common.exceptions.TimeoutException` if timeout occurs\n        \"\"\"\n        screen = None\n        stacktrace = None\n    \n        end_time = time.monotonic() + self._timeout\n        while True:\n            try:\n                value = method(self._driver)\n                if value:\n                    return value\n            except self._ignored_exceptions as exc:\n                screen = getattr(exc, \"screen\", None)\n                stacktrace = getattr(exc, \"stacktrace\", None)\n            time.sleep(self._poll)\n            if time.monotonic() > end_time:\n                break\n>       raise TimeoutException(message, screen, stacktrace)\nE       selenium.common.exceptions.TimeoutException: Message: Can't find element by locator ('xpath', \"(//img[@class='rounded-full'])[1]\")\nE       Stacktrace:\nE       #0 0x5558f243beca <unknown>\nE       #1 0x5558f212545c <unknown>\nE       #2 0x5558f21715b5 <unknown>\nE       #3 0x5558f2171671 <unknown>\nE       #4 0x5558f21b5f14 <unknown>\nE       #5 0x5558f21944dd <unknown>\nE       #6 0x5558f21b32cc <unknown>\nE       #7 0x5558f2194253 <unknown>\nE       #8 0x5558f21641c7 <unknown>\nE       #9 0x5558f2164b3e <unknown>\nE       #10 0x5558f240230b <unknown>\nE       #11 0x5558f24063b7 <unknown>\nE       #12 0x5558f23eee3e <unknown>\nE       #13 0x5558f2406e82 <unknown>\nE       #14 0x5558f23d37df <unknown>\nE       #15 0x5558f242b1b8 <unknown>\nE       #16 0x5558f242b38b <unknown>\nE       #17 0x5558f243affc <unknown>\nE       #18 0x7f5022a94ac3 <unknown>\n\n/opt/hostedtoolcache/Python/3.12.3/x64/lib/python3.12/site-packages/selenium/webdriver/support/wait.py:95: TimeoutException",
    "steps" : [ {
      "name" : "Check the image is present in the 1th card",
      "time" : {
        "start" : 1716080777257,
        "stop" : 1716080797729,
        "duration" : 20472
      },
      "status" : "broken",
      "statusMessage" : "selenium.common.exceptions.TimeoutException: Message: Can't find element by locator ('xpath', \"(//img[@class='rounded-full'])[1]\")\nStacktrace:\n#0 0x5558f243beca <unknown>\n#1 0x5558f212545c <unknown>\n#2 0x5558f21715b5 <unknown>\n#3 0x5558f2171671 <unknown>\n#4 0x5558f21b5f14 <unknown>\n#5 0x5558f21944dd <unknown>\n#6 0x5558f21b32cc <unknown>\n#7 0x5558f2194253 <unknown>\n#8 0x5558f21641c7 <unknown>\n#9 0x5558f2164b3e <unknown>\n#10 0x5558f240230b <unknown>\n#11 0x5558f24063b7 <unknown>\n#12 0x5558f23eee3e <unknown>\n#13 0x5558f2406e82 <unknown>\n#14 0x5558f23d37df <unknown>\n#15 0x5558f242b1b8 <unknown>\n#16 0x5558f242b38b <unknown>\n#17 0x5558f243affc <unknown>\n#18 0x7f5022a94ac3 <unknown>\n\n",
      "statusTrace" : "  File \"/opt/hostedtoolcache/Python/3.12.3/x64/lib/python3.12/site-packages/allure_commons/_allure.py\", line 192, in impl\n    return func(*a, **kw)\n           ^^^^^^^^^^^^^^\n  File \"/home/runner/work/auto-tests-python/auto-tests-python/pages/specialists_page.py\", line 118, in check_the_1th_card_image_presence\n    return self.element_is_present(self.locators.GRID_CARD_01_IMAGE)\n           ^^^^^^^^^^^^^^^^^^^^^^^^^^^^^^^^^^^^^^^^^^^^^^^^^^^^^^^^^\n  File \"/home/runner/work/auto-tests-python/auto-tests-python/pages/base_page.py\", line 55, in element_is_present\n    return Wait(self.driver, self.timeout).until(\n           ^^^^^^^^^^^^^^^^^^^^^^^^^^^^^^^^^^^^^^\n  File \"/opt/hostedtoolcache/Python/3.12.3/x64/lib/python3.12/site-packages/selenium/webdriver/support/wait.py\", line 95, in until\n    raise TimeoutException(message, screen, stacktrace)\n",
      "steps" : [ {
        "name" : "Check element is present: ('xpath', \"(//img[@class='rounded-full'])[1]\")",
        "time" : {
          "start" : 1716080777257,
          "stop" : 1716080797728,
          "duration" : 20471
        },
        "status" : "broken",
        "statusMessage" : "selenium.common.exceptions.TimeoutException: Message: Can't find element by locator ('xpath', \"(//img[@class='rounded-full'])[1]\")\nStacktrace:\n#0 0x5558f243beca <unknown>\n#1 0x5558f212545c <unknown>\n#2 0x5558f21715b5 <unknown>\n#3 0x5558f2171671 <unknown>\n#4 0x5558f21b5f14 <unknown>\n#5 0x5558f21944dd <unknown>\n#6 0x5558f21b32cc <unknown>\n#7 0x5558f2194253 <unknown>\n#8 0x5558f21641c7 <unknown>\n#9 0x5558f2164b3e <unknown>\n#10 0x5558f240230b <unknown>\n#11 0x5558f24063b7 <unknown>\n#12 0x5558f23eee3e <unknown>\n#13 0x5558f2406e82 <unknown>\n#14 0x5558f23d37df <unknown>\n#15 0x5558f242b1b8 <unknown>\n#16 0x5558f242b38b <unknown>\n#17 0x5558f243affc <unknown>\n#18 0x7f5022a94ac3 <unknown>\n\n",
        "statusTrace" : "  File \"/home/runner/work/auto-tests-python/auto-tests-python/pages/base_page.py\", line 55, in element_is_present\n    return Wait(self.driver, self.timeout).until(\n           ^^^^^^^^^^^^^^^^^^^^^^^^^^^^^^^^^^^^^^\n  File \"/opt/hostedtoolcache/Python/3.12.3/x64/lib/python3.12/site-packages/selenium/webdriver/support/wait.py\", line 95, in until\n    raise TimeoutException(message, screen, stacktrace)\n",
        "steps" : [ ],
        "attachments" : [ ],
        "parameters" : [ ],
        "stepsCount" : 0,
        "attachmentsCount" : 0,
        "shouldDisplayMessage" : true,
        "hasContent" : true
      } ],
      "attachments" : [ ],
      "parameters" : [ ],
      "stepsCount" : 1,
      "attachmentsCount" : 0,
      "shouldDisplayMessage" : false,
      "hasContent" : true
    } ],
    "attachments" : [ {
      "uid" : "c39b2ad9c9553a24",
      "name" : "Screenshot",
      "source" : "c39b2ad9c9553a24.png",
      "type" : "image/png",
      "size" : 96875
    }, {
      "uid" : "e19d3e5805ad6149",
      "name" : "HTML source",
      "source" : "e19d3e5805ad6149.html",
      "type" : "text/html",
      "size" : 32179
    } ],
    "parameters" : [ ],
    "stepsCount" : 2,
    "attachmentsCount" : 2,
    "shouldDisplayMessage" : true,
    "hasContent" : true
  },
  "afterStages" : [ {
    "name" : "driver::0",
    "time" : {
      "start" : 1716080797848,
      "stop" : 1716080798011,
      "duration" : 163
    },
    "status" : "passed",
    "steps" : [ ],
    "attachments" : [ {
      "uid" : "46fd561c37a178a8",
      "name" : "Screenshot 2024-05-19 01:06:37.950080",
      "source" : "46fd561c37a178a8.png",
      "type" : "image/png",
      "size" : 96875
    } ],
    "parameters" : [ ],
    "stepsCount" : 0,
    "attachmentsCount" : 1,
    "shouldDisplayMessage" : false,
    "hasContent" : true
  } ],
  "labels" : [ {
    "name" : "epic",
    "value" : "Test Specialists Page"
  }, {
    "name" : "parentSuite",
    "value" : "tests"
  }, {
    "name" : "suite",
    "value" : "specialists_page_test"
  }, {
    "name" : "subSuite",
    "value" : "TestSpecialistsPage"
  }, {
    "name" : "host",
    "value" : "fv-az774-776"
  }, {
    "name" : "thread",
    "value" : "2321-MainThread"
  }, {
    "name" : "framework",
    "value" : "pytest"
  }, {
    "name" : "language",
    "value" : "cpython3"
  }, {
    "name" : "package",
    "value" : "tests.specialists_page_test"
  }, {
    "name" : "resultFormat",
    "value" : "allure2"
  } ],
  "parameters" : [ ],
  "links" : [ ],
  "hidden" : false,
  "retry" : false,
  "extra" : {
    "severity" : "normal",
    "retries" : [ ],
    "categories" : [ {
      "name" : "Test defects",
      "matchedStatuses" : [ ],
      "flaky" : false
    } ],
    "history" : {
      "statistic" : {
        "failed" : 0,
        "broken" : 1,
        "skipped" : 0,
        "passed" : 3,
        "unknown" : 0,
        "total" : 4
      },
      "items" : [ {
        "uid" : "cf72b1aa6dcef518",
        "reportUrl" : "https://lambotik.github.io/auto-tests-python/6//#testresult/cf72b1aa6dcef518",
        "status" : "passed",
        "time" : {
          "start" : 1715994189777,
          "stop" : 1715994189867,
          "duration" : 90
        }
      }, {
        "uid" : "b378b6c8f0339e2f",
        "reportUrl" : "https://lambotik.github.io/auto-tests-python/5//#testresult/b378b6c8f0339e2f",
        "status" : "passed",
        "time" : {
          "start" : 1715907832772,
          "stop" : 1715907832881,
          "duration" : 109
        }
      }, {
        "uid" : "83eabe68d64e54e6",
        "reportUrl" : "https://lambotik.github.io/auto-tests-python/4//#testresult/83eabe68d64e54e6",
        "status" : "passed",
        "time" : {
          "start" : 1715821311173,
          "stop" : 1715821311276,
          "duration" : 103
        }
      } ]
    },
    "tags" : [ ]
  },
  "source" : "227946c4c44ba119.json",
  "parameterValues" : [ ]
}