{
  "uid" : "29846e2c38e9cdb8",
  "name" : "Verify presence, visibility and size of the grid on the Specialists page",
  "fullName" : "tests.specialists_page_test.TestSpecialistsPage#test_sp_01_03_verify_specialists_page_grid",
  "historyId" : "679235b272df9b1636bc2564158017b3",
  "time" : {
    "start" : 1716080736670,
    "stop" : 1716080757142,
    "duration" : 20472
  },
  "status" : "broken",
  "statusMessage" : "selenium.common.exceptions.TimeoutException: Message: Can't find element by locator ('xpath', \"//div[contains(@class, 'grid')]\")\nStacktrace:\n#0 0x55e8833e9eca <unknown>\n#1 0x55e8830d345c <unknown>\n#2 0x55e88311f5b5 <unknown>\n#3 0x55e88311f671 <unknown>\n#4 0x55e883163f14 <unknown>\n#5 0x55e8831424dd <unknown>\n#6 0x55e8831612cc <unknown>\n#7 0x55e883142253 <unknown>\n#8 0x55e8831121c7 <unknown>\n#9 0x55e883112b3e <unknown>\n#10 0x55e8833b030b <unknown>\n#11 0x55e8833b43b7 <unknown>\n#12 0x55e88339ce3e <unknown>\n#13 0x55e8833b4e82 <unknown>\n#14 0x55e8833817df <unknown>\n#15 0x55e8833d91b8 <unknown>\n#16 0x55e8833d938b <unknown>\n#17 0x55e8833e8ffc <unknown>\n#18 0x7f93c9494ac3 <unknown>",
  "statusTrace" : "self = <tests.specialists_page_test.TestSpecialistsPage object at 0x7fdb4ba20890>\ndriver = <selenium.webdriver.chrome.webdriver.WebDriver (session=\"99a98e215a03628e614f24d26711d6fc\")>\nspecialists_page_open = None\n\n    @allure.title(\"Verify presence, visibility and size of the grid on the Specialists page\")\n    def test_sp_01_03_verify_specialists_page_grid(self, driver, specialists_page_open):\n        page = SpecialistsPage(driver)\n>       page_grid_presence = page.check_specialists_page_grid_presence()\n\ntests/specialists_page_test.py:39: \n_ _ _ _ _ _ _ _ _ _ _ _ _ _ _ _ _ _ _ _ _ _ _ _ _ _ _ _ _ _ _ _ _ _ _ _ _ _ _ _ \npages/specialists_page.py:44: in check_specialists_page_grid_presence\n    return self.element_is_present(self.locators.PAGE_GRID)\npages/base_page.py:55: in element_is_present\n    return Wait(self.driver, self.timeout).until(\n_ _ _ _ _ _ _ _ _ _ _ _ _ _ _ _ _ _ _ _ _ _ _ _ _ _ _ _ _ _ _ _ _ _ _ _ _ _ _ _ \n\nself = <selenium.webdriver.support.wait.WebDriverWait (session=\"99a98e215a03628e614f24d26711d6fc\")>\nmethod = <function presence_of_element_located.<locals>._predicate at 0x7fdb4b8e99e0>\nmessage = 'Can\\'t find element by locator (\\'xpath\\', \"//div[contains(@class, \\'grid\\')]\")'\n\n    def until(self, method, message: str = \"\"):\n        \"\"\"Calls the method provided with the driver as an argument until the \\\n        return value does not evaluate to ``False``.\n    \n        :param method: callable(WebDriver)\n        :param message: optional message for :exc:`TimeoutException`\n        :returns: the result of the last call to `method`\n        :raises: :exc:`selenium.common.exceptions.TimeoutException` if timeout occurs\n        \"\"\"\n        screen = None\n        stacktrace = None\n    \n        end_time = time.monotonic() + self._timeout\n        while True:\n            try:\n                value = method(self._driver)\n                if value:\n                    return value\n            except self._ignored_exceptions as exc:\n                screen = getattr(exc, \"screen\", None)\n                stacktrace = getattr(exc, \"stacktrace\", None)\n            time.sleep(self._poll)\n            if time.monotonic() > end_time:\n                break\n>       raise TimeoutException(message, screen, stacktrace)\nE       selenium.common.exceptions.TimeoutException: Message: Can't find element by locator ('xpath', \"//div[contains(@class, 'grid')]\")\nE       Stacktrace:\nE       #0 0x55e8833e9eca <unknown>\nE       #1 0x55e8830d345c <unknown>\nE       #2 0x55e88311f5b5 <unknown>\nE       #3 0x55e88311f671 <unknown>\nE       #4 0x55e883163f14 <unknown>\nE       #5 0x55e8831424dd <unknown>\nE       #6 0x55e8831612cc <unknown>\nE       #7 0x55e883142253 <unknown>\nE       #8 0x55e8831121c7 <unknown>\nE       #9 0x55e883112b3e <unknown>\nE       #10 0x55e8833b030b <unknown>\nE       #11 0x55e8833b43b7 <unknown>\nE       #12 0x55e88339ce3e <unknown>\nE       #13 0x55e8833b4e82 <unknown>\nE       #14 0x55e8833817df <unknown>\nE       #15 0x55e8833d91b8 <unknown>\nE       #16 0x55e8833d938b <unknown>\nE       #17 0x55e8833e8ffc <unknown>\nE       #18 0x7f93c9494ac3 <unknown>\n\n/opt/hostedtoolcache/Python/3.12.3/x64/lib/python3.12/site-packages/selenium/webdriver/support/wait.py:95: TimeoutException",
  "flaky" : false,
  "newFailed" : false,
  "beforeStages" : [ {
    "name" : "driver",
    "time" : {
      "start" : 1716080732235,
      "stop" : 1716080732922,
      "duration" : 687
    },
    "status" : "passed",
    "steps" : [ ],
    "attachments" : [ ],
    "parameters" : [ ],
    "stepsCount" : 0,
    "attachmentsCount" : 0,
    "shouldDisplayMessage" : false,
    "hasContent" : false
  }, {
    "name" : "specialists_page_open",
    "time" : {
      "start" : 1716080735542,
      "stop" : 1716080736670,
      "duration" : 1128
    },
    "status" : "passed",
    "steps" : [ {
      "name" : "Open page: https://brainup.site/specialists",
      "time" : {
        "start" : 1716080735542,
        "stop" : 1716080736670,
        "duration" : 1128
      },
      "status" : "passed",
      "steps" : [ {
        "name" : "Check element is visible and clickable: ('id', 'other-menu')",
        "time" : {
          "start" : 1716080735542,
          "stop" : 1716080735578,
          "duration" : 36
        },
        "status" : "passed",
        "steps" : [ {
          "name" : "Check element is clickable",
          "time" : {
            "start" : 1716080735559,
            "stop" : 1716080735578,
            "duration" : 19
          },
          "status" : "passed",
          "steps" : [ {
            "name" : "Check element is clickable: ('id', 'other-menu')",
            "time" : {
              "start" : 1716080735559,
              "stop" : 1716080735578,
              "duration" : 19
            },
            "status" : "passed",
            "steps" : [ ],
            "attachments" : [ ],
            "parameters" : [ ],
            "stepsCount" : 0,
            "attachmentsCount" : 0,
            "shouldDisplayMessage" : false,
            "hasContent" : false
          } ],
          "attachments" : [ ],
          "parameters" : [ {
            "name" : "locator",
            "value" : "('id', 'other-menu')"
          } ],
          "stepsCount" : 1,
          "attachmentsCount" : 0,
          "shouldDisplayMessage" : false,
          "hasContent" : true
        } ],
        "attachments" : [ ],
        "parameters" : [ ],
        "stepsCount" : 2,
        "attachmentsCount" : 0,
        "shouldDisplayMessage" : false,
        "hasContent" : true
      }, {
        "name" : "Check element is visible and clickable: ('id', 'ember7')",
        "time" : {
          "start" : 1716080735607,
          "stop" : 1716080735637,
          "duration" : 30
        },
        "status" : "passed",
        "steps" : [ {
          "name" : "Check element is clickable",
          "time" : {
            "start" : 1716080735622,
            "stop" : 1716080735637,
            "duration" : 15
          },
          "status" : "passed",
          "steps" : [ {
            "name" : "Check element is clickable: ('id', 'ember7')",
            "time" : {
              "start" : 1716080735622,
              "stop" : 1716080735637,
              "duration" : 15
            },
            "status" : "passed",
            "steps" : [ ],
            "attachments" : [ ],
            "parameters" : [ ],
            "stepsCount" : 0,
            "attachmentsCount" : 0,
            "shouldDisplayMessage" : false,
            "hasContent" : false
          } ],
          "attachments" : [ ],
          "parameters" : [ {
            "name" : "locator",
            "value" : "('id', 'ember7')"
          } ],
          "stepsCount" : 1,
          "attachmentsCount" : 0,
          "shouldDisplayMessage" : false,
          "hasContent" : true
        } ],
        "attachments" : [ ],
        "parameters" : [ ],
        "stepsCount" : 2,
        "attachmentsCount" : 0,
        "shouldDisplayMessage" : false,
        "hasContent" : true
      } ],
      "attachments" : [ ],
      "parameters" : [ {
        "name" : "driver",
        "value" : "<selenium.webdriver.chrome.webdriver.WebDriver (session=\"99a98e215a03628e614f24d26711d6fc\")>"
      }, {
        "name" : "main_page_open",
        "value" : "None"
      } ],
      "stepsCount" : 6,
      "attachmentsCount" : 0,
      "shouldDisplayMessage" : false,
      "hasContent" : true
    } ],
    "attachments" : [ ],
    "parameters" : [ ],
    "stepsCount" : 7,
    "attachmentsCount" : 0,
    "shouldDisplayMessage" : false,
    "hasContent" : true
  }, {
    "name" : "clear_allure_results_folder",
    "time" : {
      "start" : 1716080234080,
      "stop" : 1716080234080,
      "duration" : 0
    },
    "status" : "passed",
    "steps" : [ ],
    "attachments" : [ ],
    "parameters" : [ ],
    "stepsCount" : 0,
    "attachmentsCount" : 0,
    "shouldDisplayMessage" : false,
    "hasContent" : false
  }, {
    "name" : "main_page_open",
    "time" : {
      "start" : 1716080732922,
      "stop" : 1716080735541,
      "duration" : 2619
    },
    "status" : "passed",
    "steps" : [ {
      "name" : "Open page: https://brainup.site/",
      "time" : {
        "start" : 1716080732922,
        "stop" : 1716080735541,
        "duration" : 2619
      },
      "status" : "passed",
      "steps" : [ ],
      "attachments" : [ ],
      "parameters" : [ {
        "name" : "driver",
        "value" : "<selenium.webdriver.chrome.webdriver.WebDriver (session=\"99a98e215a03628e614f24d26711d6fc\")>"
      } ],
      "stepsCount" : 0,
      "attachmentsCount" : 0,
      "shouldDisplayMessage" : false,
      "hasContent" : true
    } ],
    "attachments" : [ ],
    "parameters" : [ ],
    "stepsCount" : 1,
    "attachmentsCount" : 0,
    "shouldDisplayMessage" : false,
    "hasContent" : true
  } ],
  "testStage" : {
    "status" : "broken",
    "statusMessage" : "selenium.common.exceptions.TimeoutException: Message: Can't find element by locator ('xpath', \"//div[contains(@class, 'grid')]\")\nStacktrace:\n#0 0x55e8833e9eca <unknown>\n#1 0x55e8830d345c <unknown>\n#2 0x55e88311f5b5 <unknown>\n#3 0x55e88311f671 <unknown>\n#4 0x55e883163f14 <unknown>\n#5 0x55e8831424dd <unknown>\n#6 0x55e8831612cc <unknown>\n#7 0x55e883142253 <unknown>\n#8 0x55e8831121c7 <unknown>\n#9 0x55e883112b3e <unknown>\n#10 0x55e8833b030b <unknown>\n#11 0x55e8833b43b7 <unknown>\n#12 0x55e88339ce3e <unknown>\n#13 0x55e8833b4e82 <unknown>\n#14 0x55e8833817df <unknown>\n#15 0x55e8833d91b8 <unknown>\n#16 0x55e8833d938b <unknown>\n#17 0x55e8833e8ffc <unknown>\n#18 0x7f93c9494ac3 <unknown>",
    "statusTrace" : "self = <tests.specialists_page_test.TestSpecialistsPage object at 0x7fdb4ba20890>\ndriver = <selenium.webdriver.chrome.webdriver.WebDriver (session=\"99a98e215a03628e614f24d26711d6fc\")>\nspecialists_page_open = None\n\n    @allure.title(\"Verify presence, visibility and size of the grid on the Specialists page\")\n    def test_sp_01_03_verify_specialists_page_grid(self, driver, specialists_page_open):\n        page = SpecialistsPage(driver)\n>       page_grid_presence = page.check_specialists_page_grid_presence()\n\ntests/specialists_page_test.py:39: \n_ _ _ _ _ _ _ _ _ _ _ _ _ _ _ _ _ _ _ _ _ _ _ _ _ _ _ _ _ _ _ _ _ _ _ _ _ _ _ _ \npages/specialists_page.py:44: in check_specialists_page_grid_presence\n    return self.element_is_present(self.locators.PAGE_GRID)\npages/base_page.py:55: in element_is_present\n    return Wait(self.driver, self.timeout).until(\n_ _ _ _ _ _ _ _ _ _ _ _ _ _ _ _ _ _ _ _ _ _ _ _ _ _ _ _ _ _ _ _ _ _ _ _ _ _ _ _ \n\nself = <selenium.webdriver.support.wait.WebDriverWait (session=\"99a98e215a03628e614f24d26711d6fc\")>\nmethod = <function presence_of_element_located.<locals>._predicate at 0x7fdb4b8e99e0>\nmessage = 'Can\\'t find element by locator (\\'xpath\\', \"//div[contains(@class, \\'grid\\')]\")'\n\n    def until(self, method, message: str = \"\"):\n        \"\"\"Calls the method provided with the driver as an argument until the \\\n        return value does not evaluate to ``False``.\n    \n        :param method: callable(WebDriver)\n        :param message: optional message for :exc:`TimeoutException`\n        :returns: the result of the last call to `method`\n        :raises: :exc:`selenium.common.exceptions.TimeoutException` if timeout occurs\n        \"\"\"\n        screen = None\n        stacktrace = None\n    \n        end_time = time.monotonic() + self._timeout\n        while True:\n            try:\n                value = method(self._driver)\n                if value:\n                    return value\n            except self._ignored_exceptions as exc:\n                screen = getattr(exc, \"screen\", None)\n                stacktrace = getattr(exc, \"stacktrace\", None)\n            time.sleep(self._poll)\n            if time.monotonic() > end_time:\n                break\n>       raise TimeoutException(message, screen, stacktrace)\nE       selenium.common.exceptions.TimeoutException: Message: Can't find element by locator ('xpath', \"//div[contains(@class, 'grid')]\")\nE       Stacktrace:\nE       #0 0x55e8833e9eca <unknown>\nE       #1 0x55e8830d345c <unknown>\nE       #2 0x55e88311f5b5 <unknown>\nE       #3 0x55e88311f671 <unknown>\nE       #4 0x55e883163f14 <unknown>\nE       #5 0x55e8831424dd <unknown>\nE       #6 0x55e8831612cc <unknown>\nE       #7 0x55e883142253 <unknown>\nE       #8 0x55e8831121c7 <unknown>\nE       #9 0x55e883112b3e <unknown>\nE       #10 0x55e8833b030b <unknown>\nE       #11 0x55e8833b43b7 <unknown>\nE       #12 0x55e88339ce3e <unknown>\nE       #13 0x55e8833b4e82 <unknown>\nE       #14 0x55e8833817df <unknown>\nE       #15 0x55e8833d91b8 <unknown>\nE       #16 0x55e8833d938b <unknown>\nE       #17 0x55e8833e8ffc <unknown>\nE       #18 0x7f93c9494ac3 <unknown>\n\n/opt/hostedtoolcache/Python/3.12.3/x64/lib/python3.12/site-packages/selenium/webdriver/support/wait.py:95: TimeoutException",
    "steps" : [ {
      "name" : "Check the page grid is present in DOM",
      "time" : {
        "start" : 1716080736670,
        "stop" : 1716080757142,
        "duration" : 20472
      },
      "status" : "broken",
      "statusMessage" : "selenium.common.exceptions.TimeoutException: Message: Can't find element by locator ('xpath', \"//div[contains(@class, 'grid')]\")\nStacktrace:\n#0 0x55e8833e9eca <unknown>\n#1 0x55e8830d345c <unknown>\n#2 0x55e88311f5b5 <unknown>\n#3 0x55e88311f671 <unknown>\n#4 0x55e883163f14 <unknown>\n#5 0x55e8831424dd <unknown>\n#6 0x55e8831612cc <unknown>\n#7 0x55e883142253 <unknown>\n#8 0x55e8831121c7 <unknown>\n#9 0x55e883112b3e <unknown>\n#10 0x55e8833b030b <unknown>\n#11 0x55e8833b43b7 <unknown>\n#12 0x55e88339ce3e <unknown>\n#13 0x55e8833b4e82 <unknown>\n#14 0x55e8833817df <unknown>\n#15 0x55e8833d91b8 <unknown>\n#16 0x55e8833d938b <unknown>\n#17 0x55e8833e8ffc <unknown>\n#18 0x7f93c9494ac3 <unknown>\n\n",
      "statusTrace" : "  File \"/opt/hostedtoolcache/Python/3.12.3/x64/lib/python3.12/site-packages/allure_commons/_allure.py\", line 192, in impl\n    return func(*a, **kw)\n           ^^^^^^^^^^^^^^\n  File \"/home/runner/work/auto-tests-python/auto-tests-python/pages/specialists_page.py\", line 44, in check_specialists_page_grid_presence\n    return self.element_is_present(self.locators.PAGE_GRID)\n           ^^^^^^^^^^^^^^^^^^^^^^^^^^^^^^^^^^^^^^^^^^^^^^^^\n  File \"/home/runner/work/auto-tests-python/auto-tests-python/pages/base_page.py\", line 55, in element_is_present\n    return Wait(self.driver, self.timeout).until(\n           ^^^^^^^^^^^^^^^^^^^^^^^^^^^^^^^^^^^^^^\n  File \"/opt/hostedtoolcache/Python/3.12.3/x64/lib/python3.12/site-packages/selenium/webdriver/support/wait.py\", line 95, in until\n    raise TimeoutException(message, screen, stacktrace)\n",
      "steps" : [ {
        "name" : "Check element is present: ('xpath', \"//div[contains(@class, 'grid')]\")",
        "time" : {
          "start" : 1716080736670,
          "stop" : 1716080757142,
          "duration" : 20472
        },
        "status" : "broken",
        "statusMessage" : "selenium.common.exceptions.TimeoutException: Message: Can't find element by locator ('xpath', \"//div[contains(@class, 'grid')]\")\nStacktrace:\n#0 0x55e8833e9eca <unknown>\n#1 0x55e8830d345c <unknown>\n#2 0x55e88311f5b5 <unknown>\n#3 0x55e88311f671 <unknown>\n#4 0x55e883163f14 <unknown>\n#5 0x55e8831424dd <unknown>\n#6 0x55e8831612cc <unknown>\n#7 0x55e883142253 <unknown>\n#8 0x55e8831121c7 <unknown>\n#9 0x55e883112b3e <unknown>\n#10 0x55e8833b030b <unknown>\n#11 0x55e8833b43b7 <unknown>\n#12 0x55e88339ce3e <unknown>\n#13 0x55e8833b4e82 <unknown>\n#14 0x55e8833817df <unknown>\n#15 0x55e8833d91b8 <unknown>\n#16 0x55e8833d938b <unknown>\n#17 0x55e8833e8ffc <unknown>\n#18 0x7f93c9494ac3 <unknown>\n\n",
        "statusTrace" : "  File \"/home/runner/work/auto-tests-python/auto-tests-python/pages/base_page.py\", line 55, in element_is_present\n    return Wait(self.driver, self.timeout).until(\n           ^^^^^^^^^^^^^^^^^^^^^^^^^^^^^^^^^^^^^^\n  File \"/opt/hostedtoolcache/Python/3.12.3/x64/lib/python3.12/site-packages/selenium/webdriver/support/wait.py\", line 95, in until\n    raise TimeoutException(message, screen, stacktrace)\n",
        "steps" : [ ],
        "attachments" : [ ],
        "parameters" : [ ],
        "stepsCount" : 0,
        "attachmentsCount" : 0,
        "shouldDisplayMessage" : true,
        "hasContent" : true
      } ],
      "attachments" : [ ],
      "parameters" : [ ],
      "stepsCount" : 1,
      "attachmentsCount" : 0,
      "shouldDisplayMessage" : false,
      "hasContent" : true
    } ],
    "attachments" : [ {
      "uid" : "621e067d6960a742",
      "name" : "Screenshot",
      "source" : "621e067d6960a742.png",
      "type" : "image/png",
      "size" : 187204
    }, {
      "uid" : "8853d66ea415326",
      "name" : "HTML source",
      "source" : "8853d66ea415326.html",
      "type" : "text/html",
      "size" : 167513
    } ],
    "parameters" : [ ],
    "stepsCount" : 2,
    "attachmentsCount" : 2,
    "shouldDisplayMessage" : true,
    "hasContent" : true
  },
  "afterStages" : [ {
    "name" : "driver::0",
    "time" : {
      "start" : 1716080757310,
      "stop" : 1716080757510,
      "duration" : 200
    },
    "status" : "passed",
    "steps" : [ ],
    "attachments" : [ {
      "uid" : "83f432eec93cc28d",
      "name" : "Screenshot 2024-05-19 01:05:57.449022",
      "source" : "83f432eec93cc28d.png",
      "type" : "image/png",
      "size" : 187204
    } ],
    "parameters" : [ ],
    "stepsCount" : 0,
    "attachmentsCount" : 1,
    "shouldDisplayMessage" : false,
    "hasContent" : true
  } ],
  "labels" : [ {
    "name" : "epic",
    "value" : "Test Specialists Page"
  }, {
    "name" : "parentSuite",
    "value" : "tests"
  }, {
    "name" : "suite",
    "value" : "specialists_page_test"
  }, {
    "name" : "subSuite",
    "value" : "TestSpecialistsPage"
  }, {
    "name" : "host",
    "value" : "fv-az774-776"
  }, {
    "name" : "thread",
    "value" : "2321-MainThread"
  }, {
    "name" : "framework",
    "value" : "pytest"
  }, {
    "name" : "language",
    "value" : "cpython3"
  }, {
    "name" : "package",
    "value" : "tests.specialists_page_test"
  }, {
    "name" : "resultFormat",
    "value" : "allure2"
  } ],
  "parameters" : [ ],
  "links" : [ ],
  "hidden" : false,
  "retry" : false,
  "extra" : {
    "severity" : "normal",
    "retries" : [ ],
    "categories" : [ {
      "name" : "Test defects",
      "matchedStatuses" : [ ],
      "flaky" : false
    } ],
    "history" : {
      "statistic" : {
        "failed" : 0,
        "broken" : 1,
        "skipped" : 0,
        "passed" : 3,
        "unknown" : 0,
        "total" : 4
      },
      "items" : [ {
        "uid" : "f4a2490dc76d0626",
        "reportUrl" : "https://lambotik.github.io/auto-tests-python/6//#testresult/f4a2490dc76d0626",
        "status" : "passed",
        "time" : {
          "start" : 1715994165443,
          "stop" : 1715994165481,
          "duration" : 38
        }
      }, {
        "uid" : "c047139ad8545d1b",
        "reportUrl" : "https://lambotik.github.io/auto-tests-python/5//#testresult/c047139ad8545d1b",
        "status" : "passed",
        "time" : {
          "start" : 1715907811612,
          "stop" : 1715907811653,
          "duration" : 41
        }
      }, {
        "uid" : "d36fa43ce0d7ea74",
        "reportUrl" : "https://lambotik.github.io/auto-tests-python/4//#testresult/d36fa43ce0d7ea74",
        "status" : "passed",
        "time" : {
          "start" : 1715821291701,
          "stop" : 1715821291742,
          "duration" : 41
        }
      } ]
    },
    "tags" : [ ]
  },
  "source" : "29846e2c38e9cdb8.json",
  "parameterValues" : [ ]
}