{
  "uid" : "112cd45c533ed38f",
  "name" : "Verify redirection to contributors page not authorized user.",
  "fullName" : "tests.main_page_test.TestMainPage#test_mp_07_verify_redirection_to_contributors_page",
  "historyId" : "7f35157222d4ee10ae03453b93f8fb17",
  "time" : {
    "start" : 1740881135117,
    "stop" : 1740881175583,
    "duration" : 40466
  },
  "status" : "broken",
  "statusMessage" : "selenium.common.exceptions.TimeoutException: Message: Can't find element by locator https://brainup.site/contributors",
  "statusTrace" : "self = <pages.main_page.MainPage object at 0x7f0e7ee90c80>\nurl = 'https://brainup.site/contributors'\n\n    def check_expected_link(self, url):\n        with allure.step(f'Check url is present: {url}'):\n            try:\n>               return Wait(self.driver, self.timeout).until(\n                    ec.url_to_be(url), message=f\"Can't find element by locator {url}\")\n\npages/base_page.py:68: \n_ _ _ _ _ _ _ _ _ _ _ _ _ _ _ _ _ _ _ _ _ _ _ _ _ _ _ _ _ _ _ _ _ _ _ _ _ _ _ _ \n\nself = <selenium.webdriver.support.wait.WebDriverWait (session=\"04ba4b9fbc924c58e61dda4a5774d8ca\")>\nmethod = <function url_to_be.<locals>._predicate at 0x7f0e7ee51940>\nmessage = \"Can't find element by locator https://brainup.site/contributors\"\n\n    def until(self, method, message: str = \"\"):\n        \"\"\"Calls the method provided with the driver as an argument until the \\\n        return value does not evaluate to ``False``.\n    \n        :param method: callable(WebDriver)\n        :param message: optional message for :exc:`TimeoutException`\n        :returns: the result of the last call to `method`\n        :raises: :exc:`selenium.common.exceptions.TimeoutException` if timeout occurs\n        \"\"\"\n        screen = None\n        stacktrace = None\n    \n        end_time = time.monotonic() + self._timeout\n        while True:\n            try:\n                value = method(self._driver)\n                if value:\n                    return value\n            except self._ignored_exceptions as exc:\n                screen = getattr(exc, \"screen\", None)\n                stacktrace = getattr(exc, \"stacktrace\", None)\n            time.sleep(self._poll)\n            if time.monotonic() > end_time:\n                break\n>       raise TimeoutException(message, screen, stacktrace)\nE       selenium.common.exceptions.TimeoutException: Message: Can't find element by locator https://brainup.site/contributors\n\n/opt/hostedtoolcache/Python/3.12.9/x64/lib/python3.12/site-packages/selenium/webdriver/support/wait.py:95: TimeoutException\n\nDuring handling of the above exception, another exception occurred:\n\nself = <tests.main_page_test.TestMainPage object at 0x7f0e7f0041a0>\ndriver = <selenium.webdriver.chrome.webdriver.WebDriver (session=\"04ba4b9fbc924c58e61dda4a5774d8ca\")>\nmain_page_open = None\n\n    @allure.title(\"Verify redirection to contributors page not authorized user.\")\n    def test_mp_07_verify_redirection_to_contributors_page(self, driver, main_page_open):\n        page = MainPage(driver)\n>       contributors_page_url = page.open_contributors_page()\n\ntests/main_page_test.py:51: \n_ _ _ _ _ _ _ _ _ _ _ _ _ _ _ _ _ _ _ _ _ _ _ _ _ _ _ _ _ _ _ _ _ _ _ _ _ _ _ _ \npages/main_page.py:61: in open_contributors_page\n    self.check_expected_link(MainPageLinks.URL_CONTRIBUTORS_PAGE)\npages/base_page.py:72: in check_expected_link\n    return Wait(self.driver, self.timeout).until(\n_ _ _ _ _ _ _ _ _ _ _ _ _ _ _ _ _ _ _ _ _ _ _ _ _ _ _ _ _ _ _ _ _ _ _ _ _ _ _ _ \n\nself = <selenium.webdriver.support.wait.WebDriverWait (session=\"04ba4b9fbc924c58e61dda4a5774d8ca\")>\nmethod = <function url_to_be.<locals>._predicate at 0x7f0e7ee50220>\nmessage = \"Can't find element by locator https://brainup.site/contributors\"\n\n    def until(self, method, message: str = \"\"):\n        \"\"\"Calls the method provided with the driver as an argument until the \\\n        return value does not evaluate to ``False``.\n    \n        :param method: callable(WebDriver)\n        :param message: optional message for :exc:`TimeoutException`\n        :returns: the result of the last call to `method`\n        :raises: :exc:`selenium.common.exceptions.TimeoutException` if timeout occurs\n        \"\"\"\n        screen = None\n        stacktrace = None\n    \n        end_time = time.monotonic() + self._timeout\n        while True:\n            try:\n                value = method(self._driver)\n                if value:\n                    return value\n            except self._ignored_exceptions as exc:\n                screen = getattr(exc, \"screen\", None)\n                stacktrace = getattr(exc, \"stacktrace\", None)\n            time.sleep(self._poll)\n            if time.monotonic() > end_time:\n                break\n>       raise TimeoutException(message, screen, stacktrace)\nE       selenium.common.exceptions.TimeoutException: Message: Can't find element by locator https://brainup.site/contributors\n\n/opt/hostedtoolcache/Python/3.12.9/x64/lib/python3.12/site-packages/selenium/webdriver/support/wait.py:95: TimeoutException",
  "flaky" : false,
  "newFailed" : false,
  "beforeStages" : [ {
    "name" : "driver",
    "time" : {
      "start" : 1740881130566,
      "stop" : 1740881131392,
      "duration" : 826
    },
    "status" : "passed",
    "steps" : [ ],
    "attachments" : [ ],
    "parameters" : [ ],
    "stepsCount" : 0,
    "attachmentsCount" : 0,
    "shouldDisplayMessage" : false,
    "hasContent" : false
  }, {
    "name" : "main_page_open",
    "time" : {
      "start" : 1740881131392,
      "stop" : 1740881135117,
      "duration" : 3725
    },
    "status" : "passed",
    "steps" : [ {
      "name" : "Open page: https://brainup.site/",
      "time" : {
        "start" : 1740881131392,
        "stop" : 1740881135117,
        "duration" : 3725
      },
      "status" : "passed",
      "steps" : [ ],
      "attachments" : [ ],
      "parameters" : [ {
        "name" : "driver",
        "value" : "<selenium.webdriver.chrome.webdriver.WebDriver (session=\"04ba4b9fbc924c58e61dda4a5774d8ca\")>"
      } ],
      "stepsCount" : 0,
      "attachmentsCount" : 0,
      "shouldDisplayMessage" : false,
      "hasContent" : true
    } ],
    "attachments" : [ ],
    "parameters" : [ ],
    "stepsCount" : 1,
    "attachmentsCount" : 0,
    "shouldDisplayMessage" : false,
    "hasContent" : true
  }, {
    "name" : "clear_allure_results_folder",
    "time" : {
      "start" : 1740880219279,
      "stop" : 1740880219280,
      "duration" : 1
    },
    "status" : "passed",
    "steps" : [ ],
    "attachments" : [ ],
    "parameters" : [ ],
    "stepsCount" : 0,
    "attachmentsCount" : 0,
    "shouldDisplayMessage" : false,
    "hasContent" : false
  } ],
  "testStage" : {
    "status" : "broken",
    "statusMessage" : "selenium.common.exceptions.TimeoutException: Message: Can't find element by locator https://brainup.site/contributors",
    "statusTrace" : "self = <pages.main_page.MainPage object at 0x7f0e7ee90c80>\nurl = 'https://brainup.site/contributors'\n\n    def check_expected_link(self, url):\n        with allure.step(f'Check url is present: {url}'):\n            try:\n>               return Wait(self.driver, self.timeout).until(\n                    ec.url_to_be(url), message=f\"Can't find element by locator {url}\")\n\npages/base_page.py:68: \n_ _ _ _ _ _ _ _ _ _ _ _ _ _ _ _ _ _ _ _ _ _ _ _ _ _ _ _ _ _ _ _ _ _ _ _ _ _ _ _ \n\nself = <selenium.webdriver.support.wait.WebDriverWait (session=\"04ba4b9fbc924c58e61dda4a5774d8ca\")>\nmethod = <function url_to_be.<locals>._predicate at 0x7f0e7ee51940>\nmessage = \"Can't find element by locator https://brainup.site/contributors\"\n\n    def until(self, method, message: str = \"\"):\n        \"\"\"Calls the method provided with the driver as an argument until the \\\n        return value does not evaluate to ``False``.\n    \n        :param method: callable(WebDriver)\n        :param message: optional message for :exc:`TimeoutException`\n        :returns: the result of the last call to `method`\n        :raises: :exc:`selenium.common.exceptions.TimeoutException` if timeout occurs\n        \"\"\"\n        screen = None\n        stacktrace = None\n    \n        end_time = time.monotonic() + self._timeout\n        while True:\n            try:\n                value = method(self._driver)\n                if value:\n                    return value\n            except self._ignored_exceptions as exc:\n                screen = getattr(exc, \"screen\", None)\n                stacktrace = getattr(exc, \"stacktrace\", None)\n            time.sleep(self._poll)\n            if time.monotonic() > end_time:\n                break\n>       raise TimeoutException(message, screen, stacktrace)\nE       selenium.common.exceptions.TimeoutException: Message: Can't find element by locator https://brainup.site/contributors\n\n/opt/hostedtoolcache/Python/3.12.9/x64/lib/python3.12/site-packages/selenium/webdriver/support/wait.py:95: TimeoutException\n\nDuring handling of the above exception, another exception occurred:\n\nself = <tests.main_page_test.TestMainPage object at 0x7f0e7f0041a0>\ndriver = <selenium.webdriver.chrome.webdriver.WebDriver (session=\"04ba4b9fbc924c58e61dda4a5774d8ca\")>\nmain_page_open = None\n\n    @allure.title(\"Verify redirection to contributors page not authorized user.\")\n    def test_mp_07_verify_redirection_to_contributors_page(self, driver, main_page_open):\n        page = MainPage(driver)\n>       contributors_page_url = page.open_contributors_page()\n\ntests/main_page_test.py:51: \n_ _ _ _ _ _ _ _ _ _ _ _ _ _ _ _ _ _ _ _ _ _ _ _ _ _ _ _ _ _ _ _ _ _ _ _ _ _ _ _ \npages/main_page.py:61: in open_contributors_page\n    self.check_expected_link(MainPageLinks.URL_CONTRIBUTORS_PAGE)\npages/base_page.py:72: in check_expected_link\n    return Wait(self.driver, self.timeout).until(\n_ _ _ _ _ _ _ _ _ _ _ _ _ _ _ _ _ _ _ _ _ _ _ _ _ _ _ _ _ _ _ _ _ _ _ _ _ _ _ _ \n\nself = <selenium.webdriver.support.wait.WebDriverWait (session=\"04ba4b9fbc924c58e61dda4a5774d8ca\")>\nmethod = <function url_to_be.<locals>._predicate at 0x7f0e7ee50220>\nmessage = \"Can't find element by locator https://brainup.site/contributors\"\n\n    def until(self, method, message: str = \"\"):\n        \"\"\"Calls the method provided with the driver as an argument until the \\\n        return value does not evaluate to ``False``.\n    \n        :param method: callable(WebDriver)\n        :param message: optional message for :exc:`TimeoutException`\n        :returns: the result of the last call to `method`\n        :raises: :exc:`selenium.common.exceptions.TimeoutException` if timeout occurs\n        \"\"\"\n        screen = None\n        stacktrace = None\n    \n        end_time = time.monotonic() + self._timeout\n        while True:\n            try:\n                value = method(self._driver)\n                if value:\n                    return value\n            except self._ignored_exceptions as exc:\n                screen = getattr(exc, \"screen\", None)\n                stacktrace = getattr(exc, \"stacktrace\", None)\n            time.sleep(self._poll)\n            if time.monotonic() > end_time:\n                break\n>       raise TimeoutException(message, screen, stacktrace)\nE       selenium.common.exceptions.TimeoutException: Message: Can't find element by locator https://brainup.site/contributors\n\n/opt/hostedtoolcache/Python/3.12.9/x64/lib/python3.12/site-packages/selenium/webdriver/support/wait.py:95: TimeoutException",
    "steps" : [ {
      "name" : "Open contributors page",
      "time" : {
        "start" : 1740881135118,
        "stop" : 1740881175583,
        "duration" : 40465
      },
      "status" : "broken",
      "statusMessage" : "selenium.common.exceptions.TimeoutException: Message: Can't find element by locator https://brainup.site/contributors\n\n",
      "statusTrace" : "  File \"/opt/hostedtoolcache/Python/3.12.9/x64/lib/python3.12/site-packages/allure_commons/_allure.py\", line 192, in impl\n    return func(*a, **kw)\n           ^^^^^^^^^^^^^^\n  File \"/home/runner/work/auto-tests-python/auto-tests-python/pages/main_page.py\", line 61, in open_contributors_page\n    self.check_expected_link(MainPageLinks.URL_CONTRIBUTORS_PAGE)\n  File \"/home/runner/work/auto-tests-python/auto-tests-python/pages/base_page.py\", line 72, in check_expected_link\n    return Wait(self.driver, self.timeout).until(\n           ^^^^^^^^^^^^^^^^^^^^^^^^^^^^^^^^^^^^^^\n  File \"/opt/hostedtoolcache/Python/3.12.9/x64/lib/python3.12/site-packages/selenium/webdriver/support/wait.py\", line 95, in until\n    raise TimeoutException(message, screen, stacktrace)\n",
      "steps" : [ {
        "name" : "Check url is present: https://brainup.site/contributors",
        "time" : {
          "start" : 1740881135310,
          "stop" : 1740881175583,
          "duration" : 40273
        },
        "status" : "broken",
        "statusMessage" : "selenium.common.exceptions.TimeoutException: Message: Can't find element by locator https://brainup.site/contributors\n\n",
        "statusTrace" : "  File \"/home/runner/work/auto-tests-python/auto-tests-python/pages/base_page.py\", line 72, in check_expected_link\n    return Wait(self.driver, self.timeout).until(\n           ^^^^^^^^^^^^^^^^^^^^^^^^^^^^^^^^^^^^^^\n  File \"/opt/hostedtoolcache/Python/3.12.9/x64/lib/python3.12/site-packages/selenium/webdriver/support/wait.py\", line 95, in until\n    raise TimeoutException(message, screen, stacktrace)\n",
        "steps" : [ ],
        "attachments" : [ ],
        "parameters" : [ ],
        "stepsCount" : 0,
        "attachmentsCount" : 0,
        "shouldDisplayMessage" : true,
        "hasContent" : true
      } ],
      "attachments" : [ ],
      "parameters" : [ ],
      "stepsCount" : 1,
      "attachmentsCount" : 0,
      "shouldDisplayMessage" : false,
      "hasContent" : true
    } ],
    "attachments" : [ {
      "uid" : "7957d7b0922569da",
      "name" : "Screenshot 2025-03-02 02:06:15.767550",
      "source" : "7957d7b0922569da.png",
      "type" : "image/png",
      "size" : 307343
    } ],
    "parameters" : [ ],
    "stepsCount" : 2,
    "attachmentsCount" : 1,
    "shouldDisplayMessage" : true,
    "hasContent" : true
  },
  "afterStages" : [ {
    "name" : "driver::0",
    "time" : {
      "start" : 1740881175769,
      "stop" : 1740881175836,
      "duration" : 67
    },
    "status" : "passed",
    "steps" : [ ],
    "attachments" : [ ],
    "parameters" : [ ],
    "stepsCount" : 0,
    "attachmentsCount" : 0,
    "shouldDisplayMessage" : false,
    "hasContent" : false
  } ],
  "labels" : [ {
    "name" : "epic",
    "value" : "Main Page."
  }, {
    "name" : "parentSuite",
    "value" : "tests"
  }, {
    "name" : "suite",
    "value" : "main_page_test"
  }, {
    "name" : "subSuite",
    "value" : "TestMainPage"
  }, {
    "name" : "host",
    "value" : "fv-az788-87"
  }, {
    "name" : "thread",
    "value" : "2408-MainThread"
  }, {
    "name" : "framework",
    "value" : "pytest"
  }, {
    "name" : "language",
    "value" : "cpython3"
  }, {
    "name" : "package",
    "value" : "tests.main_page_test"
  }, {
    "name" : "resultFormat",
    "value" : "allure2"
  } ],
  "parameters" : [ ],
  "links" : [ ],
  "hidden" : false,
  "retry" : false,
  "extra" : {
    "severity" : "normal",
    "retries" : [ ],
    "categories" : [ {
      "name" : "Test defects",
      "matchedStatuses" : [ ],
      "flaky" : false
    } ],
    "history" : {
      "statistic" : {
        "failed" : 0,
        "broken" : 69,
        "skipped" : 0,
        "passed" : 77,
        "unknown" : 0,
        "total" : 146
      },
      "items" : [ {
        "uid" : "f07853df380c9931",
        "reportUrl" : "https://lambotik.github.io/auto-tests-python/200//#testresult/f07853df380c9931",
        "status" : "broken",
        "statusDetails" : "selenium.common.exceptions.TimeoutException: Message: Can't find element by locator https://brainup.site/contributors",
        "time" : {
          "start" : 1740794782101,
          "stop" : 1740794822561,
          "duration" : 40460
        }
      }, {
        "uid" : "89c2bc2ae3d4c39a",
        "reportUrl" : "https://lambotik.github.io/auto-tests-python/199//#testresult/89c2bc2ae3d4c39a",
        "status" : "broken",
        "statusDetails" : "selenium.common.exceptions.TimeoutException: Message: Can't find element by locator https://brainup.site/contributors",
        "time" : {
          "start" : 1740708058965,
          "stop" : 1740708099440,
          "duration" : 40475
        }
      }, {
        "uid" : "e6c853ba4d2b292e",
        "reportUrl" : "https://lambotik.github.io/auto-tests-python/198//#testresult/e6c853ba4d2b292e",
        "status" : "broken",
        "statusDetails" : "selenium.common.exceptions.TimeoutException: Message: Can't find element by locator https://brainup.site/contributors",
        "time" : {
          "start" : 1740621617621,
          "stop" : 1740621658049,
          "duration" : 40428
        }
      }, {
        "uid" : "fc9c5dcdf68a3c59",
        "reportUrl" : "https://lambotik.github.io/auto-tests-python/197//#testresult/fc9c5dcdf68a3c59",
        "status" : "broken",
        "statusDetails" : "selenium.common.exceptions.TimeoutException: Message: Can't find element by locator https://brainup.site/contributors",
        "time" : {
          "start" : 1740535161739,
          "stop" : 1740535202220,
          "duration" : 40481
        }
      }, {
        "uid" : "169ae29ebb36ee9a",
        "reportUrl" : "https://lambotik.github.io/auto-tests-python/196//#testresult/169ae29ebb36ee9a",
        "status" : "broken",
        "statusDetails" : "selenium.common.exceptions.TimeoutException: Message: Can't find element by locator https://brainup.site/contributors",
        "time" : {
          "start" : 1740448812800,
          "stop" : 1740448853266,
          "duration" : 40466
        }
      }, {
        "uid" : "dc30393d7187acf5",
        "reportUrl" : "https://lambotik.github.io/auto-tests-python/195//#testresult/dc30393d7187acf5",
        "status" : "broken",
        "statusDetails" : "selenium.common.exceptions.TimeoutException: Message: Can't find element by locator https://brainup.site/contributors",
        "time" : {
          "start" : 1740362448645,
          "stop" : 1740362489166,
          "duration" : 40521
        }
      }, {
        "uid" : "b1d0371c78182d55",
        "reportUrl" : "https://lambotik.github.io/auto-tests-python/194//#testresult/b1d0371c78182d55",
        "status" : "broken",
        "statusDetails" : "selenium.common.exceptions.TimeoutException: Message: Can't find element by locator https://brainup.site/contributors",
        "time" : {
          "start" : 1740276229328,
          "stop" : 1740276269806,
          "duration" : 40478
        }
      }, {
        "uid" : "b62ed203e8c8d904",
        "reportUrl" : "https://lambotik.github.io/auto-tests-python/193//#testresult/b62ed203e8c8d904",
        "status" : "broken",
        "statusDetails" : "selenium.common.exceptions.TimeoutException: Message: Can't find element by locator https://brainup.site/contributors",
        "time" : {
          "start" : 1740189428871,
          "stop" : 1740189469294,
          "duration" : 40423
        }
      }, {
        "uid" : "131777cefa673e92",
        "reportUrl" : "https://lambotik.github.io/auto-tests-python/192//#testresult/131777cefa673e92",
        "status" : "broken",
        "statusDetails" : "selenium.common.exceptions.TimeoutException: Message: Can't find element by locator https://brainup.site/contributors",
        "time" : {
          "start" : 1740103111178,
          "stop" : 1740103151617,
          "duration" : 40439
        }
      }, {
        "uid" : "8f75b155fa14b4c0",
        "reportUrl" : "https://lambotik.github.io/auto-tests-python/191//#testresult/8f75b155fa14b4c0",
        "status" : "broken",
        "statusDetails" : "selenium.common.exceptions.TimeoutException: Message: Can't find element by locator https://brainup.site/contributors",
        "time" : {
          "start" : 1740016800572,
          "stop" : 1740016840986,
          "duration" : 40414
        }
      }, {
        "uid" : "dfef7ef060fb6f18",
        "reportUrl" : "https://lambotik.github.io/auto-tests-python/190//#testresult/dfef7ef060fb6f18",
        "status" : "broken",
        "statusDetails" : "selenium.common.exceptions.TimeoutException: Message: Can't find element by locator https://brainup.site/contributors",
        "time" : {
          "start" : 1739930267806,
          "stop" : 1739930308276,
          "duration" : 40470
        }
      }, {
        "uid" : "23861742ce8df133",
        "reportUrl" : "https://lambotik.github.io/auto-tests-python/189//#testresult/23861742ce8df133",
        "status" : "broken",
        "statusDetails" : "selenium.common.exceptions.TimeoutException: Message: Can't find element by locator https://brainup.site/contributors",
        "time" : {
          "start" : 1739843867792,
          "stop" : 1739843908247,
          "duration" : 40455
        }
      }, {
        "uid" : "f924afeb0bd41a3c",
        "reportUrl" : "https://lambotik.github.io/auto-tests-python/188//#testresult/f924afeb0bd41a3c",
        "status" : "broken",
        "statusDetails" : "selenium.common.exceptions.TimeoutException: Message: Can't find element by locator https://brainup.site/contributors",
        "time" : {
          "start" : 1739757616094,
          "stop" : 1739757656545,
          "duration" : 40451
        }
      }, {
        "uid" : "eb63956a3c252261",
        "reportUrl" : "https://lambotik.github.io/auto-tests-python/187//#testresult/eb63956a3c252261",
        "status" : "broken",
        "statusDetails" : "selenium.common.exceptions.TimeoutException: Message: Can't find element by locator https://brainup.site/contributors",
        "time" : {
          "start" : 1739671438472,
          "stop" : 1739671478942,
          "duration" : 40470
        }
      }, {
        "uid" : "d2eff3ac6f0c683a",
        "reportUrl" : "https://lambotik.github.io/auto-tests-python/186//#testresult/d2eff3ac6f0c683a",
        "status" : "broken",
        "statusDetails" : "selenium.common.exceptions.TimeoutException: Message: Can't find element by locator https://brainup.site/contributors",
        "time" : {
          "start" : 1739584554421,
          "stop" : 1739584594864,
          "duration" : 40443
        }
      }, {
        "uid" : "3b1cebd98cba7ed5",
        "reportUrl" : "https://lambotik.github.io/auto-tests-python/185//#testresult/3b1cebd98cba7ed5",
        "status" : "broken",
        "statusDetails" : "selenium.common.exceptions.TimeoutException: Message: Can't find element by locator https://brainup.site/contributors",
        "time" : {
          "start" : 1739498295950,
          "stop" : 1739498336385,
          "duration" : 40435
        }
      }, {
        "uid" : "f268230bcf09afa0",
        "reportUrl" : "https://lambotik.github.io/auto-tests-python/184//#testresult/f268230bcf09afa0",
        "status" : "broken",
        "statusDetails" : "selenium.common.exceptions.TimeoutException: Message: Can't find element by locator https://brainup.site/contributors",
        "time" : {
          "start" : 1739411881414,
          "stop" : 1739411921829,
          "duration" : 40415
        }
      }, {
        "uid" : "8c313389f2e48fbf",
        "reportUrl" : "https://lambotik.github.io/auto-tests-python/183//#testresult/8c313389f2e48fbf",
        "status" : "broken",
        "statusDetails" : "selenium.common.exceptions.TimeoutException: Message: Can't find element by locator https://brainup.site/contributors",
        "time" : {
          "start" : 1739325503339,
          "stop" : 1739325543775,
          "duration" : 40436
        }
      }, {
        "uid" : "7d4de93bcf1d9df6",
        "reportUrl" : "https://lambotik.github.io/auto-tests-python/182//#testresult/7d4de93bcf1d9df6",
        "status" : "broken",
        "statusDetails" : "selenium.common.exceptions.TimeoutException: Message: Can't find element by locator https://brainup.site/contributors",
        "time" : {
          "start" : 1739239016708,
          "stop" : 1739239057141,
          "duration" : 40433
        }
      }, {
        "uid" : "f43b5a96d0122731",
        "reportUrl" : "https://lambotik.github.io/auto-tests-python/181//#testresult/f43b5a96d0122731",
        "status" : "broken",
        "statusDetails" : "selenium.common.exceptions.TimeoutException: Message: Can't find element by locator https://brainup.site/contributors",
        "time" : {
          "start" : 1739152816841,
          "stop" : 1739152857295,
          "duration" : 40454
        }
      } ]
    },
    "tags" : [ ]
  },
  "source" : "112cd45c533ed38f.json",
  "parameterValues" : [ ]
}