{
  "uid" : "cc3ee4c132aee087",
  "name" : "Verify redirection to contacts page not authorized user.",
  "fullName" : "tests.main_page_test.TestMainPage#test_mp_04_verify_redirection_to_contacts_page",
  "historyId" : "226c874842c4733da064a7b34924af4e",
  "time" : {
    "start" : 1740881038701,
    "stop" : 1740881079168,
    "duration" : 40467
  },
  "status" : "broken",
  "statusMessage" : "selenium.common.exceptions.TimeoutException: Message: Can't find element by locator https://brainup.site/contact",
  "statusTrace" : "self = <pages.main_page.MainPage object at 0x7f0e7ee91580>\nurl = 'https://brainup.site/contact'\n\n    def check_expected_link(self, url):\n        with allure.step(f'Check url is present: {url}'):\n            try:\n>               return Wait(self.driver, self.timeout).until(\n                    ec.url_to_be(url), message=f\"Can't find element by locator {url}\")\n\npages/base_page.py:68: \n_ _ _ _ _ _ _ _ _ _ _ _ _ _ _ _ _ _ _ _ _ _ _ _ _ _ _ _ _ _ _ _ _ _ _ _ _ _ _ _ \n\nself = <selenium.webdriver.support.wait.WebDriverWait (session=\"5ae25795dc710a7bf194a59d0fc36d5d\")>\nmethod = <function url_to_be.<locals>._predicate at 0x7f0e7ee53b00>\nmessage = \"Can't find element by locator https://brainup.site/contact\"\n\n    def until(self, method, message: str = \"\"):\n        \"\"\"Calls the method provided with the driver as an argument until the \\\n        return value does not evaluate to ``False``.\n    \n        :param method: callable(WebDriver)\n        :param message: optional message for :exc:`TimeoutException`\n        :returns: the result of the last call to `method`\n        :raises: :exc:`selenium.common.exceptions.TimeoutException` if timeout occurs\n        \"\"\"\n        screen = None\n        stacktrace = None\n    \n        end_time = time.monotonic() + self._timeout\n        while True:\n            try:\n                value = method(self._driver)\n                if value:\n                    return value\n            except self._ignored_exceptions as exc:\n                screen = getattr(exc, \"screen\", None)\n                stacktrace = getattr(exc, \"stacktrace\", None)\n            time.sleep(self._poll)\n            if time.monotonic() > end_time:\n                break\n>       raise TimeoutException(message, screen, stacktrace)\nE       selenium.common.exceptions.TimeoutException: Message: Can't find element by locator https://brainup.site/contact\n\n/opt/hostedtoolcache/Python/3.12.9/x64/lib/python3.12/site-packages/selenium/webdriver/support/wait.py:95: TimeoutException\n\nDuring handling of the above exception, another exception occurred:\n\nself = <tests.main_page_test.TestMainPage object at 0x7f0e7f317c20>\ndriver = <selenium.webdriver.chrome.webdriver.WebDriver (session=\"5ae25795dc710a7bf194a59d0fc36d5d\")>\nmain_page_open = None\n\n    @allure.title(\"Verify redirection to contacts page not authorized user.\")\n    def test_mp_04_verify_redirection_to_contacts_page(self, driver, main_page_open):\n        page = MainPage(driver)\n>       contacts_page_url = page.open_contacts_page()\n\ntests/main_page_test.py:31: \n_ _ _ _ _ _ _ _ _ _ _ _ _ _ _ _ _ _ _ _ _ _ _ _ _ _ _ _ _ _ _ _ _ _ _ _ _ _ _ _ \npages/main_page.py:36: in open_contacts_page\n    self.check_expected_link(MainPageLinks.URL_CONTACTS_PAGE)\npages/base_page.py:72: in check_expected_link\n    return Wait(self.driver, self.timeout).until(\n_ _ _ _ _ _ _ _ _ _ _ _ _ _ _ _ _ _ _ _ _ _ _ _ _ _ _ _ _ _ _ _ _ _ _ _ _ _ _ _ \n\nself = <selenium.webdriver.support.wait.WebDriverWait (session=\"5ae25795dc710a7bf194a59d0fc36d5d\")>\nmethod = <function url_to_be.<locals>._predicate at 0x7f0e7ee53c40>\nmessage = \"Can't find element by locator https://brainup.site/contact\"\n\n    def until(self, method, message: str = \"\"):\n        \"\"\"Calls the method provided with the driver as an argument until the \\\n        return value does not evaluate to ``False``.\n    \n        :param method: callable(WebDriver)\n        :param message: optional message for :exc:`TimeoutException`\n        :returns: the result of the last call to `method`\n        :raises: :exc:`selenium.common.exceptions.TimeoutException` if timeout occurs\n        \"\"\"\n        screen = None\n        stacktrace = None\n    \n        end_time = time.monotonic() + self._timeout\n        while True:\n            try:\n                value = method(self._driver)\n                if value:\n                    return value\n            except self._ignored_exceptions as exc:\n                screen = getattr(exc, \"screen\", None)\n                stacktrace = getattr(exc, \"stacktrace\", None)\n            time.sleep(self._poll)\n            if time.monotonic() > end_time:\n                break\n>       raise TimeoutException(message, screen, stacktrace)\nE       selenium.common.exceptions.TimeoutException: Message: Can't find element by locator https://brainup.site/contact\n\n/opt/hostedtoolcache/Python/3.12.9/x64/lib/python3.12/site-packages/selenium/webdriver/support/wait.py:95: TimeoutException",
  "flaky" : false,
  "newFailed" : false,
  "beforeStages" : [ {
    "name" : "main_page_open",
    "time" : {
      "start" : 1740881034825,
      "stop" : 1740881038701,
      "duration" : 3876
    },
    "status" : "passed",
    "steps" : [ {
      "name" : "Open page: https://brainup.site/",
      "time" : {
        "start" : 1740881034826,
        "stop" : 1740881038701,
        "duration" : 3875
      },
      "status" : "passed",
      "steps" : [ ],
      "attachments" : [ ],
      "parameters" : [ {
        "name" : "driver",
        "value" : "<selenium.webdriver.chrome.webdriver.WebDriver (session=\"5ae25795dc710a7bf194a59d0fc36d5d\")>"
      } ],
      "stepsCount" : 0,
      "attachmentsCount" : 0,
      "shouldDisplayMessage" : false,
      "hasContent" : true
    } ],
    "attachments" : [ ],
    "parameters" : [ ],
    "stepsCount" : 1,
    "attachmentsCount" : 0,
    "shouldDisplayMessage" : false,
    "hasContent" : true
  }, {
    "name" : "driver",
    "time" : {
      "start" : 1740881034010,
      "stop" : 1740881034825,
      "duration" : 815
    },
    "status" : "passed",
    "steps" : [ ],
    "attachments" : [ ],
    "parameters" : [ ],
    "stepsCount" : 0,
    "attachmentsCount" : 0,
    "shouldDisplayMessage" : false,
    "hasContent" : false
  }, {
    "name" : "clear_allure_results_folder",
    "time" : {
      "start" : 1740880219279,
      "stop" : 1740880219280,
      "duration" : 1
    },
    "status" : "passed",
    "steps" : [ ],
    "attachments" : [ ],
    "parameters" : [ ],
    "stepsCount" : 0,
    "attachmentsCount" : 0,
    "shouldDisplayMessage" : false,
    "hasContent" : false
  } ],
  "testStage" : {
    "status" : "broken",
    "statusMessage" : "selenium.common.exceptions.TimeoutException: Message: Can't find element by locator https://brainup.site/contact",
    "statusTrace" : "self = <pages.main_page.MainPage object at 0x7f0e7ee91580>\nurl = 'https://brainup.site/contact'\n\n    def check_expected_link(self, url):\n        with allure.step(f'Check url is present: {url}'):\n            try:\n>               return Wait(self.driver, self.timeout).until(\n                    ec.url_to_be(url), message=f\"Can't find element by locator {url}\")\n\npages/base_page.py:68: \n_ _ _ _ _ _ _ _ _ _ _ _ _ _ _ _ _ _ _ _ _ _ _ _ _ _ _ _ _ _ _ _ _ _ _ _ _ _ _ _ \n\nself = <selenium.webdriver.support.wait.WebDriverWait (session=\"5ae25795dc710a7bf194a59d0fc36d5d\")>\nmethod = <function url_to_be.<locals>._predicate at 0x7f0e7ee53b00>\nmessage = \"Can't find element by locator https://brainup.site/contact\"\n\n    def until(self, method, message: str = \"\"):\n        \"\"\"Calls the method provided with the driver as an argument until the \\\n        return value does not evaluate to ``False``.\n    \n        :param method: callable(WebDriver)\n        :param message: optional message for :exc:`TimeoutException`\n        :returns: the result of the last call to `method`\n        :raises: :exc:`selenium.common.exceptions.TimeoutException` if timeout occurs\n        \"\"\"\n        screen = None\n        stacktrace = None\n    \n        end_time = time.monotonic() + self._timeout\n        while True:\n            try:\n                value = method(self._driver)\n                if value:\n                    return value\n            except self._ignored_exceptions as exc:\n                screen = getattr(exc, \"screen\", None)\n                stacktrace = getattr(exc, \"stacktrace\", None)\n            time.sleep(self._poll)\n            if time.monotonic() > end_time:\n                break\n>       raise TimeoutException(message, screen, stacktrace)\nE       selenium.common.exceptions.TimeoutException: Message: Can't find element by locator https://brainup.site/contact\n\n/opt/hostedtoolcache/Python/3.12.9/x64/lib/python3.12/site-packages/selenium/webdriver/support/wait.py:95: TimeoutException\n\nDuring handling of the above exception, another exception occurred:\n\nself = <tests.main_page_test.TestMainPage object at 0x7f0e7f317c20>\ndriver = <selenium.webdriver.chrome.webdriver.WebDriver (session=\"5ae25795dc710a7bf194a59d0fc36d5d\")>\nmain_page_open = None\n\n    @allure.title(\"Verify redirection to contacts page not authorized user.\")\n    def test_mp_04_verify_redirection_to_contacts_page(self, driver, main_page_open):\n        page = MainPage(driver)\n>       contacts_page_url = page.open_contacts_page()\n\ntests/main_page_test.py:31: \n_ _ _ _ _ _ _ _ _ _ _ _ _ _ _ _ _ _ _ _ _ _ _ _ _ _ _ _ _ _ _ _ _ _ _ _ _ _ _ _ \npages/main_page.py:36: in open_contacts_page\n    self.check_expected_link(MainPageLinks.URL_CONTACTS_PAGE)\npages/base_page.py:72: in check_expected_link\n    return Wait(self.driver, self.timeout).until(\n_ _ _ _ _ _ _ _ _ _ _ _ _ _ _ _ _ _ _ _ _ _ _ _ _ _ _ _ _ _ _ _ _ _ _ _ _ _ _ _ \n\nself = <selenium.webdriver.support.wait.WebDriverWait (session=\"5ae25795dc710a7bf194a59d0fc36d5d\")>\nmethod = <function url_to_be.<locals>._predicate at 0x7f0e7ee53c40>\nmessage = \"Can't find element by locator https://brainup.site/contact\"\n\n    def until(self, method, message: str = \"\"):\n        \"\"\"Calls the method provided with the driver as an argument until the \\\n        return value does not evaluate to ``False``.\n    \n        :param method: callable(WebDriver)\n        :param message: optional message for :exc:`TimeoutException`\n        :returns: the result of the last call to `method`\n        :raises: :exc:`selenium.common.exceptions.TimeoutException` if timeout occurs\n        \"\"\"\n        screen = None\n        stacktrace = None\n    \n        end_time = time.monotonic() + self._timeout\n        while True:\n            try:\n                value = method(self._driver)\n                if value:\n                    return value\n            except self._ignored_exceptions as exc:\n                screen = getattr(exc, \"screen\", None)\n                stacktrace = getattr(exc, \"stacktrace\", None)\n            time.sleep(self._poll)\n            if time.monotonic() > end_time:\n                break\n>       raise TimeoutException(message, screen, stacktrace)\nE       selenium.common.exceptions.TimeoutException: Message: Can't find element by locator https://brainup.site/contact\n\n/opt/hostedtoolcache/Python/3.12.9/x64/lib/python3.12/site-packages/selenium/webdriver/support/wait.py:95: TimeoutException",
    "steps" : [ {
      "name" : "Open contacts page",
      "time" : {
        "start" : 1740881038701,
        "stop" : 1740881079168,
        "duration" : 40467
      },
      "status" : "broken",
      "statusMessage" : "selenium.common.exceptions.TimeoutException: Message: Can't find element by locator https://brainup.site/contact\n\n",
      "statusTrace" : "  File \"/opt/hostedtoolcache/Python/3.12.9/x64/lib/python3.12/site-packages/allure_commons/_allure.py\", line 192, in impl\n    return func(*a, **kw)\n           ^^^^^^^^^^^^^^\n  File \"/home/runner/work/auto-tests-python/auto-tests-python/pages/main_page.py\", line 36, in open_contacts_page\n    self.check_expected_link(MainPageLinks.URL_CONTACTS_PAGE)\n  File \"/home/runner/work/auto-tests-python/auto-tests-python/pages/base_page.py\", line 72, in check_expected_link\n    return Wait(self.driver, self.timeout).until(\n           ^^^^^^^^^^^^^^^^^^^^^^^^^^^^^^^^^^^^^^\n  File \"/opt/hostedtoolcache/Python/3.12.9/x64/lib/python3.12/site-packages/selenium/webdriver/support/wait.py\", line 95, in until\n    raise TimeoutException(message, screen, stacktrace)\n",
      "steps" : [ {
        "name" : "Check url is present: https://brainup.site/contact",
        "time" : {
          "start" : 1740881038891,
          "stop" : 1740881079167,
          "duration" : 40276
        },
        "status" : "broken",
        "statusMessage" : "selenium.common.exceptions.TimeoutException: Message: Can't find element by locator https://brainup.site/contact\n\n",
        "statusTrace" : "  File \"/home/runner/work/auto-tests-python/auto-tests-python/pages/base_page.py\", line 72, in check_expected_link\n    return Wait(self.driver, self.timeout).until(\n           ^^^^^^^^^^^^^^^^^^^^^^^^^^^^^^^^^^^^^^\n  File \"/opt/hostedtoolcache/Python/3.12.9/x64/lib/python3.12/site-packages/selenium/webdriver/support/wait.py\", line 95, in until\n    raise TimeoutException(message, screen, stacktrace)\n",
        "steps" : [ ],
        "attachments" : [ ],
        "parameters" : [ ],
        "stepsCount" : 0,
        "attachmentsCount" : 0,
        "shouldDisplayMessage" : true,
        "hasContent" : true
      } ],
      "attachments" : [ ],
      "parameters" : [ ],
      "stepsCount" : 1,
      "attachmentsCount" : 0,
      "shouldDisplayMessage" : false,
      "hasContent" : true
    } ],
    "attachments" : [ {
      "uid" : "f4f33c6c18a3498",
      "name" : "Screenshot 2025-03-02 02:04:39.273760",
      "source" : "f4f33c6c18a3498.png",
      "type" : "image/png",
      "size" : 66624
    } ],
    "parameters" : [ ],
    "stepsCount" : 2,
    "attachmentsCount" : 1,
    "shouldDisplayMessage" : true,
    "hasContent" : true
  },
  "afterStages" : [ {
    "name" : "driver::0",
    "time" : {
      "start" : 1740881079275,
      "stop" : 1740881079340,
      "duration" : 65
    },
    "status" : "passed",
    "steps" : [ ],
    "attachments" : [ ],
    "parameters" : [ ],
    "stepsCount" : 0,
    "attachmentsCount" : 0,
    "shouldDisplayMessage" : false,
    "hasContent" : false
  } ],
  "labels" : [ {
    "name" : "epic",
    "value" : "Main Page."
  }, {
    "name" : "parentSuite",
    "value" : "tests"
  }, {
    "name" : "suite",
    "value" : "main_page_test"
  }, {
    "name" : "subSuite",
    "value" : "TestMainPage"
  }, {
    "name" : "host",
    "value" : "fv-az788-87"
  }, {
    "name" : "thread",
    "value" : "2408-MainThread"
  }, {
    "name" : "framework",
    "value" : "pytest"
  }, {
    "name" : "language",
    "value" : "cpython3"
  }, {
    "name" : "package",
    "value" : "tests.main_page_test"
  }, {
    "name" : "resultFormat",
    "value" : "allure2"
  } ],
  "parameters" : [ ],
  "links" : [ ],
  "hidden" : false,
  "retry" : false,
  "extra" : {
    "severity" : "normal",
    "retries" : [ ],
    "categories" : [ {
      "name" : "Test defects",
      "matchedStatuses" : [ ],
      "flaky" : false
    } ],
    "history" : {
      "statistic" : {
        "failed" : 0,
        "broken" : 68,
        "skipped" : 0,
        "passed" : 78,
        "unknown" : 0,
        "total" : 146
      },
      "items" : [ {
        "uid" : "4b325dbd4bcec966",
        "reportUrl" : "https://lambotik.github.io/auto-tests-python/200//#testresult/4b325dbd4bcec966",
        "status" : "broken",
        "statusDetails" : "selenium.common.exceptions.TimeoutException: Message: Can't find element by locator https://brainup.site/contact",
        "time" : {
          "start" : 1740794686815,
          "stop" : 1740794727290,
          "duration" : 40475
        }
      }, {
        "uid" : "4bbb0609f0e8fabe",
        "reportUrl" : "https://lambotik.github.io/auto-tests-python/199//#testresult/4bbb0609f0e8fabe",
        "status" : "broken",
        "statusDetails" : "selenium.common.exceptions.TimeoutException: Message: Can't find element by locator https://brainup.site/contact",
        "time" : {
          "start" : 1740707962440,
          "stop" : 1740708002932,
          "duration" : 40492
        }
      }, {
        "uid" : "7399cac9469d1880",
        "reportUrl" : "https://lambotik.github.io/auto-tests-python/198//#testresult/7399cac9469d1880",
        "status" : "broken",
        "statusDetails" : "selenium.common.exceptions.TimeoutException: Message: Can't find element by locator https://brainup.site/contact",
        "time" : {
          "start" : 1740621522247,
          "stop" : 1740621562677,
          "duration" : 40430
        }
      }, {
        "uid" : "231657da077cba8a",
        "reportUrl" : "https://lambotik.github.io/auto-tests-python/197//#testresult/231657da077cba8a",
        "status" : "broken",
        "statusDetails" : "selenium.common.exceptions.TimeoutException: Message: Can't find element by locator https://brainup.site/contact",
        "time" : {
          "start" : 1740535066718,
          "stop" : 1740535107176,
          "duration" : 40458
        }
      }, {
        "uid" : "30d3c9539f6b25c9",
        "reportUrl" : "https://lambotik.github.io/auto-tests-python/196//#testresult/30d3c9539f6b25c9",
        "status" : "broken",
        "statusDetails" : "selenium.common.exceptions.TimeoutException: Message: Can't find element by locator https://brainup.site/contact",
        "time" : {
          "start" : 1740448716392,
          "stop" : 1740448756858,
          "duration" : 40466
        }
      }, {
        "uid" : "2e01ea18b88e1223",
        "reportUrl" : "https://lambotik.github.io/auto-tests-python/195//#testresult/2e01ea18b88e1223",
        "status" : "broken",
        "statusDetails" : "selenium.common.exceptions.TimeoutException: Message: Can't find element by locator https://brainup.site/contact",
        "time" : {
          "start" : 1740362353203,
          "stop" : 1740362393687,
          "duration" : 40484
        }
      }, {
        "uid" : "516cab51b500f178",
        "reportUrl" : "https://lambotik.github.io/auto-tests-python/194//#testresult/516cab51b500f178",
        "status" : "broken",
        "statusDetails" : "selenium.common.exceptions.TimeoutException: Message: Can't find element by locator https://brainup.site/contact",
        "time" : {
          "start" : 1740276133950,
          "stop" : 1740276174454,
          "duration" : 40504
        }
      }, {
        "uid" : "195aca8754ca5b36",
        "reportUrl" : "https://lambotik.github.io/auto-tests-python/193//#testresult/195aca8754ca5b36",
        "status" : "broken",
        "statusDetails" : "selenium.common.exceptions.TimeoutException: Message: Can't find element by locator https://brainup.site/contact",
        "time" : {
          "start" : 1740189329282,
          "stop" : 1740189369731,
          "duration" : 40449
        }
      }, {
        "uid" : "d329a87f1315b497",
        "reportUrl" : "https://lambotik.github.io/auto-tests-python/192//#testresult/d329a87f1315b497",
        "status" : "broken",
        "statusDetails" : "selenium.common.exceptions.TimeoutException: Message: Can't find element by locator https://brainup.site/contact",
        "time" : {
          "start" : 1740103016350,
          "stop" : 1740103056828,
          "duration" : 40478
        }
      }, {
        "uid" : "b1001cf0984fe2d0",
        "reportUrl" : "https://lambotik.github.io/auto-tests-python/191//#testresult/b1001cf0984fe2d0",
        "status" : "broken",
        "statusDetails" : "selenium.common.exceptions.TimeoutException: Message: Can't find element by locator https://brainup.site/contact",
        "time" : {
          "start" : 1740016699268,
          "stop" : 1740016739725,
          "duration" : 40457
        }
      }, {
        "uid" : "7aac24c3952e9978",
        "reportUrl" : "https://lambotik.github.io/auto-tests-python/190//#testresult/7aac24c3952e9978",
        "status" : "broken",
        "statusDetails" : "selenium.common.exceptions.TimeoutException: Message: Can't find element by locator https://brainup.site/contact",
        "time" : {
          "start" : 1739930172494,
          "stop" : 1739930212959,
          "duration" : 40465
        }
      }, {
        "uid" : "38e83e56b33d8356",
        "reportUrl" : "https://lambotik.github.io/auto-tests-python/189//#testresult/38e83e56b33d8356",
        "status" : "broken",
        "statusDetails" : "selenium.common.exceptions.TimeoutException: Message: Can't find element by locator https://brainup.site/contact",
        "time" : {
          "start" : 1739843771595,
          "stop" : 1739843812059,
          "duration" : 40464
        }
      }, {
        "uid" : "b1dfe82fb4371e01",
        "reportUrl" : "https://lambotik.github.io/auto-tests-python/188//#testresult/b1dfe82fb4371e01",
        "status" : "broken",
        "statusDetails" : "selenium.common.exceptions.TimeoutException: Message: Can't find element by locator https://brainup.site/contact",
        "time" : {
          "start" : 1739757521232,
          "stop" : 1739757561658,
          "duration" : 40426
        }
      }, {
        "uid" : "8f51688630d92264",
        "reportUrl" : "https://lambotik.github.io/auto-tests-python/187//#testresult/8f51688630d92264",
        "status" : "broken",
        "statusDetails" : "selenium.common.exceptions.TimeoutException: Message: Can't find element by locator https://brainup.site/contact",
        "time" : {
          "start" : 1739671343164,
          "stop" : 1739671383651,
          "duration" : 40487
        }
      }, {
        "uid" : "7d2156bc9a6ea9bb",
        "reportUrl" : "https://lambotik.github.io/auto-tests-python/186//#testresult/7d2156bc9a6ea9bb",
        "status" : "broken",
        "statusDetails" : "selenium.common.exceptions.TimeoutException: Message: Can't find element by locator https://brainup.site/contact",
        "time" : {
          "start" : 1739584459116,
          "stop" : 1739584499552,
          "duration" : 40436
        }
      }, {
        "uid" : "91c5b72ce3edd3a6",
        "reportUrl" : "https://lambotik.github.io/auto-tests-python/185//#testresult/91c5b72ce3edd3a6",
        "status" : "broken",
        "statusDetails" : "selenium.common.exceptions.TimeoutException: Message: Can't find element by locator https://brainup.site/contact",
        "time" : {
          "start" : 1739498197074,
          "stop" : 1739498237529,
          "duration" : 40455
        }
      }, {
        "uid" : "bef630c5894d0322",
        "reportUrl" : "https://lambotik.github.io/auto-tests-python/184//#testresult/bef630c5894d0322",
        "status" : "broken",
        "statusDetails" : "selenium.common.exceptions.TimeoutException: Message: Can't find element by locator https://brainup.site/contact",
        "time" : {
          "start" : 1739411785457,
          "stop" : 1739411825920,
          "duration" : 40463
        }
      }, {
        "uid" : "39fc742ddb6679eb",
        "reportUrl" : "https://lambotik.github.io/auto-tests-python/183//#testresult/39fc742ddb6679eb",
        "status" : "broken",
        "statusDetails" : "selenium.common.exceptions.TimeoutException: Message: Can't find element by locator https://brainup.site/contact",
        "time" : {
          "start" : 1739325404886,
          "stop" : 1739325445297,
          "duration" : 40411
        }
      }, {
        "uid" : "b4c8c297a35c23b5",
        "reportUrl" : "https://lambotik.github.io/auto-tests-python/182//#testresult/b4c8c297a35c23b5",
        "status" : "broken",
        "statusDetails" : "selenium.common.exceptions.TimeoutException: Message: Can't find element by locator https://brainup.site/contact",
        "time" : {
          "start" : 1739238921362,
          "stop" : 1739238961769,
          "duration" : 40407
        }
      }, {
        "uid" : "76fe1f2276a86218",
        "reportUrl" : "https://lambotik.github.io/auto-tests-python/181//#testresult/76fe1f2276a86218",
        "status" : "broken",
        "statusDetails" : "selenium.common.exceptions.TimeoutException: Message: Can't find element by locator https://brainup.site/contact",
        "time" : {
          "start" : 1739152717001,
          "stop" : 1739152757461,
          "duration" : 40460
        }
      } ]
    },
    "tags" : [ ]
  },
  "source" : "cc3ee4c132aee087.json",
  "parameterValues" : [ ]
}