{
  "uid" : "e9d581abafbff63e",
  "name" : "Verify values of the text in card descriptions",
  "fullName" : "tests.contributors_page_test.TestContributorsPageText#test_cnp_02_04_verify_text_of_card_descriptions",
  "historyId" : "5d4e7ac22a6f34d3c7b45f7b2c907a8b",
  "time" : {
    "start" : 1739843067771,
    "stop" : 1739843068207,
    "duration" : 436
  },
  "status" : "failed",
  "statusMessage" : "AssertionError: Text in descriptions is absent or mismatches valid count\nassert 70 == 67\n +  where 67 = ContributorsPageData.description_count",
  "statusTrace" : "self = <tests.contributors_page_test.TestContributorsPage.TestContributorsPageText object at 0x7fbf38fb2ff0>\ndriver = <selenium.webdriver.chrome.webdriver.WebDriver (session=\"f0169777527fc0dc7a35f2719cbd3586\")>\ncontributors_page_open = None\n\n    @allure.title(\"Verify values of the text in card descriptions\")\n    def test_cnp_02_04_verify_text_of_card_descriptions(self, driver, contributors_page_open):\n        page = ContributorsPage(driver)\n        description_values = page.check_values_of_card_descriptions()\n>       assert description_values == ContributorsPageData.description_count, \\\n            \"Text in descriptions is absent or mismatches valid count\"\nE       AssertionError: Text in descriptions is absent or mismatches valid count\nE       assert 70 == 67\nE        +  where 67 = ContributorsPageData.description_count\n\ntests/contributors_page_test.py:100: AssertionError",
  "flaky" : false,
  "newFailed" : false,
  "beforeStages" : [ {
    "name" : "driver",
    "time" : {
      "start" : 1739843063322,
      "stop" : 1739843064147,
      "duration" : 825
    },
    "status" : "passed",
    "steps" : [ ],
    "attachments" : [ ],
    "parameters" : [ ],
    "stepsCount" : 0,
    "attachmentsCount" : 0,
    "shouldDisplayMessage" : false,
    "hasContent" : false
  }, {
    "name" : "clear_allure_results_folder",
    "time" : {
      "start" : 1739842921582,
      "stop" : 1739842921582,
      "duration" : 0
    },
    "status" : "passed",
    "steps" : [ ],
    "attachments" : [ ],
    "parameters" : [ ],
    "stepsCount" : 0,
    "attachmentsCount" : 0,
    "shouldDisplayMessage" : false,
    "hasContent" : false
  }, {
    "name" : "contributors_page_open",
    "time" : {
      "start" : 1739843064147,
      "stop" : 1739843067771,
      "duration" : 3624
    },
    "status" : "passed",
    "steps" : [ {
      "name" : "Open page: https://brainup.site/contributors",
      "time" : {
        "start" : 1739843064147,
        "stop" : 1739843067771,
        "duration" : 3624
      },
      "status" : "passed",
      "steps" : [ ],
      "attachments" : [ ],
      "parameters" : [ {
        "name" : "driver",
        "value" : "<selenium.webdriver.chrome.webdriver.WebDriver (session=\"f0169777527fc0dc7a35f2719cbd3586\")>"
      } ],
      "stepsCount" : 0,
      "attachmentsCount" : 0,
      "shouldDisplayMessage" : false,
      "hasContent" : true
    } ],
    "attachments" : [ ],
    "parameters" : [ ],
    "stepsCount" : 1,
    "attachmentsCount" : 0,
    "shouldDisplayMessage" : false,
    "hasContent" : true
  } ],
  "testStage" : {
    "status" : "failed",
    "statusMessage" : "AssertionError: Text in descriptions is absent or mismatches valid count\nassert 70 == 67\n +  where 67 = ContributorsPageData.description_count",
    "statusTrace" : "self = <tests.contributors_page_test.TestContributorsPage.TestContributorsPageText object at 0x7fbf38fb2ff0>\ndriver = <selenium.webdriver.chrome.webdriver.WebDriver (session=\"f0169777527fc0dc7a35f2719cbd3586\")>\ncontributors_page_open = None\n\n    @allure.title(\"Verify values of the text in card descriptions\")\n    def test_cnp_02_04_verify_text_of_card_descriptions(self, driver, contributors_page_open):\n        page = ContributorsPage(driver)\n        description_values = page.check_values_of_card_descriptions()\n>       assert description_values == ContributorsPageData.description_count, \\\n            \"Text in descriptions is absent or mismatches valid count\"\nE       AssertionError: Text in descriptions is absent or mismatches valid count\nE       assert 70 == 67\nE        +  where 67 = ContributorsPageData.description_count\n\ntests/contributors_page_test.py:100: AssertionError",
    "steps" : [ {
      "name" : "Check the content of descriptions in cards",
      "time" : {
        "start" : 1739843067771,
        "stop" : 1739843068207,
        "duration" : 436
      },
      "status" : "passed",
      "steps" : [ {
        "name" : "Get the list of descriptions in cards on the 4th level of nesting on the page",
        "time" : {
          "start" : 1739843067772,
          "stop" : 1739843067783,
          "duration" : 11
        },
        "status" : "passed",
        "steps" : [ ],
        "attachments" : [ ],
        "parameters" : [ ],
        "stepsCount" : 0,
        "attachmentsCount" : 0,
        "shouldDisplayMessage" : false,
        "hasContent" : false
      } ],
      "attachments" : [ ],
      "parameters" : [ ],
      "stepsCount" : 1,
      "attachmentsCount" : 0,
      "shouldDisplayMessage" : false,
      "hasContent" : true
    } ],
    "attachments" : [ {
      "uid" : "46826500b046e9d6",
      "name" : "Screenshot 2025-02-18 01:44:28.493702",
      "source" : "46826500b046e9d6.png",
      "type" : "image/png",
      "size" : 307343
    } ],
    "parameters" : [ ],
    "stepsCount" : 2,
    "attachmentsCount" : 1,
    "shouldDisplayMessage" : true,
    "hasContent" : true
  },
  "afterStages" : [ {
    "name" : "driver::0",
    "time" : {
      "start" : 1739843068495,
      "stop" : 1739843068557,
      "duration" : 62
    },
    "status" : "passed",
    "steps" : [ ],
    "attachments" : [ ],
    "parameters" : [ ],
    "stepsCount" : 0,
    "attachmentsCount" : 0,
    "shouldDisplayMessage" : false,
    "hasContent" : false
  } ],
  "labels" : [ {
    "name" : "epic",
    "value" : "The Contributors Page"
  }, {
    "name" : "parentSuite",
    "value" : "tests"
  }, {
    "name" : "suite",
    "value" : "contributors_page_test"
  }, {
    "name" : "subSuite",
    "value" : "TestContributorsPage"
  }, {
    "name" : "host",
    "value" : "fv-az1042-735"
  }, {
    "name" : "thread",
    "value" : "2430-MainThread"
  }, {
    "name" : "framework",
    "value" : "pytest"
  }, {
    "name" : "language",
    "value" : "cpython3"
  }, {
    "name" : "package",
    "value" : "tests.contributors_page_test"
  }, {
    "name" : "resultFormat",
    "value" : "allure2"
  } ],
  "parameters" : [ ],
  "links" : [ ],
  "hidden" : false,
  "retry" : false,
  "extra" : {
    "severity" : "normal",
    "retries" : [ ],
    "categories" : [ {
      "name" : "Product defects",
      "matchedStatuses" : [ ],
      "flaky" : false
    } ],
    "history" : {
      "statistic" : {
        "failed" : 87,
        "broken" : 4,
        "skipped" : 0,
        "passed" : 43,
        "unknown" : 0,
        "total" : 134
      },
      "items" : [ {
        "uid" : "ce4c4e22849e24c9",
        "reportUrl" : "https://lambotik.github.io/auto-tests-python/188//#testresult/ce4c4e22849e24c9",
        "status" : "failed",
        "statusDetails" : "AssertionError: Text in descriptions is absent or mismatches valid count\nassert 70 == 67\n +  where 67 = ContributorsPageData.description_count",
        "time" : {
          "start" : 1739756846152,
          "stop" : 1739756846569,
          "duration" : 417
        }
      }, {
        "uid" : "23e134272bdf088e",
        "reportUrl" : "https://lambotik.github.io/auto-tests-python/187//#testresult/23e134272bdf088e",
        "status" : "failed",
        "statusDetails" : "AssertionError: Text in descriptions is absent or mismatches valid count\nassert 70 == 67\n +  where 67 = ContributorsPageData.description_count",
        "time" : {
          "start" : 1739670659902,
          "stop" : 1739670660333,
          "duration" : 431
        }
      }, {
        "uid" : "d1e00dec90eedd41",
        "reportUrl" : "https://lambotik.github.io/auto-tests-python/186//#testresult/d1e00dec90eedd41",
        "status" : "failed",
        "statusDetails" : "AssertionError: Text in descriptions is absent or mismatches valid count\nassert 70 == 67\n +  where 67 = ContributorsPageData.description_count",
        "time" : {
          "start" : 1739583776690,
          "stop" : 1739583777104,
          "duration" : 414
        }
      }, {
        "uid" : "2a54dc77e9f5823b",
        "reportUrl" : "https://lambotik.github.io/auto-tests-python/185//#testresult/2a54dc77e9f5823b",
        "status" : "failed",
        "statusDetails" : "AssertionError: Text in descriptions is absent or mismatches valid count\nassert 70 == 67\n +  where 67 = ContributorsPageData.description_count",
        "time" : {
          "start" : 1739497455820,
          "stop" : 1739497456243,
          "duration" : 423
        }
      }, {
        "uid" : "9091fba6b6399ce6",
        "reportUrl" : "https://lambotik.github.io/auto-tests-python/184//#testresult/9091fba6b6399ce6",
        "status" : "failed",
        "statusDetails" : "AssertionError: Text in descriptions is absent or mismatches valid count\nassert 70 == 67\n +  where 67 = ContributorsPageData.description_count",
        "time" : {
          "start" : 1739411084678,
          "stop" : 1739411085103,
          "duration" : 425
        }
      }, {
        "uid" : "888a9a172b75d69d",
        "reportUrl" : "https://lambotik.github.io/auto-tests-python/183//#testresult/888a9a172b75d69d",
        "status" : "failed",
        "statusDetails" : "AssertionError: Text in descriptions is absent or mismatches valid count\nassert 70 == 67\n +  where 67 = ContributorsPageData.description_count",
        "time" : {
          "start" : 1739324664553,
          "stop" : 1739324665005,
          "duration" : 452
        }
      }, {
        "uid" : "95a0147310ea8d49",
        "reportUrl" : "https://lambotik.github.io/auto-tests-python/182//#testresult/95a0147310ea8d49",
        "status" : "failed",
        "statusDetails" : "AssertionError: Text in descriptions is absent or mismatches valid count\nassert 70 == 67\n +  where 67 = ContributorsPageData.description_count",
        "time" : {
          "start" : 1739238239570,
          "stop" : 1739238239982,
          "duration" : 412
        }
      }, {
        "uid" : "180ae51dae55cb69",
        "reportUrl" : "https://lambotik.github.io/auto-tests-python/181//#testresult/180ae51dae55cb69",
        "status" : "failed",
        "statusDetails" : "AssertionError: Text in descriptions is absent or mismatches valid count\nassert 70 == 67\n +  where 67 = ContributorsPageData.description_count",
        "time" : {
          "start" : 1739151958636,
          "stop" : 1739151959095,
          "duration" : 459
        }
      }, {
        "uid" : "e6aba1f08fbbbde9",
        "reportUrl" : "https://lambotik.github.io/auto-tests-python/180//#testresult/e6aba1f08fbbbde9",
        "status" : "failed",
        "statusDetails" : "AssertionError: Text in descriptions is absent or mismatches valid count\nassert 70 == 67\n +  where 67 = ContributorsPageData.description_count",
        "time" : {
          "start" : 1739065674730,
          "stop" : 1739065675137,
          "duration" : 407
        }
      }, {
        "uid" : "51c2febee8cfc1ea",
        "reportUrl" : "https://lambotik.github.io/auto-tests-python/179//#testresult/51c2febee8cfc1ea",
        "status" : "failed",
        "statusDetails" : "AssertionError: Text in descriptions is absent or mismatches valid count\nassert 70 == 67\n +  where 67 = ContributorsPageData.description_count",
        "time" : {
          "start" : 1738978841638,
          "stop" : 1738978842061,
          "duration" : 423
        }
      }, {
        "uid" : "13f496f62ed71eb8",
        "reportUrl" : "https://lambotik.github.io/auto-tests-python/178//#testresult/13f496f62ed71eb8",
        "status" : "failed",
        "statusDetails" : "AssertionError: Text in descriptions is absent or mismatches valid count\nassert 70 == 67\n +  where 67 = ContributorsPageData.description_count",
        "time" : {
          "start" : 1738892641643,
          "stop" : 1738892642074,
          "duration" : 431
        }
      }, {
        "uid" : "de7f9c1f3f911e36",
        "reportUrl" : "https://lambotik.github.io/auto-tests-python/177//#testresult/de7f9c1f3f911e36",
        "status" : "failed",
        "statusDetails" : "AssertionError: Text in descriptions is absent or mismatches valid count\nassert 70 == 67\n +  where 67 = ContributorsPageData.description_count",
        "time" : {
          "start" : 1738806228138,
          "stop" : 1738806228560,
          "duration" : 422
        }
      }, {
        "uid" : "6319557d1084038a",
        "reportUrl" : "https://lambotik.github.io/auto-tests-python/176//#testresult/6319557d1084038a",
        "status" : "failed",
        "statusDetails" : "AssertionError: Text in descriptions is absent or mismatches valid count\nassert 70 == 67\n +  where 67 = ContributorsPageData.description_count",
        "time" : {
          "start" : 1738719847776,
          "stop" : 1738719848200,
          "duration" : 424
        }
      }, {
        "uid" : "e3d0bfbbfc47152b",
        "reportUrl" : "https://lambotik.github.io/auto-tests-python/175//#testresult/e3d0bfbbfc47152b",
        "status" : "failed",
        "statusDetails" : "AssertionError: Text in descriptions is absent or mismatches valid count\nassert 70 == 67\n +  where 67 = ContributorsPageData.description_count",
        "time" : {
          "start" : 1738633360792,
          "stop" : 1738633361217,
          "duration" : 425
        }
      }, {
        "uid" : "a0ef61debb49acbf",
        "reportUrl" : "https://lambotik.github.io/auto-tests-python/174//#testresult/a0ef61debb49acbf",
        "status" : "failed",
        "statusDetails" : "AssertionError: Text in descriptions is absent or mismatches valid count\nassert 70 == 67\n +  where 67 = ContributorsPageData.description_count",
        "time" : {
          "start" : 1738547048977,
          "stop" : 1738547049424,
          "duration" : 447
        }
      }, {
        "uid" : "b4e610499c9df1ed",
        "reportUrl" : "https://lambotik.github.io/auto-tests-python/173//#testresult/b4e610499c9df1ed",
        "status" : "failed",
        "statusDetails" : "AssertionError: Text in descriptions is absent or mismatches valid count\nassert 70 == 67\n +  where 67 = ContributorsPageData.description_count",
        "time" : {
          "start" : 1738460775603,
          "stop" : 1738460776033,
          "duration" : 430
        }
      }, {
        "uid" : "386345c5c8910554",
        "reportUrl" : "https://lambotik.github.io/auto-tests-python/172//#testresult/386345c5c8910554",
        "status" : "failed",
        "statusDetails" : "AssertionError: Text in descriptions is absent or mismatches valid count\nassert 70 == 67\n +  where 67 = ContributorsPageData.description_count",
        "time" : {
          "start" : 1738374450535,
          "stop" : 1738374450904,
          "duration" : 369
        }
      }, {
        "uid" : "e0f299af02c698a1",
        "reportUrl" : "https://lambotik.github.io/auto-tests-python/170//#testresult/e0f299af02c698a1",
        "status" : "failed",
        "statusDetails" : "AssertionError: Text in descriptions is absent or mismatches valid count\nassert 70 == 67\n +  where 67 = ContributorsPageData.description_count",
        "time" : {
          "start" : 1738201296518,
          "stop" : 1738201296934,
          "duration" : 416
        }
      }, {
        "uid" : "c0465f49c6e469ec",
        "reportUrl" : "https://lambotik.github.io/auto-tests-python/169//#testresult/c0465f49c6e469ec",
        "status" : "failed",
        "statusDetails" : "AssertionError: Text in descriptions is absent or mismatches valid count\nassert 70 == 67\n +  where 67 = ContributorsPageData.description_count",
        "time" : {
          "start" : 1738114906871,
          "stop" : 1738114907307,
          "duration" : 436
        }
      }, {
        "uid" : "c27f5292cf6611fa",
        "reportUrl" : "https://lambotik.github.io/auto-tests-python/168//#testresult/c27f5292cf6611fa",
        "status" : "failed",
        "statusDetails" : "AssertionError: Text in descriptions is absent or mismatches valid count\nassert 70 == 67\n +  where 67 = ContributorsPageData.description_count",
        "time" : {
          "start" : 1738028524609,
          "stop" : 1738028525038,
          "duration" : 429
        }
      } ]
    },
    "tags" : [ ]
  },
  "source" : "e9d581abafbff63e.json",
  "parameterValues" : [ ]
}