{
  "uid" : "4d54a94f6c268254",
  "name" : "Verify the composition and visibility of elements \n            on the 1st-4th levels of nesting on the page",
  "fullName" : "tests.used_resources_page_test.TestUsedResourcesPageForAuthorizedUserStructure#test_ur_01_02_verify_page_structure_and_visibility",
  "historyId" : "79ca640f0f95669d07af44bde4d0db4c",
  "time" : {
    "start" : 1737166120423,
    "stop" : 1737166120423,
    "duration" : 0
  },
  "status" : "broken",
  "statusMessage" : "selenium.common.exceptions.TimeoutException: Message: Can't find element by locator https://brainup.site/groups",
  "statusTrace" : "self = <pages.base_page.BasePage object at 0x7fdca03dd160>\nurl = 'https://brainup.site/groups'\n\n    def check_expected_link(self, url):\n        with allure.step(f'Check url is present: {url}'):\n            try:\n>               return Wait(self.driver, self.timeout).until(\n                    ec.url_to_be(url), message=f\"Can't find element by locator {url}\")\n\npages/base_page.py:68: \n_ _ _ _ _ _ _ _ _ _ _ _ _ _ _ _ _ _ _ _ _ _ _ _ _ _ _ _ _ _ _ _ _ _ _ _ _ _ _ _ \n\nself = <selenium.webdriver.support.wait.WebDriverWait (session=\"85b7c7fb24cf42e2493446463d3aac67\")>\nmethod = <function url_to_be.<locals>._predicate at 0x7fdca0426e80>\nmessage = \"Can't find element by locator https://brainup.site/groups\"\n\n    def until(self, method, message: str = \"\"):\n        \"\"\"Calls the method provided with the driver as an argument until the \\\n        return value does not evaluate to ``False``.\n    \n        :param method: callable(WebDriver)\n        :param message: optional message for :exc:`TimeoutException`\n        :returns: the result of the last call to `method`\n        :raises: :exc:`selenium.common.exceptions.TimeoutException` if timeout occurs\n        \"\"\"\n        screen = None\n        stacktrace = None\n    \n        end_time = time.monotonic() + self._timeout\n        while True:\n            try:\n                value = method(self._driver)\n                if value:\n                    return value\n            except self._ignored_exceptions as exc:\n                screen = getattr(exc, \"screen\", None)\n                stacktrace = getattr(exc, \"stacktrace\", None)\n            time.sleep(self._poll)\n            if time.monotonic() > end_time:\n                break\n>       raise TimeoutException(message, screen, stacktrace)\nE       selenium.common.exceptions.TimeoutException: Message: Can't find element by locator https://brainup.site/groups\n\n/opt/hostedtoolcache/Python/3.12.8/x64/lib/python3.12/site-packages/selenium/webdriver/support/wait.py:95: TimeoutException\n\nDuring handling of the above exception, another exception occurred:\n\ndriver = <selenium.webdriver.chrome.webdriver.WebDriver (session=\"85b7c7fb24cf42e2493446463d3aac67\")>\nmain_page_open = None\n\n    @pytest.fixture()\n    @allure.step('Auto test user authorized')\n    def auto_test_user_authorized(driver, main_page_open):\n        page = BasePage(driver)\n        page.element_is_present_and_clickable(MainPageLocators.LOGIN_BUTTON).click()\n        page.element_is_visible(LoginPageLocators.INPUT_LOGIN).send_keys(os.environ[\"LOGIN\"])\n        page.element_is_visible(LoginPageLocators.INPUT_PASSWORD).send_keys(os.environ[\"PASSWORD\"])\n        page.element_is_present_and_clickable(LoginPageLocators.SIGN_IN_BUTTON).click()\n>       page.check_expected_link(MainPageLinks.URL_GROUPS_PAGE)\n\ntests/conftest.py:71: \n_ _ _ _ _ _ _ _ _ _ _ _ _ _ _ _ _ _ _ _ _ _ _ _ _ _ _ _ _ _ _ _ _ _ _ _ _ _ _ _ \npages/base_page.py:72: in check_expected_link\n    return Wait(self.driver, self.timeout).until(\n_ _ _ _ _ _ _ _ _ _ _ _ _ _ _ _ _ _ _ _ _ _ _ _ _ _ _ _ _ _ _ _ _ _ _ _ _ _ _ _ \n\nself = <selenium.webdriver.support.wait.WebDriverWait (session=\"85b7c7fb24cf42e2493446463d3aac67\")>\nmethod = <function url_to_be.<locals>._predicate at 0x7fdca0426ac0>\nmessage = \"Can't find element by locator https://brainup.site/groups\"\n\n    def until(self, method, message: str = \"\"):\n        \"\"\"Calls the method provided with the driver as an argument until the \\\n        return value does not evaluate to ``False``.\n    \n        :param method: callable(WebDriver)\n        :param message: optional message for :exc:`TimeoutException`\n        :returns: the result of the last call to `method`\n        :raises: :exc:`selenium.common.exceptions.TimeoutException` if timeout occurs\n        \"\"\"\n        screen = None\n        stacktrace = None\n    \n        end_time = time.monotonic() + self._timeout\n        while True:\n            try:\n                value = method(self._driver)\n                if value:\n                    return value\n            except self._ignored_exceptions as exc:\n                screen = getattr(exc, \"screen\", None)\n                stacktrace = getattr(exc, \"stacktrace\", None)\n            time.sleep(self._poll)\n            if time.monotonic() > end_time:\n                break\n>       raise TimeoutException(message, screen, stacktrace)\nE       selenium.common.exceptions.TimeoutException: Message: Can't find element by locator https://brainup.site/groups\n\n/opt/hostedtoolcache/Python/3.12.8/x64/lib/python3.12/site-packages/selenium/webdriver/support/wait.py:95: TimeoutException",
  "flaky" : false,
  "newFailed" : false,
  "beforeStages" : [ {
    "name" : "auto_test_user_authorized",
    "time" : {
      "start" : 1737166124215,
      "stop" : 1737166164851,
      "duration" : 40636
    },
    "status" : "broken",
    "statusMessage" : "selenium.common.exceptions.TimeoutException: Message: Can't find element by locator https://brainup.site/groups\n\n",
    "statusTrace" : "  File \"/opt/hostedtoolcache/Python/3.12.8/x64/lib/python3.12/site-packages/pluggy/_callers.py\", line 103, in _multicall\n    res = hook_impl.function(*args)\n          ^^^^^^^^^^^^^^^^^^^^^^^^^\n  File \"/opt/hostedtoolcache/Python/3.12.8/x64/lib/python3.12/site-packages/_pytest/fixtures.py\", line 1123, in pytest_fixture_setup\n    result = call_fixture_func(fixturefunc, request, kwargs)\n             ^^^^^^^^^^^^^^^^^^^^^^^^^^^^^^^^^^^^^^^^^^^^^^^\n  File \"/opt/hostedtoolcache/Python/3.12.8/x64/lib/python3.12/site-packages/_pytest/fixtures.py\", line 902, in call_fixture_func\n    fixture_result = fixturefunc(**kwargs)\n                     ^^^^^^^^^^^^^^^^^^^^^\n  File \"/opt/hostedtoolcache/Python/3.12.8/x64/lib/python3.12/site-packages/allure_commons/_allure.py\", line 192, in impl\n    return func(*a, **kw)\n           ^^^^^^^^^^^^^^\n  File \"/home/runner/work/auto-tests-python/auto-tests-python/tests/conftest.py\", line 71, in auto_test_user_authorized\n    page.check_expected_link(MainPageLinks.URL_GROUPS_PAGE)\n  File \"/home/runner/work/auto-tests-python/auto-tests-python/pages/base_page.py\", line 72, in check_expected_link\n    return Wait(self.driver, self.timeout).until(\n           ^^^^^^^^^^^^^^^^^^^^^^^^^^^^^^^^^^^^^^\n  File \"/opt/hostedtoolcache/Python/3.12.8/x64/lib/python3.12/site-packages/selenium/webdriver/support/wait.py\", line 95, in until\n    raise TimeoutException(message, screen, stacktrace)\n",
    "steps" : [ {
      "name" : "Auto test user authorized",
      "time" : {
        "start" : 1737166124215,
        "stop" : 1737166164851,
        "duration" : 40636
      },
      "status" : "broken",
      "statusMessage" : "selenium.common.exceptions.TimeoutException: Message: Can't find element by locator https://brainup.site/groups\n\n",
      "statusTrace" : "  File \"/opt/hostedtoolcache/Python/3.12.8/x64/lib/python3.12/site-packages/allure_commons/_allure.py\", line 192, in impl\n    return func(*a, **kw)\n           ^^^^^^^^^^^^^^\n  File \"/home/runner/work/auto-tests-python/auto-tests-python/tests/conftest.py\", line 71, in auto_test_user_authorized\n    page.check_expected_link(MainPageLinks.URL_GROUPS_PAGE)\n  File \"/home/runner/work/auto-tests-python/auto-tests-python/pages/base_page.py\", line 72, in check_expected_link\n    return Wait(self.driver, self.timeout).until(\n           ^^^^^^^^^^^^^^^^^^^^^^^^^^^^^^^^^^^^^^\n  File \"/opt/hostedtoolcache/Python/3.12.8/x64/lib/python3.12/site-packages/selenium/webdriver/support/wait.py\", line 95, in until\n    raise TimeoutException(message, screen, stacktrace)\n",
      "steps" : [ {
        "name" : "Check url is present: https://brainup.site/groups",
        "time" : {
          "start" : 1737166124575,
          "stop" : 1737166164850,
          "duration" : 40275
        },
        "status" : "broken",
        "statusMessage" : "selenium.common.exceptions.TimeoutException: Message: Can't find element by locator https://brainup.site/groups\n\n",
        "statusTrace" : "  File \"/home/runner/work/auto-tests-python/auto-tests-python/pages/base_page.py\", line 72, in check_expected_link\n    return Wait(self.driver, self.timeout).until(\n           ^^^^^^^^^^^^^^^^^^^^^^^^^^^^^^^^^^^^^^\n  File \"/opt/hostedtoolcache/Python/3.12.8/x64/lib/python3.12/site-packages/selenium/webdriver/support/wait.py\", line 95, in until\n    raise TimeoutException(message, screen, stacktrace)\n",
        "steps" : [ ],
        "attachments" : [ ],
        "parameters" : [ ],
        "stepsCount" : 0,
        "attachmentsCount" : 0,
        "shouldDisplayMessage" : true,
        "hasContent" : true
      } ],
      "attachments" : [ ],
      "parameters" : [ {
        "name" : "driver",
        "value" : "<selenium.webdriver.chrome.webdriver.WebDriver (session=\"85b7c7fb24cf42e2493446463d3aac67\")>"
      }, {
        "name" : "main_page_open",
        "value" : "None"
      } ],
      "stepsCount" : 1,
      "attachmentsCount" : 0,
      "shouldDisplayMessage" : false,
      "hasContent" : true
    } ],
    "attachments" : [ ],
    "parameters" : [ ],
    "stepsCount" : 2,
    "attachmentsCount" : 0,
    "shouldDisplayMessage" : false,
    "hasContent" : true
  }, {
    "name" : "driver",
    "time" : {
      "start" : 1737166120423,
      "stop" : 1737166121187,
      "duration" : 764
    },
    "status" : "passed",
    "steps" : [ ],
    "attachments" : [ ],
    "parameters" : [ ],
    "stepsCount" : 0,
    "attachmentsCount" : 0,
    "shouldDisplayMessage" : false,
    "hasContent" : false
  }, {
    "name" : "main_page_open",
    "time" : {
      "start" : 1737166121187,
      "stop" : 1737166124215,
      "duration" : 3028
    },
    "status" : "passed",
    "steps" : [ {
      "name" : "Open page: https://brainup.site/",
      "time" : {
        "start" : 1737166121187,
        "stop" : 1737166124215,
        "duration" : 3028
      },
      "status" : "passed",
      "steps" : [ ],
      "attachments" : [ ],
      "parameters" : [ {
        "name" : "driver",
        "value" : "<selenium.webdriver.chrome.webdriver.WebDriver (session=\"85b7c7fb24cf42e2493446463d3aac67\")>"
      } ],
      "stepsCount" : 0,
      "attachmentsCount" : 0,
      "shouldDisplayMessage" : false,
      "hasContent" : true
    } ],
    "attachments" : [ ],
    "parameters" : [ ],
    "stepsCount" : 1,
    "attachmentsCount" : 0,
    "shouldDisplayMessage" : false,
    "hasContent" : true
  }, {
    "name" : "clear_allure_results_folder",
    "time" : {
      "start" : 1737164209432,
      "stop" : 1737164209432,
      "duration" : 0
    },
    "status" : "passed",
    "steps" : [ ],
    "attachments" : [ ],
    "parameters" : [ ],
    "stepsCount" : 0,
    "attachmentsCount" : 0,
    "shouldDisplayMessage" : false,
    "hasContent" : false
  } ],
  "afterStages" : [ {
    "name" : "driver::0",
    "time" : {
      "start" : 1737166164864,
      "stop" : 1737166164943,
      "duration" : 79
    },
    "status" : "passed",
    "steps" : [ ],
    "attachments" : [ ],
    "parameters" : [ ],
    "stepsCount" : 0,
    "attachmentsCount" : 0,
    "shouldDisplayMessage" : false,
    "hasContent" : false
  } ],
  "labels" : [ {
    "name" : "epic",
    "value" : "Test Used Resources Page"
  }, {
    "name" : "parentSuite",
    "value" : "tests"
  }, {
    "name" : "suite",
    "value" : "used_resources_page_test"
  }, {
    "name" : "subSuite",
    "value" : "TestUsedResourcesPage"
  }, {
    "name" : "host",
    "value" : "fv-az1340-73"
  }, {
    "name" : "thread",
    "value" : "2400-MainThread"
  }, {
    "name" : "framework",
    "value" : "pytest"
  }, {
    "name" : "language",
    "value" : "cpython3"
  }, {
    "name" : "package",
    "value" : "tests.used_resources_page_test"
  }, {
    "name" : "resultFormat",
    "value" : "allure2"
  } ],
  "parameters" : [ ],
  "links" : [ ],
  "hidden" : false,
  "retry" : false,
  "extra" : {
    "severity" : "normal",
    "retries" : [ ],
    "categories" : [ {
      "name" : "Test defects",
      "matchedStatuses" : [ ],
      "flaky" : false
    } ],
    "history" : {
      "statistic" : {
        "failed" : 0,
        "broken" : 27,
        "skipped" : 0,
        "passed" : 47,
        "unknown" : 0,
        "total" : 74
      },
      "items" : [ {
        "uid" : "f36fb43e396b721d",
        "reportUrl" : "https://lambotik.github.io/auto-tests-python/157//#testresult/f36fb43e396b721d",
        "status" : "broken",
        "statusDetails" : "selenium.common.exceptions.TimeoutException: Message: Can't find element by locator https://brainup.site/groups",
        "time" : {
          "start" : 1737079860399,
          "stop" : 1737079860399,
          "duration" : 0
        }
      }, {
        "uid" : "d934124c1b4047c1",
        "reportUrl" : "https://lambotik.github.io/auto-tests-python/156//#testresult/d934124c1b4047c1",
        "status" : "broken",
        "statusDetails" : "selenium.common.exceptions.TimeoutException: Message: Can't find element by locator https://brainup.site/groups",
        "time" : {
          "start" : 1736993641715,
          "stop" : 1736993641715,
          "duration" : 0
        }
      }, {
        "uid" : "1748bf5f54fbfcce",
        "reportUrl" : "https://lambotik.github.io/auto-tests-python/155//#testresult/1748bf5f54fbfcce",
        "status" : "broken",
        "statusDetails" : "selenium.common.exceptions.TimeoutException: Message: Can't find element by locator https://brainup.site/groups",
        "time" : {
          "start" : 1736907176490,
          "stop" : 1736907176490,
          "duration" : 0
        }
      }, {
        "uid" : "53a9a0a2705d83be",
        "reportUrl" : "https://lambotik.github.io/auto-tests-python/154//#testresult/53a9a0a2705d83be",
        "status" : "broken",
        "statusDetails" : "selenium.common.exceptions.TimeoutException: Message: Can't find element by locator https://brainup.site/groups",
        "time" : {
          "start" : 1736820820448,
          "stop" : 1736820820448,
          "duration" : 0
        }
      }, {
        "uid" : "8a425258e97586a8",
        "reportUrl" : "https://lambotik.github.io/auto-tests-python/153//#testresult/8a425258e97586a8",
        "status" : "broken",
        "statusDetails" : "selenium.common.exceptions.TimeoutException: Message: Can't find element by locator https://brainup.site/groups",
        "time" : {
          "start" : 1736734776513,
          "stop" : 1736734776513,
          "duration" : 0
        }
      }, {
        "uid" : "8f1d6ec8c1db48bc",
        "reportUrl" : "https://lambotik.github.io/auto-tests-python/152//#testresult/8f1d6ec8c1db48bc",
        "status" : "broken",
        "statusDetails" : "selenium.common.exceptions.TimeoutException: Message: Can't find element by locator https://brainup.site/groups",
        "time" : {
          "start" : 1736648769066,
          "stop" : 1736648769066,
          "duration" : 0
        }
      }, {
        "uid" : "495c6eaf0b52bc49",
        "reportUrl" : "https://lambotik.github.io/auto-tests-python/151//#testresult/495c6eaf0b52bc49",
        "status" : "broken",
        "statusDetails" : "selenium.common.exceptions.TimeoutException: Message: Can't find element by locator https://brainup.site/groups",
        "time" : {
          "start" : 1736561733046,
          "stop" : 1736561733046,
          "duration" : 0
        }
      }, {
        "uid" : "7b0a6eb6736625ad",
        "reportUrl" : "https://lambotik.github.io/auto-tests-python/150//#testresult/7b0a6eb6736625ad",
        "status" : "broken",
        "statusDetails" : "selenium.common.exceptions.TimeoutException: Message: Can't find element by locator https://brainup.site/groups",
        "time" : {
          "start" : 1736475422348,
          "stop" : 1736475422348,
          "duration" : 0
        }
      }, {
        "uid" : "14a8f957b6a98dc9",
        "reportUrl" : "https://lambotik.github.io/auto-tests-python/149//#testresult/14a8f957b6a98dc9",
        "status" : "broken",
        "statusDetails" : "selenium.common.exceptions.TimeoutException: Message: Can't find element by locator https://brainup.site/groups",
        "time" : {
          "start" : 1736390497945,
          "stop" : 1736390497945,
          "duration" : 0
        }
      }, {
        "uid" : "de579289c985b1c9",
        "reportUrl" : "https://lambotik.github.io/auto-tests-python/148//#testresult/de579289c985b1c9",
        "status" : "broken",
        "statusDetails" : "selenium.common.exceptions.TimeoutException: Message: Can't find element by locator https://brainup.site/groups",
        "time" : {
          "start" : 1736302542017,
          "stop" : 1736302542017,
          "duration" : 0
        }
      }, {
        "uid" : "8117d400d79976c6",
        "reportUrl" : "https://lambotik.github.io/auto-tests-python/147//#testresult/8117d400d79976c6",
        "status" : "broken",
        "statusDetails" : "selenium.common.exceptions.TimeoutException: Message: Can't find element by locator https://brainup.site/groups",
        "time" : {
          "start" : 1736216118539,
          "stop" : 1736216118539,
          "duration" : 0
        }
      }, {
        "uid" : "9bfa21314cd20b6d",
        "reportUrl" : "https://lambotik.github.io/auto-tests-python/146//#testresult/9bfa21314cd20b6d",
        "status" : "broken",
        "statusDetails" : "selenium.common.exceptions.TimeoutException: Message: Can't find element by locator https://brainup.site/groups",
        "time" : {
          "start" : 1736129943613,
          "stop" : 1736129943613,
          "duration" : 0
        }
      }, {
        "uid" : "2e41c51fb11c08ff",
        "reportUrl" : "https://lambotik.github.io/auto-tests-python/145//#testresult/2e41c51fb11c08ff",
        "status" : "broken",
        "statusDetails" : "selenium.common.exceptions.TimeoutException: Message: Can't find element by locator https://brainup.site/groups",
        "time" : {
          "start" : 1736043716492,
          "stop" : 1736043716492,
          "duration" : 0
        }
      }, {
        "uid" : "8fc3b6249f9714d7",
        "reportUrl" : "https://lambotik.github.io/auto-tests-python/144//#testresult/8fc3b6249f9714d7",
        "status" : "broken",
        "statusDetails" : "selenium.common.exceptions.TimeoutException: Message: Can't find element by locator https://brainup.site/groups",
        "time" : {
          "start" : 1735956904363,
          "stop" : 1735956904363,
          "duration" : 0
        }
      }, {
        "uid" : "67f6071a97a60cfd",
        "reportUrl" : "https://lambotik.github.io/auto-tests-python/143//#testresult/67f6071a97a60cfd",
        "status" : "broken",
        "statusDetails" : "selenium.common.exceptions.TimeoutException: Message: Can't find element by locator https://brainup.site/groups",
        "time" : {
          "start" : 1735870529896,
          "stop" : 1735870529896,
          "duration" : 0
        }
      }, {
        "uid" : "cf06f0fa7a1f39c5",
        "reportUrl" : "https://lambotik.github.io/auto-tests-python/142//#testresult/cf06f0fa7a1f39c5",
        "status" : "broken",
        "statusDetails" : "selenium.common.exceptions.TimeoutException: Message: Can't find element by locator https://brainup.site/groups",
        "time" : {
          "start" : 1735784073820,
          "stop" : 1735784073820,
          "duration" : 0
        }
      }, {
        "uid" : "1e23688ec80818e5",
        "reportUrl" : "https://lambotik.github.io/auto-tests-python/141//#testresult/1e23688ec80818e5",
        "status" : "broken",
        "statusDetails" : "selenium.common.exceptions.TimeoutException: Message: Can't find element by locator https://brainup.site/groups",
        "time" : {
          "start" : 1735698109133,
          "stop" : 1735698109133,
          "duration" : 0
        }
      }, {
        "uid" : "d2b63047a2872240",
        "reportUrl" : "https://lambotik.github.io/auto-tests-python/140//#testresult/d2b63047a2872240",
        "status" : "broken",
        "statusDetails" : "selenium.common.exceptions.TimeoutException: Message: Can't find element by locator https://brainup.site/groups",
        "time" : {
          "start" : 1735611417515,
          "stop" : 1735611417515,
          "duration" : 0
        }
      }, {
        "uid" : "242565b0b3789a3d",
        "reportUrl" : "https://lambotik.github.io/auto-tests-python/139//#testresult/242565b0b3789a3d",
        "status" : "broken",
        "statusDetails" : "selenium.common.exceptions.TimeoutException: Message: Can't find element by locator https://brainup.site/groups",
        "time" : {
          "start" : 1735525097784,
          "stop" : 1735525097784,
          "duration" : 0
        }
      }, {
        "uid" : "b294f786071b3cc",
        "reportUrl" : "https://lambotik.github.io/auto-tests-python/138//#testresult/b294f786071b3cc",
        "status" : "broken",
        "statusDetails" : "selenium.common.exceptions.TimeoutException: Message: Can't find element by locator https://brainup.site/groups",
        "time" : {
          "start" : 1735438955723,
          "stop" : 1735438955723,
          "duration" : 0
        }
      } ]
    },
    "tags" : [ ]
  },
  "source" : "4d54a94f6c268254.json",
  "parameterValues" : [ ]
}