{
  "uid" : "c9248e727c666a84",
  "name" : "Verify redirection to contacts page not authorized user.",
  "fullName" : "tests.main_page_test.TestMainPage#test_mp_04_verify_redirection_to_contacts_page",
  "historyId" : "226c874842c4733da064a7b34924af4e",
  "time" : {
    "start" : 1737164991458,
    "stop" : 1737165031915,
    "duration" : 40457
  },
  "status" : "broken",
  "statusMessage" : "selenium.common.exceptions.TimeoutException: Message: Can't find element by locator https://brainup.site/contact",
  "statusTrace" : "self = <pages.main_page.MainPage object at 0x7fdca03ddc70>\nurl = 'https://brainup.site/contact'\n\n    def check_expected_link(self, url):\n        with allure.step(f'Check url is present: {url}'):\n            try:\n>               return Wait(self.driver, self.timeout).until(\n                    ec.url_to_be(url), message=f\"Can't find element by locator {url}\")\n\npages/base_page.py:68: \n_ _ _ _ _ _ _ _ _ _ _ _ _ _ _ _ _ _ _ _ _ _ _ _ _ _ _ _ _ _ _ _ _ _ _ _ _ _ _ _ \n\nself = <selenium.webdriver.support.wait.WebDriverWait (session=\"fdf201f831f6bbac9833e448fe474b36\")>\nmethod = <function url_to_be.<locals>._predicate at 0x7fdca03c3740>\nmessage = \"Can't find element by locator https://brainup.site/contact\"\n\n    def until(self, method, message: str = \"\"):\n        \"\"\"Calls the method provided with the driver as an argument until the \\\n        return value does not evaluate to ``False``.\n    \n        :param method: callable(WebDriver)\n        :param message: optional message for :exc:`TimeoutException`\n        :returns: the result of the last call to `method`\n        :raises: :exc:`selenium.common.exceptions.TimeoutException` if timeout occurs\n        \"\"\"\n        screen = None\n        stacktrace = None\n    \n        end_time = time.monotonic() + self._timeout\n        while True:\n            try:\n                value = method(self._driver)\n                if value:\n                    return value\n            except self._ignored_exceptions as exc:\n                screen = getattr(exc, \"screen\", None)\n                stacktrace = getattr(exc, \"stacktrace\", None)\n            time.sleep(self._poll)\n            if time.monotonic() > end_time:\n                break\n>       raise TimeoutException(message, screen, stacktrace)\nE       selenium.common.exceptions.TimeoutException: Message: Can't find element by locator https://brainup.site/contact\n\n/opt/hostedtoolcache/Python/3.12.8/x64/lib/python3.12/site-packages/selenium/webdriver/support/wait.py:95: TimeoutException\n\nDuring handling of the above exception, another exception occurred:\n\nself = <tests.main_page_test.TestMainPage object at 0x7fdca0558050>\ndriver = <selenium.webdriver.chrome.webdriver.WebDriver (session=\"fdf201f831f6bbac9833e448fe474b36\")>\nmain_page_open = None\n\n    @allure.title(\"Verify redirection to contacts page not authorized user.\")\n    def test_mp_04_verify_redirection_to_contacts_page(self, driver, main_page_open):\n        page = MainPage(driver)\n>       contacts_page_url = page.open_contacts_page()\n\ntests/main_page_test.py:31: \n_ _ _ _ _ _ _ _ _ _ _ _ _ _ _ _ _ _ _ _ _ _ _ _ _ _ _ _ _ _ _ _ _ _ _ _ _ _ _ _ \npages/main_page.py:36: in open_contacts_page\n    self.check_expected_link(MainPageLinks.URL_CONTACTS_PAGE)\npages/base_page.py:72: in check_expected_link\n    return Wait(self.driver, self.timeout).until(\n_ _ _ _ _ _ _ _ _ _ _ _ _ _ _ _ _ _ _ _ _ _ _ _ _ _ _ _ _ _ _ _ _ _ _ _ _ _ _ _ \n\nself = <selenium.webdriver.support.wait.WebDriverWait (session=\"fdf201f831f6bbac9833e448fe474b36\")>\nmethod = <function url_to_be.<locals>._predicate at 0x7fdca03c3880>\nmessage = \"Can't find element by locator https://brainup.site/contact\"\n\n    def until(self, method, message: str = \"\"):\n        \"\"\"Calls the method provided with the driver as an argument until the \\\n        return value does not evaluate to ``False``.\n    \n        :param method: callable(WebDriver)\n        :param message: optional message for :exc:`TimeoutException`\n        :returns: the result of the last call to `method`\n        :raises: :exc:`selenium.common.exceptions.TimeoutException` if timeout occurs\n        \"\"\"\n        screen = None\n        stacktrace = None\n    \n        end_time = time.monotonic() + self._timeout\n        while True:\n            try:\n                value = method(self._driver)\n                if value:\n                    return value\n            except self._ignored_exceptions as exc:\n                screen = getattr(exc, \"screen\", None)\n                stacktrace = getattr(exc, \"stacktrace\", None)\n            time.sleep(self._poll)\n            if time.monotonic() > end_time:\n                break\n>       raise TimeoutException(message, screen, stacktrace)\nE       selenium.common.exceptions.TimeoutException: Message: Can't find element by locator https://brainup.site/contact\n\n/opt/hostedtoolcache/Python/3.12.8/x64/lib/python3.12/site-packages/selenium/webdriver/support/wait.py:95: TimeoutException",
  "flaky" : false,
  "newFailed" : false,
  "beforeStages" : [ {
    "name" : "main_page_open",
    "time" : {
      "start" : 1737164988174,
      "stop" : 1737164991458,
      "duration" : 3284
    },
    "status" : "passed",
    "steps" : [ {
      "name" : "Open page: https://brainup.site/",
      "time" : {
        "start" : 1737164988174,
        "stop" : 1737164991458,
        "duration" : 3284
      },
      "status" : "passed",
      "steps" : [ ],
      "attachments" : [ ],
      "parameters" : [ {
        "name" : "driver",
        "value" : "<selenium.webdriver.chrome.webdriver.WebDriver (session=\"fdf201f831f6bbac9833e448fe474b36\")>"
      } ],
      "stepsCount" : 0,
      "attachmentsCount" : 0,
      "shouldDisplayMessage" : false,
      "hasContent" : true
    } ],
    "attachments" : [ ],
    "parameters" : [ ],
    "stepsCount" : 1,
    "attachmentsCount" : 0,
    "shouldDisplayMessage" : false,
    "hasContent" : true
  }, {
    "name" : "driver",
    "time" : {
      "start" : 1737164987422,
      "stop" : 1737164988174,
      "duration" : 752
    },
    "status" : "passed",
    "steps" : [ ],
    "attachments" : [ ],
    "parameters" : [ ],
    "stepsCount" : 0,
    "attachmentsCount" : 0,
    "shouldDisplayMessage" : false,
    "hasContent" : false
  }, {
    "name" : "clear_allure_results_folder",
    "time" : {
      "start" : 1737164209432,
      "stop" : 1737164209432,
      "duration" : 0
    },
    "status" : "passed",
    "steps" : [ ],
    "attachments" : [ ],
    "parameters" : [ ],
    "stepsCount" : 0,
    "attachmentsCount" : 0,
    "shouldDisplayMessage" : false,
    "hasContent" : false
  } ],
  "testStage" : {
    "status" : "broken",
    "statusMessage" : "selenium.common.exceptions.TimeoutException: Message: Can't find element by locator https://brainup.site/contact",
    "statusTrace" : "self = <pages.main_page.MainPage object at 0x7fdca03ddc70>\nurl = 'https://brainup.site/contact'\n\n    def check_expected_link(self, url):\n        with allure.step(f'Check url is present: {url}'):\n            try:\n>               return Wait(self.driver, self.timeout).until(\n                    ec.url_to_be(url), message=f\"Can't find element by locator {url}\")\n\npages/base_page.py:68: \n_ _ _ _ _ _ _ _ _ _ _ _ _ _ _ _ _ _ _ _ _ _ _ _ _ _ _ _ _ _ _ _ _ _ _ _ _ _ _ _ \n\nself = <selenium.webdriver.support.wait.WebDriverWait (session=\"fdf201f831f6bbac9833e448fe474b36\")>\nmethod = <function url_to_be.<locals>._predicate at 0x7fdca03c3740>\nmessage = \"Can't find element by locator https://brainup.site/contact\"\n\n    def until(self, method, message: str = \"\"):\n        \"\"\"Calls the method provided with the driver as an argument until the \\\n        return value does not evaluate to ``False``.\n    \n        :param method: callable(WebDriver)\n        :param message: optional message for :exc:`TimeoutException`\n        :returns: the result of the last call to `method`\n        :raises: :exc:`selenium.common.exceptions.TimeoutException` if timeout occurs\n        \"\"\"\n        screen = None\n        stacktrace = None\n    \n        end_time = time.monotonic() + self._timeout\n        while True:\n            try:\n                value = method(self._driver)\n                if value:\n                    return value\n            except self._ignored_exceptions as exc:\n                screen = getattr(exc, \"screen\", None)\n                stacktrace = getattr(exc, \"stacktrace\", None)\n            time.sleep(self._poll)\n            if time.monotonic() > end_time:\n                break\n>       raise TimeoutException(message, screen, stacktrace)\nE       selenium.common.exceptions.TimeoutException: Message: Can't find element by locator https://brainup.site/contact\n\n/opt/hostedtoolcache/Python/3.12.8/x64/lib/python3.12/site-packages/selenium/webdriver/support/wait.py:95: TimeoutException\n\nDuring handling of the above exception, another exception occurred:\n\nself = <tests.main_page_test.TestMainPage object at 0x7fdca0558050>\ndriver = <selenium.webdriver.chrome.webdriver.WebDriver (session=\"fdf201f831f6bbac9833e448fe474b36\")>\nmain_page_open = None\n\n    @allure.title(\"Verify redirection to contacts page not authorized user.\")\n    def test_mp_04_verify_redirection_to_contacts_page(self, driver, main_page_open):\n        page = MainPage(driver)\n>       contacts_page_url = page.open_contacts_page()\n\ntests/main_page_test.py:31: \n_ _ _ _ _ _ _ _ _ _ _ _ _ _ _ _ _ _ _ _ _ _ _ _ _ _ _ _ _ _ _ _ _ _ _ _ _ _ _ _ \npages/main_page.py:36: in open_contacts_page\n    self.check_expected_link(MainPageLinks.URL_CONTACTS_PAGE)\npages/base_page.py:72: in check_expected_link\n    return Wait(self.driver, self.timeout).until(\n_ _ _ _ _ _ _ _ _ _ _ _ _ _ _ _ _ _ _ _ _ _ _ _ _ _ _ _ _ _ _ _ _ _ _ _ _ _ _ _ \n\nself = <selenium.webdriver.support.wait.WebDriverWait (session=\"fdf201f831f6bbac9833e448fe474b36\")>\nmethod = <function url_to_be.<locals>._predicate at 0x7fdca03c3880>\nmessage = \"Can't find element by locator https://brainup.site/contact\"\n\n    def until(self, method, message: str = \"\"):\n        \"\"\"Calls the method provided with the driver as an argument until the \\\n        return value does not evaluate to ``False``.\n    \n        :param method: callable(WebDriver)\n        :param message: optional message for :exc:`TimeoutException`\n        :returns: the result of the last call to `method`\n        :raises: :exc:`selenium.common.exceptions.TimeoutException` if timeout occurs\n        \"\"\"\n        screen = None\n        stacktrace = None\n    \n        end_time = time.monotonic() + self._timeout\n        while True:\n            try:\n                value = method(self._driver)\n                if value:\n                    return value\n            except self._ignored_exceptions as exc:\n                screen = getattr(exc, \"screen\", None)\n                stacktrace = getattr(exc, \"stacktrace\", None)\n            time.sleep(self._poll)\n            if time.monotonic() > end_time:\n                break\n>       raise TimeoutException(message, screen, stacktrace)\nE       selenium.common.exceptions.TimeoutException: Message: Can't find element by locator https://brainup.site/contact\n\n/opt/hostedtoolcache/Python/3.12.8/x64/lib/python3.12/site-packages/selenium/webdriver/support/wait.py:95: TimeoutException",
    "steps" : [ {
      "name" : "Open contacts page",
      "time" : {
        "start" : 1737164991458,
        "stop" : 1737165031915,
        "duration" : 40457
      },
      "status" : "broken",
      "statusMessage" : "selenium.common.exceptions.TimeoutException: Message: Can't find element by locator https://brainup.site/contact\n\n",
      "statusTrace" : "  File \"/opt/hostedtoolcache/Python/3.12.8/x64/lib/python3.12/site-packages/allure_commons/_allure.py\", line 192, in impl\n    return func(*a, **kw)\n           ^^^^^^^^^^^^^^\n  File \"/home/runner/work/auto-tests-python/auto-tests-python/pages/main_page.py\", line 36, in open_contacts_page\n    self.check_expected_link(MainPageLinks.URL_CONTACTS_PAGE)\n  File \"/home/runner/work/auto-tests-python/auto-tests-python/pages/base_page.py\", line 72, in check_expected_link\n    return Wait(self.driver, self.timeout).until(\n           ^^^^^^^^^^^^^^^^^^^^^^^^^^^^^^^^^^^^^^\n  File \"/opt/hostedtoolcache/Python/3.12.8/x64/lib/python3.12/site-packages/selenium/webdriver/support/wait.py\", line 95, in until\n    raise TimeoutException(message, screen, stacktrace)\n",
      "steps" : [ {
        "name" : "Check url is present: https://brainup.site/contact",
        "time" : {
          "start" : 1737164991631,
          "stop" : 1737165031914,
          "duration" : 40283
        },
        "status" : "broken",
        "statusMessage" : "selenium.common.exceptions.TimeoutException: Message: Can't find element by locator https://brainup.site/contact\n\n",
        "statusTrace" : "  File \"/home/runner/work/auto-tests-python/auto-tests-python/pages/base_page.py\", line 72, in check_expected_link\n    return Wait(self.driver, self.timeout).until(\n           ^^^^^^^^^^^^^^^^^^^^^^^^^^^^^^^^^^^^^^\n  File \"/opt/hostedtoolcache/Python/3.12.8/x64/lib/python3.12/site-packages/selenium/webdriver/support/wait.py\", line 95, in until\n    raise TimeoutException(message, screen, stacktrace)\n",
        "steps" : [ ],
        "attachments" : [ ],
        "parameters" : [ ],
        "stepsCount" : 0,
        "attachmentsCount" : 0,
        "shouldDisplayMessage" : true,
        "hasContent" : true
      } ],
      "attachments" : [ ],
      "parameters" : [ ],
      "stepsCount" : 1,
      "attachmentsCount" : 0,
      "shouldDisplayMessage" : false,
      "hasContent" : true
    } ],
    "attachments" : [ {
      "uid" : "9dc6d6d595bc4e81",
      "name" : "Screenshot 2025-01-18 01:50:32.017273",
      "source" : "9dc6d6d595bc4e81.png",
      "type" : "image/png",
      "size" : 64866
    } ],
    "parameters" : [ ],
    "stepsCount" : 2,
    "attachmentsCount" : 1,
    "shouldDisplayMessage" : true,
    "hasContent" : true
  },
  "afterStages" : [ {
    "name" : "driver::0",
    "time" : {
      "start" : 1737165032018,
      "stop" : 1737165032091,
      "duration" : 73
    },
    "status" : "passed",
    "steps" : [ ],
    "attachments" : [ ],
    "parameters" : [ ],
    "stepsCount" : 0,
    "attachmentsCount" : 0,
    "shouldDisplayMessage" : false,
    "hasContent" : false
  } ],
  "labels" : [ {
    "name" : "epic",
    "value" : "Main Page."
  }, {
    "name" : "parentSuite",
    "value" : "tests"
  }, {
    "name" : "suite",
    "value" : "main_page_test"
  }, {
    "name" : "subSuite",
    "value" : "TestMainPage"
  }, {
    "name" : "host",
    "value" : "fv-az1340-73"
  }, {
    "name" : "thread",
    "value" : "2400-MainThread"
  }, {
    "name" : "framework",
    "value" : "pytest"
  }, {
    "name" : "language",
    "value" : "cpython3"
  }, {
    "name" : "package",
    "value" : "tests.main_page_test"
  }, {
    "name" : "resultFormat",
    "value" : "allure2"
  } ],
  "parameters" : [ ],
  "links" : [ ],
  "hidden" : false,
  "retry" : false,
  "extra" : {
    "severity" : "normal",
    "retries" : [ ],
    "categories" : [ {
      "name" : "Test defects",
      "matchedStatuses" : [ ],
      "flaky" : false
    } ],
    "history" : {
      "statistic" : {
        "failed" : 0,
        "broken" : 26,
        "skipped" : 0,
        "passed" : 78,
        "unknown" : 0,
        "total" : 104
      },
      "items" : [ {
        "uid" : "fc38d0d084c98d09",
        "reportUrl" : "https://lambotik.github.io/auto-tests-python/157//#testresult/fc38d0d084c98d09",
        "status" : "broken",
        "statusDetails" : "selenium.common.exceptions.TimeoutException: Message: Can't find element by locator https://brainup.site/contact",
        "time" : {
          "start" : 1737078728594,
          "stop" : 1737078769088,
          "duration" : 40494
        }
      }, {
        "uid" : "bdff7d88c0160d0",
        "reportUrl" : "https://lambotik.github.io/auto-tests-python/156//#testresult/bdff7d88c0160d0",
        "status" : "broken",
        "statusDetails" : "selenium.common.exceptions.TimeoutException: Message: Can't find element by locator https://brainup.site/contact",
        "time" : {
          "start" : 1736992446287,
          "stop" : 1736992486757,
          "duration" : 40470
        }
      }, {
        "uid" : "7538815315ddef81",
        "reportUrl" : "https://lambotik.github.io/auto-tests-python/155//#testresult/7538815315ddef81",
        "status" : "broken",
        "statusDetails" : "selenium.common.exceptions.TimeoutException: Message: Can't find element by locator https://brainup.site/contact",
        "time" : {
          "start" : 1736906028186,
          "stop" : 1736906068634,
          "duration" : 40448
        }
      }, {
        "uid" : "39d2d961f183eb98",
        "reportUrl" : "https://lambotik.github.io/auto-tests-python/154//#testresult/39d2d961f183eb98",
        "status" : "broken",
        "statusDetails" : "selenium.common.exceptions.TimeoutException: Message: Can't find element by locator https://brainup.site/contact",
        "time" : {
          "start" : 1736819605855,
          "stop" : 1736819646344,
          "duration" : 40489
        }
      }, {
        "uid" : "c64818f1dd56c08c",
        "reportUrl" : "https://lambotik.github.io/auto-tests-python/153//#testresult/c64818f1dd56c08c",
        "status" : "broken",
        "statusDetails" : "selenium.common.exceptions.TimeoutException: Message: Can't find element by locator https://brainup.site/contact",
        "time" : {
          "start" : 1736733652375,
          "stop" : 1736733692868,
          "duration" : 40493
        }
      }, {
        "uid" : "60fe5445ca1d1941",
        "reportUrl" : "https://lambotik.github.io/auto-tests-python/152//#testresult/60fe5445ca1d1941",
        "status" : "broken",
        "statusDetails" : "selenium.common.exceptions.TimeoutException: Message: Can't find element by locator https://brainup.site/contact",
        "time" : {
          "start" : 1736647561000,
          "stop" : 1736647601438,
          "duration" : 40438
        }
      }, {
        "uid" : "b2d80e181a888e99",
        "reportUrl" : "https://lambotik.github.io/auto-tests-python/151//#testresult/b2d80e181a888e99",
        "status" : "broken",
        "statusDetails" : "selenium.common.exceptions.TimeoutException: Message: Can't find element by locator https://brainup.site/contact",
        "time" : {
          "start" : 1736560585520,
          "stop" : 1736560625958,
          "duration" : 40438
        }
      }, {
        "uid" : "c65a3334a20e6513",
        "reportUrl" : "https://lambotik.github.io/auto-tests-python/150//#testresult/c65a3334a20e6513",
        "status" : "broken",
        "statusDetails" : "selenium.common.exceptions.TimeoutException: Message: Can't find element by locator https://brainup.site/contact",
        "time" : {
          "start" : 1736474300848,
          "stop" : 1736474341336,
          "duration" : 40488
        }
      }, {
        "uid" : "9cafad8aabc9ad34",
        "reportUrl" : "https://lambotik.github.io/auto-tests-python/149//#testresult/9cafad8aabc9ad34",
        "status" : "broken",
        "statusDetails" : "selenium.common.exceptions.TimeoutException: Message: Can't find element by locator https://brainup.site/contact",
        "time" : {
          "start" : 1736389377209,
          "stop" : 1736389417708,
          "duration" : 40499
        }
      }, {
        "uid" : "6758209b453f66e3",
        "reportUrl" : "https://lambotik.github.io/auto-tests-python/148//#testresult/6758209b453f66e3",
        "status" : "broken",
        "statusDetails" : "selenium.common.exceptions.TimeoutException: Message: Can't find element by locator https://brainup.site/contact",
        "time" : {
          "start" : 1736301399332,
          "stop" : 1736301439754,
          "duration" : 40422
        }
      }, {
        "uid" : "dfda39f7e4f55f36",
        "reportUrl" : "https://lambotik.github.io/auto-tests-python/147//#testresult/dfda39f7e4f55f36",
        "status" : "broken",
        "statusDetails" : "selenium.common.exceptions.TimeoutException: Message: Can't find element by locator https://brainup.site/contact",
        "time" : {
          "start" : 1736214996960,
          "stop" : 1736215037391,
          "duration" : 40431
        }
      }, {
        "uid" : "96fac439dd20e174",
        "reportUrl" : "https://lambotik.github.io/auto-tests-python/146//#testresult/96fac439dd20e174",
        "status" : "broken",
        "statusDetails" : "selenium.common.exceptions.TimeoutException: Message: Can't find element by locator https://brainup.site/contact",
        "time" : {
          "start" : 1736128819875,
          "stop" : 1736128860365,
          "duration" : 40490
        }
      }, {
        "uid" : "44ccb20e11a64a76",
        "reportUrl" : "https://lambotik.github.io/auto-tests-python/145//#testresult/44ccb20e11a64a76",
        "status" : "broken",
        "statusDetails" : "selenium.common.exceptions.TimeoutException: Message: Can't find element by locator https://brainup.site/contact",
        "time" : {
          "start" : 1736042566339,
          "stop" : 1736042606825,
          "duration" : 40486
        }
      }, {
        "uid" : "e232d55e500306a0",
        "reportUrl" : "https://lambotik.github.io/auto-tests-python/144//#testresult/e232d55e500306a0",
        "status" : "broken",
        "statusDetails" : "selenium.common.exceptions.TimeoutException: Message: Can't find element by locator https://brainup.site/contact",
        "time" : {
          "start" : 1735955706568,
          "stop" : 1735955746988,
          "duration" : 40420
        }
      }, {
        "uid" : "89b55a61c8fba53",
        "reportUrl" : "https://lambotik.github.io/auto-tests-python/143//#testresult/89b55a61c8fba53",
        "status" : "broken",
        "statusDetails" : "selenium.common.exceptions.TimeoutException: Message: Can't find element by locator https://brainup.site/contact",
        "time" : {
          "start" : 1735869380697,
          "stop" : 1735869421189,
          "duration" : 40492
        }
      }, {
        "uid" : "10e3c850b7ce0bfb",
        "reportUrl" : "https://lambotik.github.io/auto-tests-python/142//#testresult/10e3c850b7ce0bfb",
        "status" : "broken",
        "statusDetails" : "selenium.common.exceptions.TimeoutException: Message: Can't find element by locator https://brainup.site/contact",
        "time" : {
          "start" : 1735782926732,
          "stop" : 1735782967224,
          "duration" : 40492
        }
      }, {
        "uid" : "c935c44de365a91e",
        "reportUrl" : "https://lambotik.github.io/auto-tests-python/141//#testresult/c935c44de365a91e",
        "status" : "broken",
        "statusDetails" : "selenium.common.exceptions.TimeoutException: Message: Can't find element by locator https://brainup.site/contact",
        "time" : {
          "start" : 1735696980105,
          "stop" : 1735697020582,
          "duration" : 40477
        }
      }, {
        "uid" : "5826d65fd43343a8",
        "reportUrl" : "https://lambotik.github.io/auto-tests-python/140//#testresult/5826d65fd43343a8",
        "status" : "broken",
        "statusDetails" : "selenium.common.exceptions.TimeoutException: Message: Can't find element by locator https://brainup.site/contact",
        "time" : {
          "start" : 1735610207371,
          "stop" : 1735610247820,
          "duration" : 40449
        }
      }, {
        "uid" : "aa078952c97613e8",
        "reportUrl" : "https://lambotik.github.io/auto-tests-python/139//#testresult/aa078952c97613e8",
        "status" : "broken",
        "statusDetails" : "selenium.common.exceptions.TimeoutException: Message: Can't find element by locator https://brainup.site/contact",
        "time" : {
          "start" : 1735523949805,
          "stop" : 1735523990293,
          "duration" : 40488
        }
      }, {
        "uid" : "5a5b662eeeb1f1db",
        "reportUrl" : "https://lambotik.github.io/auto-tests-python/138//#testresult/5a5b662eeeb1f1db",
        "status" : "broken",
        "statusDetails" : "selenium.common.exceptions.TimeoutException: Message: Can't find element by locator https://brainup.site/contact",
        "time" : {
          "start" : 1735437826498,
          "stop" : 1735437866996,
          "duration" : 40498
        }
      } ]
    },
    "tags" : [ ]
  },
  "source" : "c9248e727c666a84.json",
  "parameterValues" : [ ]
}