{
  "uid" : "37c57626c88fa572",
  "name" : "Verify that the 'All Specialists' link leads an authorized user \n                         to the correct page after clicking",
  "fullName" : "tests.specialists_page_test.TestSpecialistPageLinks#test_sp_03_03_verify_all_specialists_link_leads_authorized_user_to_the_correct_page",
  "historyId" : "a700a0fce4c3e2666e471508243072ed",
  "time" : {
    "start" : 1736389765479,
    "stop" : 1736389765479,
    "duration" : 0
  },
  "status" : "broken",
  "statusMessage" : "selenium.common.exceptions.TimeoutException: Message: Can't find element by locator https://brainup.site/groups",
  "statusTrace" : "self = <pages.base_page.BasePage object at 0x7f26b0c7c380>\nurl = 'https://brainup.site/groups'\n\n    def check_expected_link(self, url):\n        with allure.step(f'Check url is present: {url}'):\n            try:\n>               return Wait(self.driver, self.timeout).until(\n                    ec.url_to_be(url), message=f\"Can't find element by locator {url}\")\n\npages/base_page.py:68: \n_ _ _ _ _ _ _ _ _ _ _ _ _ _ _ _ _ _ _ _ _ _ _ _ _ _ _ _ _ _ _ _ _ _ _ _ _ _ _ _ \n\nself = <selenium.webdriver.support.wait.WebDriverWait (session=\"cc744a551796897fff9b463043645ac8\")>\nmethod = <function url_to_be.<locals>._predicate at 0x7f26b0ccb880>\nmessage = \"Can't find element by locator https://brainup.site/groups\"\n\n    def until(self, method, message: str = \"\"):\n        \"\"\"Calls the method provided with the driver as an argument until the \\\n        return value does not evaluate to ``False``.\n    \n        :param method: callable(WebDriver)\n        :param message: optional message for :exc:`TimeoutException`\n        :returns: the result of the last call to `method`\n        :raises: :exc:`selenium.common.exceptions.TimeoutException` if timeout occurs\n        \"\"\"\n        screen = None\n        stacktrace = None\n    \n        end_time = time.monotonic() + self._timeout\n        while True:\n            try:\n                value = method(self._driver)\n                if value:\n                    return value\n            except self._ignored_exceptions as exc:\n                screen = getattr(exc, \"screen\", None)\n                stacktrace = getattr(exc, \"stacktrace\", None)\n            time.sleep(self._poll)\n            if time.monotonic() > end_time:\n                break\n>       raise TimeoutException(message, screen, stacktrace)\nE       selenium.common.exceptions.TimeoutException: Message: Can't find element by locator https://brainup.site/groups\n\n/opt/hostedtoolcache/Python/3.12.8/x64/lib/python3.12/site-packages/selenium/webdriver/support/wait.py:95: TimeoutException\n\nDuring handling of the above exception, another exception occurred:\n\ndriver = <selenium.webdriver.chrome.webdriver.WebDriver (session=\"cc744a551796897fff9b463043645ac8\")>\nmain_page_open = None\n\n    @pytest.fixture()\n    @allure.step('Auto test user authorized')\n    def auto_test_user_authorized(driver, main_page_open):\n        page = BasePage(driver)\n        page.element_is_present_and_clickable(MainPageLocators.LOGIN_BUTTON).click()\n        page.element_is_visible(LoginPageLocators.INPUT_LOGIN).send_keys(os.environ[\"LOGIN\"])\n        page.element_is_visible(LoginPageLocators.INPUT_PASSWORD).send_keys(os.environ[\"PASSWORD\"])\n        page.element_is_present_and_clickable(LoginPageLocators.SIGN_IN_BUTTON).click()\n>       page.check_expected_link(MainPageLinks.URL_GROUPS_PAGE)\n\ntests/conftest.py:71: \n_ _ _ _ _ _ _ _ _ _ _ _ _ _ _ _ _ _ _ _ _ _ _ _ _ _ _ _ _ _ _ _ _ _ _ _ _ _ _ _ \npages/base_page.py:72: in check_expected_link\n    return Wait(self.driver, self.timeout).until(\n_ _ _ _ _ _ _ _ _ _ _ _ _ _ _ _ _ _ _ _ _ _ _ _ _ _ _ _ _ _ _ _ _ _ _ _ _ _ _ _ \n\nself = <selenium.webdriver.support.wait.WebDriverWait (session=\"cc744a551796897fff9b463043645ac8\")>\nmethod = <function url_to_be.<locals>._predicate at 0x7f26b0cc93a0>\nmessage = \"Can't find element by locator https://brainup.site/groups\"\n\n    def until(self, method, message: str = \"\"):\n        \"\"\"Calls the method provided with the driver as an argument until the \\\n        return value does not evaluate to ``False``.\n    \n        :param method: callable(WebDriver)\n        :param message: optional message for :exc:`TimeoutException`\n        :returns: the result of the last call to `method`\n        :raises: :exc:`selenium.common.exceptions.TimeoutException` if timeout occurs\n        \"\"\"\n        screen = None\n        stacktrace = None\n    \n        end_time = time.monotonic() + self._timeout\n        while True:\n            try:\n                value = method(self._driver)\n                if value:\n                    return value\n            except self._ignored_exceptions as exc:\n                screen = getattr(exc, \"screen\", None)\n                stacktrace = getattr(exc, \"stacktrace\", None)\n            time.sleep(self._poll)\n            if time.monotonic() > end_time:\n                break\n>       raise TimeoutException(message, screen, stacktrace)\nE       selenium.common.exceptions.TimeoutException: Message: Can't find element by locator https://brainup.site/groups\n\n/opt/hostedtoolcache/Python/3.12.8/x64/lib/python3.12/site-packages/selenium/webdriver/support/wait.py:95: TimeoutException",
  "flaky" : false,
  "newFailed" : false,
  "beforeStages" : [ {
    "name" : "main_page_open",
    "time" : {
      "start" : 1736389766240,
      "stop" : 1736389769322,
      "duration" : 3082
    },
    "status" : "passed",
    "steps" : [ {
      "name" : "Open page: https://brainup.site/",
      "time" : {
        "start" : 1736389766241,
        "stop" : 1736389769321,
        "duration" : 3080
      },
      "status" : "passed",
      "steps" : [ ],
      "attachments" : [ ],
      "parameters" : [ {
        "name" : "driver",
        "value" : "<selenium.webdriver.chrome.webdriver.WebDriver (session=\"cc744a551796897fff9b463043645ac8\")>"
      } ],
      "stepsCount" : 0,
      "attachmentsCount" : 0,
      "shouldDisplayMessage" : false,
      "hasContent" : true
    } ],
    "attachments" : [ ],
    "parameters" : [ ],
    "stepsCount" : 1,
    "attachmentsCount" : 0,
    "shouldDisplayMessage" : false,
    "hasContent" : true
  }, {
    "name" : "clear_allure_results_folder",
    "time" : {
      "start" : 1736388594220,
      "stop" : 1736388594220,
      "duration" : 0
    },
    "status" : "passed",
    "steps" : [ ],
    "attachments" : [ ],
    "parameters" : [ ],
    "stepsCount" : 0,
    "attachmentsCount" : 0,
    "shouldDisplayMessage" : false,
    "hasContent" : false
  }, {
    "name" : "auto_test_user_authorized",
    "time" : {
      "start" : 1736389769322,
      "stop" : 1736389809993,
      "duration" : 40671
    },
    "status" : "broken",
    "statusMessage" : "selenium.common.exceptions.TimeoutException: Message: Can't find element by locator https://brainup.site/groups\n\n",
    "statusTrace" : "  File \"/opt/hostedtoolcache/Python/3.12.8/x64/lib/python3.12/site-packages/pluggy/_callers.py\", line 103, in _multicall\n    res = hook_impl.function(*args)\n          ^^^^^^^^^^^^^^^^^^^^^^^^^\n  File \"/opt/hostedtoolcache/Python/3.12.8/x64/lib/python3.12/site-packages/_pytest/fixtures.py\", line 1123, in pytest_fixture_setup\n    result = call_fixture_func(fixturefunc, request, kwargs)\n             ^^^^^^^^^^^^^^^^^^^^^^^^^^^^^^^^^^^^^^^^^^^^^^^\n  File \"/opt/hostedtoolcache/Python/3.12.8/x64/lib/python3.12/site-packages/_pytest/fixtures.py\", line 902, in call_fixture_func\n    fixture_result = fixturefunc(**kwargs)\n                     ^^^^^^^^^^^^^^^^^^^^^\n  File \"/opt/hostedtoolcache/Python/3.12.8/x64/lib/python3.12/site-packages/allure_commons/_allure.py\", line 192, in impl\n    return func(*a, **kw)\n           ^^^^^^^^^^^^^^\n  File \"/home/runner/work/auto-tests-python/auto-tests-python/tests/conftest.py\", line 71, in auto_test_user_authorized\n    page.check_expected_link(MainPageLinks.URL_GROUPS_PAGE)\n  File \"/home/runner/work/auto-tests-python/auto-tests-python/pages/base_page.py\", line 72, in check_expected_link\n    return Wait(self.driver, self.timeout).until(\n           ^^^^^^^^^^^^^^^^^^^^^^^^^^^^^^^^^^^^^^\n  File \"/opt/hostedtoolcache/Python/3.12.8/x64/lib/python3.12/site-packages/selenium/webdriver/support/wait.py\", line 95, in until\n    raise TimeoutException(message, screen, stacktrace)\n",
    "steps" : [ {
      "name" : "Auto test user authorized",
      "time" : {
        "start" : 1736389769322,
        "stop" : 1736389809992,
        "duration" : 40670
      },
      "status" : "broken",
      "statusMessage" : "selenium.common.exceptions.TimeoutException: Message: Can't find element by locator https://brainup.site/groups\n\n",
      "statusTrace" : "  File \"/opt/hostedtoolcache/Python/3.12.8/x64/lib/python3.12/site-packages/allure_commons/_allure.py\", line 192, in impl\n    return func(*a, **kw)\n           ^^^^^^^^^^^^^^\n  File \"/home/runner/work/auto-tests-python/auto-tests-python/tests/conftest.py\", line 71, in auto_test_user_authorized\n    page.check_expected_link(MainPageLinks.URL_GROUPS_PAGE)\n  File \"/home/runner/work/auto-tests-python/auto-tests-python/pages/base_page.py\", line 72, in check_expected_link\n    return Wait(self.driver, self.timeout).until(\n           ^^^^^^^^^^^^^^^^^^^^^^^^^^^^^^^^^^^^^^\n  File \"/opt/hostedtoolcache/Python/3.12.8/x64/lib/python3.12/site-packages/selenium/webdriver/support/wait.py\", line 95, in until\n    raise TimeoutException(message, screen, stacktrace)\n",
      "steps" : [ {
        "name" : "Check url is present: https://brainup.site/groups",
        "time" : {
          "start" : 1736389769713,
          "stop" : 1736389809992,
          "duration" : 40279
        },
        "status" : "broken",
        "statusMessage" : "selenium.common.exceptions.TimeoutException: Message: Can't find element by locator https://brainup.site/groups\n\n",
        "statusTrace" : "  File \"/home/runner/work/auto-tests-python/auto-tests-python/pages/base_page.py\", line 72, in check_expected_link\n    return Wait(self.driver, self.timeout).until(\n           ^^^^^^^^^^^^^^^^^^^^^^^^^^^^^^^^^^^^^^\n  File \"/opt/hostedtoolcache/Python/3.12.8/x64/lib/python3.12/site-packages/selenium/webdriver/support/wait.py\", line 95, in until\n    raise TimeoutException(message, screen, stacktrace)\n",
        "steps" : [ ],
        "attachments" : [ ],
        "parameters" : [ ],
        "stepsCount" : 0,
        "attachmentsCount" : 0,
        "shouldDisplayMessage" : true,
        "hasContent" : true
      } ],
      "attachments" : [ ],
      "parameters" : [ {
        "name" : "driver",
        "value" : "<selenium.webdriver.chrome.webdriver.WebDriver (session=\"cc744a551796897fff9b463043645ac8\")>"
      }, {
        "name" : "main_page_open",
        "value" : "None"
      } ],
      "stepsCount" : 1,
      "attachmentsCount" : 0,
      "shouldDisplayMessage" : false,
      "hasContent" : true
    } ],
    "attachments" : [ ],
    "parameters" : [ ],
    "stepsCount" : 2,
    "attachmentsCount" : 0,
    "shouldDisplayMessage" : false,
    "hasContent" : true
  }, {
    "name" : "driver",
    "time" : {
      "start" : 1736389765479,
      "stop" : 1736389766240,
      "duration" : 761
    },
    "status" : "passed",
    "steps" : [ ],
    "attachments" : [ ],
    "parameters" : [ ],
    "stepsCount" : 0,
    "attachmentsCount" : 0,
    "shouldDisplayMessage" : false,
    "hasContent" : false
  } ],
  "afterStages" : [ {
    "name" : "driver::0",
    "time" : {
      "start" : 1736389810006,
      "stop" : 1736389810078,
      "duration" : 72
    },
    "status" : "passed",
    "steps" : [ ],
    "attachments" : [ ],
    "parameters" : [ ],
    "stepsCount" : 0,
    "attachmentsCount" : 0,
    "shouldDisplayMessage" : false,
    "hasContent" : false
  } ],
  "labels" : [ {
    "name" : "epic",
    "value" : "Test Specialists Page"
  }, {
    "name" : "parentSuite",
    "value" : "tests"
  }, {
    "name" : "suite",
    "value" : "specialists_page_test"
  }, {
    "name" : "subSuite",
    "value" : "TestSpecialistsPage"
  }, {
    "name" : "host",
    "value" : "fv-az1705-565"
  }, {
    "name" : "thread",
    "value" : "2443-MainThread"
  }, {
    "name" : "framework",
    "value" : "pytest"
  }, {
    "name" : "language",
    "value" : "cpython3"
  }, {
    "name" : "package",
    "value" : "tests.specialists_page_test"
  }, {
    "name" : "resultFormat",
    "value" : "allure2"
  } ],
  "parameters" : [ ],
  "links" : [ ],
  "hidden" : false,
  "retry" : false,
  "extra" : {
    "severity" : "normal",
    "retries" : [ ],
    "categories" : [ {
      "name" : "Test defects",
      "matchedStatuses" : [ ],
      "flaky" : false
    } ],
    "history" : {
      "statistic" : {
        "failed" : 0,
        "broken" : 22,
        "skipped" : 0,
        "passed" : 43,
        "unknown" : 0,
        "total" : 65
      },
      "items" : [ {
        "uid" : "4d6ed14c1dabcc08",
        "reportUrl" : "https://lambotik.github.io/auto-tests-python/148//#testresult/4d6ed14c1dabcc08",
        "status" : "broken",
        "statusDetails" : "selenium.common.exceptions.TimeoutException: Message: Can't find element by locator https://brainup.site/groups",
        "time" : {
          "start" : 1736301798892,
          "stop" : 1736301798892,
          "duration" : 0
        }
      }, {
        "uid" : "17f62f2de2fee487",
        "reportUrl" : "https://lambotik.github.io/auto-tests-python/147//#testresult/17f62f2de2fee487",
        "status" : "broken",
        "statusDetails" : "selenium.common.exceptions.TimeoutException: Message: Can't find element by locator https://brainup.site/groups",
        "time" : {
          "start" : 1736215386159,
          "stop" : 1736215386159,
          "duration" : 0
        }
      }, {
        "uid" : "c8632f9901964464",
        "reportUrl" : "https://lambotik.github.io/auto-tests-python/146//#testresult/c8632f9901964464",
        "status" : "broken",
        "statusDetails" : "selenium.common.exceptions.TimeoutException: Message: Can't find element by locator https://brainup.site/groups",
        "time" : {
          "start" : 1736129210670,
          "stop" : 1736129210670,
          "duration" : 0
        }
      }, {
        "uid" : "e976a86da308d36c",
        "reportUrl" : "https://lambotik.github.io/auto-tests-python/145//#testresult/e976a86da308d36c",
        "status" : "broken",
        "statusDetails" : "selenium.common.exceptions.TimeoutException: Message: Can't find element by locator https://brainup.site/groups",
        "time" : {
          "start" : 1736042970224,
          "stop" : 1736042970224,
          "duration" : 0
        }
      }, {
        "uid" : "d3b97e547d68b817",
        "reportUrl" : "https://lambotik.github.io/auto-tests-python/144//#testresult/d3b97e547d68b817",
        "status" : "broken",
        "statusDetails" : "selenium.common.exceptions.TimeoutException: Message: Can't find element by locator https://brainup.site/groups",
        "time" : {
          "start" : 1735956132132,
          "stop" : 1735956132132,
          "duration" : 0
        }
      }, {
        "uid" : "2cb227a43cdf8cb6",
        "reportUrl" : "https://lambotik.github.io/auto-tests-python/143//#testresult/2cb227a43cdf8cb6",
        "status" : "broken",
        "statusDetails" : "selenium.common.exceptions.TimeoutException: Message: Can't find element by locator https://brainup.site/groups",
        "time" : {
          "start" : 1735869782881,
          "stop" : 1735869782881,
          "duration" : 0
        }
      }, {
        "uid" : "8d62adcfbc4ba2",
        "reportUrl" : "https://lambotik.github.io/auto-tests-python/142//#testresult/8d62adcfbc4ba2",
        "status" : "broken",
        "statusDetails" : "selenium.common.exceptions.TimeoutException: Message: Can't find element by locator https://brainup.site/groups",
        "time" : {
          "start" : 1735783329320,
          "stop" : 1735783329320,
          "duration" : 0
        }
      }, {
        "uid" : "2dcd5be8144aa9e6",
        "reportUrl" : "https://lambotik.github.io/auto-tests-python/141//#testresult/2dcd5be8144aa9e6",
        "status" : "broken",
        "statusDetails" : "selenium.common.exceptions.TimeoutException: Message: Can't find element by locator https://brainup.site/groups",
        "time" : {
          "start" : 1735697372569,
          "stop" : 1735697372569,
          "duration" : 0
        }
      }, {
        "uid" : "beff1e476695c22b",
        "reportUrl" : "https://lambotik.github.io/auto-tests-python/140//#testresult/beff1e476695c22b",
        "status" : "broken",
        "statusDetails" : "selenium.common.exceptions.TimeoutException: Message: Can't find element by locator https://brainup.site/groups",
        "time" : {
          "start" : 1735610638771,
          "stop" : 1735610638771,
          "duration" : 0
        }
      }, {
        "uid" : "b5f6b4baf78884b",
        "reportUrl" : "https://lambotik.github.io/auto-tests-python/139//#testresult/b5f6b4baf78884b",
        "status" : "broken",
        "statusDetails" : "selenium.common.exceptions.TimeoutException: Message: Can't find element by locator https://brainup.site/groups",
        "time" : {
          "start" : 1735524351522,
          "stop" : 1735524351522,
          "duration" : 0
        }
      }, {
        "uid" : "d1b71b08129a295f",
        "reportUrl" : "https://lambotik.github.io/auto-tests-python/138//#testresult/d1b71b08129a295f",
        "status" : "broken",
        "statusDetails" : "selenium.common.exceptions.TimeoutException: Message: Can't find element by locator https://brainup.site/groups",
        "time" : {
          "start" : 1735438219278,
          "stop" : 1735438219278,
          "duration" : 0
        }
      }, {
        "uid" : "662e6cba7ffadbe3",
        "reportUrl" : "https://lambotik.github.io/auto-tests-python/137//#testresult/662e6cba7ffadbe3",
        "status" : "broken",
        "statusDetails" : "selenium.common.exceptions.TimeoutException: Message: Can't find element by locator https://brainup.site/groups",
        "time" : {
          "start" : 1735351191623,
          "stop" : 1735351191623,
          "duration" : 0
        }
      }, {
        "uid" : "9e86cb9c6ad86dde",
        "reportUrl" : "https://lambotik.github.io/auto-tests-python/136//#testresult/9e86cb9c6ad86dde",
        "status" : "broken",
        "statusDetails" : "selenium.common.exceptions.TimeoutException: Message: Can't find element by locator https://brainup.site/groups",
        "time" : {
          "start" : 1735265073016,
          "stop" : 1735265073016,
          "duration" : 0
        }
      }, {
        "uid" : "eb7aa6218679521a",
        "reportUrl" : "https://lambotik.github.io/auto-tests-python/81//#testresult/eb7aa6218679521a",
        "status" : "passed",
        "time" : {
          "start" : 1730512184721,
          "stop" : 1730512186299,
          "duration" : 1578
        }
      }, {
        "uid" : "e9e1476c381c3066",
        "reportUrl" : "https://lambotik.github.io/auto-tests-python/80//#testresult/e9e1476c381c3066",
        "status" : "passed",
        "time" : {
          "start" : 1730426360670,
          "stop" : 1730426362245,
          "duration" : 1575
        }
      }, {
        "uid" : "9e2658c41de7747d",
        "reportUrl" : "https://lambotik.github.io/auto-tests-python/79//#testresult/9e2658c41de7747d",
        "status" : "passed",
        "time" : {
          "start" : 1730339596376,
          "stop" : 1730339597947,
          "duration" : 1571
        }
      }, {
        "uid" : "aa346c734efa13b6",
        "reportUrl" : "https://lambotik.github.io/auto-tests-python/78//#testresult/aa346c734efa13b6",
        "status" : "passed",
        "time" : {
          "start" : 1730253106101,
          "stop" : 1730253107675,
          "duration" : 1574
        }
      }, {
        "uid" : "983f866cde886f2",
        "reportUrl" : "https://lambotik.github.io/auto-tests-python/77//#testresult/983f866cde886f2",
        "status" : "passed",
        "time" : {
          "start" : 1730166811081,
          "stop" : 1730166813720,
          "duration" : 2639
        }
      }, {
        "uid" : "ad43171274b3645c",
        "reportUrl" : "https://lambotik.github.io/auto-tests-python/76//#testresult/ad43171274b3645c",
        "status" : "passed",
        "time" : {
          "start" : 1730080549245,
          "stop" : 1730080551417,
          "duration" : 2172
        }
      }, {
        "uid" : "304520bfbfb4de5e",
        "reportUrl" : "https://lambotik.github.io/auto-tests-python/75//#testresult/304520bfbfb4de5e",
        "status" : "passed",
        "time" : {
          "start" : 1729994337013,
          "stop" : 1729994339546,
          "duration" : 2533
        }
      } ]
    },
    "tags" : [ ]
  },
  "source" : "37c57626c88fa572.json",
  "parameterValues" : [ ]
}