{
  "uid" : "7e514839a4e72b7b",
  "name" : "Verify composition, visibility of elements on the 1st-6th levels of nesting in the Header\n            for an authorized user",
  "fullName" : "tests.header_test.TestAuthHeaderPageStructure#test_hpa_01_02_verify_auth_header_structure_and_visibility",
  "historyId" : "2c0701b270e34cc0e02b7f7fde3aca8b",
  "time" : {
    "start" : 1736389182373,
    "stop" : 1736389182373,
    "duration" : 0
  },
  "status" : "broken",
  "statusMessage" : "selenium.common.exceptions.TimeoutException: Message: Can't find element by locator https://brainup.site/groups",
  "statusTrace" : "self = <pages.base_page.BasePage object at 0x7f26b0c7d670>\nurl = 'https://brainup.site/groups'\n\n    def check_expected_link(self, url):\n        with allure.step(f'Check url is present: {url}'):\n            try:\n>               return Wait(self.driver, self.timeout).until(\n                    ec.url_to_be(url), message=f\"Can't find element by locator {url}\")\n\npages/base_page.py:68: \n_ _ _ _ _ _ _ _ _ _ _ _ _ _ _ _ _ _ _ _ _ _ _ _ _ _ _ _ _ _ _ _ _ _ _ _ _ _ _ _ \n\nself = <selenium.webdriver.support.wait.WebDriverWait (session=\"b0c1e7491a014a06e0d2f53dc9c7d699\")>\nmethod = <function url_to_be.<locals>._predicate at 0x7f26b0cc9c60>\nmessage = \"Can't find element by locator https://brainup.site/groups\"\n\n    def until(self, method, message: str = \"\"):\n        \"\"\"Calls the method provided with the driver as an argument until the \\\n        return value does not evaluate to ``False``.\n    \n        :param method: callable(WebDriver)\n        :param message: optional message for :exc:`TimeoutException`\n        :returns: the result of the last call to `method`\n        :raises: :exc:`selenium.common.exceptions.TimeoutException` if timeout occurs\n        \"\"\"\n        screen = None\n        stacktrace = None\n    \n        end_time = time.monotonic() + self._timeout\n        while True:\n            try:\n                value = method(self._driver)\n                if value:\n                    return value\n            except self._ignored_exceptions as exc:\n                screen = getattr(exc, \"screen\", None)\n                stacktrace = getattr(exc, \"stacktrace\", None)\n            time.sleep(self._poll)\n            if time.monotonic() > end_time:\n                break\n>       raise TimeoutException(message, screen, stacktrace)\nE       selenium.common.exceptions.TimeoutException: Message: Can't find element by locator https://brainup.site/groups\n\n/opt/hostedtoolcache/Python/3.12.8/x64/lib/python3.12/site-packages/selenium/webdriver/support/wait.py:95: TimeoutException\n\nDuring handling of the above exception, another exception occurred:\n\ndriver = <selenium.webdriver.chrome.webdriver.WebDriver (session=\"b0c1e7491a014a06e0d2f53dc9c7d699\")>\nmain_page_open = None\n\n    @pytest.fixture()\n    @allure.step('Auto test user authorized')\n    def auto_test_user_authorized(driver, main_page_open):\n        page = BasePage(driver)\n        page.element_is_present_and_clickable(MainPageLocators.LOGIN_BUTTON).click()\n        page.element_is_visible(LoginPageLocators.INPUT_LOGIN).send_keys(os.environ[\"LOGIN\"])\n        page.element_is_visible(LoginPageLocators.INPUT_PASSWORD).send_keys(os.environ[\"PASSWORD\"])\n        page.element_is_present_and_clickable(LoginPageLocators.SIGN_IN_BUTTON).click()\n>       page.check_expected_link(MainPageLinks.URL_GROUPS_PAGE)\n\ntests/conftest.py:71: \n_ _ _ _ _ _ _ _ _ _ _ _ _ _ _ _ _ _ _ _ _ _ _ _ _ _ _ _ _ _ _ _ _ _ _ _ _ _ _ _ \npages/base_page.py:72: in check_expected_link\n    return Wait(self.driver, self.timeout).until(\n_ _ _ _ _ _ _ _ _ _ _ _ _ _ _ _ _ _ _ _ _ _ _ _ _ _ _ _ _ _ _ _ _ _ _ _ _ _ _ _ \n\nself = <selenium.webdriver.support.wait.WebDriverWait (session=\"b0c1e7491a014a06e0d2f53dc9c7d699\")>\nmethod = <function url_to_be.<locals>._predicate at 0x7f26b0cca3e0>\nmessage = \"Can't find element by locator https://brainup.site/groups\"\n\n    def until(self, method, message: str = \"\"):\n        \"\"\"Calls the method provided with the driver as an argument until the \\\n        return value does not evaluate to ``False``.\n    \n        :param method: callable(WebDriver)\n        :param message: optional message for :exc:`TimeoutException`\n        :returns: the result of the last call to `method`\n        :raises: :exc:`selenium.common.exceptions.TimeoutException` if timeout occurs\n        \"\"\"\n        screen = None\n        stacktrace = None\n    \n        end_time = time.monotonic() + self._timeout\n        while True:\n            try:\n                value = method(self._driver)\n                if value:\n                    return value\n            except self._ignored_exceptions as exc:\n                screen = getattr(exc, \"screen\", None)\n                stacktrace = getattr(exc, \"stacktrace\", None)\n            time.sleep(self._poll)\n            if time.monotonic() > end_time:\n                break\n>       raise TimeoutException(message, screen, stacktrace)\nE       selenium.common.exceptions.TimeoutException: Message: Can't find element by locator https://brainup.site/groups\n\n/opt/hostedtoolcache/Python/3.12.8/x64/lib/python3.12/site-packages/selenium/webdriver/support/wait.py:95: TimeoutException",
  "flaky" : false,
  "newFailed" : false,
  "beforeStages" : [ {
    "name" : "driver",
    "time" : {
      "start" : 1736389182373,
      "stop" : 1736389183143,
      "duration" : 770
    },
    "status" : "passed",
    "steps" : [ ],
    "attachments" : [ ],
    "parameters" : [ ],
    "stepsCount" : 0,
    "attachmentsCount" : 0,
    "shouldDisplayMessage" : false,
    "hasContent" : false
  }, {
    "name" : "clear_allure_results_folder",
    "time" : {
      "start" : 1736388594220,
      "stop" : 1736388594220,
      "duration" : 0
    },
    "status" : "passed",
    "steps" : [ ],
    "attachments" : [ ],
    "parameters" : [ ],
    "stepsCount" : 0,
    "attachmentsCount" : 0,
    "shouldDisplayMessage" : false,
    "hasContent" : false
  }, {
    "name" : "auto_test_user_authorized",
    "time" : {
      "start" : 1736389186297,
      "stop" : 1736389226982,
      "duration" : 40685
    },
    "status" : "broken",
    "statusMessage" : "selenium.common.exceptions.TimeoutException: Message: Can't find element by locator https://brainup.site/groups\n\n",
    "statusTrace" : "  File \"/opt/hostedtoolcache/Python/3.12.8/x64/lib/python3.12/site-packages/pluggy/_callers.py\", line 103, in _multicall\n    res = hook_impl.function(*args)\n          ^^^^^^^^^^^^^^^^^^^^^^^^^\n  File \"/opt/hostedtoolcache/Python/3.12.8/x64/lib/python3.12/site-packages/_pytest/fixtures.py\", line 1123, in pytest_fixture_setup\n    result = call_fixture_func(fixturefunc, request, kwargs)\n             ^^^^^^^^^^^^^^^^^^^^^^^^^^^^^^^^^^^^^^^^^^^^^^^\n  File \"/opt/hostedtoolcache/Python/3.12.8/x64/lib/python3.12/site-packages/_pytest/fixtures.py\", line 902, in call_fixture_func\n    fixture_result = fixturefunc(**kwargs)\n                     ^^^^^^^^^^^^^^^^^^^^^\n  File \"/opt/hostedtoolcache/Python/3.12.8/x64/lib/python3.12/site-packages/allure_commons/_allure.py\", line 192, in impl\n    return func(*a, **kw)\n           ^^^^^^^^^^^^^^\n  File \"/home/runner/work/auto-tests-python/auto-tests-python/tests/conftest.py\", line 71, in auto_test_user_authorized\n    page.check_expected_link(MainPageLinks.URL_GROUPS_PAGE)\n  File \"/home/runner/work/auto-tests-python/auto-tests-python/pages/base_page.py\", line 72, in check_expected_link\n    return Wait(self.driver, self.timeout).until(\n           ^^^^^^^^^^^^^^^^^^^^^^^^^^^^^^^^^^^^^^\n  File \"/opt/hostedtoolcache/Python/3.12.8/x64/lib/python3.12/site-packages/selenium/webdriver/support/wait.py\", line 95, in until\n    raise TimeoutException(message, screen, stacktrace)\n",
    "steps" : [ {
      "name" : "Auto test user authorized",
      "time" : {
        "start" : 1736389186297,
        "stop" : 1736389226982,
        "duration" : 40685
      },
      "status" : "broken",
      "statusMessage" : "selenium.common.exceptions.TimeoutException: Message: Can't find element by locator https://brainup.site/groups\n\n",
      "statusTrace" : "  File \"/opt/hostedtoolcache/Python/3.12.8/x64/lib/python3.12/site-packages/allure_commons/_allure.py\", line 192, in impl\n    return func(*a, **kw)\n           ^^^^^^^^^^^^^^\n  File \"/home/runner/work/auto-tests-python/auto-tests-python/tests/conftest.py\", line 71, in auto_test_user_authorized\n    page.check_expected_link(MainPageLinks.URL_GROUPS_PAGE)\n  File \"/home/runner/work/auto-tests-python/auto-tests-python/pages/base_page.py\", line 72, in check_expected_link\n    return Wait(self.driver, self.timeout).until(\n           ^^^^^^^^^^^^^^^^^^^^^^^^^^^^^^^^^^^^^^\n  File \"/opt/hostedtoolcache/Python/3.12.8/x64/lib/python3.12/site-packages/selenium/webdriver/support/wait.py\", line 95, in until\n    raise TimeoutException(message, screen, stacktrace)\n",
      "steps" : [ {
        "name" : "Check url is present: https://brainup.site/groups",
        "time" : {
          "start" : 1736389186690,
          "stop" : 1736389226981,
          "duration" : 40291
        },
        "status" : "broken",
        "statusMessage" : "selenium.common.exceptions.TimeoutException: Message: Can't find element by locator https://brainup.site/groups\n\n",
        "statusTrace" : "  File \"/home/runner/work/auto-tests-python/auto-tests-python/pages/base_page.py\", line 72, in check_expected_link\n    return Wait(self.driver, self.timeout).until(\n           ^^^^^^^^^^^^^^^^^^^^^^^^^^^^^^^^^^^^^^\n  File \"/opt/hostedtoolcache/Python/3.12.8/x64/lib/python3.12/site-packages/selenium/webdriver/support/wait.py\", line 95, in until\n    raise TimeoutException(message, screen, stacktrace)\n",
        "steps" : [ ],
        "attachments" : [ ],
        "parameters" : [ ],
        "stepsCount" : 0,
        "attachmentsCount" : 0,
        "shouldDisplayMessage" : true,
        "hasContent" : true
      } ],
      "attachments" : [ ],
      "parameters" : [ {
        "name" : "driver",
        "value" : "<selenium.webdriver.chrome.webdriver.WebDriver (session=\"b0c1e7491a014a06e0d2f53dc9c7d699\")>"
      }, {
        "name" : "main_page_open",
        "value" : "None"
      } ],
      "stepsCount" : 1,
      "attachmentsCount" : 0,
      "shouldDisplayMessage" : false,
      "hasContent" : true
    } ],
    "attachments" : [ ],
    "parameters" : [ ],
    "stepsCount" : 2,
    "attachmentsCount" : 0,
    "shouldDisplayMessage" : false,
    "hasContent" : true
  }, {
    "name" : "main_page_open",
    "time" : {
      "start" : 1736389183144,
      "stop" : 1736389186296,
      "duration" : 3152
    },
    "status" : "passed",
    "steps" : [ {
      "name" : "Open page: https://brainup.site/",
      "time" : {
        "start" : 1736389183144,
        "stop" : 1736389186296,
        "duration" : 3152
      },
      "status" : "passed",
      "steps" : [ ],
      "attachments" : [ ],
      "parameters" : [ {
        "name" : "driver",
        "value" : "<selenium.webdriver.chrome.webdriver.WebDriver (session=\"b0c1e7491a014a06e0d2f53dc9c7d699\")>"
      } ],
      "stepsCount" : 0,
      "attachmentsCount" : 0,
      "shouldDisplayMessage" : false,
      "hasContent" : true
    } ],
    "attachments" : [ ],
    "parameters" : [ ],
    "stepsCount" : 1,
    "attachmentsCount" : 0,
    "shouldDisplayMessage" : false,
    "hasContent" : true
  } ],
  "afterStages" : [ {
    "name" : "driver::0",
    "time" : {
      "start" : 1736389226995,
      "stop" : 1736389227067,
      "duration" : 72
    },
    "status" : "passed",
    "steps" : [ ],
    "attachments" : [ ],
    "parameters" : [ ],
    "stepsCount" : 0,
    "attachmentsCount" : 0,
    "shouldDisplayMessage" : false,
    "hasContent" : false
  } ],
  "labels" : [ {
    "name" : "epic",
    "value" : "Test Header"
  }, {
    "name" : "parentSuite",
    "value" : "tests"
  }, {
    "name" : "suite",
    "value" : "header_test"
  }, {
    "name" : "subSuite",
    "value" : "TestHeaderPage"
  }, {
    "name" : "host",
    "value" : "fv-az1705-565"
  }, {
    "name" : "thread",
    "value" : "2443-MainThread"
  }, {
    "name" : "framework",
    "value" : "pytest"
  }, {
    "name" : "language",
    "value" : "cpython3"
  }, {
    "name" : "package",
    "value" : "tests.header_test"
  }, {
    "name" : "resultFormat",
    "value" : "allure2"
  } ],
  "parameters" : [ ],
  "links" : [ ],
  "hidden" : false,
  "retry" : false,
  "extra" : {
    "severity" : "normal",
    "retries" : [ ],
    "categories" : [ {
      "name" : "Test defects",
      "matchedStatuses" : [ ],
      "flaky" : false
    } ],
    "history" : {
      "statistic" : {
        "failed" : 0,
        "broken" : 18,
        "skipped" : 0,
        "passed" : 42,
        "unknown" : 0,
        "total" : 60
      },
      "items" : [ {
        "uid" : "779f5d233b853e3a",
        "reportUrl" : "https://lambotik.github.io/auto-tests-python/148//#testresult/779f5d233b853e3a",
        "status" : "broken",
        "statusDetails" : "selenium.common.exceptions.TimeoutException: Message: Can't find element by locator https://brainup.site/groups",
        "time" : {
          "start" : 1736301203486,
          "stop" : 1736301203486,
          "duration" : 0
        }
      }, {
        "uid" : "14d88e0fd5e3dca9",
        "reportUrl" : "https://lambotik.github.io/auto-tests-python/147//#testresult/14d88e0fd5e3dca9",
        "status" : "broken",
        "statusDetails" : "selenium.common.exceptions.TimeoutException: Message: Can't find element by locator https://brainup.site/groups",
        "time" : {
          "start" : 1736214804147,
          "stop" : 1736214804147,
          "duration" : 0
        }
      }, {
        "uid" : "9208cf75b0b367d0",
        "reportUrl" : "https://lambotik.github.io/auto-tests-python/146//#testresult/9208cf75b0b367d0",
        "status" : "broken",
        "statusDetails" : "selenium.common.exceptions.TimeoutException: Message: Can't find element by locator https://brainup.site/groups",
        "time" : {
          "start" : 1736128626089,
          "stop" : 1736128626089,
          "duration" : 0
        }
      }, {
        "uid" : "b63a56770bf6ab25",
        "reportUrl" : "https://lambotik.github.io/auto-tests-python/145//#testresult/b63a56770bf6ab25",
        "status" : "broken",
        "statusDetails" : "selenium.common.exceptions.TimeoutException: Message: Can't find element by locator https://brainup.site/groups",
        "time" : {
          "start" : 1736042369780,
          "stop" : 1736042369780,
          "duration" : 0
        }
      }, {
        "uid" : "a5279ca2b8686bb2",
        "reportUrl" : "https://lambotik.github.io/auto-tests-python/144//#testresult/a5279ca2b8686bb2",
        "status" : "broken",
        "statusDetails" : "selenium.common.exceptions.TimeoutException: Message: Can't find element by locator https://brainup.site/groups",
        "time" : {
          "start" : 1735955503692,
          "stop" : 1735955503692,
          "duration" : 0
        }
      }, {
        "uid" : "fd191dd23f1823e4",
        "reportUrl" : "https://lambotik.github.io/auto-tests-python/143//#testresult/fd191dd23f1823e4",
        "status" : "broken",
        "statusDetails" : "selenium.common.exceptions.TimeoutException: Message: Can't find element by locator https://brainup.site/groups",
        "time" : {
          "start" : 1735869183228,
          "stop" : 1735869183228,
          "duration" : 0
        }
      }, {
        "uid" : "35f80840c9682903",
        "reportUrl" : "https://lambotik.github.io/auto-tests-python/142//#testresult/35f80840c9682903",
        "status" : "broken",
        "statusDetails" : "selenium.common.exceptions.TimeoutException: Message: Can't find element by locator https://brainup.site/groups",
        "time" : {
          "start" : 1735782730162,
          "stop" : 1735782730162,
          "duration" : 0
        }
      }, {
        "uid" : "2a3c5af24c6b7ce3",
        "reportUrl" : "https://lambotik.github.io/auto-tests-python/141//#testresult/2a3c5af24c6b7ce3",
        "status" : "broken",
        "statusDetails" : "selenium.common.exceptions.TimeoutException: Message: Can't find element by locator https://brainup.site/groups",
        "time" : {
          "start" : 1735696785027,
          "stop" : 1735696785027,
          "duration" : 0
        }
      }, {
        "uid" : "fe8edc5a5952b854",
        "reportUrl" : "https://lambotik.github.io/auto-tests-python/140//#testresult/fe8edc5a5952b854",
        "status" : "broken",
        "statusDetails" : "selenium.common.exceptions.TimeoutException: Message: Can't find element by locator https://brainup.site/groups",
        "time" : {
          "start" : 1735610001105,
          "stop" : 1735610001105,
          "duration" : 0
        }
      }, {
        "uid" : "3f370ed1fcf707f1",
        "reportUrl" : "https://lambotik.github.io/auto-tests-python/139//#testresult/3f370ed1fcf707f1",
        "status" : "broken",
        "statusDetails" : "selenium.common.exceptions.TimeoutException: Message: Can't find element by locator https://brainup.site/groups",
        "time" : {
          "start" : 1735523752814,
          "stop" : 1735523752814,
          "duration" : 0
        }
      }, {
        "uid" : "adfd9d79748c588b",
        "reportUrl" : "https://lambotik.github.io/auto-tests-python/138//#testresult/adfd9d79748c588b",
        "status" : "broken",
        "statusDetails" : "selenium.common.exceptions.TimeoutException: Message: Can't find element by locator https://brainup.site/groups",
        "time" : {
          "start" : 1735437628807,
          "stop" : 1735437628807,
          "duration" : 0
        }
      }, {
        "uid" : "a0897990c67bf783",
        "reportUrl" : "https://lambotik.github.io/auto-tests-python/137//#testresult/a0897990c67bf783",
        "status" : "broken",
        "statusDetails" : "selenium.common.exceptions.TimeoutException: Message: Can't find element by locator https://brainup.site/groups",
        "time" : {
          "start" : 1735350609308,
          "stop" : 1735350609308,
          "duration" : 0
        }
      }, {
        "uid" : "9e859a2c1e389c57",
        "reportUrl" : "https://lambotik.github.io/auto-tests-python/136//#testresult/9e859a2c1e389c57",
        "status" : "broken",
        "statusDetails" : "selenium.common.exceptions.TimeoutException: Message: Can't find element by locator https://brainup.site/groups",
        "time" : {
          "start" : 1735264434799,
          "stop" : 1735264434799,
          "duration" : 0
        }
      }, {
        "uid" : "19057377be9032ea",
        "reportUrl" : "https://lambotik.github.io/auto-tests-python/81//#testresult/19057377be9032ea",
        "status" : "passed",
        "time" : {
          "start" : 1730511972143,
          "stop" : 1730511982696,
          "duration" : 10553
        }
      }, {
        "uid" : "8ed86b5dcad7f218",
        "reportUrl" : "https://lambotik.github.io/auto-tests-python/80//#testresult/8ed86b5dcad7f218",
        "status" : "passed",
        "time" : {
          "start" : 1730426148093,
          "stop" : 1730426158627,
          "duration" : 10534
        }
      }, {
        "uid" : "e6d2bc818f4e866",
        "reportUrl" : "https://lambotik.github.io/auto-tests-python/79//#testresult/e6d2bc818f4e866",
        "status" : "passed",
        "time" : {
          "start" : 1730339395855,
          "stop" : 1730339406415,
          "duration" : 10560
        }
      }, {
        "uid" : "f4c4b0b0dfa4a64a",
        "reportUrl" : "https://lambotik.github.io/auto-tests-python/78//#testresult/f4c4b0b0dfa4a64a",
        "status" : "passed",
        "time" : {
          "start" : 1730252904362,
          "stop" : 1730252914893,
          "duration" : 10531
        }
      }, {
        "uid" : "235cdc9e3d17eebf",
        "reportUrl" : "https://lambotik.github.io/auto-tests-python/77//#testresult/235cdc9e3d17eebf",
        "status" : "passed",
        "time" : {
          "start" : 1730166597242,
          "stop" : 1730166607788,
          "duration" : 10546
        }
      }, {
        "uid" : "f4075da4a5b6dc4",
        "reportUrl" : "https://lambotik.github.io/auto-tests-python/76//#testresult/f4075da4a5b6dc4",
        "status" : "passed",
        "time" : {
          "start" : 1730080334061,
          "stop" : 1730080344602,
          "duration" : 10541
        }
      }, {
        "uid" : "aee39ba48dac09e6",
        "reportUrl" : "https://lambotik.github.io/auto-tests-python/75//#testresult/aee39ba48dac09e6",
        "status" : "passed",
        "time" : {
          "start" : 1729994081588,
          "stop" : 1729994092131,
          "duration" : 10543
        }
      } ]
    },
    "tags" : [ ]
  },
  "source" : "7e514839a4e72b7b.json",
  "parameterValues" : [ ]
}