{
  "uid" : "4780fbf2912e8f90",
  "name" : "Verify redirection to used resources page not authorized user.",
  "fullName" : "tests.description_page_test.TestDescriptionPage#test_dp_08_verify_redirection_to_used_resources_page",
  "historyId" : "c1c36a26aa876dfcc2dfa61127700bb6",
  "time" : {
    "start" : 1738720096357,
    "stop" : 1738720136825,
    "duration" : 40468
  },
  "status" : "broken",
  "statusMessage" : "selenium.common.exceptions.TimeoutException: Message: Can't find element by locator https://brainup.site/used-resources",
  "statusTrace" : "self = <pages.description_page.DescriptionPage object at 0x7fb7d89d8560>\nurl = 'https://brainup.site/used-resources'\n\n    def check_expected_link(self, url):\n        with allure.step(f'Check url is present: {url}'):\n            try:\n>               return Wait(self.driver, self.timeout).until(\n                    ec.url_to_be(url), message=f\"Can't find element by locator {url}\")\n\npages/base_page.py:68: \n_ _ _ _ _ _ _ _ _ _ _ _ _ _ _ _ _ _ _ _ _ _ _ _ _ _ _ _ _ _ _ _ _ _ _ _ _ _ _ _ \n\nself = <selenium.webdriver.support.wait.WebDriverWait (session=\"eb7e22d06edc244f1779e8a4eed5cb76\")>\nmethod = <function url_to_be.<locals>._predicate at 0x7fb7d8871760>\nmessage = \"Can't find element by locator https://brainup.site/used-resources\"\n\n    def until(self, method, message: str = \"\"):\n        \"\"\"Calls the method provided with the driver as an argument until the \\\n        return value does not evaluate to ``False``.\n    \n        :param method: callable(WebDriver)\n        :param message: optional message for :exc:`TimeoutException`\n        :returns: the result of the last call to `method`\n        :raises: :exc:`selenium.common.exceptions.TimeoutException` if timeout occurs\n        \"\"\"\n        screen = None\n        stacktrace = None\n    \n        end_time = time.monotonic() + self._timeout\n        while True:\n            try:\n                value = method(self._driver)\n                if value:\n                    return value\n            except self._ignored_exceptions as exc:\n                screen = getattr(exc, \"screen\", None)\n                stacktrace = getattr(exc, \"stacktrace\", None)\n            time.sleep(self._poll)\n            if time.monotonic() > end_time:\n                break\n>       raise TimeoutException(message, screen, stacktrace)\nE       selenium.common.exceptions.TimeoutException: Message: Can't find element by locator https://brainup.site/used-resources\n\n/opt/hostedtoolcache/Python/3.12.8/x64/lib/python3.12/site-packages/selenium/webdriver/support/wait.py:95: TimeoutException\n\nDuring handling of the above exception, another exception occurred:\n\nself = <tests.description_page_test.TestDescriptionPage object at 0x7fb7d8ef8d70>\ndriver = <selenium.webdriver.chrome.webdriver.WebDriver (session=\"eb7e22d06edc244f1779e8a4eed5cb76\")>\nmain_page_open = None\n\n    @allure.title(\"Verify redirection to used resources page not authorized user.\")\n    def test_dp_08_verify_redirection_to_used_resources_page(self, driver, main_page_open):\n        page = DescriptionPage(driver)\n>       resources_page_url = page.transition_used_resources_page()\n\ntests/description_page_test.py:54: \n_ _ _ _ _ _ _ _ _ _ _ _ _ _ _ _ _ _ _ _ _ _ _ _ _ _ _ _ _ _ _ _ _ _ _ _ _ _ _ _ \npages/description_page.py:65: in transition_used_resources_page\n    self.check_expected_link(MainPageLinks.URL_USED_RESOURCES_PAGE)\npages/base_page.py:72: in check_expected_link\n    return Wait(self.driver, self.timeout).until(\n_ _ _ _ _ _ _ _ _ _ _ _ _ _ _ _ _ _ _ _ _ _ _ _ _ _ _ _ _ _ _ _ _ _ _ _ _ _ _ _ \n\nself = <selenium.webdriver.support.wait.WebDriverWait (session=\"eb7e22d06edc244f1779e8a4eed5cb76\")>\nmethod = <function url_to_be.<locals>._predicate at 0x7fb7d8871800>\nmessage = \"Can't find element by locator https://brainup.site/used-resources\"\n\n    def until(self, method, message: str = \"\"):\n        \"\"\"Calls the method provided with the driver as an argument until the \\\n        return value does not evaluate to ``False``.\n    \n        :param method: callable(WebDriver)\n        :param message: optional message for :exc:`TimeoutException`\n        :returns: the result of the last call to `method`\n        :raises: :exc:`selenium.common.exceptions.TimeoutException` if timeout occurs\n        \"\"\"\n        screen = None\n        stacktrace = None\n    \n        end_time = time.monotonic() + self._timeout\n        while True:\n            try:\n                value = method(self._driver)\n                if value:\n                    return value\n            except self._ignored_exceptions as exc:\n                screen = getattr(exc, \"screen\", None)\n                stacktrace = getattr(exc, \"stacktrace\", None)\n            time.sleep(self._poll)\n            if time.monotonic() > end_time:\n                break\n>       raise TimeoutException(message, screen, stacktrace)\nE       selenium.common.exceptions.TimeoutException: Message: Can't find element by locator https://brainup.site/used-resources\n\n/opt/hostedtoolcache/Python/3.12.8/x64/lib/python3.12/site-packages/selenium/webdriver/support/wait.py:95: TimeoutException",
  "flaky" : false,
  "newFailed" : false,
  "beforeStages" : [ {
    "name" : "main_page_open",
    "time" : {
      "start" : 1738720091411,
      "stop" : 1738720096357,
      "duration" : 4946
    },
    "status" : "passed",
    "steps" : [ {
      "name" : "Open page: https://brainup.site/",
      "time" : {
        "start" : 1738720091412,
        "stop" : 1738720096357,
        "duration" : 4945
      },
      "status" : "passed",
      "steps" : [ ],
      "attachments" : [ ],
      "parameters" : [ {
        "name" : "driver",
        "value" : "<selenium.webdriver.chrome.webdriver.WebDriver (session=\"eb7e22d06edc244f1779e8a4eed5cb76\")>"
      } ],
      "stepsCount" : 0,
      "attachmentsCount" : 0,
      "shouldDisplayMessage" : false,
      "hasContent" : true
    } ],
    "attachments" : [ ],
    "parameters" : [ ],
    "stepsCount" : 1,
    "attachmentsCount" : 0,
    "shouldDisplayMessage" : false,
    "hasContent" : true
  }, {
    "name" : "clear_allure_results_folder",
    "time" : {
      "start" : 1738719710061,
      "stop" : 1738719710061,
      "duration" : 0
    },
    "status" : "passed",
    "steps" : [ ],
    "attachments" : [ ],
    "parameters" : [ ],
    "stepsCount" : 0,
    "attachmentsCount" : 0,
    "shouldDisplayMessage" : false,
    "hasContent" : false
  }, {
    "name" : "driver",
    "time" : {
      "start" : 1738720090654,
      "stop" : 1738720091411,
      "duration" : 757
    },
    "status" : "passed",
    "steps" : [ ],
    "attachments" : [ ],
    "parameters" : [ ],
    "stepsCount" : 0,
    "attachmentsCount" : 0,
    "shouldDisplayMessage" : false,
    "hasContent" : false
  } ],
  "testStage" : {
    "status" : "broken",
    "statusMessage" : "selenium.common.exceptions.TimeoutException: Message: Can't find element by locator https://brainup.site/used-resources",
    "statusTrace" : "self = <pages.description_page.DescriptionPage object at 0x7fb7d89d8560>\nurl = 'https://brainup.site/used-resources'\n\n    def check_expected_link(self, url):\n        with allure.step(f'Check url is present: {url}'):\n            try:\n>               return Wait(self.driver, self.timeout).until(\n                    ec.url_to_be(url), message=f\"Can't find element by locator {url}\")\n\npages/base_page.py:68: \n_ _ _ _ _ _ _ _ _ _ _ _ _ _ _ _ _ _ _ _ _ _ _ _ _ _ _ _ _ _ _ _ _ _ _ _ _ _ _ _ \n\nself = <selenium.webdriver.support.wait.WebDriverWait (session=\"eb7e22d06edc244f1779e8a4eed5cb76\")>\nmethod = <function url_to_be.<locals>._predicate at 0x7fb7d8871760>\nmessage = \"Can't find element by locator https://brainup.site/used-resources\"\n\n    def until(self, method, message: str = \"\"):\n        \"\"\"Calls the method provided with the driver as an argument until the \\\n        return value does not evaluate to ``False``.\n    \n        :param method: callable(WebDriver)\n        :param message: optional message for :exc:`TimeoutException`\n        :returns: the result of the last call to `method`\n        :raises: :exc:`selenium.common.exceptions.TimeoutException` if timeout occurs\n        \"\"\"\n        screen = None\n        stacktrace = None\n    \n        end_time = time.monotonic() + self._timeout\n        while True:\n            try:\n                value = method(self._driver)\n                if value:\n                    return value\n            except self._ignored_exceptions as exc:\n                screen = getattr(exc, \"screen\", None)\n                stacktrace = getattr(exc, \"stacktrace\", None)\n            time.sleep(self._poll)\n            if time.monotonic() > end_time:\n                break\n>       raise TimeoutException(message, screen, stacktrace)\nE       selenium.common.exceptions.TimeoutException: Message: Can't find element by locator https://brainup.site/used-resources\n\n/opt/hostedtoolcache/Python/3.12.8/x64/lib/python3.12/site-packages/selenium/webdriver/support/wait.py:95: TimeoutException\n\nDuring handling of the above exception, another exception occurred:\n\nself = <tests.description_page_test.TestDescriptionPage object at 0x7fb7d8ef8d70>\ndriver = <selenium.webdriver.chrome.webdriver.WebDriver (session=\"eb7e22d06edc244f1779e8a4eed5cb76\")>\nmain_page_open = None\n\n    @allure.title(\"Verify redirection to used resources page not authorized user.\")\n    def test_dp_08_verify_redirection_to_used_resources_page(self, driver, main_page_open):\n        page = DescriptionPage(driver)\n>       resources_page_url = page.transition_used_resources_page()\n\ntests/description_page_test.py:54: \n_ _ _ _ _ _ _ _ _ _ _ _ _ _ _ _ _ _ _ _ _ _ _ _ _ _ _ _ _ _ _ _ _ _ _ _ _ _ _ _ \npages/description_page.py:65: in transition_used_resources_page\n    self.check_expected_link(MainPageLinks.URL_USED_RESOURCES_PAGE)\npages/base_page.py:72: in check_expected_link\n    return Wait(self.driver, self.timeout).until(\n_ _ _ _ _ _ _ _ _ _ _ _ _ _ _ _ _ _ _ _ _ _ _ _ _ _ _ _ _ _ _ _ _ _ _ _ _ _ _ _ \n\nself = <selenium.webdriver.support.wait.WebDriverWait (session=\"eb7e22d06edc244f1779e8a4eed5cb76\")>\nmethod = <function url_to_be.<locals>._predicate at 0x7fb7d8871800>\nmessage = \"Can't find element by locator https://brainup.site/used-resources\"\n\n    def until(self, method, message: str = \"\"):\n        \"\"\"Calls the method provided with the driver as an argument until the \\\n        return value does not evaluate to ``False``.\n    \n        :param method: callable(WebDriver)\n        :param message: optional message for :exc:`TimeoutException`\n        :returns: the result of the last call to `method`\n        :raises: :exc:`selenium.common.exceptions.TimeoutException` if timeout occurs\n        \"\"\"\n        screen = None\n        stacktrace = None\n    \n        end_time = time.monotonic() + self._timeout\n        while True:\n            try:\n                value = method(self._driver)\n                if value:\n                    return value\n            except self._ignored_exceptions as exc:\n                screen = getattr(exc, \"screen\", None)\n                stacktrace = getattr(exc, \"stacktrace\", None)\n            time.sleep(self._poll)\n            if time.monotonic() > end_time:\n                break\n>       raise TimeoutException(message, screen, stacktrace)\nE       selenium.common.exceptions.TimeoutException: Message: Can't find element by locator https://brainup.site/used-resources\n\n/opt/hostedtoolcache/Python/3.12.8/x64/lib/python3.12/site-packages/selenium/webdriver/support/wait.py:95: TimeoutException",
    "steps" : [ {
      "name" : "Open used resources page",
      "time" : {
        "start" : 1738720096358,
        "stop" : 1738720136825,
        "duration" : 40467
      },
      "status" : "broken",
      "statusMessage" : "selenium.common.exceptions.TimeoutException: Message: Can't find element by locator https://brainup.site/used-resources\n\n",
      "statusTrace" : "  File \"/opt/hostedtoolcache/Python/3.12.8/x64/lib/python3.12/site-packages/allure_commons/_allure.py\", line 192, in impl\n    return func(*a, **kw)\n           ^^^^^^^^^^^^^^\n  File \"/home/runner/work/auto-tests-python/auto-tests-python/pages/description_page.py\", line 65, in transition_used_resources_page\n    self.check_expected_link(MainPageLinks.URL_USED_RESOURCES_PAGE)\n  File \"/home/runner/work/auto-tests-python/auto-tests-python/pages/base_page.py\", line 72, in check_expected_link\n    return Wait(self.driver, self.timeout).until(\n           ^^^^^^^^^^^^^^^^^^^^^^^^^^^^^^^^^^^^^^\n  File \"/opt/hostedtoolcache/Python/3.12.8/x64/lib/python3.12/site-packages/selenium/webdriver/support/wait.py\", line 95, in until\n    raise TimeoutException(message, screen, stacktrace)\n",
      "steps" : [ {
        "name" : "Check url is present: https://brainup.site/used-resources",
        "time" : {
          "start" : 1738720096546,
          "stop" : 1738720136825,
          "duration" : 40279
        },
        "status" : "broken",
        "statusMessage" : "selenium.common.exceptions.TimeoutException: Message: Can't find element by locator https://brainup.site/used-resources\n\n",
        "statusTrace" : "  File \"/home/runner/work/auto-tests-python/auto-tests-python/pages/base_page.py\", line 72, in check_expected_link\n    return Wait(self.driver, self.timeout).until(\n           ^^^^^^^^^^^^^^^^^^^^^^^^^^^^^^^^^^^^^^\n  File \"/opt/hostedtoolcache/Python/3.12.8/x64/lib/python3.12/site-packages/selenium/webdriver/support/wait.py\", line 95, in until\n    raise TimeoutException(message, screen, stacktrace)\n",
        "steps" : [ ],
        "attachments" : [ ],
        "parameters" : [ ],
        "stepsCount" : 0,
        "attachmentsCount" : 0,
        "shouldDisplayMessage" : true,
        "hasContent" : true
      } ],
      "attachments" : [ ],
      "parameters" : [ ],
      "stepsCount" : 1,
      "attachmentsCount" : 0,
      "shouldDisplayMessage" : false,
      "hasContent" : true
    } ],
    "attachments" : [ {
      "uid" : "d4d175b7f751e12c",
      "name" : "Screenshot 2025-02-05 01:48:56.929882",
      "source" : "d4d175b7f751e12c.png",
      "type" : "image/png",
      "size" : 58734
    } ],
    "parameters" : [ ],
    "stepsCount" : 2,
    "attachmentsCount" : 1,
    "shouldDisplayMessage" : true,
    "hasContent" : true
  },
  "afterStages" : [ {
    "name" : "driver::0",
    "time" : {
      "start" : 1738720136931,
      "stop" : 1738720137001,
      "duration" : 70
    },
    "status" : "passed",
    "steps" : [ ],
    "attachments" : [ ],
    "parameters" : [ ],
    "stepsCount" : 0,
    "attachmentsCount" : 0,
    "shouldDisplayMessage" : false,
    "hasContent" : false
  } ],
  "labels" : [ {
    "name" : "epic",
    "value" : "Description Page."
  }, {
    "name" : "parentSuite",
    "value" : "tests"
  }, {
    "name" : "suite",
    "value" : "description_page_test"
  }, {
    "name" : "subSuite",
    "value" : "TestDescriptionPage"
  }, {
    "name" : "host",
    "value" : "fv-az1046-316"
  }, {
    "name" : "thread",
    "value" : "2431-MainThread"
  }, {
    "name" : "framework",
    "value" : "pytest"
  }, {
    "name" : "language",
    "value" : "cpython3"
  }, {
    "name" : "package",
    "value" : "tests.description_page_test"
  }, {
    "name" : "resultFormat",
    "value" : "allure2"
  } ],
  "parameters" : [ ],
  "links" : [ ],
  "hidden" : false,
  "retry" : false,
  "extra" : {
    "severity" : "normal",
    "retries" : [ ],
    "categories" : [ {
      "name" : "Test defects",
      "matchedStatuses" : [ ],
      "flaky" : false
    } ],
    "history" : {
      "statistic" : {
        "failed" : 0,
        "broken" : 43,
        "skipped" : 0,
        "passed" : 78,
        "unknown" : 0,
        "total" : 121
      },
      "items" : [ {
        "uid" : "2f6914a2325f3ec3",
        "reportUrl" : "https://lambotik.github.io/auto-tests-python/175//#testresult/2f6914a2325f3ec3",
        "status" : "broken",
        "statusDetails" : "selenium.common.exceptions.TimeoutException: Message: Can't find element by locator https://brainup.site/used-resources",
        "time" : {
          "start" : 1738633586309,
          "stop" : 1738633626758,
          "duration" : 40449
        }
      }, {
        "uid" : "bda4c7d9d0cb4596",
        "reportUrl" : "https://lambotik.github.io/auto-tests-python/174//#testresult/bda4c7d9d0cb4596",
        "status" : "broken",
        "statusDetails" : "selenium.common.exceptions.TimeoutException: Message: Can't find element by locator https://brainup.site/used-resources",
        "time" : {
          "start" : 1738547296350,
          "stop" : 1738547336806,
          "duration" : 40456
        }
      }, {
        "uid" : "6844945cfa66a83c",
        "reportUrl" : "https://lambotik.github.io/auto-tests-python/173//#testresult/6844945cfa66a83c",
        "status" : "broken",
        "statusDetails" : "selenium.common.exceptions.TimeoutException: Message: Can't find element by locator https://brainup.site/used-resources",
        "time" : {
          "start" : 1738461006689,
          "stop" : 1738461047162,
          "duration" : 40473
        }
      }, {
        "uid" : "b023b435895b76eb",
        "reportUrl" : "https://lambotik.github.io/auto-tests-python/172//#testresult/b023b435895b76eb",
        "status" : "broken",
        "statusDetails" : "selenium.common.exceptions.TimeoutException: Message: Can't find element by locator https://brainup.site/used-resources",
        "time" : {
          "start" : 1738374697428,
          "stop" : 1738374737906,
          "duration" : 40478
        }
      }, {
        "uid" : "3f9a669a95102a26",
        "reportUrl" : "https://lambotik.github.io/auto-tests-python/170//#testresult/3f9a669a95102a26",
        "status" : "broken",
        "statusDetails" : "selenium.common.exceptions.TimeoutException: Message: Can't find element by locator https://brainup.site/used-resources",
        "time" : {
          "start" : 1738201525035,
          "stop" : 1738201565503,
          "duration" : 40468
        }
      }, {
        "uid" : "c7216be30b323391",
        "reportUrl" : "https://lambotik.github.io/auto-tests-python/169//#testresult/c7216be30b323391",
        "status" : "broken",
        "statusDetails" : "selenium.common.exceptions.TimeoutException: Message: Can't find element by locator https://brainup.site/used-resources",
        "time" : {
          "start" : 1738115132013,
          "stop" : 1738115172500,
          "duration" : 40487
        }
      }, {
        "uid" : "dd688fcdf6d4ca5f",
        "reportUrl" : "https://lambotik.github.io/auto-tests-python/168//#testresult/dd688fcdf6d4ca5f",
        "status" : "broken",
        "statusDetails" : "selenium.common.exceptions.TimeoutException: Message: Can't find element by locator https://brainup.site/used-resources",
        "time" : {
          "start" : 1738028768466,
          "stop" : 1738028808892,
          "duration" : 40426
        }
      }, {
        "uid" : "61b0047e3e66818d",
        "reportUrl" : "https://lambotik.github.io/auto-tests-python/167//#testresult/61b0047e3e66818d",
        "status" : "broken",
        "statusDetails" : "selenium.common.exceptions.TimeoutException: Message: Can't find element by locator https://brainup.site/used-resources",
        "time" : {
          "start" : 1737942449491,
          "stop" : 1737942489940,
          "duration" : 40449
        }
      }, {
        "uid" : "ef7e7ae1d6466a88",
        "reportUrl" : "https://lambotik.github.io/auto-tests-python/166//#testresult/ef7e7ae1d6466a88",
        "status" : "broken",
        "statusDetails" : "selenium.common.exceptions.TimeoutException: Message: Can't find element by locator https://brainup.site/used-resources",
        "time" : {
          "start" : 1737856095468,
          "stop" : 1737856135992,
          "duration" : 40524
        }
      }, {
        "uid" : "48729b68f1f831d5",
        "reportUrl" : "https://lambotik.github.io/auto-tests-python/165//#testresult/48729b68f1f831d5",
        "status" : "broken",
        "statusDetails" : "selenium.common.exceptions.TimeoutException: Message: Can't find element by locator https://brainup.site/used-resources",
        "time" : {
          "start" : 1737769324148,
          "stop" : 1737769364625,
          "duration" : 40477
        }
      }, {
        "uid" : "5186390425c48e48",
        "reportUrl" : "https://lambotik.github.io/auto-tests-python/164//#testresult/5186390425c48e48",
        "status" : "broken",
        "statusDetails" : "selenium.common.exceptions.TimeoutException: Message: Can't find element by locator https://brainup.site/used-resources",
        "time" : {
          "start" : 1737683161349,
          "stop" : 1737683201812,
          "duration" : 40463
        }
      }, {
        "uid" : "49c1ebc20e44448b",
        "reportUrl" : "https://lambotik.github.io/auto-tests-python/163//#testresult/49c1ebc20e44448b",
        "status" : "broken",
        "statusDetails" : "selenium.common.exceptions.TimeoutException: Message: Can't find element by locator https://brainup.site/used-resources",
        "time" : {
          "start" : 1737596766404,
          "stop" : 1737596806844,
          "duration" : 40440
        }
      }, {
        "uid" : "5a382ad1ceb13da9",
        "reportUrl" : "https://lambotik.github.io/auto-tests-python/162//#testresult/5a382ad1ceb13da9",
        "status" : "broken",
        "statusDetails" : "selenium.common.exceptions.TimeoutException: Message: Can't find element by locator https://brainup.site/used-resources",
        "time" : {
          "start" : 1737510441688,
          "stop" : 1737510482129,
          "duration" : 40441
        }
      }, {
        "uid" : "ff19428c7b109aa8",
        "reportUrl" : "https://lambotik.github.io/auto-tests-python/161//#testresult/ff19428c7b109aa8",
        "status" : "broken",
        "statusDetails" : "selenium.common.exceptions.TimeoutException: Message: Can't find element by locator https://brainup.site/used-resources",
        "time" : {
          "start" : 1737423975888,
          "stop" : 1737424016334,
          "duration" : 40446
        }
      }, {
        "uid" : "88e80258af1ba269",
        "reportUrl" : "https://lambotik.github.io/auto-tests-python/160//#testresult/88e80258af1ba269",
        "status" : "broken",
        "statusDetails" : "selenium.common.exceptions.TimeoutException: Message: Can't find element by locator https://brainup.site/used-resources",
        "time" : {
          "start" : 1737337669906,
          "stop" : 1737337710338,
          "duration" : 40432
        }
      }, {
        "uid" : "a0d7d52d0646db9b",
        "reportUrl" : "https://lambotik.github.io/auto-tests-python/159//#testresult/a0d7d52d0646db9b",
        "status" : "broken",
        "statusDetails" : "selenium.common.exceptions.TimeoutException: Message: Can't find element by locator https://brainup.site/used-resources",
        "time" : {
          "start" : 1737251541270,
          "stop" : 1737251581709,
          "duration" : 40439
        }
      }, {
        "uid" : "9b9cb91089c0bc15",
        "reportUrl" : "https://lambotik.github.io/auto-tests-python/158//#testresult/9b9cb91089c0bc15",
        "status" : "broken",
        "statusDetails" : "selenium.common.exceptions.TimeoutException: Message: Can't find element by locator https://brainup.site/used-resources",
        "time" : {
          "start" : 1737164538823,
          "stop" : 1737164579282,
          "duration" : 40459
        }
      }, {
        "uid" : "4ef002694acb568",
        "reportUrl" : "https://lambotik.github.io/auto-tests-python/157//#testresult/4ef002694acb568",
        "status" : "broken",
        "statusDetails" : "selenium.common.exceptions.TimeoutException: Message: Can't find element by locator https://brainup.site/used-resources",
        "time" : {
          "start" : 1737078276754,
          "stop" : 1737078317214,
          "duration" : 40460
        }
      }, {
        "uid" : "b5b3919bb5c3b9bc",
        "reportUrl" : "https://lambotik.github.io/auto-tests-python/156//#testresult/b5b3919bb5c3b9bc",
        "status" : "broken",
        "statusDetails" : "selenium.common.exceptions.TimeoutException: Message: Can't find element by locator https://brainup.site/used-resources",
        "time" : {
          "start" : 1736991955294,
          "stop" : 1736991995780,
          "duration" : 40486
        }
      }, {
        "uid" : "360237099b528365",
        "reportUrl" : "https://lambotik.github.io/auto-tests-python/155//#testresult/360237099b528365",
        "status" : "broken",
        "statusDetails" : "selenium.common.exceptions.TimeoutException: Message: Can't find element by locator https://brainup.site/used-resources",
        "time" : {
          "start" : 1736905565159,
          "stop" : 1736905605617,
          "duration" : 40458
        }
      } ]
    },
    "tags" : [ ]
  },
  "source" : "4780fbf2912e8f90.json",
  "parameterValues" : [ ]
}