{
  "uid" : "d62dd60b3ea873d4",
  "name" : "Verify presence, visibility and attributes of icons in sections",
  "fullName" : "tests.used_resources_page_test.TestUsedResourcesPageForAuthorizedUserIcons#test_ur_04_01_verify_icons_in_sections",
  "historyId" : "8affe82e47abf3aece748234d39e99a4",
  "time" : {
    "start" : 1735957226368,
    "stop" : 1735957226368,
    "duration" : 0
  },
  "status" : "broken",
  "statusMessage" : "selenium.common.exceptions.TimeoutException: Message: Can't find element by locator https://brainup.site/groups",
  "statusTrace" : "self = <pages.base_page.BasePage object at 0x7f2817caea20>\nurl = 'https://brainup.site/groups'\n\n    def check_expected_link(self, url):\n        with allure.step(f'Check url is present: {url}'):\n            try:\n>               return Wait(self.driver, self.timeout).until(\n                    ec.url_to_be(url), message=f\"Can't find element by locator {url}\")\n\npages/base_page.py:68: \n_ _ _ _ _ _ _ _ _ _ _ _ _ _ _ _ _ _ _ _ _ _ _ _ _ _ _ _ _ _ _ _ _ _ _ _ _ _ _ _ \n\nself = <selenium.webdriver.support.wait.WebDriverWait (session=\"adf1510d92360d7ffd486a4f0dc833d6\")>\nmethod = <function url_to_be.<locals>._predicate at 0x7f2817c95760>\nmessage = \"Can't find element by locator https://brainup.site/groups\"\n\n    def until(self, method, message: str = \"\"):\n        \"\"\"Calls the method provided with the driver as an argument until the \\\n        return value does not evaluate to ``False``.\n    \n        :param method: callable(WebDriver)\n        :param message: optional message for :exc:`TimeoutException`\n        :returns: the result of the last call to `method`\n        :raises: :exc:`selenium.common.exceptions.TimeoutException` if timeout occurs\n        \"\"\"\n        screen = None\n        stacktrace = None\n    \n        end_time = time.monotonic() + self._timeout\n        while True:\n            try:\n                value = method(self._driver)\n                if value:\n                    return value\n            except self._ignored_exceptions as exc:\n                screen = getattr(exc, \"screen\", None)\n                stacktrace = getattr(exc, \"stacktrace\", None)\n            time.sleep(self._poll)\n            if time.monotonic() > end_time:\n                break\n>       raise TimeoutException(message, screen, stacktrace)\nE       selenium.common.exceptions.TimeoutException: Message: Can't find element by locator https://brainup.site/groups\n\n/opt/hostedtoolcache/Python/3.12.8/x64/lib/python3.12/site-packages/selenium/webdriver/support/wait.py:95: TimeoutException\n\nDuring handling of the above exception, another exception occurred:\n\ndriver = <selenium.webdriver.chrome.webdriver.WebDriver (session=\"adf1510d92360d7ffd486a4f0dc833d6\")>\nmain_page_open = None\n\n    @pytest.fixture()\n    @allure.step('Auto test user authorized')\n    def auto_test_user_authorized(driver, main_page_open):\n        page = BasePage(driver)\n        page.element_is_present_and_clickable(MainPageLocators.LOGIN_BUTTON).click()\n        page.element_is_visible(LoginPageLocators.INPUT_LOGIN).send_keys(os.environ[\"LOGIN\"])\n        page.element_is_visible(LoginPageLocators.INPUT_PASSWORD).send_keys(os.environ[\"PASSWORD\"])\n        page.element_is_present_and_clickable(LoginPageLocators.SIGN_IN_BUTTON).click()\n>       page.check_expected_link(MainPageLinks.URL_GROUPS_PAGE)\n\ntests/conftest.py:71: \n_ _ _ _ _ _ _ _ _ _ _ _ _ _ _ _ _ _ _ _ _ _ _ _ _ _ _ _ _ _ _ _ _ _ _ _ _ _ _ _ \npages/base_page.py:72: in check_expected_link\n    return Wait(self.driver, self.timeout).until(\n_ _ _ _ _ _ _ _ _ _ _ _ _ _ _ _ _ _ _ _ _ _ _ _ _ _ _ _ _ _ _ _ _ _ _ _ _ _ _ _ \n\nself = <selenium.webdriver.support.wait.WebDriverWait (session=\"adf1510d92360d7ffd486a4f0dc833d6\")>\nmethod = <function url_to_be.<locals>._predicate at 0x7f2817c958a0>\nmessage = \"Can't find element by locator https://brainup.site/groups\"\n\n    def until(self, method, message: str = \"\"):\n        \"\"\"Calls the method provided with the driver as an argument until the \\\n        return value does not evaluate to ``False``.\n    \n        :param method: callable(WebDriver)\n        :param message: optional message for :exc:`TimeoutException`\n        :returns: the result of the last call to `method`\n        :raises: :exc:`selenium.common.exceptions.TimeoutException` if timeout occurs\n        \"\"\"\n        screen = None\n        stacktrace = None\n    \n        end_time = time.monotonic() + self._timeout\n        while True:\n            try:\n                value = method(self._driver)\n                if value:\n                    return value\n            except self._ignored_exceptions as exc:\n                screen = getattr(exc, \"screen\", None)\n                stacktrace = getattr(exc, \"stacktrace\", None)\n            time.sleep(self._poll)\n            if time.monotonic() > end_time:\n                break\n>       raise TimeoutException(message, screen, stacktrace)\nE       selenium.common.exceptions.TimeoutException: Message: Can't find element by locator https://brainup.site/groups\n\n/opt/hostedtoolcache/Python/3.12.8/x64/lib/python3.12/site-packages/selenium/webdriver/support/wait.py:95: TimeoutException",
  "flaky" : false,
  "newFailed" : false,
  "beforeStages" : [ {
    "name" : "auto_test_user_authorized",
    "time" : {
      "start" : 1735957231580,
      "stop" : 1735957272225,
      "duration" : 40645
    },
    "status" : "broken",
    "statusMessage" : "selenium.common.exceptions.TimeoutException: Message: Can't find element by locator https://brainup.site/groups\n\n",
    "statusTrace" : "  File \"/opt/hostedtoolcache/Python/3.12.8/x64/lib/python3.12/site-packages/pluggy/_callers.py\", line 103, in _multicall\n    res = hook_impl.function(*args)\n          ^^^^^^^^^^^^^^^^^^^^^^^^^\n  File \"/opt/hostedtoolcache/Python/3.12.8/x64/lib/python3.12/site-packages/_pytest/fixtures.py\", line 1123, in pytest_fixture_setup\n    result = call_fixture_func(fixturefunc, request, kwargs)\n             ^^^^^^^^^^^^^^^^^^^^^^^^^^^^^^^^^^^^^^^^^^^^^^^\n  File \"/opt/hostedtoolcache/Python/3.12.8/x64/lib/python3.12/site-packages/_pytest/fixtures.py\", line 902, in call_fixture_func\n    fixture_result = fixturefunc(**kwargs)\n                     ^^^^^^^^^^^^^^^^^^^^^\n  File \"/opt/hostedtoolcache/Python/3.12.8/x64/lib/python3.12/site-packages/allure_commons/_allure.py\", line 192, in impl\n    return func(*a, **kw)\n           ^^^^^^^^^^^^^^\n  File \"/home/runner/work/auto-tests-python/auto-tests-python/tests/conftest.py\", line 71, in auto_test_user_authorized\n    page.check_expected_link(MainPageLinks.URL_GROUPS_PAGE)\n  File \"/home/runner/work/auto-tests-python/auto-tests-python/pages/base_page.py\", line 72, in check_expected_link\n    return Wait(self.driver, self.timeout).until(\n           ^^^^^^^^^^^^^^^^^^^^^^^^^^^^^^^^^^^^^^\n  File \"/opt/hostedtoolcache/Python/3.12.8/x64/lib/python3.12/site-packages/selenium/webdriver/support/wait.py\", line 95, in until\n    raise TimeoutException(message, screen, stacktrace)\n",
    "steps" : [ {
      "name" : "Auto test user authorized",
      "time" : {
        "start" : 1735957231580,
        "stop" : 1735957272224,
        "duration" : 40644
      },
      "status" : "broken",
      "statusMessage" : "selenium.common.exceptions.TimeoutException: Message: Can't find element by locator https://brainup.site/groups\n\n",
      "statusTrace" : "  File \"/opt/hostedtoolcache/Python/3.12.8/x64/lib/python3.12/site-packages/allure_commons/_allure.py\", line 192, in impl\n    return func(*a, **kw)\n           ^^^^^^^^^^^^^^\n  File \"/home/runner/work/auto-tests-python/auto-tests-python/tests/conftest.py\", line 71, in auto_test_user_authorized\n    page.check_expected_link(MainPageLinks.URL_GROUPS_PAGE)\n  File \"/home/runner/work/auto-tests-python/auto-tests-python/pages/base_page.py\", line 72, in check_expected_link\n    return Wait(self.driver, self.timeout).until(\n           ^^^^^^^^^^^^^^^^^^^^^^^^^^^^^^^^^^^^^^\n  File \"/opt/hostedtoolcache/Python/3.12.8/x64/lib/python3.12/site-packages/selenium/webdriver/support/wait.py\", line 95, in until\n    raise TimeoutException(message, screen, stacktrace)\n",
      "steps" : [ {
        "name" : "Check url is present: https://brainup.site/groups",
        "time" : {
          "start" : 1735957231932,
          "stop" : 1735957272224,
          "duration" : 40292
        },
        "status" : "broken",
        "statusMessage" : "selenium.common.exceptions.TimeoutException: Message: Can't find element by locator https://brainup.site/groups\n\n",
        "statusTrace" : "  File \"/home/runner/work/auto-tests-python/auto-tests-python/pages/base_page.py\", line 72, in check_expected_link\n    return Wait(self.driver, self.timeout).until(\n           ^^^^^^^^^^^^^^^^^^^^^^^^^^^^^^^^^^^^^^\n  File \"/opt/hostedtoolcache/Python/3.12.8/x64/lib/python3.12/site-packages/selenium/webdriver/support/wait.py\", line 95, in until\n    raise TimeoutException(message, screen, stacktrace)\n",
        "steps" : [ ],
        "attachments" : [ ],
        "parameters" : [ ],
        "stepsCount" : 0,
        "attachmentsCount" : 0,
        "shouldDisplayMessage" : true,
        "hasContent" : true
      } ],
      "attachments" : [ ],
      "parameters" : [ {
        "name" : "driver",
        "value" : "<selenium.webdriver.chrome.webdriver.WebDriver (session=\"adf1510d92360d7ffd486a4f0dc833d6\")>"
      }, {
        "name" : "main_page_open",
        "value" : "None"
      } ],
      "stepsCount" : 1,
      "attachmentsCount" : 0,
      "shouldDisplayMessage" : false,
      "hasContent" : true
    } ],
    "attachments" : [ ],
    "parameters" : [ ],
    "stepsCount" : 2,
    "attachmentsCount" : 0,
    "shouldDisplayMessage" : false,
    "hasContent" : true
  }, {
    "name" : "driver",
    "time" : {
      "start" : 1735957226368,
      "stop" : 1735957227123,
      "duration" : 755
    },
    "status" : "passed",
    "steps" : [ ],
    "attachments" : [ ],
    "parameters" : [ ],
    "stepsCount" : 0,
    "attachmentsCount" : 0,
    "shouldDisplayMessage" : false,
    "hasContent" : false
  }, {
    "name" : "main_page_open",
    "time" : {
      "start" : 1735957227123,
      "stop" : 1735957231580,
      "duration" : 4457
    },
    "status" : "passed",
    "steps" : [ {
      "name" : "Open page: https://brainup.site/",
      "time" : {
        "start" : 1735957227123,
        "stop" : 1735957231580,
        "duration" : 4457
      },
      "status" : "passed",
      "steps" : [ ],
      "attachments" : [ ],
      "parameters" : [ {
        "name" : "driver",
        "value" : "<selenium.webdriver.chrome.webdriver.WebDriver (session=\"adf1510d92360d7ffd486a4f0dc833d6\")>"
      } ],
      "stepsCount" : 0,
      "attachmentsCount" : 0,
      "shouldDisplayMessage" : false,
      "hasContent" : true
    } ],
    "attachments" : [ ],
    "parameters" : [ ],
    "stepsCount" : 1,
    "attachmentsCount" : 0,
    "shouldDisplayMessage" : false,
    "hasContent" : true
  }, {
    "name" : "clear_allure_results_folder",
    "time" : {
      "start" : 1735954839805,
      "stop" : 1735954839805,
      "duration" : 0
    },
    "status" : "passed",
    "steps" : [ ],
    "attachments" : [ ],
    "parameters" : [ ],
    "stepsCount" : 0,
    "attachmentsCount" : 0,
    "shouldDisplayMessage" : false,
    "hasContent" : false
  } ],
  "afterStages" : [ {
    "name" : "driver::0",
    "time" : {
      "start" : 1735957272239,
      "stop" : 1735957272311,
      "duration" : 72
    },
    "status" : "passed",
    "steps" : [ ],
    "attachments" : [ ],
    "parameters" : [ ],
    "stepsCount" : 0,
    "attachmentsCount" : 0,
    "shouldDisplayMessage" : false,
    "hasContent" : false
  } ],
  "labels" : [ {
    "name" : "epic",
    "value" : "Test Used Resources Page"
  }, {
    "name" : "parentSuite",
    "value" : "tests"
  }, {
    "name" : "suite",
    "value" : "used_resources_page_test"
  }, {
    "name" : "subSuite",
    "value" : "TestUsedResourcesPage"
  }, {
    "name" : "host",
    "value" : "fv-az1376-916"
  }, {
    "name" : "thread",
    "value" : "2400-MainThread"
  }, {
    "name" : "framework",
    "value" : "pytest"
  }, {
    "name" : "language",
    "value" : "cpython3"
  }, {
    "name" : "package",
    "value" : "tests.used_resources_page_test"
  }, {
    "name" : "resultFormat",
    "value" : "allure2"
  } ],
  "parameters" : [ ],
  "links" : [ ],
  "hidden" : false,
  "retry" : false,
  "extra" : {
    "severity" : "normal",
    "retries" : [ ],
    "categories" : [ {
      "name" : "Test defects",
      "matchedStatuses" : [ ],
      "flaky" : false
    } ],
    "history" : {
      "statistic" : {
        "failed" : 0,
        "broken" : 13,
        "skipped" : 0,
        "passed" : 50,
        "unknown" : 0,
        "total" : 63
      },
      "items" : [ {
        "uid" : "d8b74d7603e8a301",
        "reportUrl" : "https://lambotik.github.io/auto-tests-python/143//#testresult/d8b74d7603e8a301",
        "status" : "broken",
        "statusDetails" : "selenium.common.exceptions.TimeoutException: Message: Can't find element by locator https://brainup.site/groups",
        "time" : {
          "start" : 1735870848970,
          "stop" : 1735870848970,
          "duration" : 0
        }
      }, {
        "uid" : "bc771d7a72b2b66b",
        "reportUrl" : "https://lambotik.github.io/auto-tests-python/142//#testresult/bc771d7a72b2b66b",
        "status" : "broken",
        "statusDetails" : "selenium.common.exceptions.TimeoutException: Message: Can't find element by locator https://brainup.site/groups",
        "time" : {
          "start" : 1735784390089,
          "stop" : 1735784390089,
          "duration" : 0
        }
      }, {
        "uid" : "ae45f420853d5966",
        "reportUrl" : "https://lambotik.github.io/auto-tests-python/141//#testresult/ae45f420853d5966",
        "status" : "broken",
        "statusDetails" : "selenium.common.exceptions.TimeoutException: Message: Can't find element by locator https://brainup.site/groups",
        "time" : {
          "start" : 1735698422750,
          "stop" : 1735698422750,
          "duration" : 0
        }
      }, {
        "uid" : "fc91d1eb58a95a64",
        "reportUrl" : "https://lambotik.github.io/auto-tests-python/140//#testresult/fc91d1eb58a95a64",
        "status" : "broken",
        "statusDetails" : "selenium.common.exceptions.TimeoutException: Message: Can't find element by locator https://brainup.site/groups",
        "time" : {
          "start" : 1735611741881,
          "stop" : 1735611741881,
          "duration" : 0
        }
      }, {
        "uid" : "a6629e5c277a3705",
        "reportUrl" : "https://lambotik.github.io/auto-tests-python/139//#testresult/a6629e5c277a3705",
        "status" : "broken",
        "statusDetails" : "selenium.common.exceptions.TimeoutException: Message: Can't find element by locator https://brainup.site/groups",
        "time" : {
          "start" : 1735525414165,
          "stop" : 1735525414165,
          "duration" : 0
        }
      }, {
        "uid" : "2a92860bae9e4929",
        "reportUrl" : "https://lambotik.github.io/auto-tests-python/138//#testresult/2a92860bae9e4929",
        "status" : "broken",
        "statusDetails" : "selenium.common.exceptions.TimeoutException: Message: Can't find element by locator https://brainup.site/groups",
        "time" : {
          "start" : 1735439269819,
          "stop" : 1735439269819,
          "duration" : 0
        }
      }, {
        "uid" : "7fea535eba82a721",
        "reportUrl" : "https://lambotik.github.io/auto-tests-python/137//#testresult/7fea535eba82a721",
        "status" : "broken",
        "statusDetails" : "selenium.common.exceptions.TimeoutException: Message: Can't find element by locator https://brainup.site/groups",
        "time" : {
          "start" : 1735352237179,
          "stop" : 1735352237179,
          "duration" : 0
        }
      }, {
        "uid" : "a3080b2941567666",
        "reportUrl" : "https://lambotik.github.io/auto-tests-python/136//#testresult/a3080b2941567666",
        "status" : "broken",
        "statusDetails" : "selenium.common.exceptions.TimeoutException: Message: Can't find element by locator https://brainup.site/groups",
        "time" : {
          "start" : 1735266176154,
          "stop" : 1735266176154,
          "duration" : 0
        }
      }, {
        "uid" : "f77eadcc7197a64a",
        "reportUrl" : "https://lambotik.github.io/auto-tests-python/81//#testresult/f77eadcc7197a64a",
        "status" : "passed",
        "time" : {
          "start" : 1730512685232,
          "stop" : 1730512686056,
          "duration" : 824
        }
      }, {
        "uid" : "4af5ed6548f1fd78",
        "reportUrl" : "https://lambotik.github.io/auto-tests-python/80//#testresult/4af5ed6548f1fd78",
        "status" : "passed",
        "time" : {
          "start" : 1730426940106,
          "stop" : 1730426940925,
          "duration" : 819
        }
      }, {
        "uid" : "47baf7917904eafa",
        "reportUrl" : "https://lambotik.github.io/auto-tests-python/79//#testresult/47baf7917904eafa",
        "status" : "passed",
        "time" : {
          "start" : 1730340113288,
          "stop" : 1730340114104,
          "duration" : 816
        }
      }, {
        "uid" : "5040e2cb40cedf78",
        "reportUrl" : "https://lambotik.github.io/auto-tests-python/78//#testresult/5040e2cb40cedf78",
        "status" : "passed",
        "time" : {
          "start" : 1730253461507,
          "stop" : 1730253462307,
          "duration" : 800
        }
      }, {
        "uid" : "2bdf35483229aea9",
        "reportUrl" : "https://lambotik.github.io/auto-tests-python/77//#testresult/2bdf35483229aea9",
        "status" : "passed",
        "time" : {
          "start" : 1730167186924,
          "stop" : 1730167187763,
          "duration" : 839
        }
      }, {
        "uid" : "c34ed0f4d60c5f21",
        "reportUrl" : "https://lambotik.github.io/auto-tests-python/76//#testresult/c34ed0f4d60c5f21",
        "status" : "passed",
        "time" : {
          "start" : 1730080941072,
          "stop" : 1730080941894,
          "duration" : 822
        }
      }, {
        "uid" : "520c1e921f41c7d0",
        "reportUrl" : "https://lambotik.github.io/auto-tests-python/75//#testresult/520c1e921f41c7d0",
        "status" : "passed",
        "time" : {
          "start" : 1729994934172,
          "stop" : 1729994934974,
          "duration" : 802
        }
      }, {
        "uid" : "172843e5807bb9ff",
        "reportUrl" : "https://lambotik.github.io/auto-tests-python/74//#testresult/172843e5807bb9ff",
        "status" : "passed",
        "time" : {
          "start" : 1729907619826,
          "stop" : 1729907620621,
          "duration" : 795
        }
      }, {
        "uid" : "316e00828d7760f1",
        "reportUrl" : "https://lambotik.github.io/auto-tests-python/73//#testresult/316e00828d7760f1",
        "status" : "passed",
        "time" : {
          "start" : 1729821489310,
          "stop" : 1729821490132,
          "duration" : 822
        }
      }, {
        "uid" : "95882834e0ce565e",
        "reportUrl" : "https://lambotik.github.io/auto-tests-python/72//#testresult/95882834e0ce565e",
        "status" : "passed",
        "time" : {
          "start" : 1729734991453,
          "stop" : 1729734992253,
          "duration" : 800
        }
      }, {
        "uid" : "7645f7a3c2d8dae4",
        "reportUrl" : "https://lambotik.github.io/auto-tests-python/71//#testresult/7645f7a3c2d8dae4",
        "status" : "passed",
        "time" : {
          "start" : 1729648816984,
          "stop" : 1729648817856,
          "duration" : 872
        }
      }, {
        "uid" : "f7a0226dc925073b",
        "reportUrl" : "https://lambotik.github.io/auto-tests-python/70//#testresult/f7a0226dc925073b",
        "status" : "passed",
        "time" : {
          "start" : 1729562583157,
          "stop" : 1729562584031,
          "duration" : 874
        }
      } ]
    },
    "tags" : [ ]
  },
  "source" : "d62dd60b3ea873d4.json",
  "parameterValues" : [ ]
}