{
  "uid" : "b01313c3c5899e3",
  "name" : "Solutions to a random task in the \"Слова Королёвой\" .",
  "fullName" : "tests.test_speech_exercises_ru.TestCardsRU#test_solve_koroleva_cards_ru",
  "historyId" : "c9fe4fbd9394e2fb5a6898be66ba433b",
  "time" : {
    "start" : 1717606008863,
    "stop" : 1717606082275,
    "duration" : 73412
  },
  "status" : "skipped",
  "statusMessage" : "XFAIL\n\nselenium.common.exceptions.TimeoutException: Message: Can't find element by locator ('xpath', '//h3[@class=\"mt-6 mb-6 text-2xl font-semibold\"]')\nStacktrace:\n#0 0x5598d592ae3a <unknown>\n#1 0x5598d561445c <unknown>\n#2 0x5598d56605b5 <unknown>\n#3 0x5598d5660671 <unknown>\n#4 0x5598d56a4f14 <unknown>\n#5 0x5598d56834dd <unknown>\n#6 0x5598d56a22cc <unknown>\n#7 0x5598d5683253 <unknown>\n#8 0x5598d56531c7 <unknown>\n#9 0x5598d5653b3e <unknown>\n#10 0x5598d58f127b <unknown>\n#11 0x5598d58f5327 <unknown>\n#12 0x5598d58dddae <unknown>\n#13 0x5598d58f5df2 <unknown>\n#14 0x5598d58c274f <unknown>\n#15 0x5598d591a128 <unknown>\n#16 0x5598d591a2fb <unknown>\n#17 0x5598d5929f6c <unknown>\n#18 0x7fee9a694ac3 <unknown>",
  "statusTrace" : "self = <pages.speech_exercises_page_ru.SpeechExercisesPageRU object at 0x7f108f9366c0>\n\n    @allure.step('get_correct_answer')\n    def get_correct_answer(self):\n        try:\n            while True:\n                time.sleep(1)\n                self.element_is_present(self.locators.SpeechExercisesPageLocators.CORRECT_ANSWER)\n                answer_value = self.element_is_present(\n                    self.locators.SpeechExercisesPageLocators.CORRECT_ANSWER).get_attribute(\n                    'data-correct-answer')\n                print('Answer_value: ', answer_value)\n    \n                if answer_value != \"undefined\" and ',' not in answer_value:\n                    try:\n                        correct_card = self.element_is_present_and_clickable(\n                            (By.XPATH, f'//*[text()=\"{answer_value}\"]'))\n                        self.action_move_to_element(correct_card)\n                        correct_card.click()\n                    except Exception as ex:\n                        print(ex)\n                        correct_card = self.element_is_present_and_clickable(\n                            (By.XPATH, f'//*[text()=\"{answer_value}\"]'))\n                        self.action_move_to_element(correct_card)\n                        correct_card.click()\n                elif ',' in answer_value:\n                    time.sleep(1)\n                    self.element_is_present(self.locators.SpeechExercisesPageLocators.CORRECT_ANSWER)\n                    answer_value = self.element_is_present(\n                        self.locators.SpeechExercisesPageLocators.CORRECT_ANSWER).get_attribute(\n                        'data-correct-answer')\n                    list_answers = answer_value.split(',')\n                    for answer in list_answers:\n                        print('answer', answer_value)\n                        try:\n>                           correct_card = self.element_is_present_and_clickable(\n                                (By.XPATH, f'//*[text()=\"{answer}\"]'))\n\npages/speech_exercises_page_ru.py:139: \n_ _ _ _ _ _ _ _ _ _ _ _ _ _ _ _ _ _ _ _ _ _ _ _ _ _ _ _ _ _ _ _ _ _ _ _ _ _ _ _ \npages/base_page.py:34: in element_is_present_and_clickable\n    self.element_is_clickable(locator))\npages/base_page.py:66: in element_is_clickable\n    return Wait(self.driver, self.timeout).until(\n_ _ _ _ _ _ _ _ _ _ _ _ _ _ _ _ _ _ _ _ _ _ _ _ _ _ _ _ _ _ _ _ _ _ _ _ _ _ _ _ \n\nself = <selenium.webdriver.support.wait.WebDriverWait (session=\"e348d96c76788f946abf2b45ce5b2763\")>\nmethod = <function element_to_be_clickable.<locals>._predicate at 0x7f108f86ec00>\nmessage = 'Can\\'t find element by locator (\\'xpath\\', \\'//*[text()=\"круг\"]\\')'\n\n    def until(self, method, message: str = \"\"):\n        \"\"\"Calls the method provided with the driver as an argument until the \\\n        return value does not evaluate to ``False``.\n    \n        :param method: callable(WebDriver)\n        :param message: optional message for :exc:`TimeoutException`\n        :returns: the result of the last call to `method`\n        :raises: :exc:`selenium.common.exceptions.TimeoutException` if timeout occurs\n        \"\"\"\n        screen = None\n        stacktrace = None\n    \n        end_time = time.monotonic() + self._timeout\n        while True:\n            try:\n                value = method(self._driver)\n                if value:\n                    return value\n            except self._ignored_exceptions as exc:\n                screen = getattr(exc, \"screen\", None)\n                stacktrace = getattr(exc, \"stacktrace\", None)\n            time.sleep(self._poll)\n            if time.monotonic() > end_time:\n                break\n>       raise TimeoutException(message, screen, stacktrace)\nE       selenium.common.exceptions.TimeoutException: Message: Can't find element by locator ('xpath', '//*[text()=\"круг\"]')\n\n/opt/hostedtoolcache/Python/3.12.3/x64/lib/python3.12/site-packages/selenium/webdriver/support/wait.py:95: TimeoutException\n\nDuring handling of the above exception, another exception occurred:\n\nself = <pages.speech_exercises_page_ru.SpeechExercisesPageRU object at 0x7f108f9366c0>\n\n    @allure.step('get_correct_answer')\n    def get_correct_answer(self):\n        try:\n            while True:\n                time.sleep(1)\n                self.element_is_present(self.locators.SpeechExercisesPageLocators.CORRECT_ANSWER)\n                answer_value = self.element_is_present(\n                    self.locators.SpeechExercisesPageLocators.CORRECT_ANSWER).get_attribute(\n                    'data-correct-answer')\n                print('Answer_value: ', answer_value)\n    \n                if answer_value != \"undefined\" and ',' not in answer_value:\n                    try:\n                        correct_card = self.element_is_present_and_clickable(\n                            (By.XPATH, f'//*[text()=\"{answer_value}\"]'))\n                        self.action_move_to_element(correct_card)\n                        correct_card.click()\n                    except Exception as ex:\n                        print(ex)\n                        correct_card = self.element_is_present_and_clickable(\n                            (By.XPATH, f'//*[text()=\"{answer_value}\"]'))\n                        self.action_move_to_element(correct_card)\n                        correct_card.click()\n                elif ',' in answer_value:\n                    time.sleep(1)\n                    self.element_is_present(self.locators.SpeechExercisesPageLocators.CORRECT_ANSWER)\n                    answer_value = self.element_is_present(\n                        self.locators.SpeechExercisesPageLocators.CORRECT_ANSWER).get_attribute(\n                        'data-correct-answer')\n                    list_answers = answer_value.split(',')\n                    for answer in list_answers:\n                        print('answer', answer_value)\n                        try:\n                            correct_card = self.element_is_present_and_clickable(\n                                (By.XPATH, f'//*[text()=\"{answer}\"]'))\n                            self.action_move_to_element(correct_card)\n                            correct_card.click()\n                        except Exception as ex:\n                            print(ex)\n>                           correct_card = self.element_is_present_and_clickable(\n                                (By.XPATH, f'//*[text()=\"{answer}\"]'))\n\npages/speech_exercises_page_ru.py:145: \n_ _ _ _ _ _ _ _ _ _ _ _ _ _ _ _ _ _ _ _ _ _ _ _ _ _ _ _ _ _ _ _ _ _ _ _ _ _ _ _ \npages/base_page.py:34: in element_is_present_and_clickable\n    self.element_is_clickable(locator))\npages/base_page.py:66: in element_is_clickable\n    return Wait(self.driver, self.timeout).until(\n_ _ _ _ _ _ _ _ _ _ _ _ _ _ _ _ _ _ _ _ _ _ _ _ _ _ _ _ _ _ _ _ _ _ _ _ _ _ _ _ \n\nself = <selenium.webdriver.support.wait.WebDriverWait (session=\"e348d96c76788f946abf2b45ce5b2763\")>\nmethod = <function element_to_be_clickable.<locals>._predicate at 0x7f108f86e980>\nmessage = 'Can\\'t find element by locator (\\'xpath\\', \\'//*[text()=\"круг\"]\\')'\n\n    def until(self, method, message: str = \"\"):\n        \"\"\"Calls the method provided with the driver as an argument until the \\\n        return value does not evaluate to ``False``.\n    \n        :param method: callable(WebDriver)\n        :param message: optional message for :exc:`TimeoutException`\n        :returns: the result of the last call to `method`\n        :raises: :exc:`selenium.common.exceptions.TimeoutException` if timeout occurs\n        \"\"\"\n        screen = None\n        stacktrace = None\n    \n        end_time = time.monotonic() + self._timeout\n        while True:\n            try:\n                value = method(self._driver)\n                if value:\n                    return value\n            except self._ignored_exceptions as exc:\n                screen = getattr(exc, \"screen\", None)\n                stacktrace = getattr(exc, \"stacktrace\", None)\n            time.sleep(self._poll)\n            if time.monotonic() > end_time:\n                break\n>       raise TimeoutException(message, screen, stacktrace)\nE       selenium.common.exceptions.TimeoutException: Message: Can't find element by locator ('xpath', '//*[text()=\"круг\"]')\n\n/opt/hostedtoolcache/Python/3.12.3/x64/lib/python3.12/site-packages/selenium/webdriver/support/wait.py:95: TimeoutException\n\nDuring handling of the above exception, another exception occurred:\n\nself = <tests.test_speech_exercises_ru.TestCardsRU object at 0x7f108f7a4830>\ndriver = <selenium.webdriver.chrome.webdriver.WebDriver (session=\"e348d96c76788f946abf2b45ce5b2763\")>\ndefault_user_authorized = None\n\n    @pytest.mark.xfail\n    @allure.suite(\"Речевые упражнения.\")\n    @allure.title('Solutions to a random task in the \"Слова Королёвой\" .')\n    def test_solve_koroleva_cards_ru(self, driver, default_user_authorized):\n        page = SpeechExercisesPageRU(driver)\n        page.click_button_exercises()\n        page.select_group(SpeechExercisesPageLocators.WORDS_BY_KOROLEVA_BUTTON)\n        seria_id = page.set_url_to_get_id_words_koroleva_ru_group()\n        card_id = page.click_random_card()\n    \n        page = SpeechExercisesAPI(driver)\n        payloads = page.get_random_id_from_list_sub_group_default(card_id, seria_id)\n        random_id = page.get_random_id_from_payloads(payloads)\n        driver.get(driver.current_url + f'/exercise/{random_id}')  # Open the URL with the received card ID\n    \n        page.click_start_and_get_list_words_ru()\n        page = SpeechExercisesPageRU(driver)\n>       message = page.get_correct_answer()\n\ntests/test_speech_exercises_ru.py:156: \n_ _ _ _ _ _ _ _ _ _ _ _ _ _ _ _ _ _ _ _ _ _ _ _ _ _ _ _ _ _ _ _ _ _ _ _ _ _ _ _ \npages/speech_exercises_page_ru.py:155: in get_correct_answer\n    message = self.element_is_present(self.locators.SpeechExercisesPageLocators.CONGRATULATION_MESSAGE)\npages/base_page.py:55: in element_is_present\n    return Wait(self.driver, self.timeout).until(\n_ _ _ _ _ _ _ _ _ _ _ _ _ _ _ _ _ _ _ _ _ _ _ _ _ _ _ _ _ _ _ _ _ _ _ _ _ _ _ _ \n\nself = <selenium.webdriver.support.wait.WebDriverWait (session=\"e348d96c76788f946abf2b45ce5b2763\")>\nmethod = <function presence_of_element_located.<locals>._predicate at 0x7f108f86eb60>\nmessage = 'Can\\'t find element by locator (\\'xpath\\', \\'//h3[@class=\"mt-6 mb-6 text-2xl font-semibold\"]\\')'\n\n    def until(self, method, message: str = \"\"):\n        \"\"\"Calls the method provided with the driver as an argument until the \\\n        return value does not evaluate to ``False``.\n    \n        :param method: callable(WebDriver)\n        :param message: optional message for :exc:`TimeoutException`\n        :returns: the result of the last call to `method`\n        :raises: :exc:`selenium.common.exceptions.TimeoutException` if timeout occurs\n        \"\"\"\n        screen = None\n        stacktrace = None\n    \n        end_time = time.monotonic() + self._timeout\n        while True:\n            try:\n                value = method(self._driver)\n                if value:\n                    return value\n            except self._ignored_exceptions as exc:\n                screen = getattr(exc, \"screen\", None)\n                stacktrace = getattr(exc, \"stacktrace\", None)\n            time.sleep(self._poll)\n            if time.monotonic() > end_time:\n                break\n>       raise TimeoutException(message, screen, stacktrace)\nE       selenium.common.exceptions.TimeoutException: Message: Can't find element by locator ('xpath', '//h3[@class=\"mt-6 mb-6 text-2xl font-semibold\"]')\nE       Stacktrace:\nE       #0 0x5598d592ae3a <unknown>\nE       #1 0x5598d561445c <unknown>\nE       #2 0x5598d56605b5 <unknown>\nE       #3 0x5598d5660671 <unknown>\nE       #4 0x5598d56a4f14 <unknown>\nE       #5 0x5598d56834dd <unknown>\nE       #6 0x5598d56a22cc <unknown>\nE       #7 0x5598d5683253 <unknown>\nE       #8 0x5598d56531c7 <unknown>\nE       #9 0x5598d5653b3e <unknown>\nE       #10 0x5598d58f127b <unknown>\nE       #11 0x5598d58f5327 <unknown>\nE       #12 0x5598d58dddae <unknown>\nE       #13 0x5598d58f5df2 <unknown>\nE       #14 0x5598d58c274f <unknown>\nE       #15 0x5598d591a128 <unknown>\nE       #16 0x5598d591a2fb <unknown>\nE       #17 0x5598d5929f6c <unknown>\nE       #18 0x7fee9a694ac3 <unknown>\n\n/opt/hostedtoolcache/Python/3.12.3/x64/lib/python3.12/site-packages/selenium/webdriver/support/wait.py:95: TimeoutException",
  "flaky" : false,
  "newFailed" : false,
  "beforeStages" : [ {
    "name" : "driver",
    "time" : {
      "start" : 1717606003312,
      "stop" : 1717606004002,
      "duration" : 690
    },
    "status" : "passed",
    "steps" : [ ],
    "attachments" : [ ],
    "parameters" : [ ],
    "stepsCount" : 0,
    "attachmentsCount" : 0,
    "shouldDisplayMessage" : false,
    "hasContent" : false
  }, {
    "name" : "default_user_authorized",
    "time" : {
      "start" : 1717606006527,
      "stop" : 1717606008863,
      "duration" : 2336
    },
    "status" : "passed",
    "steps" : [ {
      "name" : "DEFAULT user authorized",
      "time" : {
        "start" : 1717606006527,
        "stop" : 1717606008863,
        "duration" : 2336
      },
      "status" : "passed",
      "steps" : [ {
        "name" : "Check element is visible and clickable: ('xpath', '//a[@id=\"ember11\"]')",
        "time" : {
          "start" : 1717606006527,
          "stop" : 1717606006564,
          "duration" : 37
        },
        "status" : "passed",
        "steps" : [ {
          "name" : "Check element is clickable",
          "time" : {
            "start" : 1717606006545,
            "stop" : 1717606006564,
            "duration" : 19
          },
          "status" : "passed",
          "steps" : [ {
            "name" : "Check element is clickable: ('xpath', '//a[@id=\"ember11\"]')",
            "time" : {
              "start" : 1717606006545,
              "stop" : 1717606006564,
              "duration" : 19
            },
            "status" : "passed",
            "steps" : [ ],
            "attachments" : [ ],
            "parameters" : [ ],
            "stepsCount" : 0,
            "attachmentsCount" : 0,
            "shouldDisplayMessage" : false,
            "hasContent" : false
          } ],
          "attachments" : [ ],
          "parameters" : [ {
            "name" : "locator",
            "value" : "('xpath', '//a[@id=\"ember11\"]')"
          } ],
          "stepsCount" : 1,
          "attachmentsCount" : 0,
          "shouldDisplayMessage" : false,
          "hasContent" : true
        } ],
        "attachments" : [ ],
        "parameters" : [ ],
        "stepsCount" : 2,
        "attachmentsCount" : 0,
        "shouldDisplayMessage" : false,
        "hasContent" : true
      }, {
        "name" : "Check element is visible: ('xpath', '//input[@id=\"login\"]')",
        "time" : {
          "start" : 1717606006613,
          "stop" : 1717606006638,
          "duration" : 25
        },
        "status" : "passed",
        "steps" : [ {
          "name" : "Check element is present: ('xpath', '//input[@id=\"login\"]')",
          "time" : {
            "start" : 1717606006613,
            "stop" : 1717606006623,
            "duration" : 10
          },
          "status" : "passed",
          "steps" : [ ],
          "attachments" : [ ],
          "parameters" : [ ],
          "stepsCount" : 0,
          "attachmentsCount" : 0,
          "shouldDisplayMessage" : false,
          "hasContent" : false
        }, {
          "name" : "Go to element: <selenium.webdriver.remote.webelement.WebElement (session=\"e348d96c76788f946abf2b45ce5b2763\", element=\"f.83D9E01837179F9C3EE0C6C86C43E510.d.C595C96215B96CCCBDB082F7B44348C9.e.27\")>",
          "time" : {
            "start" : 1717606006623,
            "stop" : 1717606006627,
            "duration" : 4
          },
          "status" : "passed",
          "steps" : [ ],
          "attachments" : [ ],
          "parameters" : [ ],
          "stepsCount" : 0,
          "attachmentsCount" : 0,
          "shouldDisplayMessage" : false,
          "hasContent" : false
        } ],
        "attachments" : [ ],
        "parameters" : [ ],
        "stepsCount" : 2,
        "attachmentsCount" : 0,
        "shouldDisplayMessage" : false,
        "hasContent" : true
      }, {
        "name" : "Check element is visible: ('xpath', '//input[@id=\"password\"]')",
        "time" : {
          "start" : 1717606006693,
          "stop" : 1717606006719,
          "duration" : 26
        },
        "status" : "passed",
        "steps" : [ {
          "name" : "Check element is present: ('xpath', '//input[@id=\"password\"]')",
          "time" : {
            "start" : 1717606006693,
            "stop" : 1717606006703,
            "duration" : 10
          },
          "status" : "passed",
          "steps" : [ ],
          "attachments" : [ ],
          "parameters" : [ ],
          "stepsCount" : 0,
          "attachmentsCount" : 0,
          "shouldDisplayMessage" : false,
          "hasContent" : false
        }, {
          "name" : "Go to element: <selenium.webdriver.remote.webelement.WebElement (session=\"e348d96c76788f946abf2b45ce5b2763\", element=\"f.83D9E01837179F9C3EE0C6C86C43E510.d.C595C96215B96CCCBDB082F7B44348C9.e.30\")>",
          "time" : {
            "start" : 1717606006703,
            "stop" : 1717606006708,
            "duration" : 5
          },
          "status" : "passed",
          "steps" : [ ],
          "attachments" : [ ],
          "parameters" : [ ],
          "stepsCount" : 0,
          "attachmentsCount" : 0,
          "shouldDisplayMessage" : false,
          "hasContent" : false
        } ],
        "attachments" : [ ],
        "parameters" : [ ],
        "stepsCount" : 2,
        "attachmentsCount" : 0,
        "shouldDisplayMessage" : false,
        "hasContent" : true
      }, {
        "name" : "Check element is visible and clickable: ('xpath', '//*[@type=\"submit\"]')",
        "time" : {
          "start" : 1717606006761,
          "stop" : 1717606006791,
          "duration" : 30
        },
        "status" : "passed",
        "steps" : [ {
          "name" : "Check element is clickable",
          "time" : {
            "start" : 1717606006776,
            "stop" : 1717606006791,
            "duration" : 15
          },
          "status" : "passed",
          "steps" : [ {
            "name" : "Check element is clickable: ('xpath', '//*[@type=\"submit\"]')",
            "time" : {
              "start" : 1717606006776,
              "stop" : 1717606006791,
              "duration" : 15
            },
            "status" : "passed",
            "steps" : [ ],
            "attachments" : [ ],
            "parameters" : [ ],
            "stepsCount" : 0,
            "attachmentsCount" : 0,
            "shouldDisplayMessage" : false,
            "hasContent" : false
          } ],
          "attachments" : [ ],
          "parameters" : [ {
            "name" : "locator",
            "value" : "('xpath', '//*[@type=\"submit\"]')"
          } ],
          "stepsCount" : 1,
          "attachmentsCount" : 0,
          "shouldDisplayMessage" : false,
          "hasContent" : true
        } ],
        "attachments" : [ ],
        "parameters" : [ ],
        "stepsCount" : 2,
        "attachmentsCount" : 0,
        "shouldDisplayMessage" : false,
        "hasContent" : true
      }, {
        "name" : "Check url is present: https://brainup.site/groups",
        "time" : {
          "start" : 1717606006844,
          "stop" : 1717606008863,
          "duration" : 2019
        },
        "status" : "passed",
        "steps" : [ ],
        "attachments" : [ ],
        "parameters" : [ ],
        "stepsCount" : 0,
        "attachmentsCount" : 0,
        "shouldDisplayMessage" : false,
        "hasContent" : false
      } ],
      "attachments" : [ ],
      "parameters" : [ {
        "name" : "driver",
        "value" : "<selenium.webdriver.chrome.webdriver.WebDriver (session=\"e348d96c76788f946abf2b45ce5b2763\")>"
      }, {
        "name" : "main_page_open",
        "value" : "None"
      } ],
      "stepsCount" : 13,
      "attachmentsCount" : 0,
      "shouldDisplayMessage" : false,
      "hasContent" : true
    } ],
    "attachments" : [ ],
    "parameters" : [ ],
    "stepsCount" : 14,
    "attachmentsCount" : 0,
    "shouldDisplayMessage" : false,
    "hasContent" : true
  }, {
    "name" : "clear_allure_results_folder",
    "time" : {
      "start" : 1717605130261,
      "stop" : 1717605130261,
      "duration" : 0
    },
    "status" : "passed",
    "steps" : [ ],
    "attachments" : [ ],
    "parameters" : [ ],
    "stepsCount" : 0,
    "attachmentsCount" : 0,
    "shouldDisplayMessage" : false,
    "hasContent" : false
  }, {
    "name" : "main_page_open",
    "time" : {
      "start" : 1717606004002,
      "stop" : 1717606006527,
      "duration" : 2525
    },
    "status" : "passed",
    "steps" : [ {
      "name" : "Open page: https://brainup.site/",
      "time" : {
        "start" : 1717606004002,
        "stop" : 1717606006527,
        "duration" : 2525
      },
      "status" : "passed",
      "steps" : [ ],
      "attachments" : [ ],
      "parameters" : [ {
        "name" : "driver",
        "value" : "<selenium.webdriver.chrome.webdriver.WebDriver (session=\"e348d96c76788f946abf2b45ce5b2763\")>"
      } ],
      "stepsCount" : 0,
      "attachmentsCount" : 0,
      "shouldDisplayMessage" : false,
      "hasContent" : true
    } ],
    "attachments" : [ ],
    "parameters" : [ ],
    "stepsCount" : 1,
    "attachmentsCount" : 0,
    "shouldDisplayMessage" : false,
    "hasContent" : true
  } ],
  "testStage" : {
    "status" : "skipped",
    "statusMessage" : "XFAIL\n\nselenium.common.exceptions.TimeoutException: Message: Can't find element by locator ('xpath', '//h3[@class=\"mt-6 mb-6 text-2xl font-semibold\"]')\nStacktrace:\n#0 0x5598d592ae3a <unknown>\n#1 0x5598d561445c <unknown>\n#2 0x5598d56605b5 <unknown>\n#3 0x5598d5660671 <unknown>\n#4 0x5598d56a4f14 <unknown>\n#5 0x5598d56834dd <unknown>\n#6 0x5598d56a22cc <unknown>\n#7 0x5598d5683253 <unknown>\n#8 0x5598d56531c7 <unknown>\n#9 0x5598d5653b3e <unknown>\n#10 0x5598d58f127b <unknown>\n#11 0x5598d58f5327 <unknown>\n#12 0x5598d58dddae <unknown>\n#13 0x5598d58f5df2 <unknown>\n#14 0x5598d58c274f <unknown>\n#15 0x5598d591a128 <unknown>\n#16 0x5598d591a2fb <unknown>\n#17 0x5598d5929f6c <unknown>\n#18 0x7fee9a694ac3 <unknown>",
    "statusTrace" : "self = <pages.speech_exercises_page_ru.SpeechExercisesPageRU object at 0x7f108f9366c0>\n\n    @allure.step('get_correct_answer')\n    def get_correct_answer(self):\n        try:\n            while True:\n                time.sleep(1)\n                self.element_is_present(self.locators.SpeechExercisesPageLocators.CORRECT_ANSWER)\n                answer_value = self.element_is_present(\n                    self.locators.SpeechExercisesPageLocators.CORRECT_ANSWER).get_attribute(\n                    'data-correct-answer')\n                print('Answer_value: ', answer_value)\n    \n                if answer_value != \"undefined\" and ',' not in answer_value:\n                    try:\n                        correct_card = self.element_is_present_and_clickable(\n                            (By.XPATH, f'//*[text()=\"{answer_value}\"]'))\n                        self.action_move_to_element(correct_card)\n                        correct_card.click()\n                    except Exception as ex:\n                        print(ex)\n                        correct_card = self.element_is_present_and_clickable(\n                            (By.XPATH, f'//*[text()=\"{answer_value}\"]'))\n                        self.action_move_to_element(correct_card)\n                        correct_card.click()\n                elif ',' in answer_value:\n                    time.sleep(1)\n                    self.element_is_present(self.locators.SpeechExercisesPageLocators.CORRECT_ANSWER)\n                    answer_value = self.element_is_present(\n                        self.locators.SpeechExercisesPageLocators.CORRECT_ANSWER).get_attribute(\n                        'data-correct-answer')\n                    list_answers = answer_value.split(',')\n                    for answer in list_answers:\n                        print('answer', answer_value)\n                        try:\n>                           correct_card = self.element_is_present_and_clickable(\n                                (By.XPATH, f'//*[text()=\"{answer}\"]'))\n\npages/speech_exercises_page_ru.py:139: \n_ _ _ _ _ _ _ _ _ _ _ _ _ _ _ _ _ _ _ _ _ _ _ _ _ _ _ _ _ _ _ _ _ _ _ _ _ _ _ _ \npages/base_page.py:34: in element_is_present_and_clickable\n    self.element_is_clickable(locator))\npages/base_page.py:66: in element_is_clickable\n    return Wait(self.driver, self.timeout).until(\n_ _ _ _ _ _ _ _ _ _ _ _ _ _ _ _ _ _ _ _ _ _ _ _ _ _ _ _ _ _ _ _ _ _ _ _ _ _ _ _ \n\nself = <selenium.webdriver.support.wait.WebDriverWait (session=\"e348d96c76788f946abf2b45ce5b2763\")>\nmethod = <function element_to_be_clickable.<locals>._predicate at 0x7f108f86ec00>\nmessage = 'Can\\'t find element by locator (\\'xpath\\', \\'//*[text()=\"круг\"]\\')'\n\n    def until(self, method, message: str = \"\"):\n        \"\"\"Calls the method provided with the driver as an argument until the \\\n        return value does not evaluate to ``False``.\n    \n        :param method: callable(WebDriver)\n        :param message: optional message for :exc:`TimeoutException`\n        :returns: the result of the last call to `method`\n        :raises: :exc:`selenium.common.exceptions.TimeoutException` if timeout occurs\n        \"\"\"\n        screen = None\n        stacktrace = None\n    \n        end_time = time.monotonic() + self._timeout\n        while True:\n            try:\n                value = method(self._driver)\n                if value:\n                    return value\n            except self._ignored_exceptions as exc:\n                screen = getattr(exc, \"screen\", None)\n                stacktrace = getattr(exc, \"stacktrace\", None)\n            time.sleep(self._poll)\n            if time.monotonic() > end_time:\n                break\n>       raise TimeoutException(message, screen, stacktrace)\nE       selenium.common.exceptions.TimeoutException: Message: Can't find element by locator ('xpath', '//*[text()=\"круг\"]')\n\n/opt/hostedtoolcache/Python/3.12.3/x64/lib/python3.12/site-packages/selenium/webdriver/support/wait.py:95: TimeoutException\n\nDuring handling of the above exception, another exception occurred:\n\nself = <pages.speech_exercises_page_ru.SpeechExercisesPageRU object at 0x7f108f9366c0>\n\n    @allure.step('get_correct_answer')\n    def get_correct_answer(self):\n        try:\n            while True:\n                time.sleep(1)\n                self.element_is_present(self.locators.SpeechExercisesPageLocators.CORRECT_ANSWER)\n                answer_value = self.element_is_present(\n                    self.locators.SpeechExercisesPageLocators.CORRECT_ANSWER).get_attribute(\n                    'data-correct-answer')\n                print('Answer_value: ', answer_value)\n    \n                if answer_value != \"undefined\" and ',' not in answer_value:\n                    try:\n                        correct_card = self.element_is_present_and_clickable(\n                            (By.XPATH, f'//*[text()=\"{answer_value}\"]'))\n                        self.action_move_to_element(correct_card)\n                        correct_card.click()\n                    except Exception as ex:\n                        print(ex)\n                        correct_card = self.element_is_present_and_clickable(\n                            (By.XPATH, f'//*[text()=\"{answer_value}\"]'))\n                        self.action_move_to_element(correct_card)\n                        correct_card.click()\n                elif ',' in answer_value:\n                    time.sleep(1)\n                    self.element_is_present(self.locators.SpeechExercisesPageLocators.CORRECT_ANSWER)\n                    answer_value = self.element_is_present(\n                        self.locators.SpeechExercisesPageLocators.CORRECT_ANSWER).get_attribute(\n                        'data-correct-answer')\n                    list_answers = answer_value.split(',')\n                    for answer in list_answers:\n                        print('answer', answer_value)\n                        try:\n                            correct_card = self.element_is_present_and_clickable(\n                                (By.XPATH, f'//*[text()=\"{answer}\"]'))\n                            self.action_move_to_element(correct_card)\n                            correct_card.click()\n                        except Exception as ex:\n                            print(ex)\n>                           correct_card = self.element_is_present_and_clickable(\n                                (By.XPATH, f'//*[text()=\"{answer}\"]'))\n\npages/speech_exercises_page_ru.py:145: \n_ _ _ _ _ _ _ _ _ _ _ _ _ _ _ _ _ _ _ _ _ _ _ _ _ _ _ _ _ _ _ _ _ _ _ _ _ _ _ _ \npages/base_page.py:34: in element_is_present_and_clickable\n    self.element_is_clickable(locator))\npages/base_page.py:66: in element_is_clickable\n    return Wait(self.driver, self.timeout).until(\n_ _ _ _ _ _ _ _ _ _ _ _ _ _ _ _ _ _ _ _ _ _ _ _ _ _ _ _ _ _ _ _ _ _ _ _ _ _ _ _ \n\nself = <selenium.webdriver.support.wait.WebDriverWait (session=\"e348d96c76788f946abf2b45ce5b2763\")>\nmethod = <function element_to_be_clickable.<locals>._predicate at 0x7f108f86e980>\nmessage = 'Can\\'t find element by locator (\\'xpath\\', \\'//*[text()=\"круг\"]\\')'\n\n    def until(self, method, message: str = \"\"):\n        \"\"\"Calls the method provided with the driver as an argument until the \\\n        return value does not evaluate to ``False``.\n    \n        :param method: callable(WebDriver)\n        :param message: optional message for :exc:`TimeoutException`\n        :returns: the result of the last call to `method`\n        :raises: :exc:`selenium.common.exceptions.TimeoutException` if timeout occurs\n        \"\"\"\n        screen = None\n        stacktrace = None\n    \n        end_time = time.monotonic() + self._timeout\n        while True:\n            try:\n                value = method(self._driver)\n                if value:\n                    return value\n            except self._ignored_exceptions as exc:\n                screen = getattr(exc, \"screen\", None)\n                stacktrace = getattr(exc, \"stacktrace\", None)\n            time.sleep(self._poll)\n            if time.monotonic() > end_time:\n                break\n>       raise TimeoutException(message, screen, stacktrace)\nE       selenium.common.exceptions.TimeoutException: Message: Can't find element by locator ('xpath', '//*[text()=\"круг\"]')\n\n/opt/hostedtoolcache/Python/3.12.3/x64/lib/python3.12/site-packages/selenium/webdriver/support/wait.py:95: TimeoutException\n\nDuring handling of the above exception, another exception occurred:\n\nself = <tests.test_speech_exercises_ru.TestCardsRU object at 0x7f108f7a4830>\ndriver = <selenium.webdriver.chrome.webdriver.WebDriver (session=\"e348d96c76788f946abf2b45ce5b2763\")>\ndefault_user_authorized = None\n\n    @pytest.mark.xfail\n    @allure.suite(\"Речевые упражнения.\")\n    @allure.title('Solutions to a random task in the \"Слова Королёвой\" .')\n    def test_solve_koroleva_cards_ru(self, driver, default_user_authorized):\n        page = SpeechExercisesPageRU(driver)\n        page.click_button_exercises()\n        page.select_group(SpeechExercisesPageLocators.WORDS_BY_KOROLEVA_BUTTON)\n        seria_id = page.set_url_to_get_id_words_koroleva_ru_group()\n        card_id = page.click_random_card()\n    \n        page = SpeechExercisesAPI(driver)\n        payloads = page.get_random_id_from_list_sub_group_default(card_id, seria_id)\n        random_id = page.get_random_id_from_payloads(payloads)\n        driver.get(driver.current_url + f'/exercise/{random_id}')  # Open the URL with the received card ID\n    \n        page.click_start_and_get_list_words_ru()\n        page = SpeechExercisesPageRU(driver)\n>       message = page.get_correct_answer()\n\ntests/test_speech_exercises_ru.py:156: \n_ _ _ _ _ _ _ _ _ _ _ _ _ _ _ _ _ _ _ _ _ _ _ _ _ _ _ _ _ _ _ _ _ _ _ _ _ _ _ _ \npages/speech_exercises_page_ru.py:155: in get_correct_answer\n    message = self.element_is_present(self.locators.SpeechExercisesPageLocators.CONGRATULATION_MESSAGE)\npages/base_page.py:55: in element_is_present\n    return Wait(self.driver, self.timeout).until(\n_ _ _ _ _ _ _ _ _ _ _ _ _ _ _ _ _ _ _ _ _ _ _ _ _ _ _ _ _ _ _ _ _ _ _ _ _ _ _ _ \n\nself = <selenium.webdriver.support.wait.WebDriverWait (session=\"e348d96c76788f946abf2b45ce5b2763\")>\nmethod = <function presence_of_element_located.<locals>._predicate at 0x7f108f86eb60>\nmessage = 'Can\\'t find element by locator (\\'xpath\\', \\'//h3[@class=\"mt-6 mb-6 text-2xl font-semibold\"]\\')'\n\n    def until(self, method, message: str = \"\"):\n        \"\"\"Calls the method provided with the driver as an argument until the \\\n        return value does not evaluate to ``False``.\n    \n        :param method: callable(WebDriver)\n        :param message: optional message for :exc:`TimeoutException`\n        :returns: the result of the last call to `method`\n        :raises: :exc:`selenium.common.exceptions.TimeoutException` if timeout occurs\n        \"\"\"\n        screen = None\n        stacktrace = None\n    \n        end_time = time.monotonic() + self._timeout\n        while True:\n            try:\n                value = method(self._driver)\n                if value:\n                    return value\n            except self._ignored_exceptions as exc:\n                screen = getattr(exc, \"screen\", None)\n                stacktrace = getattr(exc, \"stacktrace\", None)\n            time.sleep(self._poll)\n            if time.monotonic() > end_time:\n                break\n>       raise TimeoutException(message, screen, stacktrace)\nE       selenium.common.exceptions.TimeoutException: Message: Can't find element by locator ('xpath', '//h3[@class=\"mt-6 mb-6 text-2xl font-semibold\"]')\nE       Stacktrace:\nE       #0 0x5598d592ae3a <unknown>\nE       #1 0x5598d561445c <unknown>\nE       #2 0x5598d56605b5 <unknown>\nE       #3 0x5598d5660671 <unknown>\nE       #4 0x5598d56a4f14 <unknown>\nE       #5 0x5598d56834dd <unknown>\nE       #6 0x5598d56a22cc <unknown>\nE       #7 0x5598d5683253 <unknown>\nE       #8 0x5598d56531c7 <unknown>\nE       #9 0x5598d5653b3e <unknown>\nE       #10 0x5598d58f127b <unknown>\nE       #11 0x5598d58f5327 <unknown>\nE       #12 0x5598d58dddae <unknown>\nE       #13 0x5598d58f5df2 <unknown>\nE       #14 0x5598d58c274f <unknown>\nE       #15 0x5598d591a128 <unknown>\nE       #16 0x5598d591a2fb <unknown>\nE       #17 0x5598d5929f6c <unknown>\nE       #18 0x7fee9a694ac3 <unknown>\n\n/opt/hostedtoolcache/Python/3.12.3/x64/lib/python3.12/site-packages/selenium/webdriver/support/wait.py:95: TimeoutException",
    "steps" : [ {
      "name" : "Click button \"Упражнения\".",
      "time" : {
        "start" : 1717606008863,
        "stop" : 1717606009025,
        "duration" : 162
      },
      "status" : "passed",
      "steps" : [ {
        "name" : "Click button \"RU\".",
        "time" : {
          "start" : 1717606008863,
          "stop" : 1717606008938,
          "duration" : 75
        },
        "status" : "passed",
        "steps" : [ {
          "name" : "Check element is visible and clickable: ('xpath', \"//*[contains(text(),'RU')]\")",
          "time" : {
            "start" : 1717606008863,
            "stop" : 1717606008894,
            "duration" : 31
          },
          "status" : "passed",
          "steps" : [ {
            "name" : "Check element is clickable",
            "time" : {
              "start" : 1717606008878,
              "stop" : 1717606008894,
              "duration" : 16
            },
            "status" : "passed",
            "steps" : [ {
              "name" : "Check element is clickable: ('xpath', \"//*[contains(text(),'RU')]\")",
              "time" : {
                "start" : 1717606008878,
                "stop" : 1717606008894,
                "duration" : 16
              },
              "status" : "passed",
              "steps" : [ ],
              "attachments" : [ ],
              "parameters" : [ ],
              "stepsCount" : 0,
              "attachmentsCount" : 0,
              "shouldDisplayMessage" : false,
              "hasContent" : false
            } ],
            "attachments" : [ ],
            "parameters" : [ {
              "name" : "locator",
              "value" : "('xpath', \"//*[contains(text(),'RU')]\")"
            } ],
            "stepsCount" : 1,
            "attachmentsCount" : 0,
            "shouldDisplayMessage" : false,
            "hasContent" : true
          } ],
          "attachments" : [ ],
          "parameters" : [ ],
          "stepsCount" : 2,
          "attachmentsCount" : 0,
          "shouldDisplayMessage" : false,
          "hasContent" : true
        } ],
        "attachments" : [ ],
        "parameters" : [ ],
        "stepsCount" : 3,
        "attachmentsCount" : 0,
        "shouldDisplayMessage" : false,
        "hasContent" : true
      }, {
        "name" : "Check element is visible and clickable: ('xpath', '//a[text()=\"Упражнения\"]')",
        "time" : {
          "start" : 1717606008938,
          "stop" : 1717606008970,
          "duration" : 32
        },
        "status" : "passed",
        "steps" : [ {
          "name" : "Check element is clickable",
          "time" : {
            "start" : 1717606008954,
            "stop" : 1717606008970,
            "duration" : 16
          },
          "status" : "passed",
          "steps" : [ {
            "name" : "Check element is clickable: ('xpath', '//a[text()=\"Упражнения\"]')",
            "time" : {
              "start" : 1717606008954,
              "stop" : 1717606008970,
              "duration" : 16
            },
            "status" : "passed",
            "steps" : [ ],
            "attachments" : [ ],
            "parameters" : [ ],
            "stepsCount" : 0,
            "attachmentsCount" : 0,
            "shouldDisplayMessage" : false,
            "hasContent" : false
          } ],
          "attachments" : [ ],
          "parameters" : [ {
            "name" : "locator",
            "value" : "('xpath', '//a[text()=\"Упражнения\"]')"
          } ],
          "stepsCount" : 1,
          "attachmentsCount" : 0,
          "shouldDisplayMessage" : false,
          "hasContent" : true
        } ],
        "attachments" : [ ],
        "parameters" : [ ],
        "stepsCount" : 2,
        "attachmentsCount" : 0,
        "shouldDisplayMessage" : false,
        "hasContent" : true
      }, {
        "name" : "Go to element: <selenium.webdriver.remote.webelement.WebElement (session=\"e348d96c76788f946abf2b45ce5b2763\", element=\"f.83D9E01837179F9C3EE0C6C86C43E510.d.C595C96215B96CCCBDB082F7B44348C9.e.59\")>",
        "time" : {
          "start" : 1717606008970,
          "stop" : 1717606008973,
          "duration" : 3
        },
        "status" : "passed",
        "steps" : [ ],
        "attachments" : [ ],
        "parameters" : [ ],
        "stepsCount" : 0,
        "attachmentsCount" : 0,
        "shouldDisplayMessage" : false,
        "hasContent" : false
      }, {
        "name" : "Check element is visible and clickable: ('xpath', '//a[text()=\"Упражнения\"]')",
        "time" : {
          "start" : 1717606008973,
          "stop" : 1717606009000,
          "duration" : 27
        },
        "status" : "passed",
        "steps" : [ {
          "name" : "Check element is clickable",
          "time" : {
            "start" : 1717606008984,
            "stop" : 1717606009000,
            "duration" : 16
          },
          "status" : "passed",
          "steps" : [ {
            "name" : "Check element is clickable: ('xpath', '//a[text()=\"Упражнения\"]')",
            "time" : {
              "start" : 1717606008984,
              "stop" : 1717606009000,
              "duration" : 16
            },
            "status" : "passed",
            "steps" : [ ],
            "attachments" : [ ],
            "parameters" : [ ],
            "stepsCount" : 0,
            "attachmentsCount" : 0,
            "shouldDisplayMessage" : false,
            "hasContent" : false
          } ],
          "attachments" : [ ],
          "parameters" : [ {
            "name" : "locator",
            "value" : "('xpath', '//a[text()=\"Упражнения\"]')"
          } ],
          "stepsCount" : 1,
          "attachmentsCount" : 0,
          "shouldDisplayMessage" : false,
          "hasContent" : true
        } ],
        "attachments" : [ ],
        "parameters" : [ ],
        "stepsCount" : 2,
        "attachmentsCount" : 0,
        "shouldDisplayMessage" : false,
        "hasContent" : true
      } ],
      "attachments" : [ ],
      "parameters" : [ ],
      "stepsCount" : 11,
      "attachmentsCount" : 0,
      "shouldDisplayMessage" : false,
      "hasContent" : true
    }, {
      "name" : "select_group",
      "time" : {
        "start" : 1717606009026,
        "stop" : 1717606012471,
        "duration" : 3445
      },
      "status" : "passed",
      "steps" : [ {
        "name" : "Select Russian language. Click \"RU\" button.",
        "time" : {
          "start" : 1717606009026,
          "stop" : 1717606009088,
          "duration" : 62
        },
        "status" : "passed",
        "steps" : [ {
          "name" : "Check element is visible and clickable: ('xpath', \"//*[contains(text(),'RU')]\")",
          "time" : {
            "start" : 1717606009026,
            "stop" : 1717606009059,
            "duration" : 33
          },
          "status" : "passed",
          "steps" : [ {
            "name" : "Check element is clickable",
            "time" : {
              "start" : 1717606009037,
              "stop" : 1717606009059,
              "duration" : 22
            },
            "status" : "passed",
            "steps" : [ {
              "name" : "Check element is clickable: ('xpath', \"//*[contains(text(),'RU')]\")",
              "time" : {
                "start" : 1717606009037,
                "stop" : 1717606009059,
                "duration" : 22
              },
              "status" : "passed",
              "steps" : [ ],
              "attachments" : [ ],
              "parameters" : [ ],
              "stepsCount" : 0,
              "attachmentsCount" : 0,
              "shouldDisplayMessage" : false,
              "hasContent" : false
            } ],
            "attachments" : [ ],
            "parameters" : [ {
              "name" : "locator",
              "value" : "('xpath', \"//*[contains(text(),'RU')]\")"
            } ],
            "stepsCount" : 1,
            "attachmentsCount" : 0,
            "shouldDisplayMessage" : false,
            "hasContent" : true
          } ],
          "attachments" : [ ],
          "parameters" : [ ],
          "stepsCount" : 2,
          "attachmentsCount" : 0,
          "shouldDisplayMessage" : false,
          "hasContent" : true
        } ],
        "attachments" : [ ],
        "parameters" : [ ],
        "stepsCount" : 3,
        "attachmentsCount" : 0,
        "shouldDisplayMessage" : false,
        "hasContent" : true
      }, {
        "name" : "Click button \"Речевые упражнения\".",
        "time" : {
          "start" : 1717606009088,
          "stop" : 1717606010175,
          "duration" : 1087
        },
        "status" : "passed",
        "steps" : [ {
          "name" : "Check element is visible and clickable: ('xpath', '//a[@title=\"Речевые упражнения\"]')",
          "time" : {
            "start" : 1717606009088,
            "stop" : 1717606010148,
            "duration" : 1060
          },
          "status" : "passed",
          "steps" : [ {
            "name" : "Check element is clickable",
            "time" : {
              "start" : 1717606010132,
              "stop" : 1717606010148,
              "duration" : 16
            },
            "status" : "passed",
            "steps" : [ {
              "name" : "Check element is clickable: ('xpath', '//a[@title=\"Речевые упражнения\"]')",
              "time" : {
                "start" : 1717606010133,
                "stop" : 1717606010148,
                "duration" : 15
              },
              "status" : "passed",
              "steps" : [ ],
              "attachments" : [ ],
              "parameters" : [ ],
              "stepsCount" : 0,
              "attachmentsCount" : 0,
              "shouldDisplayMessage" : false,
              "hasContent" : false
            } ],
            "attachments" : [ ],
            "parameters" : [ {
              "name" : "locator",
              "value" : "('xpath', '//a[@title=\"Речевые упражнения\"]')"
            } ],
            "stepsCount" : 1,
            "attachmentsCount" : 0,
            "shouldDisplayMessage" : false,
            "hasContent" : true
          } ],
          "attachments" : [ ],
          "parameters" : [ ],
          "stepsCount" : 2,
          "attachmentsCount" : 0,
          "shouldDisplayMessage" : false,
          "hasContent" : true
        } ],
        "attachments" : [ ],
        "parameters" : [ ],
        "stepsCount" : 3,
        "attachmentsCount" : 0,
        "shouldDisplayMessage" : false,
        "hasContent" : true
      }, {
        "name" : "Check element is visible and clickable: ('xpath', '//button[@data-test-active-link=\"Слова Королёвой\"]')",
        "time" : {
          "start" : 1717606010176,
          "stop" : 1717606012360,
          "duration" : 2184
        },
        "status" : "passed",
        "steps" : [ {
          "name" : "Check element is clickable",
          "time" : {
            "start" : 1717606012344,
            "stop" : 1717606012360,
            "duration" : 16
          },
          "status" : "passed",
          "steps" : [ {
            "name" : "Check element is clickable: ('xpath', '//button[@data-test-active-link=\"Слова Королёвой\"]')",
            "time" : {
              "start" : 1717606012344,
              "stop" : 1717606012360,
              "duration" : 16
            },
            "status" : "passed",
            "steps" : [ ],
            "attachments" : [ ],
            "parameters" : [ ],
            "stepsCount" : 0,
            "attachmentsCount" : 0,
            "shouldDisplayMessage" : false,
            "hasContent" : false
          } ],
          "attachments" : [ ],
          "parameters" : [ {
            "name" : "locator",
            "value" : "('xpath', '//button[@data-test-active-link=\"Слова Королёвой\"]')"
          } ],
          "stepsCount" : 1,
          "attachmentsCount" : 0,
          "shouldDisplayMessage" : false,
          "hasContent" : true
        } ],
        "attachments" : [ ],
        "parameters" : [ ],
        "stepsCount" : 2,
        "attachmentsCount" : 0,
        "shouldDisplayMessage" : false,
        "hasContent" : true
      }, {
        "name" : "Click button \"СЛОВА КОРОЛЁВОЙ\".",
        "time" : {
          "start" : 1717606012375,
          "stop" : 1717606012471,
          "duration" : 96
        },
        "status" : "passed",
        "steps" : [ {
          "name" : "Check element is visible and clickable: ('xpath', '//button[@data-test-active-link=\"Слова Королёвой\"]')",
          "time" : {
            "start" : 1717606012375,
            "stop" : 1717606012432,
            "duration" : 57
          },
          "status" : "passed",
          "steps" : [ {
            "name" : "Check element is clickable",
            "time" : {
              "start" : 1717606012411,
              "stop" : 1717606012432,
              "duration" : 21
            },
            "status" : "passed",
            "steps" : [ {
              "name" : "Check element is clickable: ('xpath', '//button[@data-test-active-link=\"Слова Королёвой\"]')",
              "time" : {
                "start" : 1717606012411,
                "stop" : 1717606012432,
                "duration" : 21
              },
              "status" : "passed",
              "steps" : [ ],
              "attachments" : [ ],
              "parameters" : [ ],
              "stepsCount" : 0,
              "attachmentsCount" : 0,
              "shouldDisplayMessage" : false,
              "hasContent" : false
            } ],
            "attachments" : [ ],
            "parameters" : [ {
              "name" : "locator",
              "value" : "('xpath', '//button[@data-test-active-link=\"Слова Королёвой\"]')"
            } ],
            "stepsCount" : 1,
            "attachmentsCount" : 0,
            "shouldDisplayMessage" : false,
            "hasContent" : true
          } ],
          "attachments" : [ ],
          "parameters" : [ ],
          "stepsCount" : 2,
          "attachmentsCount" : 0,
          "shouldDisplayMessage" : false,
          "hasContent" : true
        } ],
        "attachments" : [ ],
        "parameters" : [ ],
        "stepsCount" : 3,
        "attachmentsCount" : 0,
        "shouldDisplayMessage" : false,
        "hasContent" : true
      } ],
      "attachments" : [ ],
      "parameters" : [ {
        "name" : "selector_for_sub_group",
        "value" : "('xpath', '//button[@data-test-active-link=\"Слова Королёвой\"]')"
      } ],
      "stepsCount" : 15,
      "attachmentsCount" : 0,
      "shouldDisplayMessage" : false,
      "hasContent" : true
    }, {
      "name" : "Get seria ID from URL: https://brainup.site/groups/2/series/17",
      "time" : {
        "start" : 1717606012471,
        "stop" : 1717606013074,
        "duration" : 603
      },
      "status" : "passed",
      "steps" : [ {
        "name" : "Wait until url to be: https://brainup.site/groups/2/series/17.",
        "time" : {
          "start" : 1717606012471,
          "stop" : 1717606013072,
          "duration" : 601
        },
        "status" : "passed",
        "steps" : [ ],
        "attachments" : [ ],
        "parameters" : [ ],
        "stepsCount" : 0,
        "attachmentsCount" : 0,
        "shouldDisplayMessage" : false,
        "hasContent" : false
      } ],
      "attachments" : [ ],
      "parameters" : [ ],
      "stepsCount" : 1,
      "attachmentsCount" : 0,
      "shouldDisplayMessage" : false,
      "hasContent" : true
    }, {
      "name" : "click_random_card",
      "time" : {
        "start" : 1717606013074,
        "stop" : 1717606013226,
        "duration" : 152
      },
      "status" : "passed",
      "steps" : [ {
        "name" : "Check elements are present: ('xpath', '//div[contains(@class, \"series-container\")]//a/div/div')",
        "time" : {
          "start" : 1717606013074,
          "stop" : 1717606013083,
          "duration" : 9
        },
        "status" : "passed",
        "steps" : [ ],
        "attachments" : [ ],
        "parameters" : [ ],
        "stepsCount" : 0,
        "attachmentsCount" : 0,
        "shouldDisplayMessage" : false,
        "hasContent" : false
      }, {
        "name" : "Getting list cards: ['1 слово из 2..4 (1)', '1 слово из 2..4 (2)', '1 слово из 2..4 (3)', '1 слово из 2..4 (4)', '1 слово из 2..4 (5)', '1 слово из 2..4 (6)', '1 слово из 6', '2 слова из 4', '3 слова из 6', '2 слова из 6']",
        "time" : {
          "start" : 1717606013148,
          "stop" : 1717606013148,
          "duration" : 0
        },
        "status" : "passed",
        "steps" : [ ],
        "attachments" : [ ],
        "parameters" : [ ],
        "stepsCount" : 0,
        "attachmentsCount" : 0,
        "shouldDisplayMessage" : false,
        "hasContent" : false
      }, {
        "name" : "Select random id from list of cards. \nCard ID in list is:, 10",
        "time" : {
          "start" : 1717606013148,
          "stop" : 1717606013148,
          "duration" : 0
        },
        "status" : "passed",
        "steps" : [ ],
        "attachments" : [ ],
        "parameters" : [ ],
        "stepsCount" : 0,
        "attachmentsCount" : 0,
        "shouldDisplayMessage" : false,
        "hasContent" : false
      }, {
        "name" : "Check elements are present: ('xpath', '//div[contains(@class, \"series-container\")]//a/div/div')",
        "time" : {
          "start" : 1717606013148,
          "stop" : 1717606013153,
          "duration" : 5
        },
        "status" : "passed",
        "steps" : [ ],
        "attachments" : [ ],
        "parameters" : [ ],
        "stepsCount" : 0,
        "attachmentsCount" : 0,
        "shouldDisplayMessage" : false,
        "hasContent" : false
      }, {
        "name" : "Selected card is: 2 слова из 6",
        "time" : {
          "start" : 1717606013158,
          "stop" : 1717606013220,
          "duration" : 62
        },
        "status" : "passed",
        "steps" : [ {
          "name" : "Go to element: <selenium.webdriver.remote.webelement.WebElement (session=\"e348d96c76788f946abf2b45ce5b2763\", element=\"f.83D9E01837179F9C3EE0C6C86C43E510.d.C595C96215B96CCCBDB082F7B44348C9.e.91\")>",
          "time" : {
            "start" : 1717606013158,
            "stop" : 1717606013162,
            "duration" : 4
          },
          "status" : "passed",
          "steps" : [ ],
          "attachments" : [ ],
          "parameters" : [ ],
          "stepsCount" : 0,
          "attachmentsCount" : 0,
          "shouldDisplayMessage" : false,
          "hasContent" : false
        } ],
        "attachments" : [ ],
        "parameters" : [ ],
        "stepsCount" : 1,
        "attachmentsCount" : 0,
        "shouldDisplayMessage" : false,
        "hasContent" : true
      } ],
      "attachments" : [ ],
      "parameters" : [ ],
      "stepsCount" : 6,
      "attachmentsCount" : 0,
      "shouldDisplayMessage" : false,
      "hasContent" : true
    }, {
      "name" : "get_random_id_from_list_sub_group_default",
      "time" : {
        "start" : 1717606013226,
        "stop" : 1717606014525,
        "duration" : 1299
      },
      "status" : "passed",
      "steps" : [ {
        "name" : "Status code is: 200",
        "time" : {
          "start" : 1717606014523,
          "stop" : 1717606014524,
          "duration" : 1
        },
        "status" : "passed",
        "steps" : [ ],
        "attachments" : [ ],
        "parameters" : [ ],
        "stepsCount" : 0,
        "attachmentsCount" : 0,
        "shouldDisplayMessage" : false,
        "hasContent" : false
      }, {
        "name" : "Send GET request with params: https://brainup.site/api/subgroups?seriesId=17headers=\"Content-Type\": \"application/json\",\"Authorization\": \"Bearer\": \"{id_token_default}\"",
        "time" : {
          "start" : 1717606014524,
          "stop" : 1717606014524,
          "duration" : 0
        },
        "status" : "passed",
        "steps" : [ ],
        "attachments" : [ ],
        "parameters" : [ ],
        "stepsCount" : 0,
        "attachmentsCount" : 0,
        "shouldDisplayMessage" : false,
        "hasContent" : false
      }, {
        "name" : "Getting list of cards id: {'data': [{'seriesId': 17, 'id': 115, 'level': 1, 'name': '1 слово из 2..4 (1)', 'pictureUrl': 'https://brnup.s3.eu-north-1.amazonaws.com/pictures/theme/koroleva_words_first_1.svg', 'description': '1я группа слов: по одному', 'withPictures': False, 'exercises': [1905, 1906, 1907, 1908, 1909]}, {'seriesId': 17, 'id': 116, 'level': 2, 'name': '1 слово из 2..4 (2)', 'pictureUrl': 'https://brnup.s3.eu-north-1.amazonaws.com/pictures/theme/koroleva_words_first_2.svg', 'description': '2я группа слов: по одному', 'withPictures': False, 'exercises': [1910, 1911, 1912, 1913, 1914]}, {'seriesId': 17, 'id': 117, 'level': 3, 'name': '1 слово из 2..4 (3)', 'pictureUrl': 'https://brnup.s3.eu-north-1.amazonaws.com/pictures/theme/koroleva_words_first_3.svg', 'description': '3я группа слов: по одному', 'withPictures': False, 'exercises': [1915, 1916, 1917, 1918, 1919]}, {'seriesId': 17, 'id': 118, 'level': 4, 'name': '1 слово из 2..4 (4)', 'pictureUrl': 'https://brnup.s3.eu-north-1.amazonaws.com/pictures/theme/koroleva_words_first_4.svg', 'description': '4я группа слов: по одному', 'withPictures': False, 'exercises': [1920, 1921, 1922, 1923, 1924]}, {'seriesId': 17, 'id': 119, 'level': 5, 'name': '1 слово из 2..4 (5)', 'pictureUrl': 'https://brnup.s3.eu-north-1.amazonaws.com/pictures/theme/koroleva_words_first_5.svg', 'description': '5я группа слов: по одному', 'withPictures': False, 'exercises': [1925, 1926, 1927, 1928, 1929]}, {'seriesId': 17, 'id': 120, 'level': 6, 'name': '1 слово из 2..4 (6)', 'pictureUrl': 'https://brnup.s3.eu-north-1.amazonaws.com/pictures/theme/koroleva_words_first_6.svg', 'description': '6я группа слов: по одному', 'withPictures': False, 'exercises': [1930, 1931, 1932, 1933, 1934]}, {'seriesId': 17, 'id': 121, 'level': 20, 'name': '1 слово из 6', 'pictureUrl': 'https://brnup.s3.eu-north-1.amazonaws.com/pictures/theme/koroleva_words_second_1_4.svg', 'description': 'Одно слово из 6', 'withPictures': False, 'exercises': [1935, 1936, 1937, 1938, 1939, 1940]}, {'seriesId': 17, 'id': 122, 'level': 21, 'name': '2 слова из 4', 'pictureUrl': 'https://brnup.s3.eu-north-1.amazonaws.com/pictures/theme/koroleva_words_second_2_4.svg', 'description': 'Два слово из 4', 'withPictures': False, 'exercises': [1941, 1942, 1943, 1944, 1945, 1946]}, {'seriesId': 17, 'id': 124, 'level': 21, 'name': '3 слова из 6', 'pictureUrl': 'https://brnup.s3.eu-north-1.amazonaws.com/pictures/theme/koroleva_words_second_3_6.svg', 'description': 'Три слово из 6', 'withPictures': False, 'exercises': [1954, 1958, 1953, 1956, 1957, 1955, 1974, 1975, 1976, 1977]}, {'seriesId': 17, 'id': 123, 'level': 21, 'name': '2 слова из 6', 'pictureUrl': 'https://brnup.s3.eu-north-1.amazonaws.com/pictures/theme/koroleva_words_second_2_6.svg', 'description': 'Два слово из 6', 'withPictures': False, 'exercises': [1947, 1948, 1949, 1950, 1951, 1952, 1959, 1960, 1961, 1962, 1963, 1964, 1965, 1966, 1967, 1968, 1969, 1970, 1971, 1972, 1973]}], 'errors': [], 'meta': []}",
        "time" : {
          "start" : 1717606014524,
          "stop" : 1717606014524,
          "duration" : 0
        },
        "status" : "passed",
        "steps" : [ ],
        "attachments" : [ ],
        "parameters" : [ ],
        "stepsCount" : 0,
        "attachmentsCount" : 0,
        "shouldDisplayMessage" : false,
        "hasContent" : false
      }, {
        "name" : "Select random id from list: 1949",
        "time" : {
          "start" : 1717606014524,
          "stop" : 1717606014524,
          "duration" : 0
        },
        "status" : "passed",
        "steps" : [ ],
        "attachments" : [ ],
        "parameters" : [ ],
        "stepsCount" : 0,
        "attachmentsCount" : 0,
        "shouldDisplayMessage" : false,
        "hasContent" : false
      } ],
      "attachments" : [ ],
      "parameters" : [ {
        "name" : "card_id",
        "value" : "9"
      }, {
        "name" : "seria_id",
        "value" : "'17'"
      } ],
      "stepsCount" : 4,
      "attachmentsCount" : 0,
      "shouldDisplayMessage" : false,
      "hasContent" : true
    }, {
      "name" : "get_random_id_from_payloads",
      "time" : {
        "start" : 1717606014525,
        "stop" : 1717606015310,
        "duration" : 785
      },
      "status" : "passed",
      "steps" : [ ],
      "attachments" : [ ],
      "parameters" : [ {
        "name" : "payloads",
        "value" : "{'ids': [1947, 1948, 1949, 1950, 1951, 1952, 1959, 1960, 1961, 1962, 1963, 1964, 1965, 1966, 1967, 1968, 1969, 1970, 1971, 1972, 1973]}"
      } ],
      "stepsCount" : 0,
      "attachmentsCount" : 0,
      "shouldDisplayMessage" : false,
      "hasContent" : true
    }, {
      "name" : "click_start_and_get_list_words_ru",
      "time" : {
        "start" : 1717606015552,
        "stop" : 1717606019212,
        "duration" : 3660
      },
      "status" : "passed",
      "steps" : [ {
        "name" : "Click button \"Start\".",
        "time" : {
          "start" : 1717606015553,
          "stop" : 1717606018912,
          "duration" : 3359
        },
        "status" : "passed",
        "steps" : [ {
          "name" : "Check element is visible and clickable: ('xpath', '//button[@aria-label=\"Начать выполнение упражнения\"]')",
          "time" : {
            "start" : 1717606015553,
            "stop" : 1717606018763,
            "duration" : 3210
          },
          "status" : "passed",
          "steps" : [ {
            "name" : "Check element is clickable",
            "time" : {
              "start" : 1717606018742,
              "stop" : 1717606018763,
              "duration" : 21
            },
            "status" : "passed",
            "steps" : [ {
              "name" : "Check element is clickable: ('xpath', '//button[@aria-label=\"Начать выполнение упражнения\"]')",
              "time" : {
                "start" : 1717606018742,
                "stop" : 1717606018763,
                "duration" : 21
              },
              "status" : "passed",
              "steps" : [ ],
              "attachments" : [ ],
              "parameters" : [ ],
              "stepsCount" : 0,
              "attachmentsCount" : 0,
              "shouldDisplayMessage" : false,
              "hasContent" : false
            } ],
            "attachments" : [ ],
            "parameters" : [ {
              "name" : "locator",
              "value" : "('xpath', '//button[@aria-label=\"Начать выполнение упражнения\"]')"
            } ],
            "stepsCount" : 1,
            "attachmentsCount" : 0,
            "shouldDisplayMessage" : false,
            "hasContent" : true
          } ],
          "attachments" : [ ],
          "parameters" : [ ],
          "stepsCount" : 2,
          "attachmentsCount" : 0,
          "shouldDisplayMessage" : false,
          "hasContent" : true
        } ],
        "attachments" : [ ],
        "parameters" : [ ],
        "stepsCount" : 3,
        "attachmentsCount" : 0,
        "shouldDisplayMessage" : false,
        "hasContent" : true
      }, {
        "name" : "Check elements are visible: ('xpath', '//li[@class=\"task-player__option flex\"]')",
        "time" : {
          "start" : 1717606018912,
          "stop" : 1717606019005,
          "duration" : 93
        },
        "status" : "passed",
        "steps" : [ ],
        "attachments" : [ ],
        "parameters" : [ ],
        "stepsCount" : 0,
        "attachmentsCount" : 0,
        "shouldDisplayMessage" : false,
        "hasContent" : false
      }, {
        "name" : "Getting a list of exercise words from the front: ['круг', 'рубашка', 'мышь', 'машина', 'спать', 'голова']",
        "time" : {
          "start" : 1717606019065,
          "stop" : 1717606019065,
          "duration" : 0
        },
        "status" : "passed",
        "steps" : [ ],
        "attachments" : [ ],
        "parameters" : [ ],
        "stepsCount" : 0,
        "attachmentsCount" : 0,
        "shouldDisplayMessage" : false,
        "hasContent" : false
      }, {
        "name" : "Click button \"Повторить\".",
        "time" : {
          "start" : 1717606019065,
          "stop" : 1717606019148,
          "duration" : 83
        },
        "status" : "passed",
        "steps" : [ {
          "name" : "Check element is visible and clickable: ('xpath', '//*[text()=\"Повторить\"]')",
          "time" : {
            "start" : 1717606019065,
            "stop" : 1717606019097,
            "duration" : 32
          },
          "status" : "passed",
          "steps" : [ {
            "name" : "Check element is clickable",
            "time" : {
              "start" : 1717606019080,
              "stop" : 1717606019097,
              "duration" : 17
            },
            "status" : "passed",
            "steps" : [ {
              "name" : "Check element is clickable: ('xpath', '//*[text()=\"Повторить\"]')",
              "time" : {
                "start" : 1717606019080,
                "stop" : 1717606019097,
                "duration" : 17
              },
              "status" : "passed",
              "steps" : [ ],
              "attachments" : [ ],
              "parameters" : [ ],
              "stepsCount" : 0,
              "attachmentsCount" : 0,
              "shouldDisplayMessage" : false,
              "hasContent" : false
            } ],
            "attachments" : [ ],
            "parameters" : [ {
              "name" : "locator",
              "value" : "('xpath', '//*[text()=\"Повторить\"]')"
            } ],
            "stepsCount" : 1,
            "attachmentsCount" : 0,
            "shouldDisplayMessage" : false,
            "hasContent" : true
          } ],
          "attachments" : [ ],
          "parameters" : [ ],
          "stepsCount" : 2,
          "attachmentsCount" : 0,
          "shouldDisplayMessage" : false,
          "hasContent" : true
        } ],
        "attachments" : [ ],
        "parameters" : [ ],
        "stepsCount" : 3,
        "attachmentsCount" : 0,
        "shouldDisplayMessage" : false,
        "hasContent" : true
      }, {
        "name" : "Click button \"Решать\".",
        "time" : {
          "start" : 1717606019148,
          "stop" : 1717606019212,
          "duration" : 64
        },
        "status" : "passed",
        "steps" : [ {
          "name" : "Check element is visible and clickable: ('xpath', '//*[text()=\"Решать\"]')",
          "time" : {
            "start" : 1717606019148,
            "stop" : 1717606019185,
            "duration" : 37
          },
          "status" : "passed",
          "steps" : [ {
            "name" : "Check element is clickable",
            "time" : {
              "start" : 1717606019168,
              "stop" : 1717606019185,
              "duration" : 17
            },
            "status" : "passed",
            "steps" : [ {
              "name" : "Check element is clickable: ('xpath', '//*[text()=\"Решать\"]')",
              "time" : {
                "start" : 1717606019168,
                "stop" : 1717606019185,
                "duration" : 17
              },
              "status" : "passed",
              "steps" : [ ],
              "attachments" : [ ],
              "parameters" : [ ],
              "stepsCount" : 0,
              "attachmentsCount" : 0,
              "shouldDisplayMessage" : false,
              "hasContent" : false
            } ],
            "attachments" : [ ],
            "parameters" : [ {
              "name" : "locator",
              "value" : "('xpath', '//*[text()=\"Решать\"]')"
            } ],
            "stepsCount" : 1,
            "attachmentsCount" : 0,
            "shouldDisplayMessage" : false,
            "hasContent" : true
          } ],
          "attachments" : [ ],
          "parameters" : [ ],
          "stepsCount" : 2,
          "attachmentsCount" : 0,
          "shouldDisplayMessage" : false,
          "hasContent" : true
        } ],
        "attachments" : [ ],
        "parameters" : [ ],
        "stepsCount" : 3,
        "attachmentsCount" : 0,
        "shouldDisplayMessage" : false,
        "hasContent" : true
      } ],
      "attachments" : [ ],
      "parameters" : [ ],
      "stepsCount" : 14,
      "attachmentsCount" : 0,
      "shouldDisplayMessage" : false,
      "hasContent" : true
    }, {
      "name" : "get_correct_answer",
      "time" : {
        "start" : 1717606019213,
        "stop" : 1717606082275,
        "duration" : 63062
      },
      "status" : "broken",
      "statusMessage" : "selenium.common.exceptions.TimeoutException: Message: Can't find element by locator ('xpath', '//h3[@class=\"mt-6 mb-6 text-2xl font-semibold\"]')\nStacktrace:\n#0 0x5598d592ae3a <unknown>\n#1 0x5598d561445c <unknown>\n#2 0x5598d56605b5 <unknown>\n#3 0x5598d5660671 <unknown>\n#4 0x5598d56a4f14 <unknown>\n#5 0x5598d56834dd <unknown>\n#6 0x5598d56a22cc <unknown>\n#7 0x5598d5683253 <unknown>\n#8 0x5598d56531c7 <unknown>\n#9 0x5598d5653b3e <unknown>\n#10 0x5598d58f127b <unknown>\n#11 0x5598d58f5327 <unknown>\n#12 0x5598d58dddae <unknown>\n#13 0x5598d58f5df2 <unknown>\n#14 0x5598d58c274f <unknown>\n#15 0x5598d591a128 <unknown>\n#16 0x5598d591a2fb <unknown>\n#17 0x5598d5929f6c <unknown>\n#18 0x7fee9a694ac3 <unknown>\n\n",
      "statusTrace" : "  File \"/opt/hostedtoolcache/Python/3.12.3/x64/lib/python3.12/site-packages/allure_commons/_allure.py\", line 192, in impl\n    return func(*a, **kw)\n           ^^^^^^^^^^^^^^\n  File \"/home/runner/work/auto-tests-python/auto-tests-python/pages/speech_exercises_page_ru.py\", line 155, in get_correct_answer\n    message = self.element_is_present(self.locators.SpeechExercisesPageLocators.CONGRATULATION_MESSAGE)\n              ^^^^^^^^^^^^^^^^^^^^^^^^^^^^^^^^^^^^^^^^^^^^^^^^^^^^^^^^^^^^^^^^^^^^^^^^^^^^^^^^^^^^^^^^^\n  File \"/home/runner/work/auto-tests-python/auto-tests-python/pages/base_page.py\", line 55, in element_is_present\n    return Wait(self.driver, self.timeout).until(\n           ^^^^^^^^^^^^^^^^^^^^^^^^^^^^^^^^^^^^^^\n  File \"/opt/hostedtoolcache/Python/3.12.3/x64/lib/python3.12/site-packages/selenium/webdriver/support/wait.py\", line 95, in until\n    raise TimeoutException(message, screen, stacktrace)\n",
      "steps" : [ {
        "name" : "Check element is present: ('xpath', '//body[@data-correct-answer]')",
        "time" : {
          "start" : 1717606020213,
          "stop" : 1717606020229,
          "duration" : 16
        },
        "status" : "passed",
        "steps" : [ ],
        "attachments" : [ ],
        "parameters" : [ ],
        "stepsCount" : 0,
        "attachmentsCount" : 0,
        "shouldDisplayMessage" : false,
        "hasContent" : false
      }, {
        "name" : "Check element is present: ('xpath', '//body[@data-correct-answer]')",
        "time" : {
          "start" : 1717606020229,
          "stop" : 1717606020244,
          "duration" : 15
        },
        "status" : "passed",
        "steps" : [ ],
        "attachments" : [ ],
        "parameters" : [ ],
        "stepsCount" : 0,
        "attachmentsCount" : 0,
        "shouldDisplayMessage" : false,
        "hasContent" : false
      }, {
        "name" : "Check element is present: ('xpath', '//body[@data-correct-answer]')",
        "time" : {
          "start" : 1717606021253,
          "stop" : 1717606021259,
          "duration" : 6
        },
        "status" : "passed",
        "steps" : [ ],
        "attachments" : [ ],
        "parameters" : [ ],
        "stepsCount" : 0,
        "attachmentsCount" : 0,
        "shouldDisplayMessage" : false,
        "hasContent" : false
      }, {
        "name" : "Check element is present: ('xpath', '//body[@data-correct-answer]')",
        "time" : {
          "start" : 1717606021259,
          "stop" : 1717606021264,
          "duration" : 5
        },
        "status" : "passed",
        "steps" : [ ],
        "attachments" : [ ],
        "parameters" : [ ],
        "stepsCount" : 0,
        "attachmentsCount" : 0,
        "shouldDisplayMessage" : false,
        "hasContent" : false
      }, {
        "name" : "Check element is visible and clickable: ('xpath', '//*[text()=\"круг\"]')",
        "time" : {
          "start" : 1717606021284,
          "stop" : 1717606041525,
          "duration" : 20241
        },
        "status" : "broken",
        "statusMessage" : "selenium.common.exceptions.TimeoutException: Message: Can't find element by locator ('xpath', '//*[text()=\"круг\"]')\n\n",
        "statusTrace" : "  File \"/home/runner/work/auto-tests-python/auto-tests-python/pages/base_page.py\", line 34, in element_is_present_and_clickable\n    self.element_is_clickable(locator))\n    ^^^^^^^^^^^^^^^^^^^^^^^^^^^^^^^^^^\n  File \"/opt/hostedtoolcache/Python/3.12.3/x64/lib/python3.12/site-packages/allure_commons/_allure.py\", line 192, in impl\n    return func(*a, **kw)\n           ^^^^^^^^^^^^^^\n  File \"/home/runner/work/auto-tests-python/auto-tests-python/pages/base_page.py\", line 66, in element_is_clickable\n    return Wait(self.driver, self.timeout).until(\n           ^^^^^^^^^^^^^^^^^^^^^^^^^^^^^^^^^^^^^^\n  File \"/opt/hostedtoolcache/Python/3.12.3/x64/lib/python3.12/site-packages/selenium/webdriver/support/wait.py\", line 95, in until\n    raise TimeoutException(message, screen, stacktrace)\n",
        "steps" : [ {
          "name" : "Check element is clickable",
          "time" : {
            "start" : 1717606021299,
            "stop" : 1717606041524,
            "duration" : 20225
          },
          "status" : "broken",
          "statusMessage" : "selenium.common.exceptions.TimeoutException: Message: Can't find element by locator ('xpath', '//*[text()=\"круг\"]')\n\n",
          "statusTrace" : "  File \"/opt/hostedtoolcache/Python/3.12.3/x64/lib/python3.12/site-packages/allure_commons/_allure.py\", line 192, in impl\n    return func(*a, **kw)\n           ^^^^^^^^^^^^^^\n  File \"/home/runner/work/auto-tests-python/auto-tests-python/pages/base_page.py\", line 66, in element_is_clickable\n    return Wait(self.driver, self.timeout).until(\n           ^^^^^^^^^^^^^^^^^^^^^^^^^^^^^^^^^^^^^^\n  File \"/opt/hostedtoolcache/Python/3.12.3/x64/lib/python3.12/site-packages/selenium/webdriver/support/wait.py\", line 95, in until\n    raise TimeoutException(message, screen, stacktrace)\n",
          "steps" : [ {
            "name" : "Check element is clickable: ('xpath', '//*[text()=\"круг\"]')",
            "time" : {
              "start" : 1717606021299,
              "stop" : 1717606041524,
              "duration" : 20225
            },
            "status" : "broken",
            "statusMessage" : "selenium.common.exceptions.TimeoutException: Message: Can't find element by locator ('xpath', '//*[text()=\"круг\"]')\n\n",
            "statusTrace" : "  File \"/home/runner/work/auto-tests-python/auto-tests-python/pages/base_page.py\", line 66, in element_is_clickable\n    return Wait(self.driver, self.timeout).until(\n           ^^^^^^^^^^^^^^^^^^^^^^^^^^^^^^^^^^^^^^\n  File \"/opt/hostedtoolcache/Python/3.12.3/x64/lib/python3.12/site-packages/selenium/webdriver/support/wait.py\", line 95, in until\n    raise TimeoutException(message, screen, stacktrace)\n",
            "steps" : [ ],
            "attachments" : [ ],
            "parameters" : [ ],
            "stepsCount" : 0,
            "attachmentsCount" : 0,
            "shouldDisplayMessage" : true,
            "hasContent" : true
          } ],
          "attachments" : [ ],
          "parameters" : [ {
            "name" : "locator",
            "value" : "('xpath', '//*[text()=\"круг\"]')"
          } ],
          "stepsCount" : 1,
          "attachmentsCount" : 0,
          "shouldDisplayMessage" : false,
          "hasContent" : true
        } ],
        "attachments" : [ ],
        "parameters" : [ ],
        "stepsCount" : 2,
        "attachmentsCount" : 0,
        "shouldDisplayMessage" : false,
        "hasContent" : true
      }, {
        "name" : "Check element is visible and clickable: ('xpath', '//*[text()=\"круг\"]')",
        "time" : {
          "start" : 1717606041525,
          "stop" : 1717606061767,
          "duration" : 20242
        },
        "status" : "broken",
        "statusMessage" : "selenium.common.exceptions.TimeoutException: Message: Can't find element by locator ('xpath', '//*[text()=\"круг\"]')\n\n",
        "statusTrace" : "  File \"/home/runner/work/auto-tests-python/auto-tests-python/pages/base_page.py\", line 34, in element_is_present_and_clickable\n    self.element_is_clickable(locator))\n    ^^^^^^^^^^^^^^^^^^^^^^^^^^^^^^^^^^\n  File \"/opt/hostedtoolcache/Python/3.12.3/x64/lib/python3.12/site-packages/allure_commons/_allure.py\", line 192, in impl\n    return func(*a, **kw)\n           ^^^^^^^^^^^^^^\n  File \"/home/runner/work/auto-tests-python/auto-tests-python/pages/base_page.py\", line 66, in element_is_clickable\n    return Wait(self.driver, self.timeout).until(\n           ^^^^^^^^^^^^^^^^^^^^^^^^^^^^^^^^^^^^^^\n  File \"/opt/hostedtoolcache/Python/3.12.3/x64/lib/python3.12/site-packages/selenium/webdriver/support/wait.py\", line 95, in until\n    raise TimeoutException(message, screen, stacktrace)\n",
        "steps" : [ {
          "name" : "Check element is clickable",
          "time" : {
            "start" : 1717606041538,
            "stop" : 1717606061767,
            "duration" : 20229
          },
          "status" : "broken",
          "statusMessage" : "selenium.common.exceptions.TimeoutException: Message: Can't find element by locator ('xpath', '//*[text()=\"круг\"]')\n\n",
          "statusTrace" : "  File \"/opt/hostedtoolcache/Python/3.12.3/x64/lib/python3.12/site-packages/allure_commons/_allure.py\", line 192, in impl\n    return func(*a, **kw)\n           ^^^^^^^^^^^^^^\n  File \"/home/runner/work/auto-tests-python/auto-tests-python/pages/base_page.py\", line 66, in element_is_clickable\n    return Wait(self.driver, self.timeout).until(\n           ^^^^^^^^^^^^^^^^^^^^^^^^^^^^^^^^^^^^^^\n  File \"/opt/hostedtoolcache/Python/3.12.3/x64/lib/python3.12/site-packages/selenium/webdriver/support/wait.py\", line 95, in until\n    raise TimeoutException(message, screen, stacktrace)\n",
          "steps" : [ {
            "name" : "Check element is clickable: ('xpath', '//*[text()=\"круг\"]')",
            "time" : {
              "start" : 1717606041538,
              "stop" : 1717606061766,
              "duration" : 20228
            },
            "status" : "broken",
            "statusMessage" : "selenium.common.exceptions.TimeoutException: Message: Can't find element by locator ('xpath', '//*[text()=\"круг\"]')\n\n",
            "statusTrace" : "  File \"/home/runner/work/auto-tests-python/auto-tests-python/pages/base_page.py\", line 66, in element_is_clickable\n    return Wait(self.driver, self.timeout).until(\n           ^^^^^^^^^^^^^^^^^^^^^^^^^^^^^^^^^^^^^^\n  File \"/opt/hostedtoolcache/Python/3.12.3/x64/lib/python3.12/site-packages/selenium/webdriver/support/wait.py\", line 95, in until\n    raise TimeoutException(message, screen, stacktrace)\n",
            "steps" : [ ],
            "attachments" : [ ],
            "parameters" : [ ],
            "stepsCount" : 0,
            "attachmentsCount" : 0,
            "shouldDisplayMessage" : true,
            "hasContent" : true
          } ],
          "attachments" : [ ],
          "parameters" : [ {
            "name" : "locator",
            "value" : "('xpath', '//*[text()=\"круг\"]')"
          } ],
          "stepsCount" : 1,
          "attachmentsCount" : 0,
          "shouldDisplayMessage" : false,
          "hasContent" : true
        } ],
        "attachments" : [ ],
        "parameters" : [ ],
        "stepsCount" : 2,
        "attachmentsCount" : 0,
        "shouldDisplayMessage" : false,
        "hasContent" : true
      }, {
        "name" : "Check element is present: ('xpath', '//h3[@class=\"mt-6 mb-6 text-2xl font-semibold\"]')",
        "time" : {
          "start" : 1717606061768,
          "stop" : 1717606082274,
          "duration" : 20506
        },
        "status" : "broken",
        "statusMessage" : "selenium.common.exceptions.TimeoutException: Message: Can't find element by locator ('xpath', '//h3[@class=\"mt-6 mb-6 text-2xl font-semibold\"]')\nStacktrace:\n#0 0x5598d592ae3a <unknown>\n#1 0x5598d561445c <unknown>\n#2 0x5598d56605b5 <unknown>\n#3 0x5598d5660671 <unknown>\n#4 0x5598d56a4f14 <unknown>\n#5 0x5598d56834dd <unknown>\n#6 0x5598d56a22cc <unknown>\n#7 0x5598d5683253 <unknown>\n#8 0x5598d56531c7 <unknown>\n#9 0x5598d5653b3e <unknown>\n#10 0x5598d58f127b <unknown>\n#11 0x5598d58f5327 <unknown>\n#12 0x5598d58dddae <unknown>\n#13 0x5598d58f5df2 <unknown>\n#14 0x5598d58c274f <unknown>\n#15 0x5598d591a128 <unknown>\n#16 0x5598d591a2fb <unknown>\n#17 0x5598d5929f6c <unknown>\n#18 0x7fee9a694ac3 <unknown>\n\n",
        "statusTrace" : "  File \"/home/runner/work/auto-tests-python/auto-tests-python/pages/base_page.py\", line 55, in element_is_present\n    return Wait(self.driver, self.timeout).until(\n           ^^^^^^^^^^^^^^^^^^^^^^^^^^^^^^^^^^^^^^\n  File \"/opt/hostedtoolcache/Python/3.12.3/x64/lib/python3.12/site-packages/selenium/webdriver/support/wait.py\", line 95, in until\n    raise TimeoutException(message, screen, stacktrace)\n",
        "steps" : [ ],
        "attachments" : [ ],
        "parameters" : [ ],
        "stepsCount" : 0,
        "attachmentsCount" : 0,
        "shouldDisplayMessage" : true,
        "hasContent" : true
      } ],
      "attachments" : [ ],
      "parameters" : [ ],
      "stepsCount" : 11,
      "attachmentsCount" : 0,
      "shouldDisplayMessage" : false,
      "hasContent" : true
    } ],
    "attachments" : [ {
      "uid" : "cf845e610561480f",
      "name" : "Screenshot",
      "source" : "cf845e610561480f.png",
      "type" : "image/png",
      "size" : 57981
    }, {
      "uid" : "54293995b6a5415",
      "name" : "HTML source",
      "source" : "54293995b6a5415.html",
      "type" : "text/html",
      "size" : 95286
    } ],
    "parameters" : [ ],
    "stepsCount" : 70,
    "attachmentsCount" : 2,
    "shouldDisplayMessage" : true,
    "hasContent" : true
  },
  "afterStages" : [ {
    "name" : "driver::0",
    "time" : {
      "start" : 1717606082436,
      "stop" : 1717606082624,
      "duration" : 188
    },
    "status" : "passed",
    "steps" : [ ],
    "attachments" : [ {
      "uid" : "b4d29892aa6b8ad9",
      "name" : "Screenshot 2024-06-05 16:48:02.554839",
      "source" : "b4d29892aa6b8ad9.png",
      "type" : "image/png",
      "size" : 57981
    } ],
    "parameters" : [ ],
    "stepsCount" : 0,
    "attachmentsCount" : 1,
    "shouldDisplayMessage" : false,
    "hasContent" : true
  } ],
  "labels" : [ {
    "name" : "suite",
    "value" : "Речевые упражнения."
  }, {
    "name" : "epic",
    "value" : "Speech exercises."
  }, {
    "name" : "tag",
    "value" : "@pytest.mark.xfail"
  }, {
    "name" : "parentSuite",
    "value" : "tests"
  }, {
    "name" : "subSuite",
    "value" : "TestCardsRU"
  }, {
    "name" : "host",
    "value" : "fv-az891-101"
  }, {
    "name" : "thread",
    "value" : "2333-MainThread"
  }, {
    "name" : "framework",
    "value" : "pytest"
  }, {
    "name" : "language",
    "value" : "cpython3"
  }, {
    "name" : "package",
    "value" : "tests.test_speech_exercises_ru"
  }, {
    "name" : "resultFormat",
    "value" : "allure2"
  } ],
  "parameters" : [ ],
  "links" : [ ],
  "hidden" : false,
  "retry" : false,
  "extra" : {
    "severity" : "normal",
    "retries" : [ ],
    "categories" : [ ],
    "history" : {
      "statistic" : {
        "failed" : 0,
        "broken" : 0,
        "skipped" : 18,
        "passed" : 1,
        "unknown" : 0,
        "total" : 19
      },
      "items" : [ {
        "uid" : "bd1bb3fbf9f413f",
        "reportUrl" : "https://lambotik.github.io/auto-tests-python/24//#testresult/bd1bb3fbf9f413f",
        "status" : "skipped",
        "statusDetails" : "XFAIL\n\nselenium.common.exceptions.TimeoutException: Message: Can't find element by locator ('xpath', '//h3[@class=\"mt-6 mb-6 text-2xl font-semibold\"]')\nStacktrace:\n#0 0x55a7749c6e8a <unknown>\n#1 0x55a7746b045c <unknown>\n#2 0x55a7746fc5b5 <unknown>\n#3 0x55a7746fc671 <unknown>\n#4 0x55a774740f14 <unknown>\n#5 0x55a77471f4dd <unknown>\n#6 0x55a77473e2cc <unknown>\n#7 0x55a77471f253 <unknown>\n#8 0x55a7746ef1c7 <unknown>\n#9 0x55a7746efb3e <unknown>\n#10 0x55a77498d2cb <unknown>\n#11 0x55a774991377 <unknown>\n#12 0x55a774979dfe <unknown>\n#13 0x55a774991e42 <unknown>\n#14 0x55a77495e79f <unknown>\n#15 0x55a7749b6178 <unknown>\n#16 0x55a7749b634b <unknown>\n#17 0x55a7749c5fbc <unknown>\n#18 0x7fba13894ac3 <unknown>",
        "time" : {
          "start" : 1717548263848,
          "stop" : 1717548335237,
          "duration" : 71389
        }
      }, {
        "uid" : "a1bca86538af4300",
        "reportUrl" : "https://lambotik.github.io/auto-tests-python/23//#testresult/a1bca86538af4300",
        "status" : "skipped",
        "statusDetails" : "XFAIL\n\nselenium.common.exceptions.TimeoutException: Message: Can't find element by locator ('xpath', '//h3[@class=\"mt-6 mb-6 text-2xl font-semibold\"]')\nStacktrace:\n#0 0x55c214ed5e8a <unknown>\n#1 0x55c214bbf45c <unknown>\n#2 0x55c214c0b5b5 <unknown>\n#3 0x55c214c0b671 <unknown>\n#4 0x55c214c4ff14 <unknown>\n#5 0x55c214c2e4dd <unknown>\n#6 0x55c214c4d2cc <unknown>\n#7 0x55c214c2e253 <unknown>\n#8 0x55c214bfe1c7 <unknown>\n#9 0x55c214bfeb3e <unknown>\n#10 0x55c214e9c2cb <unknown>\n#11 0x55c214ea0377 <unknown>\n#12 0x55c214e88dfe <unknown>\n#13 0x55c214ea0e42 <unknown>\n#14 0x55c214e6d79f <unknown>\n#15 0x55c214ec5178 <unknown>\n#16 0x55c214ec534b <unknown>\n#17 0x55c214ed4fbc <unknown>\n#18 0x7fe0e4294ac3 <unknown>",
        "time" : {
          "start" : 1717461921588,
          "stop" : 1717461994503,
          "duration" : 72915
        }
      }, {
        "uid" : "2ca318b24a782011",
        "reportUrl" : "https://lambotik.github.io/auto-tests-python/22//#testresult/2ca318b24a782011",
        "status" : "skipped",
        "statusDetails" : "XFAIL\n\nselenium.common.exceptions.TimeoutException: Message: Can't find element by locator ('xpath', '//button[@data-test-active-link=\"Слова Королёвой\"]')\nStacktrace:\n#0 0x55c870a50e8a <unknown>\n#1 0x55c87073a45c <unknown>\n#2 0x55c8707865b5 <unknown>\n#3 0x55c870786671 <unknown>\n#4 0x55c8707caf14 <unknown>\n#5 0x55c8707a94dd <unknown>\n#6 0x55c8707c82cc <unknown>\n#7 0x55c8707a9253 <unknown>\n#8 0x55c8707791c7 <unknown>\n#9 0x55c870779b3e <unknown>\n#10 0x55c870a172cb <unknown>\n#11 0x55c870a1b377 <unknown>\n#12 0x55c870a03dfe <unknown>\n#13 0x55c870a1be42 <unknown>\n#14 0x55c8709e879f <unknown>\n#15 0x55c870a40178 <unknown>\n#16 0x55c870a4034b <unknown>\n#17 0x55c870a4ffbc <unknown>\n#18 0x7fb6af494ac3 <unknown>",
        "time" : {
          "start" : 1717375292931,
          "stop" : 1717375314730,
          "duration" : 21799
        }
      }, {
        "uid" : "22a8110007835c93",
        "reportUrl" : "https://lambotik.github.io/auto-tests-python/21//#testresult/22a8110007835c93",
        "status" : "passed",
        "statusDetails" : "XPASS",
        "time" : {
          "start" : 1717289239802,
          "stop" : 1717289294059,
          "duration" : 54257
        }
      }, {
        "uid" : "28612b3b7c388a89",
        "reportUrl" : "https://lambotik.github.io/auto-tests-python/20//#testresult/28612b3b7c388a89",
        "status" : "skipped",
        "statusDetails" : "XFAIL\n\nselenium.common.exceptions.TimeoutException: Message: Can't find element by locator ('xpath', '//h3[@class=\"mt-6 mb-6 text-2xl font-semibold\"]')\nStacktrace:\n#0 0x55df8d9a2e8a <unknown>\n#1 0x55df8d68c45c <unknown>\n#2 0x55df8d6d85b5 <unknown>\n#3 0x55df8d6d8671 <unknown>\n#4 0x55df8d71cf14 <unknown>\n#5 0x55df8d6fb4dd <unknown>\n#6 0x55df8d71a2cc <unknown>\n#7 0x55df8d6fb253 <unknown>\n#8 0x55df8d6cb1c7 <unknown>\n#9 0x55df8d6cbb3e <unknown>\n#10 0x55df8d9692cb <unknown>\n#11 0x55df8d96d377 <unknown>\n#12 0x55df8d955dfe <unknown>\n#13 0x55df8d96de42 <unknown>\n#14 0x55df8d93a79f <unknown>\n#15 0x55df8d992178 <unknown>\n#16 0x55df8d99234b <unknown>\n#17 0x55df8d9a1fbc <unknown>\n#18 0x7f6bcda94ac3 <unknown>",
        "time" : {
          "start" : 1717202679554,
          "stop" : 1717202750005,
          "duration" : 70451
        }
      }, {
        "uid" : "afc422638df0178f",
        "reportUrl" : "https://lambotik.github.io/auto-tests-python/19//#testresult/afc422638df0178f",
        "status" : "skipped",
        "statusDetails" : "XFAIL\n\nselenium.common.exceptions.TimeoutException: Message: Can't find element by locator ('xpath', '//h3[@class=\"mt-6 mb-6 text-2xl font-semibold\"]')\nStacktrace:\n#0 0x55a2d2c95e8a <unknown>\n#1 0x55a2d297f45c <unknown>\n#2 0x55a2d29cb5b5 <unknown>\n#3 0x55a2d29cb671 <unknown>\n#4 0x55a2d2a0ff14 <unknown>\n#5 0x55a2d29ee4dd <unknown>\n#6 0x55a2d2a0d2cc <unknown>\n#7 0x55a2d29ee253 <unknown>\n#8 0x55a2d29be1c7 <unknown>\n#9 0x55a2d29beb3e <unknown>\n#10 0x55a2d2c5c2cb <unknown>\n#11 0x55a2d2c60377 <unknown>\n#12 0x55a2d2c48dfe <unknown>\n#13 0x55a2d2c60e42 <unknown>\n#14 0x55a2d2c2d79f <unknown>\n#15 0x55a2d2c85178 <unknown>\n#16 0x55a2d2c8534b <unknown>\n#17 0x55a2d2c94fbc <unknown>\n#18 0x7f55c9294ac3 <unknown>",
        "time" : {
          "start" : 1717116024728,
          "stop" : 1717116095225,
          "duration" : 70497
        }
      }, {
        "uid" : "5b3d04abc55827d6",
        "reportUrl" : "https://lambotik.github.io/auto-tests-python/18//#testresult/5b3d04abc55827d6",
        "status" : "skipped",
        "statusDetails" : "XFAIL\n\nselenium.common.exceptions.TimeoutException: Message: Can't find element by locator ('xpath', '//h3[@class=\"mt-6 mb-6 text-2xl font-semibold\"]')\nStacktrace:\n#0 0x5629d77e2e8a <unknown>\n#1 0x5629d74cc45c <unknown>\n#2 0x5629d75185b5 <unknown>\n#3 0x5629d7518671 <unknown>\n#4 0x5629d755cf14 <unknown>\n#5 0x5629d753b4dd <unknown>\n#6 0x5629d755a2cc <unknown>\n#7 0x5629d753b253 <unknown>\n#8 0x5629d750b1c7 <unknown>\n#9 0x5629d750bb3e <unknown>\n#10 0x5629d77a92cb <unknown>\n#11 0x5629d77ad377 <unknown>\n#12 0x5629d7795dfe <unknown>\n#13 0x5629d77ade42 <unknown>\n#14 0x5629d777a79f <unknown>\n#15 0x5629d77d2178 <unknown>\n#16 0x5629d77d234b <unknown>\n#17 0x5629d77e1fbc <unknown>\n#18 0x7f279fa94ac3 <unknown>",
        "time" : {
          "start" : 1717029700624,
          "stop" : 1717029771149,
          "duration" : 70525
        }
      }, {
        "uid" : "caa83002ca367ff6",
        "reportUrl" : "https://lambotik.github.io/auto-tests-python/17//#testresult/caa83002ca367ff6",
        "status" : "skipped",
        "statusDetails" : "XFAIL\n\nselenium.common.exceptions.TimeoutException: Message: Can't find element by locator ('xpath', '//h3[@class=\"mt-6 mb-6 text-2xl font-semibold\"]')\nStacktrace:\n#0 0x55b3c5b8ee8a <unknown>\n#1 0x55b3c587845c <unknown>\n#2 0x55b3c58c45b5 <unknown>\n#3 0x55b3c58c4671 <unknown>\n#4 0x55b3c5908f14 <unknown>\n#5 0x55b3c58e74dd <unknown>\n#6 0x55b3c59062cc <unknown>\n#7 0x55b3c58e7253 <unknown>\n#8 0x55b3c58b71c7 <unknown>\n#9 0x55b3c58b7b3e <unknown>\n#10 0x55b3c5b552cb <unknown>\n#11 0x55b3c5b59377 <unknown>\n#12 0x55b3c5b41dfe <unknown>\n#13 0x55b3c5b59e42 <unknown>\n#14 0x55b3c5b2679f <unknown>\n#15 0x55b3c5b7e178 <unknown>\n#16 0x55b3c5b7e34b <unknown>\n#17 0x55b3c5b8dfbc <unknown>\n#18 0x7f86f2094ac3 <unknown>",
        "time" : {
          "start" : 1716943416329,
          "stop" : 1716943487047,
          "duration" : 70718
        }
      }, {
        "uid" : "883f81e9ea0e2a97",
        "reportUrl" : "https://lambotik.github.io/auto-tests-python/16//#testresult/883f81e9ea0e2a97",
        "status" : "skipped",
        "statusDetails" : "XFAIL\n\nselenium.common.exceptions.TimeoutException: Message: Can't find element by locator ('xpath', '//h3[@class=\"mt-6 mb-6 text-2xl font-semibold\"]')\nStacktrace:\n#0 0x5591e8e1ceca <unknown>\n#1 0x5591e8b0645c <unknown>\n#2 0x5591e8b525b5 <unknown>\n#3 0x5591e8b52671 <unknown>\n#4 0x5591e8b96f14 <unknown>\n#5 0x5591e8b754dd <unknown>\n#6 0x5591e8b942cc <unknown>\n#7 0x5591e8b75253 <unknown>\n#8 0x5591e8b451c7 <unknown>\n#9 0x5591e8b45b3e <unknown>\n#10 0x5591e8de330b <unknown>\n#11 0x5591e8de73b7 <unknown>\n#12 0x5591e8dcfe3e <unknown>\n#13 0x5591e8de7e82 <unknown>\n#14 0x5591e8db47df <unknown>\n#15 0x5591e8e0c1b8 <unknown>\n#16 0x5591e8e0c38b <unknown>\n#17 0x5591e8e1bffc <unknown>\n#18 0x7f6063e94ac3 <unknown>",
        "time" : {
          "start" : 1716856846423,
          "stop" : 1716856918048,
          "duration" : 71625
        }
      }, {
        "uid" : "7131d4aa9136d7a1",
        "reportUrl" : "https://lambotik.github.io/auto-tests-python/15//#testresult/7131d4aa9136d7a1",
        "status" : "skipped",
        "statusDetails" : "XFAIL\n\nselenium.common.exceptions.TimeoutException: Message: Can't find element by locator ('xpath', '//button[@aria-label=\"Начать выполнение упражнения\"]')\nStacktrace:\n#0 0x55f2d6568eca <unknown>\n#1 0x55f2d625245c <unknown>\n#2 0x55f2d629e5b5 <unknown>\n#3 0x55f2d629e671 <unknown>\n#4 0x55f2d62e2f14 <unknown>\n#5 0x55f2d62c14dd <unknown>\n#6 0x55f2d62e02cc <unknown>\n#7 0x55f2d62c1253 <unknown>\n#8 0x55f2d62911c7 <unknown>\n#9 0x55f2d6291b3e <unknown>\n#10 0x55f2d652f30b <unknown>\n#11 0x55f2d65333b7 <unknown>\n#12 0x55f2d651be3e <unknown>\n#13 0x55f2d6533e82 <unknown>\n#14 0x55f2d65007df <unknown>\n#15 0x55f2d65581b8 <unknown>\n#16 0x55f2d655838b <unknown>\n#17 0x55f2d6567ffc <unknown>\n#18 0x7f5be5694ac3 <unknown>",
        "time" : {
          "start" : 1716769103186,
          "stop" : 1716769171757,
          "duration" : 68571
        }
      }, {
        "uid" : "539b7fcc0702f9bc",
        "reportUrl" : "https://lambotik.github.io/auto-tests-python/14//#testresult/539b7fcc0702f9bc",
        "status" : "skipped",
        "statusDetails" : "XFAIL\n\nselenium.common.exceptions.TimeoutException: Message: Can't find element by locator ('xpath', '//h3[@class=\"mt-6 mb-6 text-2xl font-semibold\"]')\nStacktrace:\n#0 0x562e9fba2eca <unknown>\n#1 0x562e9f88c45c <unknown>\n#2 0x562e9f8d85b5 <unknown>\n#3 0x562e9f8d8671 <unknown>\n#4 0x562e9f91cf14 <unknown>\n#5 0x562e9f8fb4dd <unknown>\n#6 0x562e9f91a2cc <unknown>\n#7 0x562e9f8fb253 <unknown>\n#8 0x562e9f8cb1c7 <unknown>\n#9 0x562e9f8cbb3e <unknown>\n#10 0x562e9fb6930b <unknown>\n#11 0x562e9fb6d3b7 <unknown>\n#12 0x562e9fb55e3e <unknown>\n#13 0x562e9fb6de82 <unknown>\n#14 0x562e9fb3a7df <unknown>\n#15 0x562e9fb921b8 <unknown>\n#16 0x562e9fb9238b <unknown>\n#17 0x562e9fba1ffc <unknown>\n#18 0x7f0095894ac3 <unknown>",
        "time" : {
          "start" : 1716684274975,
          "stop" : 1716684344800,
          "duration" : 69825
        }
      }, {
        "uid" : "bbdd68520e0dea35",
        "reportUrl" : "https://lambotik.github.io/auto-tests-python/13//#testresult/bbdd68520e0dea35",
        "status" : "skipped",
        "statusDetails" : "XFAIL\n\nselenium.common.exceptions.TimeoutException: Message: Can't find element by locator ('xpath', '//h3[@class=\"mt-6 mb-6 text-2xl font-semibold\"]')\nStacktrace:\n#0 0x563b8c85beca <unknown>\n#1 0x563b8c54545c <unknown>\n#2 0x563b8c5915b5 <unknown>\n#3 0x563b8c591671 <unknown>\n#4 0x563b8c5d5f14 <unknown>\n#5 0x563b8c5b44dd <unknown>\n#6 0x563b8c5d32cc <unknown>\n#7 0x563b8c5b4253 <unknown>\n#8 0x563b8c5841c7 <unknown>\n#9 0x563b8c584b3e <unknown>\n#10 0x563b8c82230b <unknown>\n#11 0x563b8c8263b7 <unknown>\n#12 0x563b8c80ee3e <unknown>\n#13 0x563b8c826e82 <unknown>\n#14 0x563b8c7f37df <unknown>\n#15 0x563b8c84b1b8 <unknown>\n#16 0x563b8c84b38b <unknown>\n#17 0x563b8c85affc <unknown>\n#18 0x7f3cd5294ac3 <unknown>",
        "time" : {
          "start" : 1716597579532,
          "stop" : 1716597650520,
          "duration" : 70988
        }
      }, {
        "uid" : "75b3b45c31cb1a49",
        "reportUrl" : "https://lambotik.github.io/auto-tests-python/12//#testresult/75b3b45c31cb1a49",
        "status" : "skipped",
        "statusDetails" : "XFAIL\n\nselenium.common.exceptions.TimeoutException: Message: Can't find element by locator ('xpath', '//h3[@class=\"mt-6 mb-6 text-2xl font-semibold\"]')\nStacktrace:\n#0 0x55e49cf2ceca <unknown>\n#1 0x55e49cc1645c <unknown>\n#2 0x55e49cc625b5 <unknown>\n#3 0x55e49cc62671 <unknown>\n#4 0x55e49cca6f14 <unknown>\n#5 0x55e49cc854dd <unknown>\n#6 0x55e49cca42cc <unknown>\n#7 0x55e49cc85253 <unknown>\n#8 0x55e49cc551c7 <unknown>\n#9 0x55e49cc55b3e <unknown>\n#10 0x55e49cef330b <unknown>\n#11 0x55e49cef73b7 <unknown>\n#12 0x55e49cedfe3e <unknown>\n#13 0x55e49cef7e82 <unknown>\n#14 0x55e49cec47df <unknown>\n#15 0x55e49cf1c1b8 <unknown>\n#16 0x55e49cf1c38b <unknown>\n#17 0x55e49cf2bffc <unknown>\n#18 0x7f07ae094ac3 <unknown>",
        "time" : {
          "start" : 1716511233303,
          "stop" : 1716511303812,
          "duration" : 70509
        }
      }, {
        "uid" : "7666e8309f576383",
        "reportUrl" : "https://lambotik.github.io/auto-tests-python/11//#testresult/7666e8309f576383",
        "status" : "skipped",
        "statusDetails" : "XFAIL\n\nselenium.common.exceptions.TimeoutException: Message: Can't find element by locator ('xpath', '//h3[@class=\"mt-6 mb-6 text-2xl font-semibold\"]')\nStacktrace:\n#0 0x556561c1feca <unknown>\n#1 0x55656190945c <unknown>\n#2 0x5565619555b5 <unknown>\n#3 0x556561955671 <unknown>\n#4 0x556561999f14 <unknown>\n#5 0x5565619784dd <unknown>\n#6 0x5565619972cc <unknown>\n#7 0x556561978253 <unknown>\n#8 0x5565619481c7 <unknown>\n#9 0x556561948b3e <unknown>\n#10 0x556561be630b <unknown>\n#11 0x556561bea3b7 <unknown>\n#12 0x556561bd2e3e <unknown>\n#13 0x556561beae82 <unknown>\n#14 0x556561bb77df <unknown>\n#15 0x556561c0f1b8 <unknown>\n#16 0x556561c0f38b <unknown>\n#17 0x556561c1effc <unknown>\n#18 0x7f9e2ec94ac3 <unknown>",
        "time" : {
          "start" : 1716424921503,
          "stop" : 1716425020915,
          "duration" : 99412
        }
      }, {
        "uid" : "a6635144010bb5ef",
        "reportUrl" : "https://lambotik.github.io/auto-tests-python/10//#testresult/a6635144010bb5ef",
        "status" : "skipped",
        "statusDetails" : "XFAIL\n\nselenium.common.exceptions.TimeoutException: Message: Can't find element by locator ('xpath', '//h3[@class=\"mt-6 mb-6 text-2xl font-semibold\"]')\nStacktrace:\n#0 0x55e4bc0adeca <unknown>\n#1 0x55e4bbd9745c <unknown>\n#2 0x55e4bbde35b5 <unknown>\n#3 0x55e4bbde3671 <unknown>\n#4 0x55e4bbe27f14 <unknown>\n#5 0x55e4bbe064dd <unknown>\n#6 0x55e4bbe252cc <unknown>\n#7 0x55e4bbe06253 <unknown>\n#8 0x55e4bbdd61c7 <unknown>\n#9 0x55e4bbdd6b3e <unknown>\n#10 0x55e4bc07430b <unknown>\n#11 0x55e4bc0783b7 <unknown>\n#12 0x55e4bc060e3e <unknown>\n#13 0x55e4bc078e82 <unknown>\n#14 0x55e4bc0457df <unknown>\n#15 0x55e4bc09d1b8 <unknown>\n#16 0x55e4bc09d38b <unknown>\n#17 0x55e4bc0acffc <unknown>\n#18 0x7f9f0f094ac3 <unknown>",
        "time" : {
          "start" : 1716338395709,
          "stop" : 1716338465748,
          "duration" : 70039
        }
      }, {
        "uid" : "4f85371fa6f6a039",
        "reportUrl" : "https://lambotik.github.io/auto-tests-python/9//#testresult/4f85371fa6f6a039",
        "status" : "skipped",
        "statusDetails" : "XFAIL\n\nselenium.common.exceptions.TimeoutException: Message: Can't find element by locator ('xpath', '//button[@data-test-active-link=\"Слова Королёвой\"]')\nStacktrace:\n#0 0x5578e4e3deca <unknown>\n#1 0x5578e4b2745c <unknown>\n#2 0x5578e4b735b5 <unknown>\n#3 0x5578e4b73671 <unknown>\n#4 0x5578e4bb7f14 <unknown>\n#5 0x5578e4b964dd <unknown>\n#6 0x5578e4bb52cc <unknown>\n#7 0x5578e4b96253 <unknown>\n#8 0x5578e4b661c7 <unknown>\n#9 0x5578e4b66b3e <unknown>\n#10 0x5578e4e0430b <unknown>\n#11 0x5578e4e083b7 <unknown>\n#12 0x5578e4df0e3e <unknown>\n#13 0x5578e4e08e82 <unknown>\n#14 0x5578e4dd57df <unknown>\n#15 0x5578e4e2d1b8 <unknown>\n#16 0x5578e4e2d38b <unknown>\n#17 0x5578e4e3cffc <unknown>\n#18 0x7f04ab294ac3 <unknown>",
        "time" : {
          "start" : 1716252200946,
          "stop" : 1716252222910,
          "duration" : 21964
        }
      }, {
        "uid" : "6b7dc8072b554922",
        "reportUrl" : "https://lambotik.github.io/auto-tests-python/1//#testresult/6b7dc8072b554922",
        "status" : "skipped",
        "statusDetails" : "XFAIL\n\nselenium.common.exceptions.TimeoutException: Message: Can't find element by locator ('xpath', '//h3[@class=\"mt-6 mb-6 text-2xl font-semibold\"]')\nStacktrace:\n#0 0x5623140e7eca <unknown>\n#1 0x562313dd145c <unknown>\n#2 0x562313e1d5b5 <unknown>\n#3 0x562313e1d671 <unknown>\n#4 0x562313e61f14 <unknown>\n#5 0x562313e404dd <unknown>\n#6 0x562313e5f2cc <unknown>\n#7 0x562313e40253 <unknown>\n#8 0x562313e101c7 <unknown>\n#9 0x562313e10b3e <unknown>\n#10 0x5623140ae30b <unknown>\n#11 0x5623140b23b7 <unknown>\n#12 0x56231409ae3e <unknown>\n#13 0x5623140b2e82 <unknown>\n#14 0x56231407f7df <unknown>\n#15 0x5623140d71b8 <unknown>\n#16 0x5623140d738b <unknown>\n#17 0x5623140e6ffc <unknown>\n#18 0x7ff809894ac3 <unknown>",
        "time" : {
          "start" : 1716199906552,
          "stop" : 1716199978829,
          "duration" : 72277
        }
      }, {
        "uid" : "e17e3265018a9a55",
        "reportUrl" : "https://lambotik.github.io/auto-tests-python/83//#testresult/e17e3265018a9a55",
        "status" : "skipped",
        "statusDetails" : "XFAIL\n\nselenium.common.exceptions.TimeoutException: Message: Can't find element by locator ('xpath', '//h3[@class=\"mt-6 mb-6 text-2xl font-semibold\"]')\nStacktrace:\n#0 0x557133bdbeca <unknown>\n#1 0x5571338c545c <unknown>\n#2 0x5571339115b5 <unknown>\n#3 0x557133911671 <unknown>\n#4 0x557133955f14 <unknown>\n#5 0x5571339344dd <unknown>\n#6 0x5571339532cc <unknown>\n#7 0x557133934253 <unknown>\n#8 0x5571339041c7 <unknown>\n#9 0x557133904b3e <unknown>\n#10 0x557133ba230b <unknown>\n#11 0x557133ba63b7 <unknown>\n#12 0x557133b8ee3e <unknown>\n#13 0x557133ba6e82 <unknown>\n#14 0x557133b737df <unknown>\n#15 0x557133bcb1b8 <unknown>\n#16 0x557133bcb38b <unknown>\n#17 0x557133bdaffc <unknown>\n#18 0x7f62ed694ac3 <unknown>",
        "time" : {
          "start" : 1716197514033,
          "stop" : 1716197585866,
          "duration" : 71833
        }
      } ]
    },
    "tags" : [ "@pytest.mark.xfail" ]
  },
  "source" : "b01313c3c5899e3.json",
  "parameterValues" : [ ]
}