{
  "uid" : "c54bc9de12cec49f",
  "name" : "Change the password by receiving an email link",
  "fullName" : "tests.profile_page_test.TestProfilePage#test_change_password",
  "historyId" : "9957e716460bffae2f2d96bf28fa1581",
  "time" : {
    "start" : 1717605525286,
    "stop" : 1717605559403,
    "duration" : 34117
  },
  "status" : "broken",
  "statusMessage" : "selenium.common.exceptions.TimeoutException: Message: Can't find element by locator ('xpath', '//input[@name=\"newPassword\"]')\nStacktrace:\n#0 0x55d7d2dc6e3a <unknown>\n#1 0x55d7d2ab045c <unknown>\n#2 0x55d7d2afc5b5 <unknown>\n#3 0x55d7d2afc671 <unknown>\n#4 0x55d7d2b40f14 <unknown>\n#5 0x55d7d2b1f4dd <unknown>\n#6 0x55d7d2b3e2cc <unknown>\n#7 0x55d7d2b1f253 <unknown>\n#8 0x55d7d2aef1c7 <unknown>\n#9 0x55d7d2aefb3e <unknown>\n#10 0x55d7d2d8d27b <unknown>\n#11 0x55d7d2d91327 <unknown>\n#12 0x55d7d2d79dae <unknown>\n#13 0x55d7d2d91df2 <unknown>\n#14 0x55d7d2d5e74f <unknown>\n#15 0x55d7d2db6128 <unknown>\n#16 0x55d7d2db62fb <unknown>\n#17 0x55d7d2dc5f6c <unknown>\n#18 0x7fdae3294ac3 <unknown>",
  "statusTrace" : "self = <tests.profile_page_test.TestProfilePage object at 0x7f108fa330e0>\ndriver = <selenium.webdriver.chrome.webdriver.WebDriver (session=\"3ca6505bc557276ce269cd6a50b160a1\")>\nmain_page_open = None\n\n    @allure.title(\"Change the password by receiving an email link\")\n    def test_change_password(self, driver, main_page_open):\n        page = ProfilePage(driver)\n        page.open_login_page()\n        page.user_has_authorised()\n        page.go_to_profile_page()\n        page.click_change_password_link()\n        page.field_recovery_email()\n        page.click_send_recovery_email_link()\n        link = page.get_link_change_password_by_email()\n        assert link, \"The link to change the password was not received\"\n        driver.get(link)\n>       page.enter_new_password_field()\n\ntests/profile_page_test.py:23: \n_ _ _ _ _ _ _ _ _ _ _ _ _ _ _ _ _ _ _ _ _ _ _ _ _ _ _ _ _ _ _ _ _ _ _ _ _ _ _ _ \npages/profile_page.py:68: in enter_new_password_field\n    self.element_is_visible(ProfilePageLocators.NEW_PASSWORD).send_keys(os.environ[\"PASSWORD\"])\npages/base_page.py:38: in element_is_visible\n    self.go_to_element(self.element_is_present(locator))\npages/base_page.py:55: in element_is_present\n    return Wait(self.driver, self.timeout).until(\n_ _ _ _ _ _ _ _ _ _ _ _ _ _ _ _ _ _ _ _ _ _ _ _ _ _ _ _ _ _ _ _ _ _ _ _ _ _ _ _ \n\nself = <selenium.webdriver.support.wait.WebDriverWait (session=\"3ca6505bc557276ce269cd6a50b160a1\")>\nmethod = <function presence_of_element_located.<locals>._predicate at 0x7f108f902ca0>\nmessage = 'Can\\'t find element by locator (\\'xpath\\', \\'//input[@name=\"newPassword\"]\\')'\n\n    def until(self, method, message: str = \"\"):\n        \"\"\"Calls the method provided with the driver as an argument until the \\\n        return value does not evaluate to ``False``.\n    \n        :param method: callable(WebDriver)\n        :param message: optional message for :exc:`TimeoutException`\n        :returns: the result of the last call to `method`\n        :raises: :exc:`selenium.common.exceptions.TimeoutException` if timeout occurs\n        \"\"\"\n        screen = None\n        stacktrace = None\n    \n        end_time = time.monotonic() + self._timeout\n        while True:\n            try:\n                value = method(self._driver)\n                if value:\n                    return value\n            except self._ignored_exceptions as exc:\n                screen = getattr(exc, \"screen\", None)\n                stacktrace = getattr(exc, \"stacktrace\", None)\n            time.sleep(self._poll)\n            if time.monotonic() > end_time:\n                break\n>       raise TimeoutException(message, screen, stacktrace)\nE       selenium.common.exceptions.TimeoutException: Message: Can't find element by locator ('xpath', '//input[@name=\"newPassword\"]')\nE       Stacktrace:\nE       #0 0x55d7d2dc6e3a <unknown>\nE       #1 0x55d7d2ab045c <unknown>\nE       #2 0x55d7d2afc5b5 <unknown>\nE       #3 0x55d7d2afc671 <unknown>\nE       #4 0x55d7d2b40f14 <unknown>\nE       #5 0x55d7d2b1f4dd <unknown>\nE       #6 0x55d7d2b3e2cc <unknown>\nE       #7 0x55d7d2b1f253 <unknown>\nE       #8 0x55d7d2aef1c7 <unknown>\nE       #9 0x55d7d2aefb3e <unknown>\nE       #10 0x55d7d2d8d27b <unknown>\nE       #11 0x55d7d2d91327 <unknown>\nE       #12 0x55d7d2d79dae <unknown>\nE       #13 0x55d7d2d91df2 <unknown>\nE       #14 0x55d7d2d5e74f <unknown>\nE       #15 0x55d7d2db6128 <unknown>\nE       #16 0x55d7d2db62fb <unknown>\nE       #17 0x55d7d2dc5f6c <unknown>\nE       #18 0x7fdae3294ac3 <unknown>\n\n/opt/hostedtoolcache/Python/3.12.3/x64/lib/python3.12/site-packages/selenium/webdriver/support/wait.py:95: TimeoutException",
  "flaky" : false,
  "newFailed" : false,
  "beforeStages" : [ {
    "name" : "clear_allure_results_folder",
    "time" : {
      "start" : 1717605130261,
      "stop" : 1717605130261,
      "duration" : 0
    },
    "status" : "passed",
    "steps" : [ ],
    "attachments" : [ ],
    "parameters" : [ ],
    "stepsCount" : 0,
    "attachmentsCount" : 0,
    "shouldDisplayMessage" : false,
    "hasContent" : false
  }, {
    "name" : "driver",
    "time" : {
      "start" : 1717605521904,
      "stop" : 1717605522592,
      "duration" : 688
    },
    "status" : "passed",
    "steps" : [ ],
    "attachments" : [ ],
    "parameters" : [ ],
    "stepsCount" : 0,
    "attachmentsCount" : 0,
    "shouldDisplayMessage" : false,
    "hasContent" : false
  }, {
    "name" : "main_page_open",
    "time" : {
      "start" : 1717605522592,
      "stop" : 1717605525285,
      "duration" : 2693
    },
    "status" : "passed",
    "steps" : [ {
      "name" : "Open page: https://brainup.site/",
      "time" : {
        "start" : 1717605522592,
        "stop" : 1717605525285,
        "duration" : 2693
      },
      "status" : "passed",
      "steps" : [ ],
      "attachments" : [ ],
      "parameters" : [ {
        "name" : "driver",
        "value" : "<selenium.webdriver.chrome.webdriver.WebDriver (session=\"3ca6505bc557276ce269cd6a50b160a1\")>"
      } ],
      "stepsCount" : 0,
      "attachmentsCount" : 0,
      "shouldDisplayMessage" : false,
      "hasContent" : true
    } ],
    "attachments" : [ ],
    "parameters" : [ ],
    "stepsCount" : 1,
    "attachmentsCount" : 0,
    "shouldDisplayMessage" : false,
    "hasContent" : true
  } ],
  "testStage" : {
    "status" : "broken",
    "statusMessage" : "selenium.common.exceptions.TimeoutException: Message: Can't find element by locator ('xpath', '//input[@name=\"newPassword\"]')\nStacktrace:\n#0 0x55d7d2dc6e3a <unknown>\n#1 0x55d7d2ab045c <unknown>\n#2 0x55d7d2afc5b5 <unknown>\n#3 0x55d7d2afc671 <unknown>\n#4 0x55d7d2b40f14 <unknown>\n#5 0x55d7d2b1f4dd <unknown>\n#6 0x55d7d2b3e2cc <unknown>\n#7 0x55d7d2b1f253 <unknown>\n#8 0x55d7d2aef1c7 <unknown>\n#9 0x55d7d2aefb3e <unknown>\n#10 0x55d7d2d8d27b <unknown>\n#11 0x55d7d2d91327 <unknown>\n#12 0x55d7d2d79dae <unknown>\n#13 0x55d7d2d91df2 <unknown>\n#14 0x55d7d2d5e74f <unknown>\n#15 0x55d7d2db6128 <unknown>\n#16 0x55d7d2db62fb <unknown>\n#17 0x55d7d2dc5f6c <unknown>\n#18 0x7fdae3294ac3 <unknown>",
    "statusTrace" : "self = <tests.profile_page_test.TestProfilePage object at 0x7f108fa330e0>\ndriver = <selenium.webdriver.chrome.webdriver.WebDriver (session=\"3ca6505bc557276ce269cd6a50b160a1\")>\nmain_page_open = None\n\n    @allure.title(\"Change the password by receiving an email link\")\n    def test_change_password(self, driver, main_page_open):\n        page = ProfilePage(driver)\n        page.open_login_page()\n        page.user_has_authorised()\n        page.go_to_profile_page()\n        page.click_change_password_link()\n        page.field_recovery_email()\n        page.click_send_recovery_email_link()\n        link = page.get_link_change_password_by_email()\n        assert link, \"The link to change the password was not received\"\n        driver.get(link)\n>       page.enter_new_password_field()\n\ntests/profile_page_test.py:23: \n_ _ _ _ _ _ _ _ _ _ _ _ _ _ _ _ _ _ _ _ _ _ _ _ _ _ _ _ _ _ _ _ _ _ _ _ _ _ _ _ \npages/profile_page.py:68: in enter_new_password_field\n    self.element_is_visible(ProfilePageLocators.NEW_PASSWORD).send_keys(os.environ[\"PASSWORD\"])\npages/base_page.py:38: in element_is_visible\n    self.go_to_element(self.element_is_present(locator))\npages/base_page.py:55: in element_is_present\n    return Wait(self.driver, self.timeout).until(\n_ _ _ _ _ _ _ _ _ _ _ _ _ _ _ _ _ _ _ _ _ _ _ _ _ _ _ _ _ _ _ _ _ _ _ _ _ _ _ _ \n\nself = <selenium.webdriver.support.wait.WebDriverWait (session=\"3ca6505bc557276ce269cd6a50b160a1\")>\nmethod = <function presence_of_element_located.<locals>._predicate at 0x7f108f902ca0>\nmessage = 'Can\\'t find element by locator (\\'xpath\\', \\'//input[@name=\"newPassword\"]\\')'\n\n    def until(self, method, message: str = \"\"):\n        \"\"\"Calls the method provided with the driver as an argument until the \\\n        return value does not evaluate to ``False``.\n    \n        :param method: callable(WebDriver)\n        :param message: optional message for :exc:`TimeoutException`\n        :returns: the result of the last call to `method`\n        :raises: :exc:`selenium.common.exceptions.TimeoutException` if timeout occurs\n        \"\"\"\n        screen = None\n        stacktrace = None\n    \n        end_time = time.monotonic() + self._timeout\n        while True:\n            try:\n                value = method(self._driver)\n                if value:\n                    return value\n            except self._ignored_exceptions as exc:\n                screen = getattr(exc, \"screen\", None)\n                stacktrace = getattr(exc, \"stacktrace\", None)\n            time.sleep(self._poll)\n            if time.monotonic() > end_time:\n                break\n>       raise TimeoutException(message, screen, stacktrace)\nE       selenium.common.exceptions.TimeoutException: Message: Can't find element by locator ('xpath', '//input[@name=\"newPassword\"]')\nE       Stacktrace:\nE       #0 0x55d7d2dc6e3a <unknown>\nE       #1 0x55d7d2ab045c <unknown>\nE       #2 0x55d7d2afc5b5 <unknown>\nE       #3 0x55d7d2afc671 <unknown>\nE       #4 0x55d7d2b40f14 <unknown>\nE       #5 0x55d7d2b1f4dd <unknown>\nE       #6 0x55d7d2b3e2cc <unknown>\nE       #7 0x55d7d2b1f253 <unknown>\nE       #8 0x55d7d2aef1c7 <unknown>\nE       #9 0x55d7d2aefb3e <unknown>\nE       #10 0x55d7d2d8d27b <unknown>\nE       #11 0x55d7d2d91327 <unknown>\nE       #12 0x55d7d2d79dae <unknown>\nE       #13 0x55d7d2d91df2 <unknown>\nE       #14 0x55d7d2d5e74f <unknown>\nE       #15 0x55d7d2db6128 <unknown>\nE       #16 0x55d7d2db62fb <unknown>\nE       #17 0x55d7d2dc5f6c <unknown>\nE       #18 0x7fdae3294ac3 <unknown>\n\n/opt/hostedtoolcache/Python/3.12.3/x64/lib/python3.12/site-packages/selenium/webdriver/support/wait.py:95: TimeoutException",
    "steps" : [ {
      "name" : "Open login page",
      "time" : {
        "start" : 1717605525286,
        "stop" : 1717605525371,
        "duration" : 85
      },
      "status" : "passed",
      "steps" : [ {
        "name" : "Check element is visible and clickable: ('xpath', '//section//a')",
        "time" : {
          "start" : 1717605525286,
          "stop" : 1717605525323,
          "duration" : 37
        },
        "status" : "passed",
        "steps" : [ {
          "name" : "Check element is clickable",
          "time" : {
            "start" : 1717605525304,
            "stop" : 1717605525323,
            "duration" : 19
          },
          "status" : "passed",
          "steps" : [ {
            "name" : "Check element is clickable: ('xpath', '//section//a')",
            "time" : {
              "start" : 1717605525304,
              "stop" : 1717605525323,
              "duration" : 19
            },
            "status" : "passed",
            "steps" : [ ],
            "attachments" : [ ],
            "parameters" : [ ],
            "stepsCount" : 0,
            "attachmentsCount" : 0,
            "shouldDisplayMessage" : false,
            "hasContent" : false
          } ],
          "attachments" : [ ],
          "parameters" : [ {
            "name" : "locator",
            "value" : "('xpath', '//section//a')"
          } ],
          "stepsCount" : 1,
          "attachmentsCount" : 0,
          "shouldDisplayMessage" : false,
          "hasContent" : true
        } ],
        "attachments" : [ ],
        "parameters" : [ ],
        "stepsCount" : 2,
        "attachmentsCount" : 0,
        "shouldDisplayMessage" : false,
        "hasContent" : true
      } ],
      "attachments" : [ ],
      "parameters" : [ ],
      "stepsCount" : 3,
      "attachmentsCount" : 0,
      "shouldDisplayMessage" : false,
      "hasContent" : true
    }, {
      "name" : "The user has authorised",
      "time" : {
        "start" : 1717605525371,
        "stop" : 1717605525600,
        "duration" : 229
      },
      "status" : "passed",
      "steps" : [ {
        "name" : "Check element is visible: ('xpath', '//input[@id=\"login\"]')",
        "time" : {
          "start" : 1717605525371,
          "stop" : 1717605525398,
          "duration" : 27
        },
        "status" : "passed",
        "steps" : [ {
          "name" : "Check element is present: ('xpath', '//input[@id=\"login\"]')",
          "time" : {
            "start" : 1717605525371,
            "stop" : 1717605525382,
            "duration" : 11
          },
          "status" : "passed",
          "steps" : [ ],
          "attachments" : [ ],
          "parameters" : [ ],
          "stepsCount" : 0,
          "attachmentsCount" : 0,
          "shouldDisplayMessage" : false,
          "hasContent" : false
        }, {
          "name" : "Go to element: <selenium.webdriver.remote.webelement.WebElement (session=\"3ca6505bc557276ce269cd6a50b160a1\", element=\"f.77D398D4B72C3821F612015E06438785.d.106C6436C27406F7E37C2C61D7C36438.e.27\")>",
          "time" : {
            "start" : 1717605525382,
            "stop" : 1717605525386,
            "duration" : 4
          },
          "status" : "passed",
          "steps" : [ ],
          "attachments" : [ ],
          "parameters" : [ ],
          "stepsCount" : 0,
          "attachmentsCount" : 0,
          "shouldDisplayMessage" : false,
          "hasContent" : false
        } ],
        "attachments" : [ ],
        "parameters" : [ ],
        "stepsCount" : 2,
        "attachmentsCount" : 0,
        "shouldDisplayMessage" : false,
        "hasContent" : true
      }, {
        "name" : "Check element is visible: ('xpath', '//input[@id=\"password\"]')",
        "time" : {
          "start" : 1717605525455,
          "stop" : 1717605525481,
          "duration" : 26
        },
        "status" : "passed",
        "steps" : [ {
          "name" : "Check element is present: ('xpath', '//input[@id=\"password\"]')",
          "time" : {
            "start" : 1717605525455,
            "stop" : 1717605525465,
            "duration" : 10
          },
          "status" : "passed",
          "steps" : [ ],
          "attachments" : [ ],
          "parameters" : [ ],
          "stepsCount" : 0,
          "attachmentsCount" : 0,
          "shouldDisplayMessage" : false,
          "hasContent" : false
        }, {
          "name" : "Go to element: <selenium.webdriver.remote.webelement.WebElement (session=\"3ca6505bc557276ce269cd6a50b160a1\", element=\"f.77D398D4B72C3821F612015E06438785.d.106C6436C27406F7E37C2C61D7C36438.e.30\")>",
          "time" : {
            "start" : 1717605525465,
            "stop" : 1717605525468,
            "duration" : 3
          },
          "status" : "passed",
          "steps" : [ ],
          "attachments" : [ ],
          "parameters" : [ ],
          "stepsCount" : 0,
          "attachmentsCount" : 0,
          "shouldDisplayMessage" : false,
          "hasContent" : false
        } ],
        "attachments" : [ ],
        "parameters" : [ ],
        "stepsCount" : 2,
        "attachmentsCount" : 0,
        "shouldDisplayMessage" : false,
        "hasContent" : true
      }, {
        "name" : "Check element is visible and clickable: ('xpath', '//*[@type=\"submit\"]')",
        "time" : {
          "start" : 1717605525520,
          "stop" : 1717605525551,
          "duration" : 31
        },
        "status" : "passed",
        "steps" : [ {
          "name" : "Check element is clickable",
          "time" : {
            "start" : 1717605525536,
            "stop" : 1717605525551,
            "duration" : 15
          },
          "status" : "passed",
          "steps" : [ {
            "name" : "Check element is clickable: ('xpath', '//*[@type=\"submit\"]')",
            "time" : {
              "start" : 1717605525536,
              "stop" : 1717605525551,
              "duration" : 15
            },
            "status" : "passed",
            "steps" : [ ],
            "attachments" : [ ],
            "parameters" : [ ],
            "stepsCount" : 0,
            "attachmentsCount" : 0,
            "shouldDisplayMessage" : false,
            "hasContent" : false
          } ],
          "attachments" : [ ],
          "parameters" : [ {
            "name" : "locator",
            "value" : "('xpath', '//*[@type=\"submit\"]')"
          } ],
          "stepsCount" : 1,
          "attachmentsCount" : 0,
          "shouldDisplayMessage" : false,
          "hasContent" : true
        } ],
        "attachments" : [ ],
        "parameters" : [ ],
        "stepsCount" : 2,
        "attachmentsCount" : 0,
        "shouldDisplayMessage" : false,
        "hasContent" : true
      }, {
        "name" : "Wait until url: https://brainup.site/profile will be changed.",
        "time" : {
          "start" : 1717605525596,
          "stop" : 1717605525600,
          "duration" : 4
        },
        "status" : "passed",
        "steps" : [ ],
        "attachments" : [ ],
        "parameters" : [ ],
        "stepsCount" : 0,
        "attachmentsCount" : 0,
        "shouldDisplayMessage" : false,
        "hasContent" : false
      } ],
      "attachments" : [ ],
      "parameters" : [ ],
      "stepsCount" : 10,
      "attachmentsCount" : 0,
      "shouldDisplayMessage" : false,
      "hasContent" : true
    }, {
      "name" : "Go to the Profile page",
      "time" : {
        "start" : 1717605525600,
        "stop" : 1717605526179,
        "duration" : 579
      },
      "status" : "passed",
      "steps" : [ {
        "name" : "Check element is visible and clickable: ('xpath', '//a[@href=\"/profile\"]')",
        "time" : {
          "start" : 1717605525600,
          "stop" : 1717605526148,
          "duration" : 548
        },
        "status" : "passed",
        "steps" : [ {
          "name" : "Check element is clickable",
          "time" : {
            "start" : 1717605526131,
            "stop" : 1717605526148,
            "duration" : 17
          },
          "status" : "passed",
          "steps" : [ {
            "name" : "Check element is clickable: ('xpath', '//a[@href=\"/profile\"]')",
            "time" : {
              "start" : 1717605526131,
              "stop" : 1717605526148,
              "duration" : 17
            },
            "status" : "passed",
            "steps" : [ ],
            "attachments" : [ ],
            "parameters" : [ ],
            "stepsCount" : 0,
            "attachmentsCount" : 0,
            "shouldDisplayMessage" : false,
            "hasContent" : false
          } ],
          "attachments" : [ ],
          "parameters" : [ {
            "name" : "locator",
            "value" : "('xpath', '//a[@href=\"/profile\"]')"
          } ],
          "stepsCount" : 1,
          "attachmentsCount" : 0,
          "shouldDisplayMessage" : false,
          "hasContent" : true
        } ],
        "attachments" : [ ],
        "parameters" : [ ],
        "stepsCount" : 2,
        "attachmentsCount" : 0,
        "shouldDisplayMessage" : false,
        "hasContent" : true
      } ],
      "attachments" : [ ],
      "parameters" : [ ],
      "stepsCount" : 3,
      "attachmentsCount" : 0,
      "shouldDisplayMessage" : false,
      "hasContent" : true
    }, {
      "name" : "Click the button 'Change password'",
      "time" : {
        "start" : 1717605526179,
        "stop" : 1717605526760,
        "duration" : 581
      },
      "status" : "passed",
      "steps" : [ {
        "name" : "Check element is visible and clickable: ('xpath', '//a[@href=\"/password-recovery\"]')",
        "time" : {
          "start" : 1717605526180,
          "stop" : 1717605526724,
          "duration" : 544
        },
        "status" : "passed",
        "steps" : [ {
          "name" : "Check element is clickable",
          "time" : {
            "start" : 1717605526708,
            "stop" : 1717605526724,
            "duration" : 16
          },
          "status" : "passed",
          "steps" : [ {
            "name" : "Check element is clickable: ('xpath', '//a[@href=\"/password-recovery\"]')",
            "time" : {
              "start" : 1717605526708,
              "stop" : 1717605526724,
              "duration" : 16
            },
            "status" : "passed",
            "steps" : [ ],
            "attachments" : [ ],
            "parameters" : [ ],
            "stepsCount" : 0,
            "attachmentsCount" : 0,
            "shouldDisplayMessage" : false,
            "hasContent" : false
          } ],
          "attachments" : [ ],
          "parameters" : [ {
            "name" : "locator",
            "value" : "('xpath', '//a[@href=\"/password-recovery\"]')"
          } ],
          "stepsCount" : 1,
          "attachmentsCount" : 0,
          "shouldDisplayMessage" : false,
          "hasContent" : true
        } ],
        "attachments" : [ ],
        "parameters" : [ ],
        "stepsCount" : 2,
        "attachmentsCount" : 0,
        "shouldDisplayMessage" : false,
        "hasContent" : true
      } ],
      "attachments" : [ ],
      "parameters" : [ ],
      "stepsCount" : 3,
      "attachmentsCount" : 0,
      "shouldDisplayMessage" : false,
      "hasContent" : true
    }, {
      "name" : "Clear field the email and enter data",
      "time" : {
        "start" : 1717605526760,
        "stop" : 1717605526877,
        "duration" : 117
      },
      "status" : "passed",
      "steps" : [ {
        "name" : "Check element is visible: ('id', 'email-input')",
        "time" : {
          "start" : 1717605526761,
          "stop" : 1717605526786,
          "duration" : 25
        },
        "status" : "passed",
        "steps" : [ {
          "name" : "Check element is present: ('id', 'email-input')",
          "time" : {
            "start" : 1717605526761,
            "stop" : 1717605526770,
            "duration" : 9
          },
          "status" : "passed",
          "steps" : [ ],
          "attachments" : [ ],
          "parameters" : [ ],
          "stepsCount" : 0,
          "attachmentsCount" : 0,
          "shouldDisplayMessage" : false,
          "hasContent" : false
        }, {
          "name" : "Go to element: <selenium.webdriver.remote.webelement.WebElement (session=\"3ca6505bc557276ce269cd6a50b160a1\", element=\"f.77D398D4B72C3821F612015E06438785.d.106C6436C27406F7E37C2C61D7C36438.e.48\")>",
          "time" : {
            "start" : 1717605526770,
            "stop" : 1717605526773,
            "duration" : 3
          },
          "status" : "passed",
          "steps" : [ ],
          "attachments" : [ ],
          "parameters" : [ ],
          "stepsCount" : 0,
          "attachmentsCount" : 0,
          "shouldDisplayMessage" : false,
          "hasContent" : false
        } ],
        "attachments" : [ ],
        "parameters" : [ ],
        "stepsCount" : 2,
        "attachmentsCount" : 0,
        "shouldDisplayMessage" : false,
        "hasContent" : true
      }, {
        "name" : "Check element is visible: ('id', 'email-input')",
        "time" : {
          "start" : 1717605526810,
          "stop" : 1717605526829,
          "duration" : 19
        },
        "status" : "passed",
        "steps" : [ {
          "name" : "Check element is present: ('id', 'email-input')",
          "time" : {
            "start" : 1717605526810,
            "stop" : 1717605526815,
            "duration" : 5
          },
          "status" : "passed",
          "steps" : [ ],
          "attachments" : [ ],
          "parameters" : [ ],
          "stepsCount" : 0,
          "attachmentsCount" : 0,
          "shouldDisplayMessage" : false,
          "hasContent" : false
        }, {
          "name" : "Go to element: <selenium.webdriver.remote.webelement.WebElement (session=\"3ca6505bc557276ce269cd6a50b160a1\", element=\"f.77D398D4B72C3821F612015E06438785.d.106C6436C27406F7E37C2C61D7C36438.e.48\")>",
          "time" : {
            "start" : 1717605526815,
            "stop" : 1717605526819,
            "duration" : 4
          },
          "status" : "passed",
          "steps" : [ ],
          "attachments" : [ ],
          "parameters" : [ ],
          "stepsCount" : 0,
          "attachmentsCount" : 0,
          "shouldDisplayMessage" : false,
          "hasContent" : false
        } ],
        "attachments" : [ ],
        "parameters" : [ ],
        "stepsCount" : 2,
        "attachmentsCount" : 0,
        "shouldDisplayMessage" : false,
        "hasContent" : true
      } ],
      "attachments" : [ ],
      "parameters" : [ ],
      "stepsCount" : 6,
      "attachmentsCount" : 0,
      "shouldDisplayMessage" : false,
      "hasContent" : true
    }, {
      "name" : "Click the button 'Send recovery email'",
      "time" : {
        "start" : 1717605526877,
        "stop" : 1717605536933,
        "duration" : 10056
      },
      "status" : "passed",
      "steps" : [ {
        "name" : "Check element is visible and clickable: ('css selector', 'form [type=\"button\"]')",
        "time" : {
          "start" : 1717605526877,
          "stop" : 1717605526909,
          "duration" : 32
        },
        "status" : "passed",
        "steps" : [ {
          "name" : "Check element is clickable",
          "time" : {
            "start" : 1717605526893,
            "stop" : 1717605526909,
            "duration" : 16
          },
          "status" : "passed",
          "steps" : [ {
            "name" : "Check element is clickable: ('css selector', 'form [type=\"button\"]')",
            "time" : {
              "start" : 1717605526893,
              "stop" : 1717605526909,
              "duration" : 16
            },
            "status" : "passed",
            "steps" : [ ],
            "attachments" : [ ],
            "parameters" : [ ],
            "stepsCount" : 0,
            "attachmentsCount" : 0,
            "shouldDisplayMessage" : false,
            "hasContent" : false
          } ],
          "attachments" : [ ],
          "parameters" : [ {
            "name" : "locator",
            "value" : "('css selector', 'form [type=\"button\"]')"
          } ],
          "stepsCount" : 1,
          "attachmentsCount" : 0,
          "shouldDisplayMessage" : false,
          "hasContent" : true
        } ],
        "attachments" : [ ],
        "parameters" : [ ],
        "stepsCount" : 2,
        "attachmentsCount" : 0,
        "shouldDisplayMessage" : false,
        "hasContent" : true
      } ],
      "attachments" : [ ],
      "parameters" : [ ],
      "stepsCount" : 3,
      "attachmentsCount" : 0,
      "shouldDisplayMessage" : false,
      "hasContent" : true
    }, {
      "name" : "Get a link to change the password by email",
      "time" : {
        "start" : 1717605536933,
        "stop" : 1717605539209,
        "duration" : 2276
      },
      "status" : "passed",
      "steps" : [ ],
      "attachments" : [ ],
      "parameters" : [ ],
      "stepsCount" : 0,
      "attachmentsCount" : 0,
      "shouldDisplayMessage" : false,
      "hasContent" : false
    }, {
      "name" : "Enter the data in the email field",
      "time" : {
        "start" : 1717605539387,
        "stop" : 1717605559403,
        "duration" : 20016
      },
      "status" : "broken",
      "statusMessage" : "selenium.common.exceptions.TimeoutException: Message: Can't find element by locator ('xpath', '//input[@name=\"newPassword\"]')\nStacktrace:\n#0 0x55d7d2dc6e3a <unknown>\n#1 0x55d7d2ab045c <unknown>\n#2 0x55d7d2afc5b5 <unknown>\n#3 0x55d7d2afc671 <unknown>\n#4 0x55d7d2b40f14 <unknown>\n#5 0x55d7d2b1f4dd <unknown>\n#6 0x55d7d2b3e2cc <unknown>\n#7 0x55d7d2b1f253 <unknown>\n#8 0x55d7d2aef1c7 <unknown>\n#9 0x55d7d2aefb3e <unknown>\n#10 0x55d7d2d8d27b <unknown>\n#11 0x55d7d2d91327 <unknown>\n#12 0x55d7d2d79dae <unknown>\n#13 0x55d7d2d91df2 <unknown>\n#14 0x55d7d2d5e74f <unknown>\n#15 0x55d7d2db6128 <unknown>\n#16 0x55d7d2db62fb <unknown>\n#17 0x55d7d2dc5f6c <unknown>\n#18 0x7fdae3294ac3 <unknown>\n\n",
      "statusTrace" : "  File \"/opt/hostedtoolcache/Python/3.12.3/x64/lib/python3.12/site-packages/allure_commons/_allure.py\", line 192, in impl\n    return func(*a, **kw)\n           ^^^^^^^^^^^^^^\n  File \"/home/runner/work/auto-tests-python/auto-tests-python/pages/profile_page.py\", line 68, in enter_new_password_field\n    self.element_is_visible(ProfilePageLocators.NEW_PASSWORD).send_keys(os.environ[\"PASSWORD\"])\n    ^^^^^^^^^^^^^^^^^^^^^^^^^^^^^^^^^^^^^^^^^^^^^^^^^^^^^^^^^\n  File \"/home/runner/work/auto-tests-python/auto-tests-python/pages/base_page.py\", line 38, in element_is_visible\n    self.go_to_element(self.element_is_present(locator))\n                       ^^^^^^^^^^^^^^^^^^^^^^^^^^^^^^^^\n  File \"/home/runner/work/auto-tests-python/auto-tests-python/pages/base_page.py\", line 55, in element_is_present\n    return Wait(self.driver, self.timeout).until(\n           ^^^^^^^^^^^^^^^^^^^^^^^^^^^^^^^^^^^^^^\n  File \"/opt/hostedtoolcache/Python/3.12.3/x64/lib/python3.12/site-packages/selenium/webdriver/support/wait.py\", line 95, in until\n    raise TimeoutException(message, screen, stacktrace)\n",
      "steps" : [ {
        "name" : "Check element is visible: ('xpath', '//input[@name=\"newPassword\"]')",
        "time" : {
          "start" : 1717605539387,
          "stop" : 1717605559402,
          "duration" : 20015
        },
        "status" : "broken",
        "statusMessage" : "selenium.common.exceptions.TimeoutException: Message: Can't find element by locator ('xpath', '//input[@name=\"newPassword\"]')\nStacktrace:\n#0 0x55d7d2dc6e3a <unknown>\n#1 0x55d7d2ab045c <unknown>\n#2 0x55d7d2afc5b5 <unknown>\n#3 0x55d7d2afc671 <unknown>\n#4 0x55d7d2b40f14 <unknown>\n#5 0x55d7d2b1f4dd <unknown>\n#6 0x55d7d2b3e2cc <unknown>\n#7 0x55d7d2b1f253 <unknown>\n#8 0x55d7d2aef1c7 <unknown>\n#9 0x55d7d2aefb3e <unknown>\n#10 0x55d7d2d8d27b <unknown>\n#11 0x55d7d2d91327 <unknown>\n#12 0x55d7d2d79dae <unknown>\n#13 0x55d7d2d91df2 <unknown>\n#14 0x55d7d2d5e74f <unknown>\n#15 0x55d7d2db6128 <unknown>\n#16 0x55d7d2db62fb <unknown>\n#17 0x55d7d2dc5f6c <unknown>\n#18 0x7fdae3294ac3 <unknown>\n\n",
        "statusTrace" : "  File \"/home/runner/work/auto-tests-python/auto-tests-python/pages/base_page.py\", line 38, in element_is_visible\n    self.go_to_element(self.element_is_present(locator))\n                       ^^^^^^^^^^^^^^^^^^^^^^^^^^^^^^^^\n  File \"/home/runner/work/auto-tests-python/auto-tests-python/pages/base_page.py\", line 55, in element_is_present\n    return Wait(self.driver, self.timeout).until(\n           ^^^^^^^^^^^^^^^^^^^^^^^^^^^^^^^^^^^^^^\n  File \"/opt/hostedtoolcache/Python/3.12.3/x64/lib/python3.12/site-packages/selenium/webdriver/support/wait.py\", line 95, in until\n    raise TimeoutException(message, screen, stacktrace)\n",
        "steps" : [ {
          "name" : "Check element is present: ('xpath', '//input[@name=\"newPassword\"]')",
          "time" : {
            "start" : 1717605539387,
            "stop" : 1717605559402,
            "duration" : 20015
          },
          "status" : "broken",
          "statusMessage" : "selenium.common.exceptions.TimeoutException: Message: Can't find element by locator ('xpath', '//input[@name=\"newPassword\"]')\nStacktrace:\n#0 0x55d7d2dc6e3a <unknown>\n#1 0x55d7d2ab045c <unknown>\n#2 0x55d7d2afc5b5 <unknown>\n#3 0x55d7d2afc671 <unknown>\n#4 0x55d7d2b40f14 <unknown>\n#5 0x55d7d2b1f4dd <unknown>\n#6 0x55d7d2b3e2cc <unknown>\n#7 0x55d7d2b1f253 <unknown>\n#8 0x55d7d2aef1c7 <unknown>\n#9 0x55d7d2aefb3e <unknown>\n#10 0x55d7d2d8d27b <unknown>\n#11 0x55d7d2d91327 <unknown>\n#12 0x55d7d2d79dae <unknown>\n#13 0x55d7d2d91df2 <unknown>\n#14 0x55d7d2d5e74f <unknown>\n#15 0x55d7d2db6128 <unknown>\n#16 0x55d7d2db62fb <unknown>\n#17 0x55d7d2dc5f6c <unknown>\n#18 0x7fdae3294ac3 <unknown>\n\n",
          "statusTrace" : "  File \"/home/runner/work/auto-tests-python/auto-tests-python/pages/base_page.py\", line 55, in element_is_present\n    return Wait(self.driver, self.timeout).until(\n           ^^^^^^^^^^^^^^^^^^^^^^^^^^^^^^^^^^^^^^\n  File \"/opt/hostedtoolcache/Python/3.12.3/x64/lib/python3.12/site-packages/selenium/webdriver/support/wait.py\", line 95, in until\n    raise TimeoutException(message, screen, stacktrace)\n",
          "steps" : [ ],
          "attachments" : [ ],
          "parameters" : [ ],
          "stepsCount" : 0,
          "attachmentsCount" : 0,
          "shouldDisplayMessage" : true,
          "hasContent" : true
        } ],
        "attachments" : [ ],
        "parameters" : [ ],
        "stepsCount" : 1,
        "attachmentsCount" : 0,
        "shouldDisplayMessage" : false,
        "hasContent" : true
      } ],
      "attachments" : [ ],
      "parameters" : [ ],
      "stepsCount" : 2,
      "attachmentsCount" : 0,
      "shouldDisplayMessage" : false,
      "hasContent" : true
    } ],
    "attachments" : [ {
      "uid" : "1c081f54914234cd",
      "name" : "Screenshot",
      "source" : "1c081f54914234cd.png",
      "type" : "image/png",
      "size" : 18806
    }, {
      "uid" : "e714124a637d746",
      "name" : "HTML source",
      "source" : "e714124a637d746.html",
      "type" : "text/html",
      "size" : 48531
    } ],
    "parameters" : [ ],
    "stepsCount" : 38,
    "attachmentsCount" : 2,
    "shouldDisplayMessage" : true,
    "hasContent" : true
  },
  "afterStages" : [ {
    "name" : "driver::0",
    "time" : {
      "start" : 1717605559546,
      "stop" : 1717605559695,
      "duration" : 149
    },
    "status" : "passed",
    "steps" : [ ],
    "attachments" : [ {
      "uid" : "803e20f370bee2d7",
      "name" : "Screenshot 2024-06-05 16:39:19.633118",
      "source" : "803e20f370bee2d7.png",
      "type" : "image/png",
      "size" : 18806
    } ],
    "parameters" : [ ],
    "stepsCount" : 0,
    "attachmentsCount" : 1,
    "shouldDisplayMessage" : false,
    "hasContent" : true
  } ],
  "labels" : [ {
    "name" : "epic",
    "value" : "Test Profile Page"
  }, {
    "name" : "parentSuite",
    "value" : "tests"
  }, {
    "name" : "suite",
    "value" : "profile_page_test"
  }, {
    "name" : "subSuite",
    "value" : "TestProfilePage"
  }, {
    "name" : "host",
    "value" : "fv-az891-101"
  }, {
    "name" : "thread",
    "value" : "2333-MainThread"
  }, {
    "name" : "framework",
    "value" : "pytest"
  }, {
    "name" : "language",
    "value" : "cpython3"
  }, {
    "name" : "package",
    "value" : "tests.profile_page_test"
  }, {
    "name" : "resultFormat",
    "value" : "allure2"
  } ],
  "parameters" : [ ],
  "links" : [ ],
  "hidden" : false,
  "retry" : false,
  "extra" : {
    "severity" : "normal",
    "retries" : [ ],
    "categories" : [ {
      "name" : "Test defects",
      "matchedStatuses" : [ ],
      "flaky" : false
    } ],
    "history" : {
      "statistic" : {
        "failed" : 0,
        "broken" : 3,
        "skipped" : 0,
        "passed" : 16,
        "unknown" : 0,
        "total" : 19
      },
      "items" : [ {
        "uid" : "926de15fe4344b74",
        "reportUrl" : "https://lambotik.github.io/auto-tests-python/24//#testresult/926de15fe4344b74",
        "status" : "passed",
        "time" : {
          "start" : 1717547734878,
          "stop" : 1717547773253,
          "duration" : 38375
        }
      }, {
        "uid" : "54e1a6d22520b18d",
        "reportUrl" : "https://lambotik.github.io/auto-tests-python/23//#testresult/54e1a6d22520b18d",
        "status" : "passed",
        "time" : {
          "start" : 1717461413826,
          "stop" : 1717461446350,
          "duration" : 32524
        }
      }, {
        "uid" : "7a90eaeb8e5933c0",
        "reportUrl" : "https://lambotik.github.io/auto-tests-python/22//#testresult/7a90eaeb8e5933c0",
        "status" : "passed",
        "time" : {
          "start" : 1717374902002,
          "stop" : 1717374932415,
          "duration" : 30413
        }
      }, {
        "uid" : "9cd24e3b311d70c2",
        "reportUrl" : "https://lambotik.github.io/auto-tests-python/21//#testresult/9cd24e3b311d70c2",
        "status" : "passed",
        "time" : {
          "start" : 1717288679800,
          "stop" : 1717288711759,
          "duration" : 31959
        }
      }, {
        "uid" : "c895aaa54d0c56c2",
        "reportUrl" : "https://lambotik.github.io/auto-tests-python/20//#testresult/c895aaa54d0c56c2",
        "status" : "passed",
        "time" : {
          "start" : 1717202229494,
          "stop" : 1717202260302,
          "duration" : 30808
        }
      }, {
        "uid" : "432a9224335dacb",
        "reportUrl" : "https://lambotik.github.io/auto-tests-python/19//#testresult/432a9224335dacb",
        "status" : "passed",
        "time" : {
          "start" : 1717115599767,
          "stop" : 1717115630527,
          "duration" : 30760
        }
      }, {
        "uid" : "9f13ede63b2bb212",
        "reportUrl" : "https://lambotik.github.io/auto-tests-python/18//#testresult/9f13ede63b2bb212",
        "status" : "passed",
        "time" : {
          "start" : 1717029275253,
          "stop" : 1717029305611,
          "duration" : 30358
        }
      }, {
        "uid" : "e1fa60ba8d5096b4",
        "reportUrl" : "https://lambotik.github.io/auto-tests-python/17//#testresult/e1fa60ba8d5096b4",
        "status" : "passed",
        "time" : {
          "start" : 1716942937836,
          "stop" : 1716942968544,
          "duration" : 30708
        }
      }, {
        "uid" : "f9c3e7fe45ac5751",
        "reportUrl" : "https://lambotik.github.io/auto-tests-python/16//#testresult/f9c3e7fe45ac5751",
        "status" : "passed",
        "time" : {
          "start" : 1716856421716,
          "stop" : 1716856452009,
          "duration" : 30293
        }
      }, {
        "uid" : "b2af8541d00aad5a",
        "reportUrl" : "https://lambotik.github.io/auto-tests-python/15//#testresult/b2af8541d00aad5a",
        "status" : "passed",
        "time" : {
          "start" : 1716768569598,
          "stop" : 1716768601956,
          "duration" : 32358
        }
      }, {
        "uid" : "b529050175be0b1a",
        "reportUrl" : "https://lambotik.github.io/auto-tests-python/14//#testresult/b529050175be0b1a",
        "status" : "passed",
        "time" : {
          "start" : 1716683822644,
          "stop" : 1716683853494,
          "duration" : 30850
        }
      }, {
        "uid" : "cd36b888d3eadc8b",
        "reportUrl" : "https://lambotik.github.io/auto-tests-python/13//#testresult/cd36b888d3eadc8b",
        "status" : "passed",
        "time" : {
          "start" : 1716597158701,
          "stop" : 1716597188936,
          "duration" : 30235
        }
      }, {
        "uid" : "b8a6cd6edf20a127",
        "reportUrl" : "https://lambotik.github.io/auto-tests-python/12//#testresult/b8a6cd6edf20a127",
        "status" : "passed",
        "time" : {
          "start" : 1716510813717,
          "stop" : 1716510843723,
          "duration" : 30006
        }
      }, {
        "uid" : "2d0941040cfde600",
        "reportUrl" : "https://lambotik.github.io/auto-tests-python/11//#testresult/2d0941040cfde600",
        "status" : "passed",
        "time" : {
          "start" : 1716424376945,
          "stop" : 1716424407297,
          "duration" : 30352
        }
      }, {
        "uid" : "94dc32ad6fe7c148",
        "reportUrl" : "https://lambotik.github.io/auto-tests-python/10//#testresult/94dc32ad6fe7c148",
        "status" : "passed",
        "time" : {
          "start" : 1716337978686,
          "stop" : 1716338008828,
          "duration" : 30142
        }
      }, {
        "uid" : "32b26b12a891195",
        "reportUrl" : "https://lambotik.github.io/auto-tests-python/9//#testresult/32b26b12a891195",
        "status" : "passed",
        "time" : {
          "start" : 1716251721440,
          "stop" : 1716251754175,
          "duration" : 32735
        }
      }, {
        "uid" : "9a002f48eddda76f",
        "reportUrl" : "https://lambotik.github.io/auto-tests-python/1//#testresult/9a002f48eddda76f",
        "status" : "broken",
        "statusDetails" : "selenium.common.exceptions.TimeoutException: Message: Can't find element by locator ('xpath', '//a[@href=\"/profile\"]')\nStacktrace:\n#0 0x558a8cf0beca <unknown>\n#1 0x558a8cbf545c <unknown>\n#2 0x558a8cc415b5 <unknown>\n#3 0x558a8cc41671 <unknown>\n#4 0x558a8cc85f14 <unknown>\n#5 0x558a8cc644dd <unknown>\n#6 0x558a8cc832cc <unknown>\n#7 0x558a8cc64253 <unknown>\n#8 0x558a8cc341c7 <unknown>\n#9 0x558a8cc34b3e <unknown>\n#10 0x558a8ced230b <unknown>\n#11 0x558a8ced63b7 <unknown>\n#12 0x558a8cebee3e <unknown>\n#13 0x558a8ced6e82 <unknown>\n#14 0x558a8cea37df <unknown>\n#15 0x558a8cefb1b8 <unknown>\n#16 0x558a8cefb38b <unknown>\n#17 0x558a8cf0affc <unknown>\n#18 0x7f6fd6094ac3 <unknown>",
        "time" : {
          "start" : 1716199412668,
          "stop" : 1716199433455,
          "duration" : 20787
        }
      }, {
        "uid" : "c06e0886f5cefeb1",
        "reportUrl" : "https://lambotik.github.io/auto-tests-python/83//#testresult/c06e0886f5cefeb1",
        "status" : "broken",
        "statusDetails" : "selenium.common.exceptions.TimeoutException: Message: Can't find element by locator ('xpath', '//a[@href=\"/profile\"]')\nStacktrace:\n#0 0x55c7de727eca <unknown>\n#1 0x55c7de41145c <unknown>\n#2 0x55c7de45d5b5 <unknown>\n#3 0x55c7de45d671 <unknown>\n#4 0x55c7de4a1f14 <unknown>\n#5 0x55c7de4804dd <unknown>\n#6 0x55c7de49f2cc <unknown>\n#7 0x55c7de480253 <unknown>\n#8 0x55c7de4501c7 <unknown>\n#9 0x55c7de450b3e <unknown>\n#10 0x55c7de6ee30b <unknown>\n#11 0x55c7de6f23b7 <unknown>\n#12 0x55c7de6dae3e <unknown>\n#13 0x55c7de6f2e82 <unknown>\n#14 0x55c7de6bf7df <unknown>\n#15 0x55c7de7171b8 <unknown>\n#16 0x55c7de71738b <unknown>\n#17 0x55c7de726ffc <unknown>\n#18 0x7f2085894ac3 <unknown>",
        "time" : {
          "start" : 1716197094227,
          "stop" : 1716197115013,
          "duration" : 20786
        }
      } ]
    },
    "tags" : [ ]
  },
  "source" : "c54bc9de12cec49f.json",
  "parameterValues" : [ ]
}