{
  "uid" : "a6635144010bb5ef",
  "name" : "Solutions to a random task in the \"Слова Королёвой\" .",
  "fullName" : "tests.test_speech_exercises_ru.TestCardsRU#test_solve_koroleva_cards_ru",
  "historyId" : "c9fe4fbd9394e2fb5a6898be66ba433b",
  "time" : {
    "start" : 1716338395709,
    "stop" : 1716338465748,
    "duration" : 70039
  },
  "status" : "skipped",
  "statusMessage" : "XFAIL\n\nselenium.common.exceptions.TimeoutException: Message: Can't find element by locator ('xpath', '//h3[@class=\"mt-6 mb-6 text-2xl font-semibold\"]')\nStacktrace:\n#0 0x55e4bc0adeca <unknown>\n#1 0x55e4bbd9745c <unknown>\n#2 0x55e4bbde35b5 <unknown>\n#3 0x55e4bbde3671 <unknown>\n#4 0x55e4bbe27f14 <unknown>\n#5 0x55e4bbe064dd <unknown>\n#6 0x55e4bbe252cc <unknown>\n#7 0x55e4bbe06253 <unknown>\n#8 0x55e4bbdd61c7 <unknown>\n#9 0x55e4bbdd6b3e <unknown>\n#10 0x55e4bc07430b <unknown>\n#11 0x55e4bc0783b7 <unknown>\n#12 0x55e4bc060e3e <unknown>\n#13 0x55e4bc078e82 <unknown>\n#14 0x55e4bc0457df <unknown>\n#15 0x55e4bc09d1b8 <unknown>\n#16 0x55e4bc09d38b <unknown>\n#17 0x55e4bc0acffc <unknown>\n#18 0x7f9f0f094ac3 <unknown>",
  "statusTrace" : "self = <pages.speech_exercises_page_ru.SpeechExercisesPageRU object at 0x7febd345ee70>\n\n    @allure.step('get_correct_answer')\n    def get_correct_answer(self):\n        try:\n            while True:\n                time.sleep(1)\n                self.element_is_present(self.locators.SpeechExercisesPageLocators.CORRECT_ANSWER)\n                answer_value = self.element_is_present(\n                    self.locators.SpeechExercisesPageLocators.CORRECT_ANSWER).get_attribute(\n                    'data-correct-answer')\n                print('Answer_value: ', answer_value)\n    \n                if answer_value != \"undefined\" and ',' not in answer_value:\n                    try:\n>                       correct_card = self.element_is_present_and_clickable(\n                            (By.XPATH, f'//*[text()=\"{answer_value}\"]'))\n\npages/speech_exercises_page_ru.py:119: \n_ _ _ _ _ _ _ _ _ _ _ _ _ _ _ _ _ _ _ _ _ _ _ _ _ _ _ _ _ _ _ _ _ _ _ _ _ _ _ _ \npages/base_page.py:34: in element_is_present_and_clickable\n    self.element_is_clickable(locator))\npages/base_page.py:66: in element_is_clickable\n    return Wait(self.driver, self.timeout).until(\n_ _ _ _ _ _ _ _ _ _ _ _ _ _ _ _ _ _ _ _ _ _ _ _ _ _ _ _ _ _ _ _ _ _ _ _ _ _ _ _ \n\nself = <selenium.webdriver.support.wait.WebDriverWait (session=\"ca0cef9da6a19a220f3308d40659a183\")>\nmethod = <function element_to_be_clickable.<locals>._predicate at 0x7febd2e6e700>\nmessage = 'Can\\'t find element by locator (\\'xpath\\', \\'//*[text()=\"мышь\"]\\')'\n\n    def until(self, method, message: str = \"\"):\n        \"\"\"Calls the method provided with the driver as an argument until the \\\n        return value does not evaluate to ``False``.\n    \n        :param method: callable(WebDriver)\n        :param message: optional message for :exc:`TimeoutException`\n        :returns: the result of the last call to `method`\n        :raises: :exc:`selenium.common.exceptions.TimeoutException` if timeout occurs\n        \"\"\"\n        screen = None\n        stacktrace = None\n    \n        end_time = time.monotonic() + self._timeout\n        while True:\n            try:\n                value = method(self._driver)\n                if value:\n                    return value\n            except self._ignored_exceptions as exc:\n                screen = getattr(exc, \"screen\", None)\n                stacktrace = getattr(exc, \"stacktrace\", None)\n            time.sleep(self._poll)\n            if time.monotonic() > end_time:\n                break\n>       raise TimeoutException(message, screen, stacktrace)\nE       selenium.common.exceptions.TimeoutException: Message: Can't find element by locator ('xpath', '//*[text()=\"мышь\"]')\n\n/opt/hostedtoolcache/Python/3.12.3/x64/lib/python3.12/site-packages/selenium/webdriver/support/wait.py:95: TimeoutException\n\nDuring handling of the above exception, another exception occurred:\n\nself = <pages.speech_exercises_page_ru.SpeechExercisesPageRU object at 0x7febd345ee70>\n\n    @allure.step('get_correct_answer')\n    def get_correct_answer(self):\n        try:\n            while True:\n                time.sleep(1)\n                self.element_is_present(self.locators.SpeechExercisesPageLocators.CORRECT_ANSWER)\n                answer_value = self.element_is_present(\n                    self.locators.SpeechExercisesPageLocators.CORRECT_ANSWER).get_attribute(\n                    'data-correct-answer')\n                print('Answer_value: ', answer_value)\n    \n                if answer_value != \"undefined\" and ',' not in answer_value:\n                    try:\n                        correct_card = self.element_is_present_and_clickable(\n                            (By.XPATH, f'//*[text()=\"{answer_value}\"]'))\n                        self.action_move_to_element(correct_card)\n                        correct_card.click()\n                    except Exception as ex:\n                        print(ex)\n>                       correct_card = self.element_is_present_and_clickable(\n                            (By.XPATH, f'//*[text()=\"{answer_value}\"]'))\n\npages/speech_exercises_page_ru.py:125: \n_ _ _ _ _ _ _ _ _ _ _ _ _ _ _ _ _ _ _ _ _ _ _ _ _ _ _ _ _ _ _ _ _ _ _ _ _ _ _ _ \npages/base_page.py:34: in element_is_present_and_clickable\n    self.element_is_clickable(locator))\npages/base_page.py:66: in element_is_clickable\n    return Wait(self.driver, self.timeout).until(\n_ _ _ _ _ _ _ _ _ _ _ _ _ _ _ _ _ _ _ _ _ _ _ _ _ _ _ _ _ _ _ _ _ _ _ _ _ _ _ _ \n\nself = <selenium.webdriver.support.wait.WebDriverWait (session=\"ca0cef9da6a19a220f3308d40659a183\")>\nmethod = <function element_to_be_clickable.<locals>._predicate at 0x7febd2e6e840>\nmessage = 'Can\\'t find element by locator (\\'xpath\\', \\'//*[text()=\"мышь\"]\\')'\n\n    def until(self, method, message: str = \"\"):\n        \"\"\"Calls the method provided with the driver as an argument until the \\\n        return value does not evaluate to ``False``.\n    \n        :param method: callable(WebDriver)\n        :param message: optional message for :exc:`TimeoutException`\n        :returns: the result of the last call to `method`\n        :raises: :exc:`selenium.common.exceptions.TimeoutException` if timeout occurs\n        \"\"\"\n        screen = None\n        stacktrace = None\n    \n        end_time = time.monotonic() + self._timeout\n        while True:\n            try:\n                value = method(self._driver)\n                if value:\n                    return value\n            except self._ignored_exceptions as exc:\n                screen = getattr(exc, \"screen\", None)\n                stacktrace = getattr(exc, \"stacktrace\", None)\n            time.sleep(self._poll)\n            if time.monotonic() > end_time:\n                break\n>       raise TimeoutException(message, screen, stacktrace)\nE       selenium.common.exceptions.TimeoutException: Message: Can't find element by locator ('xpath', '//*[text()=\"мышь\"]')\n\n/opt/hostedtoolcache/Python/3.12.3/x64/lib/python3.12/site-packages/selenium/webdriver/support/wait.py:95: TimeoutException\n\nDuring handling of the above exception, another exception occurred:\n\nself = <tests.test_speech_exercises_ru.TestCardsRU object at 0x7febd2fea9f0>\ndriver = <selenium.webdriver.chrome.webdriver.WebDriver (session=\"ca0cef9da6a19a220f3308d40659a183\")>\ndefault_user_authorized = None\n\n    @pytest.mark.xfail\n    @allure.suite(\"Речевые упражнения.\")\n    @allure.title('Solutions to a random task in the \"Слова Королёвой\" .')\n    def test_solve_koroleva_cards_ru(self, driver, default_user_authorized):\n        page = SpeechExercisesPageRU(driver)\n        page.click_button_exercises()\n        page.select_group(SpeechExercisesPageLocators.WORDS_BY_KOROLEVA_BUTTON)\n        seria_id = page.set_url_to_get_id_words_koroleva_ru_group()\n        card_id = page.click_random_card()\n    \n        page = SpeechExercisesAPI(driver)\n        payloads = page.get_random_id_from_list_sub_group_default(card_id, seria_id)\n        random_id = page.get_random_id_from_payloads(payloads)\n        driver.get(driver.current_url + f'/exercise/{random_id}')  # Open the URL with the received card ID\n    \n        page.click_start_and_get_list_words_ru()\n        page = SpeechExercisesPageRU(driver)\n>       message = page.get_correct_answer()\n\ntests/test_speech_exercises_ru.py:156: \n_ _ _ _ _ _ _ _ _ _ _ _ _ _ _ _ _ _ _ _ _ _ _ _ _ _ _ _ _ _ _ _ _ _ _ _ _ _ _ _ \npages/speech_exercises_page_ru.py:155: in get_correct_answer\n    message = self.element_is_present(self.locators.SpeechExercisesPageLocators.CONGRATULATION_MESSAGE)\npages/base_page.py:55: in element_is_present\n    return Wait(self.driver, self.timeout).until(\n_ _ _ _ _ _ _ _ _ _ _ _ _ _ _ _ _ _ _ _ _ _ _ _ _ _ _ _ _ _ _ _ _ _ _ _ _ _ _ _ \n\nself = <selenium.webdriver.support.wait.WebDriverWait (session=\"ca0cef9da6a19a220f3308d40659a183\")>\nmethod = <function presence_of_element_located.<locals>._predicate at 0x7febd2e6e980>\nmessage = 'Can\\'t find element by locator (\\'xpath\\', \\'//h3[@class=\"mt-6 mb-6 text-2xl font-semibold\"]\\')'\n\n    def until(self, method, message: str = \"\"):\n        \"\"\"Calls the method provided with the driver as an argument until the \\\n        return value does not evaluate to ``False``.\n    \n        :param method: callable(WebDriver)\n        :param message: optional message for :exc:`TimeoutException`\n        :returns: the result of the last call to `method`\n        :raises: :exc:`selenium.common.exceptions.TimeoutException` if timeout occurs\n        \"\"\"\n        screen = None\n        stacktrace = None\n    \n        end_time = time.monotonic() + self._timeout\n        while True:\n            try:\n                value = method(self._driver)\n                if value:\n                    return value\n            except self._ignored_exceptions as exc:\n                screen = getattr(exc, \"screen\", None)\n                stacktrace = getattr(exc, \"stacktrace\", None)\n            time.sleep(self._poll)\n            if time.monotonic() > end_time:\n                break\n>       raise TimeoutException(message, screen, stacktrace)\nE       selenium.common.exceptions.TimeoutException: Message: Can't find element by locator ('xpath', '//h3[@class=\"mt-6 mb-6 text-2xl font-semibold\"]')\nE       Stacktrace:\nE       #0 0x55e4bc0adeca <unknown>\nE       #1 0x55e4bbd9745c <unknown>\nE       #2 0x55e4bbde35b5 <unknown>\nE       #3 0x55e4bbde3671 <unknown>\nE       #4 0x55e4bbe27f14 <unknown>\nE       #5 0x55e4bbe064dd <unknown>\nE       #6 0x55e4bbe252cc <unknown>\nE       #7 0x55e4bbe06253 <unknown>\nE       #8 0x55e4bbdd61c7 <unknown>\nE       #9 0x55e4bbdd6b3e <unknown>\nE       #10 0x55e4bc07430b <unknown>\nE       #11 0x55e4bc0783b7 <unknown>\nE       #12 0x55e4bc060e3e <unknown>\nE       #13 0x55e4bc078e82 <unknown>\nE       #14 0x55e4bc0457df <unknown>\nE       #15 0x55e4bc09d1b8 <unknown>\nE       #16 0x55e4bc09d38b <unknown>\nE       #17 0x55e4bc0acffc <unknown>\nE       #18 0x7f9f0f094ac3 <unknown>\n\n/opt/hostedtoolcache/Python/3.12.3/x64/lib/python3.12/site-packages/selenium/webdriver/support/wait.py:95: TimeoutException",
  "flaky" : false,
  "newFailed" : false,
  "beforeStages" : [ {
    "name" : "clear_allure_results_folder",
    "time" : {
      "start" : 1716337595837,
      "stop" : 1716337595837,
      "duration" : 0
    },
    "status" : "passed",
    "steps" : [ ],
    "attachments" : [ ],
    "parameters" : [ ],
    "attachmentsCount" : 0,
    "shouldDisplayMessage" : false,
    "hasContent" : false,
    "stepsCount" : 0
  }, {
    "name" : "driver",
    "time" : {
      "start" : 1716338390112,
      "stop" : 1716338390799,
      "duration" : 687
    },
    "status" : "passed",
    "steps" : [ ],
    "attachments" : [ ],
    "parameters" : [ ],
    "attachmentsCount" : 0,
    "shouldDisplayMessage" : false,
    "hasContent" : false,
    "stepsCount" : 0
  }, {
    "name" : "default_user_authorized",
    "time" : {
      "start" : 1716338393375,
      "stop" : 1716338395708,
      "duration" : 2333
    },
    "status" : "passed",
    "steps" : [ {
      "name" : "DEFAULT user authorized",
      "time" : {
        "start" : 1716338393375,
        "stop" : 1716338395708,
        "duration" : 2333
      },
      "status" : "passed",
      "steps" : [ {
        "name" : "Check element is visible and clickable: ('xpath', '//a[@id=\"ember11\"]')",
        "time" : {
          "start" : 1716338393375,
          "stop" : 1716338393412,
          "duration" : 37
        },
        "status" : "passed",
        "steps" : [ {
          "name" : "Check element is clickable",
          "time" : {
            "start" : 1716338393393,
            "stop" : 1716338393412,
            "duration" : 19
          },
          "status" : "passed",
          "steps" : [ {
            "name" : "Check element is clickable: ('xpath', '//a[@id=\"ember11\"]')",
            "time" : {
              "start" : 1716338393393,
              "stop" : 1716338393412,
              "duration" : 19
            },
            "status" : "passed",
            "steps" : [ ],
            "attachments" : [ ],
            "parameters" : [ ],
            "attachmentsCount" : 0,
            "shouldDisplayMessage" : false,
            "hasContent" : false,
            "stepsCount" : 0
          } ],
          "attachments" : [ ],
          "parameters" : [ {
            "name" : "locator",
            "value" : "('xpath', '//a[@id=\"ember11\"]')"
          } ],
          "attachmentsCount" : 0,
          "shouldDisplayMessage" : false,
          "hasContent" : true,
          "stepsCount" : 1
        } ],
        "attachments" : [ ],
        "parameters" : [ ],
        "attachmentsCount" : 0,
        "shouldDisplayMessage" : false,
        "hasContent" : true,
        "stepsCount" : 2
      }, {
        "name" : "Check element is visible: ('xpath', '//input[@id=\"login\"]')",
        "time" : {
          "start" : 1716338393460,
          "stop" : 1716338393486,
          "duration" : 26
        },
        "status" : "passed",
        "steps" : [ {
          "name" : "Check element is present: ('xpath', '//input[@id=\"login\"]')",
          "time" : {
            "start" : 1716338393460,
            "stop" : 1716338393470,
            "duration" : 10
          },
          "status" : "passed",
          "steps" : [ ],
          "attachments" : [ ],
          "parameters" : [ ],
          "attachmentsCount" : 0,
          "shouldDisplayMessage" : false,
          "hasContent" : false,
          "stepsCount" : 0
        }, {
          "name" : "Go to element: <selenium.webdriver.remote.webelement.WebElement (session=\"ca0cef9da6a19a220f3308d40659a183\", element=\"f.02D007AE0CC3AFF5935A927ACF933A52.d.EDC52203771C899EB434F1F5D5FEDF94.e.27\")>",
          "time" : {
            "start" : 1716338393470,
            "stop" : 1716338393475,
            "duration" : 5
          },
          "status" : "passed",
          "steps" : [ ],
          "attachments" : [ ],
          "parameters" : [ ],
          "attachmentsCount" : 0,
          "shouldDisplayMessage" : false,
          "hasContent" : false,
          "stepsCount" : 0
        } ],
        "attachments" : [ ],
        "parameters" : [ ],
        "attachmentsCount" : 0,
        "shouldDisplayMessage" : false,
        "hasContent" : true,
        "stepsCount" : 2
      }, {
        "name" : "Check element is visible: ('xpath', '//input[@id=\"password\"]')",
        "time" : {
          "start" : 1716338393539,
          "stop" : 1716338393566,
          "duration" : 27
        },
        "status" : "passed",
        "steps" : [ {
          "name" : "Check element is present: ('xpath', '//input[@id=\"password\"]')",
          "time" : {
            "start" : 1716338393539,
            "stop" : 1716338393550,
            "duration" : 11
          },
          "status" : "passed",
          "steps" : [ ],
          "attachments" : [ ],
          "parameters" : [ ],
          "attachmentsCount" : 0,
          "shouldDisplayMessage" : false,
          "hasContent" : false,
          "stepsCount" : 0
        }, {
          "name" : "Go to element: <selenium.webdriver.remote.webelement.WebElement (session=\"ca0cef9da6a19a220f3308d40659a183\", element=\"f.02D007AE0CC3AFF5935A927ACF933A52.d.EDC52203771C899EB434F1F5D5FEDF94.e.30\")>",
          "time" : {
            "start" : 1716338393550,
            "stop" : 1716338393553,
            "duration" : 3
          },
          "status" : "passed",
          "steps" : [ ],
          "attachments" : [ ],
          "parameters" : [ ],
          "attachmentsCount" : 0,
          "shouldDisplayMessage" : false,
          "hasContent" : false,
          "stepsCount" : 0
        } ],
        "attachments" : [ ],
        "parameters" : [ ],
        "attachmentsCount" : 0,
        "shouldDisplayMessage" : false,
        "hasContent" : true,
        "stepsCount" : 2
      }, {
        "name" : "Check element is visible and clickable: ('xpath', '//*[@type=\"submit\"]')",
        "time" : {
          "start" : 1716338393606,
          "stop" : 1716338393635,
          "duration" : 29
        },
        "status" : "passed",
        "steps" : [ {
          "name" : "Check element is clickable",
          "time" : {
            "start" : 1716338393620,
            "stop" : 1716338393635,
            "duration" : 15
          },
          "status" : "passed",
          "steps" : [ {
            "name" : "Check element is clickable: ('xpath', '//*[@type=\"submit\"]')",
            "time" : {
              "start" : 1716338393620,
              "stop" : 1716338393635,
              "duration" : 15
            },
            "status" : "passed",
            "steps" : [ ],
            "attachments" : [ ],
            "parameters" : [ ],
            "attachmentsCount" : 0,
            "shouldDisplayMessage" : false,
            "hasContent" : false,
            "stepsCount" : 0
          } ],
          "attachments" : [ ],
          "parameters" : [ {
            "name" : "locator",
            "value" : "('xpath', '//*[@type=\"submit\"]')"
          } ],
          "attachmentsCount" : 0,
          "shouldDisplayMessage" : false,
          "hasContent" : true,
          "stepsCount" : 1
        } ],
        "attachments" : [ ],
        "parameters" : [ ],
        "attachmentsCount" : 0,
        "shouldDisplayMessage" : false,
        "hasContent" : true,
        "stepsCount" : 2
      }, {
        "name" : "Check url is present: https://brainup.site/groups",
        "time" : {
          "start" : 1716338393689,
          "stop" : 1716338395708,
          "duration" : 2019
        },
        "status" : "passed",
        "steps" : [ ],
        "attachments" : [ ],
        "parameters" : [ ],
        "attachmentsCount" : 0,
        "shouldDisplayMessage" : false,
        "hasContent" : false,
        "stepsCount" : 0
      } ],
      "attachments" : [ ],
      "parameters" : [ {
        "name" : "driver",
        "value" : "<selenium.webdriver.chrome.webdriver.WebDriver (session=\"ca0cef9da6a19a220f3308d40659a183\")>"
      }, {
        "name" : "main_page_open",
        "value" : "None"
      } ],
      "attachmentsCount" : 0,
      "shouldDisplayMessage" : false,
      "hasContent" : true,
      "stepsCount" : 13
    } ],
    "attachments" : [ ],
    "parameters" : [ ],
    "attachmentsCount" : 0,
    "shouldDisplayMessage" : false,
    "hasContent" : true,
    "stepsCount" : 14
  }, {
    "name" : "main_page_open",
    "time" : {
      "start" : 1716338390799,
      "stop" : 1716338393375,
      "duration" : 2576
    },
    "status" : "passed",
    "steps" : [ {
      "name" : "Open page: https://brainup.site/",
      "time" : {
        "start" : 1716338390799,
        "stop" : 1716338393375,
        "duration" : 2576
      },
      "status" : "passed",
      "steps" : [ ],
      "attachments" : [ ],
      "parameters" : [ {
        "name" : "driver",
        "value" : "<selenium.webdriver.chrome.webdriver.WebDriver (session=\"ca0cef9da6a19a220f3308d40659a183\")>"
      } ],
      "attachmentsCount" : 0,
      "shouldDisplayMessage" : false,
      "hasContent" : true,
      "stepsCount" : 0
    } ],
    "attachments" : [ ],
    "parameters" : [ ],
    "attachmentsCount" : 0,
    "shouldDisplayMessage" : false,
    "hasContent" : true,
    "stepsCount" : 1
  } ],
  "testStage" : {
    "status" : "skipped",
    "statusMessage" : "XFAIL\n\nselenium.common.exceptions.TimeoutException: Message: Can't find element by locator ('xpath', '//h3[@class=\"mt-6 mb-6 text-2xl font-semibold\"]')\nStacktrace:\n#0 0x55e4bc0adeca <unknown>\n#1 0x55e4bbd9745c <unknown>\n#2 0x55e4bbde35b5 <unknown>\n#3 0x55e4bbde3671 <unknown>\n#4 0x55e4bbe27f14 <unknown>\n#5 0x55e4bbe064dd <unknown>\n#6 0x55e4bbe252cc <unknown>\n#7 0x55e4bbe06253 <unknown>\n#8 0x55e4bbdd61c7 <unknown>\n#9 0x55e4bbdd6b3e <unknown>\n#10 0x55e4bc07430b <unknown>\n#11 0x55e4bc0783b7 <unknown>\n#12 0x55e4bc060e3e <unknown>\n#13 0x55e4bc078e82 <unknown>\n#14 0x55e4bc0457df <unknown>\n#15 0x55e4bc09d1b8 <unknown>\n#16 0x55e4bc09d38b <unknown>\n#17 0x55e4bc0acffc <unknown>\n#18 0x7f9f0f094ac3 <unknown>",
    "statusTrace" : "self = <pages.speech_exercises_page_ru.SpeechExercisesPageRU object at 0x7febd345ee70>\n\n    @allure.step('get_correct_answer')\n    def get_correct_answer(self):\n        try:\n            while True:\n                time.sleep(1)\n                self.element_is_present(self.locators.SpeechExercisesPageLocators.CORRECT_ANSWER)\n                answer_value = self.element_is_present(\n                    self.locators.SpeechExercisesPageLocators.CORRECT_ANSWER).get_attribute(\n                    'data-correct-answer')\n                print('Answer_value: ', answer_value)\n    \n                if answer_value != \"undefined\" and ',' not in answer_value:\n                    try:\n>                       correct_card = self.element_is_present_and_clickable(\n                            (By.XPATH, f'//*[text()=\"{answer_value}\"]'))\n\npages/speech_exercises_page_ru.py:119: \n_ _ _ _ _ _ _ _ _ _ _ _ _ _ _ _ _ _ _ _ _ _ _ _ _ _ _ _ _ _ _ _ _ _ _ _ _ _ _ _ \npages/base_page.py:34: in element_is_present_and_clickable\n    self.element_is_clickable(locator))\npages/base_page.py:66: in element_is_clickable\n    return Wait(self.driver, self.timeout).until(\n_ _ _ _ _ _ _ _ _ _ _ _ _ _ _ _ _ _ _ _ _ _ _ _ _ _ _ _ _ _ _ _ _ _ _ _ _ _ _ _ \n\nself = <selenium.webdriver.support.wait.WebDriverWait (session=\"ca0cef9da6a19a220f3308d40659a183\")>\nmethod = <function element_to_be_clickable.<locals>._predicate at 0x7febd2e6e700>\nmessage = 'Can\\'t find element by locator (\\'xpath\\', \\'//*[text()=\"мышь\"]\\')'\n\n    def until(self, method, message: str = \"\"):\n        \"\"\"Calls the method provided with the driver as an argument until the \\\n        return value does not evaluate to ``False``.\n    \n        :param method: callable(WebDriver)\n        :param message: optional message for :exc:`TimeoutException`\n        :returns: the result of the last call to `method`\n        :raises: :exc:`selenium.common.exceptions.TimeoutException` if timeout occurs\n        \"\"\"\n        screen = None\n        stacktrace = None\n    \n        end_time = time.monotonic() + self._timeout\n        while True:\n            try:\n                value = method(self._driver)\n                if value:\n                    return value\n            except self._ignored_exceptions as exc:\n                screen = getattr(exc, \"screen\", None)\n                stacktrace = getattr(exc, \"stacktrace\", None)\n            time.sleep(self._poll)\n            if time.monotonic() > end_time:\n                break\n>       raise TimeoutException(message, screen, stacktrace)\nE       selenium.common.exceptions.TimeoutException: Message: Can't find element by locator ('xpath', '//*[text()=\"мышь\"]')\n\n/opt/hostedtoolcache/Python/3.12.3/x64/lib/python3.12/site-packages/selenium/webdriver/support/wait.py:95: TimeoutException\n\nDuring handling of the above exception, another exception occurred:\n\nself = <pages.speech_exercises_page_ru.SpeechExercisesPageRU object at 0x7febd345ee70>\n\n    @allure.step('get_correct_answer')\n    def get_correct_answer(self):\n        try:\n            while True:\n                time.sleep(1)\n                self.element_is_present(self.locators.SpeechExercisesPageLocators.CORRECT_ANSWER)\n                answer_value = self.element_is_present(\n                    self.locators.SpeechExercisesPageLocators.CORRECT_ANSWER).get_attribute(\n                    'data-correct-answer')\n                print('Answer_value: ', answer_value)\n    \n                if answer_value != \"undefined\" and ',' not in answer_value:\n                    try:\n                        correct_card = self.element_is_present_and_clickable(\n                            (By.XPATH, f'//*[text()=\"{answer_value}\"]'))\n                        self.action_move_to_element(correct_card)\n                        correct_card.click()\n                    except Exception as ex:\n                        print(ex)\n>                       correct_card = self.element_is_present_and_clickable(\n                            (By.XPATH, f'//*[text()=\"{answer_value}\"]'))\n\npages/speech_exercises_page_ru.py:125: \n_ _ _ _ _ _ _ _ _ _ _ _ _ _ _ _ _ _ _ _ _ _ _ _ _ _ _ _ _ _ _ _ _ _ _ _ _ _ _ _ \npages/base_page.py:34: in element_is_present_and_clickable\n    self.element_is_clickable(locator))\npages/base_page.py:66: in element_is_clickable\n    return Wait(self.driver, self.timeout).until(\n_ _ _ _ _ _ _ _ _ _ _ _ _ _ _ _ _ _ _ _ _ _ _ _ _ _ _ _ _ _ _ _ _ _ _ _ _ _ _ _ \n\nself = <selenium.webdriver.support.wait.WebDriverWait (session=\"ca0cef9da6a19a220f3308d40659a183\")>\nmethod = <function element_to_be_clickable.<locals>._predicate at 0x7febd2e6e840>\nmessage = 'Can\\'t find element by locator (\\'xpath\\', \\'//*[text()=\"мышь\"]\\')'\n\n    def until(self, method, message: str = \"\"):\n        \"\"\"Calls the method provided with the driver as an argument until the \\\n        return value does not evaluate to ``False``.\n    \n        :param method: callable(WebDriver)\n        :param message: optional message for :exc:`TimeoutException`\n        :returns: the result of the last call to `method`\n        :raises: :exc:`selenium.common.exceptions.TimeoutException` if timeout occurs\n        \"\"\"\n        screen = None\n        stacktrace = None\n    \n        end_time = time.monotonic() + self._timeout\n        while True:\n            try:\n                value = method(self._driver)\n                if value:\n                    return value\n            except self._ignored_exceptions as exc:\n                screen = getattr(exc, \"screen\", None)\n                stacktrace = getattr(exc, \"stacktrace\", None)\n            time.sleep(self._poll)\n            if time.monotonic() > end_time:\n                break\n>       raise TimeoutException(message, screen, stacktrace)\nE       selenium.common.exceptions.TimeoutException: Message: Can't find element by locator ('xpath', '//*[text()=\"мышь\"]')\n\n/opt/hostedtoolcache/Python/3.12.3/x64/lib/python3.12/site-packages/selenium/webdriver/support/wait.py:95: TimeoutException\n\nDuring handling of the above exception, another exception occurred:\n\nself = <tests.test_speech_exercises_ru.TestCardsRU object at 0x7febd2fea9f0>\ndriver = <selenium.webdriver.chrome.webdriver.WebDriver (session=\"ca0cef9da6a19a220f3308d40659a183\")>\ndefault_user_authorized = None\n\n    @pytest.mark.xfail\n    @allure.suite(\"Речевые упражнения.\")\n    @allure.title('Solutions to a random task in the \"Слова Королёвой\" .')\n    def test_solve_koroleva_cards_ru(self, driver, default_user_authorized):\n        page = SpeechExercisesPageRU(driver)\n        page.click_button_exercises()\n        page.select_group(SpeechExercisesPageLocators.WORDS_BY_KOROLEVA_BUTTON)\n        seria_id = page.set_url_to_get_id_words_koroleva_ru_group()\n        card_id = page.click_random_card()\n    \n        page = SpeechExercisesAPI(driver)\n        payloads = page.get_random_id_from_list_sub_group_default(card_id, seria_id)\n        random_id = page.get_random_id_from_payloads(payloads)\n        driver.get(driver.current_url + f'/exercise/{random_id}')  # Open the URL with the received card ID\n    \n        page.click_start_and_get_list_words_ru()\n        page = SpeechExercisesPageRU(driver)\n>       message = page.get_correct_answer()\n\ntests/test_speech_exercises_ru.py:156: \n_ _ _ _ _ _ _ _ _ _ _ _ _ _ _ _ _ _ _ _ _ _ _ _ _ _ _ _ _ _ _ _ _ _ _ _ _ _ _ _ \npages/speech_exercises_page_ru.py:155: in get_correct_answer\n    message = self.element_is_present(self.locators.SpeechExercisesPageLocators.CONGRATULATION_MESSAGE)\npages/base_page.py:55: in element_is_present\n    return Wait(self.driver, self.timeout).until(\n_ _ _ _ _ _ _ _ _ _ _ _ _ _ _ _ _ _ _ _ _ _ _ _ _ _ _ _ _ _ _ _ _ _ _ _ _ _ _ _ \n\nself = <selenium.webdriver.support.wait.WebDriverWait (session=\"ca0cef9da6a19a220f3308d40659a183\")>\nmethod = <function presence_of_element_located.<locals>._predicate at 0x7febd2e6e980>\nmessage = 'Can\\'t find element by locator (\\'xpath\\', \\'//h3[@class=\"mt-6 mb-6 text-2xl font-semibold\"]\\')'\n\n    def until(self, method, message: str = \"\"):\n        \"\"\"Calls the method provided with the driver as an argument until the \\\n        return value does not evaluate to ``False``.\n    \n        :param method: callable(WebDriver)\n        :param message: optional message for :exc:`TimeoutException`\n        :returns: the result of the last call to `method`\n        :raises: :exc:`selenium.common.exceptions.TimeoutException` if timeout occurs\n        \"\"\"\n        screen = None\n        stacktrace = None\n    \n        end_time = time.monotonic() + self._timeout\n        while True:\n            try:\n                value = method(self._driver)\n                if value:\n                    return value\n            except self._ignored_exceptions as exc:\n                screen = getattr(exc, \"screen\", None)\n                stacktrace = getattr(exc, \"stacktrace\", None)\n            time.sleep(self._poll)\n            if time.monotonic() > end_time:\n                break\n>       raise TimeoutException(message, screen, stacktrace)\nE       selenium.common.exceptions.TimeoutException: Message: Can't find element by locator ('xpath', '//h3[@class=\"mt-6 mb-6 text-2xl font-semibold\"]')\nE       Stacktrace:\nE       #0 0x55e4bc0adeca <unknown>\nE       #1 0x55e4bbd9745c <unknown>\nE       #2 0x55e4bbde35b5 <unknown>\nE       #3 0x55e4bbde3671 <unknown>\nE       #4 0x55e4bbe27f14 <unknown>\nE       #5 0x55e4bbe064dd <unknown>\nE       #6 0x55e4bbe252cc <unknown>\nE       #7 0x55e4bbe06253 <unknown>\nE       #8 0x55e4bbdd61c7 <unknown>\nE       #9 0x55e4bbdd6b3e <unknown>\nE       #10 0x55e4bc07430b <unknown>\nE       #11 0x55e4bc0783b7 <unknown>\nE       #12 0x55e4bc060e3e <unknown>\nE       #13 0x55e4bc078e82 <unknown>\nE       #14 0x55e4bc0457df <unknown>\nE       #15 0x55e4bc09d1b8 <unknown>\nE       #16 0x55e4bc09d38b <unknown>\nE       #17 0x55e4bc0acffc <unknown>\nE       #18 0x7f9f0f094ac3 <unknown>\n\n/opt/hostedtoolcache/Python/3.12.3/x64/lib/python3.12/site-packages/selenium/webdriver/support/wait.py:95: TimeoutException",
    "steps" : [ {
      "name" : "Click button \"Упражнения\".",
      "time" : {
        "start" : 1716338395709,
        "stop" : 1716338395875,
        "duration" : 166
      },
      "status" : "passed",
      "steps" : [ {
        "name" : "Click button \"RU\".",
        "time" : {
          "start" : 1716338395709,
          "stop" : 1716338395784,
          "duration" : 75
        },
        "status" : "passed",
        "steps" : [ {
          "name" : "Check element is visible and clickable: ('xpath', \"//*[contains(text(),'RU')]\")",
          "time" : {
            "start" : 1716338395709,
            "stop" : 1716338395739,
            "duration" : 30
          },
          "status" : "passed",
          "steps" : [ {
            "name" : "Check element is clickable",
            "time" : {
              "start" : 1716338395724,
              "stop" : 1716338395739,
              "duration" : 15
            },
            "status" : "passed",
            "steps" : [ {
              "name" : "Check element is clickable: ('xpath', \"//*[contains(text(),'RU')]\")",
              "time" : {
                "start" : 1716338395724,
                "stop" : 1716338395739,
                "duration" : 15
              },
              "status" : "passed",
              "steps" : [ ],
              "attachments" : [ ],
              "parameters" : [ ],
              "attachmentsCount" : 0,
              "shouldDisplayMessage" : false,
              "hasContent" : false,
              "stepsCount" : 0
            } ],
            "attachments" : [ ],
            "parameters" : [ {
              "name" : "locator",
              "value" : "('xpath', \"//*[contains(text(),'RU')]\")"
            } ],
            "attachmentsCount" : 0,
            "shouldDisplayMessage" : false,
            "hasContent" : true,
            "stepsCount" : 1
          } ],
          "attachments" : [ ],
          "parameters" : [ ],
          "attachmentsCount" : 0,
          "shouldDisplayMessage" : false,
          "hasContent" : true,
          "stepsCount" : 2
        } ],
        "attachments" : [ ],
        "parameters" : [ ],
        "attachmentsCount" : 0,
        "shouldDisplayMessage" : false,
        "hasContent" : true,
        "stepsCount" : 3
      }, {
        "name" : "Check element is visible and clickable: ('xpath', '//a[text()=\"Упражнения\"]')",
        "time" : {
          "start" : 1716338395785,
          "stop" : 1716338395817,
          "duration" : 32
        },
        "status" : "passed",
        "steps" : [ {
          "name" : "Check element is clickable",
          "time" : {
            "start" : 1716338395801,
            "stop" : 1716338395817,
            "duration" : 16
          },
          "status" : "passed",
          "steps" : [ {
            "name" : "Check element is clickable: ('xpath', '//a[text()=\"Упражнения\"]')",
            "time" : {
              "start" : 1716338395801,
              "stop" : 1716338395817,
              "duration" : 16
            },
            "status" : "passed",
            "steps" : [ ],
            "attachments" : [ ],
            "parameters" : [ ],
            "attachmentsCount" : 0,
            "shouldDisplayMessage" : false,
            "hasContent" : false,
            "stepsCount" : 0
          } ],
          "attachments" : [ ],
          "parameters" : [ {
            "name" : "locator",
            "value" : "('xpath', '//a[text()=\"Упражнения\"]')"
          } ],
          "attachmentsCount" : 0,
          "shouldDisplayMessage" : false,
          "hasContent" : true,
          "stepsCount" : 1
        } ],
        "attachments" : [ ],
        "parameters" : [ ],
        "attachmentsCount" : 0,
        "shouldDisplayMessage" : false,
        "hasContent" : true,
        "stepsCount" : 2
      }, {
        "name" : "Go to element: <selenium.webdriver.remote.webelement.WebElement (session=\"ca0cef9da6a19a220f3308d40659a183\", element=\"f.02D007AE0CC3AFF5935A927ACF933A52.d.EDC52203771C899EB434F1F5D5FEDF94.e.59\")>",
        "time" : {
          "start" : 1716338395817,
          "stop" : 1716338395820,
          "duration" : 3
        },
        "status" : "passed",
        "steps" : [ ],
        "attachments" : [ ],
        "parameters" : [ ],
        "attachmentsCount" : 0,
        "shouldDisplayMessage" : false,
        "hasContent" : false,
        "stepsCount" : 0
      }, {
        "name" : "Check element is visible and clickable: ('xpath', '//a[text()=\"Упражнения\"]')",
        "time" : {
          "start" : 1716338395820,
          "stop" : 1716338395847,
          "duration" : 27
        },
        "status" : "passed",
        "steps" : [ {
          "name" : "Check element is clickable",
          "time" : {
            "start" : 1716338395831,
            "stop" : 1716338395847,
            "duration" : 16
          },
          "status" : "passed",
          "steps" : [ {
            "name" : "Check element is clickable: ('xpath', '//a[text()=\"Упражнения\"]')",
            "time" : {
              "start" : 1716338395831,
              "stop" : 1716338395847,
              "duration" : 16
            },
            "status" : "passed",
            "steps" : [ ],
            "attachments" : [ ],
            "parameters" : [ ],
            "attachmentsCount" : 0,
            "shouldDisplayMessage" : false,
            "hasContent" : false,
            "stepsCount" : 0
          } ],
          "attachments" : [ ],
          "parameters" : [ {
            "name" : "locator",
            "value" : "('xpath', '//a[text()=\"Упражнения\"]')"
          } ],
          "attachmentsCount" : 0,
          "shouldDisplayMessage" : false,
          "hasContent" : true,
          "stepsCount" : 1
        } ],
        "attachments" : [ ],
        "parameters" : [ ],
        "attachmentsCount" : 0,
        "shouldDisplayMessage" : false,
        "hasContent" : true,
        "stepsCount" : 2
      } ],
      "attachments" : [ ],
      "parameters" : [ ],
      "attachmentsCount" : 0,
      "shouldDisplayMessage" : false,
      "hasContent" : true,
      "stepsCount" : 11
    }, {
      "name" : "select_group",
      "time" : {
        "start" : 1716338395875,
        "stop" : 1716338398177,
        "duration" : 2302
      },
      "status" : "passed",
      "steps" : [ {
        "name" : "Select Russian language. Click \"RU\" button.",
        "time" : {
          "start" : 1716338395876,
          "stop" : 1716338395933,
          "duration" : 57
        },
        "status" : "passed",
        "steps" : [ {
          "name" : "Check element is visible and clickable: ('xpath', \"//*[contains(text(),'RU')]\")",
          "time" : {
            "start" : 1716338395876,
            "stop" : 1716338395906,
            "duration" : 30
          },
          "status" : "passed",
          "steps" : [ {
            "name" : "Check element is clickable",
            "time" : {
              "start" : 1716338395891,
              "stop" : 1716338395906,
              "duration" : 15
            },
            "status" : "passed",
            "steps" : [ {
              "name" : "Check element is clickable: ('xpath', \"//*[contains(text(),'RU')]\")",
              "time" : {
                "start" : 1716338395891,
                "stop" : 1716338395906,
                "duration" : 15
              },
              "status" : "passed",
              "steps" : [ ],
              "attachments" : [ ],
              "parameters" : [ ],
              "attachmentsCount" : 0,
              "shouldDisplayMessage" : false,
              "hasContent" : false,
              "stepsCount" : 0
            } ],
            "attachments" : [ ],
            "parameters" : [ {
              "name" : "locator",
              "value" : "('xpath', \"//*[contains(text(),'RU')]\")"
            } ],
            "attachmentsCount" : 0,
            "shouldDisplayMessage" : false,
            "hasContent" : true,
            "stepsCount" : 1
          } ],
          "attachments" : [ ],
          "parameters" : [ ],
          "attachmentsCount" : 0,
          "shouldDisplayMessage" : false,
          "hasContent" : true,
          "stepsCount" : 2
        } ],
        "attachments" : [ ],
        "parameters" : [ ],
        "attachmentsCount" : 0,
        "shouldDisplayMessage" : false,
        "hasContent" : true,
        "stepsCount" : 3
      }, {
        "name" : "Click button \"Речевые упражнения\".",
        "time" : {
          "start" : 1716338395933,
          "stop" : 1716338396533,
          "duration" : 600
        },
        "status" : "passed",
        "steps" : [ {
          "name" : "Check element is visible and clickable: ('xpath', '//a[@title=\"Речевые упражнения\"]')",
          "time" : {
            "start" : 1716338395933,
            "stop" : 1716338396505,
            "duration" : 572
          },
          "status" : "passed",
          "steps" : [ {
            "name" : "Check element is clickable",
            "time" : {
              "start" : 1716338396489,
              "stop" : 1716338396505,
              "duration" : 16
            },
            "status" : "passed",
            "steps" : [ {
              "name" : "Check element is clickable: ('xpath', '//a[@title=\"Речевые упражнения\"]')",
              "time" : {
                "start" : 1716338396489,
                "stop" : 1716338396505,
                "duration" : 16
              },
              "status" : "passed",
              "steps" : [ ],
              "attachments" : [ ],
              "parameters" : [ ],
              "attachmentsCount" : 0,
              "shouldDisplayMessage" : false,
              "hasContent" : false,
              "stepsCount" : 0
            } ],
            "attachments" : [ ],
            "parameters" : [ {
              "name" : "locator",
              "value" : "('xpath', '//a[@title=\"Речевые упражнения\"]')"
            } ],
            "attachmentsCount" : 0,
            "shouldDisplayMessage" : false,
            "hasContent" : true,
            "stepsCount" : 1
          } ],
          "attachments" : [ ],
          "parameters" : [ ],
          "attachmentsCount" : 0,
          "shouldDisplayMessage" : false,
          "hasContent" : true,
          "stepsCount" : 2
        } ],
        "attachments" : [ ],
        "parameters" : [ ],
        "attachmentsCount" : 0,
        "shouldDisplayMessage" : false,
        "hasContent" : true,
        "stepsCount" : 3
      }, {
        "name" : "Check element is visible and clickable: ('xpath', '//button[@data-test-active-link=\"Слова Королёвой\"]')",
        "time" : {
          "start" : 1716338396533,
          "stop" : 1716338398102,
          "duration" : 1569
        },
        "status" : "passed",
        "steps" : [ {
          "name" : "Check element is clickable",
          "time" : {
            "start" : 1716338398087,
            "stop" : 1716338398102,
            "duration" : 15
          },
          "status" : "passed",
          "steps" : [ {
            "name" : "Check element is clickable: ('xpath', '//button[@data-test-active-link=\"Слова Королёвой\"]')",
            "time" : {
              "start" : 1716338398087,
              "stop" : 1716338398102,
              "duration" : 15
            },
            "status" : "passed",
            "steps" : [ ],
            "attachments" : [ ],
            "parameters" : [ ],
            "attachmentsCount" : 0,
            "shouldDisplayMessage" : false,
            "hasContent" : false,
            "stepsCount" : 0
          } ],
          "attachments" : [ ],
          "parameters" : [ {
            "name" : "locator",
            "value" : "('xpath', '//button[@data-test-active-link=\"Слова Королёвой\"]')"
          } ],
          "attachmentsCount" : 0,
          "shouldDisplayMessage" : false,
          "hasContent" : true,
          "stepsCount" : 1
        } ],
        "attachments" : [ ],
        "parameters" : [ ],
        "attachmentsCount" : 0,
        "shouldDisplayMessage" : false,
        "hasContent" : true,
        "stepsCount" : 2
      }, {
        "name" : "Click button \"СЛОВА КОРОЛЁВОЙ\".",
        "time" : {
          "start" : 1716338398118,
          "stop" : 1716338398177,
          "duration" : 59
        },
        "status" : "passed",
        "steps" : [ {
          "name" : "Check element is visible and clickable: ('xpath', '//button[@data-test-active-link=\"Слова Королёвой\"]')",
          "time" : {
            "start" : 1716338398118,
            "stop" : 1716338398145,
            "duration" : 27
          },
          "status" : "passed",
          "steps" : [ {
            "name" : "Check element is clickable",
            "time" : {
              "start" : 1716338398129,
              "stop" : 1716338398145,
              "duration" : 16
            },
            "status" : "passed",
            "steps" : [ {
              "name" : "Check element is clickable: ('xpath', '//button[@data-test-active-link=\"Слова Королёвой\"]')",
              "time" : {
                "start" : 1716338398129,
                "stop" : 1716338398145,
                "duration" : 16
              },
              "status" : "passed",
              "steps" : [ ],
              "attachments" : [ ],
              "parameters" : [ ],
              "attachmentsCount" : 0,
              "shouldDisplayMessage" : false,
              "hasContent" : false,
              "stepsCount" : 0
            } ],
            "attachments" : [ ],
            "parameters" : [ {
              "name" : "locator",
              "value" : "('xpath', '//button[@data-test-active-link=\"Слова Королёвой\"]')"
            } ],
            "attachmentsCount" : 0,
            "shouldDisplayMessage" : false,
            "hasContent" : true,
            "stepsCount" : 1
          } ],
          "attachments" : [ ],
          "parameters" : [ ],
          "attachmentsCount" : 0,
          "shouldDisplayMessage" : false,
          "hasContent" : true,
          "stepsCount" : 2
        } ],
        "attachments" : [ ],
        "parameters" : [ ],
        "attachmentsCount" : 0,
        "shouldDisplayMessage" : false,
        "hasContent" : true,
        "stepsCount" : 3
      } ],
      "attachments" : [ ],
      "parameters" : [ {
        "name" : "selector_for_sub_group",
        "value" : "('xpath', '//button[@data-test-active-link=\"Слова Королёвой\"]')"
      } ],
      "attachmentsCount" : 0,
      "shouldDisplayMessage" : false,
      "hasContent" : true,
      "stepsCount" : 15
    }, {
      "name" : "Get seria ID from URL: https://brainup.site/groups/2/series/17",
      "time" : {
        "start" : 1716338398178,
        "stop" : 1716338398686,
        "duration" : 508
      },
      "status" : "passed",
      "steps" : [ {
        "name" : "Wait until url to be: https://brainup.site/groups/2/series/17.",
        "time" : {
          "start" : 1716338398178,
          "stop" : 1716338398684,
          "duration" : 506
        },
        "status" : "passed",
        "steps" : [ ],
        "attachments" : [ ],
        "parameters" : [ ],
        "attachmentsCount" : 0,
        "shouldDisplayMessage" : false,
        "hasContent" : false,
        "stepsCount" : 0
      } ],
      "attachments" : [ ],
      "parameters" : [ ],
      "attachmentsCount" : 0,
      "shouldDisplayMessage" : false,
      "hasContent" : true,
      "stepsCount" : 1
    }, {
      "name" : "click_random_card",
      "time" : {
        "start" : 1716338398687,
        "stop" : 1716338398829,
        "duration" : 142
      },
      "status" : "passed",
      "steps" : [ {
        "name" : "Check elements are present: ('xpath', '//div[contains(@class, \"series-container\")]//a/div/div')",
        "time" : {
          "start" : 1716338398687,
          "stop" : 1716338398700,
          "duration" : 13
        },
        "status" : "passed",
        "steps" : [ ],
        "attachments" : [ ],
        "parameters" : [ ],
        "attachmentsCount" : 0,
        "shouldDisplayMessage" : false,
        "hasContent" : false,
        "stepsCount" : 0
      }, {
        "name" : "Getting list cards: ['1 слово из 2..4 (1)', '1 слово из 2..4 (2)', '1 слово из 2..4 (3)', '1 слово из 2..4 (4)', '1 слово из 2..4 (5)', '1 слово из 2..4 (6)', '1 слово из 6', '2 слова из 4', '3 слова из 6', '2 слова из 6']",
        "time" : {
          "start" : 1716338398767,
          "stop" : 1716338398767,
          "duration" : 0
        },
        "status" : "passed",
        "steps" : [ ],
        "attachments" : [ ],
        "parameters" : [ ],
        "attachmentsCount" : 0,
        "shouldDisplayMessage" : false,
        "hasContent" : false,
        "stepsCount" : 0
      }, {
        "name" : "Select random id from list of cards. \nCard ID in list is:, 7",
        "time" : {
          "start" : 1716338398767,
          "stop" : 1716338398767,
          "duration" : 0
        },
        "status" : "passed",
        "steps" : [ ],
        "attachments" : [ ],
        "parameters" : [ ],
        "attachmentsCount" : 0,
        "shouldDisplayMessage" : false,
        "hasContent" : false,
        "stepsCount" : 0
      }, {
        "name" : "Check elements are present: ('xpath', '//div[contains(@class, \"series-container\")]//a/div/div')",
        "time" : {
          "start" : 1716338398767,
          "stop" : 1716338398772,
          "duration" : 5
        },
        "status" : "passed",
        "steps" : [ ],
        "attachments" : [ ],
        "parameters" : [ ],
        "attachmentsCount" : 0,
        "shouldDisplayMessage" : false,
        "hasContent" : false,
        "stepsCount" : 0
      }, {
        "name" : "Selected card is: 1 слово из 6",
        "time" : {
          "start" : 1716338398777,
          "stop" : 1716338398809,
          "duration" : 32
        },
        "status" : "passed",
        "steps" : [ {
          "name" : "Go to element: <selenium.webdriver.remote.webelement.WebElement (session=\"ca0cef9da6a19a220f3308d40659a183\", element=\"f.02D007AE0CC3AFF5935A927ACF933A52.d.EDC52203771C899EB434F1F5D5FEDF94.e.86\")>",
          "time" : {
            "start" : 1716338398777,
            "stop" : 1716338398781,
            "duration" : 4
          },
          "status" : "passed",
          "steps" : [ ],
          "attachments" : [ ],
          "parameters" : [ ],
          "attachmentsCount" : 0,
          "shouldDisplayMessage" : false,
          "hasContent" : false,
          "stepsCount" : 0
        } ],
        "attachments" : [ ],
        "parameters" : [ ],
        "attachmentsCount" : 0,
        "shouldDisplayMessage" : false,
        "hasContent" : true,
        "stepsCount" : 1
      } ],
      "attachments" : [ ],
      "parameters" : [ ],
      "attachmentsCount" : 0,
      "shouldDisplayMessage" : false,
      "hasContent" : true,
      "stepsCount" : 6
    }, {
      "name" : "get_random_id_from_list_sub_group_default",
      "time" : {
        "start" : 1716338398829,
        "stop" : 1716338399512,
        "duration" : 683
      },
      "status" : "passed",
      "steps" : [ {
        "name" : "Status code is: 200",
        "time" : {
          "start" : 1716338399510,
          "stop" : 1716338399510,
          "duration" : 0
        },
        "status" : "passed",
        "steps" : [ ],
        "attachments" : [ ],
        "parameters" : [ ],
        "attachmentsCount" : 0,
        "shouldDisplayMessage" : false,
        "hasContent" : false,
        "stepsCount" : 0
      }, {
        "name" : "Send GET request with params: https://brainup.site/api/subgroups?seriesId=17headers=\"Content-Type\": \"application/json\",\"Authorization\": \"Bearer\": \"{id_token_default}\"",
        "time" : {
          "start" : 1716338399510,
          "stop" : 1716338399510,
          "duration" : 0
        },
        "status" : "passed",
        "steps" : [ ],
        "attachments" : [ ],
        "parameters" : [ ],
        "attachmentsCount" : 0,
        "shouldDisplayMessage" : false,
        "hasContent" : false,
        "stepsCount" : 0
      }, {
        "name" : "Getting list of cards id: {'data': [{'seriesId': 17, 'id': 115, 'level': 1, 'name': '1 слово из 2..4 (1)', 'pictureUrl': 'https://brnup.s3.eu-north-1.amazonaws.com/pictures/theme/koroleva_words_first_1.svg', 'description': '1я группа слов: по одному', 'withPictures': False, 'exercises': [1905, 1906, 1907, 1908, 1909]}, {'seriesId': 17, 'id': 116, 'level': 2, 'name': '1 слово из 2..4 (2)', 'pictureUrl': 'https://brnup.s3.eu-north-1.amazonaws.com/pictures/theme/koroleva_words_first_2.svg', 'description': '2я группа слов: по одному', 'withPictures': False, 'exercises': [1910, 1911, 1912, 1913, 1914]}, {'seriesId': 17, 'id': 117, 'level': 3, 'name': '1 слово из 2..4 (3)', 'pictureUrl': 'https://brnup.s3.eu-north-1.amazonaws.com/pictures/theme/koroleva_words_first_3.svg', 'description': '3я группа слов: по одному', 'withPictures': False, 'exercises': [1915, 1916, 1917, 1918, 1919]}, {'seriesId': 17, 'id': 118, 'level': 4, 'name': '1 слово из 2..4 (4)', 'pictureUrl': 'https://brnup.s3.eu-north-1.amazonaws.com/pictures/theme/koroleva_words_first_4.svg', 'description': '4я группа слов: по одному', 'withPictures': False, 'exercises': [1920, 1921, 1922, 1923, 1924]}, {'seriesId': 17, 'id': 119, 'level': 5, 'name': '1 слово из 2..4 (5)', 'pictureUrl': 'https://brnup.s3.eu-north-1.amazonaws.com/pictures/theme/koroleva_words_first_5.svg', 'description': '5я группа слов: по одному', 'withPictures': False, 'exercises': [1925, 1926, 1927, 1928, 1929]}, {'seriesId': 17, 'id': 120, 'level': 6, 'name': '1 слово из 2..4 (6)', 'pictureUrl': 'https://brnup.s3.eu-north-1.amazonaws.com/pictures/theme/koroleva_words_first_6.svg', 'description': '6я группа слов: по одному', 'withPictures': False, 'exercises': [1930, 1931, 1932, 1933, 1934]}, {'seriesId': 17, 'id': 121, 'level': 20, 'name': '1 слово из 6', 'pictureUrl': 'https://brnup.s3.eu-north-1.amazonaws.com/pictures/theme/koroleva_words_second_1_4.svg', 'description': 'Одно слово из 6', 'withPictures': False, 'exercises': [1935, 1936, 1937, 1938, 1939, 1940]}, {'seriesId': 17, 'id': 122, 'level': 21, 'name': '2 слова из 4', 'pictureUrl': 'https://brnup.s3.eu-north-1.amazonaws.com/pictures/theme/koroleva_words_second_2_4.svg', 'description': 'Два слово из 4', 'withPictures': False, 'exercises': [1941, 1942, 1943, 1944, 1945, 1946]}, {'seriesId': 17, 'id': 124, 'level': 21, 'name': '3 слова из 6', 'pictureUrl': 'https://brnup.s3.eu-north-1.amazonaws.com/pictures/theme/koroleva_words_second_3_6.svg', 'description': 'Три слово из 6', 'withPictures': False, 'exercises': [1954, 1958, 1953, 1956, 1957, 1955, 1974, 1975, 1976, 1977]}, {'seriesId': 17, 'id': 123, 'level': 21, 'name': '2 слова из 6', 'pictureUrl': 'https://brnup.s3.eu-north-1.amazonaws.com/pictures/theme/koroleva_words_second_2_6.svg', 'description': 'Два слово из 6', 'withPictures': False, 'exercises': [1947, 1948, 1949, 1950, 1951, 1952, 1959, 1960, 1961, 1962, 1963, 1964, 1965, 1966, 1967, 1968, 1969, 1970, 1971, 1972, 1973]}], 'errors': [], 'meta': []}",
        "time" : {
          "start" : 1716338399510,
          "stop" : 1716338399510,
          "duration" : 0
        },
        "status" : "passed",
        "steps" : [ ],
        "attachments" : [ ],
        "parameters" : [ ],
        "attachmentsCount" : 0,
        "shouldDisplayMessage" : false,
        "hasContent" : false,
        "stepsCount" : 0
      }, {
        "name" : "Select random id from list: 1936",
        "time" : {
          "start" : 1716338399511,
          "stop" : 1716338399511,
          "duration" : 0
        },
        "status" : "passed",
        "steps" : [ ],
        "attachments" : [ ],
        "parameters" : [ ],
        "attachmentsCount" : 0,
        "shouldDisplayMessage" : false,
        "hasContent" : false,
        "stepsCount" : 0
      } ],
      "attachments" : [ ],
      "parameters" : [ {
        "name" : "card_id",
        "value" : "6"
      }, {
        "name" : "seria_id",
        "value" : "'17'"
      } ],
      "attachmentsCount" : 0,
      "shouldDisplayMessage" : false,
      "hasContent" : true,
      "stepsCount" : 4
    }, {
      "name" : "get_random_id_from_payloads",
      "time" : {
        "start" : 1716338399512,
        "stop" : 1716338400089,
        "duration" : 577
      },
      "status" : "passed",
      "steps" : [ ],
      "attachments" : [ ],
      "parameters" : [ {
        "name" : "payloads",
        "value" : "{'ids': [1935, 1936, 1937, 1938, 1939, 1940]}"
      } ],
      "attachmentsCount" : 0,
      "shouldDisplayMessage" : false,
      "hasContent" : true,
      "stepsCount" : 0
    }, {
      "name" : "click_start_and_get_list_words_ru",
      "time" : {
        "start" : 1716338400324,
        "stop" : 1716338403804,
        "duration" : 3480
      },
      "status" : "passed",
      "steps" : [ {
        "name" : "Click button \"Start\".",
        "time" : {
          "start" : 1716338400324,
          "stop" : 1716338403557,
          "duration" : 3233
        },
        "status" : "passed",
        "steps" : [ {
          "name" : "Check element is visible and clickable: ('xpath', '//button[@aria-label=\"Начать выполнение упражнения\"]')",
          "time" : {
            "start" : 1716338400324,
            "stop" : 1716338403461,
            "duration" : 3137
          },
          "status" : "passed",
          "steps" : [ {
            "name" : "Check element is clickable",
            "time" : {
              "start" : 1716338403443,
              "stop" : 1716338403461,
              "duration" : 18
            },
            "status" : "passed",
            "steps" : [ {
              "name" : "Check element is clickable: ('xpath', '//button[@aria-label=\"Начать выполнение упражнения\"]')",
              "time" : {
                "start" : 1716338403443,
                "stop" : 1716338403461,
                "duration" : 18
              },
              "status" : "passed",
              "steps" : [ ],
              "attachments" : [ ],
              "parameters" : [ ],
              "attachmentsCount" : 0,
              "shouldDisplayMessage" : false,
              "hasContent" : false,
              "stepsCount" : 0
            } ],
            "attachments" : [ ],
            "parameters" : [ {
              "name" : "locator",
              "value" : "('xpath', '//button[@aria-label=\"Начать выполнение упражнения\"]')"
            } ],
            "attachmentsCount" : 0,
            "shouldDisplayMessage" : false,
            "hasContent" : true,
            "stepsCount" : 1
          } ],
          "attachments" : [ ],
          "parameters" : [ ],
          "attachmentsCount" : 0,
          "shouldDisplayMessage" : false,
          "hasContent" : true,
          "stepsCount" : 2
        } ],
        "attachments" : [ ],
        "parameters" : [ ],
        "attachmentsCount" : 0,
        "shouldDisplayMessage" : false,
        "hasContent" : true,
        "stepsCount" : 3
      }, {
        "name" : "Check elements are visible: ('xpath', '//li[@class=\"task-player__option flex\"]')",
        "time" : {
          "start" : 1716338403557,
          "stop" : 1716338403603,
          "duration" : 46
        },
        "status" : "passed",
        "steps" : [ ],
        "attachments" : [ ],
        "parameters" : [ ],
        "attachmentsCount" : 0,
        "shouldDisplayMessage" : false,
        "hasContent" : false,
        "stepsCount" : 0
      }, {
        "name" : "Getting a list of exercise words from the front: ['круг', 'рубашка', 'спать', 'голова', 'мышь', 'машина']",
        "time" : {
          "start" : 1716338403643,
          "stop" : 1716338403643,
          "duration" : 0
        },
        "status" : "passed",
        "steps" : [ ],
        "attachments" : [ ],
        "parameters" : [ ],
        "attachmentsCount" : 0,
        "shouldDisplayMessage" : false,
        "hasContent" : false,
        "stepsCount" : 0
      }, {
        "name" : "Click button \"Повторить\".",
        "time" : {
          "start" : 1716338403643,
          "stop" : 1716338403716,
          "duration" : 73
        },
        "status" : "passed",
        "steps" : [ {
          "name" : "Check element is visible and clickable: ('xpath', '//*[text()=\"Повторить\"]')",
          "time" : {
            "start" : 1716338403643,
            "stop" : 1716338403685,
            "duration" : 42
          },
          "status" : "passed",
          "steps" : [ {
            "name" : "Check element is clickable",
            "time" : {
              "start" : 1716338403668,
              "stop" : 1716338403685,
              "duration" : 17
            },
            "status" : "passed",
            "steps" : [ {
              "name" : "Check element is clickable: ('xpath', '//*[text()=\"Повторить\"]')",
              "time" : {
                "start" : 1716338403668,
                "stop" : 1716338403685,
                "duration" : 17
              },
              "status" : "passed",
              "steps" : [ ],
              "attachments" : [ ],
              "parameters" : [ ],
              "attachmentsCount" : 0,
              "shouldDisplayMessage" : false,
              "hasContent" : false,
              "stepsCount" : 0
            } ],
            "attachments" : [ ],
            "parameters" : [ {
              "name" : "locator",
              "value" : "('xpath', '//*[text()=\"Повторить\"]')"
            } ],
            "attachmentsCount" : 0,
            "shouldDisplayMessage" : false,
            "hasContent" : true,
            "stepsCount" : 1
          } ],
          "attachments" : [ ],
          "parameters" : [ ],
          "attachmentsCount" : 0,
          "shouldDisplayMessage" : false,
          "hasContent" : true,
          "stepsCount" : 2
        } ],
        "attachments" : [ ],
        "parameters" : [ ],
        "attachmentsCount" : 0,
        "shouldDisplayMessage" : false,
        "hasContent" : true,
        "stepsCount" : 3
      }, {
        "name" : "Click button \"Решать\".",
        "time" : {
          "start" : 1716338403716,
          "stop" : 1716338403804,
          "duration" : 88
        },
        "status" : "passed",
        "steps" : [ {
          "name" : "Check element is visible and clickable: ('xpath', '//*[text()=\"Решать\"]')",
          "time" : {
            "start" : 1716338403716,
            "stop" : 1716338403754,
            "duration" : 38
          },
          "status" : "passed",
          "steps" : [ {
            "name" : "Check element is clickable",
            "time" : {
              "start" : 1716338403737,
              "stop" : 1716338403754,
              "duration" : 17
            },
            "status" : "passed",
            "steps" : [ {
              "name" : "Check element is clickable: ('xpath', '//*[text()=\"Решать\"]')",
              "time" : {
                "start" : 1716338403737,
                "stop" : 1716338403754,
                "duration" : 17
              },
              "status" : "passed",
              "steps" : [ ],
              "attachments" : [ ],
              "parameters" : [ ],
              "attachmentsCount" : 0,
              "shouldDisplayMessage" : false,
              "hasContent" : false,
              "stepsCount" : 0
            } ],
            "attachments" : [ ],
            "parameters" : [ {
              "name" : "locator",
              "value" : "('xpath', '//*[text()=\"Решать\"]')"
            } ],
            "attachmentsCount" : 0,
            "shouldDisplayMessage" : false,
            "hasContent" : true,
            "stepsCount" : 1
          } ],
          "attachments" : [ ],
          "parameters" : [ ],
          "attachmentsCount" : 0,
          "shouldDisplayMessage" : false,
          "hasContent" : true,
          "stepsCount" : 2
        } ],
        "attachments" : [ ],
        "parameters" : [ ],
        "attachmentsCount" : 0,
        "shouldDisplayMessage" : false,
        "hasContent" : true,
        "stepsCount" : 3
      } ],
      "attachments" : [ ],
      "parameters" : [ ],
      "attachmentsCount" : 0,
      "shouldDisplayMessage" : false,
      "hasContent" : true,
      "stepsCount" : 14
    }, {
      "name" : "get_correct_answer",
      "time" : {
        "start" : 1716338403804,
        "stop" : 1716338465747,
        "duration" : 61943
      },
      "status" : "broken",
      "statusMessage" : "selenium.common.exceptions.TimeoutException: Message: Can't find element by locator ('xpath', '//h3[@class=\"mt-6 mb-6 text-2xl font-semibold\"]')\nStacktrace:\n#0 0x55e4bc0adeca <unknown>\n#1 0x55e4bbd9745c <unknown>\n#2 0x55e4bbde35b5 <unknown>\n#3 0x55e4bbde3671 <unknown>\n#4 0x55e4bbe27f14 <unknown>\n#5 0x55e4bbe064dd <unknown>\n#6 0x55e4bbe252cc <unknown>\n#7 0x55e4bbe06253 <unknown>\n#8 0x55e4bbdd61c7 <unknown>\n#9 0x55e4bbdd6b3e <unknown>\n#10 0x55e4bc07430b <unknown>\n#11 0x55e4bc0783b7 <unknown>\n#12 0x55e4bc060e3e <unknown>\n#13 0x55e4bc078e82 <unknown>\n#14 0x55e4bc0457df <unknown>\n#15 0x55e4bc09d1b8 <unknown>\n#16 0x55e4bc09d38b <unknown>\n#17 0x55e4bc0acffc <unknown>\n#18 0x7f9f0f094ac3 <unknown>\n\n",
      "statusTrace" : "  File \"/opt/hostedtoolcache/Python/3.12.3/x64/lib/python3.12/site-packages/allure_commons/_allure.py\", line 192, in impl\n    return func(*a, **kw)\n           ^^^^^^^^^^^^^^\n  File \"/home/runner/work/auto-tests-python/auto-tests-python/pages/speech_exercises_page_ru.py\", line 155, in get_correct_answer\n    message = self.element_is_present(self.locators.SpeechExercisesPageLocators.CONGRATULATION_MESSAGE)\n              ^^^^^^^^^^^^^^^^^^^^^^^^^^^^^^^^^^^^^^^^^^^^^^^^^^^^^^^^^^^^^^^^^^^^^^^^^^^^^^^^^^^^^^^^^\n  File \"/home/runner/work/auto-tests-python/auto-tests-python/pages/base_page.py\", line 55, in element_is_present\n    return Wait(self.driver, self.timeout).until(\n           ^^^^^^^^^^^^^^^^^^^^^^^^^^^^^^^^^^^^^^\n  File \"/opt/hostedtoolcache/Python/3.12.3/x64/lib/python3.12/site-packages/selenium/webdriver/support/wait.py\", line 95, in until\n    raise TimeoutException(message, screen, stacktrace)\n",
      "steps" : [ {
        "name" : "Check element is present: ('xpath', '//body[@data-correct-answer]')",
        "time" : {
          "start" : 1716338404804,
          "stop" : 1716338404813,
          "duration" : 9
        },
        "status" : "passed",
        "steps" : [ ],
        "attachments" : [ ],
        "parameters" : [ ],
        "attachmentsCount" : 0,
        "shouldDisplayMessage" : false,
        "hasContent" : false,
        "stepsCount" : 0
      }, {
        "name" : "Check element is present: ('xpath', '//body[@data-correct-answer]')",
        "time" : {
          "start" : 1716338404813,
          "stop" : 1716338404818,
          "duration" : 5
        },
        "status" : "passed",
        "steps" : [ ],
        "attachments" : [ ],
        "parameters" : [ ],
        "attachmentsCount" : 0,
        "shouldDisplayMessage" : false,
        "hasContent" : false,
        "stepsCount" : 0
      }, {
        "name" : "Check element is visible and clickable: ('xpath', '//*[text()=\"мышь\"]')",
        "time" : {
          "start" : 1716338404827,
          "stop" : 1716338425040,
          "duration" : 20213
        },
        "status" : "broken",
        "statusMessage" : "selenium.common.exceptions.TimeoutException: Message: Can't find element by locator ('xpath', '//*[text()=\"мышь\"]')\n\n",
        "statusTrace" : "  File \"/home/runner/work/auto-tests-python/auto-tests-python/pages/base_page.py\", line 34, in element_is_present_and_clickable\n    self.element_is_clickable(locator))\n    ^^^^^^^^^^^^^^^^^^^^^^^^^^^^^^^^^^\n  File \"/opt/hostedtoolcache/Python/3.12.3/x64/lib/python3.12/site-packages/allure_commons/_allure.py\", line 192, in impl\n    return func(*a, **kw)\n           ^^^^^^^^^^^^^^\n  File \"/home/runner/work/auto-tests-python/auto-tests-python/pages/base_page.py\", line 66, in element_is_clickable\n    return Wait(self.driver, self.timeout).until(\n           ^^^^^^^^^^^^^^^^^^^^^^^^^^^^^^^^^^^^^^\n  File \"/opt/hostedtoolcache/Python/3.12.3/x64/lib/python3.12/site-packages/selenium/webdriver/support/wait.py\", line 95, in until\n    raise TimeoutException(message, screen, stacktrace)\n",
        "steps" : [ {
          "name" : "Check element is clickable",
          "time" : {
            "start" : 1716338404841,
            "stop" : 1716338425040,
            "duration" : 20199
          },
          "status" : "broken",
          "statusMessage" : "selenium.common.exceptions.TimeoutException: Message: Can't find element by locator ('xpath', '//*[text()=\"мышь\"]')\n\n",
          "statusTrace" : "  File \"/opt/hostedtoolcache/Python/3.12.3/x64/lib/python3.12/site-packages/allure_commons/_allure.py\", line 192, in impl\n    return func(*a, **kw)\n           ^^^^^^^^^^^^^^\n  File \"/home/runner/work/auto-tests-python/auto-tests-python/pages/base_page.py\", line 66, in element_is_clickable\n    return Wait(self.driver, self.timeout).until(\n           ^^^^^^^^^^^^^^^^^^^^^^^^^^^^^^^^^^^^^^\n  File \"/opt/hostedtoolcache/Python/3.12.3/x64/lib/python3.12/site-packages/selenium/webdriver/support/wait.py\", line 95, in until\n    raise TimeoutException(message, screen, stacktrace)\n",
          "steps" : [ {
            "name" : "Check element is clickable: ('xpath', '//*[text()=\"мышь\"]')",
            "time" : {
              "start" : 1716338404841,
              "stop" : 1716338425040,
              "duration" : 20199
            },
            "status" : "broken",
            "statusMessage" : "selenium.common.exceptions.TimeoutException: Message: Can't find element by locator ('xpath', '//*[text()=\"мышь\"]')\n\n",
            "statusTrace" : "  File \"/home/runner/work/auto-tests-python/auto-tests-python/pages/base_page.py\", line 66, in element_is_clickable\n    return Wait(self.driver, self.timeout).until(\n           ^^^^^^^^^^^^^^^^^^^^^^^^^^^^^^^^^^^^^^\n  File \"/opt/hostedtoolcache/Python/3.12.3/x64/lib/python3.12/site-packages/selenium/webdriver/support/wait.py\", line 95, in until\n    raise TimeoutException(message, screen, stacktrace)\n",
            "steps" : [ ],
            "attachments" : [ ],
            "parameters" : [ ],
            "attachmentsCount" : 0,
            "shouldDisplayMessage" : true,
            "hasContent" : true,
            "stepsCount" : 0
          } ],
          "attachments" : [ ],
          "parameters" : [ {
            "name" : "locator",
            "value" : "('xpath', '//*[text()=\"мышь\"]')"
          } ],
          "attachmentsCount" : 0,
          "shouldDisplayMessage" : false,
          "hasContent" : true,
          "stepsCount" : 1
        } ],
        "attachments" : [ ],
        "parameters" : [ ],
        "attachmentsCount" : 0,
        "shouldDisplayMessage" : false,
        "hasContent" : true,
        "stepsCount" : 2
      }, {
        "name" : "Check element is visible and clickable: ('xpath', '//*[text()=\"мышь\"]')",
        "time" : {
          "start" : 1716338425040,
          "stop" : 1716338445250,
          "duration" : 20210
        },
        "status" : "broken",
        "statusMessage" : "selenium.common.exceptions.TimeoutException: Message: Can't find element by locator ('xpath', '//*[text()=\"мышь\"]')\n\n",
        "statusTrace" : "  File \"/home/runner/work/auto-tests-python/auto-tests-python/pages/base_page.py\", line 34, in element_is_present_and_clickable\n    self.element_is_clickable(locator))\n    ^^^^^^^^^^^^^^^^^^^^^^^^^^^^^^^^^^\n  File \"/opt/hostedtoolcache/Python/3.12.3/x64/lib/python3.12/site-packages/allure_commons/_allure.py\", line 192, in impl\n    return func(*a, **kw)\n           ^^^^^^^^^^^^^^\n  File \"/home/runner/work/auto-tests-python/auto-tests-python/pages/base_page.py\", line 66, in element_is_clickable\n    return Wait(self.driver, self.timeout).until(\n           ^^^^^^^^^^^^^^^^^^^^^^^^^^^^^^^^^^^^^^\n  File \"/opt/hostedtoolcache/Python/3.12.3/x64/lib/python3.12/site-packages/selenium/webdriver/support/wait.py\", line 95, in until\n    raise TimeoutException(message, screen, stacktrace)\n",
        "steps" : [ {
          "name" : "Check element is clickable",
          "time" : {
            "start" : 1716338425054,
            "stop" : 1716338445249,
            "duration" : 20195
          },
          "status" : "broken",
          "statusMessage" : "selenium.common.exceptions.TimeoutException: Message: Can't find element by locator ('xpath', '//*[text()=\"мышь\"]')\n\n",
          "statusTrace" : "  File \"/opt/hostedtoolcache/Python/3.12.3/x64/lib/python3.12/site-packages/allure_commons/_allure.py\", line 192, in impl\n    return func(*a, **kw)\n           ^^^^^^^^^^^^^^\n  File \"/home/runner/work/auto-tests-python/auto-tests-python/pages/base_page.py\", line 66, in element_is_clickable\n    return Wait(self.driver, self.timeout).until(\n           ^^^^^^^^^^^^^^^^^^^^^^^^^^^^^^^^^^^^^^\n  File \"/opt/hostedtoolcache/Python/3.12.3/x64/lib/python3.12/site-packages/selenium/webdriver/support/wait.py\", line 95, in until\n    raise TimeoutException(message, screen, stacktrace)\n",
          "steps" : [ {
            "name" : "Check element is clickable: ('xpath', '//*[text()=\"мышь\"]')",
            "time" : {
              "start" : 1716338425054,
              "stop" : 1716338445249,
              "duration" : 20195
            },
            "status" : "broken",
            "statusMessage" : "selenium.common.exceptions.TimeoutException: Message: Can't find element by locator ('xpath', '//*[text()=\"мышь\"]')\n\n",
            "statusTrace" : "  File \"/home/runner/work/auto-tests-python/auto-tests-python/pages/base_page.py\", line 66, in element_is_clickable\n    return Wait(self.driver, self.timeout).until(\n           ^^^^^^^^^^^^^^^^^^^^^^^^^^^^^^^^^^^^^^\n  File \"/opt/hostedtoolcache/Python/3.12.3/x64/lib/python3.12/site-packages/selenium/webdriver/support/wait.py\", line 95, in until\n    raise TimeoutException(message, screen, stacktrace)\n",
            "steps" : [ ],
            "attachments" : [ ],
            "parameters" : [ ],
            "attachmentsCount" : 0,
            "shouldDisplayMessage" : true,
            "hasContent" : true,
            "stepsCount" : 0
          } ],
          "attachments" : [ ],
          "parameters" : [ {
            "name" : "locator",
            "value" : "('xpath', '//*[text()=\"мышь\"]')"
          } ],
          "attachmentsCount" : 0,
          "shouldDisplayMessage" : false,
          "hasContent" : true,
          "stepsCount" : 1
        } ],
        "attachments" : [ ],
        "parameters" : [ ],
        "attachmentsCount" : 0,
        "shouldDisplayMessage" : false,
        "hasContent" : true,
        "stepsCount" : 2
      }, {
        "name" : "Check element is present: ('xpath', '//h3[@class=\"mt-6 mb-6 text-2xl font-semibold\"]')",
        "time" : {
          "start" : 1716338445250,
          "stop" : 1716338465746,
          "duration" : 20496
        },
        "status" : "broken",
        "statusMessage" : "selenium.common.exceptions.TimeoutException: Message: Can't find element by locator ('xpath', '//h3[@class=\"mt-6 mb-6 text-2xl font-semibold\"]')\nStacktrace:\n#0 0x55e4bc0adeca <unknown>\n#1 0x55e4bbd9745c <unknown>\n#2 0x55e4bbde35b5 <unknown>\n#3 0x55e4bbde3671 <unknown>\n#4 0x55e4bbe27f14 <unknown>\n#5 0x55e4bbe064dd <unknown>\n#6 0x55e4bbe252cc <unknown>\n#7 0x55e4bbe06253 <unknown>\n#8 0x55e4bbdd61c7 <unknown>\n#9 0x55e4bbdd6b3e <unknown>\n#10 0x55e4bc07430b <unknown>\n#11 0x55e4bc0783b7 <unknown>\n#12 0x55e4bc060e3e <unknown>\n#13 0x55e4bc078e82 <unknown>\n#14 0x55e4bc0457df <unknown>\n#15 0x55e4bc09d1b8 <unknown>\n#16 0x55e4bc09d38b <unknown>\n#17 0x55e4bc0acffc <unknown>\n#18 0x7f9f0f094ac3 <unknown>\n\n",
        "statusTrace" : "  File \"/home/runner/work/auto-tests-python/auto-tests-python/pages/base_page.py\", line 55, in element_is_present\n    return Wait(self.driver, self.timeout).until(\n           ^^^^^^^^^^^^^^^^^^^^^^^^^^^^^^^^^^^^^^\n  File \"/opt/hostedtoolcache/Python/3.12.3/x64/lib/python3.12/site-packages/selenium/webdriver/support/wait.py\", line 95, in until\n    raise TimeoutException(message, screen, stacktrace)\n",
        "steps" : [ ],
        "attachments" : [ ],
        "parameters" : [ ],
        "attachmentsCount" : 0,
        "shouldDisplayMessage" : true,
        "hasContent" : true,
        "stepsCount" : 0
      } ],
      "attachments" : [ ],
      "parameters" : [ ],
      "attachmentsCount" : 0,
      "shouldDisplayMessage" : false,
      "hasContent" : true,
      "stepsCount" : 9
    } ],
    "attachments" : [ {
      "uid" : "d1765b7d55aa0989",
      "name" : "Screenshot",
      "source" : "d1765b7d55aa0989.png",
      "type" : "image/png",
      "size" : 55381
    }, {
      "uid" : "37c01b31d55a154b",
      "name" : "HTML source",
      "source" : "37c01b31d55a154b.html",
      "type" : "text/html",
      "size" : 49240
    } ],
    "parameters" : [ ],
    "attachmentsCount" : 2,
    "shouldDisplayMessage" : true,
    "hasContent" : true,
    "stepsCount" : 68
  },
  "afterStages" : [ {
    "name" : "driver::0",
    "time" : {
      "start" : 1716338465898,
      "stop" : 1716338466059,
      "duration" : 161
    },
    "status" : "passed",
    "steps" : [ ],
    "attachments" : [ {
      "uid" : "ca2e70529239c89d",
      "name" : "Screenshot 2024-05-22 00:41:05.992282",
      "source" : "ca2e70529239c89d.png",
      "type" : "image/png",
      "size" : 55381
    } ],
    "parameters" : [ ],
    "attachmentsCount" : 1,
    "shouldDisplayMessage" : false,
    "hasContent" : true,
    "stepsCount" : 0
  } ],
  "labels" : [ {
    "name" : "epic",
    "value" : "Speech exercises."
  }, {
    "name" : "suite",
    "value" : "Речевые упражнения."
  }, {
    "name" : "tag",
    "value" : "@pytest.mark.xfail"
  }, {
    "name" : "parentSuite",
    "value" : "tests"
  }, {
    "name" : "subSuite",
    "value" : "TestCardsRU"
  }, {
    "name" : "host",
    "value" : "fv-az1040-606"
  }, {
    "name" : "thread",
    "value" : "2333-MainThread"
  }, {
    "name" : "framework",
    "value" : "pytest"
  }, {
    "name" : "language",
    "value" : "cpython3"
  }, {
    "name" : "package",
    "value" : "tests.test_speech_exercises_ru"
  }, {
    "name" : "resultFormat",
    "value" : "allure2"
  } ],
  "parameters" : [ ],
  "links" : [ ],
  "hidden" : false,
  "retry" : false,
  "extra" : {
    "severity" : "normal",
    "retries" : [ ],
    "categories" : [ ],
    "history" : {
      "statistic" : {
        "failed" : 0,
        "broken" : 0,
        "skipped" : 4,
        "passed" : 0,
        "unknown" : 0,
        "total" : 4
      },
      "items" : [ {
        "uid" : "4f85371fa6f6a039",
        "reportUrl" : "https://lambotik.github.io/auto-tests-python/9//#testresult/4f85371fa6f6a039",
        "status" : "skipped",
        "statusDetails" : "XFAIL\n\nselenium.common.exceptions.TimeoutException: Message: Can't find element by locator ('xpath', '//button[@data-test-active-link=\"Слова Королёвой\"]')\nStacktrace:\n#0 0x5578e4e3deca <unknown>\n#1 0x5578e4b2745c <unknown>\n#2 0x5578e4b735b5 <unknown>\n#3 0x5578e4b73671 <unknown>\n#4 0x5578e4bb7f14 <unknown>\n#5 0x5578e4b964dd <unknown>\n#6 0x5578e4bb52cc <unknown>\n#7 0x5578e4b96253 <unknown>\n#8 0x5578e4b661c7 <unknown>\n#9 0x5578e4b66b3e <unknown>\n#10 0x5578e4e0430b <unknown>\n#11 0x5578e4e083b7 <unknown>\n#12 0x5578e4df0e3e <unknown>\n#13 0x5578e4e08e82 <unknown>\n#14 0x5578e4dd57df <unknown>\n#15 0x5578e4e2d1b8 <unknown>\n#16 0x5578e4e2d38b <unknown>\n#17 0x5578e4e3cffc <unknown>\n#18 0x7f04ab294ac3 <unknown>",
        "time" : {
          "start" : 1716252200946,
          "stop" : 1716252222910,
          "duration" : 21964
        }
      }, {
        "uid" : "6b7dc8072b554922",
        "reportUrl" : "https://lambotik.github.io/auto-tests-python/1//#testresult/6b7dc8072b554922",
        "status" : "skipped",
        "statusDetails" : "XFAIL\n\nselenium.common.exceptions.TimeoutException: Message: Can't find element by locator ('xpath', '//h3[@class=\"mt-6 mb-6 text-2xl font-semibold\"]')\nStacktrace:\n#0 0x5623140e7eca <unknown>\n#1 0x562313dd145c <unknown>\n#2 0x562313e1d5b5 <unknown>\n#3 0x562313e1d671 <unknown>\n#4 0x562313e61f14 <unknown>\n#5 0x562313e404dd <unknown>\n#6 0x562313e5f2cc <unknown>\n#7 0x562313e40253 <unknown>\n#8 0x562313e101c7 <unknown>\n#9 0x562313e10b3e <unknown>\n#10 0x5623140ae30b <unknown>\n#11 0x5623140b23b7 <unknown>\n#12 0x56231409ae3e <unknown>\n#13 0x5623140b2e82 <unknown>\n#14 0x56231407f7df <unknown>\n#15 0x5623140d71b8 <unknown>\n#16 0x5623140d738b <unknown>\n#17 0x5623140e6ffc <unknown>\n#18 0x7ff809894ac3 <unknown>",
        "time" : {
          "start" : 1716199906552,
          "stop" : 1716199978829,
          "duration" : 72277
        }
      }, {
        "uid" : "e17e3265018a9a55",
        "reportUrl" : "https://lambotik.github.io/auto-tests-python/83//#testresult/e17e3265018a9a55",
        "status" : "skipped",
        "statusDetails" : "XFAIL\n\nselenium.common.exceptions.TimeoutException: Message: Can't find element by locator ('xpath', '//h3[@class=\"mt-6 mb-6 text-2xl font-semibold\"]')\nStacktrace:\n#0 0x557133bdbeca <unknown>\n#1 0x5571338c545c <unknown>\n#2 0x5571339115b5 <unknown>\n#3 0x557133911671 <unknown>\n#4 0x557133955f14 <unknown>\n#5 0x5571339344dd <unknown>\n#6 0x5571339532cc <unknown>\n#7 0x557133934253 <unknown>\n#8 0x5571339041c7 <unknown>\n#9 0x557133904b3e <unknown>\n#10 0x557133ba230b <unknown>\n#11 0x557133ba63b7 <unknown>\n#12 0x557133b8ee3e <unknown>\n#13 0x557133ba6e82 <unknown>\n#14 0x557133b737df <unknown>\n#15 0x557133bcb1b8 <unknown>\n#16 0x557133bcb38b <unknown>\n#17 0x557133bdaffc <unknown>\n#18 0x7f62ed694ac3 <unknown>",
        "time" : {
          "start" : 1716197514033,
          "stop" : 1716197585866,
          "duration" : 71833
        }
      } ]
    },
    "tags" : [ "@pytest.mark.xfail" ]
  },
  "source" : "a6635144010bb5ef.json",
  "parameterValues" : [ ]
}