{
  "uid" : "c1a66a1413a0ad4c",
  "name" : "Verify values of the text in card descriptions",
  "fullName" : "tests.contributors_page_test.TestContributorsPageText#test_cnp_02_04_verify_text_of_card_descriptions",
  "historyId" : "5d4e7ac22a6f34d3c7b45f7b2c907a8b",
  "time" : {
    "start" : 1741657822076,
    "stop" : 1741657822499,
    "duration" : 423
  },
  "status" : "failed",
  "statusMessage" : "AssertionError: Text in descriptions is absent or mismatches valid count\nassert 70 == 67\n +  where 67 = ContributorsPageData.description_count",
  "statusTrace" : "self = <tests.contributors_page_test.TestContributorsPage.TestContributorsPageText object at 0x7f430a5cadb0>\ndriver = <selenium.webdriver.chrome.webdriver.WebDriver (session=\"5183ffa5ba3664cdf52bebfe0160077b\")>\ncontributors_page_open = None\n\n    @allure.title(\"Verify values of the text in card descriptions\")\n    def test_cnp_02_04_verify_text_of_card_descriptions(self, driver, contributors_page_open):\n        page = ContributorsPage(driver)\n        description_values = page.check_values_of_card_descriptions()\n>       assert description_values == ContributorsPageData.description_count, \\\n            \"Text in descriptions is absent or mismatches valid count\"\nE       AssertionError: Text in descriptions is absent or mismatches valid count\nE       assert 70 == 67\nE        +  where 67 = ContributorsPageData.description_count\n\ntests/contributors_page_test.py:100: AssertionError",
  "flaky" : false,
  "newFailed" : false,
  "beforeStages" : [ {
    "name" : "clear_allure_results_folder",
    "time" : {
      "start" : 1741657684667,
      "stop" : 1741657684667,
      "duration" : 0
    },
    "status" : "passed",
    "steps" : [ ],
    "attachments" : [ ],
    "parameters" : [ ],
    "stepsCount" : 0,
    "attachmentsCount" : 0,
    "shouldDisplayMessage" : false,
    "hasContent" : false
  }, {
    "name" : "driver",
    "time" : {
      "start" : 1741657816340,
      "stop" : 1741657817174,
      "duration" : 834
    },
    "status" : "passed",
    "steps" : [ ],
    "attachments" : [ ],
    "parameters" : [ ],
    "stepsCount" : 0,
    "attachmentsCount" : 0,
    "shouldDisplayMessage" : false,
    "hasContent" : false
  }, {
    "name" : "contributors_page_open",
    "time" : {
      "start" : 1741657817174,
      "stop" : 1741657822076,
      "duration" : 4902
    },
    "status" : "passed",
    "steps" : [ {
      "name" : "Open page: https://brainup.site/contributors",
      "time" : {
        "start" : 1741657817174,
        "stop" : 1741657822076,
        "duration" : 4902
      },
      "status" : "passed",
      "steps" : [ ],
      "attachments" : [ ],
      "parameters" : [ {
        "name" : "driver",
        "value" : "<selenium.webdriver.chrome.webdriver.WebDriver (session=\"5183ffa5ba3664cdf52bebfe0160077b\")>"
      } ],
      "stepsCount" : 0,
      "attachmentsCount" : 0,
      "shouldDisplayMessage" : false,
      "hasContent" : true
    } ],
    "attachments" : [ ],
    "parameters" : [ ],
    "stepsCount" : 1,
    "attachmentsCount" : 0,
    "shouldDisplayMessage" : false,
    "hasContent" : true
  } ],
  "testStage" : {
    "status" : "failed",
    "statusMessage" : "AssertionError: Text in descriptions is absent or mismatches valid count\nassert 70 == 67\n +  where 67 = ContributorsPageData.description_count",
    "statusTrace" : "self = <tests.contributors_page_test.TestContributorsPage.TestContributorsPageText object at 0x7f430a5cadb0>\ndriver = <selenium.webdriver.chrome.webdriver.WebDriver (session=\"5183ffa5ba3664cdf52bebfe0160077b\")>\ncontributors_page_open = None\n\n    @allure.title(\"Verify values of the text in card descriptions\")\n    def test_cnp_02_04_verify_text_of_card_descriptions(self, driver, contributors_page_open):\n        page = ContributorsPage(driver)\n        description_values = page.check_values_of_card_descriptions()\n>       assert description_values == ContributorsPageData.description_count, \\\n            \"Text in descriptions is absent or mismatches valid count\"\nE       AssertionError: Text in descriptions is absent or mismatches valid count\nE       assert 70 == 67\nE        +  where 67 = ContributorsPageData.description_count\n\ntests/contributors_page_test.py:100: AssertionError",
    "steps" : [ {
      "name" : "Check the content of descriptions in cards",
      "time" : {
        "start" : 1741657822077,
        "stop" : 1741657822499,
        "duration" : 422
      },
      "status" : "passed",
      "steps" : [ {
        "name" : "Get the list of descriptions in cards on the 4th level of nesting on the page",
        "time" : {
          "start" : 1741657822077,
          "stop" : 1741657822089,
          "duration" : 12
        },
        "status" : "passed",
        "steps" : [ ],
        "attachments" : [ ],
        "parameters" : [ ],
        "stepsCount" : 0,
        "attachmentsCount" : 0,
        "shouldDisplayMessage" : false,
        "hasContent" : false
      } ],
      "attachments" : [ ],
      "parameters" : [ ],
      "stepsCount" : 1,
      "attachmentsCount" : 0,
      "shouldDisplayMessage" : false,
      "hasContent" : true
    } ],
    "attachments" : [ {
      "uid" : "3630891336d63fe3",
      "name" : "Screenshot 2025-03-11 01:50:22.688757",
      "source" : "3630891336d63fe3.png",
      "type" : "image/png",
      "size" : 307343
    } ],
    "parameters" : [ ],
    "stepsCount" : 2,
    "attachmentsCount" : 1,
    "shouldDisplayMessage" : true,
    "hasContent" : true
  },
  "afterStages" : [ {
    "name" : "driver::0",
    "time" : {
      "start" : 1741657822690,
      "stop" : 1741657822752,
      "duration" : 62
    },
    "status" : "passed",
    "steps" : [ ],
    "attachments" : [ ],
    "parameters" : [ ],
    "stepsCount" : 0,
    "attachmentsCount" : 0,
    "shouldDisplayMessage" : false,
    "hasContent" : false
  } ],
  "labels" : [ {
    "name" : "epic",
    "value" : "The Contributors Page"
  }, {
    "name" : "parentSuite",
    "value" : "tests"
  }, {
    "name" : "suite",
    "value" : "contributors_page_test"
  }, {
    "name" : "subSuite",
    "value" : "TestContributorsPage"
  }, {
    "name" : "host",
    "value" : "fv-az1344-444"
  }, {
    "name" : "thread",
    "value" : "2398-MainThread"
  }, {
    "name" : "framework",
    "value" : "pytest"
  }, {
    "name" : "language",
    "value" : "cpython3"
  }, {
    "name" : "package",
    "value" : "tests.contributors_page_test"
  }, {
    "name" : "resultFormat",
    "value" : "allure2"
  } ],
  "parameters" : [ ],
  "links" : [ ],
  "hidden" : false,
  "retry" : false,
  "extra" : {
    "severity" : "normal",
    "retries" : [ ],
    "categories" : [ {
      "name" : "Product defects",
      "matchedStatuses" : [ ],
      "flaky" : false
    } ],
    "history" : {
      "statistic" : {
        "failed" : 108,
        "broken" : 4,
        "skipped" : 0,
        "passed" : 43,
        "unknown" : 0,
        "total" : 155
      },
      "items" : [ {
        "uid" : "286925c0cb7f888a",
        "reportUrl" : "https://lambotik.github.io/auto-tests-python/209//#testresult/286925c0cb7f888a",
        "status" : "failed",
        "statusDetails" : "AssertionError: Text in descriptions is absent or mismatches valid count\nassert 70 == 67\n +  where 67 = ContributorsPageData.description_count",
        "time" : {
          "start" : 1741569919733,
          "stop" : 1741569920146,
          "duration" : 413
        }
      }, {
        "uid" : "566d6a16e6024b70",
        "reportUrl" : "https://lambotik.github.io/auto-tests-python/208//#testresult/566d6a16e6024b70",
        "status" : "failed",
        "statusDetails" : "AssertionError: Text in descriptions is absent or mismatches valid count\nassert 70 == 67\n +  where 67 = ContributorsPageData.description_count",
        "time" : {
          "start" : 1741483698159,
          "stop" : 1741483698592,
          "duration" : 433
        }
      }, {
        "uid" : "f2e77907b96b22e6",
        "reportUrl" : "https://lambotik.github.io/auto-tests-python/207//#testresult/f2e77907b96b22e6",
        "status" : "failed",
        "statusDetails" : "AssertionError: Text in descriptions is absent or mismatches valid count\nassert 70 == 67\n +  where 67 = ContributorsPageData.description_count",
        "time" : {
          "start" : 1741396901538,
          "stop" : 1741396901960,
          "duration" : 422
        }
      }, {
        "uid" : "920540caa7bebb44",
        "reportUrl" : "https://lambotik.github.io/auto-tests-python/206//#testresult/920540caa7bebb44",
        "status" : "failed",
        "statusDetails" : "AssertionError: Text in descriptions is absent or mismatches valid count\nassert 70 == 67\n +  where 67 = ContributorsPageData.description_count",
        "time" : {
          "start" : 1741312227377,
          "stop" : 1741312227802,
          "duration" : 425
        }
      }, {
        "uid" : "eec49f3c9e6f120d",
        "reportUrl" : "https://lambotik.github.io/auto-tests-python/205//#testresult/eec49f3c9e6f120d",
        "status" : "failed",
        "statusDetails" : "AssertionError: Text in descriptions is absent or mismatches valid count\nassert 70 == 67\n +  where 67 = ContributorsPageData.description_count",
        "time" : {
          "start" : 1741225747447,
          "stop" : 1741225747868,
          "duration" : 421
        }
      }, {
        "uid" : "7ef86692fbb4f97d",
        "reportUrl" : "https://lambotik.github.io/auto-tests-python/204//#testresult/7ef86692fbb4f97d",
        "status" : "failed",
        "statusDetails" : "AssertionError: Text in descriptions is absent or mismatches valid count\nassert 70 == 67\n +  where 67 = ContributorsPageData.description_count",
        "time" : {
          "start" : 1741139351020,
          "stop" : 1741139351445,
          "duration" : 425
        }
      }, {
        "uid" : "a716658ae3c0079b",
        "reportUrl" : "https://lambotik.github.io/auto-tests-python/203//#testresult/a716658ae3c0079b",
        "status" : "failed",
        "statusDetails" : "AssertionError: Text in descriptions is absent or mismatches valid count\nassert 70 == 67\n +  where 67 = ContributorsPageData.description_count",
        "time" : {
          "start" : 1741052935048,
          "stop" : 1741052935461,
          "duration" : 413
        }
      }, {
        "uid" : "66223ba90302b04d",
        "reportUrl" : "https://lambotik.github.io/auto-tests-python/202//#testresult/66223ba90302b04d",
        "status" : "failed",
        "statusDetails" : "AssertionError: Text in descriptions is absent or mismatches valid count\nassert 70 == 67\n +  where 67 = ContributorsPageData.description_count",
        "time" : {
          "start" : 1740966656929,
          "stop" : 1740966657350,
          "duration" : 421
        }
      }, {
        "uid" : "ce4510c27be7f6d0",
        "reportUrl" : "https://lambotik.github.io/auto-tests-python/201//#testresult/ce4510c27be7f6d0",
        "status" : "failed",
        "statusDetails" : "AssertionError: Text in descriptions is absent or mismatches valid count\nassert 70 == 67\n +  where 67 = ContributorsPageData.description_count",
        "time" : {
          "start" : 1740880335731,
          "stop" : 1740880336155,
          "duration" : 424
        }
      }, {
        "uid" : "3504f0b2dface332",
        "reportUrl" : "https://lambotik.github.io/auto-tests-python/200//#testresult/3504f0b2dface332",
        "status" : "failed",
        "statusDetails" : "AssertionError: Text in descriptions is absent or mismatches valid count\nassert 70 == 67\n +  where 67 = ContributorsPageData.description_count",
        "time" : {
          "start" : 1740794003980,
          "stop" : 1740794004396,
          "duration" : 416
        }
      }, {
        "uid" : "23cddbd70314b6ac",
        "reportUrl" : "https://lambotik.github.io/auto-tests-python/199//#testresult/23cddbd70314b6ac",
        "status" : "failed",
        "statusDetails" : "AssertionError: Text in descriptions is absent or mismatches valid count\nassert 70 == 67\n +  where 67 = ContributorsPageData.description_count",
        "time" : {
          "start" : 1740707259725,
          "stop" : 1740707260150,
          "duration" : 425
        }
      }, {
        "uid" : "f2a01a5f9bf95719",
        "reportUrl" : "https://lambotik.github.io/auto-tests-python/198//#testresult/f2a01a5f9bf95719",
        "status" : "failed",
        "statusDetails" : "AssertionError: Text in descriptions is absent or mismatches valid count\nassert 70 == 67\n +  where 67 = ContributorsPageData.description_count",
        "time" : {
          "start" : 1740620840574,
          "stop" : 1740620840989,
          "duration" : 415
        }
      }, {
        "uid" : "aac6eae9efc0afcd",
        "reportUrl" : "https://lambotik.github.io/auto-tests-python/197//#testresult/aac6eae9efc0afcd",
        "status" : "failed",
        "statusDetails" : "AssertionError: Text in descriptions is absent or mismatches valid count\nassert 70 == 67\n +  where 67 = ContributorsPageData.description_count",
        "time" : {
          "start" : 1740534388730,
          "stop" : 1740534389160,
          "duration" : 430
        }
      }, {
        "uid" : "d6fa2eef5cff9125",
        "reportUrl" : "https://lambotik.github.io/auto-tests-python/196//#testresult/d6fa2eef5cff9125",
        "status" : "failed",
        "statusDetails" : "AssertionError: Text in descriptions is absent or mismatches valid count\nassert 70 == 67\n +  where 67 = ContributorsPageData.description_count",
        "time" : {
          "start" : 1740448033884,
          "stop" : 1740448034322,
          "duration" : 438
        }
      }, {
        "uid" : "40477dd0e9856eb0",
        "reportUrl" : "https://lambotik.github.io/auto-tests-python/195//#testresult/40477dd0e9856eb0",
        "status" : "failed",
        "statusDetails" : "AssertionError: Text in descriptions is absent or mismatches valid count\nassert 70 == 67\n +  where 67 = ContributorsPageData.description_count",
        "time" : {
          "start" : 1740361674124,
          "stop" : 1740361674580,
          "duration" : 456
        }
      }, {
        "uid" : "2337be59af60980f",
        "reportUrl" : "https://lambotik.github.io/auto-tests-python/194//#testresult/2337be59af60980f",
        "status" : "failed",
        "statusDetails" : "AssertionError: Text in descriptions is absent or mismatches valid count\nassert 70 == 67\n +  where 67 = ContributorsPageData.description_count",
        "time" : {
          "start" : 1740275448976,
          "stop" : 1740275449379,
          "duration" : 403
        }
      }, {
        "uid" : "b378a36c6c8727c8",
        "reportUrl" : "https://lambotik.github.io/auto-tests-python/193//#testresult/b378a36c6c8727c8",
        "status" : "failed",
        "statusDetails" : "AssertionError: Text in descriptions is absent or mismatches valid count\nassert 70 == 67\n +  where 67 = ContributorsPageData.description_count",
        "time" : {
          "start" : 1740188570550,
          "stop" : 1740188570925,
          "duration" : 375
        }
      }, {
        "uid" : "6ff7cd8d2067a7a9",
        "reportUrl" : "https://lambotik.github.io/auto-tests-python/192//#testresult/6ff7cd8d2067a7a9",
        "status" : "failed",
        "statusDetails" : "AssertionError: Text in descriptions is absent or mismatches valid count\nassert 70 == 67\n +  where 67 = ContributorsPageData.description_count",
        "time" : {
          "start" : 1740102335984,
          "stop" : 1740102336396,
          "duration" : 412
        }
      }, {
        "uid" : "635a23f0f303d84",
        "reportUrl" : "https://lambotik.github.io/auto-tests-python/191//#testresult/635a23f0f303d84",
        "status" : "failed",
        "statusDetails" : "AssertionError: Text in descriptions is absent or mismatches valid count\nassert 70 == 67\n +  where 67 = ContributorsPageData.description_count",
        "time" : {
          "start" : 1740015942470,
          "stop" : 1740015942894,
          "duration" : 424
        }
      }, {
        "uid" : "74c2951965b324ae",
        "reportUrl" : "https://lambotik.github.io/auto-tests-python/190//#testresult/74c2951965b324ae",
        "status" : "failed",
        "statusDetails" : "AssertionError: Text in descriptions is absent or mismatches valid count\nassert 70 == 67\n +  where 67 = ContributorsPageData.description_count",
        "time" : {
          "start" : 1739929489321,
          "stop" : 1739929489750,
          "duration" : 429
        }
      } ]
    },
    "tags" : [ ]
  },
  "source" : "c1a66a1413a0ad4c.json",
  "parameterValues" : [ ]
}