{
  "uid" : "c3aaf8a2ae685d70",
  "name" : "Check progres-bar and buttons.",
  "fullName" : "tests.test_speech_exercises_en.TestCardsEN#test_progress_bar_is_present_en",
  "historyId" : "efb827312bdd34b296637645e49b0897",
  "time" : {
    "start" : 1735697522954,
    "stop" : 1735697522954,
    "duration" : 0
  },
  "status" : "skipped",
  "statusMessage" : "XFAIL\n\nselenium.common.exceptions.TimeoutException: Message: Can't find element by locator https://brainup.site/groups",
  "statusTrace" : "self = <pages.base_page.BasePage object at 0x7fe86033f8c0>\nurl = 'https://brainup.site/groups'\n\n    def check_expected_link(self, url):\n        with allure.step(f'Check url is present: {url}'):\n            try:\n>               return Wait(self.driver, self.timeout).until(\n                    ec.url_to_be(url), message=f\"Can't find element by locator {url}\")\n\npages/base_page.py:68: \n_ _ _ _ _ _ _ _ _ _ _ _ _ _ _ _ _ _ _ _ _ _ _ _ _ _ _ _ _ _ _ _ _ _ _ _ _ _ _ _ \n\nself = <selenium.webdriver.support.wait.WebDriverWait (session=\"b745fc287a8c1eef1031ab2522256a03\")>\nmethod = <function url_to_be.<locals>._predicate at 0x7fe860302fc0>\nmessage = \"Can't find element by locator https://brainup.site/groups\"\n\n    def until(self, method, message: str = \"\"):\n        \"\"\"Calls the method provided with the driver as an argument until the \\\n        return value does not evaluate to ``False``.\n    \n        :param method: callable(WebDriver)\n        :param message: optional message for :exc:`TimeoutException`\n        :returns: the result of the last call to `method`\n        :raises: :exc:`selenium.common.exceptions.TimeoutException` if timeout occurs\n        \"\"\"\n        screen = None\n        stacktrace = None\n    \n        end_time = time.monotonic() + self._timeout\n        while True:\n            try:\n                value = method(self._driver)\n                if value:\n                    return value\n            except self._ignored_exceptions as exc:\n                screen = getattr(exc, \"screen\", None)\n                stacktrace = getattr(exc, \"stacktrace\", None)\n            time.sleep(self._poll)\n            if time.monotonic() > end_time:\n                break\n>       raise TimeoutException(message, screen, stacktrace)\nE       selenium.common.exceptions.TimeoutException: Message: Can't find element by locator https://brainup.site/groups\n\n/opt/hostedtoolcache/Python/3.12.8/x64/lib/python3.12/site-packages/selenium/webdriver/support/wait.py:95: TimeoutException\n\nDuring handling of the above exception, another exception occurred:\n\ndriver = <selenium.webdriver.chrome.webdriver.WebDriver (session=\"b745fc287a8c1eef1031ab2522256a03\")>\nmain_page_open = None\n\n    @pytest.fixture()\n    @allure.step('USER specialist authorized')\n    def specialist_user_authorized(driver, main_page_open):\n        page = BasePage(driver)\n        page.element_is_present_and_clickable(MainPageLocators.LOGIN_BUTTON).click()\n        page.element_is_visible(LoginPageLocators.INPUT_LOGIN).send_keys(os.environ[\"SPECIALIST_LOGIN\"])\n        page.element_is_visible(LoginPageLocators.INPUT_PASSWORD).send_keys(os.environ[\"PASSWORD\"])\n        page.element_is_present_and_clickable(LoginPageLocators.SIGN_IN_BUTTON).click()\n>       page.check_expected_link(MainPageLinks.URL_GROUPS_PAGE)\n\ntests/conftest.py:84: \n_ _ _ _ _ _ _ _ _ _ _ _ _ _ _ _ _ _ _ _ _ _ _ _ _ _ _ _ _ _ _ _ _ _ _ _ _ _ _ _ \npages/base_page.py:72: in check_expected_link\n    return Wait(self.driver, self.timeout).until(\n_ _ _ _ _ _ _ _ _ _ _ _ _ _ _ _ _ _ _ _ _ _ _ _ _ _ _ _ _ _ _ _ _ _ _ _ _ _ _ _ \n\nself = <selenium.webdriver.support.wait.WebDriverWait (session=\"b745fc287a8c1eef1031ab2522256a03\")>\nmethod = <function url_to_be.<locals>._predicate at 0x7fe860300b80>\nmessage = \"Can't find element by locator https://brainup.site/groups\"\n\n    def until(self, method, message: str = \"\"):\n        \"\"\"Calls the method provided with the driver as an argument until the \\\n        return value does not evaluate to ``False``.\n    \n        :param method: callable(WebDriver)\n        :param message: optional message for :exc:`TimeoutException`\n        :returns: the result of the last call to `method`\n        :raises: :exc:`selenium.common.exceptions.TimeoutException` if timeout occurs\n        \"\"\"\n        screen = None\n        stacktrace = None\n    \n        end_time = time.monotonic() + self._timeout\n        while True:\n            try:\n                value = method(self._driver)\n                if value:\n                    return value\n            except self._ignored_exceptions as exc:\n                screen = getattr(exc, \"screen\", None)\n                stacktrace = getattr(exc, \"stacktrace\", None)\n            time.sleep(self._poll)\n            if time.monotonic() > end_time:\n                break\n>       raise TimeoutException(message, screen, stacktrace)\nE       selenium.common.exceptions.TimeoutException: Message: Can't find element by locator https://brainup.site/groups\n\n/opt/hostedtoolcache/Python/3.12.8/x64/lib/python3.12/site-packages/selenium/webdriver/support/wait.py:95: TimeoutException",
  "flaky" : false,
  "newFailed" : false,
  "beforeStages" : [ {
    "name" : "specialist_user_authorized",
    "time" : {
      "start" : 1735697526939,
      "stop" : 1735697567635,
      "duration" : 40696
    },
    "status" : "broken",
    "statusMessage" : "selenium.common.exceptions.TimeoutException: Message: Can't find element by locator https://brainup.site/groups\n\n",
    "statusTrace" : "  File \"/opt/hostedtoolcache/Python/3.12.8/x64/lib/python3.12/site-packages/pluggy/_callers.py\", line 103, in _multicall\n    res = hook_impl.function(*args)\n          ^^^^^^^^^^^^^^^^^^^^^^^^^\n  File \"/opt/hostedtoolcache/Python/3.12.8/x64/lib/python3.12/site-packages/_pytest/fixtures.py\", line 1123, in pytest_fixture_setup\n    result = call_fixture_func(fixturefunc, request, kwargs)\n             ^^^^^^^^^^^^^^^^^^^^^^^^^^^^^^^^^^^^^^^^^^^^^^^\n  File \"/opt/hostedtoolcache/Python/3.12.8/x64/lib/python3.12/site-packages/_pytest/fixtures.py\", line 902, in call_fixture_func\n    fixture_result = fixturefunc(**kwargs)\n                     ^^^^^^^^^^^^^^^^^^^^^\n  File \"/opt/hostedtoolcache/Python/3.12.8/x64/lib/python3.12/site-packages/allure_commons/_allure.py\", line 192, in impl\n    return func(*a, **kw)\n           ^^^^^^^^^^^^^^\n  File \"/home/runner/work/auto-tests-python/auto-tests-python/tests/conftest.py\", line 84, in specialist_user_authorized\n    page.check_expected_link(MainPageLinks.URL_GROUPS_PAGE)\n  File \"/home/runner/work/auto-tests-python/auto-tests-python/pages/base_page.py\", line 72, in check_expected_link\n    return Wait(self.driver, self.timeout).until(\n           ^^^^^^^^^^^^^^^^^^^^^^^^^^^^^^^^^^^^^^\n  File \"/opt/hostedtoolcache/Python/3.12.8/x64/lib/python3.12/site-packages/selenium/webdriver/support/wait.py\", line 95, in until\n    raise TimeoutException(message, screen, stacktrace)\n",
    "steps" : [ {
      "name" : "USER specialist authorized",
      "time" : {
        "start" : 1735697526939,
        "stop" : 1735697567635,
        "duration" : 40696
      },
      "status" : "broken",
      "statusMessage" : "selenium.common.exceptions.TimeoutException: Message: Can't find element by locator https://brainup.site/groups\n\n",
      "statusTrace" : "  File \"/opt/hostedtoolcache/Python/3.12.8/x64/lib/python3.12/site-packages/allure_commons/_allure.py\", line 192, in impl\n    return func(*a, **kw)\n           ^^^^^^^^^^^^^^\n  File \"/home/runner/work/auto-tests-python/auto-tests-python/tests/conftest.py\", line 84, in specialist_user_authorized\n    page.check_expected_link(MainPageLinks.URL_GROUPS_PAGE)\n  File \"/home/runner/work/auto-tests-python/auto-tests-python/pages/base_page.py\", line 72, in check_expected_link\n    return Wait(self.driver, self.timeout).until(\n           ^^^^^^^^^^^^^^^^^^^^^^^^^^^^^^^^^^^^^^\n  File \"/opt/hostedtoolcache/Python/3.12.8/x64/lib/python3.12/site-packages/selenium/webdriver/support/wait.py\", line 95, in until\n    raise TimeoutException(message, screen, stacktrace)\n",
      "steps" : [ {
        "name" : "Check url is present: https://brainup.site/groups",
        "time" : {
          "start" : 1735697527359,
          "stop" : 1735697567634,
          "duration" : 40275
        },
        "status" : "broken",
        "statusMessage" : "selenium.common.exceptions.TimeoutException: Message: Can't find element by locator https://brainup.site/groups\n\n",
        "statusTrace" : "  File \"/home/runner/work/auto-tests-python/auto-tests-python/pages/base_page.py\", line 72, in check_expected_link\n    return Wait(self.driver, self.timeout).until(\n           ^^^^^^^^^^^^^^^^^^^^^^^^^^^^^^^^^^^^^^\n  File \"/opt/hostedtoolcache/Python/3.12.8/x64/lib/python3.12/site-packages/selenium/webdriver/support/wait.py\", line 95, in until\n    raise TimeoutException(message, screen, stacktrace)\n",
        "steps" : [ ],
        "attachments" : [ ],
        "parameters" : [ ],
        "stepsCount" : 0,
        "attachmentsCount" : 0,
        "shouldDisplayMessage" : true,
        "hasContent" : true
      } ],
      "attachments" : [ ],
      "parameters" : [ {
        "name" : "driver",
        "value" : "<selenium.webdriver.chrome.webdriver.WebDriver (session=\"b745fc287a8c1eef1031ab2522256a03\")>"
      }, {
        "name" : "main_page_open",
        "value" : "None"
      } ],
      "stepsCount" : 1,
      "attachmentsCount" : 0,
      "shouldDisplayMessage" : false,
      "hasContent" : true
    } ],
    "attachments" : [ ],
    "parameters" : [ ],
    "stepsCount" : 2,
    "attachmentsCount" : 0,
    "shouldDisplayMessage" : false,
    "hasContent" : true
  }, {
    "name" : "main_page_open",
    "time" : {
      "start" : 1735697523721,
      "stop" : 1735697526939,
      "duration" : 3218
    },
    "status" : "passed",
    "steps" : [ {
      "name" : "Open page: https://brainup.site/",
      "time" : {
        "start" : 1735697523721,
        "stop" : 1735697526939,
        "duration" : 3218
      },
      "status" : "passed",
      "steps" : [ ],
      "attachments" : [ ],
      "parameters" : [ {
        "name" : "driver",
        "value" : "<selenium.webdriver.chrome.webdriver.WebDriver (session=\"b745fc287a8c1eef1031ab2522256a03\")>"
      } ],
      "stepsCount" : 0,
      "attachmentsCount" : 0,
      "shouldDisplayMessage" : false,
      "hasContent" : true
    } ],
    "attachments" : [ ],
    "parameters" : [ ],
    "stepsCount" : 1,
    "attachmentsCount" : 0,
    "shouldDisplayMessage" : false,
    "hasContent" : true
  }, {
    "name" : "driver",
    "time" : {
      "start" : 1735697522955,
      "stop" : 1735697523721,
      "duration" : 766
    },
    "status" : "passed",
    "steps" : [ ],
    "attachments" : [ ],
    "parameters" : [ ],
    "stepsCount" : 0,
    "attachmentsCount" : 0,
    "shouldDisplayMessage" : false,
    "hasContent" : false
  }, {
    "name" : "clear_allure_results_folder",
    "time" : {
      "start" : 1735696201096,
      "stop" : 1735696201096,
      "duration" : 0
    },
    "status" : "passed",
    "steps" : [ ],
    "attachments" : [ ],
    "parameters" : [ ],
    "stepsCount" : 0,
    "attachmentsCount" : 0,
    "shouldDisplayMessage" : false,
    "hasContent" : false
  } ],
  "afterStages" : [ {
    "name" : "driver::0",
    "time" : {
      "start" : 1735697567651,
      "stop" : 1735697567726,
      "duration" : 75
    },
    "status" : "passed",
    "steps" : [ ],
    "attachments" : [ ],
    "parameters" : [ ],
    "stepsCount" : 0,
    "attachmentsCount" : 0,
    "shouldDisplayMessage" : false,
    "hasContent" : false
  } ],
  "labels" : [ {
    "name" : "suite",
    "value" : "Speech exercises EN."
  }, {
    "name" : "epic",
    "value" : "Speech exercises."
  }, {
    "name" : "tag",
    "value" : "@pytest.mark.xfail"
  }, {
    "name" : "parentSuite",
    "value" : "tests"
  }, {
    "name" : "subSuite",
    "value" : "TestCardsEN"
  }, {
    "name" : "host",
    "value" : "fv-az2029-412"
  }, {
    "name" : "thread",
    "value" : "2413-MainThread"
  }, {
    "name" : "framework",
    "value" : "pytest"
  }, {
    "name" : "language",
    "value" : "cpython3"
  }, {
    "name" : "package",
    "value" : "tests.test_speech_exercises_en"
  }, {
    "name" : "resultFormat",
    "value" : "allure2"
  } ],
  "parameters" : [ ],
  "links" : [ ],
  "hidden" : false,
  "retry" : false,
  "extra" : {
    "severity" : "normal",
    "retries" : [ ],
    "categories" : [ ],
    "history" : {
      "statistic" : {
        "failed" : 0,
        "broken" : 0,
        "skipped" : 18,
        "passed" : 69,
        "unknown" : 0,
        "total" : 87
      },
      "items" : [ {
        "uid" : "bce8fe3e46d7772b",
        "reportUrl" : "https://lambotik.github.io/auto-tests-python/140//#testresult/bce8fe3e46d7772b",
        "status" : "skipped",
        "statusDetails" : "XFAIL\n\nselenium.common.exceptions.TimeoutException: Message: Can't find element by locator https://brainup.site/groups",
        "time" : {
          "start" : 1735610814369,
          "stop" : 1735610814369,
          "duration" : 0
        }
      }, {
        "uid" : "61432b17e8c6af3",
        "reportUrl" : "https://lambotik.github.io/auto-tests-python/139//#testresult/61432b17e8c6af3",
        "status" : "skipped",
        "statusDetails" : "XFAIL\n\nselenium.common.exceptions.TimeoutException: Message: Can't find element by locator https://brainup.site/groups",
        "time" : {
          "start" : 1735524509681,
          "stop" : 1735524509681,
          "duration" : 0
        }
      }, {
        "uid" : "2b26e9dcc03134c0",
        "reportUrl" : "https://lambotik.github.io/auto-tests-python/138//#testresult/2b26e9dcc03134c0",
        "status" : "skipped",
        "statusDetails" : "XFAIL\n\nselenium.common.exceptions.TimeoutException: Message: Can't find element by locator https://brainup.site/groups",
        "time" : {
          "start" : 1735438371625,
          "stop" : 1735438371625,
          "duration" : 0
        }
      }, {
        "uid" : "4a7fed6ed1388dc6",
        "reportUrl" : "https://lambotik.github.io/auto-tests-python/137//#testresult/4a7fed6ed1388dc6",
        "status" : "skipped",
        "statusDetails" : "XFAIL\n\nselenium.common.exceptions.TimeoutException: Message: Can't find element by locator https://brainup.site/groups",
        "time" : {
          "start" : 1735351341655,
          "stop" : 1735351341655,
          "duration" : 0
        }
      }, {
        "uid" : "285de1ddb51adeed",
        "reportUrl" : "https://lambotik.github.io/auto-tests-python/136//#testresult/285de1ddb51adeed",
        "status" : "skipped",
        "statusDetails" : "XFAIL\n\nselenium.common.exceptions.TimeoutException: Message: Can't find element by locator https://brainup.site/groups",
        "time" : {
          "start" : 1735265248715,
          "stop" : 1735265248715,
          "duration" : 0
        }
      }, {
        "uid" : "36998a2fc2011676",
        "reportUrl" : "https://lambotik.github.io/auto-tests-python/81//#testresult/36998a2fc2011676",
        "status" : "passed",
        "statusDetails" : "XPASS",
        "time" : {
          "start" : 1730512267493,
          "stop" : 1730512275779,
          "duration" : 8286
        }
      }, {
        "uid" : "9a041e7e42521793",
        "reportUrl" : "https://lambotik.github.io/auto-tests-python/80//#testresult/9a041e7e42521793",
        "status" : "passed",
        "statusDetails" : "XPASS",
        "time" : {
          "start" : 1730426442600,
          "stop" : 1730426450865,
          "duration" : 8265
        }
      }, {
        "uid" : "466c46a0dc7264f4",
        "reportUrl" : "https://lambotik.github.io/auto-tests-python/79//#testresult/466c46a0dc7264f4",
        "status" : "passed",
        "statusDetails" : "XPASS",
        "time" : {
          "start" : 1730339672011,
          "stop" : 1730339680160,
          "duration" : 8149
        }
      }, {
        "uid" : "49bd5bd861957420",
        "reportUrl" : "https://lambotik.github.io/auto-tests-python/78//#testresult/49bd5bd861957420",
        "status" : "passed",
        "statusDetails" : "XPASS",
        "time" : {
          "start" : 1730253181488,
          "stop" : 1730253190685,
          "duration" : 9197
        }
      }, {
        "uid" : "6069e6909bc3c8ca",
        "reportUrl" : "https://lambotik.github.io/auto-tests-python/77//#testresult/6069e6909bc3c8ca",
        "status" : "passed",
        "statusDetails" : "XPASS",
        "time" : {
          "start" : 1730166895429,
          "stop" : 1730166904797,
          "duration" : 9368
        }
      }, {
        "uid" : "41e08cd097247d89",
        "reportUrl" : "https://lambotik.github.io/auto-tests-python/76//#testresult/41e08cd097247d89",
        "status" : "passed",
        "statusDetails" : "XPASS",
        "time" : {
          "start" : 1730080633528,
          "stop" : 1730080642307,
          "duration" : 8779
        }
      }, {
        "uid" : "8a4feaeccae25016",
        "reportUrl" : "https://lambotik.github.io/auto-tests-python/75//#testresult/8a4feaeccae25016",
        "status" : "passed",
        "statusDetails" : "XPASS",
        "time" : {
          "start" : 1729994417453,
          "stop" : 1729994427380,
          "duration" : 9927
        }
      }, {
        "uid" : "4c3c0415b38a9a8b",
        "reportUrl" : "https://lambotik.github.io/auto-tests-python/74//#testresult/4c3c0415b38a9a8b",
        "status" : "passed",
        "statusDetails" : "XPASS",
        "time" : {
          "start" : 1729907350647,
          "stop" : 1729907359276,
          "duration" : 8629
        }
      }, {
        "uid" : "d4443e02f49a41e6",
        "reportUrl" : "https://lambotik.github.io/auto-tests-python/73//#testresult/d4443e02f49a41e6",
        "status" : "passed",
        "statusDetails" : "XPASS",
        "time" : {
          "start" : 1729821169073,
          "stop" : 1729821177699,
          "duration" : 8626
        }
      }, {
        "uid" : "5cb16fd5c9ee897a",
        "reportUrl" : "https://lambotik.github.io/auto-tests-python/72//#testresult/5cb16fd5c9ee897a",
        "status" : "passed",
        "statusDetails" : "XPASS",
        "time" : {
          "start" : 1729734700299,
          "stop" : 1729734709106,
          "duration" : 8807
        }
      }, {
        "uid" : "544b4ec4150cd697",
        "reportUrl" : "https://lambotik.github.io/auto-tests-python/71//#testresult/544b4ec4150cd697",
        "status" : "passed",
        "statusDetails" : "XPASS",
        "time" : {
          "start" : 1729648445531,
          "stop" : 1729648455282,
          "duration" : 9751
        }
      }, {
        "uid" : "1f17c59a3fe4fb2e",
        "reportUrl" : "https://lambotik.github.io/auto-tests-python/70//#testresult/1f17c59a3fe4fb2e",
        "status" : "passed",
        "statusDetails" : "XPASS",
        "time" : {
          "start" : 1729562137216,
          "stop" : 1729562146886,
          "duration" : 9670
        }
      }, {
        "uid" : "3319c3b2f27d9a82",
        "reportUrl" : "https://lambotik.github.io/auto-tests-python/69//#testresult/3319c3b2f27d9a82",
        "status" : "passed",
        "statusDetails" : "XPASS",
        "time" : {
          "start" : 1729475804745,
          "stop" : 1729475814347,
          "duration" : 9602
        }
      }, {
        "uid" : "1b94f668b0232bb2",
        "reportUrl" : "https://lambotik.github.io/auto-tests-python/68//#testresult/1b94f668b0232bb2",
        "status" : "passed",
        "statusDetails" : "XPASS",
        "time" : {
          "start" : 1729389607891,
          "stop" : 1729389616655,
          "duration" : 8764
        }
      }, {
        "uid" : "837dfbf85dca52e1",
        "reportUrl" : "https://lambotik.github.io/auto-tests-python/67//#testresult/837dfbf85dca52e1",
        "status" : "passed",
        "statusDetails" : "XPASS",
        "time" : {
          "start" : 1729302654754,
          "stop" : 1729302663625,
          "duration" : 8871
        }
      } ]
    },
    "tags" : [ "@pytest.mark.xfail" ]
  },
  "source" : "c3aaf8a2ae685d70.json",
  "parameterValues" : [ ]
}