{
  "uid" : "b5b3919bb5c3b9bc",
  "name" : "Verify redirection to used resources page not authorized user.",
  "fullName" : "tests.description_page_test.TestDescriptionPage#test_dp_08_verify_redirection_to_used_resources_page",
  "historyId" : "c1c36a26aa876dfcc2dfa61127700bb6",
  "time" : {
    "start" : 1736991955294,
    "stop" : 1736991995780,
    "duration" : 40486
  },
  "status" : "broken",
  "statusMessage" : "selenium.common.exceptions.TimeoutException: Message: Can't find element by locator https://brainup.site/used-resources",
  "statusTrace" : "self = <pages.description_page.DescriptionPage object at 0x7fe2223bdb50>\nurl = 'https://brainup.site/used-resources'\n\n    def check_expected_link(self, url):\n        with allure.step(f'Check url is present: {url}'):\n            try:\n>               return Wait(self.driver, self.timeout).until(\n                    ec.url_to_be(url), message=f\"Can't find element by locator {url}\")\n\npages/base_page.py:68: \n_ _ _ _ _ _ _ _ _ _ _ _ _ _ _ _ _ _ _ _ _ _ _ _ _ _ _ _ _ _ _ _ _ _ _ _ _ _ _ _ \n\nself = <selenium.webdriver.support.wait.WebDriverWait (session=\"c6ae5d479c00fecce59a32a5aedb4611\")>\nmethod = <function url_to_be.<locals>._predicate at 0x7fe22223d760>\nmessage = \"Can't find element by locator https://brainup.site/used-resources\"\n\n    def until(self, method, message: str = \"\"):\n        \"\"\"Calls the method provided with the driver as an argument until the \\\n        return value does not evaluate to ``False``.\n    \n        :param method: callable(WebDriver)\n        :param message: optional message for :exc:`TimeoutException`\n        :returns: the result of the last call to `method`\n        :raises: :exc:`selenium.common.exceptions.TimeoutException` if timeout occurs\n        \"\"\"\n        screen = None\n        stacktrace = None\n    \n        end_time = time.monotonic() + self._timeout\n        while True:\n            try:\n                value = method(self._driver)\n                if value:\n                    return value\n            except self._ignored_exceptions as exc:\n                screen = getattr(exc, \"screen\", None)\n                stacktrace = getattr(exc, \"stacktrace\", None)\n            time.sleep(self._poll)\n            if time.monotonic() > end_time:\n                break\n>       raise TimeoutException(message, screen, stacktrace)\nE       selenium.common.exceptions.TimeoutException: Message: Can't find element by locator https://brainup.site/used-resources\n\n/opt/hostedtoolcache/Python/3.12.8/x64/lib/python3.12/site-packages/selenium/webdriver/support/wait.py:95: TimeoutException\n\nDuring handling of the above exception, another exception occurred:\n\nself = <tests.description_page_test.TestDescriptionPage object at 0x7fe2228f8c50>\ndriver = <selenium.webdriver.chrome.webdriver.WebDriver (session=\"c6ae5d479c00fecce59a32a5aedb4611\")>\nmain_page_open = None\n\n    @allure.title(\"Verify redirection to used resources page not authorized user.\")\n    def test_dp_08_verify_redirection_to_used_resources_page(self, driver, main_page_open):\n        page = DescriptionPage(driver)\n>       resources_page_url = page.transition_used_resources_page()\n\ntests/description_page_test.py:54: \n_ _ _ _ _ _ _ _ _ _ _ _ _ _ _ _ _ _ _ _ _ _ _ _ _ _ _ _ _ _ _ _ _ _ _ _ _ _ _ _ \npages/description_page.py:65: in transition_used_resources_page\n    self.check_expected_link(MainPageLinks.URL_USED_RESOURCES_PAGE)\npages/base_page.py:72: in check_expected_link\n    return Wait(self.driver, self.timeout).until(\n_ _ _ _ _ _ _ _ _ _ _ _ _ _ _ _ _ _ _ _ _ _ _ _ _ _ _ _ _ _ _ _ _ _ _ _ _ _ _ _ \n\nself = <selenium.webdriver.support.wait.WebDriverWait (session=\"c6ae5d479c00fecce59a32a5aedb4611\")>\nmethod = <function url_to_be.<locals>._predicate at 0x7fe22223d800>\nmessage = \"Can't find element by locator https://brainup.site/used-resources\"\n\n    def until(self, method, message: str = \"\"):\n        \"\"\"Calls the method provided with the driver as an argument until the \\\n        return value does not evaluate to ``False``.\n    \n        :param method: callable(WebDriver)\n        :param message: optional message for :exc:`TimeoutException`\n        :returns: the result of the last call to `method`\n        :raises: :exc:`selenium.common.exceptions.TimeoutException` if timeout occurs\n        \"\"\"\n        screen = None\n        stacktrace = None\n    \n        end_time = time.monotonic() + self._timeout\n        while True:\n            try:\n                value = method(self._driver)\n                if value:\n                    return value\n            except self._ignored_exceptions as exc:\n                screen = getattr(exc, \"screen\", None)\n                stacktrace = getattr(exc, \"stacktrace\", None)\n            time.sleep(self._poll)\n            if time.monotonic() > end_time:\n                break\n>       raise TimeoutException(message, screen, stacktrace)\nE       selenium.common.exceptions.TimeoutException: Message: Can't find element by locator https://brainup.site/used-resources\n\n/opt/hostedtoolcache/Python/3.12.8/x64/lib/python3.12/site-packages/selenium/webdriver/support/wait.py:95: TimeoutException",
  "flaky" : false,
  "newFailed" : false,
  "beforeStages" : [ {
    "name" : "main_page_open",
    "time" : {
      "start" : 1736991950813,
      "stop" : 1736991955293,
      "duration" : 4480
    },
    "status" : "passed",
    "steps" : [ {
      "name" : "Open page: https://brainup.site/",
      "time" : {
        "start" : 1736991950813,
        "stop" : 1736991955293,
        "duration" : 4480
      },
      "status" : "passed",
      "steps" : [ ],
      "attachments" : [ ],
      "parameters" : [ {
        "name" : "driver",
        "value" : "<selenium.webdriver.chrome.webdriver.WebDriver (session=\"c6ae5d479c00fecce59a32a5aedb4611\")>"
      } ],
      "stepsCount" : 0,
      "attachmentsCount" : 0,
      "shouldDisplayMessage" : false,
      "hasContent" : true
    } ],
    "attachments" : [ ],
    "parameters" : [ ],
    "stepsCount" : 1,
    "attachmentsCount" : 0,
    "shouldDisplayMessage" : false,
    "hasContent" : true
  }, {
    "name" : "clear_allure_results_folder",
    "time" : {
      "start" : 1736991584919,
      "stop" : 1736991584919,
      "duration" : 0
    },
    "status" : "passed",
    "steps" : [ ],
    "attachments" : [ ],
    "parameters" : [ ],
    "stepsCount" : 0,
    "attachmentsCount" : 0,
    "shouldDisplayMessage" : false,
    "hasContent" : false
  }, {
    "name" : "driver",
    "time" : {
      "start" : 1736991950052,
      "stop" : 1736991950813,
      "duration" : 761
    },
    "status" : "passed",
    "steps" : [ ],
    "attachments" : [ ],
    "parameters" : [ ],
    "stepsCount" : 0,
    "attachmentsCount" : 0,
    "shouldDisplayMessage" : false,
    "hasContent" : false
  } ],
  "testStage" : {
    "status" : "broken",
    "statusMessage" : "selenium.common.exceptions.TimeoutException: Message: Can't find element by locator https://brainup.site/used-resources",
    "statusTrace" : "self = <pages.description_page.DescriptionPage object at 0x7fe2223bdb50>\nurl = 'https://brainup.site/used-resources'\n\n    def check_expected_link(self, url):\n        with allure.step(f'Check url is present: {url}'):\n            try:\n>               return Wait(self.driver, self.timeout).until(\n                    ec.url_to_be(url), message=f\"Can't find element by locator {url}\")\n\npages/base_page.py:68: \n_ _ _ _ _ _ _ _ _ _ _ _ _ _ _ _ _ _ _ _ _ _ _ _ _ _ _ _ _ _ _ _ _ _ _ _ _ _ _ _ \n\nself = <selenium.webdriver.support.wait.WebDriverWait (session=\"c6ae5d479c00fecce59a32a5aedb4611\")>\nmethod = <function url_to_be.<locals>._predicate at 0x7fe22223d760>\nmessage = \"Can't find element by locator https://brainup.site/used-resources\"\n\n    def until(self, method, message: str = \"\"):\n        \"\"\"Calls the method provided with the driver as an argument until the \\\n        return value does not evaluate to ``False``.\n    \n        :param method: callable(WebDriver)\n        :param message: optional message for :exc:`TimeoutException`\n        :returns: the result of the last call to `method`\n        :raises: :exc:`selenium.common.exceptions.TimeoutException` if timeout occurs\n        \"\"\"\n        screen = None\n        stacktrace = None\n    \n        end_time = time.monotonic() + self._timeout\n        while True:\n            try:\n                value = method(self._driver)\n                if value:\n                    return value\n            except self._ignored_exceptions as exc:\n                screen = getattr(exc, \"screen\", None)\n                stacktrace = getattr(exc, \"stacktrace\", None)\n            time.sleep(self._poll)\n            if time.monotonic() > end_time:\n                break\n>       raise TimeoutException(message, screen, stacktrace)\nE       selenium.common.exceptions.TimeoutException: Message: Can't find element by locator https://brainup.site/used-resources\n\n/opt/hostedtoolcache/Python/3.12.8/x64/lib/python3.12/site-packages/selenium/webdriver/support/wait.py:95: TimeoutException\n\nDuring handling of the above exception, another exception occurred:\n\nself = <tests.description_page_test.TestDescriptionPage object at 0x7fe2228f8c50>\ndriver = <selenium.webdriver.chrome.webdriver.WebDriver (session=\"c6ae5d479c00fecce59a32a5aedb4611\")>\nmain_page_open = None\n\n    @allure.title(\"Verify redirection to used resources page not authorized user.\")\n    def test_dp_08_verify_redirection_to_used_resources_page(self, driver, main_page_open):\n        page = DescriptionPage(driver)\n>       resources_page_url = page.transition_used_resources_page()\n\ntests/description_page_test.py:54: \n_ _ _ _ _ _ _ _ _ _ _ _ _ _ _ _ _ _ _ _ _ _ _ _ _ _ _ _ _ _ _ _ _ _ _ _ _ _ _ _ \npages/description_page.py:65: in transition_used_resources_page\n    self.check_expected_link(MainPageLinks.URL_USED_RESOURCES_PAGE)\npages/base_page.py:72: in check_expected_link\n    return Wait(self.driver, self.timeout).until(\n_ _ _ _ _ _ _ _ _ _ _ _ _ _ _ _ _ _ _ _ _ _ _ _ _ _ _ _ _ _ _ _ _ _ _ _ _ _ _ _ \n\nself = <selenium.webdriver.support.wait.WebDriverWait (session=\"c6ae5d479c00fecce59a32a5aedb4611\")>\nmethod = <function url_to_be.<locals>._predicate at 0x7fe22223d800>\nmessage = \"Can't find element by locator https://brainup.site/used-resources\"\n\n    def until(self, method, message: str = \"\"):\n        \"\"\"Calls the method provided with the driver as an argument until the \\\n        return value does not evaluate to ``False``.\n    \n        :param method: callable(WebDriver)\n        :param message: optional message for :exc:`TimeoutException`\n        :returns: the result of the last call to `method`\n        :raises: :exc:`selenium.common.exceptions.TimeoutException` if timeout occurs\n        \"\"\"\n        screen = None\n        stacktrace = None\n    \n        end_time = time.monotonic() + self._timeout\n        while True:\n            try:\n                value = method(self._driver)\n                if value:\n                    return value\n            except self._ignored_exceptions as exc:\n                screen = getattr(exc, \"screen\", None)\n                stacktrace = getattr(exc, \"stacktrace\", None)\n            time.sleep(self._poll)\n            if time.monotonic() > end_time:\n                break\n>       raise TimeoutException(message, screen, stacktrace)\nE       selenium.common.exceptions.TimeoutException: Message: Can't find element by locator https://brainup.site/used-resources\n\n/opt/hostedtoolcache/Python/3.12.8/x64/lib/python3.12/site-packages/selenium/webdriver/support/wait.py:95: TimeoutException",
    "steps" : [ {
      "name" : "Open used resources page",
      "time" : {
        "start" : 1736991955294,
        "stop" : 1736991995780,
        "duration" : 40486
      },
      "status" : "broken",
      "statusMessage" : "selenium.common.exceptions.TimeoutException: Message: Can't find element by locator https://brainup.site/used-resources\n\n",
      "statusTrace" : "  File \"/opt/hostedtoolcache/Python/3.12.8/x64/lib/python3.12/site-packages/allure_commons/_allure.py\", line 192, in impl\n    return func(*a, **kw)\n           ^^^^^^^^^^^^^^\n  File \"/home/runner/work/auto-tests-python/auto-tests-python/pages/description_page.py\", line 65, in transition_used_resources_page\n    self.check_expected_link(MainPageLinks.URL_USED_RESOURCES_PAGE)\n  File \"/home/runner/work/auto-tests-python/auto-tests-python/pages/base_page.py\", line 72, in check_expected_link\n    return Wait(self.driver, self.timeout).until(\n           ^^^^^^^^^^^^^^^^^^^^^^^^^^^^^^^^^^^^^^\n  File \"/opt/hostedtoolcache/Python/3.12.8/x64/lib/python3.12/site-packages/selenium/webdriver/support/wait.py\", line 95, in until\n    raise TimeoutException(message, screen, stacktrace)\n",
      "steps" : [ {
        "name" : "Check url is present: https://brainup.site/used-resources",
        "time" : {
          "start" : 1736991955503,
          "stop" : 1736991995779,
          "duration" : 40276
        },
        "status" : "broken",
        "statusMessage" : "selenium.common.exceptions.TimeoutException: Message: Can't find element by locator https://brainup.site/used-resources\n\n",
        "statusTrace" : "  File \"/home/runner/work/auto-tests-python/auto-tests-python/pages/base_page.py\", line 72, in check_expected_link\n    return Wait(self.driver, self.timeout).until(\n           ^^^^^^^^^^^^^^^^^^^^^^^^^^^^^^^^^^^^^^\n  File \"/opt/hostedtoolcache/Python/3.12.8/x64/lib/python3.12/site-packages/selenium/webdriver/support/wait.py\", line 95, in until\n    raise TimeoutException(message, screen, stacktrace)\n",
        "steps" : [ ],
        "attachments" : [ ],
        "parameters" : [ ],
        "stepsCount" : 0,
        "attachmentsCount" : 0,
        "shouldDisplayMessage" : true,
        "hasContent" : true
      } ],
      "attachments" : [ ],
      "parameters" : [ ],
      "stepsCount" : 1,
      "attachmentsCount" : 0,
      "shouldDisplayMessage" : false,
      "hasContent" : true
    } ],
    "attachments" : [ {
      "uid" : "25291abe83665474",
      "name" : "Screenshot 2025-01-16 01:46:35.876699",
      "source" : "25291abe83665474.png",
      "type" : "image/png",
      "size" : 58734
    } ],
    "parameters" : [ ],
    "stepsCount" : 2,
    "attachmentsCount" : 1,
    "shouldDisplayMessage" : true,
    "hasContent" : true
  },
  "afterStages" : [ {
    "name" : "driver::0",
    "time" : {
      "start" : 1736991995878,
      "stop" : 1736991995948,
      "duration" : 70
    },
    "status" : "passed",
    "steps" : [ ],
    "attachments" : [ ],
    "parameters" : [ ],
    "stepsCount" : 0,
    "attachmentsCount" : 0,
    "shouldDisplayMessage" : false,
    "hasContent" : false
  } ],
  "labels" : [ {
    "name" : "epic",
    "value" : "Description Page."
  }, {
    "name" : "parentSuite",
    "value" : "tests"
  }, {
    "name" : "suite",
    "value" : "description_page_test"
  }, {
    "name" : "subSuite",
    "value" : "TestDescriptionPage"
  }, {
    "name" : "host",
    "value" : "fv-az1048-763"
  }, {
    "name" : "thread",
    "value" : "2463-MainThread"
  }, {
    "name" : "framework",
    "value" : "pytest"
  }, {
    "name" : "language",
    "value" : "cpython3"
  }, {
    "name" : "package",
    "value" : "tests.description_page_test"
  }, {
    "name" : "resultFormat",
    "value" : "allure2"
  } ],
  "parameters" : [ ],
  "links" : [ ],
  "hidden" : false,
  "retry" : false,
  "extra" : {
    "severity" : "normal",
    "retries" : [ ],
    "categories" : [ {
      "name" : "Test defects",
      "matchedStatuses" : [ ],
      "flaky" : false
    } ],
    "history" : {
      "statistic" : {
        "failed" : 0,
        "broken" : 24,
        "skipped" : 0,
        "passed" : 78,
        "unknown" : 0,
        "total" : 102
      },
      "items" : [ {
        "uid" : "360237099b528365",
        "reportUrl" : "https://lambotik.github.io/auto-tests-python/155//#testresult/360237099b528365",
        "status" : "broken",
        "statusDetails" : "selenium.common.exceptions.TimeoutException: Message: Can't find element by locator https://brainup.site/used-resources",
        "time" : {
          "start" : 1736905565159,
          "stop" : 1736905605617,
          "duration" : 40458
        }
      }, {
        "uid" : "8cc68ade3c7bf16",
        "reportUrl" : "https://lambotik.github.io/auto-tests-python/154//#testresult/8cc68ade3c7bf16",
        "status" : "broken",
        "statusDetails" : "selenium.common.exceptions.TimeoutException: Message: Can't find element by locator https://brainup.site/used-resources",
        "time" : {
          "start" : 1736819099146,
          "stop" : 1736819139599,
          "duration" : 40453
        }
      }, {
        "uid" : "273795c24b0d9dd0",
        "reportUrl" : "https://lambotik.github.io/auto-tests-python/153//#testresult/273795c24b0d9dd0",
        "status" : "broken",
        "statusDetails" : "selenium.common.exceptions.TimeoutException: Message: Can't find element by locator https://brainup.site/used-resources",
        "time" : {
          "start" : 1736733201830,
          "stop" : 1736733242319,
          "duration" : 40489
        }
      }, {
        "uid" : "32ba60e58c661293",
        "reportUrl" : "https://lambotik.github.io/auto-tests-python/152//#testresult/32ba60e58c661293",
        "status" : "broken",
        "statusDetails" : "selenium.common.exceptions.TimeoutException: Message: Can't find element by locator https://brainup.site/used-resources",
        "time" : {
          "start" : 1736647056956,
          "stop" : 1736647097398,
          "duration" : 40442
        }
      }, {
        "uid" : "c35e95c66749f05a",
        "reportUrl" : "https://lambotik.github.io/auto-tests-python/151//#testresult/c35e95c66749f05a",
        "status" : "broken",
        "statusDetails" : "selenium.common.exceptions.TimeoutException: Message: Can't find element by locator https://brainup.site/used-resources",
        "time" : {
          "start" : 1736560120952,
          "stop" : 1736560161430,
          "duration" : 40478
        }
      }, {
        "uid" : "4151ed7f382bf2ef",
        "reportUrl" : "https://lambotik.github.io/auto-tests-python/150//#testresult/4151ed7f382bf2ef",
        "status" : "broken",
        "statusDetails" : "selenium.common.exceptions.TimeoutException: Message: Can't find element by locator https://brainup.site/used-resources",
        "time" : {
          "start" : 1736473851993,
          "stop" : 1736473892461,
          "duration" : 40468
        }
      }, {
        "uid" : "45967b88f76539be",
        "reportUrl" : "https://lambotik.github.io/auto-tests-python/149//#testresult/45967b88f76539be",
        "status" : "broken",
        "statusDetails" : "selenium.common.exceptions.TimeoutException: Message: Can't find element by locator https://brainup.site/used-resources",
        "time" : {
          "start" : 1736388924570,
          "stop" : 1736388965058,
          "duration" : 40488
        }
      }, {
        "uid" : "dc3e82a36946db34",
        "reportUrl" : "https://lambotik.github.io/auto-tests-python/148//#testresult/dc3e82a36946db34",
        "status" : "broken",
        "statusDetails" : "selenium.common.exceptions.TimeoutException: Message: Can't find element by locator https://brainup.site/used-resources",
        "time" : {
          "start" : 1736300935264,
          "stop" : 1736300975681,
          "duration" : 40417
        }
      }, {
        "uid" : "b4451c35a23da26e",
        "reportUrl" : "https://lambotik.github.io/auto-tests-python/147//#testresult/b4451c35a23da26e",
        "status" : "broken",
        "statusDetails" : "selenium.common.exceptions.TimeoutException: Message: Can't find element by locator https://brainup.site/used-resources",
        "time" : {
          "start" : 1736214547591,
          "stop" : 1736214588064,
          "duration" : 40473
        }
      }, {
        "uid" : "95bef8ccd6b23ec5",
        "reportUrl" : "https://lambotik.github.io/auto-tests-python/146//#testresult/95bef8ccd6b23ec5",
        "status" : "broken",
        "statusDetails" : "selenium.common.exceptions.TimeoutException: Message: Can't find element by locator https://brainup.site/used-resources",
        "time" : {
          "start" : 1736128367034,
          "stop" : 1736128407537,
          "duration" : 40503
        }
      }, {
        "uid" : "f7762dfbcb9e5287",
        "reportUrl" : "https://lambotik.github.io/auto-tests-python/145//#testresult/f7762dfbcb9e5287",
        "status" : "broken",
        "statusDetails" : "selenium.common.exceptions.TimeoutException: Message: Can't find element by locator https://brainup.site/used-resources",
        "time" : {
          "start" : 1736042101276,
          "stop" : 1736042141738,
          "duration" : 40462
        }
      }, {
        "uid" : "3e5d397462d9b934",
        "reportUrl" : "https://lambotik.github.io/auto-tests-python/144//#testresult/3e5d397462d9b934",
        "status" : "broken",
        "statusDetails" : "selenium.common.exceptions.TimeoutException: Message: Can't find element by locator https://brainup.site/used-resources",
        "time" : {
          "start" : 1735955210856,
          "stop" : 1735955251294,
          "duration" : 40438
        }
      }, {
        "uid" : "d88d8e21d3e91e53",
        "reportUrl" : "https://lambotik.github.io/auto-tests-python/143//#testresult/d88d8e21d3e91e53",
        "status" : "broken",
        "statusDetails" : "selenium.common.exceptions.TimeoutException: Message: Can't find element by locator https://brainup.site/used-resources",
        "time" : {
          "start" : 1735868914443,
          "stop" : 1735868954912,
          "duration" : 40469
        }
      }, {
        "uid" : "5f72f3a54d439d3",
        "reportUrl" : "https://lambotik.github.io/auto-tests-python/142//#testresult/5f72f3a54d439d3",
        "status" : "broken",
        "statusDetails" : "selenium.common.exceptions.TimeoutException: Message: Can't find element by locator https://brainup.site/used-resources",
        "time" : {
          "start" : 1735782462018,
          "stop" : 1735782502475,
          "duration" : 40457
        }
      }, {
        "uid" : "c5a429b262572801",
        "reportUrl" : "https://lambotik.github.io/auto-tests-python/141//#testresult/c5a429b262572801",
        "status" : "broken",
        "statusDetails" : "selenium.common.exceptions.TimeoutException: Message: Can't find element by locator https://brainup.site/used-resources",
        "time" : {
          "start" : 1735696528180,
          "stop" : 1735696568635,
          "duration" : 40455
        }
      }, {
        "uid" : "c54c09017680ee02",
        "reportUrl" : "https://lambotik.github.io/auto-tests-python/140//#testresult/c54c09017680ee02",
        "status" : "broken",
        "statusDetails" : "selenium.common.exceptions.TimeoutException: Message: Can't find element by locator https://brainup.site/used-resources",
        "time" : {
          "start" : 1735609700194,
          "stop" : 1735609740678,
          "duration" : 40484
        }
      }, {
        "uid" : "b02d4e9bc1b58e28",
        "reportUrl" : "https://lambotik.github.io/auto-tests-python/139//#testresult/b02d4e9bc1b58e28",
        "status" : "broken",
        "statusDetails" : "selenium.common.exceptions.TimeoutException: Message: Can't find element by locator https://brainup.site/used-resources",
        "time" : {
          "start" : 1735523482380,
          "stop" : 1735523522828,
          "duration" : 40448
        }
      }, {
        "uid" : "b096297a4c9cb38f",
        "reportUrl" : "https://lambotik.github.io/auto-tests-python/138//#testresult/b096297a4c9cb38f",
        "status" : "broken",
        "statusDetails" : "selenium.common.exceptions.TimeoutException: Message: Can't find element by locator https://brainup.site/used-resources",
        "time" : {
          "start" : 1735437369198,
          "stop" : 1735437409655,
          "duration" : 40457
        }
      }, {
        "uid" : "9d51ed05d528ce63",
        "reportUrl" : "https://lambotik.github.io/auto-tests-python/137//#testresult/9d51ed05d528ce63",
        "status" : "broken",
        "statusDetails" : "selenium.common.exceptions.TimeoutException: Message: Can't find element by locator https://brainup.site/used-resources",
        "time" : {
          "start" : 1735350348316,
          "stop" : 1735350388754,
          "duration" : 40438
        }
      }, {
        "uid" : "514521f3e839f94",
        "reportUrl" : "https://lambotik.github.io/auto-tests-python/136//#testresult/514521f3e839f94",
        "status" : "broken",
        "statusDetails" : "selenium.common.exceptions.TimeoutException: Message: Can't find element by locator https://brainup.site/used-resources",
        "time" : {
          "start" : 1735264139239,
          "stop" : 1735264179686,
          "duration" : 40447
        }
      } ]
    },
    "tags" : [ ]
  },
  "source" : "b5b3919bb5c3b9bc.json",
  "parameterValues" : [ ]
}