{
  "uid" : "5b65c495b7a5b72e",
  "name" : "Verify text in the 'Login' link in the section 1",
  "fullName" : "tests.start_unauthorized_page_test.TestStartUnauthorizedPageText#test_su_02_04_verify_text_in_links",
  "historyId" : "2177faf98b2c4547520de14e3dd5f839",
  "time" : {
    "start" : 1728784226680,
    "stop" : 1728784226680,
    "duration" : 0
  },
  "status" : "broken",
  "statusMessage" : "selenium.common.exceptions.WebDriverException: Message: unknown error: net::ERR_CONNECTION_REFUSED\n  (Session info: chrome=129.0.6668.89)\nStacktrace:\n#0 0x562df852e02a <unknown>\n#1 0x562df82145e0 <unknown>\n#2 0x562df820c7eb <unknown>\n#3 0x562df81fca09 <unknown>\n#4 0x562df81fe744 <unknown>\n#5 0x562df81fccbd <unknown>\n#6 0x562df81fc52f <unknown>\n#7 0x562df81fc422 <unknown>\n#8 0x562df81fa493 <unknown>\n#9 0x562df81faada <unknown>\n#10 0x562df8216f41 <unknown>\n#11 0x562df82a88c5 <unknown>\n#12 0x562df8288b22 <unknown>\n#13 0x562df82a7d7d <unknown>\n#14 0x562df82888c3 <unknown>\n#15 0x562df82566b3 <unknown>\n#16 0x562df825768e <unknown>\n#17 0x562df84f8a2b <unknown>\n#18 0x562df84fc9b1 <unknown>\n#19 0x562df84e5225 <unknown>\n#20 0x562df84fd532 <unknown>\n#21 0x562df84ca38f <unknown>\n#22 0x562df851cf28 <unknown>\n#23 0x562df851d0f3 <unknown>\n#24 0x562df852ce7c <unknown>\n#25 0x7fd929e94ac3 <unknown>",
  "statusTrace" : "driver = <selenium.webdriver.chrome.webdriver.WebDriver (session=\"cb8a0eeeba71463acf2c5af3eddf34f2\")>\n\n    @pytest.fixture()\n    @allure.step(f'Open page: {MainPageLinks.URL_MAIN_PAGE}')\n    def main_page_open(driver):\n>       driver.get(MainPageLinks.URL_MAIN_PAGE)\n\ntests/conftest.py:22: \n_ _ _ _ _ _ _ _ _ _ _ _ _ _ _ _ _ _ _ _ _ _ _ _ _ _ _ _ _ _ _ _ _ _ _ _ _ _ _ _ \n/opt/hostedtoolcache/Python/3.12.7/x64/lib/python3.12/site-packages/selenium/webdriver/remote/webdriver.py:353: in get\n    self.execute(Command.GET, {\"url\": url})\n/opt/hostedtoolcache/Python/3.12.7/x64/lib/python3.12/site-packages/selenium/webdriver/remote/webdriver.py:344: in execute\n    self.error_handler.check_response(response)\n_ _ _ _ _ _ _ _ _ _ _ _ _ _ _ _ _ _ _ _ _ _ _ _ _ _ _ _ _ _ _ _ _ _ _ _ _ _ _ _ \n\nself = <selenium.webdriver.remote.errorhandler.ErrorHandler object at 0x7faf1f7df230>\nresponse = {'status': 500, 'value': '{\"value\":{\"error\":\"unknown error\",\"message\":\"unknown error: net::ERR_CONNECTION_REFUSED\\\\n  ...\\\\n#23 0x562df851d0f3 \\\\u003Cunknown>\\\\n#24 0x562df852ce7c \\\\u003Cunknown>\\\\n#25 0x7fd929e94ac3 \\\\u003Cunknown>\\\\n\"}}'}\n\n    def check_response(self, response: Dict[str, Any]) -> None:\n        \"\"\"Checks that a JSON response from the WebDriver does not have an\n        error.\n    \n        :Args:\n         - response - The JSON response from the WebDriver server as a dictionary\n           object.\n    \n        :Raises: If the response contains an error message.\n        \"\"\"\n        status = response.get(\"status\", None)\n        if not status or status == ErrorCode.SUCCESS:\n            return\n        value = None\n        message = response.get(\"message\", \"\")\n        screen: str = response.get(\"screen\", \"\")\n        stacktrace = None\n        if isinstance(status, int):\n            value_json = response.get(\"value\", None)\n            if value_json and isinstance(value_json, str):\n                import json\n    \n                try:\n                    value = json.loads(value_json)\n                    if len(value) == 1:\n                        value = value[\"value\"]\n                    status = value.get(\"error\", None)\n                    if not status:\n                        status = value.get(\"status\", ErrorCode.UNKNOWN_ERROR)\n                        message = value.get(\"value\") or value.get(\"message\")\n                        if not isinstance(message, str):\n                            value = message\n                            message = message.get(\"message\")\n                    else:\n                        message = value.get(\"message\", None)\n                except ValueError:\n                    pass\n    \n        exception_class: Type[WebDriverException]\n        e = ErrorCode()\n        error_codes = [item for item in dir(e) if not item.startswith(\"__\")]\n        for error_code in error_codes:\n            error_info = getattr(ErrorCode, error_code)\n            if isinstance(error_info, list) and status in error_info:\n                exception_class = getattr(ExceptionMapping, error_code, WebDriverException)\n                break\n        else:\n            exception_class = WebDriverException\n    \n        if not value:\n            value = response[\"value\"]\n        if isinstance(value, str):\n            raise exception_class(value)\n        if message == \"\" and \"message\" in value:\n            message = value[\"message\"]\n    \n        screen = None  # type: ignore[assignment]\n        if \"screen\" in value:\n            screen = value[\"screen\"]\n    \n        stacktrace = None\n        st_value = value.get(\"stackTrace\") or value.get(\"stacktrace\")\n        if st_value:\n            if isinstance(st_value, str):\n                stacktrace = st_value.split(\"\\n\")\n            else:\n                stacktrace = []\n                try:\n                    for frame in st_value:\n                        line = frame.get(\"lineNumber\", \"\")\n                        file = frame.get(\"fileName\", \"<anonymous>\")\n                        if line:\n                            file = f\"{file}:{line}\"\n                        meth = frame.get(\"methodName\", \"<anonymous>\")\n                        if \"className\" in frame:\n                            meth = f\"{frame['className']}.{meth}\"\n                        msg = \"    at %s (%s)\"\n                        msg = msg % (meth, file)\n                        stacktrace.append(msg)\n                except TypeError:\n                    pass\n        if exception_class == UnexpectedAlertPresentException:\n            alert_text = None\n            if \"data\" in value:\n                alert_text = value[\"data\"].get(\"text\")\n            elif \"alert\" in value:\n                alert_text = value[\"alert\"].get(\"text\")\n            raise exception_class(message, screen, stacktrace, alert_text)  # type: ignore[call-arg]  # mypy is not smart enough here\n>       raise exception_class(message, screen, stacktrace)\nE       selenium.common.exceptions.WebDriverException: Message: unknown error: net::ERR_CONNECTION_REFUSED\nE         (Session info: chrome=129.0.6668.89)\nE       Stacktrace:\nE       #0 0x562df852e02a <unknown>\nE       #1 0x562df82145e0 <unknown>\nE       #2 0x562df820c7eb <unknown>\nE       #3 0x562df81fca09 <unknown>\nE       #4 0x562df81fe744 <unknown>\nE       #5 0x562df81fccbd <unknown>\nE       #6 0x562df81fc52f <unknown>\nE       #7 0x562df81fc422 <unknown>\nE       #8 0x562df81fa493 <unknown>\nE       #9 0x562df81faada <unknown>\nE       #10 0x562df8216f41 <unknown>\nE       #11 0x562df82a88c5 <unknown>\nE       #12 0x562df8288b22 <unknown>\nE       #13 0x562df82a7d7d <unknown>\nE       #14 0x562df82888c3 <unknown>\nE       #15 0x562df82566b3 <unknown>\nE       #16 0x562df825768e <unknown>\nE       #17 0x562df84f8a2b <unknown>\nE       #18 0x562df84fc9b1 <unknown>\nE       #19 0x562df84e5225 <unknown>\nE       #20 0x562df84fd532 <unknown>\nE       #21 0x562df84ca38f <unknown>\nE       #22 0x562df851cf28 <unknown>\nE       #23 0x562df851d0f3 <unknown>\nE       #24 0x562df852ce7c <unknown>\nE       #25 0x7fd929e94ac3 <unknown>\n\n/opt/hostedtoolcache/Python/3.12.7/x64/lib/python3.12/site-packages/selenium/webdriver/remote/errorhandler.py:229: WebDriverException",
  "flaky" : false,
  "newFailed" : false,
  "beforeStages" : [ {
    "name" : "driver",
    "time" : {
      "start" : 1728784226681,
      "stop" : 1728784227452,
      "duration" : 771
    },
    "status" : "passed",
    "steps" : [ ],
    "attachments" : [ ],
    "parameters" : [ ],
    "stepsCount" : 0,
    "attachmentsCount" : 0,
    "shouldDisplayMessage" : false,
    "hasContent" : false
  }, {
    "name" : "main_page_open",
    "time" : {
      "start" : 1728784227453,
      "stop" : 1728784227876,
      "duration" : 423
    },
    "status" : "broken",
    "statusMessage" : "selenium.common.exceptions.WebDriverException: Message: unknown error: net::ERR_CONNECTION_REFUSED\n  (Session info: chrome=129.0.6668.89)\nStacktrace:\n#0 0x562df852e02a <unknown>\n#1 0x562df82145e0 <unknown>\n#2 0x562df820c7eb <unknown>\n#3 0x562df81fca09 <unknown>\n#4 0x562df81fe744 <unknown>\n#5 0x562df81fccbd <unknown>\n#6 0x562df81fc52f <unknown>\n#7 0x562df81fc422 <unknown>\n#8 0x562df81fa493 <unknown>\n#9 0x562df81faada <unknown>\n#10 0x562df8216f41 <unknown>\n#11 0x562df82a88c5 <unknown>\n#12 0x562df8288b22 <unknown>\n#13 0x562df82a7d7d <unknown>\n#14 0x562df82888c3 <unknown>\n#15 0x562df82566b3 <unknown>\n#16 0x562df825768e <unknown>\n#17 0x562df84f8a2b <unknown>\n#18 0x562df84fc9b1 <unknown>\n#19 0x562df84e5225 <unknown>\n#20 0x562df84fd532 <unknown>\n#21 0x562df84ca38f <unknown>\n#22 0x562df851cf28 <unknown>\n#23 0x562df851d0f3 <unknown>\n#24 0x562df852ce7c <unknown>\n#25 0x7fd929e94ac3 <unknown>\n\n",
    "statusTrace" : "  File \"/opt/hostedtoolcache/Python/3.12.7/x64/lib/python3.12/site-packages/pluggy/_callers.py\", line 103, in _multicall\n    res = hook_impl.function(*args)\n          ^^^^^^^^^^^^^^^^^^^^^^^^^\n  File \"/opt/hostedtoolcache/Python/3.12.7/x64/lib/python3.12/site-packages/_pytest/fixtures.py\", line 1123, in pytest_fixture_setup\n    result = call_fixture_func(fixturefunc, request, kwargs)\n             ^^^^^^^^^^^^^^^^^^^^^^^^^^^^^^^^^^^^^^^^^^^^^^^\n  File \"/opt/hostedtoolcache/Python/3.12.7/x64/lib/python3.12/site-packages/_pytest/fixtures.py\", line 902, in call_fixture_func\n    fixture_result = fixturefunc(**kwargs)\n                     ^^^^^^^^^^^^^^^^^^^^^\n  File \"/opt/hostedtoolcache/Python/3.12.7/x64/lib/python3.12/site-packages/allure_commons/_allure.py\", line 192, in impl\n    return func(*a, **kw)\n           ^^^^^^^^^^^^^^\n  File \"/home/runner/work/auto-tests-python/auto-tests-python/tests/conftest.py\", line 22, in main_page_open\n    driver.get(MainPageLinks.URL_MAIN_PAGE)\n  File \"/opt/hostedtoolcache/Python/3.12.7/x64/lib/python3.12/site-packages/selenium/webdriver/remote/webdriver.py\", line 353, in get\n    self.execute(Command.GET, {\"url\": url})\n  File \"/opt/hostedtoolcache/Python/3.12.7/x64/lib/python3.12/site-packages/selenium/webdriver/remote/webdriver.py\", line 344, in execute\n    self.error_handler.check_response(response)\n  File \"/opt/hostedtoolcache/Python/3.12.7/x64/lib/python3.12/site-packages/selenium/webdriver/remote/errorhandler.py\", line 229, in check_response\n    raise exception_class(message, screen, stacktrace)\n",
    "steps" : [ {
      "name" : "Open page: https://brainup.site/",
      "time" : {
        "start" : 1728784227453,
        "stop" : 1728784227875,
        "duration" : 422
      },
      "status" : "broken",
      "statusMessage" : "selenium.common.exceptions.WebDriverException: Message: unknown error: net::ERR_CONNECTION_REFUSED\n  (Session info: chrome=129.0.6668.89)\nStacktrace:\n#0 0x562df852e02a <unknown>\n#1 0x562df82145e0 <unknown>\n#2 0x562df820c7eb <unknown>\n#3 0x562df81fca09 <unknown>\n#4 0x562df81fe744 <unknown>\n#5 0x562df81fccbd <unknown>\n#6 0x562df81fc52f <unknown>\n#7 0x562df81fc422 <unknown>\n#8 0x562df81fa493 <unknown>\n#9 0x562df81faada <unknown>\n#10 0x562df8216f41 <unknown>\n#11 0x562df82a88c5 <unknown>\n#12 0x562df8288b22 <unknown>\n#13 0x562df82a7d7d <unknown>\n#14 0x562df82888c3 <unknown>\n#15 0x562df82566b3 <unknown>\n#16 0x562df825768e <unknown>\n#17 0x562df84f8a2b <unknown>\n#18 0x562df84fc9b1 <unknown>\n#19 0x562df84e5225 <unknown>\n#20 0x562df84fd532 <unknown>\n#21 0x562df84ca38f <unknown>\n#22 0x562df851cf28 <unknown>\n#23 0x562df851d0f3 <unknown>\n#24 0x562df852ce7c <unknown>\n#25 0x7fd929e94ac3 <unknown>\n\n",
      "statusTrace" : "  File \"/opt/hostedtoolcache/Python/3.12.7/x64/lib/python3.12/site-packages/allure_commons/_allure.py\", line 192, in impl\n    return func(*a, **kw)\n           ^^^^^^^^^^^^^^\n  File \"/home/runner/work/auto-tests-python/auto-tests-python/tests/conftest.py\", line 22, in main_page_open\n    driver.get(MainPageLinks.URL_MAIN_PAGE)\n  File \"/opt/hostedtoolcache/Python/3.12.7/x64/lib/python3.12/site-packages/selenium/webdriver/remote/webdriver.py\", line 353, in get\n    self.execute(Command.GET, {\"url\": url})\n  File \"/opt/hostedtoolcache/Python/3.12.7/x64/lib/python3.12/site-packages/selenium/webdriver/remote/webdriver.py\", line 344, in execute\n    self.error_handler.check_response(response)\n  File \"/opt/hostedtoolcache/Python/3.12.7/x64/lib/python3.12/site-packages/selenium/webdriver/remote/errorhandler.py\", line 229, in check_response\n    raise exception_class(message, screen, stacktrace)\n",
      "steps" : [ ],
      "attachments" : [ ],
      "parameters" : [ {
        "name" : "driver",
        "value" : "<selenium.webdriver.chrome.webdriver.WebDriver (session=\"cb8a0eeeba71463acf2c5af3eddf34f2\")>"
      } ],
      "stepsCount" : 0,
      "attachmentsCount" : 0,
      "shouldDisplayMessage" : true,
      "hasContent" : true
    } ],
    "attachments" : [ ],
    "parameters" : [ ],
    "stepsCount" : 1,
    "attachmentsCount" : 0,
    "shouldDisplayMessage" : false,
    "hasContent" : true
  }, {
    "name" : "clear_allure_results_folder",
    "time" : {
      "start" : 1728784074935,
      "stop" : 1728784074936,
      "duration" : 1
    },
    "status" : "passed",
    "steps" : [ ],
    "attachments" : [ ],
    "parameters" : [ ],
    "stepsCount" : 0,
    "attachmentsCount" : 0,
    "shouldDisplayMessage" : false,
    "hasContent" : false
  } ],
  "afterStages" : [ {
    "name" : "driver::0",
    "time" : {
      "start" : 1728784227908,
      "stop" : 1728784227972,
      "duration" : 64
    },
    "status" : "passed",
    "steps" : [ ],
    "attachments" : [ ],
    "parameters" : [ ],
    "stepsCount" : 0,
    "attachmentsCount" : 0,
    "shouldDisplayMessage" : false,
    "hasContent" : false
  } ],
  "labels" : [ {
    "name" : "epic",
    "value" : "The Start Unauthorized Page"
  }, {
    "name" : "parentSuite",
    "value" : "tests"
  }, {
    "name" : "suite",
    "value" : "start_unauthorized_page_test"
  }, {
    "name" : "subSuite",
    "value" : "TestStartUnauthorizedPage"
  }, {
    "name" : "host",
    "value" : "fv-az891-551"
  }, {
    "name" : "thread",
    "value" : "2367-MainThread"
  }, {
    "name" : "framework",
    "value" : "pytest"
  }, {
    "name" : "language",
    "value" : "cpython3"
  }, {
    "name" : "package",
    "value" : "tests.start_unauthorized_page_test"
  }, {
    "name" : "resultFormat",
    "value" : "allure2"
  } ],
  "parameters" : [ ],
  "links" : [ ],
  "hidden" : false,
  "retry" : false,
  "extra" : {
    "severity" : "normal",
    "retries" : [ ],
    "categories" : [ {
      "name" : "Test defects",
      "matchedStatuses" : [ ],
      "flaky" : false
    } ],
    "history" : {
      "statistic" : {
        "failed" : 0,
        "broken" : 3,
        "skipped" : 0,
        "passed" : 28,
        "unknown" : 0,
        "total" : 31
      },
      "items" : [ {
        "uid" : "812ccd65a603021b",
        "reportUrl" : "https://lambotik.github.io/auto-tests-python/60//#testresult/812ccd65a603021b",
        "status" : "broken",
        "statusDetails" : "selenium.common.exceptions.WebDriverException: Message: unknown error: net::ERR_CONNECTION_REFUSED\n  (Session info: chrome=129.0.6668.89)\nStacktrace:\n#0 0x5558c095902a <unknown>\n#1 0x5558c063f5e0 <unknown>\n#2 0x5558c06377eb <unknown>\n#3 0x5558c0627a09 <unknown>\n#4 0x5558c0629744 <unknown>\n#5 0x5558c0627cbd <unknown>\n#6 0x5558c062752f <unknown>\n#7 0x5558c0627422 <unknown>\n#8 0x5558c0625493 <unknown>\n#9 0x5558c0625ada <unknown>\n#10 0x5558c0641f41 <unknown>\n#11 0x5558c06d38c5 <unknown>\n#12 0x5558c06b3b22 <unknown>\n#13 0x5558c06d2d7d <unknown>\n#14 0x5558c06b38c3 <unknown>\n#15 0x5558c06816b3 <unknown>\n#16 0x5558c068268e <unknown>\n#17 0x5558c0923a2b <unknown>\n#18 0x5558c09279b1 <unknown>\n#19 0x5558c0910225 <unknown>\n#20 0x5558c0928532 <unknown>\n#21 0x5558c08f538f <unknown>\n#22 0x5558c0947f28 <unknown>\n#23 0x5558c09480f3 <unknown>\n#24 0x5558c0957e7c <unknown>\n#25 0x7fab90694ac3 <unknown>",
        "time" : {
          "start" : 1728697340671,
          "stop" : 1728697340671,
          "duration" : 0
        }
      }, {
        "uid" : "2af6adf3b8a74ca7",
        "reportUrl" : "https://lambotik.github.io/auto-tests-python/59//#testresult/2af6adf3b8a74ca7",
        "status" : "broken",
        "statusDetails" : "selenium.common.exceptions.WebDriverException: Message: unknown error: net::ERR_CONNECTION_REFUSED\n  (Session info: chrome=129.0.6668.89)\nStacktrace:\n#0 0x5624cce6402a <unknown>\n#1 0x5624ccb4a5e0 <unknown>\n#2 0x5624ccb427eb <unknown>\n#3 0x5624ccb32a09 <unknown>\n#4 0x5624ccb34744 <unknown>\n#5 0x5624ccb32cbd <unknown>\n#6 0x5624ccb3252f <unknown>\n#7 0x5624ccb32422 <unknown>\n#8 0x5624ccb30493 <unknown>\n#9 0x5624ccb30ada <unknown>\n#10 0x5624ccb4cf41 <unknown>\n#11 0x5624ccbde8c5 <unknown>\n#12 0x5624ccbbeb22 <unknown>\n#13 0x5624ccbddd7d <unknown>\n#14 0x5624ccbbe8c3 <unknown>\n#15 0x5624ccb8c6b3 <unknown>\n#16 0x5624ccb8d68e <unknown>\n#17 0x5624cce2ea2b <unknown>\n#18 0x5624cce329b1 <unknown>\n#19 0x5624cce1b225 <unknown>\n#20 0x5624cce33532 <unknown>\n#21 0x5624cce0038f <unknown>\n#22 0x5624cce52f28 <unknown>\n#23 0x5624cce530f3 <unknown>\n#24 0x5624cce62e7c <unknown>\n#25 0x7fc7a7a94ac3 <unknown>",
        "time" : {
          "start" : 1728611031865,
          "stop" : 1728611031865,
          "duration" : 0
        }
      }, {
        "uid" : "de2c921db180a472",
        "reportUrl" : "https://lambotik.github.io/auto-tests-python/58//#testresult/de2c921db180a472",
        "status" : "passed",
        "time" : {
          "start" : 1728525064362,
          "stop" : 1728525064402,
          "duration" : 40
        }
      }, {
        "uid" : "fee17e8c294e1105",
        "reportUrl" : "https://lambotik.github.io/auto-tests-python/57//#testresult/fee17e8c294e1105",
        "status" : "passed",
        "time" : {
          "start" : 1728438735461,
          "stop" : 1728438735500,
          "duration" : 39
        }
      }, {
        "uid" : "42f4fdb188b5f6b",
        "reportUrl" : "https://lambotik.github.io/auto-tests-python/56//#testresult/42f4fdb188b5f6b",
        "status" : "passed",
        "time" : {
          "start" : 1728352327301,
          "stop" : 1728352327340,
          "duration" : 39
        }
      }, {
        "uid" : "66c237c9c2f0d629",
        "reportUrl" : "https://lambotik.github.io/auto-tests-python/55//#testresult/66c237c9c2f0d629",
        "status" : "passed",
        "time" : {
          "start" : 1728266927324,
          "stop" : 1728266927367,
          "duration" : 43
        }
      }, {
        "uid" : "a41f90c197b09912",
        "reportUrl" : "https://lambotik.github.io/auto-tests-python/54//#testresult/a41f90c197b09912",
        "status" : "passed",
        "time" : {
          "start" : 1728179868955,
          "stop" : 1728179868996,
          "duration" : 41
        }
      }, {
        "uid" : "d1d61511d03f09a2",
        "reportUrl" : "https://lambotik.github.io/auto-tests-python/53//#testresult/d1d61511d03f09a2",
        "status" : "passed",
        "time" : {
          "start" : 1728093122891,
          "stop" : 1728093122930,
          "duration" : 39
        }
      }, {
        "uid" : "2d15021c788dd4f7",
        "reportUrl" : "https://lambotik.github.io/auto-tests-python/52//#testresult/2d15021c788dd4f7",
        "status" : "passed",
        "time" : {
          "start" : 1728006826183,
          "stop" : 1728006826222,
          "duration" : 39
        }
      }, {
        "uid" : "724c6447fcbd40f7",
        "reportUrl" : "https://lambotik.github.io/auto-tests-python/51//#testresult/724c6447fcbd40f7",
        "status" : "passed",
        "time" : {
          "start" : 1727920489444,
          "stop" : 1727920489486,
          "duration" : 42
        }
      }, {
        "uid" : "e9ebfcdfd5fdce4",
        "reportUrl" : "https://lambotik.github.io/auto-tests-python/50//#testresult/e9ebfcdfd5fdce4",
        "status" : "passed",
        "time" : {
          "start" : 1727833899878,
          "stop" : 1727833899919,
          "duration" : 41
        }
      }, {
        "uid" : "132c3a999c49b1da",
        "reportUrl" : "https://lambotik.github.io/auto-tests-python/49//#testresult/132c3a999c49b1da",
        "status" : "passed",
        "time" : {
          "start" : 1727748025558,
          "stop" : 1727748025598,
          "duration" : 40
        }
      }, {
        "uid" : "f06b5f42e866b05d",
        "reportUrl" : "https://lambotik.github.io/auto-tests-python/48//#testresult/f06b5f42e866b05d",
        "status" : "passed",
        "time" : {
          "start" : 1727661305388,
          "stop" : 1727661305427,
          "duration" : 39
        }
      }, {
        "uid" : "15518e5a62214722",
        "reportUrl" : "https://lambotik.github.io/auto-tests-python/47//#testresult/15518e5a62214722",
        "status" : "passed",
        "time" : {
          "start" : 1727575103116,
          "stop" : 1727575103156,
          "duration" : 40
        }
      }, {
        "uid" : "c5ccab87155b3a34",
        "reportUrl" : "https://lambotik.github.io/auto-tests-python/46//#testresult/c5ccab87155b3a34",
        "status" : "passed",
        "time" : {
          "start" : 1727488365661,
          "stop" : 1727488365710,
          "duration" : 49
        }
      }, {
        "uid" : "fd232517f0ac3a8a",
        "reportUrl" : "https://lambotik.github.io/auto-tests-python/45//#testresult/fd232517f0ac3a8a",
        "status" : "passed",
        "time" : {
          "start" : 1727402097144,
          "stop" : 1727402097185,
          "duration" : 41
        }
      }, {
        "uid" : "4b00eeec42d916b5",
        "reportUrl" : "https://lambotik.github.io/auto-tests-python/44//#testresult/4b00eeec42d916b5",
        "status" : "passed",
        "time" : {
          "start" : 1727315606555,
          "stop" : 1727315606593,
          "duration" : 38
        }
      }, {
        "uid" : "25e4624168f1f40c",
        "reportUrl" : "https://lambotik.github.io/auto-tests-python/43//#testresult/25e4624168f1f40c",
        "status" : "passed",
        "time" : {
          "start" : 1727229204992,
          "stop" : 1727229205030,
          "duration" : 38
        }
      }, {
        "uid" : "950e66a1497b7a2c",
        "reportUrl" : "https://lambotik.github.io/auto-tests-python/42//#testresult/950e66a1497b7a2c",
        "status" : "passed",
        "time" : {
          "start" : 1727142732926,
          "stop" : 1727142732981,
          "duration" : 55
        }
      }, {
        "uid" : "3a67d5c1b5ed61c8",
        "reportUrl" : "https://lambotik.github.io/auto-tests-python/41//#testresult/3a67d5c1b5ed61c8",
        "status" : "passed",
        "time" : {
          "start" : 1727056248861,
          "stop" : 1727056248899,
          "duration" : 38
        }
      } ]
    },
    "tags" : [ ]
  },
  "source" : "5b65c495b7a5b72e.json",
  "parameterValues" : [ ]
}