{
  "uid" : "5aeae9ceff11d6d6",
  "name" : "Select a random card from \"Similar phrases\" group and compare UI vs BACKEND data",
  "fullName" : "tests.test_speech_exercises_en.TestCardsEN#test_random_cards_in_similar_phrases_en",
  "historyId" : "106afe14e1824ad4b55b346a52794d4b",
  "time" : {
    "start" : 1736474885331,
    "stop" : 1736474885331,
    "duration" : 0
  },
  "status" : "skipped",
  "statusMessage" : "XFAIL\n\nselenium.common.exceptions.TimeoutException: Message: Can't find element by locator https://brainup.site/groups",
  "statusTrace" : "self = <pages.base_page.BasePage object at 0x7f7e19e582c0>\nurl = 'https://brainup.site/groups'\n\n    def check_expected_link(self, url):\n        with allure.step(f'Check url is present: {url}'):\n            try:\n>               return Wait(self.driver, self.timeout).until(\n                    ec.url_to_be(url), message=f\"Can't find element by locator {url}\")\n\npages/base_page.py:68: \n_ _ _ _ _ _ _ _ _ _ _ _ _ _ _ _ _ _ _ _ _ _ _ _ _ _ _ _ _ _ _ _ _ _ _ _ _ _ _ _ \n\nself = <selenium.webdriver.support.wait.WebDriverWait (session=\"bcd2f4b61e4d5164187376ce31005a38\")>\nmethod = <function url_to_be.<locals>._predicate at 0x7f7e19e3d300>\nmessage = \"Can't find element by locator https://brainup.site/groups\"\n\n    def until(self, method, message: str = \"\"):\n        \"\"\"Calls the method provided with the driver as an argument until the \\\n        return value does not evaluate to ``False``.\n    \n        :param method: callable(WebDriver)\n        :param message: optional message for :exc:`TimeoutException`\n        :returns: the result of the last call to `method`\n        :raises: :exc:`selenium.common.exceptions.TimeoutException` if timeout occurs\n        \"\"\"\n        screen = None\n        stacktrace = None\n    \n        end_time = time.monotonic() + self._timeout\n        while True:\n            try:\n                value = method(self._driver)\n                if value:\n                    return value\n            except self._ignored_exceptions as exc:\n                screen = getattr(exc, \"screen\", None)\n                stacktrace = getattr(exc, \"stacktrace\", None)\n            time.sleep(self._poll)\n            if time.monotonic() > end_time:\n                break\n>       raise TimeoutException(message, screen, stacktrace)\nE       selenium.common.exceptions.TimeoutException: Message: Can't find element by locator https://brainup.site/groups\n\n/opt/hostedtoolcache/Python/3.12.8/x64/lib/python3.12/site-packages/selenium/webdriver/support/wait.py:95: TimeoutException\n\nDuring handling of the above exception, another exception occurred:\n\ndriver = <selenium.webdriver.chrome.webdriver.WebDriver (session=\"bcd2f4b61e4d5164187376ce31005a38\")>\nmain_page_open = None\n\n    @pytest.fixture()\n    @allure.step('USER specialist authorized')\n    def specialist_user_authorized(driver, main_page_open):\n        page = BasePage(driver)\n        page.element_is_present_and_clickable(MainPageLocators.LOGIN_BUTTON).click()\n        page.element_is_visible(LoginPageLocators.INPUT_LOGIN).send_keys(os.environ[\"SPECIALIST_LOGIN\"])\n        page.element_is_visible(LoginPageLocators.INPUT_PASSWORD).send_keys(os.environ[\"PASSWORD\"])\n        page.element_is_present_and_clickable(LoginPageLocators.SIGN_IN_BUTTON).click()\n>       page.check_expected_link(MainPageLinks.URL_GROUPS_PAGE)\n\ntests/conftest.py:84: \n_ _ _ _ _ _ _ _ _ _ _ _ _ _ _ _ _ _ _ _ _ _ _ _ _ _ _ _ _ _ _ _ _ _ _ _ _ _ _ _ \npages/base_page.py:72: in check_expected_link\n    return Wait(self.driver, self.timeout).until(\n_ _ _ _ _ _ _ _ _ _ _ _ _ _ _ _ _ _ _ _ _ _ _ _ _ _ _ _ _ _ _ _ _ _ _ _ _ _ _ _ \n\nself = <selenium.webdriver.support.wait.WebDriverWait (session=\"bcd2f4b61e4d5164187376ce31005a38\")>\nmethod = <function url_to_be.<locals>._predicate at 0x7f7e19e3fe20>\nmessage = \"Can't find element by locator https://brainup.site/groups\"\n\n    def until(self, method, message: str = \"\"):\n        \"\"\"Calls the method provided with the driver as an argument until the \\\n        return value does not evaluate to ``False``.\n    \n        :param method: callable(WebDriver)\n        :param message: optional message for :exc:`TimeoutException`\n        :returns: the result of the last call to `method`\n        :raises: :exc:`selenium.common.exceptions.TimeoutException` if timeout occurs\n        \"\"\"\n        screen = None\n        stacktrace = None\n    \n        end_time = time.monotonic() + self._timeout\n        while True:\n            try:\n                value = method(self._driver)\n                if value:\n                    return value\n            except self._ignored_exceptions as exc:\n                screen = getattr(exc, \"screen\", None)\n                stacktrace = getattr(exc, \"stacktrace\", None)\n            time.sleep(self._poll)\n            if time.monotonic() > end_time:\n                break\n>       raise TimeoutException(message, screen, stacktrace)\nE       selenium.common.exceptions.TimeoutException: Message: Can't find element by locator https://brainup.site/groups\n\n/opt/hostedtoolcache/Python/3.12.8/x64/lib/python3.12/site-packages/selenium/webdriver/support/wait.py:95: TimeoutException",
  "flaky" : false,
  "newFailed" : false,
  "beforeStages" : [ {
    "name" : "clear_allure_results_folder",
    "time" : {
      "start" : 1736473520388,
      "stop" : 1736473520388,
      "duration" : 0
    },
    "status" : "passed",
    "steps" : [ ],
    "attachments" : [ ],
    "parameters" : [ ],
    "shouldDisplayMessage" : false,
    "hasContent" : false,
    "stepsCount" : 0,
    "attachmentsCount" : 0
  }, {
    "name" : "specialist_user_authorized",
    "time" : {
      "start" : 1736474889180,
      "stop" : 1736474929861,
      "duration" : 40681
    },
    "status" : "broken",
    "statusMessage" : "selenium.common.exceptions.TimeoutException: Message: Can't find element by locator https://brainup.site/groups\n\n",
    "statusTrace" : "  File \"/opt/hostedtoolcache/Python/3.12.8/x64/lib/python3.12/site-packages/pluggy/_callers.py\", line 103, in _multicall\n    res = hook_impl.function(*args)\n          ^^^^^^^^^^^^^^^^^^^^^^^^^\n  File \"/opt/hostedtoolcache/Python/3.12.8/x64/lib/python3.12/site-packages/_pytest/fixtures.py\", line 1123, in pytest_fixture_setup\n    result = call_fixture_func(fixturefunc, request, kwargs)\n             ^^^^^^^^^^^^^^^^^^^^^^^^^^^^^^^^^^^^^^^^^^^^^^^\n  File \"/opt/hostedtoolcache/Python/3.12.8/x64/lib/python3.12/site-packages/_pytest/fixtures.py\", line 902, in call_fixture_func\n    fixture_result = fixturefunc(**kwargs)\n                     ^^^^^^^^^^^^^^^^^^^^^\n  File \"/opt/hostedtoolcache/Python/3.12.8/x64/lib/python3.12/site-packages/allure_commons/_allure.py\", line 192, in impl\n    return func(*a, **kw)\n           ^^^^^^^^^^^^^^\n  File \"/home/runner/work/auto-tests-python/auto-tests-python/tests/conftest.py\", line 84, in specialist_user_authorized\n    page.check_expected_link(MainPageLinks.URL_GROUPS_PAGE)\n  File \"/home/runner/work/auto-tests-python/auto-tests-python/pages/base_page.py\", line 72, in check_expected_link\n    return Wait(self.driver, self.timeout).until(\n           ^^^^^^^^^^^^^^^^^^^^^^^^^^^^^^^^^^^^^^\n  File \"/opt/hostedtoolcache/Python/3.12.8/x64/lib/python3.12/site-packages/selenium/webdriver/support/wait.py\", line 95, in until\n    raise TimeoutException(message, screen, stacktrace)\n",
    "steps" : [ {
      "name" : "USER specialist authorized",
      "time" : {
        "start" : 1736474889181,
        "stop" : 1736474929861,
        "duration" : 40680
      },
      "status" : "broken",
      "statusMessage" : "selenium.common.exceptions.TimeoutException: Message: Can't find element by locator https://brainup.site/groups\n\n",
      "statusTrace" : "  File \"/opt/hostedtoolcache/Python/3.12.8/x64/lib/python3.12/site-packages/allure_commons/_allure.py\", line 192, in impl\n    return func(*a, **kw)\n           ^^^^^^^^^^^^^^\n  File \"/home/runner/work/auto-tests-python/auto-tests-python/tests/conftest.py\", line 84, in specialist_user_authorized\n    page.check_expected_link(MainPageLinks.URL_GROUPS_PAGE)\n  File \"/home/runner/work/auto-tests-python/auto-tests-python/pages/base_page.py\", line 72, in check_expected_link\n    return Wait(self.driver, self.timeout).until(\n           ^^^^^^^^^^^^^^^^^^^^^^^^^^^^^^^^^^^^^^\n  File \"/opt/hostedtoolcache/Python/3.12.8/x64/lib/python3.12/site-packages/selenium/webdriver/support/wait.py\", line 95, in until\n    raise TimeoutException(message, screen, stacktrace)\n",
      "steps" : [ {
        "name" : "Check url is present: https://brainup.site/groups",
        "time" : {
          "start" : 1736474889587,
          "stop" : 1736474929860,
          "duration" : 40273
        },
        "status" : "broken",
        "statusMessage" : "selenium.common.exceptions.TimeoutException: Message: Can't find element by locator https://brainup.site/groups\n\n",
        "statusTrace" : "  File \"/home/runner/work/auto-tests-python/auto-tests-python/pages/base_page.py\", line 72, in check_expected_link\n    return Wait(self.driver, self.timeout).until(\n           ^^^^^^^^^^^^^^^^^^^^^^^^^^^^^^^^^^^^^^\n  File \"/opt/hostedtoolcache/Python/3.12.8/x64/lib/python3.12/site-packages/selenium/webdriver/support/wait.py\", line 95, in until\n    raise TimeoutException(message, screen, stacktrace)\n",
        "steps" : [ ],
        "attachments" : [ ],
        "parameters" : [ ],
        "shouldDisplayMessage" : true,
        "hasContent" : true,
        "stepsCount" : 0,
        "attachmentsCount" : 0
      } ],
      "attachments" : [ ],
      "parameters" : [ {
        "name" : "driver",
        "value" : "<selenium.webdriver.chrome.webdriver.WebDriver (session=\"bcd2f4b61e4d5164187376ce31005a38\")>"
      }, {
        "name" : "main_page_open",
        "value" : "None"
      } ],
      "shouldDisplayMessage" : false,
      "hasContent" : true,
      "stepsCount" : 1,
      "attachmentsCount" : 0
    } ],
    "attachments" : [ ],
    "parameters" : [ ],
    "shouldDisplayMessage" : false,
    "hasContent" : true,
    "stepsCount" : 2,
    "attachmentsCount" : 0
  }, {
    "name" : "main_page_open",
    "time" : {
      "start" : 1736474886092,
      "stop" : 1736474889180,
      "duration" : 3088
    },
    "status" : "passed",
    "steps" : [ {
      "name" : "Open page: https://brainup.site/",
      "time" : {
        "start" : 1736474886092,
        "stop" : 1736474889180,
        "duration" : 3088
      },
      "status" : "passed",
      "steps" : [ ],
      "attachments" : [ ],
      "parameters" : [ {
        "name" : "driver",
        "value" : "<selenium.webdriver.chrome.webdriver.WebDriver (session=\"bcd2f4b61e4d5164187376ce31005a38\")>"
      } ],
      "shouldDisplayMessage" : false,
      "hasContent" : true,
      "stepsCount" : 0,
      "attachmentsCount" : 0
    } ],
    "attachments" : [ ],
    "parameters" : [ ],
    "shouldDisplayMessage" : false,
    "hasContent" : true,
    "stepsCount" : 1,
    "attachmentsCount" : 0
  }, {
    "name" : "driver",
    "time" : {
      "start" : 1736474885331,
      "stop" : 1736474886092,
      "duration" : 761
    },
    "status" : "passed",
    "steps" : [ ],
    "attachments" : [ ],
    "parameters" : [ ],
    "shouldDisplayMessage" : false,
    "hasContent" : false,
    "stepsCount" : 0,
    "attachmentsCount" : 0
  } ],
  "afterStages" : [ {
    "name" : "driver::0",
    "time" : {
      "start" : 1736474929874,
      "stop" : 1736474929952,
      "duration" : 78
    },
    "status" : "passed",
    "steps" : [ ],
    "attachments" : [ ],
    "parameters" : [ ],
    "shouldDisplayMessage" : false,
    "hasContent" : false,
    "stepsCount" : 0,
    "attachmentsCount" : 0
  } ],
  "labels" : [ {
    "name" : "suite",
    "value" : "Speech exercises EN."
  }, {
    "name" : "epic",
    "value" : "Speech exercises."
  }, {
    "name" : "tag",
    "value" : "@pytest.mark.xfail"
  }, {
    "name" : "parentSuite",
    "value" : "tests"
  }, {
    "name" : "subSuite",
    "value" : "TestCardsEN"
  }, {
    "name" : "host",
    "value" : "fv-az1705-565"
  }, {
    "name" : "thread",
    "value" : "2390-MainThread"
  }, {
    "name" : "framework",
    "value" : "pytest"
  }, {
    "name" : "language",
    "value" : "cpython3"
  }, {
    "name" : "package",
    "value" : "tests.test_speech_exercises_en"
  }, {
    "name" : "resultFormat",
    "value" : "allure2"
  } ],
  "parameters" : [ ],
  "links" : [ ],
  "hidden" : false,
  "retry" : false,
  "extra" : {
    "severity" : "normal",
    "retries" : [ ],
    "categories" : [ ],
    "history" : {
      "statistic" : {
        "failed" : 0,
        "broken" : 0,
        "skipped" : 23,
        "passed" : 73,
        "unknown" : 0,
        "total" : 96
      },
      "items" : [ {
        "uid" : "5ee7edd06a2b1b32",
        "reportUrl" : "https://lambotik.github.io/auto-tests-python/149//#testresult/5ee7edd06a2b1b32",
        "status" : "skipped",
        "statusDetails" : "XFAIL\n\nselenium.common.exceptions.TimeoutException: Message: Can't find element by locator https://brainup.site/groups",
        "time" : {
          "start" : 1736389960341,
          "stop" : 1736389960341,
          "duration" : 0
        }
      }, {
        "uid" : "9bd6a82630114a0a",
        "reportUrl" : "https://lambotik.github.io/auto-tests-python/148//#testresult/9bd6a82630114a0a",
        "status" : "skipped",
        "statusDetails" : "XFAIL\n\nselenium.common.exceptions.TimeoutException: Message: Can't find element by locator https://brainup.site/groups",
        "time" : {
          "start" : 1736302000593,
          "stop" : 1736302000593,
          "duration" : 0
        }
      }, {
        "uid" : "1f353ab8255b353d",
        "reportUrl" : "https://lambotik.github.io/auto-tests-python/147//#testresult/1f353ab8255b353d",
        "status" : "skipped",
        "statusDetails" : "XFAIL\n\nselenium.common.exceptions.TimeoutException: Message: Can't find element by locator https://brainup.site/groups",
        "time" : {
          "start" : 1736215581806,
          "stop" : 1736215581806,
          "duration" : 0
        }
      }, {
        "uid" : "df40c1a627c1e6bd",
        "reportUrl" : "https://lambotik.github.io/auto-tests-python/146//#testresult/df40c1a627c1e6bd",
        "status" : "skipped",
        "statusDetails" : "XFAIL\n\nselenium.common.exceptions.TimeoutException: Message: Can't find element by locator https://brainup.site/groups",
        "time" : {
          "start" : 1736129405542,
          "stop" : 1736129405542,
          "duration" : 0
        }
      }, {
        "uid" : "3afb5e5298fd866b",
        "reportUrl" : "https://lambotik.github.io/auto-tests-python/145//#testresult/3afb5e5298fd866b",
        "status" : "skipped",
        "statusDetails" : "XFAIL\n\nselenium.common.exceptions.TimeoutException: Message: Can't find element by locator https://brainup.site/groups",
        "time" : {
          "start" : 1736043173014,
          "stop" : 1736043173014,
          "duration" : 0
        }
      }, {
        "uid" : "618e7b95ce582ca3",
        "reportUrl" : "https://lambotik.github.io/auto-tests-python/144//#testresult/618e7b95ce582ca3",
        "status" : "skipped",
        "statusDetails" : "XFAIL\n\nselenium.common.exceptions.TimeoutException: Message: Can't find element by locator https://brainup.site/groups",
        "time" : {
          "start" : 1735956350282,
          "stop" : 1735956350282,
          "duration" : 0
        }
      }, {
        "uid" : "7bffb96867abfdbf",
        "reportUrl" : "https://lambotik.github.io/auto-tests-python/143//#testresult/7bffb96867abfdbf",
        "status" : "skipped",
        "statusDetails" : "XFAIL\n\nselenium.common.exceptions.TimeoutException: Message: Can't find element by locator https://brainup.site/groups",
        "time" : {
          "start" : 1735869985597,
          "stop" : 1735869985597,
          "duration" : 0
        }
      }, {
        "uid" : "38b068247d75be7c",
        "reportUrl" : "https://lambotik.github.io/auto-tests-python/142//#testresult/38b068247d75be7c",
        "status" : "skipped",
        "statusDetails" : "XFAIL\n\nselenium.common.exceptions.TimeoutException: Message: Can't find element by locator https://brainup.site/groups",
        "time" : {
          "start" : 1735783531889,
          "stop" : 1735783531889,
          "duration" : 0
        }
      }, {
        "uid" : "89f9e7ac943bce91",
        "reportUrl" : "https://lambotik.github.io/auto-tests-python/141//#testresult/89f9e7ac943bce91",
        "status" : "skipped",
        "statusDetails" : "XFAIL\n\nselenium.common.exceptions.TimeoutException: Message: Can't find element by locator https://brainup.site/groups",
        "time" : {
          "start" : 1735697567727,
          "stop" : 1735697567727,
          "duration" : 0
        }
      }, {
        "uid" : "a2dae4f40a5f5776",
        "reportUrl" : "https://lambotik.github.io/auto-tests-python/140//#testresult/a2dae4f40a5f5776",
        "status" : "skipped",
        "statusDetails" : "XFAIL\n\nselenium.common.exceptions.TimeoutException: Message: Can't find element by locator https://brainup.site/groups",
        "time" : {
          "start" : 1735610861372,
          "stop" : 1735610861372,
          "duration" : 0
        }
      }, {
        "uid" : "1f289fefaf70947",
        "reportUrl" : "https://lambotik.github.io/auto-tests-python/139//#testresult/1f289fefaf70947",
        "status" : "skipped",
        "statusDetails" : "XFAIL\n\nselenium.common.exceptions.TimeoutException: Message: Can't find element by locator https://brainup.site/groups",
        "time" : {
          "start" : 1735524554884,
          "stop" : 1735524554884,
          "duration" : 0
        }
      }, {
        "uid" : "37fa8e269dbdecc6",
        "reportUrl" : "https://lambotik.github.io/auto-tests-python/138//#testresult/37fa8e269dbdecc6",
        "status" : "skipped",
        "statusDetails" : "XFAIL\n\nselenium.common.exceptions.TimeoutException: Message: Can't find element by locator https://brainup.site/groups",
        "time" : {
          "start" : 1735438416567,
          "stop" : 1735438416567,
          "duration" : 0
        }
      }, {
        "uid" : "b80493169739aaba",
        "reportUrl" : "https://lambotik.github.io/auto-tests-python/137//#testresult/b80493169739aaba",
        "status" : "skipped",
        "statusDetails" : "XFAIL\n\nselenium.common.exceptions.TimeoutException: Message: Can't find element by locator https://brainup.site/groups",
        "time" : {
          "start" : 1735351386456,
          "stop" : 1735351386456,
          "duration" : 0
        }
      }, {
        "uid" : "169aae21587a5527",
        "reportUrl" : "https://lambotik.github.io/auto-tests-python/136//#testresult/169aae21587a5527",
        "status" : "skipped",
        "statusDetails" : "XFAIL\n\nselenium.common.exceptions.TimeoutException: Message: Can't find element by locator https://brainup.site/groups",
        "time" : {
          "start" : 1735265294962,
          "stop" : 1735265294962,
          "duration" : 0
        }
      }, {
        "uid" : "cc7a35100393fe5e",
        "reportUrl" : "https://lambotik.github.io/auto-tests-python/81//#testresult/cc7a35100393fe5e",
        "status" : "passed",
        "statusDetails" : "XPASS",
        "time" : {
          "start" : 1730512282168,
          "stop" : 1730512290733,
          "duration" : 8565
        }
      }, {
        "uid" : "a733bb1531cbf811",
        "reportUrl" : "https://lambotik.github.io/auto-tests-python/80//#testresult/a733bb1531cbf811",
        "status" : "passed",
        "statusDetails" : "XPASS",
        "time" : {
          "start" : 1730426457616,
          "stop" : 1730426465661,
          "duration" : 8045
        }
      }, {
        "uid" : "af0f5c941331c480",
        "reportUrl" : "https://lambotik.github.io/auto-tests-python/79//#testresult/af0f5c941331c480",
        "status" : "passed",
        "statusDetails" : "XPASS",
        "time" : {
          "start" : 1730339686350,
          "stop" : 1730339694428,
          "duration" : 8078
        }
      }, {
        "uid" : "c28838df76f0de30",
        "reportUrl" : "https://lambotik.github.io/auto-tests-python/78//#testresult/c28838df76f0de30",
        "status" : "passed",
        "statusDetails" : "XPASS",
        "time" : {
          "start" : 1730253196614,
          "stop" : 1730253204776,
          "duration" : 8162
        }
      }, {
        "uid" : "98e6b28de283fe4a",
        "reportUrl" : "https://lambotik.github.io/auto-tests-python/77//#testresult/98e6b28de283fe4a",
        "status" : "passed",
        "statusDetails" : "XPASS",
        "time" : {
          "start" : 1730166911126,
          "stop" : 1730166920487,
          "duration" : 9361
        }
      }, {
        "uid" : "5849494d9ae4ee43",
        "reportUrl" : "https://lambotik.github.io/auto-tests-python/76//#testresult/5849494d9ae4ee43",
        "status" : "passed",
        "statusDetails" : "XPASS",
        "time" : {
          "start" : 1730080648583,
          "stop" : 1730080657640,
          "duration" : 9057
        }
      } ]
    },
    "tags" : [ "@pytest.mark.xfail" ]
  },
  "source" : "5aeae9ceff11d6d6.json",
  "parameterValues" : [ ]
}