{
  "uid" : "a4661edfb5eb3806",
  "name" : "Solutions to a random task in the \"Слова Королёвой\" .",
  "fullName" : "tests.test_speech_exercises_ru.TestCardsRU#test_solve_koroleva_cards_ru",
  "historyId" : "c9fe4fbd9394e2fb5a6898be66ba433b",
  "time" : {
    "start" : 1736475243043,
    "stop" : 1736475243043,
    "duration" : 0
  },
  "status" : "skipped",
  "statusMessage" : "XFAIL\n\nselenium.common.exceptions.TimeoutException: Message: Can't find element by locator https://brainup.site/groups",
  "statusTrace" : "self = <pages.base_page.BasePage object at 0x7f7e19c6f740>\nurl = 'https://brainup.site/groups'\n\n    def check_expected_link(self, url):\n        with allure.step(f'Check url is present: {url}'):\n            try:\n>               return Wait(self.driver, self.timeout).until(\n                    ec.url_to_be(url), message=f\"Can't find element by locator {url}\")\n\npages/base_page.py:68: \n_ _ _ _ _ _ _ _ _ _ _ _ _ _ _ _ _ _ _ _ _ _ _ _ _ _ _ _ _ _ _ _ _ _ _ _ _ _ _ _ \n\nself = <selenium.webdriver.support.wait.WebDriverWait (session=\"6441746a5efd7e25dd7e01449b528171\")>\nmethod = <function url_to_be.<locals>._predicate at 0x7f7e19c71f80>\nmessage = \"Can't find element by locator https://brainup.site/groups\"\n\n    def until(self, method, message: str = \"\"):\n        \"\"\"Calls the method provided with the driver as an argument until the \\\n        return value does not evaluate to ``False``.\n    \n        :param method: callable(WebDriver)\n        :param message: optional message for :exc:`TimeoutException`\n        :returns: the result of the last call to `method`\n        :raises: :exc:`selenium.common.exceptions.TimeoutException` if timeout occurs\n        \"\"\"\n        screen = None\n        stacktrace = None\n    \n        end_time = time.monotonic() + self._timeout\n        while True:\n            try:\n                value = method(self._driver)\n                if value:\n                    return value\n            except self._ignored_exceptions as exc:\n                screen = getattr(exc, \"screen\", None)\n                stacktrace = getattr(exc, \"stacktrace\", None)\n            time.sleep(self._poll)\n            if time.monotonic() > end_time:\n                break\n>       raise TimeoutException(message, screen, stacktrace)\nE       selenium.common.exceptions.TimeoutException: Message: Can't find element by locator https://brainup.site/groups\n\n/opt/hostedtoolcache/Python/3.12.8/x64/lib/python3.12/site-packages/selenium/webdriver/support/wait.py:95: TimeoutException\n\nDuring handling of the above exception, another exception occurred:\n\ndriver = <selenium.webdriver.chrome.webdriver.WebDriver (session=\"6441746a5efd7e25dd7e01449b528171\")>\nmain_page_open = None\n\n    @pytest.fixture()\n    @allure.step('DEFAULT user authorized')\n    def default_user_authorized(driver, main_page_open):\n        page = BasePage(driver)\n        page.element_is_present_and_clickable(MainPageLocators.LOGIN_BUTTON).click()\n        page.element_is_visible(LoginPageLocators.INPUT_LOGIN).send_keys(os.environ[\"DEFAULT_LOGIN\"])\n        page.element_is_visible(LoginPageLocators.INPUT_PASSWORD).send_keys(os.environ[\"PASSWORD\"])\n        page.element_is_present_and_clickable(LoginPageLocators.SIGN_IN_BUTTON).click()\n>       page.check_expected_link(MainPageLinks.URL_GROUPS_PAGE)\n\ntests/conftest.py:97: \n_ _ _ _ _ _ _ _ _ _ _ _ _ _ _ _ _ _ _ _ _ _ _ _ _ _ _ _ _ _ _ _ _ _ _ _ _ _ _ _ \npages/base_page.py:72: in check_expected_link\n    return Wait(self.driver, self.timeout).until(\n_ _ _ _ _ _ _ _ _ _ _ _ _ _ _ _ _ _ _ _ _ _ _ _ _ _ _ _ _ _ _ _ _ _ _ _ _ _ _ _ \n\nself = <selenium.webdriver.support.wait.WebDriverWait (session=\"6441746a5efd7e25dd7e01449b528171\")>\nmethod = <function url_to_be.<locals>._predicate at 0x7f7e19c71bc0>\nmessage = \"Can't find element by locator https://brainup.site/groups\"\n\n    def until(self, method, message: str = \"\"):\n        \"\"\"Calls the method provided with the driver as an argument until the \\\n        return value does not evaluate to ``False``.\n    \n        :param method: callable(WebDriver)\n        :param message: optional message for :exc:`TimeoutException`\n        :returns: the result of the last call to `method`\n        :raises: :exc:`selenium.common.exceptions.TimeoutException` if timeout occurs\n        \"\"\"\n        screen = None\n        stacktrace = None\n    \n        end_time = time.monotonic() + self._timeout\n        while True:\n            try:\n                value = method(self._driver)\n                if value:\n                    return value\n            except self._ignored_exceptions as exc:\n                screen = getattr(exc, \"screen\", None)\n                stacktrace = getattr(exc, \"stacktrace\", None)\n            time.sleep(self._poll)\n            if time.monotonic() > end_time:\n                break\n>       raise TimeoutException(message, screen, stacktrace)\nE       selenium.common.exceptions.TimeoutException: Message: Can't find element by locator https://brainup.site/groups\n\n/opt/hostedtoolcache/Python/3.12.8/x64/lib/python3.12/site-packages/selenium/webdriver/support/wait.py:95: TimeoutException",
  "flaky" : false,
  "newFailed" : false,
  "beforeStages" : [ {
    "name" : "default_user_authorized",
    "time" : {
      "start" : 1736475246949,
      "stop" : 1736475287625,
      "duration" : 40676
    },
    "status" : "broken",
    "statusMessage" : "selenium.common.exceptions.TimeoutException: Message: Can't find element by locator https://brainup.site/groups\n\n",
    "statusTrace" : "  File \"/opt/hostedtoolcache/Python/3.12.8/x64/lib/python3.12/site-packages/pluggy/_callers.py\", line 103, in _multicall\n    res = hook_impl.function(*args)\n          ^^^^^^^^^^^^^^^^^^^^^^^^^\n  File \"/opt/hostedtoolcache/Python/3.12.8/x64/lib/python3.12/site-packages/_pytest/fixtures.py\", line 1123, in pytest_fixture_setup\n    result = call_fixture_func(fixturefunc, request, kwargs)\n             ^^^^^^^^^^^^^^^^^^^^^^^^^^^^^^^^^^^^^^^^^^^^^^^\n  File \"/opt/hostedtoolcache/Python/3.12.8/x64/lib/python3.12/site-packages/_pytest/fixtures.py\", line 902, in call_fixture_func\n    fixture_result = fixturefunc(**kwargs)\n                     ^^^^^^^^^^^^^^^^^^^^^\n  File \"/opt/hostedtoolcache/Python/3.12.8/x64/lib/python3.12/site-packages/allure_commons/_allure.py\", line 192, in impl\n    return func(*a, **kw)\n           ^^^^^^^^^^^^^^\n  File \"/home/runner/work/auto-tests-python/auto-tests-python/tests/conftest.py\", line 97, in default_user_authorized\n    page.check_expected_link(MainPageLinks.URL_GROUPS_PAGE)\n  File \"/home/runner/work/auto-tests-python/auto-tests-python/pages/base_page.py\", line 72, in check_expected_link\n    return Wait(self.driver, self.timeout).until(\n           ^^^^^^^^^^^^^^^^^^^^^^^^^^^^^^^^^^^^^^\n  File \"/opt/hostedtoolcache/Python/3.12.8/x64/lib/python3.12/site-packages/selenium/webdriver/support/wait.py\", line 95, in until\n    raise TimeoutException(message, screen, stacktrace)\n",
    "steps" : [ {
      "name" : "DEFAULT user authorized",
      "time" : {
        "start" : 1736475246949,
        "stop" : 1736475287624,
        "duration" : 40675
      },
      "status" : "broken",
      "statusMessage" : "selenium.common.exceptions.TimeoutException: Message: Can't find element by locator https://brainup.site/groups\n\n",
      "statusTrace" : "  File \"/opt/hostedtoolcache/Python/3.12.8/x64/lib/python3.12/site-packages/allure_commons/_allure.py\", line 192, in impl\n    return func(*a, **kw)\n           ^^^^^^^^^^^^^^\n  File \"/home/runner/work/auto-tests-python/auto-tests-python/tests/conftest.py\", line 97, in default_user_authorized\n    page.check_expected_link(MainPageLinks.URL_GROUPS_PAGE)\n  File \"/home/runner/work/auto-tests-python/auto-tests-python/pages/base_page.py\", line 72, in check_expected_link\n    return Wait(self.driver, self.timeout).until(\n           ^^^^^^^^^^^^^^^^^^^^^^^^^^^^^^^^^^^^^^\n  File \"/opt/hostedtoolcache/Python/3.12.8/x64/lib/python3.12/site-packages/selenium/webdriver/support/wait.py\", line 95, in until\n    raise TimeoutException(message, screen, stacktrace)\n",
      "steps" : [ {
        "name" : "Check url is present: https://brainup.site/groups",
        "time" : {
          "start" : 1736475247350,
          "stop" : 1736475287624,
          "duration" : 40274
        },
        "status" : "broken",
        "statusMessage" : "selenium.common.exceptions.TimeoutException: Message: Can't find element by locator https://brainup.site/groups\n\n",
        "statusTrace" : "  File \"/home/runner/work/auto-tests-python/auto-tests-python/pages/base_page.py\", line 72, in check_expected_link\n    return Wait(self.driver, self.timeout).until(\n           ^^^^^^^^^^^^^^^^^^^^^^^^^^^^^^^^^^^^^^\n  File \"/opt/hostedtoolcache/Python/3.12.8/x64/lib/python3.12/site-packages/selenium/webdriver/support/wait.py\", line 95, in until\n    raise TimeoutException(message, screen, stacktrace)\n",
        "steps" : [ ],
        "attachments" : [ ],
        "parameters" : [ ],
        "shouldDisplayMessage" : true,
        "hasContent" : true,
        "stepsCount" : 0,
        "attachmentsCount" : 0
      } ],
      "attachments" : [ ],
      "parameters" : [ {
        "name" : "driver",
        "value" : "<selenium.webdriver.chrome.webdriver.WebDriver (session=\"6441746a5efd7e25dd7e01449b528171\")>"
      }, {
        "name" : "main_page_open",
        "value" : "None"
      } ],
      "shouldDisplayMessage" : false,
      "hasContent" : true,
      "stepsCount" : 1,
      "attachmentsCount" : 0
    } ],
    "attachments" : [ ],
    "parameters" : [ ],
    "shouldDisplayMessage" : false,
    "hasContent" : true,
    "stepsCount" : 2,
    "attachmentsCount" : 0
  }, {
    "name" : "clear_allure_results_folder",
    "time" : {
      "start" : 1736473520388,
      "stop" : 1736473520388,
      "duration" : 0
    },
    "status" : "passed",
    "steps" : [ ],
    "attachments" : [ ],
    "parameters" : [ ],
    "shouldDisplayMessage" : false,
    "hasContent" : false,
    "stepsCount" : 0,
    "attachmentsCount" : 0
  }, {
    "name" : "driver",
    "time" : {
      "start" : 1736475243044,
      "stop" : 1736475243810,
      "duration" : 766
    },
    "status" : "passed",
    "steps" : [ ],
    "attachments" : [ ],
    "parameters" : [ ],
    "shouldDisplayMessage" : false,
    "hasContent" : false,
    "stepsCount" : 0,
    "attachmentsCount" : 0
  }, {
    "name" : "main_page_open",
    "time" : {
      "start" : 1736475243810,
      "stop" : 1736475246949,
      "duration" : 3139
    },
    "status" : "passed",
    "steps" : [ {
      "name" : "Open page: https://brainup.site/",
      "time" : {
        "start" : 1736475243810,
        "stop" : 1736475246949,
        "duration" : 3139
      },
      "status" : "passed",
      "steps" : [ ],
      "attachments" : [ ],
      "parameters" : [ {
        "name" : "driver",
        "value" : "<selenium.webdriver.chrome.webdriver.WebDriver (session=\"6441746a5efd7e25dd7e01449b528171\")>"
      } ],
      "shouldDisplayMessage" : false,
      "hasContent" : true,
      "stepsCount" : 0,
      "attachmentsCount" : 0
    } ],
    "attachments" : [ ],
    "parameters" : [ ],
    "shouldDisplayMessage" : false,
    "hasContent" : true,
    "stepsCount" : 1,
    "attachmentsCount" : 0
  } ],
  "afterStages" : [ {
    "name" : "driver::0",
    "time" : {
      "start" : 1736475287638,
      "stop" : 1736475287716,
      "duration" : 78
    },
    "status" : "passed",
    "steps" : [ ],
    "attachments" : [ ],
    "parameters" : [ ],
    "shouldDisplayMessage" : false,
    "hasContent" : false,
    "stepsCount" : 0,
    "attachmentsCount" : 0
  } ],
  "labels" : [ {
    "name" : "suite",
    "value" : "Речевые упражнения."
  }, {
    "name" : "epic",
    "value" : "Speech exercises."
  }, {
    "name" : "tag",
    "value" : "@pytest.mark.xfail"
  }, {
    "name" : "parentSuite",
    "value" : "tests"
  }, {
    "name" : "subSuite",
    "value" : "TestCardsRU"
  }, {
    "name" : "host",
    "value" : "fv-az1705-565"
  }, {
    "name" : "thread",
    "value" : "2390-MainThread"
  }, {
    "name" : "framework",
    "value" : "pytest"
  }, {
    "name" : "language",
    "value" : "cpython3"
  }, {
    "name" : "package",
    "value" : "tests.test_speech_exercises_ru"
  }, {
    "name" : "resultFormat",
    "value" : "allure2"
  } ],
  "parameters" : [ ],
  "links" : [ ],
  "hidden" : false,
  "retry" : false,
  "extra" : {
    "severity" : "normal",
    "retries" : [ ],
    "categories" : [ ],
    "history" : {
      "statistic" : {
        "failed" : 0,
        "broken" : 0,
        "skipped" : 42,
        "passed" : 54,
        "unknown" : 0,
        "total" : 96
      },
      "items" : [ {
        "uid" : "ead8d5edaf745d56",
        "reportUrl" : "https://lambotik.github.io/auto-tests-python/149//#testresult/ead8d5edaf745d56",
        "status" : "skipped",
        "statusDetails" : "XFAIL\n\nselenium.common.exceptions.TimeoutException: Message: Can't find element by locator https://brainup.site/groups",
        "time" : {
          "start" : 1736390318231,
          "stop" : 1736390318231,
          "duration" : 0
        }
      }, {
        "uid" : "709243a52203eb3d",
        "reportUrl" : "https://lambotik.github.io/auto-tests-python/148//#testresult/709243a52203eb3d",
        "status" : "skipped",
        "statusDetails" : "XFAIL\n\nselenium.common.exceptions.TimeoutException: Message: Can't find element by locator https://brainup.site/groups",
        "time" : {
          "start" : 1736302361573,
          "stop" : 1736302361573,
          "duration" : 0
        }
      }, {
        "uid" : "211eb40792776b69",
        "reportUrl" : "https://lambotik.github.io/auto-tests-python/147//#testresult/211eb40792776b69",
        "status" : "skipped",
        "statusDetails" : "XFAIL\n\nselenium.common.exceptions.TimeoutException: Message: Can't find element by locator https://brainup.site/groups",
        "time" : {
          "start" : 1736215939527,
          "stop" : 1736215939527,
          "duration" : 0
        }
      }, {
        "uid" : "3ce86d06b0f27c22",
        "reportUrl" : "https://lambotik.github.io/auto-tests-python/146//#testresult/3ce86d06b0f27c22",
        "status" : "skipped",
        "statusDetails" : "XFAIL\n\nselenium.common.exceptions.TimeoutException: Message: Can't find element by locator https://brainup.site/groups",
        "time" : {
          "start" : 1736129764042,
          "stop" : 1736129764042,
          "duration" : 0
        }
      }, {
        "uid" : "7316fb42fe7a0e24",
        "reportUrl" : "https://lambotik.github.io/auto-tests-python/145//#testresult/7316fb42fe7a0e24",
        "status" : "skipped",
        "statusDetails" : "XFAIL\n\nselenium.common.exceptions.TimeoutException: Message: Can't find element by locator https://brainup.site/groups",
        "time" : {
          "start" : 1736043535470,
          "stop" : 1736043535470,
          "duration" : 0
        }
      }, {
        "uid" : "a9a48c0205670fb1",
        "reportUrl" : "https://lambotik.github.io/auto-tests-python/144//#testresult/a9a48c0205670fb1",
        "status" : "skipped",
        "statusDetails" : "XFAIL\n\nselenium.common.exceptions.TimeoutException: Message: Can't find element by locator https://brainup.site/groups",
        "time" : {
          "start" : 1735956719989,
          "stop" : 1735956719989,
          "duration" : 0
        }
      }, {
        "uid" : "bf27682db8babe00",
        "reportUrl" : "https://lambotik.github.io/auto-tests-python/143//#testresult/bf27682db8babe00",
        "status" : "skipped",
        "statusDetails" : "XFAIL\n\nselenium.common.exceptions.TimeoutException: Message: Can't find element by locator https://brainup.site/groups",
        "time" : {
          "start" : 1735870348557,
          "stop" : 1735870348557,
          "duration" : 0
        }
      }, {
        "uid" : "fc79ad50d19bc117",
        "reportUrl" : "https://lambotik.github.io/auto-tests-python/142//#testresult/fc79ad50d19bc117",
        "status" : "skipped",
        "statusDetails" : "XFAIL\n\nselenium.common.exceptions.TimeoutException: Message: Can't find element by locator https://brainup.site/groups",
        "time" : {
          "start" : 1735783892909,
          "stop" : 1735783892909,
          "duration" : 0
        }
      }, {
        "uid" : "4ad36f01c3ff4346",
        "reportUrl" : "https://lambotik.github.io/auto-tests-python/141//#testresult/4ad36f01c3ff4346",
        "status" : "skipped",
        "statusDetails" : "XFAIL\n\nselenium.common.exceptions.TimeoutException: Message: Can't find element by locator https://brainup.site/groups",
        "time" : {
          "start" : 1735697929689,
          "stop" : 1735697929689,
          "duration" : 0
        }
      }, {
        "uid" : "e106dd047a051374",
        "reportUrl" : "https://lambotik.github.io/auto-tests-python/140//#testresult/e106dd047a051374",
        "status" : "skipped",
        "statusDetails" : "XFAIL\n\nselenium.common.exceptions.TimeoutException: Message: Can't find element by locator https://brainup.site/groups",
        "time" : {
          "start" : 1735611232211,
          "stop" : 1735611232211,
          "duration" : 0
        }
      }, {
        "uid" : "2d241ece2ac5eca3",
        "reportUrl" : "https://lambotik.github.io/auto-tests-python/139//#testresult/2d241ece2ac5eca3",
        "status" : "skipped",
        "statusDetails" : "XFAIL\n\nselenium.common.exceptions.TimeoutException: Message: Can't find element by locator https://brainup.site/groups",
        "time" : {
          "start" : 1735524916537,
          "stop" : 1735524916537,
          "duration" : 0
        }
      }, {
        "uid" : "95a788ce4143d239",
        "reportUrl" : "https://lambotik.github.io/auto-tests-python/138//#testresult/95a788ce4143d239",
        "status" : "skipped",
        "statusDetails" : "XFAIL\n\nselenium.common.exceptions.TimeoutException: Message: Can't find element by locator https://brainup.site/groups",
        "time" : {
          "start" : 1735438775850,
          "stop" : 1735438775850,
          "duration" : 0
        }
      }, {
        "uid" : "6f02a4d006ded53a",
        "reportUrl" : "https://lambotik.github.io/auto-tests-python/137//#testresult/6f02a4d006ded53a",
        "status" : "skipped",
        "statusDetails" : "XFAIL\n\nselenium.common.exceptions.TimeoutException: Message: Can't find element by locator https://brainup.site/groups",
        "time" : {
          "start" : 1735351744159,
          "stop" : 1735351744159,
          "duration" : 0
        }
      }, {
        "uid" : "ac500ac7fd9bd05e",
        "reportUrl" : "https://lambotik.github.io/auto-tests-python/136//#testresult/ac500ac7fd9bd05e",
        "status" : "skipped",
        "statusDetails" : "XFAIL\n\nselenium.common.exceptions.TimeoutException: Message: Can't find element by locator https://brainup.site/groups",
        "time" : {
          "start" : 1735265666636,
          "stop" : 1735265666636,
          "duration" : 0
        }
      }, {
        "uid" : "cd761849459393c6",
        "reportUrl" : "https://lambotik.github.io/auto-tests-python/81//#testresult/cd761849459393c6",
        "status" : "passed",
        "statusDetails" : "XPASS",
        "time" : {
          "start" : 1730512468029,
          "stop" : 1730512598272,
          "duration" : 130243
        }
      }, {
        "uid" : "81df76be1c2f418b",
        "reportUrl" : "https://lambotik.github.io/auto-tests-python/80//#testresult/81df76be1c2f418b",
        "status" : "passed",
        "statusDetails" : "XPASS",
        "time" : {
          "start" : 1730426609267,
          "stop" : 1730426851782,
          "duration" : 242515
        }
      }, {
        "uid" : "1815866b66dc157a",
        "reportUrl" : "https://lambotik.github.io/auto-tests-python/79//#testresult/1815866b66dc157a",
        "status" : "passed",
        "statusDetails" : "XPASS",
        "time" : {
          "start" : 1730339837688,
          "stop" : 1730340029727,
          "duration" : 192039
        }
      }, {
        "uid" : "c4177bdea3394564",
        "reportUrl" : "https://lambotik.github.io/auto-tests-python/78//#testresult/c4177bdea3394564",
        "status" : "passed",
        "statusDetails" : "XPASS",
        "time" : {
          "start" : 1730253342488,
          "stop" : 1730253376357,
          "duration" : 33869
        }
      }, {
        "uid" : "2d9e17b8f4f3fe9b",
        "reportUrl" : "https://lambotik.github.io/auto-tests-python/77//#testresult/2d9e17b8f4f3fe9b",
        "status" : "passed",
        "statusDetails" : "XPASS",
        "time" : {
          "start" : 1730167070822,
          "stop" : 1730167096221,
          "duration" : 25399
        }
      }, {
        "uid" : "18b58b5ca0129e72",
        "reportUrl" : "https://lambotik.github.io/auto-tests-python/76//#testresult/18b58b5ca0129e72",
        "status" : "passed",
        "statusDetails" : "XPASS",
        "time" : {
          "start" : 1730080824595,
          "stop" : 1730080850647,
          "duration" : 26052
        }
      } ]
    },
    "tags" : [ "@pytest.mark.xfail" ]
  },
  "source" : "a4661edfb5eb3806.json",
  "parameterValues" : [ ]
}