{
  "uid" : "efce4b66274edd7d",
  "name" : "Verify redirection to used resources page not authorized user.",
  "fullName" : "tests.main_page_test.TestMainPage#test_mp_08_verify_redirection_to_used_resources_page",
  "historyId" : "43df35c0ef3ab6719310f8b9b9ee7530",
  "time" : {
    "start" : 1738547948621,
    "stop" : 1738547989083,
    "duration" : 40462
  },
  "status" : "broken",
  "statusMessage" : "selenium.common.exceptions.TimeoutException: Message: Can't find element by locator https://brainup.site/used-resources",
  "statusTrace" : "self = <pages.main_page.MainPage object at 0x7f76aae9bef0>\nurl = 'https://brainup.site/used-resources'\n\n    def check_expected_link(self, url):\n        with allure.step(f'Check url is present: {url}'):\n            try:\n>               return Wait(self.driver, self.timeout).until(\n                    ec.url_to_be(url), message=f\"Can't find element by locator {url}\")\n\npages/base_page.py:68: \n_ _ _ _ _ _ _ _ _ _ _ _ _ _ _ _ _ _ _ _ _ _ _ _ _ _ _ _ _ _ _ _ _ _ _ _ _ _ _ _ \n\nself = <selenium.webdriver.support.wait.WebDriverWait (session=\"35604893ef0a3415d90bb1fdaa28e783\")>\nmethod = <function url_to_be.<locals>._predicate at 0x7f76aae73240>\nmessage = \"Can't find element by locator https://brainup.site/used-resources\"\n\n    def until(self, method, message: str = \"\"):\n        \"\"\"Calls the method provided with the driver as an argument until the \\\n        return value does not evaluate to ``False``.\n    \n        :param method: callable(WebDriver)\n        :param message: optional message for :exc:`TimeoutException`\n        :returns: the result of the last call to `method`\n        :raises: :exc:`selenium.common.exceptions.TimeoutException` if timeout occurs\n        \"\"\"\n        screen = None\n        stacktrace = None\n    \n        end_time = time.monotonic() + self._timeout\n        while True:\n            try:\n                value = method(self._driver)\n                if value:\n                    return value\n            except self._ignored_exceptions as exc:\n                screen = getattr(exc, \"screen\", None)\n                stacktrace = getattr(exc, \"stacktrace\", None)\n            time.sleep(self._poll)\n            if time.monotonic() > end_time:\n                break\n>       raise TimeoutException(message, screen, stacktrace)\nE       selenium.common.exceptions.TimeoutException: Message: Can't find element by locator https://brainup.site/used-resources\n\n/opt/hostedtoolcache/Python/3.12.8/x64/lib/python3.12/site-packages/selenium/webdriver/support/wait.py:95: TimeoutException\n\nDuring handling of the above exception, another exception occurred:\n\nself = <tests.main_page_test.TestMainPage object at 0x7f76ab03d550>\ndriver = <selenium.webdriver.chrome.webdriver.WebDriver (session=\"35604893ef0a3415d90bb1fdaa28e783\")>\nmain_page_open = None\n\n    @allure.title(\"Verify redirection to used resources page not authorized user.\")\n    def test_mp_08_verify_redirection_to_used_resources_page(self, driver, main_page_open):\n        page = MainPage(driver)\n>       resources_page_url = page.open_used_resources_page()\n\ntests/main_page_test.py:57: \n_ _ _ _ _ _ _ _ _ _ _ _ _ _ _ _ _ _ _ _ _ _ _ _ _ _ _ _ _ _ _ _ _ _ _ _ _ _ _ _ \npages/main_page.py:68: in open_used_resources_page\n    self.check_expected_link(MainPageLinks.URL_USED_RESOURCES_PAGE)\npages/base_page.py:72: in check_expected_link\n    return Wait(self.driver, self.timeout).until(\n_ _ _ _ _ _ _ _ _ _ _ _ _ _ _ _ _ _ _ _ _ _ _ _ _ _ _ _ _ _ _ _ _ _ _ _ _ _ _ _ \n\nself = <selenium.webdriver.support.wait.WebDriverWait (session=\"35604893ef0a3415d90bb1fdaa28e783\")>\nmethod = <function url_to_be.<locals>._predicate at 0x7f76aae73060>\nmessage = \"Can't find element by locator https://brainup.site/used-resources\"\n\n    def until(self, method, message: str = \"\"):\n        \"\"\"Calls the method provided with the driver as an argument until the \\\n        return value does not evaluate to ``False``.\n    \n        :param method: callable(WebDriver)\n        :param message: optional message for :exc:`TimeoutException`\n        :returns: the result of the last call to `method`\n        :raises: :exc:`selenium.common.exceptions.TimeoutException` if timeout occurs\n        \"\"\"\n        screen = None\n        stacktrace = None\n    \n        end_time = time.monotonic() + self._timeout\n        while True:\n            try:\n                value = method(self._driver)\n                if value:\n                    return value\n            except self._ignored_exceptions as exc:\n                screen = getattr(exc, \"screen\", None)\n                stacktrace = getattr(exc, \"stacktrace\", None)\n            time.sleep(self._poll)\n            if time.monotonic() > end_time:\n                break\n>       raise TimeoutException(message, screen, stacktrace)\nE       selenium.common.exceptions.TimeoutException: Message: Can't find element by locator https://brainup.site/used-resources\n\n/opt/hostedtoolcache/Python/3.12.8/x64/lib/python3.12/site-packages/selenium/webdriver/support/wait.py:95: TimeoutException",
  "flaky" : false,
  "newFailed" : false,
  "beforeStages" : [ {
    "name" : "clear_allure_results_folder",
    "time" : {
      "start" : 1738546899097,
      "stop" : 1738546899098,
      "duration" : 1
    },
    "status" : "passed",
    "steps" : [ ],
    "attachments" : [ ],
    "parameters" : [ ],
    "stepsCount" : 0,
    "attachmentsCount" : 0,
    "shouldDisplayMessage" : false,
    "hasContent" : false
  }, {
    "name" : "main_page_open",
    "time" : {
      "start" : 1738547943783,
      "stop" : 1738547948621,
      "duration" : 4838
    },
    "status" : "passed",
    "steps" : [ {
      "name" : "Open page: https://brainup.site/",
      "time" : {
        "start" : 1738547943783,
        "stop" : 1738547948621,
        "duration" : 4838
      },
      "status" : "passed",
      "steps" : [ ],
      "attachments" : [ ],
      "parameters" : [ {
        "name" : "driver",
        "value" : "<selenium.webdriver.chrome.webdriver.WebDriver (session=\"35604893ef0a3415d90bb1fdaa28e783\")>"
      } ],
      "stepsCount" : 0,
      "attachmentsCount" : 0,
      "shouldDisplayMessage" : false,
      "hasContent" : true
    } ],
    "attachments" : [ ],
    "parameters" : [ ],
    "stepsCount" : 1,
    "attachmentsCount" : 0,
    "shouldDisplayMessage" : false,
    "hasContent" : true
  }, {
    "name" : "driver",
    "time" : {
      "start" : 1738547943016,
      "stop" : 1738547943782,
      "duration" : 766
    },
    "status" : "passed",
    "steps" : [ ],
    "attachments" : [ ],
    "parameters" : [ ],
    "stepsCount" : 0,
    "attachmentsCount" : 0,
    "shouldDisplayMessage" : false,
    "hasContent" : false
  } ],
  "testStage" : {
    "status" : "broken",
    "statusMessage" : "selenium.common.exceptions.TimeoutException: Message: Can't find element by locator https://brainup.site/used-resources",
    "statusTrace" : "self = <pages.main_page.MainPage object at 0x7f76aae9bef0>\nurl = 'https://brainup.site/used-resources'\n\n    def check_expected_link(self, url):\n        with allure.step(f'Check url is present: {url}'):\n            try:\n>               return Wait(self.driver, self.timeout).until(\n                    ec.url_to_be(url), message=f\"Can't find element by locator {url}\")\n\npages/base_page.py:68: \n_ _ _ _ _ _ _ _ _ _ _ _ _ _ _ _ _ _ _ _ _ _ _ _ _ _ _ _ _ _ _ _ _ _ _ _ _ _ _ _ \n\nself = <selenium.webdriver.support.wait.WebDriverWait (session=\"35604893ef0a3415d90bb1fdaa28e783\")>\nmethod = <function url_to_be.<locals>._predicate at 0x7f76aae73240>\nmessage = \"Can't find element by locator https://brainup.site/used-resources\"\n\n    def until(self, method, message: str = \"\"):\n        \"\"\"Calls the method provided with the driver as an argument until the \\\n        return value does not evaluate to ``False``.\n    \n        :param method: callable(WebDriver)\n        :param message: optional message for :exc:`TimeoutException`\n        :returns: the result of the last call to `method`\n        :raises: :exc:`selenium.common.exceptions.TimeoutException` if timeout occurs\n        \"\"\"\n        screen = None\n        stacktrace = None\n    \n        end_time = time.monotonic() + self._timeout\n        while True:\n            try:\n                value = method(self._driver)\n                if value:\n                    return value\n            except self._ignored_exceptions as exc:\n                screen = getattr(exc, \"screen\", None)\n                stacktrace = getattr(exc, \"stacktrace\", None)\n            time.sleep(self._poll)\n            if time.monotonic() > end_time:\n                break\n>       raise TimeoutException(message, screen, stacktrace)\nE       selenium.common.exceptions.TimeoutException: Message: Can't find element by locator https://brainup.site/used-resources\n\n/opt/hostedtoolcache/Python/3.12.8/x64/lib/python3.12/site-packages/selenium/webdriver/support/wait.py:95: TimeoutException\n\nDuring handling of the above exception, another exception occurred:\n\nself = <tests.main_page_test.TestMainPage object at 0x7f76ab03d550>\ndriver = <selenium.webdriver.chrome.webdriver.WebDriver (session=\"35604893ef0a3415d90bb1fdaa28e783\")>\nmain_page_open = None\n\n    @allure.title(\"Verify redirection to used resources page not authorized user.\")\n    def test_mp_08_verify_redirection_to_used_resources_page(self, driver, main_page_open):\n        page = MainPage(driver)\n>       resources_page_url = page.open_used_resources_page()\n\ntests/main_page_test.py:57: \n_ _ _ _ _ _ _ _ _ _ _ _ _ _ _ _ _ _ _ _ _ _ _ _ _ _ _ _ _ _ _ _ _ _ _ _ _ _ _ _ \npages/main_page.py:68: in open_used_resources_page\n    self.check_expected_link(MainPageLinks.URL_USED_RESOURCES_PAGE)\npages/base_page.py:72: in check_expected_link\n    return Wait(self.driver, self.timeout).until(\n_ _ _ _ _ _ _ _ _ _ _ _ _ _ _ _ _ _ _ _ _ _ _ _ _ _ _ _ _ _ _ _ _ _ _ _ _ _ _ _ \n\nself = <selenium.webdriver.support.wait.WebDriverWait (session=\"35604893ef0a3415d90bb1fdaa28e783\")>\nmethod = <function url_to_be.<locals>._predicate at 0x7f76aae73060>\nmessage = \"Can't find element by locator https://brainup.site/used-resources\"\n\n    def until(self, method, message: str = \"\"):\n        \"\"\"Calls the method provided with the driver as an argument until the \\\n        return value does not evaluate to ``False``.\n    \n        :param method: callable(WebDriver)\n        :param message: optional message for :exc:`TimeoutException`\n        :returns: the result of the last call to `method`\n        :raises: :exc:`selenium.common.exceptions.TimeoutException` if timeout occurs\n        \"\"\"\n        screen = None\n        stacktrace = None\n    \n        end_time = time.monotonic() + self._timeout\n        while True:\n            try:\n                value = method(self._driver)\n                if value:\n                    return value\n            except self._ignored_exceptions as exc:\n                screen = getattr(exc, \"screen\", None)\n                stacktrace = getattr(exc, \"stacktrace\", None)\n            time.sleep(self._poll)\n            if time.monotonic() > end_time:\n                break\n>       raise TimeoutException(message, screen, stacktrace)\nE       selenium.common.exceptions.TimeoutException: Message: Can't find element by locator https://brainup.site/used-resources\n\n/opt/hostedtoolcache/Python/3.12.8/x64/lib/python3.12/site-packages/selenium/webdriver/support/wait.py:95: TimeoutException",
    "steps" : [ {
      "name" : "Open used resources page",
      "time" : {
        "start" : 1738547948622,
        "stop" : 1738547989082,
        "duration" : 40460
      },
      "status" : "broken",
      "statusMessage" : "selenium.common.exceptions.TimeoutException: Message: Can't find element by locator https://brainup.site/used-resources\n\n",
      "statusTrace" : "  File \"/opt/hostedtoolcache/Python/3.12.8/x64/lib/python3.12/site-packages/allure_commons/_allure.py\", line 192, in impl\n    return func(*a, **kw)\n           ^^^^^^^^^^^^^^\n  File \"/home/runner/work/auto-tests-python/auto-tests-python/pages/main_page.py\", line 68, in open_used_resources_page\n    self.check_expected_link(MainPageLinks.URL_USED_RESOURCES_PAGE)\n  File \"/home/runner/work/auto-tests-python/auto-tests-python/pages/base_page.py\", line 72, in check_expected_link\n    return Wait(self.driver, self.timeout).until(\n           ^^^^^^^^^^^^^^^^^^^^^^^^^^^^^^^^^^^^^^\n  File \"/opt/hostedtoolcache/Python/3.12.8/x64/lib/python3.12/site-packages/selenium/webdriver/support/wait.py\", line 95, in until\n    raise TimeoutException(message, screen, stacktrace)\n",
      "steps" : [ {
        "name" : "Check url is present: https://brainup.site/used-resources",
        "time" : {
          "start" : 1738547948797,
          "stop" : 1738547989082,
          "duration" : 40285
        },
        "status" : "broken",
        "statusMessage" : "selenium.common.exceptions.TimeoutException: Message: Can't find element by locator https://brainup.site/used-resources\n\n",
        "statusTrace" : "  File \"/home/runner/work/auto-tests-python/auto-tests-python/pages/base_page.py\", line 72, in check_expected_link\n    return Wait(self.driver, self.timeout).until(\n           ^^^^^^^^^^^^^^^^^^^^^^^^^^^^^^^^^^^^^^\n  File \"/opt/hostedtoolcache/Python/3.12.8/x64/lib/python3.12/site-packages/selenium/webdriver/support/wait.py\", line 95, in until\n    raise TimeoutException(message, screen, stacktrace)\n",
        "steps" : [ ],
        "attachments" : [ ],
        "parameters" : [ ],
        "stepsCount" : 0,
        "attachmentsCount" : 0,
        "shouldDisplayMessage" : true,
        "hasContent" : true
      } ],
      "attachments" : [ ],
      "parameters" : [ ],
      "stepsCount" : 1,
      "attachmentsCount" : 0,
      "shouldDisplayMessage" : false,
      "hasContent" : true
    } ],
    "attachments" : [ {
      "uid" : "d305a882016257c0",
      "name" : "Screenshot 2025-02-03 01:59:49.175642",
      "source" : "d305a882016257c0.png",
      "type" : "image/png",
      "size" : 58734
    } ],
    "parameters" : [ ],
    "stepsCount" : 2,
    "attachmentsCount" : 1,
    "shouldDisplayMessage" : true,
    "hasContent" : true
  },
  "afterStages" : [ {
    "name" : "driver::0",
    "time" : {
      "start" : 1738547989177,
      "stop" : 1738547989247,
      "duration" : 70
    },
    "status" : "passed",
    "steps" : [ ],
    "attachments" : [ ],
    "parameters" : [ ],
    "stepsCount" : 0,
    "attachmentsCount" : 0,
    "shouldDisplayMessage" : false,
    "hasContent" : false
  } ],
  "labels" : [ {
    "name" : "epic",
    "value" : "Main Page."
  }, {
    "name" : "parentSuite",
    "value" : "tests"
  }, {
    "name" : "suite",
    "value" : "main_page_test"
  }, {
    "name" : "subSuite",
    "value" : "TestMainPage"
  }, {
    "name" : "host",
    "value" : "fv-az1915-242"
  }, {
    "name" : "thread",
    "value" : "2420-MainThread"
  }, {
    "name" : "framework",
    "value" : "pytest"
  }, {
    "name" : "language",
    "value" : "cpython3"
  }, {
    "name" : "package",
    "value" : "tests.main_page_test"
  }, {
    "name" : "resultFormat",
    "value" : "allure2"
  } ],
  "parameters" : [ ],
  "links" : [ ],
  "hidden" : false,
  "retry" : false,
  "extra" : {
    "severity" : "normal",
    "retries" : [ ],
    "categories" : [ {
      "name" : "Test defects",
      "matchedStatuses" : [ ],
      "flaky" : false
    } ],
    "history" : {
      "statistic" : {
        "failed" : 0,
        "broken" : 41,
        "skipped" : 0,
        "passed" : 78,
        "unknown" : 0,
        "total" : 119
      },
      "items" : [ {
        "uid" : "5ecc4c19968dacc8",
        "reportUrl" : "https://lambotik.github.io/auto-tests-python/173//#testresult/5ecc4c19968dacc8",
        "status" : "broken",
        "statusDetails" : "selenium.common.exceptions.TimeoutException: Message: Can't find element by locator https://brainup.site/used-resources",
        "time" : {
          "start" : 1738461616816,
          "stop" : 1738461657275,
          "duration" : 40459
        }
      }, {
        "uid" : "ce08f0e839a2ab8c",
        "reportUrl" : "https://lambotik.github.io/auto-tests-python/172//#testresult/ce08f0e839a2ab8c",
        "status" : "broken",
        "statusDetails" : "selenium.common.exceptions.TimeoutException: Message: Can't find element by locator https://brainup.site/used-resources",
        "time" : {
          "start" : 1738375347420,
          "stop" : 1738375387928,
          "duration" : 40508
        }
      }, {
        "uid" : "a9928a542c33a82f",
        "reportUrl" : "https://lambotik.github.io/auto-tests-python/170//#testresult/a9928a542c33a82f",
        "status" : "broken",
        "statusDetails" : "selenium.common.exceptions.TimeoutException: Message: Can't find element by locator https://brainup.site/used-resources",
        "time" : {
          "start" : 1738202125904,
          "stop" : 1738202166336,
          "duration" : 40432
        }
      }, {
        "uid" : "72cf5707e7968da6",
        "reportUrl" : "https://lambotik.github.io/auto-tests-python/169//#testresult/72cf5707e7968da6",
        "status" : "broken",
        "statusDetails" : "selenium.common.exceptions.TimeoutException: Message: Can't find element by locator https://brainup.site/used-resources",
        "time" : {
          "start" : 1738115723613,
          "stop" : 1738115764050,
          "duration" : 40437
        }
      }, {
        "uid" : "c7efec0d4fcde38b",
        "reportUrl" : "https://lambotik.github.io/auto-tests-python/168//#testresult/c7efec0d4fcde38b",
        "status" : "broken",
        "statusDetails" : "selenium.common.exceptions.TimeoutException: Message: Can't find element by locator https://brainup.site/used-resources",
        "time" : {
          "start" : 1738029413444,
          "stop" : 1738029453868,
          "duration" : 40424
        }
      }, {
        "uid" : "9cc7859b90df7af7",
        "reportUrl" : "https://lambotik.github.io/auto-tests-python/167//#testresult/9cc7859b90df7af7",
        "status" : "broken",
        "statusDetails" : "selenium.common.exceptions.TimeoutException: Message: Can't find element by locator https://brainup.site/used-resources",
        "time" : {
          "start" : 1737943039169,
          "stop" : 1737943079624,
          "duration" : 40455
        }
      }, {
        "uid" : "bfe682ff3ff5f42d",
        "reportUrl" : "https://lambotik.github.io/auto-tests-python/166//#testresult/bfe682ff3ff5f42d",
        "status" : "broken",
        "statusDetails" : "selenium.common.exceptions.TimeoutException: Message: Can't find element by locator https://brainup.site/used-resources",
        "time" : {
          "start" : 1737856686196,
          "stop" : 1737856726724,
          "duration" : 40528
        }
      }, {
        "uid" : "c4eeaeae961dc349",
        "reportUrl" : "https://lambotik.github.io/auto-tests-python/165//#testresult/c4eeaeae961dc349",
        "status" : "broken",
        "statusDetails" : "selenium.common.exceptions.TimeoutException: Message: Can't find element by locator https://brainup.site/used-resources",
        "time" : {
          "start" : 1737769926835,
          "stop" : 1737769967270,
          "duration" : 40435
        }
      }, {
        "uid" : "9ae2a86931ee6185",
        "reportUrl" : "https://lambotik.github.io/auto-tests-python/164//#testresult/9ae2a86931ee6185",
        "status" : "broken",
        "statusDetails" : "selenium.common.exceptions.TimeoutException: Message: Can't find element by locator https://brainup.site/used-resources",
        "time" : {
          "start" : 1737683748802,
          "stop" : 1737683789305,
          "duration" : 40503
        }
      }, {
        "uid" : "3e349effac849c10",
        "reportUrl" : "https://lambotik.github.io/auto-tests-python/163//#testresult/3e349effac849c10",
        "status" : "broken",
        "statusDetails" : "selenium.common.exceptions.TimeoutException: Message: Can't find element by locator https://brainup.site/used-resources",
        "time" : {
          "start" : 1737597372232,
          "stop" : 1737597412675,
          "duration" : 40443
        }
      }, {
        "uid" : "28f9fb58b3dea366",
        "reportUrl" : "https://lambotik.github.io/auto-tests-python/162//#testresult/28f9fb58b3dea366",
        "status" : "broken",
        "statusDetails" : "selenium.common.exceptions.TimeoutException: Message: Can't find element by locator https://brainup.site/used-resources",
        "time" : {
          "start" : 1737511030651,
          "stop" : 1737511071098,
          "duration" : 40447
        }
      }, {
        "uid" : "ca41bc61628f3483",
        "reportUrl" : "https://lambotik.github.io/auto-tests-python/161//#testresult/ca41bc61628f3483",
        "status" : "broken",
        "statusDetails" : "selenium.common.exceptions.TimeoutException: Message: Can't find element by locator https://brainup.site/used-resources",
        "time" : {
          "start" : 1737424624527,
          "stop" : 1737424664972,
          "duration" : 40445
        }
      }, {
        "uid" : "945d9e5c7b5af6ce",
        "reportUrl" : "https://lambotik.github.io/auto-tests-python/160//#testresult/945d9e5c7b5af6ce",
        "status" : "broken",
        "statusDetails" : "selenium.common.exceptions.TimeoutException: Message: Can't find element by locator https://brainup.site/used-resources",
        "time" : {
          "start" : 1737338279543,
          "stop" : 1737338319980,
          "duration" : 40437
        }
      }, {
        "uid" : "f52c22771884382f",
        "reportUrl" : "https://lambotik.github.io/auto-tests-python/159//#testresult/f52c22771884382f",
        "status" : "broken",
        "statusDetails" : "selenium.common.exceptions.TimeoutException: Message: Can't find element by locator https://brainup.site/used-resources",
        "time" : {
          "start" : 1737252128835,
          "stop" : 1737252169308,
          "duration" : 40473
        }
      }, {
        "uid" : "3b367826c0ab7bda",
        "reportUrl" : "https://lambotik.github.io/auto-tests-python/158//#testresult/3b367826c0ab7bda",
        "status" : "broken",
        "statusDetails" : "selenium.common.exceptions.TimeoutException: Message: Can't find element by locator https://brainup.site/used-resources",
        "time" : {
          "start" : 1737165130824,
          "stop" : 1737165171299,
          "duration" : 40475
        }
      }, {
        "uid" : "afb69c35f85a9749",
        "reportUrl" : "https://lambotik.github.io/auto-tests-python/157//#testresult/afb69c35f85a9749",
        "status" : "broken",
        "statusDetails" : "selenium.common.exceptions.TimeoutException: Message: Can't find element by locator https://brainup.site/used-resources",
        "time" : {
          "start" : 1737078868818,
          "stop" : 1737078909285,
          "duration" : 40467
        }
      }, {
        "uid" : "79ea6a9a3d526a00",
        "reportUrl" : "https://lambotik.github.io/auto-tests-python/156//#testresult/79ea6a9a3d526a00",
        "status" : "broken",
        "statusDetails" : "selenium.common.exceptions.TimeoutException: Message: Can't find element by locator https://brainup.site/used-resources",
        "time" : {
          "start" : 1736992590352,
          "stop" : 1736992630805,
          "duration" : 40453
        }
      }, {
        "uid" : "a0fef04b4584f39b",
        "reportUrl" : "https://lambotik.github.io/auto-tests-python/155//#testresult/a0fef04b4584f39b",
        "status" : "broken",
        "statusDetails" : "selenium.common.exceptions.TimeoutException: Message: Can't find element by locator https://brainup.site/used-resources",
        "time" : {
          "start" : 1736906169963,
          "stop" : 1736906210407,
          "duration" : 40444
        }
      }, {
        "uid" : "9dd077cec2c79571",
        "reportUrl" : "https://lambotik.github.io/auto-tests-python/154//#testresult/9dd077cec2c79571",
        "status" : "broken",
        "statusDetails" : "selenium.common.exceptions.TimeoutException: Message: Can't find element by locator https://brainup.site/used-resources",
        "time" : {
          "start" : 1736819751846,
          "stop" : 1736819792331,
          "duration" : 40485
        }
      }, {
        "uid" : "2bb45850c7dfe9c1",
        "reportUrl" : "https://lambotik.github.io/auto-tests-python/153//#testresult/2bb45850c7dfe9c1",
        "status" : "broken",
        "statusDetails" : "selenium.common.exceptions.TimeoutException: Message: Can't find element by locator https://brainup.site/used-resources",
        "time" : {
          "start" : 1736733792035,
          "stop" : 1736733832510,
          "duration" : 40475
        }
      } ]
    },
    "tags" : [ ]
  },
  "source" : "efce4b66274edd7d.json",
  "parameterValues" : [ ]
}