{
  "uid" : "386345c5c8910554",
  "name" : "Verify values of the text in card descriptions",
  "fullName" : "tests.contributors_page_test.TestContributorsPageText#test_cnp_02_04_verify_text_of_card_descriptions",
  "historyId" : "5d4e7ac22a6f34d3c7b45f7b2c907a8b",
  "time" : {
    "start" : 1738374450535,
    "stop" : 1738374450904,
    "duration" : 369
  },
  "status" : "failed",
  "statusMessage" : "AssertionError: Text in descriptions is absent or mismatches valid count\nassert 70 == 67\n +  where 67 = ContributorsPageData.description_count",
  "statusTrace" : "self = <tests.contributors_page_test.TestContributorsPage.TestContributorsPageText object at 0x7fa507b1f290>\ndriver = <selenium.webdriver.chrome.webdriver.WebDriver (session=\"7d7d28b173546fee2c05a2b6c3f2c19f\")>\ncontributors_page_open = None\n\n    @allure.title(\"Verify values of the text in card descriptions\")\n    def test_cnp_02_04_verify_text_of_card_descriptions(self, driver, contributors_page_open):\n        page = ContributorsPage(driver)\n        description_values = page.check_values_of_card_descriptions()\n>       assert description_values == ContributorsPageData.description_count, \\\n            \"Text in descriptions is absent or mismatches valid count\"\nE       AssertionError: Text in descriptions is absent or mismatches valid count\nE       assert 70 == 67\nE        +  where 67 = ContributorsPageData.description_count\n\ntests/contributors_page_test.py:100: AssertionError",
  "flaky" : false,
  "newFailed" : false,
  "beforeStages" : [ {
    "name" : "clear_allure_results_folder",
    "time" : {
      "start" : 1738374304932,
      "stop" : 1738374304932,
      "duration" : 0
    },
    "status" : "passed",
    "steps" : [ ],
    "attachments" : [ ],
    "parameters" : [ ],
    "stepsCount" : 0,
    "attachmentsCount" : 0,
    "shouldDisplayMessage" : false,
    "hasContent" : false
  }, {
    "name" : "driver",
    "time" : {
      "start" : 1738374445027,
      "stop" : 1738374445786,
      "duration" : 759
    },
    "status" : "passed",
    "steps" : [ ],
    "attachments" : [ ],
    "parameters" : [ ],
    "stepsCount" : 0,
    "attachmentsCount" : 0,
    "shouldDisplayMessage" : false,
    "hasContent" : false
  }, {
    "name" : "contributors_page_open",
    "time" : {
      "start" : 1738374445786,
      "stop" : 1738374450535,
      "duration" : 4749
    },
    "status" : "passed",
    "steps" : [ {
      "name" : "Open page: https://brainup.site/contributors",
      "time" : {
        "start" : 1738374445786,
        "stop" : 1738374450535,
        "duration" : 4749
      },
      "status" : "passed",
      "steps" : [ ],
      "attachments" : [ ],
      "parameters" : [ {
        "name" : "driver",
        "value" : "<selenium.webdriver.chrome.webdriver.WebDriver (session=\"7d7d28b173546fee2c05a2b6c3f2c19f\")>"
      } ],
      "stepsCount" : 0,
      "attachmentsCount" : 0,
      "shouldDisplayMessage" : false,
      "hasContent" : true
    } ],
    "attachments" : [ ],
    "parameters" : [ ],
    "stepsCount" : 1,
    "attachmentsCount" : 0,
    "shouldDisplayMessage" : false,
    "hasContent" : true
  } ],
  "testStage" : {
    "status" : "failed",
    "statusMessage" : "AssertionError: Text in descriptions is absent or mismatches valid count\nassert 70 == 67\n +  where 67 = ContributorsPageData.description_count",
    "statusTrace" : "self = <tests.contributors_page_test.TestContributorsPage.TestContributorsPageText object at 0x7fa507b1f290>\ndriver = <selenium.webdriver.chrome.webdriver.WebDriver (session=\"7d7d28b173546fee2c05a2b6c3f2c19f\")>\ncontributors_page_open = None\n\n    @allure.title(\"Verify values of the text in card descriptions\")\n    def test_cnp_02_04_verify_text_of_card_descriptions(self, driver, contributors_page_open):\n        page = ContributorsPage(driver)\n        description_values = page.check_values_of_card_descriptions()\n>       assert description_values == ContributorsPageData.description_count, \\\n            \"Text in descriptions is absent or mismatches valid count\"\nE       AssertionError: Text in descriptions is absent or mismatches valid count\nE       assert 70 == 67\nE        +  where 67 = ContributorsPageData.description_count\n\ntests/contributors_page_test.py:100: AssertionError",
    "steps" : [ {
      "name" : "Check the content of descriptions in cards",
      "time" : {
        "start" : 1738374450536,
        "stop" : 1738374450904,
        "duration" : 368
      },
      "status" : "passed",
      "steps" : [ {
        "name" : "Get the list of descriptions in cards on the 4th level of nesting on the page",
        "time" : {
          "start" : 1738374450536,
          "stop" : 1738374450548,
          "duration" : 12
        },
        "status" : "passed",
        "steps" : [ ],
        "attachments" : [ ],
        "parameters" : [ ],
        "stepsCount" : 0,
        "attachmentsCount" : 0,
        "shouldDisplayMessage" : false,
        "hasContent" : false
      } ],
      "attachments" : [ ],
      "parameters" : [ ],
      "stepsCount" : 1,
      "attachmentsCount" : 0,
      "shouldDisplayMessage" : false,
      "hasContent" : true
    } ],
    "attachments" : [ {
      "uid" : "107d48253cf01435",
      "name" : "Screenshot 2025-02-01 01:47:31.177606",
      "source" : "107d48253cf01435.png",
      "type" : "image/png",
      "size" : 305396
    } ],
    "parameters" : [ ],
    "stepsCount" : 2,
    "attachmentsCount" : 1,
    "shouldDisplayMessage" : true,
    "hasContent" : true
  },
  "afterStages" : [ {
    "name" : "driver::0",
    "time" : {
      "start" : 1738374451179,
      "stop" : 1738374451244,
      "duration" : 65
    },
    "status" : "passed",
    "steps" : [ ],
    "attachments" : [ ],
    "parameters" : [ ],
    "stepsCount" : 0,
    "attachmentsCount" : 0,
    "shouldDisplayMessage" : false,
    "hasContent" : false
  } ],
  "labels" : [ {
    "name" : "epic",
    "value" : "The Contributors Page"
  }, {
    "name" : "parentSuite",
    "value" : "tests"
  }, {
    "name" : "suite",
    "value" : "contributors_page_test"
  }, {
    "name" : "subSuite",
    "value" : "TestContributorsPage"
  }, {
    "name" : "host",
    "value" : "fv-az1680-148"
  }, {
    "name" : "thread",
    "value" : "2443-MainThread"
  }, {
    "name" : "framework",
    "value" : "pytest"
  }, {
    "name" : "language",
    "value" : "cpython3"
  }, {
    "name" : "package",
    "value" : "tests.contributors_page_test"
  }, {
    "name" : "resultFormat",
    "value" : "allure2"
  } ],
  "parameters" : [ ],
  "links" : [ ],
  "hidden" : false,
  "retry" : false,
  "extra" : {
    "severity" : "normal",
    "retries" : [ ],
    "categories" : [ {
      "name" : "Product defects",
      "matchedStatuses" : [ ],
      "flaky" : false
    } ],
    "history" : {
      "statistic" : {
        "failed" : 70,
        "broken" : 4,
        "skipped" : 0,
        "passed" : 43,
        "unknown" : 0,
        "total" : 117
      },
      "items" : [ {
        "uid" : "e0f299af02c698a1",
        "reportUrl" : "https://lambotik.github.io/auto-tests-python/170//#testresult/e0f299af02c698a1",
        "status" : "failed",
        "statusDetails" : "AssertionError: Text in descriptions is absent or mismatches valid count\nassert 70 == 67\n +  where 67 = ContributorsPageData.description_count",
        "time" : {
          "start" : 1738201296518,
          "stop" : 1738201296934,
          "duration" : 416
        }
      }, {
        "uid" : "c0465f49c6e469ec",
        "reportUrl" : "https://lambotik.github.io/auto-tests-python/169//#testresult/c0465f49c6e469ec",
        "status" : "failed",
        "statusDetails" : "AssertionError: Text in descriptions is absent or mismatches valid count\nassert 70 == 67\n +  where 67 = ContributorsPageData.description_count",
        "time" : {
          "start" : 1738114906871,
          "stop" : 1738114907307,
          "duration" : 436
        }
      }, {
        "uid" : "c27f5292cf6611fa",
        "reportUrl" : "https://lambotik.github.io/auto-tests-python/168//#testresult/c27f5292cf6611fa",
        "status" : "failed",
        "statusDetails" : "AssertionError: Text in descriptions is absent or mismatches valid count\nassert 70 == 67\n +  where 67 = ContributorsPageData.description_count",
        "time" : {
          "start" : 1738028524609,
          "stop" : 1738028525038,
          "duration" : 429
        }
      }, {
        "uid" : "e26feae2237b0bae",
        "reportUrl" : "https://lambotik.github.io/auto-tests-python/167//#testresult/e26feae2237b0bae",
        "status" : "failed",
        "statusDetails" : "AssertionError: Text in descriptions is absent or mismatches valid count\nassert 70 == 67\n +  where 67 = ContributorsPageData.description_count",
        "time" : {
          "start" : 1737942225210,
          "stop" : 1737942225624,
          "duration" : 414
        }
      }, {
        "uid" : "1afb9c8adceea377",
        "reportUrl" : "https://lambotik.github.io/auto-tests-python/166//#testresult/1afb9c8adceea377",
        "status" : "failed",
        "statusDetails" : "AssertionError: Text in descriptions is absent or mismatches valid count\nassert 70 == 67\n +  where 67 = ContributorsPageData.description_count",
        "time" : {
          "start" : 1737855869417,
          "stop" : 1737855869870,
          "duration" : 453
        }
      }, {
        "uid" : "b562420dc0d9782b",
        "reportUrl" : "https://lambotik.github.io/auto-tests-python/165//#testresult/b562420dc0d9782b",
        "status" : "failed",
        "statusDetails" : "AssertionError: Text in descriptions is absent or mismatches valid count\nassert 70 == 67\n +  where 67 = ContributorsPageData.description_count",
        "time" : {
          "start" : 1737769094622,
          "stop" : 1737769095047,
          "duration" : 425
        }
      }, {
        "uid" : "83c6a0110013eb34",
        "reportUrl" : "https://lambotik.github.io/auto-tests-python/164//#testresult/83c6a0110013eb34",
        "status" : "failed",
        "statusDetails" : "AssertionError: Text in descriptions is absent or mismatches valid count\nassert 70 == 67\n +  where 67 = ContributorsPageData.description_count",
        "time" : {
          "start" : 1737682937335,
          "stop" : 1737682937776,
          "duration" : 441
        }
      }, {
        "uid" : "1417f32e331ecd8f",
        "reportUrl" : "https://lambotik.github.io/auto-tests-python/163//#testresult/1417f32e331ecd8f",
        "status" : "failed",
        "statusDetails" : "AssertionError: Text in descriptions is absent or mismatches valid count\nassert 70 == 67\n +  where 67 = ContributorsPageData.description_count",
        "time" : {
          "start" : 1737596537672,
          "stop" : 1737596538098,
          "duration" : 426
        }
      }, {
        "uid" : "45aab280bc40b0a4",
        "reportUrl" : "https://lambotik.github.io/auto-tests-python/162//#testresult/45aab280bc40b0a4",
        "status" : "failed",
        "statusDetails" : "AssertionError: Text in descriptions is absent or mismatches valid count\nassert 70 == 67\n +  where 67 = ContributorsPageData.description_count",
        "time" : {
          "start" : 1737510217941,
          "stop" : 1737510218375,
          "duration" : 434
        }
      }, {
        "uid" : "44bb27c0f28886c8",
        "reportUrl" : "https://lambotik.github.io/auto-tests-python/161//#testresult/44bb27c0f28886c8",
        "status" : "failed",
        "statusDetails" : "AssertionError: Text in descriptions is absent or mismatches valid count\nassert 70 == 67\n +  where 67 = ContributorsPageData.description_count",
        "time" : {
          "start" : 1737423730196,
          "stop" : 1737423730622,
          "duration" : 426
        }
      }, {
        "uid" : "42aeeb7447ffc4ae",
        "reportUrl" : "https://lambotik.github.io/auto-tests-python/160//#testresult/42aeeb7447ffc4ae",
        "status" : "failed",
        "statusDetails" : "AssertionError: Text in descriptions is absent or mismatches valid count\nassert 70 == 67\n +  where 67 = ContributorsPageData.description_count",
        "time" : {
          "start" : 1737337440088,
          "stop" : 1737337440461,
          "duration" : 373
        }
      }, {
        "uid" : "2a001424cdf58a",
        "reportUrl" : "https://lambotik.github.io/auto-tests-python/159//#testresult/2a001424cdf58a",
        "status" : "failed",
        "statusDetails" : "AssertionError: Text in descriptions is absent or mismatches valid count\nassert 70 == 67\n +  where 67 = ContributorsPageData.description_count",
        "time" : {
          "start" : 1737251317200,
          "stop" : 1737251317616,
          "duration" : 416
        }
      }, {
        "uid" : "372cdbcb03beac99",
        "reportUrl" : "https://lambotik.github.io/auto-tests-python/158//#testresult/372cdbcb03beac99",
        "status" : "failed",
        "statusDetails" : "AssertionError: Text in descriptions is absent or mismatches valid count\nassert 70 == 67\n +  where 67 = ContributorsPageData.description_count",
        "time" : {
          "start" : 1737164313939,
          "stop" : 1737164314306,
          "duration" : 367
        }
      }, {
        "uid" : "72361ada38d1b7f4",
        "reportUrl" : "https://lambotik.github.io/auto-tests-python/157//#testresult/72361ada38d1b7f4",
        "status" : "failed",
        "statusDetails" : "AssertionError: Text in descriptions is absent or mismatches valid count\nassert 70 == 67\n +  where 67 = ContributorsPageData.description_count",
        "time" : {
          "start" : 1737078051436,
          "stop" : 1737078051851,
          "duration" : 415
        }
      }, {
        "uid" : "16a957afba575c0a",
        "reportUrl" : "https://lambotik.github.io/auto-tests-python/156//#testresult/16a957afba575c0a",
        "status" : "failed",
        "statusDetails" : "AssertionError: Text in descriptions is absent or mismatches valid count\nassert 70 == 67\n +  where 67 = ContributorsPageData.description_count",
        "time" : {
          "start" : 1736991715196,
          "stop" : 1736991715619,
          "duration" : 423
        }
      }, {
        "uid" : "6f90529babedb2d8",
        "reportUrl" : "https://lambotik.github.io/auto-tests-python/155//#testresult/6f90529babedb2d8",
        "status" : "failed",
        "statusDetails" : "AssertionError: Text in descriptions is absent or mismatches valid count\nassert 70 == 67\n +  where 67 = ContributorsPageData.description_count",
        "time" : {
          "start" : 1736905336183,
          "stop" : 1736905336609,
          "duration" : 426
        }
      }, {
        "uid" : "9349ecc86055f398",
        "reportUrl" : "https://lambotik.github.io/auto-tests-python/154//#testresult/9349ecc86055f398",
        "status" : "failed",
        "statusDetails" : "AssertionError: Text in descriptions is absent or mismatches valid count\nassert 70 == 67\n +  where 67 = ContributorsPageData.description_count",
        "time" : {
          "start" : 1736818852663,
          "stop" : 1736818853041,
          "duration" : 378
        }
      }, {
        "uid" : "8bdcc493f99edbca",
        "reportUrl" : "https://lambotik.github.io/auto-tests-python/153//#testresult/8bdcc493f99edbca",
        "status" : "failed",
        "statusDetails" : "AssertionError: Text in descriptions is absent or mismatches valid count\nassert 70 == 67\n +  where 67 = ContributorsPageData.description_count",
        "time" : {
          "start" : 1736732977036,
          "stop" : 1736732977456,
          "duration" : 420
        }
      }, {
        "uid" : "706c524d246de038",
        "reportUrl" : "https://lambotik.github.io/auto-tests-python/152//#testresult/706c524d246de038",
        "status" : "failed",
        "statusDetails" : "AssertionError: Text in descriptions is absent or mismatches valid count\nassert 70 == 67\n +  where 67 = ContributorsPageData.description_count",
        "time" : {
          "start" : 1736646811305,
          "stop" : 1736646811728,
          "duration" : 423
        }
      }, {
        "uid" : "ef8c63fcafd5b11e",
        "reportUrl" : "https://lambotik.github.io/auto-tests-python/151//#testresult/ef8c63fcafd5b11e",
        "status" : "failed",
        "statusDetails" : "AssertionError: Text in descriptions is absent or mismatches valid count\nassert 70 == 67\n +  where 67 = ContributorsPageData.description_count",
        "time" : {
          "start" : 1736559891205,
          "stop" : 1736559891576,
          "duration" : 371
        }
      } ]
    },
    "tags" : [ ]
  },
  "source" : "386345c5c8910554.json",
  "parameterValues" : [ ]
}