{
  "uid" : "f41cb0609c686b89",
  "name" : "Verify return main page from description page.",
  "fullName" : "tests.description_page_test.TestDescriptionPage#test_dp_01_verify_return_main_page_from_description_page",
  "historyId" : "6b55273ef664982f4126cba6302ba005",
  "time" : {
    "start" : 1738374489126,
    "stop" : 1738374529528,
    "duration" : 40402
  },
  "status" : "broken",
  "statusMessage" : "selenium.common.exceptions.TimeoutException: Message: Can't find element by locator https://brainup.site/",
  "statusTrace" : "self = <pages.description_page.DescriptionPage object at 0x7fa5076710d0>\nurl = 'https://brainup.site/'\n\n    def check_expected_link(self, url):\n        with allure.step(f'Check url is present: {url}'):\n            try:\n>               return Wait(self.driver, self.timeout).until(\n                    ec.url_to_be(url), message=f\"Can't find element by locator {url}\")\n\npages/base_page.py:68: \n_ _ _ _ _ _ _ _ _ _ _ _ _ _ _ _ _ _ _ _ _ _ _ _ _ _ _ _ _ _ _ _ _ _ _ _ _ _ _ _ \n\nself = <selenium.webdriver.support.wait.WebDriverWait (session=\"43a879a404034c762c1be6f56fff7ba6\")>\nmethod = <function url_to_be.<locals>._predicate at 0x7fa5075376a0>\nmessage = \"Can't find element by locator https://brainup.site/\"\n\n    def until(self, method, message: str = \"\"):\n        \"\"\"Calls the method provided with the driver as an argument until the \\\n        return value does not evaluate to ``False``.\n    \n        :param method: callable(WebDriver)\n        :param message: optional message for :exc:`TimeoutException`\n        :returns: the result of the last call to `method`\n        :raises: :exc:`selenium.common.exceptions.TimeoutException` if timeout occurs\n        \"\"\"\n        screen = None\n        stacktrace = None\n    \n        end_time = time.monotonic() + self._timeout\n        while True:\n            try:\n                value = method(self._driver)\n                if value:\n                    return value\n            except self._ignored_exceptions as exc:\n                screen = getattr(exc, \"screen\", None)\n                stacktrace = getattr(exc, \"stacktrace\", None)\n            time.sleep(self._poll)\n            if time.monotonic() > end_time:\n                break\n>       raise TimeoutException(message, screen, stacktrace)\nE       selenium.common.exceptions.TimeoutException: Message: Can't find element by locator https://brainup.site/\n\n/opt/hostedtoolcache/Python/3.12.8/x64/lib/python3.12/site-packages/selenium/webdriver/support/wait.py:95: TimeoutException\n\nDuring handling of the above exception, another exception occurred:\n\nself = <tests.description_page_test.TestDescriptionPage object at 0x7fa507a404d0>\ndriver = <selenium.webdriver.chrome.webdriver.WebDriver (session=\"43a879a404034c762c1be6f56fff7ba6\")>\ndescription_page_open = None\n\n    @allure.title(\"Verify return main page from description page.\")\n    def test_dp_01_verify_return_main_page_from_description_page(self, driver, description_page_open):\n        page = DescriptionPage(driver)\n>       main_url = page.return_main_page()\n\ntests/description_page_test.py:12: \n_ _ _ _ _ _ _ _ _ _ _ _ _ _ _ _ _ _ _ _ _ _ _ _ _ _ _ _ _ _ _ _ _ _ _ _ _ _ _ _ \npages/description_page.py:14: in return_main_page\n    self.check_expected_link(MainPageLinks.URL_MAIN_PAGE)\npages/base_page.py:72: in check_expected_link\n    return Wait(self.driver, self.timeout).until(\n_ _ _ _ _ _ _ _ _ _ _ _ _ _ _ _ _ _ _ _ _ _ _ _ _ _ _ _ _ _ _ _ _ _ _ _ _ _ _ _ \n\nself = <selenium.webdriver.support.wait.WebDriverWait (session=\"43a879a404034c762c1be6f56fff7ba6\")>\nmethod = <function url_to_be.<locals>._predicate at 0x7fa507537740>\nmessage = \"Can't find element by locator https://brainup.site/\"\n\n    def until(self, method, message: str = \"\"):\n        \"\"\"Calls the method provided with the driver as an argument until the \\\n        return value does not evaluate to ``False``.\n    \n        :param method: callable(WebDriver)\n        :param message: optional message for :exc:`TimeoutException`\n        :returns: the result of the last call to `method`\n        :raises: :exc:`selenium.common.exceptions.TimeoutException` if timeout occurs\n        \"\"\"\n        screen = None\n        stacktrace = None\n    \n        end_time = time.monotonic() + self._timeout\n        while True:\n            try:\n                value = method(self._driver)\n                if value:\n                    return value\n            except self._ignored_exceptions as exc:\n                screen = getattr(exc, \"screen\", None)\n                stacktrace = getattr(exc, \"stacktrace\", None)\n            time.sleep(self._poll)\n            if time.monotonic() > end_time:\n                break\n>       raise TimeoutException(message, screen, stacktrace)\nE       selenium.common.exceptions.TimeoutException: Message: Can't find element by locator https://brainup.site/\n\n/opt/hostedtoolcache/Python/3.12.8/x64/lib/python3.12/site-packages/selenium/webdriver/support/wait.py:95: TimeoutException",
  "flaky" : false,
  "newFailed" : false,
  "beforeStages" : [ {
    "name" : "clear_allure_results_folder",
    "time" : {
      "start" : 1738374304932,
      "stop" : 1738374304932,
      "duration" : 0
    },
    "status" : "passed",
    "steps" : [ ],
    "attachments" : [ ],
    "parameters" : [ ],
    "stepsCount" : 0,
    "attachmentsCount" : 0,
    "shouldDisplayMessage" : false,
    "hasContent" : false
  }, {
    "name" : "description_page_open",
    "time" : {
      "start" : 1738374483999,
      "stop" : 1738374489125,
      "duration" : 5126
    },
    "status" : "passed",
    "steps" : [ {
      "name" : "Open page: https://brainup.site/description",
      "time" : {
        "start" : 1738374484000,
        "stop" : 1738374489125,
        "duration" : 5125
      },
      "status" : "passed",
      "steps" : [ ],
      "attachments" : [ ],
      "parameters" : [ {
        "name" : "driver",
        "value" : "<selenium.webdriver.chrome.webdriver.WebDriver (session=\"43a879a404034c762c1be6f56fff7ba6\")>"
      } ],
      "stepsCount" : 0,
      "attachmentsCount" : 0,
      "shouldDisplayMessage" : false,
      "hasContent" : true
    } ],
    "attachments" : [ ],
    "parameters" : [ ],
    "stepsCount" : 1,
    "attachmentsCount" : 0,
    "shouldDisplayMessage" : false,
    "hasContent" : true
  }, {
    "name" : "driver",
    "time" : {
      "start" : 1738374483242,
      "stop" : 1738374483999,
      "duration" : 757
    },
    "status" : "passed",
    "steps" : [ ],
    "attachments" : [ ],
    "parameters" : [ ],
    "stepsCount" : 0,
    "attachmentsCount" : 0,
    "shouldDisplayMessage" : false,
    "hasContent" : false
  } ],
  "testStage" : {
    "status" : "broken",
    "statusMessage" : "selenium.common.exceptions.TimeoutException: Message: Can't find element by locator https://brainup.site/",
    "statusTrace" : "self = <pages.description_page.DescriptionPage object at 0x7fa5076710d0>\nurl = 'https://brainup.site/'\n\n    def check_expected_link(self, url):\n        with allure.step(f'Check url is present: {url}'):\n            try:\n>               return Wait(self.driver, self.timeout).until(\n                    ec.url_to_be(url), message=f\"Can't find element by locator {url}\")\n\npages/base_page.py:68: \n_ _ _ _ _ _ _ _ _ _ _ _ _ _ _ _ _ _ _ _ _ _ _ _ _ _ _ _ _ _ _ _ _ _ _ _ _ _ _ _ \n\nself = <selenium.webdriver.support.wait.WebDriverWait (session=\"43a879a404034c762c1be6f56fff7ba6\")>\nmethod = <function url_to_be.<locals>._predicate at 0x7fa5075376a0>\nmessage = \"Can't find element by locator https://brainup.site/\"\n\n    def until(self, method, message: str = \"\"):\n        \"\"\"Calls the method provided with the driver as an argument until the \\\n        return value does not evaluate to ``False``.\n    \n        :param method: callable(WebDriver)\n        :param message: optional message for :exc:`TimeoutException`\n        :returns: the result of the last call to `method`\n        :raises: :exc:`selenium.common.exceptions.TimeoutException` if timeout occurs\n        \"\"\"\n        screen = None\n        stacktrace = None\n    \n        end_time = time.monotonic() + self._timeout\n        while True:\n            try:\n                value = method(self._driver)\n                if value:\n                    return value\n            except self._ignored_exceptions as exc:\n                screen = getattr(exc, \"screen\", None)\n                stacktrace = getattr(exc, \"stacktrace\", None)\n            time.sleep(self._poll)\n            if time.monotonic() > end_time:\n                break\n>       raise TimeoutException(message, screen, stacktrace)\nE       selenium.common.exceptions.TimeoutException: Message: Can't find element by locator https://brainup.site/\n\n/opt/hostedtoolcache/Python/3.12.8/x64/lib/python3.12/site-packages/selenium/webdriver/support/wait.py:95: TimeoutException\n\nDuring handling of the above exception, another exception occurred:\n\nself = <tests.description_page_test.TestDescriptionPage object at 0x7fa507a404d0>\ndriver = <selenium.webdriver.chrome.webdriver.WebDriver (session=\"43a879a404034c762c1be6f56fff7ba6\")>\ndescription_page_open = None\n\n    @allure.title(\"Verify return main page from description page.\")\n    def test_dp_01_verify_return_main_page_from_description_page(self, driver, description_page_open):\n        page = DescriptionPage(driver)\n>       main_url = page.return_main_page()\n\ntests/description_page_test.py:12: \n_ _ _ _ _ _ _ _ _ _ _ _ _ _ _ _ _ _ _ _ _ _ _ _ _ _ _ _ _ _ _ _ _ _ _ _ _ _ _ _ \npages/description_page.py:14: in return_main_page\n    self.check_expected_link(MainPageLinks.URL_MAIN_PAGE)\npages/base_page.py:72: in check_expected_link\n    return Wait(self.driver, self.timeout).until(\n_ _ _ _ _ _ _ _ _ _ _ _ _ _ _ _ _ _ _ _ _ _ _ _ _ _ _ _ _ _ _ _ _ _ _ _ _ _ _ _ \n\nself = <selenium.webdriver.support.wait.WebDriverWait (session=\"43a879a404034c762c1be6f56fff7ba6\")>\nmethod = <function url_to_be.<locals>._predicate at 0x7fa507537740>\nmessage = \"Can't find element by locator https://brainup.site/\"\n\n    def until(self, method, message: str = \"\"):\n        \"\"\"Calls the method provided with the driver as an argument until the \\\n        return value does not evaluate to ``False``.\n    \n        :param method: callable(WebDriver)\n        :param message: optional message for :exc:`TimeoutException`\n        :returns: the result of the last call to `method`\n        :raises: :exc:`selenium.common.exceptions.TimeoutException` if timeout occurs\n        \"\"\"\n        screen = None\n        stacktrace = None\n    \n        end_time = time.monotonic() + self._timeout\n        while True:\n            try:\n                value = method(self._driver)\n                if value:\n                    return value\n            except self._ignored_exceptions as exc:\n                screen = getattr(exc, \"screen\", None)\n                stacktrace = getattr(exc, \"stacktrace\", None)\n            time.sleep(self._poll)\n            if time.monotonic() > end_time:\n                break\n>       raise TimeoutException(message, screen, stacktrace)\nE       selenium.common.exceptions.TimeoutException: Message: Can't find element by locator https://brainup.site/\n\n/opt/hostedtoolcache/Python/3.12.8/x64/lib/python3.12/site-packages/selenium/webdriver/support/wait.py:95: TimeoutException",
    "steps" : [ {
      "name" : "Return main page from description page",
      "time" : {
        "start" : 1738374489126,
        "stop" : 1738374529527,
        "duration" : 40401
      },
      "status" : "broken",
      "statusMessage" : "selenium.common.exceptions.TimeoutException: Message: Can't find element by locator https://brainup.site/\n\n",
      "statusTrace" : "  File \"/opt/hostedtoolcache/Python/3.12.8/x64/lib/python3.12/site-packages/allure_commons/_allure.py\", line 192, in impl\n    return func(*a, **kw)\n           ^^^^^^^^^^^^^^\n  File \"/home/runner/work/auto-tests-python/auto-tests-python/pages/description_page.py\", line 14, in return_main_page\n    self.check_expected_link(MainPageLinks.URL_MAIN_PAGE)\n  File \"/home/runner/work/auto-tests-python/auto-tests-python/pages/base_page.py\", line 72, in check_expected_link\n    return Wait(self.driver, self.timeout).until(\n           ^^^^^^^^^^^^^^^^^^^^^^^^^^^^^^^^^^^^^^\n  File \"/opt/hostedtoolcache/Python/3.12.8/x64/lib/python3.12/site-packages/selenium/webdriver/support/wait.py\", line 95, in until\n    raise TimeoutException(message, screen, stacktrace)\n",
      "steps" : [ {
        "name" : "Check url is present: https://brainup.site/",
        "time" : {
          "start" : 1738374489236,
          "stop" : 1738374529527,
          "duration" : 40291
        },
        "status" : "broken",
        "statusMessage" : "selenium.common.exceptions.TimeoutException: Message: Can't find element by locator https://brainup.site/\n\n",
        "statusTrace" : "  File \"/home/runner/work/auto-tests-python/auto-tests-python/pages/base_page.py\", line 72, in check_expected_link\n    return Wait(self.driver, self.timeout).until(\n           ^^^^^^^^^^^^^^^^^^^^^^^^^^^^^^^^^^^^^^\n  File \"/opt/hostedtoolcache/Python/3.12.8/x64/lib/python3.12/site-packages/selenium/webdriver/support/wait.py\", line 95, in until\n    raise TimeoutException(message, screen, stacktrace)\n",
        "steps" : [ ],
        "attachments" : [ ],
        "parameters" : [ ],
        "stepsCount" : 0,
        "attachmentsCount" : 0,
        "shouldDisplayMessage" : true,
        "hasContent" : true
      } ],
      "attachments" : [ ],
      "parameters" : [ ],
      "stepsCount" : 1,
      "attachmentsCount" : 0,
      "shouldDisplayMessage" : false,
      "hasContent" : true
    } ],
    "attachments" : [ {
      "uid" : "67decda7a5338cd9",
      "name" : "Screenshot 2025-02-01 01:48:49.634397",
      "source" : "67decda7a5338cd9.png",
      "type" : "image/png",
      "size" : 122368
    } ],
    "parameters" : [ ],
    "stepsCount" : 2,
    "attachmentsCount" : 1,
    "shouldDisplayMessage" : true,
    "hasContent" : true
  },
  "afterStages" : [ {
    "name" : "driver::0",
    "time" : {
      "start" : 1738374529635,
      "stop" : 1738374529707,
      "duration" : 72
    },
    "status" : "passed",
    "steps" : [ ],
    "attachments" : [ ],
    "parameters" : [ ],
    "stepsCount" : 0,
    "attachmentsCount" : 0,
    "shouldDisplayMessage" : false,
    "hasContent" : false
  } ],
  "labels" : [ {
    "name" : "epic",
    "value" : "Description Page."
  }, {
    "name" : "parentSuite",
    "value" : "tests"
  }, {
    "name" : "suite",
    "value" : "description_page_test"
  }, {
    "name" : "subSuite",
    "value" : "TestDescriptionPage"
  }, {
    "name" : "host",
    "value" : "fv-az1680-148"
  }, {
    "name" : "thread",
    "value" : "2443-MainThread"
  }, {
    "name" : "framework",
    "value" : "pytest"
  }, {
    "name" : "language",
    "value" : "cpython3"
  }, {
    "name" : "package",
    "value" : "tests.description_page_test"
  }, {
    "name" : "resultFormat",
    "value" : "allure2"
  } ],
  "parameters" : [ ],
  "links" : [ ],
  "hidden" : false,
  "retry" : false,
  "extra" : {
    "severity" : "normal",
    "retries" : [ ],
    "categories" : [ {
      "name" : "Test defects",
      "matchedStatuses" : [ ],
      "flaky" : false
    } ],
    "history" : {
      "statistic" : {
        "failed" : 0,
        "broken" : 39,
        "skipped" : 0,
        "passed" : 78,
        "unknown" : 0,
        "total" : 117
      },
      "items" : [ {
        "uid" : "757aa0ed1fc599e2",
        "reportUrl" : "https://lambotik.github.io/auto-tests-python/170//#testresult/757aa0ed1fc599e2",
        "status" : "broken",
        "statusDetails" : "selenium.common.exceptions.TimeoutException: Message: Can't find element by locator https://brainup.site/",
        "time" : {
          "start" : 1738201327116,
          "stop" : 1738201367747,
          "duration" : 40631
        }
      }, {
        "uid" : "b06598c165b712b5",
        "reportUrl" : "https://lambotik.github.io/auto-tests-python/169//#testresult/b06598c165b712b5",
        "status" : "broken",
        "statusDetails" : "selenium.common.exceptions.TimeoutException: Message: Can't find element by locator https://brainup.site/",
        "time" : {
          "start" : 1738114936314,
          "stop" : 1738114976695,
          "duration" : 40381
        }
      }, {
        "uid" : "78859877a5c11335",
        "reportUrl" : "https://lambotik.github.io/auto-tests-python/168//#testresult/78859877a5c11335",
        "status" : "broken",
        "statusDetails" : "selenium.common.exceptions.TimeoutException: Message: Can't find element by locator https://brainup.site/",
        "time" : {
          "start" : 1738028562313,
          "stop" : 1738028602693,
          "duration" : 40380
        }
      }, {
        "uid" : "bbffb9079c326db5",
        "reportUrl" : "https://lambotik.github.io/auto-tests-python/167//#testresult/bbffb9079c326db5",
        "status" : "broken",
        "statusDetails" : "selenium.common.exceptions.TimeoutException: Message: Can't find element by locator https://brainup.site/",
        "time" : {
          "start" : 1737942254168,
          "stop" : 1737942294559,
          "duration" : 40391
        }
      }, {
        "uid" : "1149bf2c9468b246",
        "reportUrl" : "https://lambotik.github.io/auto-tests-python/166//#testresult/1149bf2c9468b246",
        "status" : "broken",
        "statusDetails" : "selenium.common.exceptions.TimeoutException: Message: Can't find element by locator https://brainup.site/",
        "time" : {
          "start" : 1737855899566,
          "stop" : 1737855940009,
          "duration" : 40443
        }
      }, {
        "uid" : "ae66a606d021c2fb",
        "reportUrl" : "https://lambotik.github.io/auto-tests-python/165//#testresult/ae66a606d021c2fb",
        "status" : "broken",
        "statusDetails" : "selenium.common.exceptions.TimeoutException: Message: Can't find element by locator https://brainup.site/",
        "time" : {
          "start" : 1737769125689,
          "stop" : 1737769166061,
          "duration" : 40372
        }
      }, {
        "uid" : "8594b75f5486856",
        "reportUrl" : "https://lambotik.github.io/auto-tests-python/164//#testresult/8594b75f5486856",
        "status" : "broken",
        "statusDetails" : "selenium.common.exceptions.TimeoutException: Message: Can't find element by locator https://brainup.site/",
        "time" : {
          "start" : 1737682966393,
          "stop" : 1737683006784,
          "duration" : 40391
        }
      }, {
        "uid" : "1b1b472d27feab8c",
        "reportUrl" : "https://lambotik.github.io/auto-tests-python/163//#testresult/1b1b472d27feab8c",
        "status" : "broken",
        "statusDetails" : "selenium.common.exceptions.TimeoutException: Message: Can't find element by locator https://brainup.site/",
        "time" : {
          "start" : 1737596568983,
          "stop" : 1737596609374,
          "duration" : 40391
        }
      }, {
        "uid" : "efbe012cb87046c7",
        "reportUrl" : "https://lambotik.github.io/auto-tests-python/162//#testresult/efbe012cb87046c7",
        "status" : "broken",
        "statusDetails" : "selenium.common.exceptions.TimeoutException: Message: Can't find element by locator https://brainup.site/",
        "time" : {
          "start" : 1737510246829,
          "stop" : 1737510287250,
          "duration" : 40421
        }
      }, {
        "uid" : "734aeb1beaff82c0",
        "reportUrl" : "https://lambotik.github.io/auto-tests-python/161//#testresult/734aeb1beaff82c0",
        "status" : "broken",
        "statusDetails" : "selenium.common.exceptions.TimeoutException: Message: Can't find element by locator https://brainup.site/",
        "time" : {
          "start" : 1737423769235,
          "stop" : 1737423809644,
          "duration" : 40409
        }
      }, {
        "uid" : "26d247883a97f592",
        "reportUrl" : "https://lambotik.github.io/auto-tests-python/160//#testresult/26d247883a97f592",
        "status" : "broken",
        "statusDetails" : "selenium.common.exceptions.TimeoutException: Message: Can't find element by locator https://brainup.site/",
        "time" : {
          "start" : 1737337471262,
          "stop" : 1737337511737,
          "duration" : 40475
        }
      }, {
        "uid" : "f7f55f888837659b",
        "reportUrl" : "https://lambotik.github.io/auto-tests-python/159//#testresult/f7f55f888837659b",
        "status" : "broken",
        "statusDetails" : "selenium.common.exceptions.TimeoutException: Message: Can't find element by locator https://brainup.site/",
        "time" : {
          "start" : 1737251345664,
          "stop" : 1737251386305,
          "duration" : 40641
        }
      }, {
        "uid" : "a09ddc7a37ad95be",
        "reportUrl" : "https://lambotik.github.io/auto-tests-python/158//#testresult/a09ddc7a37ad95be",
        "status" : "broken",
        "statusDetails" : "selenium.common.exceptions.TimeoutException: Message: Can't find element by locator https://brainup.site/",
        "time" : {
          "start" : 1737164343196,
          "stop" : 1737164383574,
          "duration" : 40378
        }
      }, {
        "uid" : "34f8f6f054fa353d",
        "reportUrl" : "https://lambotik.github.io/auto-tests-python/157//#testresult/34f8f6f054fa353d",
        "status" : "broken",
        "statusDetails" : "selenium.common.exceptions.TimeoutException: Message: Can't find element by locator https://brainup.site/",
        "time" : {
          "start" : 1737078081004,
          "stop" : 1737078121447,
          "duration" : 40443
        }
      }, {
        "uid" : "68217bcfbad2d493",
        "reportUrl" : "https://lambotik.github.io/auto-tests-python/156//#testresult/68217bcfbad2d493",
        "status" : "broken",
        "statusDetails" : "selenium.common.exceptions.TimeoutException: Message: Can't find element by locator https://brainup.site/",
        "time" : {
          "start" : 1736991751341,
          "stop" : 1736991791726,
          "duration" : 40385
        }
      }, {
        "uid" : "97f613c3baa22c6f",
        "reportUrl" : "https://lambotik.github.io/auto-tests-python/155//#testresult/97f613c3baa22c6f",
        "status" : "broken",
        "statusDetails" : "selenium.common.exceptions.TimeoutException: Message: Can't find element by locator https://brainup.site/",
        "time" : {
          "start" : 1736905367368,
          "stop" : 1736905407745,
          "duration" : 40377
        }
      }, {
        "uid" : "3b0d3827b326de11",
        "reportUrl" : "https://lambotik.github.io/auto-tests-python/154//#testresult/3b0d3827b326de11",
        "status" : "broken",
        "statusDetails" : "selenium.common.exceptions.TimeoutException: Message: Can't find element by locator https://brainup.site/",
        "time" : {
          "start" : 1736818891350,
          "stop" : 1736818931882,
          "duration" : 40532
        }
      }, {
        "uid" : "27c81bcf020a1613",
        "reportUrl" : "https://lambotik.github.io/auto-tests-python/153//#testresult/27c81bcf020a1613",
        "status" : "broken",
        "statusDetails" : "selenium.common.exceptions.TimeoutException: Message: Can't find element by locator https://brainup.site/",
        "time" : {
          "start" : 1736733006599,
          "stop" : 1736733047041,
          "duration" : 40442
        }
      }, {
        "uid" : "46bae3f983478514",
        "reportUrl" : "https://lambotik.github.io/auto-tests-python/152//#testresult/46bae3f983478514",
        "status" : "broken",
        "statusDetails" : "selenium.common.exceptions.TimeoutException: Message: Can't find element by locator https://brainup.site/",
        "time" : {
          "start" : 1736646850429,
          "stop" : 1736646890872,
          "duration" : 40443
        }
      }, {
        "uid" : "b792d07e1799416f",
        "reportUrl" : "https://lambotik.github.io/auto-tests-python/151//#testresult/b792d07e1799416f",
        "status" : "broken",
        "statusDetails" : "selenium.common.exceptions.TimeoutException: Message: Can't find element by locator https://brainup.site/",
        "time" : {
          "start" : 1736559922955,
          "stop" : 1736559963390,
          "duration" : 40435
        }
      } ]
    },
    "tags" : [ ]
  },
  "source" : "f41cb0609c686b89.json",
  "parameterValues" : [ ]
}