{
  "uid" : "bef630c5894d0322",
  "name" : "Verify redirection to contacts page not authorized user.",
  "fullName" : "tests.main_page_test.TestMainPage#test_mp_04_verify_redirection_to_contacts_page",
  "historyId" : "226c874842c4733da064a7b34924af4e",
  "time" : {
    "start" : 1739411785457,
    "stop" : 1739411825920,
    "duration" : 40463
  },
  "status" : "broken",
  "statusMessage" : "selenium.common.exceptions.TimeoutException: Message: Can't find element by locator https://brainup.site/contact",
  "statusTrace" : "self = <pages.main_page.MainPage object at 0x7f6f9a831b50>\nurl = 'https://brainup.site/contact'\n\n    def check_expected_link(self, url):\n        with allure.step(f'Check url is present: {url}'):\n            try:\n>               return Wait(self.driver, self.timeout).until(\n                    ec.url_to_be(url), message=f\"Can't find element by locator {url}\")\n\npages/base_page.py:68: \n_ _ _ _ _ _ _ _ _ _ _ _ _ _ _ _ _ _ _ _ _ _ _ _ _ _ _ _ _ _ _ _ _ _ _ _ _ _ _ _ \n\nself = <selenium.webdriver.support.wait.WebDriverWait (session=\"2f88de0f09fcd7ad8baa50d8974b7862\")>\nmethod = <function url_to_be.<locals>._predicate at 0x7f6f9a7ffb00>\nmessage = \"Can't find element by locator https://brainup.site/contact\"\n\n    def until(self, method, message: str = \"\"):\n        \"\"\"Calls the method provided with the driver as an argument until the \\\n        return value does not evaluate to ``False``.\n    \n        :param method: callable(WebDriver)\n        :param message: optional message for :exc:`TimeoutException`\n        :returns: the result of the last call to `method`\n        :raises: :exc:`selenium.common.exceptions.TimeoutException` if timeout occurs\n        \"\"\"\n        screen = None\n        stacktrace = None\n    \n        end_time = time.monotonic() + self._timeout\n        while True:\n            try:\n                value = method(self._driver)\n                if value:\n                    return value\n            except self._ignored_exceptions as exc:\n                screen = getattr(exc, \"screen\", None)\n                stacktrace = getattr(exc, \"stacktrace\", None)\n            time.sleep(self._poll)\n            if time.monotonic() > end_time:\n                break\n>       raise TimeoutException(message, screen, stacktrace)\nE       selenium.common.exceptions.TimeoutException: Message: Can't find element by locator https://brainup.site/contact\n\n/opt/hostedtoolcache/Python/3.12.9/x64/lib/python3.12/site-packages/selenium/webdriver/support/wait.py:95: TimeoutException\n\nDuring handling of the above exception, another exception occurred:\n\nself = <tests.main_page_test.TestMainPage object at 0x7f6f9a9b44a0>\ndriver = <selenium.webdriver.chrome.webdriver.WebDriver (session=\"2f88de0f09fcd7ad8baa50d8974b7862\")>\nmain_page_open = None\n\n    @allure.title(\"Verify redirection to contacts page not authorized user.\")\n    def test_mp_04_verify_redirection_to_contacts_page(self, driver, main_page_open):\n        page = MainPage(driver)\n>       contacts_page_url = page.open_contacts_page()\n\ntests/main_page_test.py:31: \n_ _ _ _ _ _ _ _ _ _ _ _ _ _ _ _ _ _ _ _ _ _ _ _ _ _ _ _ _ _ _ _ _ _ _ _ _ _ _ _ \npages/main_page.py:36: in open_contacts_page\n    self.check_expected_link(MainPageLinks.URL_CONTACTS_PAGE)\npages/base_page.py:72: in check_expected_link\n    return Wait(self.driver, self.timeout).until(\n_ _ _ _ _ _ _ _ _ _ _ _ _ _ _ _ _ _ _ _ _ _ _ _ _ _ _ _ _ _ _ _ _ _ _ _ _ _ _ _ \n\nself = <selenium.webdriver.support.wait.WebDriverWait (session=\"2f88de0f09fcd7ad8baa50d8974b7862\")>\nmethod = <function url_to_be.<locals>._predicate at 0x7f6f9a7ffc40>\nmessage = \"Can't find element by locator https://brainup.site/contact\"\n\n    def until(self, method, message: str = \"\"):\n        \"\"\"Calls the method provided with the driver as an argument until the \\\n        return value does not evaluate to ``False``.\n    \n        :param method: callable(WebDriver)\n        :param message: optional message for :exc:`TimeoutException`\n        :returns: the result of the last call to `method`\n        :raises: :exc:`selenium.common.exceptions.TimeoutException` if timeout occurs\n        \"\"\"\n        screen = None\n        stacktrace = None\n    \n        end_time = time.monotonic() + self._timeout\n        while True:\n            try:\n                value = method(self._driver)\n                if value:\n                    return value\n            except self._ignored_exceptions as exc:\n                screen = getattr(exc, \"screen\", None)\n                stacktrace = getattr(exc, \"stacktrace\", None)\n            time.sleep(self._poll)\n            if time.monotonic() > end_time:\n                break\n>       raise TimeoutException(message, screen, stacktrace)\nE       selenium.common.exceptions.TimeoutException: Message: Can't find element by locator https://brainup.site/contact\n\n/opt/hostedtoolcache/Python/3.12.9/x64/lib/python3.12/site-packages/selenium/webdriver/support/wait.py:95: TimeoutException",
  "flaky" : false,
  "newFailed" : false,
  "beforeStages" : [ {
    "name" : "main_page_open",
    "time" : {
      "start" : 1739411781811,
      "stop" : 1739411785457,
      "duration" : 3646
    },
    "status" : "passed",
    "steps" : [ {
      "name" : "Open page: https://brainup.site/",
      "time" : {
        "start" : 1739411781811,
        "stop" : 1739411785457,
        "duration" : 3646
      },
      "status" : "passed",
      "steps" : [ ],
      "attachments" : [ ],
      "parameters" : [ {
        "name" : "driver",
        "value" : "<selenium.webdriver.chrome.webdriver.WebDriver (session=\"2f88de0f09fcd7ad8baa50d8974b7862\")>"
      } ],
      "stepsCount" : 0,
      "attachmentsCount" : 0,
      "shouldDisplayMessage" : false,
      "hasContent" : true
    } ],
    "attachments" : [ ],
    "parameters" : [ ],
    "stepsCount" : 1,
    "attachmentsCount" : 0,
    "shouldDisplayMessage" : false,
    "hasContent" : true
  }, {
    "name" : "driver",
    "time" : {
      "start" : 1739411781002,
      "stop" : 1739411781811,
      "duration" : 809
    },
    "status" : "passed",
    "steps" : [ ],
    "attachments" : [ ],
    "parameters" : [ ],
    "stepsCount" : 0,
    "attachmentsCount" : 0,
    "shouldDisplayMessage" : false,
    "hasContent" : false
  }, {
    "name" : "clear_allure_results_folder",
    "time" : {
      "start" : 1739410956460,
      "stop" : 1739410956460,
      "duration" : 0
    },
    "status" : "passed",
    "steps" : [ ],
    "attachments" : [ ],
    "parameters" : [ ],
    "stepsCount" : 0,
    "attachmentsCount" : 0,
    "shouldDisplayMessage" : false,
    "hasContent" : false
  } ],
  "testStage" : {
    "status" : "broken",
    "statusMessage" : "selenium.common.exceptions.TimeoutException: Message: Can't find element by locator https://brainup.site/contact",
    "statusTrace" : "self = <pages.main_page.MainPage object at 0x7f6f9a831b50>\nurl = 'https://brainup.site/contact'\n\n    def check_expected_link(self, url):\n        with allure.step(f'Check url is present: {url}'):\n            try:\n>               return Wait(self.driver, self.timeout).until(\n                    ec.url_to_be(url), message=f\"Can't find element by locator {url}\")\n\npages/base_page.py:68: \n_ _ _ _ _ _ _ _ _ _ _ _ _ _ _ _ _ _ _ _ _ _ _ _ _ _ _ _ _ _ _ _ _ _ _ _ _ _ _ _ \n\nself = <selenium.webdriver.support.wait.WebDriverWait (session=\"2f88de0f09fcd7ad8baa50d8974b7862\")>\nmethod = <function url_to_be.<locals>._predicate at 0x7f6f9a7ffb00>\nmessage = \"Can't find element by locator https://brainup.site/contact\"\n\n    def until(self, method, message: str = \"\"):\n        \"\"\"Calls the method provided with the driver as an argument until the \\\n        return value does not evaluate to ``False``.\n    \n        :param method: callable(WebDriver)\n        :param message: optional message for :exc:`TimeoutException`\n        :returns: the result of the last call to `method`\n        :raises: :exc:`selenium.common.exceptions.TimeoutException` if timeout occurs\n        \"\"\"\n        screen = None\n        stacktrace = None\n    \n        end_time = time.monotonic() + self._timeout\n        while True:\n            try:\n                value = method(self._driver)\n                if value:\n                    return value\n            except self._ignored_exceptions as exc:\n                screen = getattr(exc, \"screen\", None)\n                stacktrace = getattr(exc, \"stacktrace\", None)\n            time.sleep(self._poll)\n            if time.monotonic() > end_time:\n                break\n>       raise TimeoutException(message, screen, stacktrace)\nE       selenium.common.exceptions.TimeoutException: Message: Can't find element by locator https://brainup.site/contact\n\n/opt/hostedtoolcache/Python/3.12.9/x64/lib/python3.12/site-packages/selenium/webdriver/support/wait.py:95: TimeoutException\n\nDuring handling of the above exception, another exception occurred:\n\nself = <tests.main_page_test.TestMainPage object at 0x7f6f9a9b44a0>\ndriver = <selenium.webdriver.chrome.webdriver.WebDriver (session=\"2f88de0f09fcd7ad8baa50d8974b7862\")>\nmain_page_open = None\n\n    @allure.title(\"Verify redirection to contacts page not authorized user.\")\n    def test_mp_04_verify_redirection_to_contacts_page(self, driver, main_page_open):\n        page = MainPage(driver)\n>       contacts_page_url = page.open_contacts_page()\n\ntests/main_page_test.py:31: \n_ _ _ _ _ _ _ _ _ _ _ _ _ _ _ _ _ _ _ _ _ _ _ _ _ _ _ _ _ _ _ _ _ _ _ _ _ _ _ _ \npages/main_page.py:36: in open_contacts_page\n    self.check_expected_link(MainPageLinks.URL_CONTACTS_PAGE)\npages/base_page.py:72: in check_expected_link\n    return Wait(self.driver, self.timeout).until(\n_ _ _ _ _ _ _ _ _ _ _ _ _ _ _ _ _ _ _ _ _ _ _ _ _ _ _ _ _ _ _ _ _ _ _ _ _ _ _ _ \n\nself = <selenium.webdriver.support.wait.WebDriverWait (session=\"2f88de0f09fcd7ad8baa50d8974b7862\")>\nmethod = <function url_to_be.<locals>._predicate at 0x7f6f9a7ffc40>\nmessage = \"Can't find element by locator https://brainup.site/contact\"\n\n    def until(self, method, message: str = \"\"):\n        \"\"\"Calls the method provided with the driver as an argument until the \\\n        return value does not evaluate to ``False``.\n    \n        :param method: callable(WebDriver)\n        :param message: optional message for :exc:`TimeoutException`\n        :returns: the result of the last call to `method`\n        :raises: :exc:`selenium.common.exceptions.TimeoutException` if timeout occurs\n        \"\"\"\n        screen = None\n        stacktrace = None\n    \n        end_time = time.monotonic() + self._timeout\n        while True:\n            try:\n                value = method(self._driver)\n                if value:\n                    return value\n            except self._ignored_exceptions as exc:\n                screen = getattr(exc, \"screen\", None)\n                stacktrace = getattr(exc, \"stacktrace\", None)\n            time.sleep(self._poll)\n            if time.monotonic() > end_time:\n                break\n>       raise TimeoutException(message, screen, stacktrace)\nE       selenium.common.exceptions.TimeoutException: Message: Can't find element by locator https://brainup.site/contact\n\n/opt/hostedtoolcache/Python/3.12.9/x64/lib/python3.12/site-packages/selenium/webdriver/support/wait.py:95: TimeoutException",
    "steps" : [ {
      "name" : "Open contacts page",
      "time" : {
        "start" : 1739411785457,
        "stop" : 1739411825920,
        "duration" : 40463
      },
      "status" : "broken",
      "statusMessage" : "selenium.common.exceptions.TimeoutException: Message: Can't find element by locator https://brainup.site/contact\n\n",
      "statusTrace" : "  File \"/opt/hostedtoolcache/Python/3.12.9/x64/lib/python3.12/site-packages/allure_commons/_allure.py\", line 192, in impl\n    return func(*a, **kw)\n           ^^^^^^^^^^^^^^\n  File \"/home/runner/work/auto-tests-python/auto-tests-python/pages/main_page.py\", line 36, in open_contacts_page\n    self.check_expected_link(MainPageLinks.URL_CONTACTS_PAGE)\n  File \"/home/runner/work/auto-tests-python/auto-tests-python/pages/base_page.py\", line 72, in check_expected_link\n    return Wait(self.driver, self.timeout).until(\n           ^^^^^^^^^^^^^^^^^^^^^^^^^^^^^^^^^^^^^^\n  File \"/opt/hostedtoolcache/Python/3.12.9/x64/lib/python3.12/site-packages/selenium/webdriver/support/wait.py\", line 95, in until\n    raise TimeoutException(message, screen, stacktrace)\n",
      "steps" : [ {
        "name" : "Check url is present: https://brainup.site/contact",
        "time" : {
          "start" : 1739411785657,
          "stop" : 1739411825919,
          "duration" : 40262
        },
        "status" : "broken",
        "statusMessage" : "selenium.common.exceptions.TimeoutException: Message: Can't find element by locator https://brainup.site/contact\n\n",
        "statusTrace" : "  File \"/home/runner/work/auto-tests-python/auto-tests-python/pages/base_page.py\", line 72, in check_expected_link\n    return Wait(self.driver, self.timeout).until(\n           ^^^^^^^^^^^^^^^^^^^^^^^^^^^^^^^^^^^^^^\n  File \"/opt/hostedtoolcache/Python/3.12.9/x64/lib/python3.12/site-packages/selenium/webdriver/support/wait.py\", line 95, in until\n    raise TimeoutException(message, screen, stacktrace)\n",
        "steps" : [ ],
        "attachments" : [ ],
        "parameters" : [ ],
        "stepsCount" : 0,
        "attachmentsCount" : 0,
        "shouldDisplayMessage" : true,
        "hasContent" : true
      } ],
      "attachments" : [ ],
      "parameters" : [ ],
      "stepsCount" : 1,
      "attachmentsCount" : 0,
      "shouldDisplayMessage" : false,
      "hasContent" : true
    } ],
    "attachments" : [ {
      "uid" : "43d62ba6895425c0",
      "name" : "Screenshot 2025-02-13 01:57:06.012269",
      "source" : "43d62ba6895425c0.png",
      "type" : "image/png",
      "size" : 66624
    } ],
    "parameters" : [ ],
    "stepsCount" : 2,
    "attachmentsCount" : 1,
    "shouldDisplayMessage" : true,
    "hasContent" : true
  },
  "afterStages" : [ {
    "name" : "driver::0",
    "time" : {
      "start" : 1739411826013,
      "stop" : 1739411826079,
      "duration" : 66
    },
    "status" : "passed",
    "steps" : [ ],
    "attachments" : [ ],
    "parameters" : [ ],
    "stepsCount" : 0,
    "attachmentsCount" : 0,
    "shouldDisplayMessage" : false,
    "hasContent" : false
  } ],
  "labels" : [ {
    "name" : "epic",
    "value" : "Main Page."
  }, {
    "name" : "parentSuite",
    "value" : "tests"
  }, {
    "name" : "suite",
    "value" : "main_page_test"
  }, {
    "name" : "subSuite",
    "value" : "TestMainPage"
  }, {
    "name" : "host",
    "value" : "fv-az1276-752"
  }, {
    "name" : "thread",
    "value" : "2401-MainThread"
  }, {
    "name" : "framework",
    "value" : "pytest"
  }, {
    "name" : "language",
    "value" : "cpython3"
  }, {
    "name" : "package",
    "value" : "tests.main_page_test"
  }, {
    "name" : "resultFormat",
    "value" : "allure2"
  } ],
  "parameters" : [ ],
  "links" : [ ],
  "hidden" : false,
  "retry" : false,
  "extra" : {
    "severity" : "normal",
    "retries" : [ ],
    "categories" : [ {
      "name" : "Test defects",
      "matchedStatuses" : [ ],
      "flaky" : false
    } ],
    "history" : {
      "statistic" : {
        "failed" : 0,
        "broken" : 51,
        "skipped" : 0,
        "passed" : 78,
        "unknown" : 0,
        "total" : 129
      },
      "items" : [ {
        "uid" : "39fc742ddb6679eb",
        "reportUrl" : "https://lambotik.github.io/auto-tests-python/183//#testresult/39fc742ddb6679eb",
        "status" : "broken",
        "statusDetails" : "selenium.common.exceptions.TimeoutException: Message: Can't find element by locator https://brainup.site/contact",
        "time" : {
          "start" : 1739325404886,
          "stop" : 1739325445297,
          "duration" : 40411
        }
      }, {
        "uid" : "b4c8c297a35c23b5",
        "reportUrl" : "https://lambotik.github.io/auto-tests-python/182//#testresult/b4c8c297a35c23b5",
        "status" : "broken",
        "statusDetails" : "selenium.common.exceptions.TimeoutException: Message: Can't find element by locator https://brainup.site/contact",
        "time" : {
          "start" : 1739238921362,
          "stop" : 1739238961769,
          "duration" : 40407
        }
      }, {
        "uid" : "76fe1f2276a86218",
        "reportUrl" : "https://lambotik.github.io/auto-tests-python/181//#testresult/76fe1f2276a86218",
        "status" : "broken",
        "statusDetails" : "selenium.common.exceptions.TimeoutException: Message: Can't find element by locator https://brainup.site/contact",
        "time" : {
          "start" : 1739152717001,
          "stop" : 1739152757461,
          "duration" : 40460
        }
      }, {
        "uid" : "28b35da501d0d622",
        "reportUrl" : "https://lambotik.github.io/auto-tests-python/180//#testresult/28b35da501d0d622",
        "status" : "broken",
        "statusDetails" : "selenium.common.exceptions.TimeoutException: Message: Can't find element by locator https://brainup.site/contact",
        "time" : {
          "start" : 1739066374524,
          "stop" : 1739066415005,
          "duration" : 40481
        }
      }, {
        "uid" : "a7b74a6141c11fcd",
        "reportUrl" : "https://lambotik.github.io/auto-tests-python/179//#testresult/a7b74a6141c11fcd",
        "status" : "broken",
        "statusDetails" : "selenium.common.exceptions.TimeoutException: Message: Can't find element by locator https://brainup.site/contact",
        "time" : {
          "start" : 1738979522490,
          "stop" : 1738979562939,
          "duration" : 40449
        }
      }, {
        "uid" : "6c75fba9b85c1d2a",
        "reportUrl" : "https://lambotik.github.io/auto-tests-python/178//#testresult/6c75fba9b85c1d2a",
        "status" : "broken",
        "statusDetails" : "selenium.common.exceptions.TimeoutException: Message: Can't find element by locator https://brainup.site/contact",
        "time" : {
          "start" : 1738893320028,
          "stop" : 1738893360501,
          "duration" : 40473
        }
      }, {
        "uid" : "b0934de75aa40f16",
        "reportUrl" : "https://lambotik.github.io/auto-tests-python/177//#testresult/b0934de75aa40f16",
        "status" : "broken",
        "statusDetails" : "selenium.common.exceptions.TimeoutException: Message: Can't find element by locator https://brainup.site/contact",
        "time" : {
          "start" : 1738806912122,
          "stop" : 1738806952567,
          "duration" : 40445
        }
      }, {
        "uid" : "910e2e8aa35a9be8",
        "reportUrl" : "https://lambotik.github.io/auto-tests-python/176//#testresult/910e2e8aa35a9be8",
        "status" : "broken",
        "statusDetails" : "selenium.common.exceptions.TimeoutException: Message: Can't find element by locator https://brainup.site/contact",
        "time" : {
          "start" : 1738720602432,
          "stop" : 1738720642859,
          "duration" : 40427
        }
      }, {
        "uid" : "ba016511c3e7bca8",
        "reportUrl" : "https://lambotik.github.io/auto-tests-python/175//#testresult/ba016511c3e7bca8",
        "status" : "broken",
        "statusDetails" : "selenium.common.exceptions.TimeoutException: Message: Can't find element by locator https://brainup.site/contact",
        "time" : {
          "start" : 1738634039749,
          "stop" : 1738634080229,
          "duration" : 40480
        }
      }, {
        "uid" : "bab681011fd2b1eb",
        "reportUrl" : "https://lambotik.github.io/auto-tests-python/174//#testresult/bab681011fd2b1eb",
        "status" : "broken",
        "statusDetails" : "selenium.common.exceptions.TimeoutException: Message: Can't find element by locator https://brainup.site/contact",
        "time" : {
          "start" : 1738547801953,
          "stop" : 1738547842422,
          "duration" : 40469
        }
      }, {
        "uid" : "8ee3420e52fad8e",
        "reportUrl" : "https://lambotik.github.io/auto-tests-python/173//#testresult/8ee3420e52fad8e",
        "status" : "broken",
        "statusDetails" : "selenium.common.exceptions.TimeoutException: Message: Can't find element by locator https://brainup.site/contact",
        "time" : {
          "start" : 1738461475114,
          "stop" : 1738461515565,
          "duration" : 40451
        }
      }, {
        "uid" : "5fd85f21e755dab6",
        "reportUrl" : "https://lambotik.github.io/auto-tests-python/172//#testresult/5fd85f21e755dab6",
        "status" : "broken",
        "statusDetails" : "selenium.common.exceptions.TimeoutException: Message: Can't find element by locator https://brainup.site/contact",
        "time" : {
          "start" : 1738375201368,
          "stop" : 1738375241821,
          "duration" : 40453
        }
      }, {
        "uid" : "232384f83e268b53",
        "reportUrl" : "https://lambotik.github.io/auto-tests-python/170//#testresult/232384f83e268b53",
        "status" : "broken",
        "statusDetails" : "selenium.common.exceptions.TimeoutException: Message: Can't find element by locator https://brainup.site/contact",
        "time" : {
          "start" : 1738201985364,
          "stop" : 1738202025799,
          "duration" : 40435
        }
      }, {
        "uid" : "2f26e97090069155",
        "reportUrl" : "https://lambotik.github.io/auto-tests-python/169//#testresult/2f26e97090069155",
        "status" : "broken",
        "statusDetails" : "selenium.common.exceptions.TimeoutException: Message: Can't find element by locator https://brainup.site/contact",
        "time" : {
          "start" : 1738115584119,
          "stop" : 1738115624611,
          "duration" : 40492
        }
      }, {
        "uid" : "7b957218189f823d",
        "reportUrl" : "https://lambotik.github.io/auto-tests-python/168//#testresult/7b957218189f823d",
        "status" : "broken",
        "statusDetails" : "selenium.common.exceptions.TimeoutException: Message: Can't find element by locator https://brainup.site/contact",
        "time" : {
          "start" : 1738029268383,
          "stop" : 1738029308833,
          "duration" : 40450
        }
      }, {
        "uid" : "2b552cf253667551",
        "reportUrl" : "https://lambotik.github.io/auto-tests-python/167//#testresult/2b552cf253667551",
        "status" : "broken",
        "statusDetails" : "selenium.common.exceptions.TimeoutException: Message: Can't find element by locator https://brainup.site/contact",
        "time" : {
          "start" : 1737942899473,
          "stop" : 1737942939914,
          "duration" : 40441
        }
      }, {
        "uid" : "6da5e8a9aa2230c4",
        "reportUrl" : "https://lambotik.github.io/auto-tests-python/166//#testresult/6da5e8a9aa2230c4",
        "status" : "broken",
        "statusDetails" : "selenium.common.exceptions.TimeoutException: Message: Can't find element by locator https://brainup.site/contact",
        "time" : {
          "start" : 1737856546002,
          "stop" : 1737856586541,
          "duration" : 40539
        }
      }, {
        "uid" : "9c7a9056bebbeee4",
        "reportUrl" : "https://lambotik.github.io/auto-tests-python/165//#testresult/9c7a9056bebbeee4",
        "status" : "broken",
        "statusDetails" : "selenium.common.exceptions.TimeoutException: Message: Can't find element by locator https://brainup.site/contact",
        "time" : {
          "start" : 1737769785667,
          "stop" : 1737769826136,
          "duration" : 40469
        }
      }, {
        "uid" : "90d4ac097d8a6f3",
        "reportUrl" : "https://lambotik.github.io/auto-tests-python/164//#testresult/90d4ac097d8a6f3",
        "status" : "broken",
        "statusDetails" : "selenium.common.exceptions.TimeoutException: Message: Can't find element by locator https://brainup.site/contact",
        "time" : {
          "start" : 1737683609285,
          "stop" : 1737683649739,
          "duration" : 40454
        }
      }, {
        "uid" : "d322d28dcac0c1c4",
        "reportUrl" : "https://lambotik.github.io/auto-tests-python/163//#testresult/d322d28dcac0c1c4",
        "status" : "broken",
        "statusDetails" : "selenium.common.exceptions.TimeoutException: Message: Can't find element by locator https://brainup.site/contact",
        "time" : {
          "start" : 1737597231251,
          "stop" : 1737597271698,
          "duration" : 40447
        }
      } ]
    },
    "tags" : [ ]
  },
  "source" : "bef630c5894d0322.json",
  "parameterValues" : [ ]
}