{
  "uid" : "c06e0886f5cefeb1",
  "name" : "Change the password by receiving an email link",
  "fullName" : "tests.profile_page_test.TestProfilePage#test_change_password",
  "historyId" : "9957e716460bffae2f2d96bf28fa1581",
  "time" : {
    "start" : 1716197094227,
    "stop" : 1716197115013,
    "duration" : 20786
  },
  "status" : "broken",
  "statusMessage" : "selenium.common.exceptions.TimeoutException: Message: Can't find element by locator ('xpath', '//a[@href=\"/profile\"]')\nStacktrace:\n#0 0x55c7de727eca <unknown>\n#1 0x55c7de41145c <unknown>\n#2 0x55c7de45d5b5 <unknown>\n#3 0x55c7de45d671 <unknown>\n#4 0x55c7de4a1f14 <unknown>\n#5 0x55c7de4804dd <unknown>\n#6 0x55c7de49f2cc <unknown>\n#7 0x55c7de480253 <unknown>\n#8 0x55c7de4501c7 <unknown>\n#9 0x55c7de450b3e <unknown>\n#10 0x55c7de6ee30b <unknown>\n#11 0x55c7de6f23b7 <unknown>\n#12 0x55c7de6dae3e <unknown>\n#13 0x55c7de6f2e82 <unknown>\n#14 0x55c7de6bf7df <unknown>\n#15 0x55c7de7171b8 <unknown>\n#16 0x55c7de71738b <unknown>\n#17 0x55c7de726ffc <unknown>\n#18 0x7f2085894ac3 <unknown>",
  "statusTrace" : "self = <tests.profile_page_test.TestProfilePage object at 0x7fd717b54ef0>\ndriver = <selenium.webdriver.chrome.webdriver.WebDriver (session=\"74c6e4cd2659923d74eb2cafc189a9ff\")>\nmain_page_open = None\n\n    @allure.title(\"Change the password by receiving an email link\")\n    def test_change_password(self, driver, main_page_open):\n        page = ProfilePage(driver)\n        page.open_login_page()\n        page.user_has_authorised()\n>       page.go_to_profile_page()\n\ntests/profile_page_test.py:16: \n_ _ _ _ _ _ _ _ _ _ _ _ _ _ _ _ _ _ _ _ _ _ _ _ _ _ _ _ _ _ _ _ _ _ _ _ _ _ _ _ \npages/profile_page.py:50: in go_to_profile_page\n    self.element_is_present_and_clickable(AuthorizedUserHomePageLocators.PROFILE_USER).click()\npages/base_page.py:32: in element_is_present_and_clickable\n    return (Wait(self.driver, self.timeout).until(\n_ _ _ _ _ _ _ _ _ _ _ _ _ _ _ _ _ _ _ _ _ _ _ _ _ _ _ _ _ _ _ _ _ _ _ _ _ _ _ _ \n\nself = <selenium.webdriver.support.wait.WebDriverWait (session=\"74c6e4cd2659923d74eb2cafc189a9ff\")>\nmethod = <function visibility_of_element_located.<locals>._predicate at 0x7fd717a12520>\nmessage = 'Can\\'t find element by locator (\\'xpath\\', \\'//a[@href=\"/profile\"]\\')'\n\n    def until(self, method, message: str = \"\"):\n        \"\"\"Calls the method provided with the driver as an argument until the \\\n        return value does not evaluate to ``False``.\n    \n        :param method: callable(WebDriver)\n        :param message: optional message for :exc:`TimeoutException`\n        :returns: the result of the last call to `method`\n        :raises: :exc:`selenium.common.exceptions.TimeoutException` if timeout occurs\n        \"\"\"\n        screen = None\n        stacktrace = None\n    \n        end_time = time.monotonic() + self._timeout\n        while True:\n            try:\n                value = method(self._driver)\n                if value:\n                    return value\n            except self._ignored_exceptions as exc:\n                screen = getattr(exc, \"screen\", None)\n                stacktrace = getattr(exc, \"stacktrace\", None)\n            time.sleep(self._poll)\n            if time.monotonic() > end_time:\n                break\n>       raise TimeoutException(message, screen, stacktrace)\nE       selenium.common.exceptions.TimeoutException: Message: Can't find element by locator ('xpath', '//a[@href=\"/profile\"]')\nE       Stacktrace:\nE       #0 0x55c7de727eca <unknown>\nE       #1 0x55c7de41145c <unknown>\nE       #2 0x55c7de45d5b5 <unknown>\nE       #3 0x55c7de45d671 <unknown>\nE       #4 0x55c7de4a1f14 <unknown>\nE       #5 0x55c7de4804dd <unknown>\nE       #6 0x55c7de49f2cc <unknown>\nE       #7 0x55c7de480253 <unknown>\nE       #8 0x55c7de4501c7 <unknown>\nE       #9 0x55c7de450b3e <unknown>\nE       #10 0x55c7de6ee30b <unknown>\nE       #11 0x55c7de6f23b7 <unknown>\nE       #12 0x55c7de6dae3e <unknown>\nE       #13 0x55c7de6f2e82 <unknown>\nE       #14 0x55c7de6bf7df <unknown>\nE       #15 0x55c7de7171b8 <unknown>\nE       #16 0x55c7de71738b <unknown>\nE       #17 0x55c7de726ffc <unknown>\nE       #18 0x7f2085894ac3 <unknown>\n\n/opt/hostedtoolcache/Python/3.12.3/x64/lib/python3.12/site-packages/selenium/webdriver/support/wait.py:95: TimeoutException",
  "flaky" : false,
  "newFailed" : false,
  "beforeStages" : [ {
    "name" : "clear_allure_results_folder",
    "time" : {
      "start" : 1716196703709,
      "stop" : 1716196703709,
      "duration" : 0
    },
    "status" : "passed",
    "steps" : [ ],
    "attachments" : [ ],
    "parameters" : [ ],
    "stepsCount" : 0,
    "attachmentsCount" : 0,
    "shouldDisplayMessage" : false,
    "hasContent" : false
  }, {
    "name" : "driver",
    "time" : {
      "start" : 1716197090898,
      "stop" : 1716197091584,
      "duration" : 686
    },
    "status" : "passed",
    "steps" : [ ],
    "attachments" : [ ],
    "parameters" : [ ],
    "stepsCount" : 0,
    "attachmentsCount" : 0,
    "shouldDisplayMessage" : false,
    "hasContent" : false
  }, {
    "name" : "main_page_open",
    "time" : {
      "start" : 1716197091585,
      "stop" : 1716197094226,
      "duration" : 2641
    },
    "status" : "passed",
    "steps" : [ {
      "name" : "Open page: https://brainup.site/",
      "time" : {
        "start" : 1716197091585,
        "stop" : 1716197094226,
        "duration" : 2641
      },
      "status" : "passed",
      "steps" : [ ],
      "attachments" : [ ],
      "parameters" : [ {
        "name" : "driver",
        "value" : "<selenium.webdriver.chrome.webdriver.WebDriver (session=\"74c6e4cd2659923d74eb2cafc189a9ff\")>"
      } ],
      "stepsCount" : 0,
      "attachmentsCount" : 0,
      "shouldDisplayMessage" : false,
      "hasContent" : true
    } ],
    "attachments" : [ ],
    "parameters" : [ ],
    "stepsCount" : 1,
    "attachmentsCount" : 0,
    "shouldDisplayMessage" : false,
    "hasContent" : true
  } ],
  "testStage" : {
    "status" : "broken",
    "statusMessage" : "selenium.common.exceptions.TimeoutException: Message: Can't find element by locator ('xpath', '//a[@href=\"/profile\"]')\nStacktrace:\n#0 0x55c7de727eca <unknown>\n#1 0x55c7de41145c <unknown>\n#2 0x55c7de45d5b5 <unknown>\n#3 0x55c7de45d671 <unknown>\n#4 0x55c7de4a1f14 <unknown>\n#5 0x55c7de4804dd <unknown>\n#6 0x55c7de49f2cc <unknown>\n#7 0x55c7de480253 <unknown>\n#8 0x55c7de4501c7 <unknown>\n#9 0x55c7de450b3e <unknown>\n#10 0x55c7de6ee30b <unknown>\n#11 0x55c7de6f23b7 <unknown>\n#12 0x55c7de6dae3e <unknown>\n#13 0x55c7de6f2e82 <unknown>\n#14 0x55c7de6bf7df <unknown>\n#15 0x55c7de7171b8 <unknown>\n#16 0x55c7de71738b <unknown>\n#17 0x55c7de726ffc <unknown>\n#18 0x7f2085894ac3 <unknown>",
    "statusTrace" : "self = <tests.profile_page_test.TestProfilePage object at 0x7fd717b54ef0>\ndriver = <selenium.webdriver.chrome.webdriver.WebDriver (session=\"74c6e4cd2659923d74eb2cafc189a9ff\")>\nmain_page_open = None\n\n    @allure.title(\"Change the password by receiving an email link\")\n    def test_change_password(self, driver, main_page_open):\n        page = ProfilePage(driver)\n        page.open_login_page()\n        page.user_has_authorised()\n>       page.go_to_profile_page()\n\ntests/profile_page_test.py:16: \n_ _ _ _ _ _ _ _ _ _ _ _ _ _ _ _ _ _ _ _ _ _ _ _ _ _ _ _ _ _ _ _ _ _ _ _ _ _ _ _ \npages/profile_page.py:50: in go_to_profile_page\n    self.element_is_present_and_clickable(AuthorizedUserHomePageLocators.PROFILE_USER).click()\npages/base_page.py:32: in element_is_present_and_clickable\n    return (Wait(self.driver, self.timeout).until(\n_ _ _ _ _ _ _ _ _ _ _ _ _ _ _ _ _ _ _ _ _ _ _ _ _ _ _ _ _ _ _ _ _ _ _ _ _ _ _ _ \n\nself = <selenium.webdriver.support.wait.WebDriverWait (session=\"74c6e4cd2659923d74eb2cafc189a9ff\")>\nmethod = <function visibility_of_element_located.<locals>._predicate at 0x7fd717a12520>\nmessage = 'Can\\'t find element by locator (\\'xpath\\', \\'//a[@href=\"/profile\"]\\')'\n\n    def until(self, method, message: str = \"\"):\n        \"\"\"Calls the method provided with the driver as an argument until the \\\n        return value does not evaluate to ``False``.\n    \n        :param method: callable(WebDriver)\n        :param message: optional message for :exc:`TimeoutException`\n        :returns: the result of the last call to `method`\n        :raises: :exc:`selenium.common.exceptions.TimeoutException` if timeout occurs\n        \"\"\"\n        screen = None\n        stacktrace = None\n    \n        end_time = time.monotonic() + self._timeout\n        while True:\n            try:\n                value = method(self._driver)\n                if value:\n                    return value\n            except self._ignored_exceptions as exc:\n                screen = getattr(exc, \"screen\", None)\n                stacktrace = getattr(exc, \"stacktrace\", None)\n            time.sleep(self._poll)\n            if time.monotonic() > end_time:\n                break\n>       raise TimeoutException(message, screen, stacktrace)\nE       selenium.common.exceptions.TimeoutException: Message: Can't find element by locator ('xpath', '//a[@href=\"/profile\"]')\nE       Stacktrace:\nE       #0 0x55c7de727eca <unknown>\nE       #1 0x55c7de41145c <unknown>\nE       #2 0x55c7de45d5b5 <unknown>\nE       #3 0x55c7de45d671 <unknown>\nE       #4 0x55c7de4a1f14 <unknown>\nE       #5 0x55c7de4804dd <unknown>\nE       #6 0x55c7de49f2cc <unknown>\nE       #7 0x55c7de480253 <unknown>\nE       #8 0x55c7de4501c7 <unknown>\nE       #9 0x55c7de450b3e <unknown>\nE       #10 0x55c7de6ee30b <unknown>\nE       #11 0x55c7de6f23b7 <unknown>\nE       #12 0x55c7de6dae3e <unknown>\nE       #13 0x55c7de6f2e82 <unknown>\nE       #14 0x55c7de6bf7df <unknown>\nE       #15 0x55c7de7171b8 <unknown>\nE       #16 0x55c7de71738b <unknown>\nE       #17 0x55c7de726ffc <unknown>\nE       #18 0x7f2085894ac3 <unknown>\n\n/opt/hostedtoolcache/Python/3.12.3/x64/lib/python3.12/site-packages/selenium/webdriver/support/wait.py:95: TimeoutException",
    "steps" : [ {
      "name" : "Open login page",
      "time" : {
        "start" : 1716197094227,
        "stop" : 1716197094312,
        "duration" : 85
      },
      "status" : "passed",
      "steps" : [ {
        "name" : "Check element is visible and clickable: ('xpath', '//section//a')",
        "time" : {
          "start" : 1716197094227,
          "stop" : 1716197094264,
          "duration" : 37
        },
        "status" : "passed",
        "steps" : [ {
          "name" : "Check element is clickable",
          "time" : {
            "start" : 1716197094244,
            "stop" : 1716197094264,
            "duration" : 20
          },
          "status" : "passed",
          "steps" : [ {
            "name" : "Check element is clickable: ('xpath', '//section//a')",
            "time" : {
              "start" : 1716197094244,
              "stop" : 1716197094264,
              "duration" : 20
            },
            "status" : "passed",
            "steps" : [ ],
            "attachments" : [ ],
            "parameters" : [ ],
            "stepsCount" : 0,
            "attachmentsCount" : 0,
            "shouldDisplayMessage" : false,
            "hasContent" : false
          } ],
          "attachments" : [ ],
          "parameters" : [ {
            "name" : "locator",
            "value" : "('xpath', '//section//a')"
          } ],
          "stepsCount" : 1,
          "attachmentsCount" : 0,
          "shouldDisplayMessage" : false,
          "hasContent" : true
        } ],
        "attachments" : [ ],
        "parameters" : [ ],
        "stepsCount" : 2,
        "attachmentsCount" : 0,
        "shouldDisplayMessage" : false,
        "hasContent" : true
      } ],
      "attachments" : [ ],
      "parameters" : [ ],
      "stepsCount" : 3,
      "attachmentsCount" : 0,
      "shouldDisplayMessage" : false,
      "hasContent" : true
    }, {
      "name" : "The user has authorised",
      "time" : {
        "start" : 1716197094312,
        "stop" : 1716197094549,
        "duration" : 237
      },
      "status" : "passed",
      "steps" : [ {
        "name" : "Check element is visible: ('xpath', '//input[@id=\"login\"]')",
        "time" : {
          "start" : 1716197094313,
          "stop" : 1716197094338,
          "duration" : 25
        },
        "status" : "passed",
        "steps" : [ {
          "name" : "Check element is present: ('xpath', '//input[@id=\"login\"]')",
          "time" : {
            "start" : 1716197094313,
            "stop" : 1716197094323,
            "duration" : 10
          },
          "status" : "passed",
          "steps" : [ ],
          "attachments" : [ ],
          "parameters" : [ ],
          "stepsCount" : 0,
          "attachmentsCount" : 0,
          "shouldDisplayMessage" : false,
          "hasContent" : false
        }, {
          "name" : "Go to element: <selenium.webdriver.remote.webelement.WebElement (session=\"74c6e4cd2659923d74eb2cafc189a9ff\", element=\"f.4D21F9D6035B9BC77A4C925A51D2EC9E.d.EE435CD48109F1CBDFDD182E4BBBDC05.e.27\")>",
          "time" : {
            "start" : 1716197094323,
            "stop" : 1716197094327,
            "duration" : 4
          },
          "status" : "passed",
          "steps" : [ ],
          "attachments" : [ ],
          "parameters" : [ ],
          "stepsCount" : 0,
          "attachmentsCount" : 0,
          "shouldDisplayMessage" : false,
          "hasContent" : false
        } ],
        "attachments" : [ ],
        "parameters" : [ ],
        "stepsCount" : 2,
        "attachmentsCount" : 0,
        "shouldDisplayMessage" : false,
        "hasContent" : true
      }, {
        "name" : "Check element is visible: ('xpath', '//input[@id=\"password\"]')",
        "time" : {
          "start" : 1716197094394,
          "stop" : 1716197094420,
          "duration" : 26
        },
        "status" : "passed",
        "steps" : [ {
          "name" : "Check element is present: ('xpath', '//input[@id=\"password\"]')",
          "time" : {
            "start" : 1716197094394,
            "stop" : 1716197094403,
            "duration" : 9
          },
          "status" : "passed",
          "steps" : [ ],
          "attachments" : [ ],
          "parameters" : [ ],
          "stepsCount" : 0,
          "attachmentsCount" : 0,
          "shouldDisplayMessage" : false,
          "hasContent" : false
        }, {
          "name" : "Go to element: <selenium.webdriver.remote.webelement.WebElement (session=\"74c6e4cd2659923d74eb2cafc189a9ff\", element=\"f.4D21F9D6035B9BC77A4C925A51D2EC9E.d.EE435CD48109F1CBDFDD182E4BBBDC05.e.30\")>",
          "time" : {
            "start" : 1716197094403,
            "stop" : 1716197094408,
            "duration" : 5
          },
          "status" : "passed",
          "steps" : [ ],
          "attachments" : [ ],
          "parameters" : [ ],
          "stepsCount" : 0,
          "attachmentsCount" : 0,
          "shouldDisplayMessage" : false,
          "hasContent" : false
        } ],
        "attachments" : [ ],
        "parameters" : [ ],
        "stepsCount" : 2,
        "attachmentsCount" : 0,
        "shouldDisplayMessage" : false,
        "hasContent" : true
      }, {
        "name" : "Check element is visible and clickable: ('xpath', '//*[@type=\"submit\"]')",
        "time" : {
          "start" : 1716197094460,
          "stop" : 1716197094489,
          "duration" : 29
        },
        "status" : "passed",
        "steps" : [ {
          "name" : "Check element is clickable",
          "time" : {
            "start" : 1716197094474,
            "stop" : 1716197094489,
            "duration" : 15
          },
          "status" : "passed",
          "steps" : [ {
            "name" : "Check element is clickable: ('xpath', '//*[@type=\"submit\"]')",
            "time" : {
              "start" : 1716197094474,
              "stop" : 1716197094489,
              "duration" : 15
            },
            "status" : "passed",
            "steps" : [ ],
            "attachments" : [ ],
            "parameters" : [ ],
            "stepsCount" : 0,
            "attachmentsCount" : 0,
            "shouldDisplayMessage" : false,
            "hasContent" : false
          } ],
          "attachments" : [ ],
          "parameters" : [ {
            "name" : "locator",
            "value" : "('xpath', '//*[@type=\"submit\"]')"
          } ],
          "stepsCount" : 1,
          "attachmentsCount" : 0,
          "shouldDisplayMessage" : false,
          "hasContent" : true
        } ],
        "attachments" : [ ],
        "parameters" : [ ],
        "stepsCount" : 2,
        "attachmentsCount" : 0,
        "shouldDisplayMessage" : false,
        "hasContent" : true
      }, {
        "name" : "Wait until url: https://brainup.site/profile will be changed.",
        "time" : {
          "start" : 1716197094543,
          "stop" : 1716197094549,
          "duration" : 6
        },
        "status" : "passed",
        "steps" : [ ],
        "attachments" : [ ],
        "parameters" : [ ],
        "stepsCount" : 0,
        "attachmentsCount" : 0,
        "shouldDisplayMessage" : false,
        "hasContent" : false
      } ],
      "attachments" : [ ],
      "parameters" : [ ],
      "stepsCount" : 10,
      "attachmentsCount" : 0,
      "shouldDisplayMessage" : false,
      "hasContent" : true
    }, {
      "name" : "Go to the Profile page",
      "time" : {
        "start" : 1716197094549,
        "stop" : 1716197115013,
        "duration" : 20464
      },
      "status" : "broken",
      "statusMessage" : "selenium.common.exceptions.TimeoutException: Message: Can't find element by locator ('xpath', '//a[@href=\"/profile\"]')\nStacktrace:\n#0 0x55c7de727eca <unknown>\n#1 0x55c7de41145c <unknown>\n#2 0x55c7de45d5b5 <unknown>\n#3 0x55c7de45d671 <unknown>\n#4 0x55c7de4a1f14 <unknown>\n#5 0x55c7de4804dd <unknown>\n#6 0x55c7de49f2cc <unknown>\n#7 0x55c7de480253 <unknown>\n#8 0x55c7de4501c7 <unknown>\n#9 0x55c7de450b3e <unknown>\n#10 0x55c7de6ee30b <unknown>\n#11 0x55c7de6f23b7 <unknown>\n#12 0x55c7de6dae3e <unknown>\n#13 0x55c7de6f2e82 <unknown>\n#14 0x55c7de6bf7df <unknown>\n#15 0x55c7de7171b8 <unknown>\n#16 0x55c7de71738b <unknown>\n#17 0x55c7de726ffc <unknown>\n#18 0x7f2085894ac3 <unknown>\n\n",
      "statusTrace" : "  File \"/opt/hostedtoolcache/Python/3.12.3/x64/lib/python3.12/site-packages/allure_commons/_allure.py\", line 192, in impl\n    return func(*a, **kw)\n           ^^^^^^^^^^^^^^\n  File \"/home/runner/work/auto-tests-python/auto-tests-python/pages/profile_page.py\", line 50, in go_to_profile_page\n    self.element_is_present_and_clickable(AuthorizedUserHomePageLocators.PROFILE_USER).click()\n    ^^^^^^^^^^^^^^^^^^^^^^^^^^^^^^^^^^^^^^^^^^^^^^^^^^^^^^^^^^^^^^^^^^^^^^^^^^^^^^^^^^\n  File \"/home/runner/work/auto-tests-python/auto-tests-python/pages/base_page.py\", line 32, in element_is_present_and_clickable\n    return (Wait(self.driver, self.timeout).until(\n            ^^^^^^^^^^^^^^^^^^^^^^^^^^^^^^^^^^^^^^\n  File \"/opt/hostedtoolcache/Python/3.12.3/x64/lib/python3.12/site-packages/selenium/webdriver/support/wait.py\", line 95, in until\n    raise TimeoutException(message, screen, stacktrace)\n",
      "steps" : [ {
        "name" : "Check element is visible and clickable: ('xpath', '//a[@href=\"/profile\"]')",
        "time" : {
          "start" : 1716197094549,
          "stop" : 1716197115012,
          "duration" : 20463
        },
        "status" : "broken",
        "statusMessage" : "selenium.common.exceptions.TimeoutException: Message: Can't find element by locator ('xpath', '//a[@href=\"/profile\"]')\nStacktrace:\n#0 0x55c7de727eca <unknown>\n#1 0x55c7de41145c <unknown>\n#2 0x55c7de45d5b5 <unknown>\n#3 0x55c7de45d671 <unknown>\n#4 0x55c7de4a1f14 <unknown>\n#5 0x55c7de4804dd <unknown>\n#6 0x55c7de49f2cc <unknown>\n#7 0x55c7de480253 <unknown>\n#8 0x55c7de4501c7 <unknown>\n#9 0x55c7de450b3e <unknown>\n#10 0x55c7de6ee30b <unknown>\n#11 0x55c7de6f23b7 <unknown>\n#12 0x55c7de6dae3e <unknown>\n#13 0x55c7de6f2e82 <unknown>\n#14 0x55c7de6bf7df <unknown>\n#15 0x55c7de7171b8 <unknown>\n#16 0x55c7de71738b <unknown>\n#17 0x55c7de726ffc <unknown>\n#18 0x7f2085894ac3 <unknown>\n\n",
        "statusTrace" : "  File \"/home/runner/work/auto-tests-python/auto-tests-python/pages/base_page.py\", line 32, in element_is_present_and_clickable\n    return (Wait(self.driver, self.timeout).until(\n            ^^^^^^^^^^^^^^^^^^^^^^^^^^^^^^^^^^^^^^\n  File \"/opt/hostedtoolcache/Python/3.12.3/x64/lib/python3.12/site-packages/selenium/webdriver/support/wait.py\", line 95, in until\n    raise TimeoutException(message, screen, stacktrace)\n",
        "steps" : [ ],
        "attachments" : [ ],
        "parameters" : [ ],
        "stepsCount" : 0,
        "attachmentsCount" : 0,
        "shouldDisplayMessage" : true,
        "hasContent" : true
      } ],
      "attachments" : [ ],
      "parameters" : [ ],
      "stepsCount" : 1,
      "attachmentsCount" : 0,
      "shouldDisplayMessage" : false,
      "hasContent" : true
    } ],
    "attachments" : [ {
      "uid" : "b59c2ea7d097787e",
      "name" : "Screenshot",
      "source" : "b59c2ea7d097787e.png",
      "type" : "image/png",
      "size" : 53768
    }, {
      "uid" : "91bcad123753eaf6",
      "name" : "HTML source",
      "source" : "91bcad123753eaf6.html",
      "type" : "text/html",
      "size" : 27723
    } ],
    "parameters" : [ ],
    "stepsCount" : 17,
    "attachmentsCount" : 2,
    "shouldDisplayMessage" : true,
    "hasContent" : true
  },
  "afterStages" : [ {
    "name" : "driver::0",
    "time" : {
      "start" : 1716197115160,
      "stop" : 1716197115312,
      "duration" : 152
    },
    "status" : "passed",
    "steps" : [ ],
    "attachments" : [ {
      "uid" : "9c18a349f2df7194",
      "name" : "Screenshot 2024-05-20 09:25:15.250368",
      "source" : "9c18a349f2df7194.png",
      "type" : "image/png",
      "size" : 53768
    } ],
    "parameters" : [ ],
    "stepsCount" : 0,
    "attachmentsCount" : 1,
    "shouldDisplayMessage" : false,
    "hasContent" : true
  } ],
  "labels" : [ {
    "name" : "epic",
    "value" : "Test Profile Page"
  }, {
    "name" : "parentSuite",
    "value" : "tests"
  }, {
    "name" : "suite",
    "value" : "profile_page_test"
  }, {
    "name" : "subSuite",
    "value" : "TestProfilePage"
  }, {
    "name" : "host",
    "value" : "fv-az1780-476"
  }, {
    "name" : "thread",
    "value" : "2315-MainThread"
  }, {
    "name" : "framework",
    "value" : "pytest"
  }, {
    "name" : "language",
    "value" : "cpython3"
  }, {
    "name" : "package",
    "value" : "tests.profile_page_test"
  }, {
    "name" : "resultFormat",
    "value" : "allure2"
  } ],
  "parameters" : [ ],
  "links" : [ ],
  "hidden" : false,
  "retry" : false,
  "extra" : {
    "severity" : "normal",
    "retries" : [ ],
    "categories" : [ {
      "name" : "Test defects",
      "matchedStatuses" : [ ],
      "flaky" : false
    } ],
    "tags" : [ ]
  },
  "source" : "c06e0886f5cefeb1.json",
  "parameterValues" : [ ]
}