{
  "uid" : "872db7443e8de446",
  "name" : "Verify redirection to contacts page not authorized user.",
  "fullName" : "tests.description_page_test.TestDescriptionPage#test_dp_04_verify_redirection_to_contacts_page",
  "historyId" : "eae6426b7c40fa9a269469bd87e979ea",
  "time" : {
    "start" : 1740794090222,
    "stop" : 1740794130702,
    "duration" : 40480
  },
  "status" : "broken",
  "statusMessage" : "selenium.common.exceptions.TimeoutException: Message: Can't find element by locator https://brainup.site/contact",
  "statusTrace" : "self = <pages.description_page.DescriptionPage object at 0x7f88f8a56510>\nurl = 'https://brainup.site/contact'\n\n    def check_expected_link(self, url):\n        with allure.step(f'Check url is present: {url}'):\n            try:\n>               return Wait(self.driver, self.timeout).until(\n                    ec.url_to_be(url), message=f\"Can't find element by locator {url}\")\n\npages/base_page.py:68: \n_ _ _ _ _ _ _ _ _ _ _ _ _ _ _ _ _ _ _ _ _ _ _ _ _ _ _ _ _ _ _ _ _ _ _ _ _ _ _ _ \n\nself = <selenium.webdriver.support.wait.WebDriverWait (session=\"a92b3586b0b96c7a58318a2252a17a23\")>\nmethod = <function url_to_be.<locals>._predicate at 0x7f88f8a111c0>\nmessage = \"Can't find element by locator https://brainup.site/contact\"\n\n    def until(self, method, message: str = \"\"):\n        \"\"\"Calls the method provided with the driver as an argument until the \\\n        return value does not evaluate to ``False``.\n    \n        :param method: callable(WebDriver)\n        :param message: optional message for :exc:`TimeoutException`\n        :returns: the result of the last call to `method`\n        :raises: :exc:`selenium.common.exceptions.TimeoutException` if timeout occurs\n        \"\"\"\n        screen = None\n        stacktrace = None\n    \n        end_time = time.monotonic() + self._timeout\n        while True:\n            try:\n                value = method(self._driver)\n                if value:\n                    return value\n            except self._ignored_exceptions as exc:\n                screen = getattr(exc, \"screen\", None)\n                stacktrace = getattr(exc, \"stacktrace\", None)\n            time.sleep(self._poll)\n            if time.monotonic() > end_time:\n                break\n>       raise TimeoutException(message, screen, stacktrace)\nE       selenium.common.exceptions.TimeoutException: Message: Can't find element by locator https://brainup.site/contact\n\n/opt/hostedtoolcache/Python/3.12.9/x64/lib/python3.12/site-packages/selenium/webdriver/support/wait.py:95: TimeoutException\n\nDuring handling of the above exception, another exception occurred:\n\nself = <tests.description_page_test.TestDescriptionPage object at 0x7f88f8e0cb30>\ndriver = <selenium.webdriver.chrome.webdriver.WebDriver (session=\"a92b3586b0b96c7a58318a2252a17a23\")>\nmain_page_open = None\n\n    @allure.title(\"Verify redirection to contacts page not authorized user.\")\n    def test_dp_04_verify_redirection_to_contacts_page(self, driver, main_page_open):\n        page = DescriptionPage(driver)\n>       contacts_page_url = page.transition_contacts_page()\n\ntests/description_page_test.py:30: \n_ _ _ _ _ _ _ _ _ _ _ _ _ _ _ _ _ _ _ _ _ _ _ _ _ _ _ _ _ _ _ _ _ _ _ _ _ _ _ _ \npages/description_page.py:36: in transition_contacts_page\n    self.check_expected_link(MainPageLinks.URL_CONTACTS_PAGE)\npages/base_page.py:72: in check_expected_link\n    return Wait(self.driver, self.timeout).until(\n_ _ _ _ _ _ _ _ _ _ _ _ _ _ _ _ _ _ _ _ _ _ _ _ _ _ _ _ _ _ _ _ _ _ _ _ _ _ _ _ \n\nself = <selenium.webdriver.support.wait.WebDriverWait (session=\"a92b3586b0b96c7a58318a2252a17a23\")>\nmethod = <function url_to_be.<locals>._predicate at 0x7f88f8904ae0>\nmessage = \"Can't find element by locator https://brainup.site/contact\"\n\n    def until(self, method, message: str = \"\"):\n        \"\"\"Calls the method provided with the driver as an argument until the \\\n        return value does not evaluate to ``False``.\n    \n        :param method: callable(WebDriver)\n        :param message: optional message for :exc:`TimeoutException`\n        :returns: the result of the last call to `method`\n        :raises: :exc:`selenium.common.exceptions.TimeoutException` if timeout occurs\n        \"\"\"\n        screen = None\n        stacktrace = None\n    \n        end_time = time.monotonic() + self._timeout\n        while True:\n            try:\n                value = method(self._driver)\n                if value:\n                    return value\n            except self._ignored_exceptions as exc:\n                screen = getattr(exc, \"screen\", None)\n                stacktrace = getattr(exc, \"stacktrace\", None)\n            time.sleep(self._poll)\n            if time.monotonic() > end_time:\n                break\n>       raise TimeoutException(message, screen, stacktrace)\nE       selenium.common.exceptions.TimeoutException: Message: Can't find element by locator https://brainup.site/contact\n\n/opt/hostedtoolcache/Python/3.12.9/x64/lib/python3.12/site-packages/selenium/webdriver/support/wait.py:95: TimeoutException",
  "flaky" : false,
  "newFailed" : false,
  "beforeStages" : [ {
    "name" : "clear_allure_results_folder",
    "time" : {
      "start" : 1740793887016,
      "stop" : 1740793887016,
      "duration" : 0
    },
    "status" : "passed",
    "steps" : [ ],
    "attachments" : [ ],
    "parameters" : [ ],
    "stepsCount" : 0,
    "attachmentsCount" : 0,
    "shouldDisplayMessage" : false,
    "hasContent" : false
  }, {
    "name" : "driver",
    "time" : {
      "start" : 1740794085818,
      "stop" : 1740794086657,
      "duration" : 839
    },
    "status" : "passed",
    "steps" : [ ],
    "attachments" : [ ],
    "parameters" : [ ],
    "stepsCount" : 0,
    "attachmentsCount" : 0,
    "shouldDisplayMessage" : false,
    "hasContent" : false
  }, {
    "name" : "main_page_open",
    "time" : {
      "start" : 1740794086657,
      "stop" : 1740794090222,
      "duration" : 3565
    },
    "status" : "passed",
    "steps" : [ {
      "name" : "Open page: https://brainup.site/",
      "time" : {
        "start" : 1740794086657,
        "stop" : 1740794090222,
        "duration" : 3565
      },
      "status" : "passed",
      "steps" : [ ],
      "attachments" : [ ],
      "parameters" : [ {
        "name" : "driver",
        "value" : "<selenium.webdriver.chrome.webdriver.WebDriver (session=\"a92b3586b0b96c7a58318a2252a17a23\")>"
      } ],
      "stepsCount" : 0,
      "attachmentsCount" : 0,
      "shouldDisplayMessage" : false,
      "hasContent" : true
    } ],
    "attachments" : [ ],
    "parameters" : [ ],
    "stepsCount" : 1,
    "attachmentsCount" : 0,
    "shouldDisplayMessage" : false,
    "hasContent" : true
  } ],
  "testStage" : {
    "status" : "broken",
    "statusMessage" : "selenium.common.exceptions.TimeoutException: Message: Can't find element by locator https://brainup.site/contact",
    "statusTrace" : "self = <pages.description_page.DescriptionPage object at 0x7f88f8a56510>\nurl = 'https://brainup.site/contact'\n\n    def check_expected_link(self, url):\n        with allure.step(f'Check url is present: {url}'):\n            try:\n>               return Wait(self.driver, self.timeout).until(\n                    ec.url_to_be(url), message=f\"Can't find element by locator {url}\")\n\npages/base_page.py:68: \n_ _ _ _ _ _ _ _ _ _ _ _ _ _ _ _ _ _ _ _ _ _ _ _ _ _ _ _ _ _ _ _ _ _ _ _ _ _ _ _ \n\nself = <selenium.webdriver.support.wait.WebDriverWait (session=\"a92b3586b0b96c7a58318a2252a17a23\")>\nmethod = <function url_to_be.<locals>._predicate at 0x7f88f8a111c0>\nmessage = \"Can't find element by locator https://brainup.site/contact\"\n\n    def until(self, method, message: str = \"\"):\n        \"\"\"Calls the method provided with the driver as an argument until the \\\n        return value does not evaluate to ``False``.\n    \n        :param method: callable(WebDriver)\n        :param message: optional message for :exc:`TimeoutException`\n        :returns: the result of the last call to `method`\n        :raises: :exc:`selenium.common.exceptions.TimeoutException` if timeout occurs\n        \"\"\"\n        screen = None\n        stacktrace = None\n    \n        end_time = time.monotonic() + self._timeout\n        while True:\n            try:\n                value = method(self._driver)\n                if value:\n                    return value\n            except self._ignored_exceptions as exc:\n                screen = getattr(exc, \"screen\", None)\n                stacktrace = getattr(exc, \"stacktrace\", None)\n            time.sleep(self._poll)\n            if time.monotonic() > end_time:\n                break\n>       raise TimeoutException(message, screen, stacktrace)\nE       selenium.common.exceptions.TimeoutException: Message: Can't find element by locator https://brainup.site/contact\n\n/opt/hostedtoolcache/Python/3.12.9/x64/lib/python3.12/site-packages/selenium/webdriver/support/wait.py:95: TimeoutException\n\nDuring handling of the above exception, another exception occurred:\n\nself = <tests.description_page_test.TestDescriptionPage object at 0x7f88f8e0cb30>\ndriver = <selenium.webdriver.chrome.webdriver.WebDriver (session=\"a92b3586b0b96c7a58318a2252a17a23\")>\nmain_page_open = None\n\n    @allure.title(\"Verify redirection to contacts page not authorized user.\")\n    def test_dp_04_verify_redirection_to_contacts_page(self, driver, main_page_open):\n        page = DescriptionPage(driver)\n>       contacts_page_url = page.transition_contacts_page()\n\ntests/description_page_test.py:30: \n_ _ _ _ _ _ _ _ _ _ _ _ _ _ _ _ _ _ _ _ _ _ _ _ _ _ _ _ _ _ _ _ _ _ _ _ _ _ _ _ \npages/description_page.py:36: in transition_contacts_page\n    self.check_expected_link(MainPageLinks.URL_CONTACTS_PAGE)\npages/base_page.py:72: in check_expected_link\n    return Wait(self.driver, self.timeout).until(\n_ _ _ _ _ _ _ _ _ _ _ _ _ _ _ _ _ _ _ _ _ _ _ _ _ _ _ _ _ _ _ _ _ _ _ _ _ _ _ _ \n\nself = <selenium.webdriver.support.wait.WebDriverWait (session=\"a92b3586b0b96c7a58318a2252a17a23\")>\nmethod = <function url_to_be.<locals>._predicate at 0x7f88f8904ae0>\nmessage = \"Can't find element by locator https://brainup.site/contact\"\n\n    def until(self, method, message: str = \"\"):\n        \"\"\"Calls the method provided with the driver as an argument until the \\\n        return value does not evaluate to ``False``.\n    \n        :param method: callable(WebDriver)\n        :param message: optional message for :exc:`TimeoutException`\n        :returns: the result of the last call to `method`\n        :raises: :exc:`selenium.common.exceptions.TimeoutException` if timeout occurs\n        \"\"\"\n        screen = None\n        stacktrace = None\n    \n        end_time = time.monotonic() + self._timeout\n        while True:\n            try:\n                value = method(self._driver)\n                if value:\n                    return value\n            except self._ignored_exceptions as exc:\n                screen = getattr(exc, \"screen\", None)\n                stacktrace = getattr(exc, \"stacktrace\", None)\n            time.sleep(self._poll)\n            if time.monotonic() > end_time:\n                break\n>       raise TimeoutException(message, screen, stacktrace)\nE       selenium.common.exceptions.TimeoutException: Message: Can't find element by locator https://brainup.site/contact\n\n/opt/hostedtoolcache/Python/3.12.9/x64/lib/python3.12/site-packages/selenium/webdriver/support/wait.py:95: TimeoutException",
    "steps" : [ {
      "name" : "Open contacts page",
      "time" : {
        "start" : 1740794090222,
        "stop" : 1740794130702,
        "duration" : 40480
      },
      "status" : "broken",
      "statusMessage" : "selenium.common.exceptions.TimeoutException: Message: Can't find element by locator https://brainup.site/contact\n\n",
      "statusTrace" : "  File \"/opt/hostedtoolcache/Python/3.12.9/x64/lib/python3.12/site-packages/allure_commons/_allure.py\", line 192, in impl\n    return func(*a, **kw)\n           ^^^^^^^^^^^^^^\n  File \"/home/runner/work/auto-tests-python/auto-tests-python/pages/description_page.py\", line 36, in transition_contacts_page\n    self.check_expected_link(MainPageLinks.URL_CONTACTS_PAGE)\n  File \"/home/runner/work/auto-tests-python/auto-tests-python/pages/base_page.py\", line 72, in check_expected_link\n    return Wait(self.driver, self.timeout).until(\n           ^^^^^^^^^^^^^^^^^^^^^^^^^^^^^^^^^^^^^^\n  File \"/opt/hostedtoolcache/Python/3.12.9/x64/lib/python3.12/site-packages/selenium/webdriver/support/wait.py\", line 95, in until\n    raise TimeoutException(message, screen, stacktrace)\n",
      "steps" : [ {
        "name" : "Check url is present: https://brainup.site/contact",
        "time" : {
          "start" : 1740794090440,
          "stop" : 1740794130701,
          "duration" : 40261
        },
        "status" : "broken",
        "statusMessage" : "selenium.common.exceptions.TimeoutException: Message: Can't find element by locator https://brainup.site/contact\n\n",
        "statusTrace" : "  File \"/home/runner/work/auto-tests-python/auto-tests-python/pages/base_page.py\", line 72, in check_expected_link\n    return Wait(self.driver, self.timeout).until(\n           ^^^^^^^^^^^^^^^^^^^^^^^^^^^^^^^^^^^^^^\n  File \"/opt/hostedtoolcache/Python/3.12.9/x64/lib/python3.12/site-packages/selenium/webdriver/support/wait.py\", line 95, in until\n    raise TimeoutException(message, screen, stacktrace)\n",
        "steps" : [ ],
        "attachments" : [ ],
        "parameters" : [ ],
        "stepsCount" : 0,
        "attachmentsCount" : 0,
        "shouldDisplayMessage" : true,
        "hasContent" : true
      } ],
      "attachments" : [ ],
      "parameters" : [ ],
      "stepsCount" : 1,
      "attachmentsCount" : 0,
      "shouldDisplayMessage" : false,
      "hasContent" : true
    } ],
    "attachments" : [ {
      "uid" : "e512f7831ac6ef55",
      "name" : "Screenshot 2025-03-01 01:55:30.794957",
      "source" : "e512f7831ac6ef55.png",
      "type" : "image/png",
      "size" : 66624
    } ],
    "parameters" : [ ],
    "stepsCount" : 2,
    "attachmentsCount" : 1,
    "shouldDisplayMessage" : true,
    "hasContent" : true
  },
  "afterStages" : [ {
    "name" : "driver::0",
    "time" : {
      "start" : 1740794130796,
      "stop" : 1740794130861,
      "duration" : 65
    },
    "status" : "passed",
    "steps" : [ ],
    "attachments" : [ ],
    "parameters" : [ ],
    "stepsCount" : 0,
    "attachmentsCount" : 0,
    "shouldDisplayMessage" : false,
    "hasContent" : false
  } ],
  "labels" : [ {
    "name" : "epic",
    "value" : "Description Page."
  }, {
    "name" : "parentSuite",
    "value" : "tests"
  }, {
    "name" : "suite",
    "value" : "description_page_test"
  }, {
    "name" : "subSuite",
    "value" : "TestDescriptionPage"
  }, {
    "name" : "host",
    "value" : "fv-az1673-683"
  }, {
    "name" : "thread",
    "value" : "2407-MainThread"
  }, {
    "name" : "framework",
    "value" : "pytest"
  }, {
    "name" : "language",
    "value" : "cpython3"
  }, {
    "name" : "package",
    "value" : "tests.description_page_test"
  }, {
    "name" : "resultFormat",
    "value" : "allure2"
  } ],
  "parameters" : [ ],
  "links" : [ ],
  "hidden" : false,
  "retry" : false,
  "extra" : {
    "severity" : "normal",
    "retries" : [ ],
    "categories" : [ {
      "name" : "Test defects",
      "matchedStatuses" : [ ],
      "flaky" : false
    } ],
    "history" : {
      "statistic" : {
        "failed" : 0,
        "broken" : 67,
        "skipped" : 0,
        "passed" : 78,
        "unknown" : 0,
        "total" : 145
      },
      "items" : [ {
        "uid" : "6229e4ffc85ca1dd",
        "reportUrl" : "https://lambotik.github.io/auto-tests-python/199//#testresult/6229e4ffc85ca1dd",
        "status" : "broken",
        "statusDetails" : "selenium.common.exceptions.TimeoutException: Message: Can't find element by locator https://brainup.site/contact",
        "time" : {
          "start" : 1740707348399,
          "stop" : 1740707388839,
          "duration" : 40440
        }
      }, {
        "uid" : "700c0315cb8f79c9",
        "reportUrl" : "https://lambotik.github.io/auto-tests-python/198//#testresult/700c0315cb8f79c9",
        "status" : "broken",
        "statusDetails" : "selenium.common.exceptions.TimeoutException: Message: Can't find element by locator https://brainup.site/contact",
        "time" : {
          "start" : 1740620926761,
          "stop" : 1740620967194,
          "duration" : 40433
        }
      }, {
        "uid" : "8add038b57efb6c7",
        "reportUrl" : "https://lambotik.github.io/auto-tests-python/197//#testresult/8add038b57efb6c7",
        "status" : "broken",
        "statusDetails" : "selenium.common.exceptions.TimeoutException: Message: Can't find element by locator https://brainup.site/contact",
        "time" : {
          "start" : 1740534473380,
          "stop" : 1740534513834,
          "duration" : 40454
        }
      }, {
        "uid" : "90d03a0b644d902f",
        "reportUrl" : "https://lambotik.github.io/auto-tests-python/196//#testresult/90d03a0b644d902f",
        "status" : "broken",
        "statusDetails" : "selenium.common.exceptions.TimeoutException: Message: Can't find element by locator https://brainup.site/contact",
        "time" : {
          "start" : 1740448120818,
          "stop" : 1740448161317,
          "duration" : 40499
        }
      }, {
        "uid" : "1f460b2cdf90fdd",
        "reportUrl" : "https://lambotik.github.io/auto-tests-python/195//#testresult/1f460b2cdf90fdd",
        "status" : "broken",
        "statusDetails" : "selenium.common.exceptions.TimeoutException: Message: Can't find element by locator https://brainup.site/contact",
        "time" : {
          "start" : 1740361760043,
          "stop" : 1740361800560,
          "duration" : 40517
        }
      }, {
        "uid" : "4438a66715c65320",
        "reportUrl" : "https://lambotik.github.io/auto-tests-python/194//#testresult/4438a66715c65320",
        "status" : "broken",
        "statusDetails" : "selenium.common.exceptions.TimeoutException: Message: Can't find element by locator https://brainup.site/contact",
        "time" : {
          "start" : 1740275534847,
          "stop" : 1740275575358,
          "duration" : 40511
        }
      }, {
        "uid" : "6f1278fe031a8c4b",
        "reportUrl" : "https://lambotik.github.io/auto-tests-python/193//#testresult/6f1278fe031a8c4b",
        "status" : "broken",
        "statusDetails" : "selenium.common.exceptions.TimeoutException: Message: Can't find element by locator https://brainup.site/contact",
        "time" : {
          "start" : 1740188672376,
          "stop" : 1740188712810,
          "duration" : 40434
        }
      }, {
        "uid" : "795135d57a01c8e6",
        "reportUrl" : "https://lambotik.github.io/auto-tests-python/192//#testresult/795135d57a01c8e6",
        "status" : "broken",
        "statusDetails" : "selenium.common.exceptions.TimeoutException: Message: Can't find element by locator https://brainup.site/contact",
        "time" : {
          "start" : 1740102422626,
          "stop" : 1740102463095,
          "duration" : 40469
        }
      }, {
        "uid" : "6be19c40211686e2",
        "reportUrl" : "https://lambotik.github.io/auto-tests-python/191//#testresult/6be19c40211686e2",
        "status" : "broken",
        "statusDetails" : "selenium.common.exceptions.TimeoutException: Message: Can't find element by locator https://brainup.site/contact",
        "time" : {
          "start" : 1740016043837,
          "stop" : 1740016084278,
          "duration" : 40441
        }
      }, {
        "uid" : "898363c0ca006ba2",
        "reportUrl" : "https://lambotik.github.io/auto-tests-python/190//#testresult/898363c0ca006ba2",
        "status" : "broken",
        "statusDetails" : "selenium.common.exceptions.TimeoutException: Message: Can't find element by locator https://brainup.site/contact",
        "time" : {
          "start" : 1739929576087,
          "stop" : 1739929616550,
          "duration" : 40463
        }
      }, {
        "uid" : "af7a4cd5a8b77bd7",
        "reportUrl" : "https://lambotik.github.io/auto-tests-python/189//#testresult/af7a4cd5a8b77bd7",
        "status" : "broken",
        "statusDetails" : "selenium.common.exceptions.TimeoutException: Message: Can't find element by locator https://brainup.site/contact",
        "time" : {
          "start" : 1739843161203,
          "stop" : 1739843201671,
          "duration" : 40468
        }
      }, {
        "uid" : "9e9502ab7959adc2",
        "reportUrl" : "https://lambotik.github.io/auto-tests-python/188//#testresult/9e9502ab7959adc2",
        "status" : "broken",
        "statusDetails" : "selenium.common.exceptions.TimeoutException: Message: Can't find element by locator https://brainup.site/contact",
        "time" : {
          "start" : 1739756930346,
          "stop" : 1739756970779,
          "duration" : 40433
        }
      }, {
        "uid" : "c37357dc9d1ad26a",
        "reportUrl" : "https://lambotik.github.io/auto-tests-python/187//#testresult/c37357dc9d1ad26a",
        "status" : "broken",
        "statusDetails" : "selenium.common.exceptions.TimeoutException: Message: Can't find element by locator https://brainup.site/contact",
        "time" : {
          "start" : 1739670746205,
          "stop" : 1739670786689,
          "duration" : 40484
        }
      }, {
        "uid" : "812324047db4d9f8",
        "reportUrl" : "https://lambotik.github.io/auto-tests-python/186//#testresult/812324047db4d9f8",
        "status" : "broken",
        "statusDetails" : "selenium.common.exceptions.TimeoutException: Message: Can't find element by locator https://brainup.site/contact",
        "time" : {
          "start" : 1739583863730,
          "stop" : 1739583904179,
          "duration" : 40449
        }
      }, {
        "uid" : "168c504cf58178a1",
        "reportUrl" : "https://lambotik.github.io/auto-tests-python/185//#testresult/168c504cf58178a1",
        "status" : "broken",
        "statusDetails" : "selenium.common.exceptions.TimeoutException: Message: Can't find element by locator https://brainup.site/contact",
        "time" : {
          "start" : 1739497553230,
          "stop" : 1739497593674,
          "duration" : 40444
        }
      }, {
        "uid" : "641828402fb59fdd",
        "reportUrl" : "https://lambotik.github.io/auto-tests-python/184//#testresult/641828402fb59fdd",
        "status" : "broken",
        "statusDetails" : "selenium.common.exceptions.TimeoutException: Message: Can't find element by locator https://brainup.site/contact",
        "time" : {
          "start" : 1739411174325,
          "stop" : 1739411214745,
          "duration" : 40420
        }
      }, {
        "uid" : "3f8c87027e194830",
        "reportUrl" : "https://lambotik.github.io/auto-tests-python/183//#testresult/3f8c87027e194830",
        "status" : "broken",
        "statusDetails" : "selenium.common.exceptions.TimeoutException: Message: Can't find element by locator https://brainup.site/contact",
        "time" : {
          "start" : 1739324762111,
          "stop" : 1739324802592,
          "duration" : 40481
        }
      }, {
        "uid" : "fc45684e616d272b",
        "reportUrl" : "https://lambotik.github.io/auto-tests-python/182//#testresult/fc45684e616d272b",
        "status" : "broken",
        "statusDetails" : "selenium.common.exceptions.TimeoutException: Message: Can't find element by locator https://brainup.site/contact",
        "time" : {
          "start" : 1739238325680,
          "stop" : 1739238366122,
          "duration" : 40442
        }
      }, {
        "uid" : "73521a5468850524",
        "reportUrl" : "https://lambotik.github.io/auto-tests-python/181//#testresult/73521a5468850524",
        "status" : "broken",
        "statusDetails" : "selenium.common.exceptions.TimeoutException: Message: Can't find element by locator https://brainup.site/contact",
        "time" : {
          "start" : 1739152060863,
          "stop" : 1739152101329,
          "duration" : 40466
        }
      }, {
        "uid" : "dcadfcf0e9a67650",
        "reportUrl" : "https://lambotik.github.io/auto-tests-python/180//#testresult/dcadfcf0e9a67650",
        "status" : "broken",
        "statusDetails" : "selenium.common.exceptions.TimeoutException: Message: Can't find element by locator https://brainup.site/contact",
        "time" : {
          "start" : 1739065764339,
          "stop" : 1739065804788,
          "duration" : 40449
        }
      } ]
    },
    "tags" : [ ]
  },
  "source" : "872db7443e8de446.json",
  "parameterValues" : [ ]
}