{
  "uid" : "110c0fa1d58021b1",
  "name" : "Check statistic table.",
  "fullName" : "tests.test_speech_exercises_ru.TestCardsRU#test_get_statistic_data",
  "historyId" : "15df626f86a935fbcd917f7ea4002a26",
  "time" : {
    "start" : 1717462018496,
    "stop" : 1717462020831,
    "duration" : 2335
  },
  "status" : "skipped",
  "statusMessage" : "XFAIL\n\nselenium.common.exceptions.StaleElementReferenceException: Message: stale element reference: stale element not found in the current frame\n  (Session info: chrome-headless-shell=125.0.6422.112); For documentation on this error, please visit: https://www.selenium.dev/documentation/webdriver/troubleshooting/errors#stale-element-reference-exception\nStacktrace:\n#0 0x564e6c1cce8a <unknown>\n#1 0x564e6beb645c <unknown>\n#2 0x564e6bebbb69 <unknown>\n#3 0x564e6bebd915 <unknown>\n#4 0x564e6bebd99c <unknown>\n#5 0x564e6befc7f2 <unknown>\n#6 0x564e6bf254b2 <unknown>\n#7 0x564e6bef6a79 <unknown>\n#8 0x564e6bf2567e <unknown>\n#9 0x564e6bf442cc <unknown>\n#10 0x564e6bf25253 <unknown>\n#11 0x564e6bef51c7 <unknown>\n#12 0x564e6bef5b3e <unknown>\n#13 0x564e6c1932cb <unknown>\n#14 0x564e6c197377 <unknown>\n#15 0x564e6c17fdfe <unknown>\n#16 0x564e6c197e42 <unknown>\n#17 0x564e6c16479f <unknown>\n#18 0x564e6c1bc178 <unknown>\n#19 0x564e6c1bc34b <unknown>\n#20 0x564e6c1cbfbc <unknown>\n#21 0x7f6f90894ac3 <unknown>",
  "statusTrace" : "self = <tests.test_speech_exercises_ru.TestCardsRU object at 0x7f014702ae70>\ndriver = <selenium.webdriver.chrome.webdriver.WebDriver (session=\"615adb4486a6da733510615edb948a8c\")>\ndefault_user_authorized = None\n\n    @pytest.mark.xfail\n    @allure.suite('Statistic.')\n    @allure.title('Check statistic table.')\n    def test_get_statistic_data(self, driver, default_user_authorized):\n        page = SpeechExercisesPageRU(driver)\n>       table = page.get_statistic_data()\n\ntests/test_speech_exercises_ru.py:192: \n_ _ _ _ _ _ _ _ _ _ _ _ _ _ _ _ _ _ _ _ _ _ _ _ _ _ _ _ _ _ _ _ _ _ _ _ _ _ _ _ \npages/speech_exercises_page_ru.py:180: in get_statistic_data\n    title = [i.text for i in titles]\n/opt/hostedtoolcache/Python/3.12.3/x64/lib/python3.12/site-packages/selenium/webdriver/remote/webelement.py:89: in text\n    return self._execute(Command.GET_ELEMENT_TEXT)[\"value\"]\n/opt/hostedtoolcache/Python/3.12.3/x64/lib/python3.12/site-packages/selenium/webdriver/remote/webelement.py:394: in _execute\n    return self._parent.execute(command, params)\n/opt/hostedtoolcache/Python/3.12.3/x64/lib/python3.12/site-packages/selenium/webdriver/remote/webdriver.py:344: in execute\n    self.error_handler.check_response(response)\n_ _ _ _ _ _ _ _ _ _ _ _ _ _ _ _ _ _ _ _ _ _ _ _ _ _ _ _ _ _ _ _ _ _ _ _ _ _ _ _ \n\nself = <selenium.webdriver.remote.errorhandler.ErrorHandler object at 0x7f0147182ba0>\nresponse = {'status': 404, 'value': '{\"value\":{\"error\":\"stale element reference\",\"message\":\"stale element reference: stale elemen...\\\\n#19 0x564e6c1bc34b \\\\u003Cunknown>\\\\n#20 0x564e6c1cbfbc \\\\u003Cunknown>\\\\n#21 0x7f6f90894ac3 \\\\u003Cunknown>\\\\n\"}}'}\n\n    def check_response(self, response: Dict[str, Any]) -> None:\n        \"\"\"Checks that a JSON response from the WebDriver does not have an\n        error.\n    \n        :Args:\n         - response - The JSON response from the WebDriver server as a dictionary\n           object.\n    \n        :Raises: If the response contains an error message.\n        \"\"\"\n        status = response.get(\"status\", None)\n        if not status or status == ErrorCode.SUCCESS:\n            return\n        value = None\n        message = response.get(\"message\", \"\")\n        screen: str = response.get(\"screen\", \"\")\n        stacktrace = None\n        if isinstance(status, int):\n            value_json = response.get(\"value\", None)\n            if value_json and isinstance(value_json, str):\n                import json\n    \n                try:\n                    value = json.loads(value_json)\n                    if len(value) == 1:\n                        value = value[\"value\"]\n                    status = value.get(\"error\", None)\n                    if not status:\n                        status = value.get(\"status\", ErrorCode.UNKNOWN_ERROR)\n                        message = value.get(\"value\") or value.get(\"message\")\n                        if not isinstance(message, str):\n                            value = message\n                            message = message.get(\"message\")\n                    else:\n                        message = value.get(\"message\", None)\n                except ValueError:\n                    pass\n    \n        exception_class: Type[WebDriverException]\n        e = ErrorCode()\n        error_codes = [item for item in dir(e) if not item.startswith(\"__\")]\n        for error_code in error_codes:\n            error_info = getattr(ErrorCode, error_code)\n            if isinstance(error_info, list) and status in error_info:\n                exception_class = getattr(ExceptionMapping, error_code, WebDriverException)\n                break\n        else:\n            exception_class = WebDriverException\n    \n        if not value:\n            value = response[\"value\"]\n        if isinstance(value, str):\n            raise exception_class(value)\n        if message == \"\" and \"message\" in value:\n            message = value[\"message\"]\n    \n        screen = None  # type: ignore[assignment]\n        if \"screen\" in value:\n            screen = value[\"screen\"]\n    \n        stacktrace = None\n        st_value = value.get(\"stackTrace\") or value.get(\"stacktrace\")\n        if st_value:\n            if isinstance(st_value, str):\n                stacktrace = st_value.split(\"\\n\")\n            else:\n                stacktrace = []\n                try:\n                    for frame in st_value:\n                        line = frame.get(\"lineNumber\", \"\")\n                        file = frame.get(\"fileName\", \"<anonymous>\")\n                        if line:\n                            file = f\"{file}:{line}\"\n                        meth = frame.get(\"methodName\", \"<anonymous>\")\n                        if \"className\" in frame:\n                            meth = f\"{frame['className']}.{meth}\"\n                        msg = \"    at %s (%s)\"\n                        msg = msg % (meth, file)\n                        stacktrace.append(msg)\n                except TypeError:\n                    pass\n        if exception_class == UnexpectedAlertPresentException:\n            alert_text = None\n            if \"data\" in value:\n                alert_text = value[\"data\"].get(\"text\")\n            elif \"alert\" in value:\n                alert_text = value[\"alert\"].get(\"text\")\n            raise exception_class(message, screen, stacktrace, alert_text)  # type: ignore[call-arg]  # mypy is not smart enough here\n>       raise exception_class(message, screen, stacktrace)\nE       selenium.common.exceptions.StaleElementReferenceException: Message: stale element reference: stale element not found in the current frame\nE         (Session info: chrome-headless-shell=125.0.6422.112); For documentation on this error, please visit: https://www.selenium.dev/documentation/webdriver/troubleshooting/errors#stale-element-reference-exception\nE       Stacktrace:\nE       #0 0x564e6c1cce8a <unknown>\nE       #1 0x564e6beb645c <unknown>\nE       #2 0x564e6bebbb69 <unknown>\nE       #3 0x564e6bebd915 <unknown>\nE       #4 0x564e6bebd99c <unknown>\nE       #5 0x564e6befc7f2 <unknown>\nE       #6 0x564e6bf254b2 <unknown>\nE       #7 0x564e6bef6a79 <unknown>\nE       #8 0x564e6bf2567e <unknown>\nE       #9 0x564e6bf442cc <unknown>\nE       #10 0x564e6bf25253 <unknown>\nE       #11 0x564e6bef51c7 <unknown>\nE       #12 0x564e6bef5b3e <unknown>\nE       #13 0x564e6c1932cb <unknown>\nE       #14 0x564e6c197377 <unknown>\nE       #15 0x564e6c17fdfe <unknown>\nE       #16 0x564e6c197e42 <unknown>\nE       #17 0x564e6c16479f <unknown>\nE       #18 0x564e6c1bc178 <unknown>\nE       #19 0x564e6c1bc34b <unknown>\nE       #20 0x564e6c1cbfbc <unknown>\nE       #21 0x7f6f90894ac3 <unknown>\n\n/opt/hostedtoolcache/Python/3.12.3/x64/lib/python3.12/site-packages/selenium/webdriver/remote/errorhandler.py:229: StaleElementReferenceException",
  "flaky" : false,
  "newFailed" : false,
  "beforeStages" : [ {
    "name" : "main_page_open",
    "time" : {
      "start" : 1717462011680,
      "stop" : 1717462015648,
      "duration" : 3968
    },
    "status" : "passed",
    "steps" : [ {
      "name" : "Open page: https://brainup.site/",
      "time" : {
        "start" : 1717462011680,
        "stop" : 1717462015648,
        "duration" : 3968
      },
      "status" : "passed",
      "steps" : [ ],
      "attachments" : [ ],
      "parameters" : [ {
        "name" : "driver",
        "value" : "<selenium.webdriver.chrome.webdriver.WebDriver (session=\"615adb4486a6da733510615edb948a8c\")>"
      } ],
      "stepsCount" : 0,
      "attachmentsCount" : 0,
      "shouldDisplayMessage" : false,
      "hasContent" : true
    } ],
    "attachments" : [ ],
    "parameters" : [ ],
    "stepsCount" : 1,
    "attachmentsCount" : 0,
    "shouldDisplayMessage" : false,
    "hasContent" : true
  }, {
    "name" : "clear_allure_results_folder",
    "time" : {
      "start" : 1717460840384,
      "stop" : 1717460840384,
      "duration" : 0
    },
    "status" : "passed",
    "steps" : [ ],
    "attachments" : [ ],
    "parameters" : [ ],
    "stepsCount" : 0,
    "attachmentsCount" : 0,
    "shouldDisplayMessage" : false,
    "hasContent" : false
  }, {
    "name" : "default_user_authorized",
    "time" : {
      "start" : 1717462015648,
      "stop" : 1717462018495,
      "duration" : 2847
    },
    "status" : "passed",
    "steps" : [ {
      "name" : "DEFAULT user authorized",
      "time" : {
        "start" : 1717462015648,
        "stop" : 1717462018495,
        "duration" : 2847
      },
      "status" : "passed",
      "steps" : [ {
        "name" : "Check element is visible and clickable: ('xpath', '//a[@id=\"ember11\"]')",
        "time" : {
          "start" : 1717462015648,
          "stop" : 1717462015689,
          "duration" : 41
        },
        "status" : "passed",
        "steps" : [ {
          "name" : "Check element is clickable",
          "time" : {
            "start" : 1717462015668,
            "stop" : 1717462015689,
            "duration" : 21
          },
          "status" : "passed",
          "steps" : [ {
            "name" : "Check element is clickable: ('xpath', '//a[@id=\"ember11\"]')",
            "time" : {
              "start" : 1717462015668,
              "stop" : 1717462015689,
              "duration" : 21
            },
            "status" : "passed",
            "steps" : [ ],
            "attachments" : [ ],
            "parameters" : [ ],
            "stepsCount" : 0,
            "attachmentsCount" : 0,
            "shouldDisplayMessage" : false,
            "hasContent" : false
          } ],
          "attachments" : [ ],
          "parameters" : [ {
            "name" : "locator",
            "value" : "('xpath', '//a[@id=\"ember11\"]')"
          } ],
          "stepsCount" : 1,
          "attachmentsCount" : 0,
          "shouldDisplayMessage" : false,
          "hasContent" : true
        } ],
        "attachments" : [ ],
        "parameters" : [ ],
        "stepsCount" : 2,
        "attachmentsCount" : 0,
        "shouldDisplayMessage" : false,
        "hasContent" : true
      }, {
        "name" : "Check element is visible: ('xpath', '//input[@id=\"login\"]')",
        "time" : {
          "start" : 1717462015742,
          "stop" : 1717462015771,
          "duration" : 29
        },
        "status" : "passed",
        "steps" : [ {
          "name" : "Check element is present: ('xpath', '//input[@id=\"login\"]')",
          "time" : {
            "start" : 1717462015742,
            "stop" : 1717462015753,
            "duration" : 11
          },
          "status" : "passed",
          "steps" : [ ],
          "attachments" : [ ],
          "parameters" : [ ],
          "stepsCount" : 0,
          "attachmentsCount" : 0,
          "shouldDisplayMessage" : false,
          "hasContent" : false
        }, {
          "name" : "Go to element: <selenium.webdriver.remote.webelement.WebElement (session=\"615adb4486a6da733510615edb948a8c\", element=\"f.4AC5084CCEC6542887FF47EA5BBB5375.d.649D2F7B8FB710DF55524EF3852216E3.e.27\")>",
          "time" : {
            "start" : 1717462015753,
            "stop" : 1717462015758,
            "duration" : 5
          },
          "status" : "passed",
          "steps" : [ ],
          "attachments" : [ ],
          "parameters" : [ ],
          "stepsCount" : 0,
          "attachmentsCount" : 0,
          "shouldDisplayMessage" : false,
          "hasContent" : false
        } ],
        "attachments" : [ ],
        "parameters" : [ ],
        "stepsCount" : 2,
        "attachmentsCount" : 0,
        "shouldDisplayMessage" : false,
        "hasContent" : true
      }, {
        "name" : "Check element is visible: ('xpath', '//input[@id=\"password\"]')",
        "time" : {
          "start" : 1717462015829,
          "stop" : 1717462015860,
          "duration" : 31
        },
        "status" : "passed",
        "steps" : [ {
          "name" : "Check element is present: ('xpath', '//input[@id=\"password\"]')",
          "time" : {
            "start" : 1717462015829,
            "stop" : 1717462015840,
            "duration" : 11
          },
          "status" : "passed",
          "steps" : [ ],
          "attachments" : [ ],
          "parameters" : [ ],
          "stepsCount" : 0,
          "attachmentsCount" : 0,
          "shouldDisplayMessage" : false,
          "hasContent" : false
        }, {
          "name" : "Go to element: <selenium.webdriver.remote.webelement.WebElement (session=\"615adb4486a6da733510615edb948a8c\", element=\"f.4AC5084CCEC6542887FF47EA5BBB5375.d.649D2F7B8FB710DF55524EF3852216E3.e.30\")>",
          "time" : {
            "start" : 1717462015840,
            "stop" : 1717462015845,
            "duration" : 5
          },
          "status" : "passed",
          "steps" : [ ],
          "attachments" : [ ],
          "parameters" : [ ],
          "stepsCount" : 0,
          "attachmentsCount" : 0,
          "shouldDisplayMessage" : false,
          "hasContent" : false
        } ],
        "attachments" : [ ],
        "parameters" : [ ],
        "stepsCount" : 2,
        "attachmentsCount" : 0,
        "shouldDisplayMessage" : false,
        "hasContent" : true
      }, {
        "name" : "Check element is visible and clickable: ('xpath', '//*[@type=\"submit\"]')",
        "time" : {
          "start" : 1717462015904,
          "stop" : 1717462015937,
          "duration" : 33
        },
        "status" : "passed",
        "steps" : [ {
          "name" : "Check element is clickable",
          "time" : {
            "start" : 1717462015920,
            "stop" : 1717462015937,
            "duration" : 17
          },
          "status" : "passed",
          "steps" : [ {
            "name" : "Check element is clickable: ('xpath', '//*[@type=\"submit\"]')",
            "time" : {
              "start" : 1717462015920,
              "stop" : 1717462015937,
              "duration" : 17
            },
            "status" : "passed",
            "steps" : [ ],
            "attachments" : [ ],
            "parameters" : [ ],
            "stepsCount" : 0,
            "attachmentsCount" : 0,
            "shouldDisplayMessage" : false,
            "hasContent" : false
          } ],
          "attachments" : [ ],
          "parameters" : [ {
            "name" : "locator",
            "value" : "('xpath', '//*[@type=\"submit\"]')"
          } ],
          "stepsCount" : 1,
          "attachmentsCount" : 0,
          "shouldDisplayMessage" : false,
          "hasContent" : true
        } ],
        "attachments" : [ ],
        "parameters" : [ ],
        "stepsCount" : 2,
        "attachmentsCount" : 0,
        "shouldDisplayMessage" : false,
        "hasContent" : true
      }, {
        "name" : "Check url is present: https://brainup.site/groups",
        "time" : {
          "start" : 1717462015974,
          "stop" : 1717462018495,
          "duration" : 2521
        },
        "status" : "passed",
        "steps" : [ ],
        "attachments" : [ ],
        "parameters" : [ ],
        "stepsCount" : 0,
        "attachmentsCount" : 0,
        "shouldDisplayMessage" : false,
        "hasContent" : false
      } ],
      "attachments" : [ ],
      "parameters" : [ {
        "name" : "driver",
        "value" : "<selenium.webdriver.chrome.webdriver.WebDriver (session=\"615adb4486a6da733510615edb948a8c\")>"
      }, {
        "name" : "main_page_open",
        "value" : "None"
      } ],
      "stepsCount" : 13,
      "attachmentsCount" : 0,
      "shouldDisplayMessage" : false,
      "hasContent" : true
    } ],
    "attachments" : [ ],
    "parameters" : [ ],
    "stepsCount" : 14,
    "attachmentsCount" : 0,
    "shouldDisplayMessage" : false,
    "hasContent" : true
  }, {
    "name" : "driver",
    "time" : {
      "start" : 1717462010990,
      "stop" : 1717462011680,
      "duration" : 690
    },
    "status" : "passed",
    "steps" : [ ],
    "attachments" : [ ],
    "parameters" : [ ],
    "stepsCount" : 0,
    "attachmentsCount" : 0,
    "shouldDisplayMessage" : false,
    "hasContent" : false
  } ],
  "testStage" : {
    "status" : "skipped",
    "statusMessage" : "XFAIL\n\nselenium.common.exceptions.StaleElementReferenceException: Message: stale element reference: stale element not found in the current frame\n  (Session info: chrome-headless-shell=125.0.6422.112); For documentation on this error, please visit: https://www.selenium.dev/documentation/webdriver/troubleshooting/errors#stale-element-reference-exception\nStacktrace:\n#0 0x564e6c1cce8a <unknown>\n#1 0x564e6beb645c <unknown>\n#2 0x564e6bebbb69 <unknown>\n#3 0x564e6bebd915 <unknown>\n#4 0x564e6bebd99c <unknown>\n#5 0x564e6befc7f2 <unknown>\n#6 0x564e6bf254b2 <unknown>\n#7 0x564e6bef6a79 <unknown>\n#8 0x564e6bf2567e <unknown>\n#9 0x564e6bf442cc <unknown>\n#10 0x564e6bf25253 <unknown>\n#11 0x564e6bef51c7 <unknown>\n#12 0x564e6bef5b3e <unknown>\n#13 0x564e6c1932cb <unknown>\n#14 0x564e6c197377 <unknown>\n#15 0x564e6c17fdfe <unknown>\n#16 0x564e6c197e42 <unknown>\n#17 0x564e6c16479f <unknown>\n#18 0x564e6c1bc178 <unknown>\n#19 0x564e6c1bc34b <unknown>\n#20 0x564e6c1cbfbc <unknown>\n#21 0x7f6f90894ac3 <unknown>",
    "statusTrace" : "self = <tests.test_speech_exercises_ru.TestCardsRU object at 0x7f014702ae70>\ndriver = <selenium.webdriver.chrome.webdriver.WebDriver (session=\"615adb4486a6da733510615edb948a8c\")>\ndefault_user_authorized = None\n\n    @pytest.mark.xfail\n    @allure.suite('Statistic.')\n    @allure.title('Check statistic table.')\n    def test_get_statistic_data(self, driver, default_user_authorized):\n        page = SpeechExercisesPageRU(driver)\n>       table = page.get_statistic_data()\n\ntests/test_speech_exercises_ru.py:192: \n_ _ _ _ _ _ _ _ _ _ _ _ _ _ _ _ _ _ _ _ _ _ _ _ _ _ _ _ _ _ _ _ _ _ _ _ _ _ _ _ \npages/speech_exercises_page_ru.py:180: in get_statistic_data\n    title = [i.text for i in titles]\n/opt/hostedtoolcache/Python/3.12.3/x64/lib/python3.12/site-packages/selenium/webdriver/remote/webelement.py:89: in text\n    return self._execute(Command.GET_ELEMENT_TEXT)[\"value\"]\n/opt/hostedtoolcache/Python/3.12.3/x64/lib/python3.12/site-packages/selenium/webdriver/remote/webelement.py:394: in _execute\n    return self._parent.execute(command, params)\n/opt/hostedtoolcache/Python/3.12.3/x64/lib/python3.12/site-packages/selenium/webdriver/remote/webdriver.py:344: in execute\n    self.error_handler.check_response(response)\n_ _ _ _ _ _ _ _ _ _ _ _ _ _ _ _ _ _ _ _ _ _ _ _ _ _ _ _ _ _ _ _ _ _ _ _ _ _ _ _ \n\nself = <selenium.webdriver.remote.errorhandler.ErrorHandler object at 0x7f0147182ba0>\nresponse = {'status': 404, 'value': '{\"value\":{\"error\":\"stale element reference\",\"message\":\"stale element reference: stale elemen...\\\\n#19 0x564e6c1bc34b \\\\u003Cunknown>\\\\n#20 0x564e6c1cbfbc \\\\u003Cunknown>\\\\n#21 0x7f6f90894ac3 \\\\u003Cunknown>\\\\n\"}}'}\n\n    def check_response(self, response: Dict[str, Any]) -> None:\n        \"\"\"Checks that a JSON response from the WebDriver does not have an\n        error.\n    \n        :Args:\n         - response - The JSON response from the WebDriver server as a dictionary\n           object.\n    \n        :Raises: If the response contains an error message.\n        \"\"\"\n        status = response.get(\"status\", None)\n        if not status or status == ErrorCode.SUCCESS:\n            return\n        value = None\n        message = response.get(\"message\", \"\")\n        screen: str = response.get(\"screen\", \"\")\n        stacktrace = None\n        if isinstance(status, int):\n            value_json = response.get(\"value\", None)\n            if value_json and isinstance(value_json, str):\n                import json\n    \n                try:\n                    value = json.loads(value_json)\n                    if len(value) == 1:\n                        value = value[\"value\"]\n                    status = value.get(\"error\", None)\n                    if not status:\n                        status = value.get(\"status\", ErrorCode.UNKNOWN_ERROR)\n                        message = value.get(\"value\") or value.get(\"message\")\n                        if not isinstance(message, str):\n                            value = message\n                            message = message.get(\"message\")\n                    else:\n                        message = value.get(\"message\", None)\n                except ValueError:\n                    pass\n    \n        exception_class: Type[WebDriverException]\n        e = ErrorCode()\n        error_codes = [item for item in dir(e) if not item.startswith(\"__\")]\n        for error_code in error_codes:\n            error_info = getattr(ErrorCode, error_code)\n            if isinstance(error_info, list) and status in error_info:\n                exception_class = getattr(ExceptionMapping, error_code, WebDriverException)\n                break\n        else:\n            exception_class = WebDriverException\n    \n        if not value:\n            value = response[\"value\"]\n        if isinstance(value, str):\n            raise exception_class(value)\n        if message == \"\" and \"message\" in value:\n            message = value[\"message\"]\n    \n        screen = None  # type: ignore[assignment]\n        if \"screen\" in value:\n            screen = value[\"screen\"]\n    \n        stacktrace = None\n        st_value = value.get(\"stackTrace\") or value.get(\"stacktrace\")\n        if st_value:\n            if isinstance(st_value, str):\n                stacktrace = st_value.split(\"\\n\")\n            else:\n                stacktrace = []\n                try:\n                    for frame in st_value:\n                        line = frame.get(\"lineNumber\", \"\")\n                        file = frame.get(\"fileName\", \"<anonymous>\")\n                        if line:\n                            file = f\"{file}:{line}\"\n                        meth = frame.get(\"methodName\", \"<anonymous>\")\n                        if \"className\" in frame:\n                            meth = f\"{frame['className']}.{meth}\"\n                        msg = \"    at %s (%s)\"\n                        msg = msg % (meth, file)\n                        stacktrace.append(msg)\n                except TypeError:\n                    pass\n        if exception_class == UnexpectedAlertPresentException:\n            alert_text = None\n            if \"data\" in value:\n                alert_text = value[\"data\"].get(\"text\")\n            elif \"alert\" in value:\n                alert_text = value[\"alert\"].get(\"text\")\n            raise exception_class(message, screen, stacktrace, alert_text)  # type: ignore[call-arg]  # mypy is not smart enough here\n>       raise exception_class(message, screen, stacktrace)\nE       selenium.common.exceptions.StaleElementReferenceException: Message: stale element reference: stale element not found in the current frame\nE         (Session info: chrome-headless-shell=125.0.6422.112); For documentation on this error, please visit: https://www.selenium.dev/documentation/webdriver/troubleshooting/errors#stale-element-reference-exception\nE       Stacktrace:\nE       #0 0x564e6c1cce8a <unknown>\nE       #1 0x564e6beb645c <unknown>\nE       #2 0x564e6bebbb69 <unknown>\nE       #3 0x564e6bebd915 <unknown>\nE       #4 0x564e6bebd99c <unknown>\nE       #5 0x564e6befc7f2 <unknown>\nE       #6 0x564e6bf254b2 <unknown>\nE       #7 0x564e6bef6a79 <unknown>\nE       #8 0x564e6bf2567e <unknown>\nE       #9 0x564e6bf442cc <unknown>\nE       #10 0x564e6bf25253 <unknown>\nE       #11 0x564e6bef51c7 <unknown>\nE       #12 0x564e6bef5b3e <unknown>\nE       #13 0x564e6c1932cb <unknown>\nE       #14 0x564e6c197377 <unknown>\nE       #15 0x564e6c17fdfe <unknown>\nE       #16 0x564e6c197e42 <unknown>\nE       #17 0x564e6c16479f <unknown>\nE       #18 0x564e6c1bc178 <unknown>\nE       #19 0x564e6c1bc34b <unknown>\nE       #20 0x564e6c1cbfbc <unknown>\nE       #21 0x7f6f90894ac3 <unknown>\n\n/opt/hostedtoolcache/Python/3.12.3/x64/lib/python3.12/site-packages/selenium/webdriver/remote/errorhandler.py:229: StaleElementReferenceException",
    "steps" : [ {
      "name" : "get_statistic_data",
      "time" : {
        "start" : 1717462018496,
        "stop" : 1717462020831,
        "duration" : 2335
      },
      "status" : "broken",
      "statusMessage" : "selenium.common.exceptions.StaleElementReferenceException: Message: stale element reference: stale element not found in the current frame\n  (Session info: chrome-headless-shell=125.0.6422.112); For documentation on this error, please visit: https://www.selenium.dev/documentation/webdriver/troubleshooting/errors#stale-element-reference-exception\nStacktrace:\n#0 0x564e6c1cce8a <unknown>\n#1 0x564e6beb645c <unknown>\n#2 0x564e6bebbb69 <unknown>\n#3 0x564e6bebd915 <unknown>\n#4 0x564e6bebd99c <unknown>\n#5 0x564e6befc7f2 <unknown>\n#6 0x564e6bf254b2 <unknown>\n#7 0x564e6bef6a79 <unknown>\n#8 0x564e6bf2567e <unknown>\n#9 0x564e6bf442cc <unknown>\n#10 0x564e6bf25253 <unknown>\n#11 0x564e6bef51c7 <unknown>\n#12 0x564e6bef5b3e <unknown>\n#13 0x564e6c1932cb <unknown>\n#14 0x564e6c197377 <unknown>\n#15 0x564e6c17fdfe <unknown>\n#16 0x564e6c197e42 <unknown>\n#17 0x564e6c16479f <unknown>\n#18 0x564e6c1bc178 <unknown>\n#19 0x564e6c1bc34b <unknown>\n#20 0x564e6c1cbfbc <unknown>\n#21 0x7f6f90894ac3 <unknown>\n\n",
      "statusTrace" : "  File \"/opt/hostedtoolcache/Python/3.12.3/x64/lib/python3.12/site-packages/allure_commons/_allure.py\", line 192, in impl\n    return func(*a, **kw)\n           ^^^^^^^^^^^^^^\n  File \"/home/runner/work/auto-tests-python/auto-tests-python/pages/speech_exercises_page_ru.py\", line 180, in get_statistic_data\n    title = [i.text for i in titles]\n             ^^^^^^\n  File \"/opt/hostedtoolcache/Python/3.12.3/x64/lib/python3.12/site-packages/selenium/webdriver/remote/webelement.py\", line 89, in text\n    return self._execute(Command.GET_ELEMENT_TEXT)[\"value\"]\n           ^^^^^^^^^^^^^^^^^^^^^^^^^^^^^^^^^^^^^^^\n  File \"/opt/hostedtoolcache/Python/3.12.3/x64/lib/python3.12/site-packages/selenium/webdriver/remote/webelement.py\", line 394, in _execute\n    return self._parent.execute(command, params)\n           ^^^^^^^^^^^^^^^^^^^^^^^^^^^^^^^^^^^^^\n  File \"/opt/hostedtoolcache/Python/3.12.3/x64/lib/python3.12/site-packages/selenium/webdriver/remote/webdriver.py\", line 344, in execute\n    self.error_handler.check_response(response)\n  File \"/opt/hostedtoolcache/Python/3.12.3/x64/lib/python3.12/site-packages/selenium/webdriver/remote/errorhandler.py\", line 229, in check_response\n    raise exception_class(message, screen, stacktrace)\n",
      "steps" : [ {
        "name" : "Click button \"Статистика\"\".",
        "time" : {
          "start" : 1717462018496,
          "stop" : 1717462018589,
          "duration" : 93
        },
        "status" : "passed",
        "steps" : [ {
          "name" : "Check element is visible and clickable: ('xpath', '//a[@href=\"/profile/statistics\"]')",
          "time" : {
            "start" : 1717462018496,
            "stop" : 1717462018529,
            "duration" : 33
          },
          "status" : "passed",
          "steps" : [ {
            "name" : "Check element is clickable",
            "time" : {
              "start" : 1717462018512,
              "stop" : 1717462018529,
              "duration" : 17
            },
            "status" : "passed",
            "steps" : [ {
              "name" : "Check element is clickable: ('xpath', '//a[@href=\"/profile/statistics\"]')",
              "time" : {
                "start" : 1717462018512,
                "stop" : 1717462018529,
                "duration" : 17
              },
              "status" : "passed",
              "steps" : [ ],
              "attachments" : [ ],
              "parameters" : [ ],
              "stepsCount" : 0,
              "attachmentsCount" : 0,
              "shouldDisplayMessage" : false,
              "hasContent" : false
            } ],
            "attachments" : [ ],
            "parameters" : [ {
              "name" : "locator",
              "value" : "('xpath', '//a[@href=\"/profile/statistics\"]')"
            } ],
            "stepsCount" : 1,
            "attachmentsCount" : 0,
            "shouldDisplayMessage" : false,
            "hasContent" : true
          } ],
          "attachments" : [ ],
          "parameters" : [ ],
          "stepsCount" : 2,
          "attachmentsCount" : 0,
          "shouldDisplayMessage" : false,
          "hasContent" : true
        } ],
        "attachments" : [ ],
        "parameters" : [ ],
        "stepsCount" : 3,
        "attachmentsCount" : 0,
        "shouldDisplayMessage" : false,
        "hasContent" : true
      }, {
        "name" : "Check statistic table is present and scroll to table",
        "time" : {
          "start" : 1717462018589,
          "stop" : 1717462019117,
          "duration" : 528
        },
        "status" : "passed",
        "steps" : [ {
          "name" : "Check element is present: ('xpath', '//div[@class=\"__51e19\"]')",
          "time" : {
            "start" : 1717462018589,
            "stop" : 1717462019113,
            "duration" : 524
          },
          "status" : "passed",
          "steps" : [ ],
          "attachments" : [ ],
          "parameters" : [ ],
          "stepsCount" : 0,
          "attachmentsCount" : 0,
          "shouldDisplayMessage" : false,
          "hasContent" : false
        }, {
          "name" : "Go to element: <selenium.webdriver.remote.webelement.WebElement (session=\"615adb4486a6da733510615edb948a8c\", element=\"f.4AC5084CCEC6542887FF47EA5BBB5375.d.649D2F7B8FB710DF55524EF3852216E3.e.47\")>",
          "time" : {
            "start" : 1717462019114,
            "stop" : 1717462019117,
            "duration" : 3
          },
          "status" : "passed",
          "steps" : [ ],
          "attachments" : [ ],
          "parameters" : [ ],
          "stepsCount" : 0,
          "attachmentsCount" : 0,
          "shouldDisplayMessage" : false,
          "hasContent" : false
        } ],
        "attachments" : [ ],
        "parameters" : [ ],
        "stepsCount" : 2,
        "attachmentsCount" : 0,
        "shouldDisplayMessage" : false,
        "hasContent" : true
      }, {
        "name" : "Get data from the table.",
        "time" : {
          "start" : 1717462019117,
          "stop" : 1717462020829,
          "duration" : 1712
        },
        "status" : "broken",
        "statusMessage" : "selenium.common.exceptions.StaleElementReferenceException: Message: stale element reference: stale element not found in the current frame\n  (Session info: chrome-headless-shell=125.0.6422.112); For documentation on this error, please visit: https://www.selenium.dev/documentation/webdriver/troubleshooting/errors#stale-element-reference-exception\nStacktrace:\n#0 0x564e6c1cce8a <unknown>\n#1 0x564e6beb645c <unknown>\n#2 0x564e6bebbb69 <unknown>\n#3 0x564e6bebd915 <unknown>\n#4 0x564e6bebd99c <unknown>\n#5 0x564e6befc7f2 <unknown>\n#6 0x564e6bf254b2 <unknown>\n#7 0x564e6bef6a79 <unknown>\n#8 0x564e6bf2567e <unknown>\n#9 0x564e6bf442cc <unknown>\n#10 0x564e6bf25253 <unknown>\n#11 0x564e6bef51c7 <unknown>\n#12 0x564e6bef5b3e <unknown>\n#13 0x564e6c1932cb <unknown>\n#14 0x564e6c197377 <unknown>\n#15 0x564e6c17fdfe <unknown>\n#16 0x564e6c197e42 <unknown>\n#17 0x564e6c16479f <unknown>\n#18 0x564e6c1bc178 <unknown>\n#19 0x564e6c1bc34b <unknown>\n#20 0x564e6c1cbfbc <unknown>\n#21 0x7f6f90894ac3 <unknown>\n\n",
        "statusTrace" : "  File \"/home/runner/work/auto-tests-python/auto-tests-python/pages/speech_exercises_page_ru.py\", line 180, in get_statistic_data\n    title = [i.text for i in titles]\n             ^^^^^^\n  File \"/opt/hostedtoolcache/Python/3.12.3/x64/lib/python3.12/site-packages/selenium/webdriver/remote/webelement.py\", line 89, in text\n    return self._execute(Command.GET_ELEMENT_TEXT)[\"value\"]\n           ^^^^^^^^^^^^^^^^^^^^^^^^^^^^^^^^^^^^^^^\n  File \"/opt/hostedtoolcache/Python/3.12.3/x64/lib/python3.12/site-packages/selenium/webdriver/remote/webelement.py\", line 394, in _execute\n    return self._parent.execute(command, params)\n           ^^^^^^^^^^^^^^^^^^^^^^^^^^^^^^^^^^^^^\n  File \"/opt/hostedtoolcache/Python/3.12.3/x64/lib/python3.12/site-packages/selenium/webdriver/remote/webdriver.py\", line 344, in execute\n    self.error_handler.check_response(response)\n  File \"/opt/hostedtoolcache/Python/3.12.3/x64/lib/python3.12/site-packages/selenium/webdriver/remote/errorhandler.py\", line 229, in check_response\n    raise exception_class(message, screen, stacktrace)\n",
        "steps" : [ {
          "name" : "Check elements are present: ('xpath', '//tbody/tr')",
          "time" : {
            "start" : 1717462019117,
            "stop" : 1717462020647,
            "duration" : 1530
          },
          "status" : "passed",
          "steps" : [ ],
          "attachments" : [ ],
          "parameters" : [ ],
          "stepsCount" : 0,
          "attachmentsCount" : 0,
          "shouldDisplayMessage" : false,
          "hasContent" : false
        }, {
          "name" : "Check elements are present: ('xpath', '//th[@class=\"px-4 py-2\"]')",
          "time" : {
            "start" : 1717462020647,
            "stop" : 1717462020655,
            "duration" : 8
          },
          "status" : "passed",
          "steps" : [ ],
          "attachments" : [ ],
          "parameters" : [ ],
          "stepsCount" : 0,
          "attachmentsCount" : 0,
          "shouldDisplayMessage" : false,
          "hasContent" : false
        } ],
        "attachments" : [ ],
        "parameters" : [ ],
        "stepsCount" : 2,
        "attachmentsCount" : 0,
        "shouldDisplayMessage" : true,
        "hasContent" : true
      } ],
      "attachments" : [ ],
      "parameters" : [ ],
      "stepsCount" : 10,
      "attachmentsCount" : 0,
      "shouldDisplayMessage" : false,
      "hasContent" : true
    } ],
    "attachments" : [ {
      "uid" : "eb885f4e5c3fafe",
      "name" : "Screenshot",
      "source" : "eb885f4e5c3fafe.png",
      "type" : "image/png",
      "size" : 66182
    }, {
      "uid" : "c0ed07e89f22fc27",
      "name" : "HTML source",
      "source" : "c0ed07e89f22fc27.html",
      "type" : "text/html",
      "size" : 56486
    } ],
    "parameters" : [ ],
    "stepsCount" : 11,
    "attachmentsCount" : 2,
    "shouldDisplayMessage" : true,
    "hasContent" : true
  },
  "afterStages" : [ {
    "name" : "driver::0",
    "time" : {
      "start" : 1717462021025,
      "stop" : 1717462021239,
      "duration" : 214
    },
    "status" : "passed",
    "steps" : [ ],
    "attachments" : [ {
      "uid" : "f4e6ada5a0b35a77",
      "name" : "Screenshot 2024-06-04 00:47:01.175841",
      "source" : "f4e6ada5a0b35a77.png",
      "type" : "image/png",
      "size" : 66193
    } ],
    "parameters" : [ ],
    "stepsCount" : 0,
    "attachmentsCount" : 1,
    "shouldDisplayMessage" : false,
    "hasContent" : true
  } ],
  "labels" : [ {
    "name" : "epic",
    "value" : "Speech exercises."
  }, {
    "name" : "suite",
    "value" : "Statistic."
  }, {
    "name" : "tag",
    "value" : "@pytest.mark.xfail"
  }, {
    "name" : "parentSuite",
    "value" : "tests"
  }, {
    "name" : "subSuite",
    "value" : "TestCardsRU"
  }, {
    "name" : "host",
    "value" : "fv-az1148-121"
  }, {
    "name" : "thread",
    "value" : "2276-MainThread"
  }, {
    "name" : "framework",
    "value" : "pytest"
  }, {
    "name" : "language",
    "value" : "cpython3"
  }, {
    "name" : "package",
    "value" : "tests.test_speech_exercises_ru"
  }, {
    "name" : "resultFormat",
    "value" : "allure2"
  } ],
  "parameters" : [ ],
  "links" : [ ],
  "hidden" : false,
  "retry" : false,
  "extra" : {
    "severity" : "normal",
    "retries" : [ ],
    "categories" : [ ],
    "history" : {
      "statistic" : {
        "failed" : 0,
        "broken" : 0,
        "skipped" : 3,
        "passed" : 14,
        "unknown" : 0,
        "total" : 17
      },
      "items" : [ {
        "uid" : "33131f546fe212ae",
        "reportUrl" : "https://lambotik.github.io/auto-tests-python/22//#testresult/33131f546fe212ae",
        "status" : "passed",
        "statusDetails" : "XPASS",
        "time" : {
          "start" : 1717375353394,
          "stop" : 1717375356261,
          "duration" : 2867
        }
      }, {
        "uid" : "a5750377596b775",
        "reportUrl" : "https://lambotik.github.io/auto-tests-python/21//#testresult/a5750377596b775",
        "status" : "passed",
        "statusDetails" : "XPASS",
        "time" : {
          "start" : 1717289333028,
          "stop" : 1717289336323,
          "duration" : 3295
        }
      }, {
        "uid" : "86312111e4f5aaa7",
        "reportUrl" : "https://lambotik.github.io/auto-tests-python/20//#testresult/86312111e4f5aaa7",
        "status" : "skipped",
        "statusDetails" : "XFAIL\n\nselenium.common.exceptions.TimeoutException: Message: Can't find element by locator ('xpath', '//div[@class=\"__51e19\"]')\nStacktrace:\n#0 0x555d4e07be8a <unknown>\n#1 0x555d4dd6545c <unknown>\n#2 0x555d4ddb15b5 <unknown>\n#3 0x555d4ddb1671 <unknown>\n#4 0x555d4ddf5f14 <unknown>\n#5 0x555d4ddd44dd <unknown>\n#6 0x555d4ddf32cc <unknown>\n#7 0x555d4ddd4253 <unknown>\n#8 0x555d4dda41c7 <unknown>\n#9 0x555d4dda4b3e <unknown>\n#10 0x555d4e0422cb <unknown>\n#11 0x555d4e046377 <unknown>\n#12 0x555d4e02edfe <unknown>\n#13 0x555d4e046e42 <unknown>\n#14 0x555d4e01379f <unknown>\n#15 0x555d4e06b178 <unknown>\n#16 0x555d4e06b34b <unknown>\n#17 0x555d4e07afbc <unknown>\n#18 0x7f37ee694ac3 <unknown>",
        "time" : {
          "start" : 1717202770200,
          "stop" : 1717202790785,
          "duration" : 20585
        }
      }, {
        "uid" : "1d6d031145fb16b8",
        "reportUrl" : "https://lambotik.github.io/auto-tests-python/19//#testresult/1d6d031145fb16b8",
        "status" : "passed",
        "statusDetails" : "XPASS",
        "time" : {
          "start" : 1717116113811,
          "stop" : 1717116116200,
          "duration" : 2389
        }
      }, {
        "uid" : "2bbc7746a8028ee4",
        "reportUrl" : "https://lambotik.github.io/auto-tests-python/18//#testresult/2bbc7746a8028ee4",
        "status" : "skipped",
        "statusDetails" : "XFAIL\n\nselenium.common.exceptions.StaleElementReferenceException: Message: stale element reference: stale element not found in the current frame\n  (Session info: chrome-headless-shell=125.0.6422.112); For documentation on this error, please visit: https://www.selenium.dev/documentation/webdriver/troubleshooting/errors#stale-element-reference-exception\nStacktrace:\n#0 0x55e063457e8a <unknown>\n#1 0x55e06314145c <unknown>\n#2 0x55e063146b69 <unknown>\n#3 0x55e063148915 <unknown>\n#4 0x55e06314899c <unknown>\n#5 0x55e0631877f2 <unknown>\n#6 0x55e0631b04b2 <unknown>\n#7 0x55e063181a79 <unknown>\n#8 0x55e0631b067e <unknown>\n#9 0x55e0631cf2cc <unknown>\n#10 0x55e0631b0253 <unknown>\n#11 0x55e0631801c7 <unknown>\n#12 0x55e063180b3e <unknown>\n#13 0x55e06341e2cb <unknown>\n#14 0x55e063422377 <unknown>\n#15 0x55e06340adfe <unknown>\n#16 0x55e063422e42 <unknown>\n#17 0x55e0633ef79f <unknown>\n#18 0x55e063447178 <unknown>\n#19 0x55e06344734b <unknown>\n#20 0x55e063456fbc <unknown>\n#21 0x7f2f09894ac3 <unknown>",
        "time" : {
          "start" : 1717029784774,
          "stop" : 1717029787075,
          "duration" : 2301
        }
      }, {
        "uid" : "5f04ed7a54959d80",
        "reportUrl" : "https://lambotik.github.io/auto-tests-python/17//#testresult/5f04ed7a54959d80",
        "status" : "passed",
        "statusDetails" : "XPASS",
        "time" : {
          "start" : 1716943509008,
          "stop" : 1716943511461,
          "duration" : 2453
        }
      }, {
        "uid" : "441cfd805d6b0be",
        "reportUrl" : "https://lambotik.github.io/auto-tests-python/16//#testresult/441cfd805d6b0be",
        "status" : "passed",
        "statusDetails" : "XPASS",
        "time" : {
          "start" : 1716856937433,
          "stop" : 1716856938730,
          "duration" : 1297
        }
      }, {
        "uid" : "f0f6df00dd65e4a9",
        "reportUrl" : "https://lambotik.github.io/auto-tests-python/15//#testresult/f0f6df00dd65e4a9",
        "status" : "passed",
        "statusDetails" : "XPASS",
        "time" : {
          "start" : 1716769233057,
          "stop" : 1716769238513,
          "duration" : 5456
        }
      }, {
        "uid" : "8e5cdd4d34b865e7",
        "reportUrl" : "https://lambotik.github.io/auto-tests-python/14//#testresult/8e5cdd4d34b865e7",
        "status" : "passed",
        "statusDetails" : "XPASS",
        "time" : {
          "start" : 1716684364049,
          "stop" : 1716684365807,
          "duration" : 1758
        }
      }, {
        "uid" : "f6b95043c349f804",
        "reportUrl" : "https://lambotik.github.io/auto-tests-python/13//#testresult/f6b95043c349f804",
        "status" : "passed",
        "statusDetails" : "XPASS",
        "time" : {
          "start" : 1716597668719,
          "stop" : 1716597670623,
          "duration" : 1904
        }
      }, {
        "uid" : "eb5a2affabd88246",
        "reportUrl" : "https://lambotik.github.io/auto-tests-python/12//#testresult/eb5a2affabd88246",
        "status" : "passed",
        "statusDetails" : "XPASS",
        "time" : {
          "start" : 1716511321844,
          "stop" : 1716511325153,
          "duration" : 3309
        }
      }, {
        "uid" : "c987c5a88ef5ad67",
        "reportUrl" : "https://lambotik.github.io/auto-tests-python/11//#testresult/c987c5a88ef5ad67",
        "status" : "passed",
        "statusDetails" : "XPASS",
        "time" : {
          "start" : 1716425081731,
          "stop" : 1716425086061,
          "duration" : 4330
        }
      }, {
        "uid" : "39195bfd86e7588d",
        "reportUrl" : "https://lambotik.github.io/auto-tests-python/10//#testresult/39195bfd86e7588d",
        "status" : "passed",
        "statusDetails" : "XPASS",
        "time" : {
          "start" : 1716338483750,
          "stop" : 1716338485529,
          "duration" : 1779
        }
      }, {
        "uid" : "4cdf33cb90e63563",
        "reportUrl" : "https://lambotik.github.io/auto-tests-python/9//#testresult/4cdf33cb90e63563",
        "status" : "passed",
        "statusDetails" : "XPASS",
        "time" : {
          "start" : 1716252269779,
          "stop" : 1716252273174,
          "duration" : 3395
        }
      }, {
        "uid" : "85f3593706f1e44f",
        "reportUrl" : "https://lambotik.github.io/auto-tests-python/1//#testresult/85f3593706f1e44f",
        "status" : "passed",
        "statusDetails" : "XPASS",
        "time" : {
          "start" : 1716199998830,
          "stop" : 1716200001128,
          "duration" : 2298
        }
      }, {
        "uid" : "6510e70ac1e4425a",
        "reportUrl" : "https://lambotik.github.io/auto-tests-python/83//#testresult/6510e70ac1e4425a",
        "status" : "passed",
        "statusDetails" : "XPASS",
        "time" : {
          "start" : 1716197604065,
          "stop" : 1716197605856,
          "duration" : 1791
        }
      } ]
    },
    "tags" : [ "@pytest.mark.xfail" ]
  },
  "source" : "110c0fa1d58021b1.json",
  "parameterValues" : [ ]
}