{
  "uid" : "cf7f80915e53e272",
  "name" : "Verify composition, visibility of elements on the 1st-6th levels of nesting in the Header\n            for an authorized user",
  "fullName" : "tests.header_test.TestAuthHeaderPageStructure#test_hpa_01_02_verify_auth_header_structure_and_visibility",
  "historyId" : "2c0701b270e34cc0e02b7f7fde3aca8b",
  "time" : {
    "start" : 1738201789310,
    "stop" : 1738201789310,
    "duration" : 0
  },
  "status" : "broken",
  "statusMessage" : "selenium.common.exceptions.TimeoutException: Message: Can't find element by locator https://brainup.site/groups",
  "statusTrace" : "self = <pages.base_page.BasePage object at 0x7fcaf9205eb0>\nurl = 'https://brainup.site/groups'\n\n    def check_expected_link(self, url):\n        with allure.step(f'Check url is present: {url}'):\n            try:\n>               return Wait(self.driver, self.timeout).until(\n                    ec.url_to_be(url), message=f\"Can't find element by locator {url}\")\n\npages/base_page.py:68: \n_ _ _ _ _ _ _ _ _ _ _ _ _ _ _ _ _ _ _ _ _ _ _ _ _ _ _ _ _ _ _ _ _ _ _ _ _ _ _ _ \n\nself = <selenium.webdriver.support.wait.WebDriverWait (session=\"4fbafc1e5d958374d7fdcd45cb6a072f\")>\nmethod = <function url_to_be.<locals>._predicate at 0x7fcaf91f63e0>\nmessage = \"Can't find element by locator https://brainup.site/groups\"\n\n    def until(self, method, message: str = \"\"):\n        \"\"\"Calls the method provided with the driver as an argument until the \\\n        return value does not evaluate to ``False``.\n    \n        :param method: callable(WebDriver)\n        :param message: optional message for :exc:`TimeoutException`\n        :returns: the result of the last call to `method`\n        :raises: :exc:`selenium.common.exceptions.TimeoutException` if timeout occurs\n        \"\"\"\n        screen = None\n        stacktrace = None\n    \n        end_time = time.monotonic() + self._timeout\n        while True:\n            try:\n                value = method(self._driver)\n                if value:\n                    return value\n            except self._ignored_exceptions as exc:\n                screen = getattr(exc, \"screen\", None)\n                stacktrace = getattr(exc, \"stacktrace\", None)\n            time.sleep(self._poll)\n            if time.monotonic() > end_time:\n                break\n>       raise TimeoutException(message, screen, stacktrace)\nE       selenium.common.exceptions.TimeoutException: Message: Can't find element by locator https://brainup.site/groups\n\n/opt/hostedtoolcache/Python/3.12.8/x64/lib/python3.12/site-packages/selenium/webdriver/support/wait.py:95: TimeoutException\n\nDuring handling of the above exception, another exception occurred:\n\ndriver = <selenium.webdriver.chrome.webdriver.WebDriver (session=\"4fbafc1e5d958374d7fdcd45cb6a072f\")>\nmain_page_open = None\n\n    @pytest.fixture()\n    @allure.step('Auto test user authorized')\n    def auto_test_user_authorized(driver, main_page_open):\n        page = BasePage(driver)\n        page.element_is_present_and_clickable(MainPageLocators.LOGIN_BUTTON).click()\n        page.element_is_visible(LoginPageLocators.INPUT_LOGIN).send_keys(os.environ[\"LOGIN\"])\n        page.element_is_visible(LoginPageLocators.INPUT_PASSWORD).send_keys(os.environ[\"PASSWORD\"])\n        page.element_is_present_and_clickable(LoginPageLocators.SIGN_IN_BUTTON).click()\n>       page.check_expected_link(MainPageLinks.URL_GROUPS_PAGE)\n\ntests/conftest.py:71: \n_ _ _ _ _ _ _ _ _ _ _ _ _ _ _ _ _ _ _ _ _ _ _ _ _ _ _ _ _ _ _ _ _ _ _ _ _ _ _ _ \npages/base_page.py:72: in check_expected_link\n    return Wait(self.driver, self.timeout).until(\n_ _ _ _ _ _ _ _ _ _ _ _ _ _ _ _ _ _ _ _ _ _ _ _ _ _ _ _ _ _ _ _ _ _ _ _ _ _ _ _ \n\nself = <selenium.webdriver.support.wait.WebDriverWait (session=\"4fbafc1e5d958374d7fdcd45cb6a072f\")>\nmethod = <function url_to_be.<locals>._predicate at 0x7fcaf91f6660>\nmessage = \"Can't find element by locator https://brainup.site/groups\"\n\n    def until(self, method, message: str = \"\"):\n        \"\"\"Calls the method provided with the driver as an argument until the \\\n        return value does not evaluate to ``False``.\n    \n        :param method: callable(WebDriver)\n        :param message: optional message for :exc:`TimeoutException`\n        :returns: the result of the last call to `method`\n        :raises: :exc:`selenium.common.exceptions.TimeoutException` if timeout occurs\n        \"\"\"\n        screen = None\n        stacktrace = None\n    \n        end_time = time.monotonic() + self._timeout\n        while True:\n            try:\n                value = method(self._driver)\n                if value:\n                    return value\n            except self._ignored_exceptions as exc:\n                screen = getattr(exc, \"screen\", None)\n                stacktrace = getattr(exc, \"stacktrace\", None)\n            time.sleep(self._poll)\n            if time.monotonic() > end_time:\n                break\n>       raise TimeoutException(message, screen, stacktrace)\nE       selenium.common.exceptions.TimeoutException: Message: Can't find element by locator https://brainup.site/groups\n\n/opt/hostedtoolcache/Python/3.12.8/x64/lib/python3.12/site-packages/selenium/webdriver/support/wait.py:95: TimeoutException",
  "flaky" : false,
  "newFailed" : false,
  "beforeStages" : [ {
    "name" : "driver",
    "time" : {
      "start" : 1738201789310,
      "stop" : 1738201790059,
      "duration" : 749
    },
    "status" : "passed",
    "steps" : [ ],
    "attachments" : [ ],
    "parameters" : [ ],
    "stepsCount" : 0,
    "attachmentsCount" : 0,
    "shouldDisplayMessage" : false,
    "hasContent" : false
  }, {
    "name" : "main_page_open",
    "time" : {
      "start" : 1738201790060,
      "stop" : 1738201793790,
      "duration" : 3730
    },
    "status" : "passed",
    "steps" : [ {
      "name" : "Open page: https://brainup.site/",
      "time" : {
        "start" : 1738201790060,
        "stop" : 1738201793790,
        "duration" : 3730
      },
      "status" : "passed",
      "steps" : [ ],
      "attachments" : [ ],
      "parameters" : [ {
        "name" : "driver",
        "value" : "<selenium.webdriver.chrome.webdriver.WebDriver (session=\"4fbafc1e5d958374d7fdcd45cb6a072f\")>"
      } ],
      "stepsCount" : 0,
      "attachmentsCount" : 0,
      "shouldDisplayMessage" : false,
      "hasContent" : true
    } ],
    "attachments" : [ ],
    "parameters" : [ ],
    "stepsCount" : 1,
    "attachmentsCount" : 0,
    "shouldDisplayMessage" : false,
    "hasContent" : true
  }, {
    "name" : "clear_allure_results_folder",
    "time" : {
      "start" : 1738201149371,
      "stop" : 1738201149371,
      "duration" : 0
    },
    "status" : "passed",
    "steps" : [ ],
    "attachments" : [ ],
    "parameters" : [ ],
    "stepsCount" : 0,
    "attachmentsCount" : 0,
    "shouldDisplayMessage" : false,
    "hasContent" : false
  }, {
    "name" : "auto_test_user_authorized",
    "time" : {
      "start" : 1738201793790,
      "stop" : 1738201834445,
      "duration" : 40655
    },
    "status" : "broken",
    "statusMessage" : "selenium.common.exceptions.TimeoutException: Message: Can't find element by locator https://brainup.site/groups\n\n",
    "statusTrace" : "  File \"/opt/hostedtoolcache/Python/3.12.8/x64/lib/python3.12/site-packages/pluggy/_callers.py\", line 103, in _multicall\n    res = hook_impl.function(*args)\n          ^^^^^^^^^^^^^^^^^^^^^^^^^\n  File \"/opt/hostedtoolcache/Python/3.12.8/x64/lib/python3.12/site-packages/_pytest/fixtures.py\", line 1123, in pytest_fixture_setup\n    result = call_fixture_func(fixturefunc, request, kwargs)\n             ^^^^^^^^^^^^^^^^^^^^^^^^^^^^^^^^^^^^^^^^^^^^^^^\n  File \"/opt/hostedtoolcache/Python/3.12.8/x64/lib/python3.12/site-packages/_pytest/fixtures.py\", line 902, in call_fixture_func\n    fixture_result = fixturefunc(**kwargs)\n                     ^^^^^^^^^^^^^^^^^^^^^\n  File \"/opt/hostedtoolcache/Python/3.12.8/x64/lib/python3.12/site-packages/allure_commons/_allure.py\", line 192, in impl\n    return func(*a, **kw)\n           ^^^^^^^^^^^^^^\n  File \"/home/runner/work/auto-tests-python/auto-tests-python/tests/conftest.py\", line 71, in auto_test_user_authorized\n    page.check_expected_link(MainPageLinks.URL_GROUPS_PAGE)\n  File \"/home/runner/work/auto-tests-python/auto-tests-python/pages/base_page.py\", line 72, in check_expected_link\n    return Wait(self.driver, self.timeout).until(\n           ^^^^^^^^^^^^^^^^^^^^^^^^^^^^^^^^^^^^^^\n  File \"/opt/hostedtoolcache/Python/3.12.8/x64/lib/python3.12/site-packages/selenium/webdriver/support/wait.py\", line 95, in until\n    raise TimeoutException(message, screen, stacktrace)\n",
    "steps" : [ {
      "name" : "Auto test user authorized",
      "time" : {
        "start" : 1738201793790,
        "stop" : 1738201834445,
        "duration" : 40655
      },
      "status" : "broken",
      "statusMessage" : "selenium.common.exceptions.TimeoutException: Message: Can't find element by locator https://brainup.site/groups\n\n",
      "statusTrace" : "  File \"/opt/hostedtoolcache/Python/3.12.8/x64/lib/python3.12/site-packages/allure_commons/_allure.py\", line 192, in impl\n    return func(*a, **kw)\n           ^^^^^^^^^^^^^^\n  File \"/home/runner/work/auto-tests-python/auto-tests-python/tests/conftest.py\", line 71, in auto_test_user_authorized\n    page.check_expected_link(MainPageLinks.URL_GROUPS_PAGE)\n  File \"/home/runner/work/auto-tests-python/auto-tests-python/pages/base_page.py\", line 72, in check_expected_link\n    return Wait(self.driver, self.timeout).until(\n           ^^^^^^^^^^^^^^^^^^^^^^^^^^^^^^^^^^^^^^\n  File \"/opt/hostedtoolcache/Python/3.12.8/x64/lib/python3.12/site-packages/selenium/webdriver/support/wait.py\", line 95, in until\n    raise TimeoutException(message, screen, stacktrace)\n",
      "steps" : [ {
        "name" : "Check url is present: https://brainup.site/groups",
        "time" : {
          "start" : 1738201794178,
          "stop" : 1738201834445,
          "duration" : 40267
        },
        "status" : "broken",
        "statusMessage" : "selenium.common.exceptions.TimeoutException: Message: Can't find element by locator https://brainup.site/groups\n\n",
        "statusTrace" : "  File \"/home/runner/work/auto-tests-python/auto-tests-python/pages/base_page.py\", line 72, in check_expected_link\n    return Wait(self.driver, self.timeout).until(\n           ^^^^^^^^^^^^^^^^^^^^^^^^^^^^^^^^^^^^^^\n  File \"/opt/hostedtoolcache/Python/3.12.8/x64/lib/python3.12/site-packages/selenium/webdriver/support/wait.py\", line 95, in until\n    raise TimeoutException(message, screen, stacktrace)\n",
        "steps" : [ ],
        "attachments" : [ ],
        "parameters" : [ ],
        "stepsCount" : 0,
        "attachmentsCount" : 0,
        "shouldDisplayMessage" : true,
        "hasContent" : true
      } ],
      "attachments" : [ ],
      "parameters" : [ {
        "name" : "driver",
        "value" : "<selenium.webdriver.chrome.webdriver.WebDriver (session=\"4fbafc1e5d958374d7fdcd45cb6a072f\")>"
      }, {
        "name" : "main_page_open",
        "value" : "None"
      } ],
      "stepsCount" : 1,
      "attachmentsCount" : 0,
      "shouldDisplayMessage" : false,
      "hasContent" : true
    } ],
    "attachments" : [ ],
    "parameters" : [ ],
    "stepsCount" : 2,
    "attachmentsCount" : 0,
    "shouldDisplayMessage" : false,
    "hasContent" : true
  } ],
  "afterStages" : [ {
    "name" : "driver::0",
    "time" : {
      "start" : 1738201834458,
      "stop" : 1738201834534,
      "duration" : 76
    },
    "status" : "passed",
    "steps" : [ ],
    "attachments" : [ ],
    "parameters" : [ ],
    "stepsCount" : 0,
    "attachmentsCount" : 0,
    "shouldDisplayMessage" : false,
    "hasContent" : false
  } ],
  "labels" : [ {
    "name" : "epic",
    "value" : "Test Header"
  }, {
    "name" : "parentSuite",
    "value" : "tests"
  }, {
    "name" : "suite",
    "value" : "header_test"
  }, {
    "name" : "subSuite",
    "value" : "TestHeaderPage"
  }, {
    "name" : "host",
    "value" : "fv-az1691-944"
  }, {
    "name" : "thread",
    "value" : "2509-MainThread"
  }, {
    "name" : "framework",
    "value" : "pytest"
  }, {
    "name" : "language",
    "value" : "cpython3"
  }, {
    "name" : "package",
    "value" : "tests.header_test"
  }, {
    "name" : "resultFormat",
    "value" : "allure2"
  } ],
  "parameters" : [ ],
  "links" : [ ],
  "hidden" : false,
  "retry" : false,
  "extra" : {
    "severity" : "normal",
    "retries" : [ ],
    "categories" : [ {
      "name" : "Test defects",
      "matchedStatuses" : [ ],
      "flaky" : false
    } ],
    "history" : {
      "statistic" : {
        "failed" : 0,
        "broken" : 39,
        "skipped" : 0,
        "passed" : 42,
        "unknown" : 0,
        "total" : 81
      },
      "items" : [ {
        "uid" : "6d124ff847d2d07b",
        "reportUrl" : "https://lambotik.github.io/auto-tests-python/169//#testresult/6d124ff847d2d07b",
        "status" : "broken",
        "statusDetails" : "selenium.common.exceptions.TimeoutException: Message: Can't find element by locator https://brainup.site/groups",
        "time" : {
          "start" : 1738115388882,
          "stop" : 1738115388882,
          "duration" : 0
        }
      }, {
        "uid" : "4560fd878719825c",
        "reportUrl" : "https://lambotik.github.io/auto-tests-python/168//#testresult/4560fd878719825c",
        "status" : "broken",
        "statusDetails" : "selenium.common.exceptions.TimeoutException: Message: Can't find element by locator https://brainup.site/groups",
        "time" : {
          "start" : 1738029063403,
          "stop" : 1738029063403,
          "duration" : 0
        }
      }, {
        "uid" : "a9aff67ab93f834d",
        "reportUrl" : "https://lambotik.github.io/auto-tests-python/167//#testresult/a9aff67ab93f834d",
        "status" : "broken",
        "statusDetails" : "selenium.common.exceptions.TimeoutException: Message: Can't find element by locator https://brainup.site/groups",
        "time" : {
          "start" : 1737942705837,
          "stop" : 1737942705837,
          "duration" : 0
        }
      }, {
        "uid" : "ef084a459988bdbd",
        "reportUrl" : "https://lambotik.github.io/auto-tests-python/166//#testresult/ef084a459988bdbd",
        "status" : "broken",
        "statusDetails" : "selenium.common.exceptions.TimeoutException: Message: Can't find element by locator https://brainup.site/groups",
        "time" : {
          "start" : 1737856351758,
          "stop" : 1737856351758,
          "duration" : 0
        }
      }, {
        "uid" : "99cdd5439005cc2a",
        "reportUrl" : "https://lambotik.github.io/auto-tests-python/165//#testresult/99cdd5439005cc2a",
        "status" : "broken",
        "statusDetails" : "selenium.common.exceptions.TimeoutException: Message: Can't find element by locator https://brainup.site/groups",
        "time" : {
          "start" : 1737769589583,
          "stop" : 1737769589583,
          "duration" : 0
        }
      }, {
        "uid" : "bea333466f66910a",
        "reportUrl" : "https://lambotik.github.io/auto-tests-python/164//#testresult/bea333466f66910a",
        "status" : "broken",
        "statusDetails" : "selenium.common.exceptions.TimeoutException: Message: Can't find element by locator https://brainup.site/groups",
        "time" : {
          "start" : 1737683415659,
          "stop" : 1737683415659,
          "duration" : 0
        }
      }, {
        "uid" : "adfaa34adb525856",
        "reportUrl" : "https://lambotik.github.io/auto-tests-python/163//#testresult/adfaa34adb525856",
        "status" : "broken",
        "statusDetails" : "selenium.common.exceptions.TimeoutException: Message: Can't find element by locator https://brainup.site/groups",
        "time" : {
          "start" : 1737597034716,
          "stop" : 1737597034716,
          "duration" : 0
        }
      }, {
        "uid" : "b721f15f9220877a",
        "reportUrl" : "https://lambotik.github.io/auto-tests-python/162//#testresult/b721f15f9220877a",
        "status" : "broken",
        "statusDetails" : "selenium.common.exceptions.TimeoutException: Message: Can't find element by locator https://brainup.site/groups",
        "time" : {
          "start" : 1737510696514,
          "stop" : 1737510696514,
          "duration" : 0
        }
      }, {
        "uid" : "b368d3dc5f54c10b",
        "reportUrl" : "https://lambotik.github.io/auto-tests-python/161//#testresult/b368d3dc5f54c10b",
        "status" : "broken",
        "statusDetails" : "selenium.common.exceptions.TimeoutException: Message: Can't find element by locator https://brainup.site/groups",
        "time" : {
          "start" : 1737424273384,
          "stop" : 1737424273384,
          "duration" : 0
        }
      }, {
        "uid" : "d5ee84198ac5c8f5",
        "reportUrl" : "https://lambotik.github.io/auto-tests-python/160//#testresult/d5ee84198ac5c8f5",
        "status" : "broken",
        "statusDetails" : "selenium.common.exceptions.TimeoutException: Message: Can't find element by locator https://brainup.site/groups",
        "time" : {
          "start" : 1737337941557,
          "stop" : 1737337941557,
          "duration" : 0
        }
      }, {
        "uid" : "e89443abcccc0b76",
        "reportUrl" : "https://lambotik.github.io/auto-tests-python/159//#testresult/e89443abcccc0b76",
        "status" : "broken",
        "statusDetails" : "selenium.common.exceptions.TimeoutException: Message: Can't find element by locator https://brainup.site/groups",
        "time" : {
          "start" : 1737251795396,
          "stop" : 1737251795396,
          "duration" : 0
        }
      }, {
        "uid" : "d5c427e093c83376",
        "reportUrl" : "https://lambotik.github.io/auto-tests-python/158//#testresult/d5c427e093c83376",
        "status" : "broken",
        "statusDetails" : "selenium.common.exceptions.TimeoutException: Message: Can't find element by locator https://brainup.site/groups",
        "time" : {
          "start" : 1737164797129,
          "stop" : 1737164797129,
          "duration" : 0
        }
      }, {
        "uid" : "bc6688ce7174e753",
        "reportUrl" : "https://lambotik.github.io/auto-tests-python/157//#testresult/bc6688ce7174e753",
        "status" : "broken",
        "statusDetails" : "selenium.common.exceptions.TimeoutException: Message: Can't find element by locator https://brainup.site/groups",
        "time" : {
          "start" : 1737078534461,
          "stop" : 1737078534461,
          "duration" : 0
        }
      }, {
        "uid" : "9b9bbb9bde940e4d",
        "reportUrl" : "https://lambotik.github.io/auto-tests-python/156//#testresult/9b9bbb9bde940e4d",
        "status" : "broken",
        "statusDetails" : "selenium.common.exceptions.TimeoutException: Message: Can't find element by locator https://brainup.site/groups",
        "time" : {
          "start" : 1736992242757,
          "stop" : 1736992242757,
          "duration" : 0
        }
      }, {
        "uid" : "de010d134b4668f6",
        "reportUrl" : "https://lambotik.github.io/auto-tests-python/155//#testresult/de010d134b4668f6",
        "status" : "broken",
        "statusDetails" : "selenium.common.exceptions.TimeoutException: Message: Can't find element by locator https://brainup.site/groups",
        "time" : {
          "start" : 1736905832333,
          "stop" : 1736905832333,
          "duration" : 0
        }
      }, {
        "uid" : "c9a85a9d2325c050",
        "reportUrl" : "https://lambotik.github.io/auto-tests-python/154//#testresult/c9a85a9d2325c050",
        "status" : "broken",
        "statusDetails" : "selenium.common.exceptions.TimeoutException: Message: Can't find element by locator https://brainup.site/groups",
        "time" : {
          "start" : 1736819400282,
          "stop" : 1736819400282,
          "duration" : 0
        }
      }, {
        "uid" : "54d218118df47f97",
        "reportUrl" : "https://lambotik.github.io/auto-tests-python/153//#testresult/54d218118df47f97",
        "status" : "broken",
        "statusDetails" : "selenium.common.exceptions.TimeoutException: Message: Can't find element by locator https://brainup.site/groups",
        "time" : {
          "start" : 1736733459121,
          "stop" : 1736733459121,
          "duration" : 0
        }
      }, {
        "uid" : "6b87ee9c20bfbee7",
        "reportUrl" : "https://lambotik.github.io/auto-tests-python/152//#testresult/6b87ee9c20bfbee7",
        "status" : "broken",
        "statusDetails" : "selenium.common.exceptions.TimeoutException: Message: Can't find element by locator https://brainup.site/groups",
        "time" : {
          "start" : 1736647355342,
          "stop" : 1736647355342,
          "duration" : 0
        }
      }, {
        "uid" : "eeba832fdabc7950",
        "reportUrl" : "https://lambotik.github.io/auto-tests-python/151//#testresult/eeba832fdabc7950",
        "status" : "broken",
        "statusDetails" : "selenium.common.exceptions.TimeoutException: Message: Can't find element by locator https://brainup.site/groups",
        "time" : {
          "start" : 1736560389180,
          "stop" : 1736560389180,
          "duration" : 0
        }
      }, {
        "uid" : "733b3e7477214dbb",
        "reportUrl" : "https://lambotik.github.io/auto-tests-python/150//#testresult/733b3e7477214dbb",
        "status" : "broken",
        "statusDetails" : "selenium.common.exceptions.TimeoutException: Message: Can't find element by locator https://brainup.site/groups",
        "time" : {
          "start" : 1736474107629,
          "stop" : 1736474107629,
          "duration" : 0
        }
      } ]
    },
    "tags" : [ ]
  },
  "source" : "cf7f80915e53e272.json",
  "parameterValues" : [ ]
}