{
  "uid" : "21e01292d21186de",
  "name" : "Solutions to a random task in the \"Слова Королёвой\" .",
  "fullName" : "tests.test_speech_exercises_ru.TestCardsRU#test_solve_koroleva_cards_ru",
  "historyId" : "c9fe4fbd9394e2fb5a6898be66ba433b",
  "time" : {
    "start" : 1716167403039,
    "stop" : 1716167479631,
    "duration" : 76592
  },
  "status" : "skipped",
  "statusMessage" : "XFAIL\n\nselenium.common.exceptions.TimeoutException: Message: Can't find element by locator ('xpath', '//h3[@class=\"mt-6 mb-6 text-2xl font-semibold\"]')\nStacktrace:\n#0 0x55bcd3b5feca <unknown>\n#1 0x55bcd384945c <unknown>\n#2 0x55bcd38955b5 <unknown>\n#3 0x55bcd3895671 <unknown>\n#4 0x55bcd38d9f14 <unknown>\n#5 0x55bcd38b84dd <unknown>\n#6 0x55bcd38d72cc <unknown>\n#7 0x55bcd38b8253 <unknown>\n#8 0x55bcd38881c7 <unknown>\n#9 0x55bcd3888b3e <unknown>\n#10 0x55bcd3b2630b <unknown>\n#11 0x55bcd3b2a3b7 <unknown>\n#12 0x55bcd3b12e3e <unknown>\n#13 0x55bcd3b2ae82 <unknown>\n#14 0x55bcd3af77df <unknown>\n#15 0x55bcd3b4f1b8 <unknown>\n#16 0x55bcd3b4f38b <unknown>\n#17 0x55bcd3b5effc <unknown>\n#18 0x7f6a44c94ac3 <unknown>",
  "statusTrace" : "self = <pages.speech_exercises_page_ru.SpeechExercisesPageRU object at 0x7f53c43b6ed0>\n\n    @allure.step('get_correct_answer')\n    def get_correct_answer(self):\n        try:\n            while True:\n                time.sleep(1)\n                self.element_is_present(self.locators.SpeechExercisesPageLocators.CORRECT_ANSWER)\n                answer_value = self.element_is_present(\n                    self.locators.SpeechExercisesPageLocators.CORRECT_ANSWER).get_attribute(\n                    'data-correct-answer')\n                print('Answer_value: ', answer_value)\n    \n                if answer_value != \"undefined\" and ',' not in answer_value:\n                    try:\n>                       correct_card = self.element_is_present_and_clickable(\n                            (By.XPATH, f'//*[text()=\"{answer_value}\"]'))\n\npages/speech_exercises_page_ru.py:119: \n_ _ _ _ _ _ _ _ _ _ _ _ _ _ _ _ _ _ _ _ _ _ _ _ _ _ _ _ _ _ _ _ _ _ _ _ _ _ _ _ \npages/base_page.py:34: in element_is_present_and_clickable\n    self.element_is_clickable(locator))\npages/base_page.py:66: in element_is_clickable\n    return Wait(self.driver, self.timeout).until(\n_ _ _ _ _ _ _ _ _ _ _ _ _ _ _ _ _ _ _ _ _ _ _ _ _ _ _ _ _ _ _ _ _ _ _ _ _ _ _ _ \n\nself = <selenium.webdriver.support.wait.WebDriverWait (session=\"29d03f72a3861d632e60bde37b57d259\")>\nmethod = <function element_to_be_clickable.<locals>._predicate at 0x7f53c45acd60>\nmessage = 'Can\\'t find element by locator (\\'xpath\\', \\'//*[text()=\"компьютер\"]\\')'\n\n    def until(self, method, message: str = \"\"):\n        \"\"\"Calls the method provided with the driver as an argument until the \\\n        return value does not evaluate to ``False``.\n    \n        :param method: callable(WebDriver)\n        :param message: optional message for :exc:`TimeoutException`\n        :returns: the result of the last call to `method`\n        :raises: :exc:`selenium.common.exceptions.TimeoutException` if timeout occurs\n        \"\"\"\n        screen = None\n        stacktrace = None\n    \n        end_time = time.monotonic() + self._timeout\n        while True:\n            try:\n                value = method(self._driver)\n                if value:\n                    return value\n            except self._ignored_exceptions as exc:\n                screen = getattr(exc, \"screen\", None)\n                stacktrace = getattr(exc, \"stacktrace\", None)\n            time.sleep(self._poll)\n            if time.monotonic() > end_time:\n                break\n>       raise TimeoutException(message, screen, stacktrace)\nE       selenium.common.exceptions.TimeoutException: Message: Can't find element by locator ('xpath', '//*[text()=\"компьютер\"]')\n\n/opt/hostedtoolcache/Python/3.12.3/x64/lib/python3.12/site-packages/selenium/webdriver/support/wait.py:95: TimeoutException\n\nDuring handling of the above exception, another exception occurred:\n\nself = <pages.speech_exercises_page_ru.SpeechExercisesPageRU object at 0x7f53c43b6ed0>\n\n    @allure.step('get_correct_answer')\n    def get_correct_answer(self):\n        try:\n            while True:\n                time.sleep(1)\n                self.element_is_present(self.locators.SpeechExercisesPageLocators.CORRECT_ANSWER)\n                answer_value = self.element_is_present(\n                    self.locators.SpeechExercisesPageLocators.CORRECT_ANSWER).get_attribute(\n                    'data-correct-answer')\n                print('Answer_value: ', answer_value)\n    \n                if answer_value != \"undefined\" and ',' not in answer_value:\n                    try:\n                        correct_card = self.element_is_present_and_clickable(\n                            (By.XPATH, f'//*[text()=\"{answer_value}\"]'))\n                        self.action_move_to_element(correct_card)\n                        correct_card.click()\n                    except Exception as ex:\n                        print(ex)\n>                       correct_card = self.element_is_present_and_clickable(\n                            (By.XPATH, f'//*[text()=\"{answer_value}\"]'))\n\npages/speech_exercises_page_ru.py:125: \n_ _ _ _ _ _ _ _ _ _ _ _ _ _ _ _ _ _ _ _ _ _ _ _ _ _ _ _ _ _ _ _ _ _ _ _ _ _ _ _ \npages/base_page.py:34: in element_is_present_and_clickable\n    self.element_is_clickable(locator))\npages/base_page.py:66: in element_is_clickable\n    return Wait(self.driver, self.timeout).until(\n_ _ _ _ _ _ _ _ _ _ _ _ _ _ _ _ _ _ _ _ _ _ _ _ _ _ _ _ _ _ _ _ _ _ _ _ _ _ _ _ \n\nself = <selenium.webdriver.support.wait.WebDriverWait (session=\"29d03f72a3861d632e60bde37b57d259\")>\nmethod = <function element_to_be_clickable.<locals>._predicate at 0x7f53c45accc0>\nmessage = 'Can\\'t find element by locator (\\'xpath\\', \\'//*[text()=\"компьютер\"]\\')'\n\n    def until(self, method, message: str = \"\"):\n        \"\"\"Calls the method provided with the driver as an argument until the \\\n        return value does not evaluate to ``False``.\n    \n        :param method: callable(WebDriver)\n        :param message: optional message for :exc:`TimeoutException`\n        :returns: the result of the last call to `method`\n        :raises: :exc:`selenium.common.exceptions.TimeoutException` if timeout occurs\n        \"\"\"\n        screen = None\n        stacktrace = None\n    \n        end_time = time.monotonic() + self._timeout\n        while True:\n            try:\n                value = method(self._driver)\n                if value:\n                    return value\n            except self._ignored_exceptions as exc:\n                screen = getattr(exc, \"screen\", None)\n                stacktrace = getattr(exc, \"stacktrace\", None)\n            time.sleep(self._poll)\n            if time.monotonic() > end_time:\n                break\n>       raise TimeoutException(message, screen, stacktrace)\nE       selenium.common.exceptions.TimeoutException: Message: Can't find element by locator ('xpath', '//*[text()=\"компьютер\"]')\n\n/opt/hostedtoolcache/Python/3.12.3/x64/lib/python3.12/site-packages/selenium/webdriver/support/wait.py:95: TimeoutException\n\nDuring handling of the above exception, another exception occurred:\n\nself = <tests.test_speech_exercises_ru.TestCardsRU object at 0x7f53c4411af0>\ndriver = <selenium.webdriver.chrome.webdriver.WebDriver (session=\"29d03f72a3861d632e60bde37b57d259\")>\ndefault_user_authorized = None\n\n    @pytest.mark.xfail\n    @allure.suite(\"Речевые упражнения.\")\n    @allure.title('Solutions to a random task in the \"Слова Королёвой\" .')\n    def test_solve_koroleva_cards_ru(self, driver, default_user_authorized):\n        page = SpeechExercisesPageRU(driver)\n        page.click_button_exercises()\n        page.select_group(SpeechExercisesPageLocators.WORDS_BY_KOROLEVA_BUTTON)\n        seria_id = page.set_url_to_get_id_words_koroleva_ru_group()\n        card_id = page.click_random_card()\n    \n        page = SpeechExercisesAPI(driver)\n        payloads = page.get_random_id_from_list_sub_group_default(card_id, seria_id)\n        random_id = page.get_random_id_from_payloads(payloads)\n        driver.get(driver.current_url + f'/exercise/{random_id}')  # Open the URL with the received card ID\n    \n        page.click_start_and_get_list_words_ru()\n        page = SpeechExercisesPageRU(driver)\n>       message = page.get_correct_answer()\n\ntests/test_speech_exercises_ru.py:156: \n_ _ _ _ _ _ _ _ _ _ _ _ _ _ _ _ _ _ _ _ _ _ _ _ _ _ _ _ _ _ _ _ _ _ _ _ _ _ _ _ \npages/speech_exercises_page_ru.py:155: in get_correct_answer\n    message = self.element_is_present(self.locators.SpeechExercisesPageLocators.CONGRATULATION_MESSAGE)\npages/base_page.py:55: in element_is_present\n    return Wait(self.driver, self.timeout).until(\n_ _ _ _ _ _ _ _ _ _ _ _ _ _ _ _ _ _ _ _ _ _ _ _ _ _ _ _ _ _ _ _ _ _ _ _ _ _ _ _ \n\nself = <selenium.webdriver.support.wait.WebDriverWait (session=\"29d03f72a3861d632e60bde37b57d259\")>\nmethod = <function presence_of_element_located.<locals>._predicate at 0x7f53c45ad3a0>\nmessage = 'Can\\'t find element by locator (\\'xpath\\', \\'//h3[@class=\"mt-6 mb-6 text-2xl font-semibold\"]\\')'\n\n    def until(self, method, message: str = \"\"):\n        \"\"\"Calls the method provided with the driver as an argument until the \\\n        return value does not evaluate to ``False``.\n    \n        :param method: callable(WebDriver)\n        :param message: optional message for :exc:`TimeoutException`\n        :returns: the result of the last call to `method`\n        :raises: :exc:`selenium.common.exceptions.TimeoutException` if timeout occurs\n        \"\"\"\n        screen = None\n        stacktrace = None\n    \n        end_time = time.monotonic() + self._timeout\n        while True:\n            try:\n                value = method(self._driver)\n                if value:\n                    return value\n            except self._ignored_exceptions as exc:\n                screen = getattr(exc, \"screen\", None)\n                stacktrace = getattr(exc, \"stacktrace\", None)\n            time.sleep(self._poll)\n            if time.monotonic() > end_time:\n                break\n>       raise TimeoutException(message, screen, stacktrace)\nE       selenium.common.exceptions.TimeoutException: Message: Can't find element by locator ('xpath', '//h3[@class=\"mt-6 mb-6 text-2xl font-semibold\"]')\nE       Stacktrace:\nE       #0 0x55bcd3b5feca <unknown>\nE       #1 0x55bcd384945c <unknown>\nE       #2 0x55bcd38955b5 <unknown>\nE       #3 0x55bcd3895671 <unknown>\nE       #4 0x55bcd38d9f14 <unknown>\nE       #5 0x55bcd38b84dd <unknown>\nE       #6 0x55bcd38d72cc <unknown>\nE       #7 0x55bcd38b8253 <unknown>\nE       #8 0x55bcd38881c7 <unknown>\nE       #9 0x55bcd3888b3e <unknown>\nE       #10 0x55bcd3b2630b <unknown>\nE       #11 0x55bcd3b2a3b7 <unknown>\nE       #12 0x55bcd3b12e3e <unknown>\nE       #13 0x55bcd3b2ae82 <unknown>\nE       #14 0x55bcd3af77df <unknown>\nE       #15 0x55bcd3b4f1b8 <unknown>\nE       #16 0x55bcd3b4f38b <unknown>\nE       #17 0x55bcd3b5effc <unknown>\nE       #18 0x7f6a44c94ac3 <unknown>\n\n/opt/hostedtoolcache/Python/3.12.3/x64/lib/python3.12/site-packages/selenium/webdriver/support/wait.py:95: TimeoutException",
  "flaky" : false,
  "newFailed" : false,
  "beforeStages" : [ {
    "name" : "driver",
    "time" : {
      "start" : 1716167395225,
      "stop" : 1716167395913,
      "duration" : 688
    },
    "status" : "passed",
    "steps" : [ ],
    "attachments" : [ ],
    "parameters" : [ ],
    "stepsCount" : 0,
    "attachmentsCount" : 0,
    "shouldDisplayMessage" : false,
    "hasContent" : false
  }, {
    "name" : "clear_allure_results_folder",
    "time" : {
      "start" : 1716166437861,
      "stop" : 1716166437861,
      "duration" : 0
    },
    "status" : "passed",
    "steps" : [ ],
    "attachments" : [ ],
    "parameters" : [ ],
    "stepsCount" : 0,
    "attachmentsCount" : 0,
    "shouldDisplayMessage" : false,
    "hasContent" : false
  }, {
    "name" : "default_user_authorized",
    "time" : {
      "start" : 1716167399703,
      "stop" : 1716167403039,
      "duration" : 3336
    },
    "status" : "passed",
    "steps" : [ {
      "name" : "DEFAULT user authorized",
      "time" : {
        "start" : 1716167399704,
        "stop" : 1716167403039,
        "duration" : 3335
      },
      "status" : "passed",
      "steps" : [ {
        "name" : "Check element is visible and clickable: ('xpath', '//a[@id=\"ember11\"]')",
        "time" : {
          "start" : 1716167399704,
          "stop" : 1716167399743,
          "duration" : 39
        },
        "status" : "passed",
        "steps" : [ {
          "name" : "Check element is clickable",
          "time" : {
            "start" : 1716167399722,
            "stop" : 1716167399743,
            "duration" : 21
          },
          "status" : "passed",
          "steps" : [ {
            "name" : "Check element is clickable: ('xpath', '//a[@id=\"ember11\"]')",
            "time" : {
              "start" : 1716167399722,
              "stop" : 1716167399743,
              "duration" : 21
            },
            "status" : "passed",
            "steps" : [ ],
            "attachments" : [ ],
            "parameters" : [ ],
            "stepsCount" : 0,
            "attachmentsCount" : 0,
            "shouldDisplayMessage" : false,
            "hasContent" : false
          } ],
          "attachments" : [ ],
          "parameters" : [ {
            "name" : "locator",
            "value" : "('xpath', '//a[@id=\"ember11\"]')"
          } ],
          "stepsCount" : 1,
          "attachmentsCount" : 0,
          "shouldDisplayMessage" : false,
          "hasContent" : true
        } ],
        "attachments" : [ ],
        "parameters" : [ ],
        "stepsCount" : 2,
        "attachmentsCount" : 0,
        "shouldDisplayMessage" : false,
        "hasContent" : true
      }, {
        "name" : "Check element is visible: ('xpath', '//input[@id=\"login\"]')",
        "time" : {
          "start" : 1716167399792,
          "stop" : 1716167399819,
          "duration" : 27
        },
        "status" : "passed",
        "steps" : [ {
          "name" : "Check element is present: ('xpath', '//input[@id=\"login\"]')",
          "time" : {
            "start" : 1716167399792,
            "stop" : 1716167399802,
            "duration" : 10
          },
          "status" : "passed",
          "steps" : [ ],
          "attachments" : [ ],
          "parameters" : [ ],
          "stepsCount" : 0,
          "attachmentsCount" : 0,
          "shouldDisplayMessage" : false,
          "hasContent" : false
        }, {
          "name" : "Go to element: <selenium.webdriver.remote.webelement.WebElement (session=\"29d03f72a3861d632e60bde37b57d259\", element=\"f.778E9F3359D479C727F86B390C9019ED.d.BEF74C483B2221ADA62114EFFBBA473F.e.27\")>",
          "time" : {
            "start" : 1716167399803,
            "stop" : 1716167399807,
            "duration" : 4
          },
          "status" : "passed",
          "steps" : [ ],
          "attachments" : [ ],
          "parameters" : [ ],
          "stepsCount" : 0,
          "attachmentsCount" : 0,
          "shouldDisplayMessage" : false,
          "hasContent" : false
        } ],
        "attachments" : [ ],
        "parameters" : [ ],
        "stepsCount" : 2,
        "attachmentsCount" : 0,
        "shouldDisplayMessage" : false,
        "hasContent" : true
      }, {
        "name" : "Check element is visible: ('xpath', '//input[@id=\"password\"]')",
        "time" : {
          "start" : 1716167399875,
          "stop" : 1716167399902,
          "duration" : 27
        },
        "status" : "passed",
        "steps" : [ {
          "name" : "Check element is present: ('xpath', '//input[@id=\"password\"]')",
          "time" : {
            "start" : 1716167399875,
            "stop" : 1716167399885,
            "duration" : 10
          },
          "status" : "passed",
          "steps" : [ ],
          "attachments" : [ ],
          "parameters" : [ ],
          "stepsCount" : 0,
          "attachmentsCount" : 0,
          "shouldDisplayMessage" : false,
          "hasContent" : false
        }, {
          "name" : "Go to element: <selenium.webdriver.remote.webelement.WebElement (session=\"29d03f72a3861d632e60bde37b57d259\", element=\"f.778E9F3359D479C727F86B390C9019ED.d.BEF74C483B2221ADA62114EFFBBA473F.e.30\")>",
          "time" : {
            "start" : 1716167399885,
            "stop" : 1716167399890,
            "duration" : 5
          },
          "status" : "passed",
          "steps" : [ ],
          "attachments" : [ ],
          "parameters" : [ ],
          "stepsCount" : 0,
          "attachmentsCount" : 0,
          "shouldDisplayMessage" : false,
          "hasContent" : false
        } ],
        "attachments" : [ ],
        "parameters" : [ ],
        "stepsCount" : 2,
        "attachmentsCount" : 0,
        "shouldDisplayMessage" : false,
        "hasContent" : true
      }, {
        "name" : "Check element is visible and clickable: ('xpath', '//*[@type=\"submit\"]')",
        "time" : {
          "start" : 1716167399943,
          "stop" : 1716167399976,
          "duration" : 33
        },
        "status" : "passed",
        "steps" : [ {
          "name" : "Check element is clickable",
          "time" : {
            "start" : 1716167399960,
            "stop" : 1716167399976,
            "duration" : 16
          },
          "status" : "passed",
          "steps" : [ {
            "name" : "Check element is clickable: ('xpath', '//*[@type=\"submit\"]')",
            "time" : {
              "start" : 1716167399960,
              "stop" : 1716167399976,
              "duration" : 16
            },
            "status" : "passed",
            "steps" : [ ],
            "attachments" : [ ],
            "parameters" : [ ],
            "stepsCount" : 0,
            "attachmentsCount" : 0,
            "shouldDisplayMessage" : false,
            "hasContent" : false
          } ],
          "attachments" : [ ],
          "parameters" : [ {
            "name" : "locator",
            "value" : "('xpath', '//*[@type=\"submit\"]')"
          } ],
          "stepsCount" : 1,
          "attachmentsCount" : 0,
          "shouldDisplayMessage" : false,
          "hasContent" : true
        } ],
        "attachments" : [ ],
        "parameters" : [ ],
        "stepsCount" : 2,
        "attachmentsCount" : 0,
        "shouldDisplayMessage" : false,
        "hasContent" : true
      }, {
        "name" : "Check url is present: https://brainup.site/groups",
        "time" : {
          "start" : 1716167400013,
          "stop" : 1716167403039,
          "duration" : 3026
        },
        "status" : "passed",
        "steps" : [ ],
        "attachments" : [ ],
        "parameters" : [ ],
        "stepsCount" : 0,
        "attachmentsCount" : 0,
        "shouldDisplayMessage" : false,
        "hasContent" : false
      } ],
      "attachments" : [ ],
      "parameters" : [ {
        "name" : "driver",
        "value" : "<selenium.webdriver.chrome.webdriver.WebDriver (session=\"29d03f72a3861d632e60bde37b57d259\")>"
      }, {
        "name" : "main_page_open",
        "value" : "None"
      } ],
      "stepsCount" : 13,
      "attachmentsCount" : 0,
      "shouldDisplayMessage" : false,
      "hasContent" : true
    } ],
    "attachments" : [ ],
    "parameters" : [ ],
    "stepsCount" : 14,
    "attachmentsCount" : 0,
    "shouldDisplayMessage" : false,
    "hasContent" : true
  }, {
    "name" : "main_page_open",
    "time" : {
      "start" : 1716167395913,
      "stop" : 1716167399703,
      "duration" : 3790
    },
    "status" : "passed",
    "steps" : [ {
      "name" : "Open page: https://brainup.site/",
      "time" : {
        "start" : 1716167395913,
        "stop" : 1716167399703,
        "duration" : 3790
      },
      "status" : "passed",
      "steps" : [ ],
      "attachments" : [ ],
      "parameters" : [ {
        "name" : "driver",
        "value" : "<selenium.webdriver.chrome.webdriver.WebDriver (session=\"29d03f72a3861d632e60bde37b57d259\")>"
      } ],
      "stepsCount" : 0,
      "attachmentsCount" : 0,
      "shouldDisplayMessage" : false,
      "hasContent" : true
    } ],
    "attachments" : [ ],
    "parameters" : [ ],
    "stepsCount" : 1,
    "attachmentsCount" : 0,
    "shouldDisplayMessage" : false,
    "hasContent" : true
  } ],
  "testStage" : {
    "status" : "skipped",
    "statusMessage" : "XFAIL\n\nselenium.common.exceptions.TimeoutException: Message: Can't find element by locator ('xpath', '//h3[@class=\"mt-6 mb-6 text-2xl font-semibold\"]')\nStacktrace:\n#0 0x55bcd3b5feca <unknown>\n#1 0x55bcd384945c <unknown>\n#2 0x55bcd38955b5 <unknown>\n#3 0x55bcd3895671 <unknown>\n#4 0x55bcd38d9f14 <unknown>\n#5 0x55bcd38b84dd <unknown>\n#6 0x55bcd38d72cc <unknown>\n#7 0x55bcd38b8253 <unknown>\n#8 0x55bcd38881c7 <unknown>\n#9 0x55bcd3888b3e <unknown>\n#10 0x55bcd3b2630b <unknown>\n#11 0x55bcd3b2a3b7 <unknown>\n#12 0x55bcd3b12e3e <unknown>\n#13 0x55bcd3b2ae82 <unknown>\n#14 0x55bcd3af77df <unknown>\n#15 0x55bcd3b4f1b8 <unknown>\n#16 0x55bcd3b4f38b <unknown>\n#17 0x55bcd3b5effc <unknown>\n#18 0x7f6a44c94ac3 <unknown>",
    "statusTrace" : "self = <pages.speech_exercises_page_ru.SpeechExercisesPageRU object at 0x7f53c43b6ed0>\n\n    @allure.step('get_correct_answer')\n    def get_correct_answer(self):\n        try:\n            while True:\n                time.sleep(1)\n                self.element_is_present(self.locators.SpeechExercisesPageLocators.CORRECT_ANSWER)\n                answer_value = self.element_is_present(\n                    self.locators.SpeechExercisesPageLocators.CORRECT_ANSWER).get_attribute(\n                    'data-correct-answer')\n                print('Answer_value: ', answer_value)\n    \n                if answer_value != \"undefined\" and ',' not in answer_value:\n                    try:\n>                       correct_card = self.element_is_present_and_clickable(\n                            (By.XPATH, f'//*[text()=\"{answer_value}\"]'))\n\npages/speech_exercises_page_ru.py:119: \n_ _ _ _ _ _ _ _ _ _ _ _ _ _ _ _ _ _ _ _ _ _ _ _ _ _ _ _ _ _ _ _ _ _ _ _ _ _ _ _ \npages/base_page.py:34: in element_is_present_and_clickable\n    self.element_is_clickable(locator))\npages/base_page.py:66: in element_is_clickable\n    return Wait(self.driver, self.timeout).until(\n_ _ _ _ _ _ _ _ _ _ _ _ _ _ _ _ _ _ _ _ _ _ _ _ _ _ _ _ _ _ _ _ _ _ _ _ _ _ _ _ \n\nself = <selenium.webdriver.support.wait.WebDriverWait (session=\"29d03f72a3861d632e60bde37b57d259\")>\nmethod = <function element_to_be_clickable.<locals>._predicate at 0x7f53c45acd60>\nmessage = 'Can\\'t find element by locator (\\'xpath\\', \\'//*[text()=\"компьютер\"]\\')'\n\n    def until(self, method, message: str = \"\"):\n        \"\"\"Calls the method provided with the driver as an argument until the \\\n        return value does not evaluate to ``False``.\n    \n        :param method: callable(WebDriver)\n        :param message: optional message for :exc:`TimeoutException`\n        :returns: the result of the last call to `method`\n        :raises: :exc:`selenium.common.exceptions.TimeoutException` if timeout occurs\n        \"\"\"\n        screen = None\n        stacktrace = None\n    \n        end_time = time.monotonic() + self._timeout\n        while True:\n            try:\n                value = method(self._driver)\n                if value:\n                    return value\n            except self._ignored_exceptions as exc:\n                screen = getattr(exc, \"screen\", None)\n                stacktrace = getattr(exc, \"stacktrace\", None)\n            time.sleep(self._poll)\n            if time.monotonic() > end_time:\n                break\n>       raise TimeoutException(message, screen, stacktrace)\nE       selenium.common.exceptions.TimeoutException: Message: Can't find element by locator ('xpath', '//*[text()=\"компьютер\"]')\n\n/opt/hostedtoolcache/Python/3.12.3/x64/lib/python3.12/site-packages/selenium/webdriver/support/wait.py:95: TimeoutException\n\nDuring handling of the above exception, another exception occurred:\n\nself = <pages.speech_exercises_page_ru.SpeechExercisesPageRU object at 0x7f53c43b6ed0>\n\n    @allure.step('get_correct_answer')\n    def get_correct_answer(self):\n        try:\n            while True:\n                time.sleep(1)\n                self.element_is_present(self.locators.SpeechExercisesPageLocators.CORRECT_ANSWER)\n                answer_value = self.element_is_present(\n                    self.locators.SpeechExercisesPageLocators.CORRECT_ANSWER).get_attribute(\n                    'data-correct-answer')\n                print('Answer_value: ', answer_value)\n    \n                if answer_value != \"undefined\" and ',' not in answer_value:\n                    try:\n                        correct_card = self.element_is_present_and_clickable(\n                            (By.XPATH, f'//*[text()=\"{answer_value}\"]'))\n                        self.action_move_to_element(correct_card)\n                        correct_card.click()\n                    except Exception as ex:\n                        print(ex)\n>                       correct_card = self.element_is_present_and_clickable(\n                            (By.XPATH, f'//*[text()=\"{answer_value}\"]'))\n\npages/speech_exercises_page_ru.py:125: \n_ _ _ _ _ _ _ _ _ _ _ _ _ _ _ _ _ _ _ _ _ _ _ _ _ _ _ _ _ _ _ _ _ _ _ _ _ _ _ _ \npages/base_page.py:34: in element_is_present_and_clickable\n    self.element_is_clickable(locator))\npages/base_page.py:66: in element_is_clickable\n    return Wait(self.driver, self.timeout).until(\n_ _ _ _ _ _ _ _ _ _ _ _ _ _ _ _ _ _ _ _ _ _ _ _ _ _ _ _ _ _ _ _ _ _ _ _ _ _ _ _ \n\nself = <selenium.webdriver.support.wait.WebDriverWait (session=\"29d03f72a3861d632e60bde37b57d259\")>\nmethod = <function element_to_be_clickable.<locals>._predicate at 0x7f53c45accc0>\nmessage = 'Can\\'t find element by locator (\\'xpath\\', \\'//*[text()=\"компьютер\"]\\')'\n\n    def until(self, method, message: str = \"\"):\n        \"\"\"Calls the method provided with the driver as an argument until the \\\n        return value does not evaluate to ``False``.\n    \n        :param method: callable(WebDriver)\n        :param message: optional message for :exc:`TimeoutException`\n        :returns: the result of the last call to `method`\n        :raises: :exc:`selenium.common.exceptions.TimeoutException` if timeout occurs\n        \"\"\"\n        screen = None\n        stacktrace = None\n    \n        end_time = time.monotonic() + self._timeout\n        while True:\n            try:\n                value = method(self._driver)\n                if value:\n                    return value\n            except self._ignored_exceptions as exc:\n                screen = getattr(exc, \"screen\", None)\n                stacktrace = getattr(exc, \"stacktrace\", None)\n            time.sleep(self._poll)\n            if time.monotonic() > end_time:\n                break\n>       raise TimeoutException(message, screen, stacktrace)\nE       selenium.common.exceptions.TimeoutException: Message: Can't find element by locator ('xpath', '//*[text()=\"компьютер\"]')\n\n/opt/hostedtoolcache/Python/3.12.3/x64/lib/python3.12/site-packages/selenium/webdriver/support/wait.py:95: TimeoutException\n\nDuring handling of the above exception, another exception occurred:\n\nself = <tests.test_speech_exercises_ru.TestCardsRU object at 0x7f53c4411af0>\ndriver = <selenium.webdriver.chrome.webdriver.WebDriver (session=\"29d03f72a3861d632e60bde37b57d259\")>\ndefault_user_authorized = None\n\n    @pytest.mark.xfail\n    @allure.suite(\"Речевые упражнения.\")\n    @allure.title('Solutions to a random task in the \"Слова Королёвой\" .')\n    def test_solve_koroleva_cards_ru(self, driver, default_user_authorized):\n        page = SpeechExercisesPageRU(driver)\n        page.click_button_exercises()\n        page.select_group(SpeechExercisesPageLocators.WORDS_BY_KOROLEVA_BUTTON)\n        seria_id = page.set_url_to_get_id_words_koroleva_ru_group()\n        card_id = page.click_random_card()\n    \n        page = SpeechExercisesAPI(driver)\n        payloads = page.get_random_id_from_list_sub_group_default(card_id, seria_id)\n        random_id = page.get_random_id_from_payloads(payloads)\n        driver.get(driver.current_url + f'/exercise/{random_id}')  # Open the URL with the received card ID\n    \n        page.click_start_and_get_list_words_ru()\n        page = SpeechExercisesPageRU(driver)\n>       message = page.get_correct_answer()\n\ntests/test_speech_exercises_ru.py:156: \n_ _ _ _ _ _ _ _ _ _ _ _ _ _ _ _ _ _ _ _ _ _ _ _ _ _ _ _ _ _ _ _ _ _ _ _ _ _ _ _ \npages/speech_exercises_page_ru.py:155: in get_correct_answer\n    message = self.element_is_present(self.locators.SpeechExercisesPageLocators.CONGRATULATION_MESSAGE)\npages/base_page.py:55: in element_is_present\n    return Wait(self.driver, self.timeout).until(\n_ _ _ _ _ _ _ _ _ _ _ _ _ _ _ _ _ _ _ _ _ _ _ _ _ _ _ _ _ _ _ _ _ _ _ _ _ _ _ _ \n\nself = <selenium.webdriver.support.wait.WebDriverWait (session=\"29d03f72a3861d632e60bde37b57d259\")>\nmethod = <function presence_of_element_located.<locals>._predicate at 0x7f53c45ad3a0>\nmessage = 'Can\\'t find element by locator (\\'xpath\\', \\'//h3[@class=\"mt-6 mb-6 text-2xl font-semibold\"]\\')'\n\n    def until(self, method, message: str = \"\"):\n        \"\"\"Calls the method provided with the driver as an argument until the \\\n        return value does not evaluate to ``False``.\n    \n        :param method: callable(WebDriver)\n        :param message: optional message for :exc:`TimeoutException`\n        :returns: the result of the last call to `method`\n        :raises: :exc:`selenium.common.exceptions.TimeoutException` if timeout occurs\n        \"\"\"\n        screen = None\n        stacktrace = None\n    \n        end_time = time.monotonic() + self._timeout\n        while True:\n            try:\n                value = method(self._driver)\n                if value:\n                    return value\n            except self._ignored_exceptions as exc:\n                screen = getattr(exc, \"screen\", None)\n                stacktrace = getattr(exc, \"stacktrace\", None)\n            time.sleep(self._poll)\n            if time.monotonic() > end_time:\n                break\n>       raise TimeoutException(message, screen, stacktrace)\nE       selenium.common.exceptions.TimeoutException: Message: Can't find element by locator ('xpath', '//h3[@class=\"mt-6 mb-6 text-2xl font-semibold\"]')\nE       Stacktrace:\nE       #0 0x55bcd3b5feca <unknown>\nE       #1 0x55bcd384945c <unknown>\nE       #2 0x55bcd38955b5 <unknown>\nE       #3 0x55bcd3895671 <unknown>\nE       #4 0x55bcd38d9f14 <unknown>\nE       #5 0x55bcd38b84dd <unknown>\nE       #6 0x55bcd38d72cc <unknown>\nE       #7 0x55bcd38b8253 <unknown>\nE       #8 0x55bcd38881c7 <unknown>\nE       #9 0x55bcd3888b3e <unknown>\nE       #10 0x55bcd3b2630b <unknown>\nE       #11 0x55bcd3b2a3b7 <unknown>\nE       #12 0x55bcd3b12e3e <unknown>\nE       #13 0x55bcd3b2ae82 <unknown>\nE       #14 0x55bcd3af77df <unknown>\nE       #15 0x55bcd3b4f1b8 <unknown>\nE       #16 0x55bcd3b4f38b <unknown>\nE       #17 0x55bcd3b5effc <unknown>\nE       #18 0x7f6a44c94ac3 <unknown>\n\n/opt/hostedtoolcache/Python/3.12.3/x64/lib/python3.12/site-packages/selenium/webdriver/support/wait.py:95: TimeoutException",
    "steps" : [ {
      "name" : "Click button \"Упражнения\".",
      "time" : {
        "start" : 1716167403040,
        "stop" : 1716167403205,
        "duration" : 165
      },
      "status" : "passed",
      "steps" : [ {
        "name" : "Click button \"RU\".",
        "time" : {
          "start" : 1716167403040,
          "stop" : 1716167403112,
          "duration" : 72
        },
        "status" : "passed",
        "steps" : [ {
          "name" : "Check element is visible and clickable: ('xpath', \"//*[contains(text(),'RU')]\")",
          "time" : {
            "start" : 1716167403040,
            "stop" : 1716167403074,
            "duration" : 34
          },
          "status" : "passed",
          "steps" : [ {
            "name" : "Check element is clickable",
            "time" : {
              "start" : 1716167403056,
              "stop" : 1716167403074,
              "duration" : 18
            },
            "status" : "passed",
            "steps" : [ {
              "name" : "Check element is clickable: ('xpath', \"//*[contains(text(),'RU')]\")",
              "time" : {
                "start" : 1716167403056,
                "stop" : 1716167403074,
                "duration" : 18
              },
              "status" : "passed",
              "steps" : [ ],
              "attachments" : [ ],
              "parameters" : [ ],
              "stepsCount" : 0,
              "attachmentsCount" : 0,
              "shouldDisplayMessage" : false,
              "hasContent" : false
            } ],
            "attachments" : [ ],
            "parameters" : [ {
              "name" : "locator",
              "value" : "('xpath', \"//*[contains(text(),'RU')]\")"
            } ],
            "stepsCount" : 1,
            "attachmentsCount" : 0,
            "shouldDisplayMessage" : false,
            "hasContent" : true
          } ],
          "attachments" : [ ],
          "parameters" : [ ],
          "stepsCount" : 2,
          "attachmentsCount" : 0,
          "shouldDisplayMessage" : false,
          "hasContent" : true
        } ],
        "attachments" : [ ],
        "parameters" : [ ],
        "stepsCount" : 3,
        "attachmentsCount" : 0,
        "shouldDisplayMessage" : false,
        "hasContent" : true
      }, {
        "name" : "Check element is visible and clickable: ('xpath', '//a[text()=\"Упражнения\"]')",
        "time" : {
          "start" : 1716167403112,
          "stop" : 1716167403146,
          "duration" : 34
        },
        "status" : "passed",
        "steps" : [ {
          "name" : "Check element is clickable",
          "time" : {
            "start" : 1716167403129,
            "stop" : 1716167403146,
            "duration" : 17
          },
          "status" : "passed",
          "steps" : [ {
            "name" : "Check element is clickable: ('xpath', '//a[text()=\"Упражнения\"]')",
            "time" : {
              "start" : 1716167403129,
              "stop" : 1716167403146,
              "duration" : 17
            },
            "status" : "passed",
            "steps" : [ ],
            "attachments" : [ ],
            "parameters" : [ ],
            "stepsCount" : 0,
            "attachmentsCount" : 0,
            "shouldDisplayMessage" : false,
            "hasContent" : false
          } ],
          "attachments" : [ ],
          "parameters" : [ {
            "name" : "locator",
            "value" : "('xpath', '//a[text()=\"Упражнения\"]')"
          } ],
          "stepsCount" : 1,
          "attachmentsCount" : 0,
          "shouldDisplayMessage" : false,
          "hasContent" : true
        } ],
        "attachments" : [ ],
        "parameters" : [ ],
        "stepsCount" : 2,
        "attachmentsCount" : 0,
        "shouldDisplayMessage" : false,
        "hasContent" : true
      }, {
        "name" : "Go to element: <selenium.webdriver.remote.webelement.WebElement (session=\"29d03f72a3861d632e60bde37b57d259\", element=\"f.778E9F3359D479C727F86B390C9019ED.d.BEF74C483B2221ADA62114EFFBBA473F.e.59\")>",
        "time" : {
          "start" : 1716167403146,
          "stop" : 1716167403149,
          "duration" : 3
        },
        "status" : "passed",
        "steps" : [ ],
        "attachments" : [ ],
        "parameters" : [ ],
        "stepsCount" : 0,
        "attachmentsCount" : 0,
        "shouldDisplayMessage" : false,
        "hasContent" : false
      }, {
        "name" : "Check element is visible and clickable: ('xpath', '//a[text()=\"Упражнения\"]')",
        "time" : {
          "start" : 1716167403150,
          "stop" : 1716167403179,
          "duration" : 29
        },
        "status" : "passed",
        "steps" : [ {
          "name" : "Check element is clickable",
          "time" : {
            "start" : 1716167403162,
            "stop" : 1716167403179,
            "duration" : 17
          },
          "status" : "passed",
          "steps" : [ {
            "name" : "Check element is clickable: ('xpath', '//a[text()=\"Упражнения\"]')",
            "time" : {
              "start" : 1716167403162,
              "stop" : 1716167403179,
              "duration" : 17
            },
            "status" : "passed",
            "steps" : [ ],
            "attachments" : [ ],
            "parameters" : [ ],
            "stepsCount" : 0,
            "attachmentsCount" : 0,
            "shouldDisplayMessage" : false,
            "hasContent" : false
          } ],
          "attachments" : [ ],
          "parameters" : [ {
            "name" : "locator",
            "value" : "('xpath', '//a[text()=\"Упражнения\"]')"
          } ],
          "stepsCount" : 1,
          "attachmentsCount" : 0,
          "shouldDisplayMessage" : false,
          "hasContent" : true
        } ],
        "attachments" : [ ],
        "parameters" : [ ],
        "stepsCount" : 2,
        "attachmentsCount" : 0,
        "shouldDisplayMessage" : false,
        "hasContent" : true
      } ],
      "attachments" : [ ],
      "parameters" : [ ],
      "stepsCount" : 11,
      "attachmentsCount" : 0,
      "shouldDisplayMessage" : false,
      "hasContent" : true
    }, {
      "name" : "select_group",
      "time" : {
        "start" : 1716167403206,
        "stop" : 1716167409592,
        "duration" : 6386
      },
      "status" : "passed",
      "steps" : [ {
        "name" : "Select Russian language. Click \"RU\" button.",
        "time" : {
          "start" : 1716167403206,
          "stop" : 1716167403261,
          "duration" : 55
        },
        "status" : "passed",
        "steps" : [ {
          "name" : "Check element is visible and clickable: ('xpath', \"//*[contains(text(),'RU')]\")",
          "time" : {
            "start" : 1716167403206,
            "stop" : 1716167403234,
            "duration" : 28
          },
          "status" : "passed",
          "steps" : [ {
            "name" : "Check element is clickable",
            "time" : {
              "start" : 1716167403218,
              "stop" : 1716167403234,
              "duration" : 16
            },
            "status" : "passed",
            "steps" : [ {
              "name" : "Check element is clickable: ('xpath', \"//*[contains(text(),'RU')]\")",
              "time" : {
                "start" : 1716167403218,
                "stop" : 1716167403234,
                "duration" : 16
              },
              "status" : "passed",
              "steps" : [ ],
              "attachments" : [ ],
              "parameters" : [ ],
              "stepsCount" : 0,
              "attachmentsCount" : 0,
              "shouldDisplayMessage" : false,
              "hasContent" : false
            } ],
            "attachments" : [ ],
            "parameters" : [ {
              "name" : "locator",
              "value" : "('xpath', \"//*[contains(text(),'RU')]\")"
            } ],
            "stepsCount" : 1,
            "attachmentsCount" : 0,
            "shouldDisplayMessage" : false,
            "hasContent" : true
          } ],
          "attachments" : [ ],
          "parameters" : [ ],
          "stepsCount" : 2,
          "attachmentsCount" : 0,
          "shouldDisplayMessage" : false,
          "hasContent" : true
        } ],
        "attachments" : [ ],
        "parameters" : [ ],
        "stepsCount" : 3,
        "attachmentsCount" : 0,
        "shouldDisplayMessage" : false,
        "hasContent" : true
      }, {
        "name" : "Click button \"Речевые упражнения\".",
        "time" : {
          "start" : 1716167403261,
          "stop" : 1716167405377,
          "duration" : 2116
        },
        "status" : "passed",
        "steps" : [ {
          "name" : "Check element is visible and clickable: ('xpath', '//a[@title=\"Речевые упражнения\"]')",
          "time" : {
            "start" : 1716167403261,
            "stop" : 1716167405349,
            "duration" : 2088
          },
          "status" : "passed",
          "steps" : [ {
            "name" : "Check element is clickable",
            "time" : {
              "start" : 1716167405333,
              "stop" : 1716167405349,
              "duration" : 16
            },
            "status" : "passed",
            "steps" : [ {
              "name" : "Check element is clickable: ('xpath', '//a[@title=\"Речевые упражнения\"]')",
              "time" : {
                "start" : 1716167405333,
                "stop" : 1716167405349,
                "duration" : 16
              },
              "status" : "passed",
              "steps" : [ ],
              "attachments" : [ ],
              "parameters" : [ ],
              "stepsCount" : 0,
              "attachmentsCount" : 0,
              "shouldDisplayMessage" : false,
              "hasContent" : false
            } ],
            "attachments" : [ ],
            "parameters" : [ {
              "name" : "locator",
              "value" : "('xpath', '//a[@title=\"Речевые упражнения\"]')"
            } ],
            "stepsCount" : 1,
            "attachmentsCount" : 0,
            "shouldDisplayMessage" : false,
            "hasContent" : true
          } ],
          "attachments" : [ ],
          "parameters" : [ ],
          "stepsCount" : 2,
          "attachmentsCount" : 0,
          "shouldDisplayMessage" : false,
          "hasContent" : true
        } ],
        "attachments" : [ ],
        "parameters" : [ ],
        "stepsCount" : 3,
        "attachmentsCount" : 0,
        "shouldDisplayMessage" : false,
        "hasContent" : true
      }, {
        "name" : "Check element is visible and clickable: ('xpath', '//button[@data-test-active-link=\"Слова Королёвой\"]')",
        "time" : {
          "start" : 1716167405377,
          "stop" : 1716167409514,
          "duration" : 4137
        },
        "status" : "passed",
        "steps" : [ {
          "name" : "Check element is clickable",
          "time" : {
            "start" : 1716167409497,
            "stop" : 1716167409514,
            "duration" : 17
          },
          "status" : "passed",
          "steps" : [ {
            "name" : "Check element is clickable: ('xpath', '//button[@data-test-active-link=\"Слова Королёвой\"]')",
            "time" : {
              "start" : 1716167409497,
              "stop" : 1716167409514,
              "duration" : 17
            },
            "status" : "passed",
            "steps" : [ ],
            "attachments" : [ ],
            "parameters" : [ ],
            "stepsCount" : 0,
            "attachmentsCount" : 0,
            "shouldDisplayMessage" : false,
            "hasContent" : false
          } ],
          "attachments" : [ ],
          "parameters" : [ {
            "name" : "locator",
            "value" : "('xpath', '//button[@data-test-active-link=\"Слова Королёвой\"]')"
          } ],
          "stepsCount" : 1,
          "attachmentsCount" : 0,
          "shouldDisplayMessage" : false,
          "hasContent" : true
        } ],
        "attachments" : [ ],
        "parameters" : [ ],
        "stepsCount" : 2,
        "attachmentsCount" : 0,
        "shouldDisplayMessage" : false,
        "hasContent" : true
      }, {
        "name" : "Click button \"СЛОВА КОРОЛЁВОЙ\".",
        "time" : {
          "start" : 1716167409530,
          "stop" : 1716167409592,
          "duration" : 62
        },
        "status" : "passed",
        "steps" : [ {
          "name" : "Check element is visible and clickable: ('xpath', '//button[@data-test-active-link=\"Слова Королёвой\"]')",
          "time" : {
            "start" : 1716167409530,
            "stop" : 1716167409559,
            "duration" : 29
          },
          "status" : "passed",
          "steps" : [ {
            "name" : "Check element is clickable",
            "time" : {
              "start" : 1716167409542,
              "stop" : 1716167409559,
              "duration" : 17
            },
            "status" : "passed",
            "steps" : [ {
              "name" : "Check element is clickable: ('xpath', '//button[@data-test-active-link=\"Слова Королёвой\"]')",
              "time" : {
                "start" : 1716167409542,
                "stop" : 1716167409559,
                "duration" : 17
              },
              "status" : "passed",
              "steps" : [ ],
              "attachments" : [ ],
              "parameters" : [ ],
              "stepsCount" : 0,
              "attachmentsCount" : 0,
              "shouldDisplayMessage" : false,
              "hasContent" : false
            } ],
            "attachments" : [ ],
            "parameters" : [ {
              "name" : "locator",
              "value" : "('xpath', '//button[@data-test-active-link=\"Слова Королёвой\"]')"
            } ],
            "stepsCount" : 1,
            "attachmentsCount" : 0,
            "shouldDisplayMessage" : false,
            "hasContent" : true
          } ],
          "attachments" : [ ],
          "parameters" : [ ],
          "stepsCount" : 2,
          "attachmentsCount" : 0,
          "shouldDisplayMessage" : false,
          "hasContent" : true
        } ],
        "attachments" : [ ],
        "parameters" : [ ],
        "stepsCount" : 3,
        "attachmentsCount" : 0,
        "shouldDisplayMessage" : false,
        "hasContent" : true
      } ],
      "attachments" : [ ],
      "parameters" : [ {
        "name" : "selector_for_sub_group",
        "value" : "('xpath', '//button[@data-test-active-link=\"Слова Королёвой\"]')"
      } ],
      "stepsCount" : 15,
      "attachmentsCount" : 0,
      "shouldDisplayMessage" : false,
      "hasContent" : true
    }, {
      "name" : "Get seria ID from URL: https://brainup.site/groups/2/series/17",
      "time" : {
        "start" : 1716167409592,
        "stop" : 1716167410605,
        "duration" : 1013
      },
      "status" : "passed",
      "steps" : [ {
        "name" : "Wait until url to be: https://brainup.site/groups/2/series/17.",
        "time" : {
          "start" : 1716167409592,
          "stop" : 1716167410602,
          "duration" : 1010
        },
        "status" : "passed",
        "steps" : [ ],
        "attachments" : [ ],
        "parameters" : [ ],
        "stepsCount" : 0,
        "attachmentsCount" : 0,
        "shouldDisplayMessage" : false,
        "hasContent" : false
      } ],
      "attachments" : [ ],
      "parameters" : [ ],
      "stepsCount" : 1,
      "attachmentsCount" : 0,
      "shouldDisplayMessage" : false,
      "hasContent" : true
    }, {
      "name" : "click_random_card",
      "time" : {
        "start" : 1716167410605,
        "stop" : 1716167410776,
        "duration" : 171
      },
      "status" : "passed",
      "steps" : [ {
        "name" : "Check elements are present: ('xpath', '//div[contains(@class, \"series-container\")]//a/div/div')",
        "time" : {
          "start" : 1716167410605,
          "stop" : 1716167410614,
          "duration" : 9
        },
        "status" : "passed",
        "steps" : [ ],
        "attachments" : [ ],
        "parameters" : [ ],
        "stepsCount" : 0,
        "attachmentsCount" : 0,
        "shouldDisplayMessage" : false,
        "hasContent" : false
      }, {
        "name" : "Getting list cards: ['1 слово из 2..4 (1)', '1 слово из 2..4 (2)', '1 слово из 2..4 (3)', '1 слово из 2..4 (4)', '1 слово из 2..4 (5)', '1 слово из 2..4 (6)', '1 слово из 6', '2 слова из 4', '3 слова из 6', '2 слова из 6']",
        "time" : {
          "start" : 1716167410671,
          "stop" : 1716167410671,
          "duration" : 0
        },
        "status" : "passed",
        "steps" : [ ],
        "attachments" : [ ],
        "parameters" : [ ],
        "stepsCount" : 0,
        "attachmentsCount" : 0,
        "shouldDisplayMessage" : false,
        "hasContent" : false
      }, {
        "name" : "Select random id from list of cards. \nCard ID in list is:, 4",
        "time" : {
          "start" : 1716167410671,
          "stop" : 1716167410671,
          "duration" : 0
        },
        "status" : "passed",
        "steps" : [ ],
        "attachments" : [ ],
        "parameters" : [ ],
        "stepsCount" : 0,
        "attachmentsCount" : 0,
        "shouldDisplayMessage" : false,
        "hasContent" : false
      }, {
        "name" : "Check elements are present: ('xpath', '//div[contains(@class, \"series-container\")]//a/div/div')",
        "time" : {
          "start" : 1716167410671,
          "stop" : 1716167410676,
          "duration" : 5
        },
        "status" : "passed",
        "steps" : [ ],
        "attachments" : [ ],
        "parameters" : [ ],
        "stepsCount" : 0,
        "attachmentsCount" : 0,
        "shouldDisplayMessage" : false,
        "hasContent" : false
      }, {
        "name" : "Selected card is: 1 слово из 2..4 (4)",
        "time" : {
          "start" : 1716167410693,
          "stop" : 1716167410770,
          "duration" : 77
        },
        "status" : "passed",
        "steps" : [ {
          "name" : "Go to element: <selenium.webdriver.remote.webelement.WebElement (session=\"29d03f72a3861d632e60bde37b57d259\", element=\"f.778E9F3359D479C727F86B390C9019ED.d.BEF74C483B2221ADA62114EFFBBA473F.e.86\")>",
          "time" : {
            "start" : 1716167410693,
            "stop" : 1716167410697,
            "duration" : 4
          },
          "status" : "passed",
          "steps" : [ ],
          "attachments" : [ ],
          "parameters" : [ ],
          "stepsCount" : 0,
          "attachmentsCount" : 0,
          "shouldDisplayMessage" : false,
          "hasContent" : false
        } ],
        "attachments" : [ ],
        "parameters" : [ ],
        "stepsCount" : 1,
        "attachmentsCount" : 0,
        "shouldDisplayMessage" : false,
        "hasContent" : true
      } ],
      "attachments" : [ ],
      "parameters" : [ ],
      "stepsCount" : 6,
      "attachmentsCount" : 0,
      "shouldDisplayMessage" : false,
      "hasContent" : true
    }, {
      "name" : "get_random_id_from_list_sub_group_default",
      "time" : {
        "start" : 1716167410776,
        "stop" : 1716167412098,
        "duration" : 1322
      },
      "status" : "passed",
      "steps" : [ {
        "name" : "Status code is: 200",
        "time" : {
          "start" : 1716167412097,
          "stop" : 1716167412097,
          "duration" : 0
        },
        "status" : "passed",
        "steps" : [ ],
        "attachments" : [ ],
        "parameters" : [ ],
        "stepsCount" : 0,
        "attachmentsCount" : 0,
        "shouldDisplayMessage" : false,
        "hasContent" : false
      }, {
        "name" : "Send GET request with params: https://brainup.site/api/subgroups?seriesId=17headers=\"Content-Type\": \"application/json\",\"Authorization\": \"Bearer\": \"{id_token_default}\"",
        "time" : {
          "start" : 1716167412097,
          "stop" : 1716167412097,
          "duration" : 0
        },
        "status" : "passed",
        "steps" : [ ],
        "attachments" : [ ],
        "parameters" : [ ],
        "stepsCount" : 0,
        "attachmentsCount" : 0,
        "shouldDisplayMessage" : false,
        "hasContent" : false
      }, {
        "name" : "Getting list of cards id: {'data': [{'seriesId': 17, 'id': 115, 'level': 1, 'name': '1 слово из 2..4 (1)', 'pictureUrl': 'https://brnup.s3.eu-north-1.amazonaws.com/pictures/theme/koroleva_words_first_1.svg', 'description': '1я группа слов: по одному', 'withPictures': False, 'exercises': [1905, 1906, 1907, 1908, 1909]}, {'seriesId': 17, 'id': 116, 'level': 2, 'name': '1 слово из 2..4 (2)', 'pictureUrl': 'https://brnup.s3.eu-north-1.amazonaws.com/pictures/theme/koroleva_words_first_2.svg', 'description': '2я группа слов: по одному', 'withPictures': False, 'exercises': [1910, 1911, 1912, 1913, 1914]}, {'seriesId': 17, 'id': 117, 'level': 3, 'name': '1 слово из 2..4 (3)', 'pictureUrl': 'https://brnup.s3.eu-north-1.amazonaws.com/pictures/theme/koroleva_words_first_3.svg', 'description': '3я группа слов: по одному', 'withPictures': False, 'exercises': [1915, 1916, 1917, 1918, 1919]}, {'seriesId': 17, 'id': 118, 'level': 4, 'name': '1 слово из 2..4 (4)', 'pictureUrl': 'https://brnup.s3.eu-north-1.amazonaws.com/pictures/theme/koroleva_words_first_4.svg', 'description': '4я группа слов: по одному', 'withPictures': False, 'exercises': [1920, 1921, 1922, 1923, 1924]}, {'seriesId': 17, 'id': 119, 'level': 5, 'name': '1 слово из 2..4 (5)', 'pictureUrl': 'https://brnup.s3.eu-north-1.amazonaws.com/pictures/theme/koroleva_words_first_5.svg', 'description': '5я группа слов: по одному', 'withPictures': False, 'exercises': [1925, 1926, 1927, 1928, 1929]}, {'seriesId': 17, 'id': 120, 'level': 6, 'name': '1 слово из 2..4 (6)', 'pictureUrl': 'https://brnup.s3.eu-north-1.amazonaws.com/pictures/theme/koroleva_words_first_6.svg', 'description': '6я группа слов: по одному', 'withPictures': False, 'exercises': [1930, 1931, 1932, 1933, 1934]}, {'seriesId': 17, 'id': 121, 'level': 20, 'name': '1 слово из 6', 'pictureUrl': 'https://brnup.s3.eu-north-1.amazonaws.com/pictures/theme/koroleva_words_second_1_4.svg', 'description': 'Одно слово из 6', 'withPictures': False, 'exercises': [1935, 1936, 1937, 1938, 1939, 1940]}, {'seriesId': 17, 'id': 122, 'level': 21, 'name': '2 слова из 4', 'pictureUrl': 'https://brnup.s3.eu-north-1.amazonaws.com/pictures/theme/koroleva_words_second_2_4.svg', 'description': 'Два слово из 4', 'withPictures': False, 'exercises': [1941, 1942, 1943, 1944, 1945, 1946]}, {'seriesId': 17, 'id': 124, 'level': 21, 'name': '3 слова из 6', 'pictureUrl': 'https://brnup.s3.eu-north-1.amazonaws.com/pictures/theme/koroleva_words_second_3_6.svg', 'description': 'Три слово из 6', 'withPictures': False, 'exercises': [1954, 1958, 1953, 1956, 1957, 1955, 1974, 1975, 1976, 1977]}, {'seriesId': 17, 'id': 123, 'level': 21, 'name': '2 слова из 6', 'pictureUrl': 'https://brnup.s3.eu-north-1.amazonaws.com/pictures/theme/koroleva_words_second_2_6.svg', 'description': 'Два слово из 6', 'withPictures': False, 'exercises': [1947, 1948, 1949, 1950, 1951, 1952, 1959, 1960, 1961, 1962, 1963, 1964, 1965, 1966, 1967, 1968, 1969, 1970, 1971, 1972, 1973]}], 'errors': [], 'meta': []}",
        "time" : {
          "start" : 1716167412097,
          "stop" : 1716167412097,
          "duration" : 0
        },
        "status" : "passed",
        "steps" : [ ],
        "attachments" : [ ],
        "parameters" : [ ],
        "stepsCount" : 0,
        "attachmentsCount" : 0,
        "shouldDisplayMessage" : false,
        "hasContent" : false
      }, {
        "name" : "Select random id from list: 1921",
        "time" : {
          "start" : 1716167412097,
          "stop" : 1716167412097,
          "duration" : 0
        },
        "status" : "passed",
        "steps" : [ ],
        "attachments" : [ ],
        "parameters" : [ ],
        "stepsCount" : 0,
        "attachmentsCount" : 0,
        "shouldDisplayMessage" : false,
        "hasContent" : false
      } ],
      "attachments" : [ ],
      "parameters" : [ {
        "name" : "card_id",
        "value" : "3"
      }, {
        "name" : "seria_id",
        "value" : "'17'"
      } ],
      "stepsCount" : 4,
      "attachmentsCount" : 0,
      "shouldDisplayMessage" : false,
      "hasContent" : true
    }, {
      "name" : "get_random_id_from_payloads",
      "time" : {
        "start" : 1716167412098,
        "stop" : 1716167413229,
        "duration" : 1131
      },
      "status" : "passed",
      "steps" : [ ],
      "attachments" : [ ],
      "parameters" : [ {
        "name" : "payloads",
        "value" : "{'ids': [1920, 1921, 1922, 1923, 1924]}"
      } ],
      "stepsCount" : 0,
      "attachmentsCount" : 0,
      "shouldDisplayMessage" : false,
      "hasContent" : true
    }, {
      "name" : "click_start_and_get_list_words_ru",
      "time" : {
        "start" : 1716167413582,
        "stop" : 1716167418022,
        "duration" : 4440
      },
      "status" : "passed",
      "steps" : [ {
        "name" : "Click button \"Start\".",
        "time" : {
          "start" : 1716167413582,
          "stop" : 1716167417804,
          "duration" : 4222
        },
        "status" : "passed",
        "steps" : [ {
          "name" : "Check element is visible and clickable: ('xpath', '//button[@aria-label=\"Начать выполнение упражнения\"]')",
          "time" : {
            "start" : 1716167413582,
            "stop" : 1716167417727,
            "duration" : 4145
          },
          "status" : "passed",
          "steps" : [ {
            "name" : "Check element is clickable",
            "time" : {
              "start" : 1716167417709,
              "stop" : 1716167417727,
              "duration" : 18
            },
            "status" : "passed",
            "steps" : [ {
              "name" : "Check element is clickable: ('xpath', '//button[@aria-label=\"Начать выполнение упражнения\"]')",
              "time" : {
                "start" : 1716167417709,
                "stop" : 1716167417727,
                "duration" : 18
              },
              "status" : "passed",
              "steps" : [ ],
              "attachments" : [ ],
              "parameters" : [ ],
              "stepsCount" : 0,
              "attachmentsCount" : 0,
              "shouldDisplayMessage" : false,
              "hasContent" : false
            } ],
            "attachments" : [ ],
            "parameters" : [ {
              "name" : "locator",
              "value" : "('xpath', '//button[@aria-label=\"Начать выполнение упражнения\"]')"
            } ],
            "stepsCount" : 1,
            "attachmentsCount" : 0,
            "shouldDisplayMessage" : false,
            "hasContent" : true
          } ],
          "attachments" : [ ],
          "parameters" : [ ],
          "stepsCount" : 2,
          "attachmentsCount" : 0,
          "shouldDisplayMessage" : false,
          "hasContent" : true
        } ],
        "attachments" : [ ],
        "parameters" : [ ],
        "stepsCount" : 3,
        "attachmentsCount" : 0,
        "shouldDisplayMessage" : false,
        "hasContent" : true
      }, {
        "name" : "Check elements are visible: ('xpath', '//li[@class=\"task-player__option flex\"]')",
        "time" : {
          "start" : 1716167417804,
          "stop" : 1716167417831,
          "duration" : 27
        },
        "status" : "passed",
        "steps" : [ ],
        "attachments" : [ ],
        "parameters" : [ ],
        "stepsCount" : 0,
        "attachmentsCount" : 0,
        "shouldDisplayMessage" : false,
        "hasContent" : false
      }, {
        "name" : "Getting a list of exercise words from the front: ['пульт', 'компьютер']",
        "time" : {
          "start" : 1716167417846,
          "stop" : 1716167417847,
          "duration" : 1
        },
        "status" : "passed",
        "steps" : [ ],
        "attachments" : [ ],
        "parameters" : [ ],
        "stepsCount" : 0,
        "attachmentsCount" : 0,
        "shouldDisplayMessage" : false,
        "hasContent" : false
      }, {
        "name" : "Click button \"Повторить\".",
        "time" : {
          "start" : 1716167417847,
          "stop" : 1716167417923,
          "duration" : 76
        },
        "status" : "passed",
        "steps" : [ {
          "name" : "Check element is visible and clickable: ('xpath', '//*[text()=\"Повторить\"]')",
          "time" : {
            "start" : 1716167417847,
            "stop" : 1716167417891,
            "duration" : 44
          },
          "status" : "passed",
          "steps" : [ {
            "name" : "Check element is clickable",
            "time" : {
              "start" : 1716167417873,
              "stop" : 1716167417891,
              "duration" : 18
            },
            "status" : "passed",
            "steps" : [ {
              "name" : "Check element is clickable: ('xpath', '//*[text()=\"Повторить\"]')",
              "time" : {
                "start" : 1716167417873,
                "stop" : 1716167417891,
                "duration" : 18
              },
              "status" : "passed",
              "steps" : [ ],
              "attachments" : [ ],
              "parameters" : [ ],
              "stepsCount" : 0,
              "attachmentsCount" : 0,
              "shouldDisplayMessage" : false,
              "hasContent" : false
            } ],
            "attachments" : [ ],
            "parameters" : [ {
              "name" : "locator",
              "value" : "('xpath', '//*[text()=\"Повторить\"]')"
            } ],
            "stepsCount" : 1,
            "attachmentsCount" : 0,
            "shouldDisplayMessage" : false,
            "hasContent" : true
          } ],
          "attachments" : [ ],
          "parameters" : [ ],
          "stepsCount" : 2,
          "attachmentsCount" : 0,
          "shouldDisplayMessage" : false,
          "hasContent" : true
        } ],
        "attachments" : [ ],
        "parameters" : [ ],
        "stepsCount" : 3,
        "attachmentsCount" : 0,
        "shouldDisplayMessage" : false,
        "hasContent" : true
      }, {
        "name" : "Click button \"Решать\".",
        "time" : {
          "start" : 1716167417923,
          "stop" : 1716167418022,
          "duration" : 99
        },
        "status" : "passed",
        "steps" : [ {
          "name" : "Check element is visible and clickable: ('xpath', '//*[text()=\"Решать\"]')",
          "time" : {
            "start" : 1716167417923,
            "stop" : 1716167417993,
            "duration" : 70
          },
          "status" : "passed",
          "steps" : [ {
            "name" : "Check element is clickable",
            "time" : {
              "start" : 1716167417966,
              "stop" : 1716167417993,
              "duration" : 27
            },
            "status" : "passed",
            "steps" : [ {
              "name" : "Check element is clickable: ('xpath', '//*[text()=\"Решать\"]')",
              "time" : {
                "start" : 1716167417966,
                "stop" : 1716167417993,
                "duration" : 27
              },
              "status" : "passed",
              "steps" : [ ],
              "attachments" : [ ],
              "parameters" : [ ],
              "stepsCount" : 0,
              "attachmentsCount" : 0,
              "shouldDisplayMessage" : false,
              "hasContent" : false
            } ],
            "attachments" : [ ],
            "parameters" : [ {
              "name" : "locator",
              "value" : "('xpath', '//*[text()=\"Решать\"]')"
            } ],
            "stepsCount" : 1,
            "attachmentsCount" : 0,
            "shouldDisplayMessage" : false,
            "hasContent" : true
          } ],
          "attachments" : [ ],
          "parameters" : [ ],
          "stepsCount" : 2,
          "attachmentsCount" : 0,
          "shouldDisplayMessage" : false,
          "hasContent" : true
        } ],
        "attachments" : [ ],
        "parameters" : [ ],
        "stepsCount" : 3,
        "attachmentsCount" : 0,
        "shouldDisplayMessage" : false,
        "hasContent" : true
      } ],
      "attachments" : [ ],
      "parameters" : [ ],
      "stepsCount" : 14,
      "attachmentsCount" : 0,
      "shouldDisplayMessage" : false,
      "hasContent" : true
    }, {
      "name" : "get_correct_answer",
      "time" : {
        "start" : 1716167418022,
        "stop" : 1716167479630,
        "duration" : 61608
      },
      "status" : "broken",
      "statusMessage" : "selenium.common.exceptions.TimeoutException: Message: Can't find element by locator ('xpath', '//h3[@class=\"mt-6 mb-6 text-2xl font-semibold\"]')\nStacktrace:\n#0 0x55bcd3b5feca <unknown>\n#1 0x55bcd384945c <unknown>\n#2 0x55bcd38955b5 <unknown>\n#3 0x55bcd3895671 <unknown>\n#4 0x55bcd38d9f14 <unknown>\n#5 0x55bcd38b84dd <unknown>\n#6 0x55bcd38d72cc <unknown>\n#7 0x55bcd38b8253 <unknown>\n#8 0x55bcd38881c7 <unknown>\n#9 0x55bcd3888b3e <unknown>\n#10 0x55bcd3b2630b <unknown>\n#11 0x55bcd3b2a3b7 <unknown>\n#12 0x55bcd3b12e3e <unknown>\n#13 0x55bcd3b2ae82 <unknown>\n#14 0x55bcd3af77df <unknown>\n#15 0x55bcd3b4f1b8 <unknown>\n#16 0x55bcd3b4f38b <unknown>\n#17 0x55bcd3b5effc <unknown>\n#18 0x7f6a44c94ac3 <unknown>\n\n",
      "statusTrace" : "  File \"/opt/hostedtoolcache/Python/3.12.3/x64/lib/python3.12/site-packages/allure_commons/_allure.py\", line 192, in impl\n    return func(*a, **kw)\n           ^^^^^^^^^^^^^^\n  File \"/home/runner/work/auto-tests-python/auto-tests-python/pages/speech_exercises_page_ru.py\", line 155, in get_correct_answer\n    message = self.element_is_present(self.locators.SpeechExercisesPageLocators.CONGRATULATION_MESSAGE)\n              ^^^^^^^^^^^^^^^^^^^^^^^^^^^^^^^^^^^^^^^^^^^^^^^^^^^^^^^^^^^^^^^^^^^^^^^^^^^^^^^^^^^^^^^^^\n  File \"/home/runner/work/auto-tests-python/auto-tests-python/pages/base_page.py\", line 55, in element_is_present\n    return Wait(self.driver, self.timeout).until(\n           ^^^^^^^^^^^^^^^^^^^^^^^^^^^^^^^^^^^^^^\n  File \"/opt/hostedtoolcache/Python/3.12.3/x64/lib/python3.12/site-packages/selenium/webdriver/support/wait.py\", line 95, in until\n    raise TimeoutException(message, screen, stacktrace)\n",
      "steps" : [ {
        "name" : "Check element is present: ('xpath', '//body[@data-correct-answer]')",
        "time" : {
          "start" : 1716167419023,
          "stop" : 1716167419038,
          "duration" : 15
        },
        "status" : "passed",
        "steps" : [ ],
        "attachments" : [ ],
        "parameters" : [ ],
        "stepsCount" : 0,
        "attachmentsCount" : 0,
        "shouldDisplayMessage" : false,
        "hasContent" : false
      }, {
        "name" : "Check element is present: ('xpath', '//body[@data-correct-answer]')",
        "time" : {
          "start" : 1716167419038,
          "stop" : 1716167419043,
          "duration" : 5
        },
        "status" : "passed",
        "steps" : [ ],
        "attachments" : [ ],
        "parameters" : [ ],
        "stepsCount" : 0,
        "attachmentsCount" : 0,
        "shouldDisplayMessage" : false,
        "hasContent" : false
      }, {
        "name" : "Check element is visible and clickable: ('xpath', '//*[text()=\"компьютер\"]')",
        "time" : {
          "start" : 1716167419055,
          "stop" : 1716167439338,
          "duration" : 20283
        },
        "status" : "broken",
        "statusMessage" : "selenium.common.exceptions.TimeoutException: Message: Can't find element by locator ('xpath', '//*[text()=\"компьютер\"]')\n\n",
        "statusTrace" : "  File \"/home/runner/work/auto-tests-python/auto-tests-python/pages/base_page.py\", line 34, in element_is_present_and_clickable\n    self.element_is_clickable(locator))\n    ^^^^^^^^^^^^^^^^^^^^^^^^^^^^^^^^^^\n  File \"/opt/hostedtoolcache/Python/3.12.3/x64/lib/python3.12/site-packages/allure_commons/_allure.py\", line 192, in impl\n    return func(*a, **kw)\n           ^^^^^^^^^^^^^^\n  File \"/home/runner/work/auto-tests-python/auto-tests-python/pages/base_page.py\", line 66, in element_is_clickable\n    return Wait(self.driver, self.timeout).until(\n           ^^^^^^^^^^^^^^^^^^^^^^^^^^^^^^^^^^^^^^\n  File \"/opt/hostedtoolcache/Python/3.12.3/x64/lib/python3.12/site-packages/selenium/webdriver/support/wait.py\", line 95, in until\n    raise TimeoutException(message, screen, stacktrace)\n",
        "steps" : [ {
          "name" : "Check element is clickable",
          "time" : {
            "start" : 1716167419071,
            "stop" : 1716167439338,
            "duration" : 20267
          },
          "status" : "broken",
          "statusMessage" : "selenium.common.exceptions.TimeoutException: Message: Can't find element by locator ('xpath', '//*[text()=\"компьютер\"]')\n\n",
          "statusTrace" : "  File \"/opt/hostedtoolcache/Python/3.12.3/x64/lib/python3.12/site-packages/allure_commons/_allure.py\", line 192, in impl\n    return func(*a, **kw)\n           ^^^^^^^^^^^^^^\n  File \"/home/runner/work/auto-tests-python/auto-tests-python/pages/base_page.py\", line 66, in element_is_clickable\n    return Wait(self.driver, self.timeout).until(\n           ^^^^^^^^^^^^^^^^^^^^^^^^^^^^^^^^^^^^^^\n  File \"/opt/hostedtoolcache/Python/3.12.3/x64/lib/python3.12/site-packages/selenium/webdriver/support/wait.py\", line 95, in until\n    raise TimeoutException(message, screen, stacktrace)\n",
          "steps" : [ {
            "name" : "Check element is clickable: ('xpath', '//*[text()=\"компьютер\"]')",
            "time" : {
              "start" : 1716167419071,
              "stop" : 1716167439338,
              "duration" : 20267
            },
            "status" : "broken",
            "statusMessage" : "selenium.common.exceptions.TimeoutException: Message: Can't find element by locator ('xpath', '//*[text()=\"компьютер\"]')\n\n",
            "statusTrace" : "  File \"/home/runner/work/auto-tests-python/auto-tests-python/pages/base_page.py\", line 66, in element_is_clickable\n    return Wait(self.driver, self.timeout).until(\n           ^^^^^^^^^^^^^^^^^^^^^^^^^^^^^^^^^^^^^^\n  File \"/opt/hostedtoolcache/Python/3.12.3/x64/lib/python3.12/site-packages/selenium/webdriver/support/wait.py\", line 95, in until\n    raise TimeoutException(message, screen, stacktrace)\n",
            "steps" : [ ],
            "attachments" : [ ],
            "parameters" : [ ],
            "stepsCount" : 0,
            "attachmentsCount" : 0,
            "shouldDisplayMessage" : true,
            "hasContent" : true
          } ],
          "attachments" : [ ],
          "parameters" : [ {
            "name" : "locator",
            "value" : "('xpath', '//*[text()=\"компьютер\"]')"
          } ],
          "stepsCount" : 1,
          "attachmentsCount" : 0,
          "shouldDisplayMessage" : false,
          "hasContent" : true
        } ],
        "attachments" : [ ],
        "parameters" : [ ],
        "stepsCount" : 2,
        "attachmentsCount" : 0,
        "shouldDisplayMessage" : false,
        "hasContent" : true
      }, {
        "name" : "Check element is visible and clickable: ('xpath', '//*[text()=\"компьютер\"]')",
        "time" : {
          "start" : 1716167439339,
          "stop" : 1716167459619,
          "duration" : 20280
        },
        "status" : "broken",
        "statusMessage" : "selenium.common.exceptions.TimeoutException: Message: Can't find element by locator ('xpath', '//*[text()=\"компьютер\"]')\n\n",
        "statusTrace" : "  File \"/home/runner/work/auto-tests-python/auto-tests-python/pages/base_page.py\", line 34, in element_is_present_and_clickable\n    self.element_is_clickable(locator))\n    ^^^^^^^^^^^^^^^^^^^^^^^^^^^^^^^^^^\n  File \"/opt/hostedtoolcache/Python/3.12.3/x64/lib/python3.12/site-packages/allure_commons/_allure.py\", line 192, in impl\n    return func(*a, **kw)\n           ^^^^^^^^^^^^^^\n  File \"/home/runner/work/auto-tests-python/auto-tests-python/pages/base_page.py\", line 66, in element_is_clickable\n    return Wait(self.driver, self.timeout).until(\n           ^^^^^^^^^^^^^^^^^^^^^^^^^^^^^^^^^^^^^^\n  File \"/opt/hostedtoolcache/Python/3.12.3/x64/lib/python3.12/site-packages/selenium/webdriver/support/wait.py\", line 95, in until\n    raise TimeoutException(message, screen, stacktrace)\n",
        "steps" : [ {
          "name" : "Check element is clickable",
          "time" : {
            "start" : 1716167439352,
            "stop" : 1716167459618,
            "duration" : 20266
          },
          "status" : "broken",
          "statusMessage" : "selenium.common.exceptions.TimeoutException: Message: Can't find element by locator ('xpath', '//*[text()=\"компьютер\"]')\n\n",
          "statusTrace" : "  File \"/opt/hostedtoolcache/Python/3.12.3/x64/lib/python3.12/site-packages/allure_commons/_allure.py\", line 192, in impl\n    return func(*a, **kw)\n           ^^^^^^^^^^^^^^\n  File \"/home/runner/work/auto-tests-python/auto-tests-python/pages/base_page.py\", line 66, in element_is_clickable\n    return Wait(self.driver, self.timeout).until(\n           ^^^^^^^^^^^^^^^^^^^^^^^^^^^^^^^^^^^^^^\n  File \"/opt/hostedtoolcache/Python/3.12.3/x64/lib/python3.12/site-packages/selenium/webdriver/support/wait.py\", line 95, in until\n    raise TimeoutException(message, screen, stacktrace)\n",
          "steps" : [ {
            "name" : "Check element is clickable: ('xpath', '//*[text()=\"компьютер\"]')",
            "time" : {
              "start" : 1716167439352,
              "stop" : 1716167459618,
              "duration" : 20266
            },
            "status" : "broken",
            "statusMessage" : "selenium.common.exceptions.TimeoutException: Message: Can't find element by locator ('xpath', '//*[text()=\"компьютер\"]')\n\n",
            "statusTrace" : "  File \"/home/runner/work/auto-tests-python/auto-tests-python/pages/base_page.py\", line 66, in element_is_clickable\n    return Wait(self.driver, self.timeout).until(\n           ^^^^^^^^^^^^^^^^^^^^^^^^^^^^^^^^^^^^^^\n  File \"/opt/hostedtoolcache/Python/3.12.3/x64/lib/python3.12/site-packages/selenium/webdriver/support/wait.py\", line 95, in until\n    raise TimeoutException(message, screen, stacktrace)\n",
            "steps" : [ ],
            "attachments" : [ ],
            "parameters" : [ ],
            "stepsCount" : 0,
            "attachmentsCount" : 0,
            "shouldDisplayMessage" : true,
            "hasContent" : true
          } ],
          "attachments" : [ ],
          "parameters" : [ {
            "name" : "locator",
            "value" : "('xpath', '//*[text()=\"компьютер\"]')"
          } ],
          "stepsCount" : 1,
          "attachmentsCount" : 0,
          "shouldDisplayMessage" : false,
          "hasContent" : true
        } ],
        "attachments" : [ ],
        "parameters" : [ ],
        "stepsCount" : 2,
        "attachmentsCount" : 0,
        "shouldDisplayMessage" : false,
        "hasContent" : true
      }, {
        "name" : "Check element is present: ('xpath', '//h3[@class=\"mt-6 mb-6 text-2xl font-semibold\"]')",
        "time" : {
          "start" : 1716167459619,
          "stop" : 1716167479630,
          "duration" : 20011
        },
        "status" : "broken",
        "statusMessage" : "selenium.common.exceptions.TimeoutException: Message: Can't find element by locator ('xpath', '//h3[@class=\"mt-6 mb-6 text-2xl font-semibold\"]')\nStacktrace:\n#0 0x55bcd3b5feca <unknown>\n#1 0x55bcd384945c <unknown>\n#2 0x55bcd38955b5 <unknown>\n#3 0x55bcd3895671 <unknown>\n#4 0x55bcd38d9f14 <unknown>\n#5 0x55bcd38b84dd <unknown>\n#6 0x55bcd38d72cc <unknown>\n#7 0x55bcd38b8253 <unknown>\n#8 0x55bcd38881c7 <unknown>\n#9 0x55bcd3888b3e <unknown>\n#10 0x55bcd3b2630b <unknown>\n#11 0x55bcd3b2a3b7 <unknown>\n#12 0x55bcd3b12e3e <unknown>\n#13 0x55bcd3b2ae82 <unknown>\n#14 0x55bcd3af77df <unknown>\n#15 0x55bcd3b4f1b8 <unknown>\n#16 0x55bcd3b4f38b <unknown>\n#17 0x55bcd3b5effc <unknown>\n#18 0x7f6a44c94ac3 <unknown>\n\n",
        "statusTrace" : "  File \"/home/runner/work/auto-tests-python/auto-tests-python/pages/base_page.py\", line 55, in element_is_present\n    return Wait(self.driver, self.timeout).until(\n           ^^^^^^^^^^^^^^^^^^^^^^^^^^^^^^^^^^^^^^\n  File \"/opt/hostedtoolcache/Python/3.12.3/x64/lib/python3.12/site-packages/selenium/webdriver/support/wait.py\", line 95, in until\n    raise TimeoutException(message, screen, stacktrace)\n",
        "steps" : [ ],
        "attachments" : [ ],
        "parameters" : [ ],
        "stepsCount" : 0,
        "attachmentsCount" : 0,
        "shouldDisplayMessage" : true,
        "hasContent" : true
      } ],
      "attachments" : [ ],
      "parameters" : [ ],
      "stepsCount" : 9,
      "attachmentsCount" : 0,
      "shouldDisplayMessage" : false,
      "hasContent" : true
    } ],
    "attachments" : [ {
      "uid" : "5817ea8875da139d",
      "name" : "Screenshot",
      "source" : "5817ea8875da139d.png",
      "type" : "image/png",
      "size" : 35970
    }, {
      "uid" : "7161b4644eefe95f",
      "name" : "HTML source",
      "source" : "7161b4644eefe95f.html",
      "type" : "text/html",
      "size" : 44560
    } ],
    "parameters" : [ ],
    "stepsCount" : 68,
    "attachmentsCount" : 2,
    "shouldDisplayMessage" : true,
    "hasContent" : true
  },
  "afterStages" : [ {
    "name" : "driver::0",
    "time" : {
      "start" : 1716167479794,
      "stop" : 1716167479984,
      "duration" : 190
    },
    "status" : "passed",
    "steps" : [ ],
    "attachments" : [ {
      "uid" : "9d3104f185442f8d",
      "name" : "Screenshot 2024-05-20 01:11:19.915678",
      "source" : "9d3104f185442f8d.png",
      "type" : "image/png",
      "size" : 35970
    } ],
    "parameters" : [ ],
    "stepsCount" : 0,
    "attachmentsCount" : 1,
    "shouldDisplayMessage" : false,
    "hasContent" : true
  } ],
  "labels" : [ {
    "name" : "epic",
    "value" : "Speech exercises."
  }, {
    "name" : "suite",
    "value" : "Речевые упражнения."
  }, {
    "name" : "tag",
    "value" : "@pytest.mark.xfail"
  }, {
    "name" : "parentSuite",
    "value" : "tests"
  }, {
    "name" : "subSuite",
    "value" : "TestCardsRU"
  }, {
    "name" : "host",
    "value" : "fv-az1771-760"
  }, {
    "name" : "thread",
    "value" : "2298-MainThread"
  }, {
    "name" : "framework",
    "value" : "pytest"
  }, {
    "name" : "language",
    "value" : "cpython3"
  }, {
    "name" : "package",
    "value" : "tests.test_speech_exercises_ru"
  }, {
    "name" : "resultFormat",
    "value" : "allure2"
  } ],
  "parameters" : [ ],
  "links" : [ ],
  "hidden" : false,
  "retry" : false,
  "extra" : {
    "severity" : "normal",
    "retries" : [ ],
    "categories" : [ ],
    "history" : {
      "statistic" : {
        "failed" : 0,
        "broken" : 0,
        "skipped" : 5,
        "passed" : 0,
        "unknown" : 0,
        "total" : 5
      },
      "items" : [ {
        "uid" : "a9328b1b81569529",
        "reportUrl" : "https://lambotik.github.io/auto-tests-python/7//#testresult/a9328b1b81569529",
        "status" : "skipped",
        "statusDetails" : "XFAIL\n\nselenium.common.exceptions.TimeoutException: Message: Can't find element by locator ('xpath', '//h3[@class=\"mt-6 mb-6 text-2xl font-semibold\"]')\nStacktrace:\n#0 0x55e3aacb1eca <unknown>\n#1 0x55e3aa99b45c <unknown>\n#2 0x55e3aa9e75b5 <unknown>\n#3 0x55e3aa9e7671 <unknown>\n#4 0x55e3aaa2bf14 <unknown>\n#5 0x55e3aaa0a4dd <unknown>\n#6 0x55e3aaa292cc <unknown>\n#7 0x55e3aaa0a253 <unknown>\n#8 0x55e3aa9da1c7 <unknown>\n#9 0x55e3aa9dab3e <unknown>\n#10 0x55e3aac7830b <unknown>\n#11 0x55e3aac7c3b7 <unknown>\n#12 0x55e3aac64e3e <unknown>\n#13 0x55e3aac7ce82 <unknown>\n#14 0x55e3aac497df <unknown>\n#15 0x55e3aaca11b8 <unknown>\n#16 0x55e3aaca138b <unknown>\n#17 0x55e3aacb0ffc <unknown>\n#18 0x7efcae494ac3 <unknown>",
        "time" : {
          "start" : 1716081139715,
          "stop" : 1716081210033,
          "duration" : 70318
        }
      }, {
        "uid" : "aaa1082d9b98b3de",
        "reportUrl" : "https://lambotik.github.io/auto-tests-python/6//#testresult/aaa1082d9b98b3de",
        "status" : "skipped",
        "statusDetails" : "XFAIL\n\nselenium.common.exceptions.TimeoutException: Message: Can't find element by locator ('xpath', '//h3[@class=\"mt-6 mb-6 text-2xl font-semibold\"]')\nStacktrace:\n#0 0x563f7844feca <unknown>\n#1 0x563f7813945c <unknown>\n#2 0x563f781855b5 <unknown>\n#3 0x563f78185671 <unknown>\n#4 0x563f781c9f14 <unknown>\n#5 0x563f781a84dd <unknown>\n#6 0x563f781c72cc <unknown>\n#7 0x563f781a8253 <unknown>\n#8 0x563f781781c7 <unknown>\n#9 0x563f78178b3e <unknown>\n#10 0x563f7841630b <unknown>\n#11 0x563f7841a3b7 <unknown>\n#12 0x563f78402e3e <unknown>\n#13 0x563f7841ae82 <unknown>\n#14 0x563f783e77df <unknown>\n#15 0x563f7843f1b8 <unknown>\n#16 0x563f7843f38b <unknown>\n#17 0x563f7844effc <unknown>\n#18 0x7f2249894ac3 <unknown>",
        "time" : {
          "start" : 1715994538968,
          "stop" : 1715994613548,
          "duration" : 74580
        }
      }, {
        "uid" : "ec46d99be2bcae8b",
        "reportUrl" : "https://lambotik.github.io/auto-tests-python/5//#testresult/ec46d99be2bcae8b",
        "status" : "skipped",
        "statusDetails" : "XFAIL\n\nselenium.common.exceptions.TimeoutException: Message: Can't find element by locator ('xpath', '//h3[@class=\"mt-6 mb-6 text-2xl font-semibold\"]')\nStacktrace:\n#0 0x560f640e1eca <unknown>\n#1 0x560f63dcb45c <unknown>\n#2 0x560f63e175b5 <unknown>\n#3 0x560f63e17671 <unknown>\n#4 0x560f63e5bf14 <unknown>\n#5 0x560f63e3a4dd <unknown>\n#6 0x560f63e592cc <unknown>\n#7 0x560f63e3a253 <unknown>\n#8 0x560f63e0a1c7 <unknown>\n#9 0x560f63e0ab3e <unknown>\n#10 0x560f640a830b <unknown>\n#11 0x560f640ac3b7 <unknown>\n#12 0x560f64094e3e <unknown>\n#13 0x560f640ace82 <unknown>\n#14 0x560f640797df <unknown>\n#15 0x560f640d11b8 <unknown>\n#16 0x560f640d138b <unknown>\n#17 0x560f640e0ffc <unknown>\n#18 0x7f5f5a494ac3 <unknown>",
        "time" : {
          "start" : 1715908157229,
          "stop" : 1715908227772,
          "duration" : 70543
        }
      }, {
        "uid" : "4b2274310537346a",
        "reportUrl" : "https://lambotik.github.io/auto-tests-python/4//#testresult/4b2274310537346a",
        "status" : "skipped",
        "statusDetails" : "XFAIL\n\nselenium.common.exceptions.TimeoutException: Message: Can't find element by locator ('xpath', '//h3[@class=\"mt-6 mb-6 text-2xl font-semibold\"]')\nStacktrace:\n#0 0x564c99e77dc3 <unknown>\n#1 0x564c99b664e7 <unknown>\n#2 0x564c99bb135d <unknown>\n#3 0x564c99bb1411 <unknown>\n#4 0x564c99bf4774 <unknown>\n#5 0x564c99bd347d <unknown>\n#6 0x564c99bf1c29 <unknown>\n#7 0x564c99bd31f3 <unknown>\n#8 0x564c99ba428a <unknown>\n#9 0x564c99ba4c5e <unknown>\n#10 0x564c99e3c0eb <unknown>\n#11 0x564c99e4003b <unknown>\n#12 0x564c99e28201 <unknown>\n#13 0x564c99e40ba2 <unknown>\n#14 0x564c99e0d0bf <unknown>\n#15 0x564c99e66f18 <unknown>\n#16 0x564c99e670f0 <unknown>\n#17 0x564c99e76f14 <unknown>\n#18 0x7f888a094ac3 <unknown>",
        "time" : {
          "start" : 1715821613713,
          "stop" : 1715821686291,
          "duration" : 72578
        }
      } ]
    },
    "tags" : [ "@pytest.mark.xfail" ]
  },
  "source" : "21e01292d21186de.json",
  "parameterValues" : [ ]
}