{
  "uid" : "4cf38f3e35d39d71",
  "name" : "Check statistic table.",
  "fullName" : "tests.test_speech_exercises_ru.TestCardsRU#test_get_statistic_data",
  "historyId" : "15df626f86a935fbcd917f7ea4002a26",
  "time" : {
    "start" : 1727834285844,
    "stop" : 1727834307272,
    "duration" : 21428
  },
  "status" : "skipped",
  "statusMessage" : "XFAIL\n\nselenium.common.exceptions.TimeoutException: Message: Can't find elements by locator ('xpath', '//tbody/tr')",
  "statusTrace" : "self = <tests.test_speech_exercises_ru.TestCardsRU object at 0x7f85d2e81d00>\ndriver = <selenium.webdriver.chrome.webdriver.WebDriver (session=\"abd9ea89e2ae227e5952b81b149f8c37\")>\ndefault_user_authorized = None\n\n    @pytest.mark.xfail\n    @allure.suite('Statistic.')\n    @allure.title('Check statistic table.')\n    def test_get_statistic_data(self, driver, default_user_authorized):\n        page = SpeechExercisesPageRU(driver)\n>       table = page.get_statistic_data()\n\ntests/test_speech_exercises_ru.py:192: \n_ _ _ _ _ _ _ _ _ _ _ _ _ _ _ _ _ _ _ _ _ _ _ _ _ _ _ _ _ _ _ _ _ _ _ _ _ _ _ _ \npages/speech_exercises_page_ru.py:178: in get_statistic_data\n    lens = len(self.elements_are_present((By.XPATH, \"//tbody/tr\")))\npages/base_page.py:55: in elements_are_present\n    return Wait(self.driver, self.timeout).until(\n_ _ _ _ _ _ _ _ _ _ _ _ _ _ _ _ _ _ _ _ _ _ _ _ _ _ _ _ _ _ _ _ _ _ _ _ _ _ _ _ \n\nself = <selenium.webdriver.support.wait.WebDriverWait (session=\"abd9ea89e2ae227e5952b81b149f8c37\")>\nmethod = <function presence_of_all_elements_located.<locals>._predicate at 0x7f85d2b87240>\nmessage = \"Can't find elements by locator ('xpath', '//tbody/tr')\"\n\n    def until(self, method, message: str = \"\"):\n        \"\"\"Calls the method provided with the driver as an argument until the \\\n        return value does not evaluate to ``False``.\n    \n        :param method: callable(WebDriver)\n        :param message: optional message for :exc:`TimeoutException`\n        :returns: the result of the last call to `method`\n        :raises: :exc:`selenium.common.exceptions.TimeoutException` if timeout occurs\n        \"\"\"\n        screen = None\n        stacktrace = None\n    \n        end_time = time.monotonic() + self._timeout\n        while True:\n            try:\n                value = method(self._driver)\n                if value:\n                    return value\n            except self._ignored_exceptions as exc:\n                screen = getattr(exc, \"screen\", None)\n                stacktrace = getattr(exc, \"stacktrace\", None)\n            time.sleep(self._poll)\n            if time.monotonic() > end_time:\n                break\n>       raise TimeoutException(message, screen, stacktrace)\nE       selenium.common.exceptions.TimeoutException: Message: Can't find elements by locator ('xpath', '//tbody/tr')\n\n/opt/hostedtoolcache/Python/3.12.6/x64/lib/python3.12/site-packages/selenium/webdriver/support/wait.py:95: TimeoutException",
  "flaky" : false,
  "newFailed" : false,
  "beforeStages" : [ {
    "name" : "main_page_open",
    "time" : {
      "start" : 1727834279466,
      "stop" : 1727834282379,
      "duration" : 2913
    },
    "status" : "passed",
    "steps" : [ {
      "name" : "Open page: https://brainup.site/",
      "time" : {
        "start" : 1727834279467,
        "stop" : 1727834282379,
        "duration" : 2912
      },
      "status" : "passed",
      "steps" : [ ],
      "attachments" : [ ],
      "parameters" : [ {
        "name" : "driver",
        "value" : "<selenium.webdriver.chrome.webdriver.WebDriver (session=\"abd9ea89e2ae227e5952b81b149f8c37\")>"
      } ],
      "stepsCount" : 0,
      "attachmentsCount" : 0,
      "shouldDisplayMessage" : false,
      "hasContent" : true
    } ],
    "attachments" : [ ],
    "parameters" : [ ],
    "stepsCount" : 1,
    "attachmentsCount" : 0,
    "shouldDisplayMessage" : false,
    "hasContent" : true
  }, {
    "name" : "driver",
    "time" : {
      "start" : 1727834278697,
      "stop" : 1727834279466,
      "duration" : 769
    },
    "status" : "passed",
    "steps" : [ ],
    "attachments" : [ ],
    "parameters" : [ ],
    "stepsCount" : 0,
    "attachmentsCount" : 0,
    "shouldDisplayMessage" : false,
    "hasContent" : false
  }, {
    "name" : "default_user_authorized",
    "time" : {
      "start" : 1727834282379,
      "stop" : 1727834285843,
      "duration" : 3464
    },
    "status" : "passed",
    "steps" : [ {
      "name" : "DEFAULT user authorized",
      "time" : {
        "start" : 1727834282379,
        "stop" : 1727834285843,
        "duration" : 3464
      },
      "status" : "passed",
      "steps" : [ {
        "name" : "Check url is present: https://brainup.site/groups",
        "time" : {
          "start" : 1727834282793,
          "stop" : 1727834285819,
          "duration" : 3026
        },
        "status" : "passed",
        "steps" : [ ],
        "attachments" : [ ],
        "parameters" : [ ],
        "stepsCount" : 0,
        "attachmentsCount" : 0,
        "shouldDisplayMessage" : false,
        "hasContent" : false
      }, {
        "name" : "Loader checking",
        "time" : {
          "start" : 1727834285819,
          "stop" : 1727834285843,
          "duration" : 24
        },
        "status" : "passed",
        "steps" : [ ],
        "attachments" : [ ],
        "parameters" : [ ],
        "stepsCount" : 0,
        "attachmentsCount" : 0,
        "shouldDisplayMessage" : false,
        "hasContent" : false
      } ],
      "attachments" : [ ],
      "parameters" : [ {
        "name" : "driver",
        "value" : "<selenium.webdriver.chrome.webdriver.WebDriver (session=\"abd9ea89e2ae227e5952b81b149f8c37\")>"
      }, {
        "name" : "main_page_open",
        "value" : "None"
      } ],
      "stepsCount" : 2,
      "attachmentsCount" : 0,
      "shouldDisplayMessage" : false,
      "hasContent" : true
    } ],
    "attachments" : [ ],
    "parameters" : [ ],
    "stepsCount" : 3,
    "attachmentsCount" : 0,
    "shouldDisplayMessage" : false,
    "hasContent" : true
  }, {
    "name" : "clear_allure_results_folder",
    "time" : {
      "start" : 1727833312629,
      "stop" : 1727833312629,
      "duration" : 0
    },
    "status" : "passed",
    "steps" : [ ],
    "attachments" : [ ],
    "parameters" : [ ],
    "stepsCount" : 0,
    "attachmentsCount" : 0,
    "shouldDisplayMessage" : false,
    "hasContent" : false
  } ],
  "testStage" : {
    "status" : "skipped",
    "statusMessage" : "XFAIL\n\nselenium.common.exceptions.TimeoutException: Message: Can't find elements by locator ('xpath', '//tbody/tr')",
    "statusTrace" : "self = <tests.test_speech_exercises_ru.TestCardsRU object at 0x7f85d2e81d00>\ndriver = <selenium.webdriver.chrome.webdriver.WebDriver (session=\"abd9ea89e2ae227e5952b81b149f8c37\")>\ndefault_user_authorized = None\n\n    @pytest.mark.xfail\n    @allure.suite('Statistic.')\n    @allure.title('Check statistic table.')\n    def test_get_statistic_data(self, driver, default_user_authorized):\n        page = SpeechExercisesPageRU(driver)\n>       table = page.get_statistic_data()\n\ntests/test_speech_exercises_ru.py:192: \n_ _ _ _ _ _ _ _ _ _ _ _ _ _ _ _ _ _ _ _ _ _ _ _ _ _ _ _ _ _ _ _ _ _ _ _ _ _ _ _ \npages/speech_exercises_page_ru.py:178: in get_statistic_data\n    lens = len(self.elements_are_present((By.XPATH, \"//tbody/tr\")))\npages/base_page.py:55: in elements_are_present\n    return Wait(self.driver, self.timeout).until(\n_ _ _ _ _ _ _ _ _ _ _ _ _ _ _ _ _ _ _ _ _ _ _ _ _ _ _ _ _ _ _ _ _ _ _ _ _ _ _ _ \n\nself = <selenium.webdriver.support.wait.WebDriverWait (session=\"abd9ea89e2ae227e5952b81b149f8c37\")>\nmethod = <function presence_of_all_elements_located.<locals>._predicate at 0x7f85d2b87240>\nmessage = \"Can't find elements by locator ('xpath', '//tbody/tr')\"\n\n    def until(self, method, message: str = \"\"):\n        \"\"\"Calls the method provided with the driver as an argument until the \\\n        return value does not evaluate to ``False``.\n    \n        :param method: callable(WebDriver)\n        :param message: optional message for :exc:`TimeoutException`\n        :returns: the result of the last call to `method`\n        :raises: :exc:`selenium.common.exceptions.TimeoutException` if timeout occurs\n        \"\"\"\n        screen = None\n        stacktrace = None\n    \n        end_time = time.monotonic() + self._timeout\n        while True:\n            try:\n                value = method(self._driver)\n                if value:\n                    return value\n            except self._ignored_exceptions as exc:\n                screen = getattr(exc, \"screen\", None)\n                stacktrace = getattr(exc, \"stacktrace\", None)\n            time.sleep(self._poll)\n            if time.monotonic() > end_time:\n                break\n>       raise TimeoutException(message, screen, stacktrace)\nE       selenium.common.exceptions.TimeoutException: Message: Can't find elements by locator ('xpath', '//tbody/tr')\n\n/opt/hostedtoolcache/Python/3.12.6/x64/lib/python3.12/site-packages/selenium/webdriver/support/wait.py:95: TimeoutException",
    "steps" : [ {
      "name" : "get_statistic_data",
      "time" : {
        "start" : 1727834285844,
        "stop" : 1727834307271,
        "duration" : 21427
      },
      "status" : "broken",
      "statusMessage" : "selenium.common.exceptions.TimeoutException: Message: Can't find elements by locator ('xpath', '//tbody/tr')\n\n",
      "statusTrace" : "  File \"/opt/hostedtoolcache/Python/3.12.6/x64/lib/python3.12/site-packages/allure_commons/_allure.py\", line 192, in impl\n    return func(*a, **kw)\n           ^^^^^^^^^^^^^^\n  File \"/home/runner/work/auto-tests-python/auto-tests-python/pages/speech_exercises_page_ru.py\", line 178, in get_statistic_data\n    lens = len(self.elements_are_present((By.XPATH, \"//tbody/tr\")))\n               ^^^^^^^^^^^^^^^^^^^^^^^^^^^^^^^^^^^^^^^^^^^^^^^^^^^\n  File \"/home/runner/work/auto-tests-python/auto-tests-python/pages/base_page.py\", line 55, in elements_are_present\n    return Wait(self.driver, self.timeout).until(\n           ^^^^^^^^^^^^^^^^^^^^^^^^^^^^^^^^^^^^^^\n  File \"/opt/hostedtoolcache/Python/3.12.6/x64/lib/python3.12/site-packages/selenium/webdriver/support/wait.py\", line 95, in until\n    raise TimeoutException(message, screen, stacktrace)\n",
      "steps" : [ {
        "name" : "Click button \"Статистика\"\".",
        "time" : {
          "start" : 1727834285844,
          "stop" : 1727834285935,
          "duration" : 91
        },
        "status" : "passed",
        "steps" : [ ],
        "attachments" : [ ],
        "parameters" : [ ],
        "stepsCount" : 0,
        "attachmentsCount" : 0,
        "shouldDisplayMessage" : false,
        "hasContent" : false
      }, {
        "name" : "Check statistic table is present and scroll to table",
        "time" : {
          "start" : 1727834285935,
          "stop" : 1727834286979,
          "duration" : 1044
        },
        "status" : "passed",
        "steps" : [ ],
        "attachments" : [ ],
        "parameters" : [ ],
        "stepsCount" : 0,
        "attachmentsCount" : 0,
        "shouldDisplayMessage" : false,
        "hasContent" : false
      }, {
        "name" : "Get data from the table.",
        "time" : {
          "start" : 1727834286980,
          "stop" : 1727834307271,
          "duration" : 20291
        },
        "status" : "broken",
        "statusMessage" : "selenium.common.exceptions.TimeoutException: Message: Can't find elements by locator ('xpath', '//tbody/tr')\n\n",
        "statusTrace" : "  File \"/home/runner/work/auto-tests-python/auto-tests-python/pages/speech_exercises_page_ru.py\", line 178, in get_statistic_data\n    lens = len(self.elements_are_present((By.XPATH, \"//tbody/tr\")))\n               ^^^^^^^^^^^^^^^^^^^^^^^^^^^^^^^^^^^^^^^^^^^^^^^^^^^\n  File \"/home/runner/work/auto-tests-python/auto-tests-python/pages/base_page.py\", line 55, in elements_are_present\n    return Wait(self.driver, self.timeout).until(\n           ^^^^^^^^^^^^^^^^^^^^^^^^^^^^^^^^^^^^^^\n  File \"/opt/hostedtoolcache/Python/3.12.6/x64/lib/python3.12/site-packages/selenium/webdriver/support/wait.py\", line 95, in until\n    raise TimeoutException(message, screen, stacktrace)\n",
        "steps" : [ ],
        "attachments" : [ ],
        "parameters" : [ ],
        "stepsCount" : 0,
        "attachmentsCount" : 0,
        "shouldDisplayMessage" : true,
        "hasContent" : true
      } ],
      "attachments" : [ ],
      "parameters" : [ ],
      "stepsCount" : 3,
      "attachmentsCount" : 0,
      "shouldDisplayMessage" : false,
      "hasContent" : true
    } ],
    "attachments" : [ ],
    "parameters" : [ ],
    "stepsCount" : 4,
    "attachmentsCount" : 0,
    "shouldDisplayMessage" : true,
    "hasContent" : true
  },
  "afterStages" : [ {
    "name" : "driver::0",
    "time" : {
      "start" : 1727834307289,
      "stop" : 1727834307379,
      "duration" : 90
    },
    "status" : "passed",
    "steps" : [ ],
    "attachments" : [ ],
    "parameters" : [ ],
    "stepsCount" : 0,
    "attachmentsCount" : 0,
    "shouldDisplayMessage" : false,
    "hasContent" : false
  } ],
  "labels" : [ {
    "name" : "suite",
    "value" : "Statistic."
  }, {
    "name" : "epic",
    "value" : "Speech exercises."
  }, {
    "name" : "tag",
    "value" : "@pytest.mark.xfail"
  }, {
    "name" : "parentSuite",
    "value" : "tests"
  }, {
    "name" : "subSuite",
    "value" : "TestCardsRU"
  }, {
    "name" : "host",
    "value" : "fv-az774-24"
  }, {
    "name" : "thread",
    "value" : "2253-MainThread"
  }, {
    "name" : "framework",
    "value" : "pytest"
  }, {
    "name" : "language",
    "value" : "cpython3"
  }, {
    "name" : "package",
    "value" : "tests.test_speech_exercises_ru"
  }, {
    "name" : "resultFormat",
    "value" : "allure2"
  } ],
  "parameters" : [ ],
  "links" : [ ],
  "hidden" : false,
  "retry" : false,
  "extra" : {
    "severity" : "normal",
    "retries" : [ ],
    "categories" : [ ],
    "history" : {
      "statistic" : {
        "failed" : 0,
        "broken" : 0,
        "skipped" : 8,
        "passed" : 42,
        "unknown" : 0,
        "total" : 50
      },
      "items" : [ {
        "uid" : "80bf78909d41bd3a",
        "reportUrl" : "https://lambotik.github.io/auto-tests-python/49//#testresult/80bf78909d41bd3a",
        "status" : "skipped",
        "statusDetails" : "XFAIL\n\nselenium.common.exceptions.TimeoutException: Message: Can't find element by locator https://brainup.site/groups",
        "time" : {
          "start" : 1727748408627,
          "stop" : 1727748408627,
          "duration" : 0
        }
      }, {
        "uid" : "5b92cf3d1f544f30",
        "reportUrl" : "https://lambotik.github.io/auto-tests-python/48//#testresult/5b92cf3d1f544f30",
        "status" : "passed",
        "statusDetails" : "XPASS",
        "time" : {
          "start" : 1727661717809,
          "stop" : 1727661720829,
          "duration" : 3020
        }
      }, {
        "uid" : "44c1ed19b9be2ab4",
        "reportUrl" : "https://lambotik.github.io/auto-tests-python/47//#testresult/44c1ed19b9be2ab4",
        "status" : "skipped",
        "statusDetails" : "XFAIL\n\nselenium.common.exceptions.TimeoutException: Message: Can't find element by locator https://brainup.site/groups",
        "time" : {
          "start" : 1727575574398,
          "stop" : 1727575574398,
          "duration" : 0
        }
      }, {
        "uid" : "355e2ae2a3a64509",
        "reportUrl" : "https://lambotik.github.io/auto-tests-python/46//#testresult/355e2ae2a3a64509",
        "status" : "passed",
        "statusDetails" : "XPASS",
        "time" : {
          "start" : 1727488972109,
          "stop" : 1727488975503,
          "duration" : 3394
        }
      }, {
        "uid" : "1acd1bad91e9e366",
        "reportUrl" : "https://lambotik.github.io/auto-tests-python/45//#testresult/1acd1bad91e9e366",
        "status" : "skipped",
        "statusDetails" : "XFAIL\n\nselenium.common.exceptions.TimeoutException: Message: Can't find element by locator https://brainup.site/groups",
        "time" : {
          "start" : 1727402579944,
          "stop" : 1727402579944,
          "duration" : 0
        }
      }, {
        "uid" : "721f3933333f27a2",
        "reportUrl" : "https://lambotik.github.io/auto-tests-python/44//#testresult/721f3933333f27a2",
        "status" : "passed",
        "statusDetails" : "XPASS",
        "time" : {
          "start" : 1727316216844,
          "stop" : 1727316219640,
          "duration" : 2796
        }
      }, {
        "uid" : "d2567de988bb4a37",
        "reportUrl" : "https://lambotik.github.io/auto-tests-python/43//#testresult/d2567de988bb4a37",
        "status" : "skipped",
        "statusDetails" : "XFAIL\n\nselenium.common.exceptions.TimeoutException: Message: Can't find element by locator https://brainup.site/groups",
        "time" : {
          "start" : 1727229739889,
          "stop" : 1727229739889,
          "duration" : 0
        }
      }, {
        "uid" : "69235c84e7078ed0",
        "reportUrl" : "https://lambotik.github.io/auto-tests-python/42//#testresult/69235c84e7078ed0",
        "status" : "passed",
        "statusDetails" : "XPASS",
        "time" : {
          "start" : 1727143162327,
          "stop" : 1727143165270,
          "duration" : 2943
        }
      }, {
        "uid" : "a32216635da57ded",
        "reportUrl" : "https://lambotik.github.io/auto-tests-python/41//#testresult/a32216635da57ded",
        "status" : "passed",
        "statusDetails" : "XPASS",
        "time" : {
          "start" : 1727056597694,
          "stop" : 1727056599538,
          "duration" : 1844
        }
      }, {
        "uid" : "464f93ad5971359d",
        "reportUrl" : "https://lambotik.github.io/auto-tests-python/40//#testresult/464f93ad5971359d",
        "status" : "passed",
        "statusDetails" : "XPASS",
        "time" : {
          "start" : 1726970420781,
          "stop" : 1726970422184,
          "duration" : 1403
        }
      }, {
        "uid" : "feb4ba509fbadbee",
        "reportUrl" : "https://lambotik.github.io/auto-tests-python/39//#testresult/feb4ba509fbadbee",
        "status" : "passed",
        "statusDetails" : "XPASS",
        "time" : {
          "start" : 1726883601322,
          "stop" : 1726883602657,
          "duration" : 1335
        }
      }, {
        "uid" : "d193947a0b0ccb97",
        "reportUrl" : "https://lambotik.github.io/auto-tests-python/38//#testresult/d193947a0b0ccb97",
        "status" : "passed",
        "statusDetails" : "XPASS",
        "time" : {
          "start" : 1726797204474,
          "stop" : 1726797205854,
          "duration" : 1380
        }
      }, {
        "uid" : "f063f8f0a1788343",
        "reportUrl" : "https://lambotik.github.io/auto-tests-python/37//#testresult/f063f8f0a1788343",
        "status" : "passed",
        "statusDetails" : "XPASS",
        "time" : {
          "start" : 1726710803356,
          "stop" : 1726710805193,
          "duration" : 1837
        }
      }, {
        "uid" : "bc85854f6b266324",
        "reportUrl" : "https://lambotik.github.io/auto-tests-python/12//#testresult/bc85854f6b266324",
        "status" : "passed",
        "statusDetails" : "XPASS",
        "time" : {
          "start" : 1726650716901,
          "stop" : 1726650718247,
          "duration" : 1346
        }
      }, {
        "uid" : "99589487e0da9819",
        "reportUrl" : "https://lambotik.github.io/auto-tests-python/11//#testresult/99589487e0da9819",
        "status" : "passed",
        "statusDetails" : "XPASS",
        "time" : {
          "start" : 1726648460304,
          "stop" : 1726648462185,
          "duration" : 1881
        }
      }, {
        "uid" : "37090c1bc8a88568",
        "reportUrl" : "https://lambotik.github.io/auto-tests-python/36//#testresult/37090c1bc8a88568",
        "status" : "passed",
        "statusDetails" : "XPASS",
        "time" : {
          "start" : 1726624254942,
          "stop" : 1726624256314,
          "duration" : 1372
        }
      }, {
        "uid" : "50447059fb9489f7",
        "reportUrl" : "https://lambotik.github.io/auto-tests-python/10//#testresult/50447059fb9489f7",
        "status" : "passed",
        "statusDetails" : "XPASS",
        "time" : {
          "start" : 1726573503773,
          "stop" : 1726573505132,
          "duration" : 1359
        }
      }, {
        "uid" : "3286552234a176d5",
        "reportUrl" : "https://lambotik.github.io/auto-tests-python/9//#testresult/3286552234a176d5",
        "status" : "passed",
        "statusDetails" : "XPASS",
        "time" : {
          "start" : 1726572685557,
          "stop" : 1726572687407,
          "duration" : 1850
        }
      }, {
        "uid" : "a3ba8f624ad454c0",
        "reportUrl" : "https://lambotik.github.io/auto-tests-python/8//#testresult/a3ba8f624ad454c0",
        "status" : "passed",
        "statusDetails" : "XPASS",
        "time" : {
          "start" : 1726568969151,
          "stop" : 1726568970546,
          "duration" : 1395
        }
      }, {
        "uid" : "13841979aaed97d7",
        "reportUrl" : "https://lambotik.github.io/auto-tests-python/32//#testresult/13841979aaed97d7",
        "status" : "passed",
        "statusDetails" : "XPASS",
        "time" : {
          "start" : 1718215546028,
          "stop" : 1718215547369,
          "duration" : 1341
        }
      } ]
    },
    "tags" : [ "@pytest.mark.xfail" ]
  },
  "source" : "4cf38f3e35d39d71.json",
  "parameterValues" : [ ]
}