{
  "uid" : "c45fe297f581f45e",
  "name" : "Select a random card from \"Похожие фразы\" group and compare UI vs BACKEND data.",
  "fullName" : "tests.test_speech_exercises_ru.TestCardsRU#test_random_cards_in_similar_phrases_ru",
  "historyId" : "5e981df7bf46eebe64ca49edd6dd6d63",
  "time" : {
    "start" : 1727834053423,
    "stop" : 1727834074622,
    "duration" : 21199
  },
  "status" : "skipped",
  "statusMessage" : "XFAIL\n\nselenium.common.exceptions.TimeoutException: Message: Can't find element by locator ('xpath', '//button[@title=\"Распознавание похожих фраз\"]')\nStacktrace:\n#0 0x56413ed0013a <unknown>\n#1 0x56413e9e65e0 <unknown>\n#2 0x56413ea35be8 <unknown>\n#3 0x56413ea35e81 <unknown>\n#4 0x56413ea7c8c4 <unknown>\n#5 0x56413ea5ab4d <unknown>\n#6 0x56413ea79d7d <unknown>\n#7 0x56413ea5a8c3 <unknown>\n#8 0x56413ea286b3 <unknown>\n#9 0x56413ea2968e <unknown>\n#10 0x56413eccab3b <unknown>\n#11 0x56413ecceac1 <unknown>\n#12 0x56413ecb7335 <unknown>\n#13 0x56413eccf642 <unknown>\n#14 0x56413ec9c49f <unknown>\n#15 0x56413ecef038 <unknown>\n#16 0x56413ecef203 <unknown>\n#17 0x56413ecfef8c <unknown>\n#18 0x7f13f7a94ac3 <unknown>",
  "statusTrace" : "self = <tests.test_speech_exercises_ru.TestCardsRU object at 0x7f85d2e80f50>\ndriver = <selenium.webdriver.chrome.webdriver.WebDriver (session=\"2e3da2b6531b637ce05fe7d0343a3e78\")>\nspecialist_user_authorized = None\n\n    @pytest.mark.xfail\n    @allure.suite(\"Речевые упражнения.\")\n    @allure.title('Select a random card from \"Похожие фразы\" group and compare UI vs BACKEND data.')\n    def test_random_cards_in_similar_phrases_ru(self, driver, specialist_user_authorized):\n        page = SpeechExercisesPageRU(driver)\n>       page.select_group(SpeechExercisesPageLocators.WORDS_SIMILAR_PHRASES_RU)\n\ntests/test_speech_exercises_ru.py:52: \n_ _ _ _ _ _ _ _ _ _ _ _ _ _ _ _ _ _ _ _ _ _ _ _ _ _ _ _ _ _ _ _ _ _ _ _ _ _ _ _ \npages/speech_exercises_page_ru.py:25: in select_group\n    text_of_the_button = self.element_is_present_and_clickable(selector_for_sub_group)\npages/base_page.py:32: in element_is_present_and_clickable\n    return (Wait(self.driver, self.timeout).until(\n_ _ _ _ _ _ _ _ _ _ _ _ _ _ _ _ _ _ _ _ _ _ _ _ _ _ _ _ _ _ _ _ _ _ _ _ _ _ _ _ \n\nself = <selenium.webdriver.support.wait.WebDriverWait (session=\"2e3da2b6531b637ce05fe7d0343a3e78\")>\nmethod = <function visibility_of_element_located.<locals>._predicate at 0x7f85d2b9bb00>\nmessage = 'Can\\'t find element by locator (\\'xpath\\', \\'//button[@title=\"Распознавание похожих фраз\"]\\')'\n\n    def until(self, method, message: str = \"\"):\n        \"\"\"Calls the method provided with the driver as an argument until the \\\n        return value does not evaluate to ``False``.\n    \n        :param method: callable(WebDriver)\n        :param message: optional message for :exc:`TimeoutException`\n        :returns: the result of the last call to `method`\n        :raises: :exc:`selenium.common.exceptions.TimeoutException` if timeout occurs\n        \"\"\"\n        screen = None\n        stacktrace = None\n    \n        end_time = time.monotonic() + self._timeout\n        while True:\n            try:\n                value = method(self._driver)\n                if value:\n                    return value\n            except self._ignored_exceptions as exc:\n                screen = getattr(exc, \"screen\", None)\n                stacktrace = getattr(exc, \"stacktrace\", None)\n            time.sleep(self._poll)\n            if time.monotonic() > end_time:\n                break\n>       raise TimeoutException(message, screen, stacktrace)\nE       selenium.common.exceptions.TimeoutException: Message: Can't find element by locator ('xpath', '//button[@title=\"Распознавание похожих фраз\"]')\nE       Stacktrace:\nE       #0 0x56413ed0013a <unknown>\nE       #1 0x56413e9e65e0 <unknown>\nE       #2 0x56413ea35be8 <unknown>\nE       #3 0x56413ea35e81 <unknown>\nE       #4 0x56413ea7c8c4 <unknown>\nE       #5 0x56413ea5ab4d <unknown>\nE       #6 0x56413ea79d7d <unknown>\nE       #7 0x56413ea5a8c3 <unknown>\nE       #8 0x56413ea286b3 <unknown>\nE       #9 0x56413ea2968e <unknown>\nE       #10 0x56413eccab3b <unknown>\nE       #11 0x56413ecceac1 <unknown>\nE       #12 0x56413ecb7335 <unknown>\nE       #13 0x56413eccf642 <unknown>\nE       #14 0x56413ec9c49f <unknown>\nE       #15 0x56413ecef038 <unknown>\nE       #16 0x56413ecef203 <unknown>\nE       #17 0x56413ecfef8c <unknown>\nE       #18 0x7f13f7a94ac3 <unknown>\n\n/opt/hostedtoolcache/Python/3.12.6/x64/lib/python3.12/site-packages/selenium/webdriver/support/wait.py:95: TimeoutException",
  "flaky" : false,
  "newFailed" : false,
  "beforeStages" : [ {
    "name" : "main_page_open",
    "time" : {
      "start" : 1727834047522,
      "stop" : 1727834050505,
      "duration" : 2983
    },
    "status" : "passed",
    "steps" : [ {
      "name" : "Open page: https://brainup.site/",
      "time" : {
        "start" : 1727834047522,
        "stop" : 1727834050505,
        "duration" : 2983
      },
      "status" : "passed",
      "steps" : [ ],
      "attachments" : [ ],
      "parameters" : [ {
        "name" : "driver",
        "value" : "<selenium.webdriver.chrome.webdriver.WebDriver (session=\"2e3da2b6531b637ce05fe7d0343a3e78\")>"
      } ],
      "stepsCount" : 0,
      "attachmentsCount" : 0,
      "shouldDisplayMessage" : false,
      "hasContent" : true
    } ],
    "attachments" : [ ],
    "parameters" : [ ],
    "stepsCount" : 1,
    "attachmentsCount" : 0,
    "shouldDisplayMessage" : false,
    "hasContent" : true
  }, {
    "name" : "specialist_user_authorized",
    "time" : {
      "start" : 1727834050505,
      "stop" : 1727834053423,
      "duration" : 2918
    },
    "status" : "passed",
    "steps" : [ {
      "name" : "USER specialist authorized",
      "time" : {
        "start" : 1727834050505,
        "stop" : 1727834053423,
        "duration" : 2918
      },
      "status" : "passed",
      "steps" : [ {
        "name" : "Check url is present: https://brainup.site/groups",
        "time" : {
          "start" : 1727834050879,
          "stop" : 1727834053401,
          "duration" : 2522
        },
        "status" : "passed",
        "steps" : [ ],
        "attachments" : [ ],
        "parameters" : [ ],
        "stepsCount" : 0,
        "attachmentsCount" : 0,
        "shouldDisplayMessage" : false,
        "hasContent" : false
      }, {
        "name" : "Loader checking",
        "time" : {
          "start" : 1727834053401,
          "stop" : 1727834053423,
          "duration" : 22
        },
        "status" : "passed",
        "steps" : [ ],
        "attachments" : [ ],
        "parameters" : [ ],
        "stepsCount" : 0,
        "attachmentsCount" : 0,
        "shouldDisplayMessage" : false,
        "hasContent" : false
      } ],
      "attachments" : [ ],
      "parameters" : [ {
        "name" : "driver",
        "value" : "<selenium.webdriver.chrome.webdriver.WebDriver (session=\"2e3da2b6531b637ce05fe7d0343a3e78\")>"
      }, {
        "name" : "main_page_open",
        "value" : "None"
      } ],
      "stepsCount" : 2,
      "attachmentsCount" : 0,
      "shouldDisplayMessage" : false,
      "hasContent" : true
    } ],
    "attachments" : [ ],
    "parameters" : [ ],
    "stepsCount" : 3,
    "attachmentsCount" : 0,
    "shouldDisplayMessage" : false,
    "hasContent" : true
  }, {
    "name" : "driver",
    "time" : {
      "start" : 1727834046764,
      "stop" : 1727834047522,
      "duration" : 758
    },
    "status" : "passed",
    "steps" : [ ],
    "attachments" : [ ],
    "parameters" : [ ],
    "stepsCount" : 0,
    "attachmentsCount" : 0,
    "shouldDisplayMessage" : false,
    "hasContent" : false
  }, {
    "name" : "clear_allure_results_folder",
    "time" : {
      "start" : 1727833312629,
      "stop" : 1727833312629,
      "duration" : 0
    },
    "status" : "passed",
    "steps" : [ ],
    "attachments" : [ ],
    "parameters" : [ ],
    "stepsCount" : 0,
    "attachmentsCount" : 0,
    "shouldDisplayMessage" : false,
    "hasContent" : false
  } ],
  "testStage" : {
    "status" : "skipped",
    "statusMessage" : "XFAIL\n\nselenium.common.exceptions.TimeoutException: Message: Can't find element by locator ('xpath', '//button[@title=\"Распознавание похожих фраз\"]')\nStacktrace:\n#0 0x56413ed0013a <unknown>\n#1 0x56413e9e65e0 <unknown>\n#2 0x56413ea35be8 <unknown>\n#3 0x56413ea35e81 <unknown>\n#4 0x56413ea7c8c4 <unknown>\n#5 0x56413ea5ab4d <unknown>\n#6 0x56413ea79d7d <unknown>\n#7 0x56413ea5a8c3 <unknown>\n#8 0x56413ea286b3 <unknown>\n#9 0x56413ea2968e <unknown>\n#10 0x56413eccab3b <unknown>\n#11 0x56413ecceac1 <unknown>\n#12 0x56413ecb7335 <unknown>\n#13 0x56413eccf642 <unknown>\n#14 0x56413ec9c49f <unknown>\n#15 0x56413ecef038 <unknown>\n#16 0x56413ecef203 <unknown>\n#17 0x56413ecfef8c <unknown>\n#18 0x7f13f7a94ac3 <unknown>",
    "statusTrace" : "self = <tests.test_speech_exercises_ru.TestCardsRU object at 0x7f85d2e80f50>\ndriver = <selenium.webdriver.chrome.webdriver.WebDriver (session=\"2e3da2b6531b637ce05fe7d0343a3e78\")>\nspecialist_user_authorized = None\n\n    @pytest.mark.xfail\n    @allure.suite(\"Речевые упражнения.\")\n    @allure.title('Select a random card from \"Похожие фразы\" group and compare UI vs BACKEND data.')\n    def test_random_cards_in_similar_phrases_ru(self, driver, specialist_user_authorized):\n        page = SpeechExercisesPageRU(driver)\n>       page.select_group(SpeechExercisesPageLocators.WORDS_SIMILAR_PHRASES_RU)\n\ntests/test_speech_exercises_ru.py:52: \n_ _ _ _ _ _ _ _ _ _ _ _ _ _ _ _ _ _ _ _ _ _ _ _ _ _ _ _ _ _ _ _ _ _ _ _ _ _ _ _ \npages/speech_exercises_page_ru.py:25: in select_group\n    text_of_the_button = self.element_is_present_and_clickable(selector_for_sub_group)\npages/base_page.py:32: in element_is_present_and_clickable\n    return (Wait(self.driver, self.timeout).until(\n_ _ _ _ _ _ _ _ _ _ _ _ _ _ _ _ _ _ _ _ _ _ _ _ _ _ _ _ _ _ _ _ _ _ _ _ _ _ _ _ \n\nself = <selenium.webdriver.support.wait.WebDriverWait (session=\"2e3da2b6531b637ce05fe7d0343a3e78\")>\nmethod = <function visibility_of_element_located.<locals>._predicate at 0x7f85d2b9bb00>\nmessage = 'Can\\'t find element by locator (\\'xpath\\', \\'//button[@title=\"Распознавание похожих фраз\"]\\')'\n\n    def until(self, method, message: str = \"\"):\n        \"\"\"Calls the method provided with the driver as an argument until the \\\n        return value does not evaluate to ``False``.\n    \n        :param method: callable(WebDriver)\n        :param message: optional message for :exc:`TimeoutException`\n        :returns: the result of the last call to `method`\n        :raises: :exc:`selenium.common.exceptions.TimeoutException` if timeout occurs\n        \"\"\"\n        screen = None\n        stacktrace = None\n    \n        end_time = time.monotonic() + self._timeout\n        while True:\n            try:\n                value = method(self._driver)\n                if value:\n                    return value\n            except self._ignored_exceptions as exc:\n                screen = getattr(exc, \"screen\", None)\n                stacktrace = getattr(exc, \"stacktrace\", None)\n            time.sleep(self._poll)\n            if time.monotonic() > end_time:\n                break\n>       raise TimeoutException(message, screen, stacktrace)\nE       selenium.common.exceptions.TimeoutException: Message: Can't find element by locator ('xpath', '//button[@title=\"Распознавание похожих фраз\"]')\nE       Stacktrace:\nE       #0 0x56413ed0013a <unknown>\nE       #1 0x56413e9e65e0 <unknown>\nE       #2 0x56413ea35be8 <unknown>\nE       #3 0x56413ea35e81 <unknown>\nE       #4 0x56413ea7c8c4 <unknown>\nE       #5 0x56413ea5ab4d <unknown>\nE       #6 0x56413ea79d7d <unknown>\nE       #7 0x56413ea5a8c3 <unknown>\nE       #8 0x56413ea286b3 <unknown>\nE       #9 0x56413ea2968e <unknown>\nE       #10 0x56413eccab3b <unknown>\nE       #11 0x56413ecceac1 <unknown>\nE       #12 0x56413ecb7335 <unknown>\nE       #13 0x56413eccf642 <unknown>\nE       #14 0x56413ec9c49f <unknown>\nE       #15 0x56413ecef038 <unknown>\nE       #16 0x56413ecef203 <unknown>\nE       #17 0x56413ecfef8c <unknown>\nE       #18 0x7f13f7a94ac3 <unknown>\n\n/opt/hostedtoolcache/Python/3.12.6/x64/lib/python3.12/site-packages/selenium/webdriver/support/wait.py:95: TimeoutException",
    "steps" : [ {
      "name" : "select_group",
      "time" : {
        "start" : 1727834053423,
        "stop" : 1727834074621,
        "duration" : 21198
      },
      "status" : "broken",
      "statusMessage" : "selenium.common.exceptions.TimeoutException: Message: Can't find element by locator ('xpath', '//button[@title=\"Распознавание похожих фраз\"]')\nStacktrace:\n#0 0x56413ed0013a <unknown>\n#1 0x56413e9e65e0 <unknown>\n#2 0x56413ea35be8 <unknown>\n#3 0x56413ea35e81 <unknown>\n#4 0x56413ea7c8c4 <unknown>\n#5 0x56413ea5ab4d <unknown>\n#6 0x56413ea79d7d <unknown>\n#7 0x56413ea5a8c3 <unknown>\n#8 0x56413ea286b3 <unknown>\n#9 0x56413ea2968e <unknown>\n#10 0x56413eccab3b <unknown>\n#11 0x56413ecceac1 <unknown>\n#12 0x56413ecb7335 <unknown>\n#13 0x56413eccf642 <unknown>\n#14 0x56413ec9c49f <unknown>\n#15 0x56413ecef038 <unknown>\n#16 0x56413ecef203 <unknown>\n#17 0x56413ecfef8c <unknown>\n#18 0x7f13f7a94ac3 <unknown>\n\n",
      "statusTrace" : "  File \"/opt/hostedtoolcache/Python/3.12.6/x64/lib/python3.12/site-packages/allure_commons/_allure.py\", line 192, in impl\n    return func(*a, **kw)\n           ^^^^^^^^^^^^^^\n  File \"/home/runner/work/auto-tests-python/auto-tests-python/pages/speech_exercises_page_ru.py\", line 25, in select_group\n    text_of_the_button = self.element_is_present_and_clickable(selector_for_sub_group)\n                         ^^^^^^^^^^^^^^^^^^^^^^^^^^^^^^^^^^^^^^^^^^^^^^^^^^^^^^^^^^^^^\n  File \"/home/runner/work/auto-tests-python/auto-tests-python/pages/base_page.py\", line 32, in element_is_present_and_clickable\n    return (Wait(self.driver, self.timeout).until(\n            ^^^^^^^^^^^^^^^^^^^^^^^^^^^^^^^^^^^^^^\n  File \"/opt/hostedtoolcache/Python/3.12.6/x64/lib/python3.12/site-packages/selenium/webdriver/support/wait.py\", line 95, in until\n    raise TimeoutException(message, screen, stacktrace)\n",
      "steps" : [ {
        "name" : "Select Russian language. Click \"RU\" button.",
        "time" : {
          "start" : 1727834053423,
          "stop" : 1727834053491,
          "duration" : 68
        },
        "status" : "passed",
        "steps" : [ ],
        "attachments" : [ ],
        "parameters" : [ ],
        "stepsCount" : 0,
        "attachmentsCount" : 0,
        "shouldDisplayMessage" : false,
        "hasContent" : false
      }, {
        "name" : "Click button \"Речевые упражнения\".",
        "time" : {
          "start" : 1727834053491,
          "stop" : 1727834054599,
          "duration" : 1108
        },
        "status" : "passed",
        "steps" : [ ],
        "attachments" : [ ],
        "parameters" : [ ],
        "stepsCount" : 0,
        "attachmentsCount" : 0,
        "shouldDisplayMessage" : false,
        "hasContent" : false
      } ],
      "attachments" : [ ],
      "parameters" : [ {
        "name" : "selector_for_sub_group",
        "value" : "('xpath', '//button[@title=\"Распознавание похожих фраз\"]')"
      } ],
      "stepsCount" : 2,
      "attachmentsCount" : 0,
      "shouldDisplayMessage" : true,
      "hasContent" : true
    } ],
    "attachments" : [ ],
    "parameters" : [ ],
    "stepsCount" : 3,
    "attachmentsCount" : 0,
    "shouldDisplayMessage" : true,
    "hasContent" : true
  },
  "afterStages" : [ {
    "name" : "driver::0",
    "time" : {
      "start" : 1727834074638,
      "stop" : 1727834074733,
      "duration" : 95
    },
    "status" : "passed",
    "steps" : [ ],
    "attachments" : [ ],
    "parameters" : [ ],
    "stepsCount" : 0,
    "attachmentsCount" : 0,
    "shouldDisplayMessage" : false,
    "hasContent" : false
  } ],
  "labels" : [ {
    "name" : "epic",
    "value" : "Speech exercises."
  }, {
    "name" : "suite",
    "value" : "Речевые упражнения."
  }, {
    "name" : "tag",
    "value" : "@pytest.mark.xfail"
  }, {
    "name" : "parentSuite",
    "value" : "tests"
  }, {
    "name" : "subSuite",
    "value" : "TestCardsRU"
  }, {
    "name" : "host",
    "value" : "fv-az774-24"
  }, {
    "name" : "thread",
    "value" : "2253-MainThread"
  }, {
    "name" : "framework",
    "value" : "pytest"
  }, {
    "name" : "language",
    "value" : "cpython3"
  }, {
    "name" : "package",
    "value" : "tests.test_speech_exercises_ru"
  }, {
    "name" : "resultFormat",
    "value" : "allure2"
  } ],
  "parameters" : [ ],
  "links" : [ ],
  "hidden" : false,
  "retry" : false,
  "extra" : {
    "severity" : "normal",
    "retries" : [ ],
    "categories" : [ ],
    "history" : {
      "statistic" : {
        "failed" : 0,
        "broken" : 0,
        "skipped" : 5,
        "passed" : 45,
        "unknown" : 0,
        "total" : 50
      },
      "items" : [ {
        "uid" : "45fc4d19d9b3268",
        "reportUrl" : "https://lambotik.github.io/auto-tests-python/49//#testresult/45fc4d19d9b3268",
        "status" : "passed",
        "statusDetails" : "XPASS",
        "time" : {
          "start" : 1727748199952,
          "stop" : 1727748211713,
          "duration" : 11761
        }
      }, {
        "uid" : "26d65507768a1791",
        "reportUrl" : "https://lambotik.github.io/auto-tests-python/48//#testresult/26d65507768a1791",
        "status" : "passed",
        "statusDetails" : "XPASS",
        "time" : {
          "start" : 1727661476939,
          "stop" : 1727661490219,
          "duration" : 13280
        }
      }, {
        "uid" : "839d9b9d74b48935",
        "reportUrl" : "https://lambotik.github.io/auto-tests-python/47//#testresult/839d9b9d74b48935",
        "status" : "skipped",
        "statusDetails" : "XFAIL\n\nselenium.common.exceptions.TimeoutException: Message: Url: https://brainup.site/groups/2/series/2/subgroup/62/exercise/1457 has not been changed!!!",
        "time" : {
          "start" : 1727575326590,
          "stop" : 1727575369281,
          "duration" : 42691
        }
      }, {
        "uid" : "80fe962b3f30c118",
        "reportUrl" : "https://lambotik.github.io/auto-tests-python/46//#testresult/80fe962b3f30c118",
        "status" : "passed",
        "statusDetails" : "XPASS",
        "time" : {
          "start" : 1727488579746,
          "stop" : 1727488591247,
          "duration" : 11501
        }
      }, {
        "uid" : "4a579b680ca46768",
        "reportUrl" : "https://lambotik.github.io/auto-tests-python/45//#testresult/4a579b680ca46768",
        "status" : "passed",
        "statusDetails" : "XPASS",
        "time" : {
          "start" : 1727402330259,
          "stop" : 1727402346482,
          "duration" : 16223
        }
      }, {
        "uid" : "d124cfdec7d8c3ac",
        "reportUrl" : "https://lambotik.github.io/auto-tests-python/44//#testresult/d124cfdec7d8c3ac",
        "status" : "passed",
        "statusDetails" : "XPASS",
        "time" : {
          "start" : 1727315809370,
          "stop" : 1727315868926,
          "duration" : 59556
        }
      }, {
        "uid" : "f2e0cb9e50bc15b1",
        "reportUrl" : "https://lambotik.github.io/auto-tests-python/43//#testresult/f2e0cb9e50bc15b1",
        "status" : "passed",
        "statusDetails" : "XPASS",
        "time" : {
          "start" : 1727229472354,
          "stop" : 1727229500384,
          "duration" : 28030
        }
      }, {
        "uid" : "e88981f826f514c9",
        "reportUrl" : "https://lambotik.github.io/auto-tests-python/42//#testresult/e88981f826f514c9",
        "status" : "passed",
        "statusDetails" : "XPASS",
        "time" : {
          "start" : 1727142949513,
          "stop" : 1727142959679,
          "duration" : 10166
        }
      }, {
        "uid" : "8f06cecd9823655f",
        "reportUrl" : "https://lambotik.github.io/auto-tests-python/41//#testresult/8f06cecd9823655f",
        "status" : "passed",
        "statusDetails" : "XPASS",
        "time" : {
          "start" : 1727056344166,
          "stop" : 1727056353877,
          "duration" : 9711
        }
      }, {
        "uid" : "a5d8b1872bbe5139",
        "reportUrl" : "https://lambotik.github.io/auto-tests-python/40//#testresult/a5d8b1872bbe5139",
        "status" : "passed",
        "statusDetails" : "XPASS",
        "time" : {
          "start" : 1726970272813,
          "stop" : 1726970282120,
          "duration" : 9307
        }
      }, {
        "uid" : "a4260daff93a96d1",
        "reportUrl" : "https://lambotik.github.io/auto-tests-python/39//#testresult/a4260daff93a96d1",
        "status" : "passed",
        "statusDetails" : "XPASS",
        "time" : {
          "start" : 1726883269331,
          "stop" : 1726883278417,
          "duration" : 9086
        }
      }, {
        "uid" : "3a48eca46aae7a95",
        "reportUrl" : "https://lambotik.github.io/auto-tests-python/38//#testresult/3a48eca46aae7a95",
        "status" : "passed",
        "statusDetails" : "XPASS",
        "time" : {
          "start" : 1726797020898,
          "stop" : 1726797030246,
          "duration" : 9348
        }
      }, {
        "uid" : "9b9c62a325d98ea3",
        "reportUrl" : "https://lambotik.github.io/auto-tests-python/37//#testresult/9b9c62a325d98ea3",
        "status" : "passed",
        "statusDetails" : "XPASS",
        "time" : {
          "start" : 1726710655291,
          "stop" : 1726710666960,
          "duration" : 11669
        }
      }, {
        "uid" : "f5b8bda1d1429f43",
        "reportUrl" : "https://lambotik.github.io/auto-tests-python/12//#testresult/f5b8bda1d1429f43",
        "status" : "passed",
        "statusDetails" : "XPASS",
        "time" : {
          "start" : 1726650545376,
          "stop" : 1726650555532,
          "duration" : 10156
        }
      }, {
        "uid" : "ac82a20a9e914018",
        "reportUrl" : "https://lambotik.github.io/auto-tests-python/11//#testresult/ac82a20a9e914018",
        "status" : "passed",
        "statusDetails" : "XPASS",
        "time" : {
          "start" : 1726648269350,
          "stop" : 1726648281007,
          "duration" : 11657
        }
      }, {
        "uid" : "b98c124baff4686a",
        "reportUrl" : "https://lambotik.github.io/auto-tests-python/36//#testresult/b98c124baff4686a",
        "status" : "passed",
        "statusDetails" : "XPASS",
        "time" : {
          "start" : 1726624085645,
          "stop" : 1726624095735,
          "duration" : 10090
        }
      }, {
        "uid" : "b07ebf81229aced5",
        "reportUrl" : "https://lambotik.github.io/auto-tests-python/10//#testresult/b07ebf81229aced5",
        "status" : "passed",
        "statusDetails" : "XPASS",
        "time" : {
          "start" : 1726573191702,
          "stop" : 1726573201582,
          "duration" : 9880
        }
      }, {
        "uid" : "b7e7cee6be6204c",
        "reportUrl" : "https://lambotik.github.io/auto-tests-python/9//#testresult/b7e7cee6be6204c",
        "status" : "passed",
        "statusDetails" : "XPASS",
        "time" : {
          "start" : 1726572467761,
          "stop" : 1726572476898,
          "duration" : 9137
        }
      }, {
        "uid" : "b3b23bc810959ee6",
        "reportUrl" : "https://lambotik.github.io/auto-tests-python/8//#testresult/b3b23bc810959ee6",
        "status" : "passed",
        "statusDetails" : "XPASS",
        "time" : {
          "start" : 1726568824522,
          "stop" : 1726568835354,
          "duration" : 10832
        }
      }, {
        "uid" : "a03ec040637ccd6b",
        "reportUrl" : "https://lambotik.github.io/auto-tests-python/32//#testresult/a03ec040637ccd6b",
        "status" : "passed",
        "statusDetails" : "XPASS",
        "time" : {
          "start" : 1718215252804,
          "stop" : 1718215263991,
          "duration" : 11187
        }
      } ]
    },
    "tags" : [ "@pytest.mark.xfail" ]
  },
  "source" : "c45fe297f581f45e.json",
  "parameterValues" : [ ]
}