{
  "uid" : "6b4656185d13f252",
  "name" : "Verify that links in the sections lead to the correct pages after clicking",
  "fullName" : "tests.used_resources_page_test.TestUsedResourcesPageForAuthorizedUserLinks#test_ur_03_02_verify_links_lead_to_the_correct_pages",
  "historyId" : "49978000ed8f22d73bd9c0fd656cdc54",
  "time" : {
    "start" : 1736302813357,
    "stop" : 1736302813357,
    "duration" : 0
  },
  "status" : "broken",
  "statusMessage" : "selenium.common.exceptions.TimeoutException: Message: Can't find element by locator https://brainup.site/groups",
  "statusTrace" : "self = <pages.base_page.BasePage object at 0x7f4f4cca1610>\nurl = 'https://brainup.site/groups'\n\n    def check_expected_link(self, url):\n        with allure.step(f'Check url is present: {url}'):\n            try:\n>               return Wait(self.driver, self.timeout).until(\n                    ec.url_to_be(url), message=f\"Can't find element by locator {url}\")\n\npages/base_page.py:68: \n_ _ _ _ _ _ _ _ _ _ _ _ _ _ _ _ _ _ _ _ _ _ _ _ _ _ _ _ _ _ _ _ _ _ _ _ _ _ _ _ \n\nself = <selenium.webdriver.support.wait.WebDriverWait (session=\"a51adebe74450562d2f7a2069cfc8033\")>\nmethod = <function url_to_be.<locals>._predicate at 0x7f4f4cc95120>\nmessage = \"Can't find element by locator https://brainup.site/groups\"\n\n    def until(self, method, message: str = \"\"):\n        \"\"\"Calls the method provided with the driver as an argument until the \\\n        return value does not evaluate to ``False``.\n    \n        :param method: callable(WebDriver)\n        :param message: optional message for :exc:`TimeoutException`\n        :returns: the result of the last call to `method`\n        :raises: :exc:`selenium.common.exceptions.TimeoutException` if timeout occurs\n        \"\"\"\n        screen = None\n        stacktrace = None\n    \n        end_time = time.monotonic() + self._timeout\n        while True:\n            try:\n                value = method(self._driver)\n                if value:\n                    return value\n            except self._ignored_exceptions as exc:\n                screen = getattr(exc, \"screen\", None)\n                stacktrace = getattr(exc, \"stacktrace\", None)\n            time.sleep(self._poll)\n            if time.monotonic() > end_time:\n                break\n>       raise TimeoutException(message, screen, stacktrace)\nE       selenium.common.exceptions.TimeoutException: Message: Can't find element by locator https://brainup.site/groups\n\n/opt/hostedtoolcache/Python/3.12.8/x64/lib/python3.12/site-packages/selenium/webdriver/support/wait.py:95: TimeoutException\n\nDuring handling of the above exception, another exception occurred:\n\ndriver = <selenium.webdriver.chrome.webdriver.WebDriver (session=\"a51adebe74450562d2f7a2069cfc8033\")>\nmain_page_open = None\n\n    @pytest.fixture()\n    @allure.step('Auto test user authorized')\n    def auto_test_user_authorized(driver, main_page_open):\n        page = BasePage(driver)\n        page.element_is_present_and_clickable(MainPageLocators.LOGIN_BUTTON).click()\n        page.element_is_visible(LoginPageLocators.INPUT_LOGIN).send_keys(os.environ[\"LOGIN\"])\n        page.element_is_visible(LoginPageLocators.INPUT_PASSWORD).send_keys(os.environ[\"PASSWORD\"])\n        page.element_is_present_and_clickable(LoginPageLocators.SIGN_IN_BUTTON).click()\n>       page.check_expected_link(MainPageLinks.URL_GROUPS_PAGE)\n\ntests/conftest.py:71: \n_ _ _ _ _ _ _ _ _ _ _ _ _ _ _ _ _ _ _ _ _ _ _ _ _ _ _ _ _ _ _ _ _ _ _ _ _ _ _ _ \npages/base_page.py:72: in check_expected_link\n    return Wait(self.driver, self.timeout).until(\n_ _ _ _ _ _ _ _ _ _ _ _ _ _ _ _ _ _ _ _ _ _ _ _ _ _ _ _ _ _ _ _ _ _ _ _ _ _ _ _ \n\nself = <selenium.webdriver.support.wait.WebDriverWait (session=\"a51adebe74450562d2f7a2069cfc8033\")>\nmethod = <function url_to_be.<locals>._predicate at 0x7f4f4cc95260>\nmessage = \"Can't find element by locator https://brainup.site/groups\"\n\n    def until(self, method, message: str = \"\"):\n        \"\"\"Calls the method provided with the driver as an argument until the \\\n        return value does not evaluate to ``False``.\n    \n        :param method: callable(WebDriver)\n        :param message: optional message for :exc:`TimeoutException`\n        :returns: the result of the last call to `method`\n        :raises: :exc:`selenium.common.exceptions.TimeoutException` if timeout occurs\n        \"\"\"\n        screen = None\n        stacktrace = None\n    \n        end_time = time.monotonic() + self._timeout\n        while True:\n            try:\n                value = method(self._driver)\n                if value:\n                    return value\n            except self._ignored_exceptions as exc:\n                screen = getattr(exc, \"screen\", None)\n                stacktrace = getattr(exc, \"stacktrace\", None)\n            time.sleep(self._poll)\n            if time.monotonic() > end_time:\n                break\n>       raise TimeoutException(message, screen, stacktrace)\nE       selenium.common.exceptions.TimeoutException: Message: Can't find element by locator https://brainup.site/groups\n\n/opt/hostedtoolcache/Python/3.12.8/x64/lib/python3.12/site-packages/selenium/webdriver/support/wait.py:95: TimeoutException",
  "flaky" : false,
  "newFailed" : false,
  "beforeStages" : [ {
    "name" : "auto_test_user_authorized",
    "time" : {
      "start" : 1736302818099,
      "stop" : 1736302858747,
      "duration" : 40648
    },
    "status" : "broken",
    "statusMessage" : "selenium.common.exceptions.TimeoutException: Message: Can't find element by locator https://brainup.site/groups\n\n",
    "statusTrace" : "  File \"/opt/hostedtoolcache/Python/3.12.8/x64/lib/python3.12/site-packages/pluggy/_callers.py\", line 103, in _multicall\n    res = hook_impl.function(*args)\n          ^^^^^^^^^^^^^^^^^^^^^^^^^\n  File \"/opt/hostedtoolcache/Python/3.12.8/x64/lib/python3.12/site-packages/_pytest/fixtures.py\", line 1123, in pytest_fixture_setup\n    result = call_fixture_func(fixturefunc, request, kwargs)\n             ^^^^^^^^^^^^^^^^^^^^^^^^^^^^^^^^^^^^^^^^^^^^^^^\n  File \"/opt/hostedtoolcache/Python/3.12.8/x64/lib/python3.12/site-packages/_pytest/fixtures.py\", line 902, in call_fixture_func\n    fixture_result = fixturefunc(**kwargs)\n                     ^^^^^^^^^^^^^^^^^^^^^\n  File \"/opt/hostedtoolcache/Python/3.12.8/x64/lib/python3.12/site-packages/allure_commons/_allure.py\", line 192, in impl\n    return func(*a, **kw)\n           ^^^^^^^^^^^^^^\n  File \"/home/runner/work/auto-tests-python/auto-tests-python/tests/conftest.py\", line 71, in auto_test_user_authorized\n    page.check_expected_link(MainPageLinks.URL_GROUPS_PAGE)\n  File \"/home/runner/work/auto-tests-python/auto-tests-python/pages/base_page.py\", line 72, in check_expected_link\n    return Wait(self.driver, self.timeout).until(\n           ^^^^^^^^^^^^^^^^^^^^^^^^^^^^^^^^^^^^^^\n  File \"/opt/hostedtoolcache/Python/3.12.8/x64/lib/python3.12/site-packages/selenium/webdriver/support/wait.py\", line 95, in until\n    raise TimeoutException(message, screen, stacktrace)\n",
    "steps" : [ {
      "name" : "Auto test user authorized",
      "time" : {
        "start" : 1736302818099,
        "stop" : 1736302858747,
        "duration" : 40648
      },
      "status" : "broken",
      "statusMessage" : "selenium.common.exceptions.TimeoutException: Message: Can't find element by locator https://brainup.site/groups\n\n",
      "statusTrace" : "  File \"/opt/hostedtoolcache/Python/3.12.8/x64/lib/python3.12/site-packages/allure_commons/_allure.py\", line 192, in impl\n    return func(*a, **kw)\n           ^^^^^^^^^^^^^^\n  File \"/home/runner/work/auto-tests-python/auto-tests-python/tests/conftest.py\", line 71, in auto_test_user_authorized\n    page.check_expected_link(MainPageLinks.URL_GROUPS_PAGE)\n  File \"/home/runner/work/auto-tests-python/auto-tests-python/pages/base_page.py\", line 72, in check_expected_link\n    return Wait(self.driver, self.timeout).until(\n           ^^^^^^^^^^^^^^^^^^^^^^^^^^^^^^^^^^^^^^\n  File \"/opt/hostedtoolcache/Python/3.12.8/x64/lib/python3.12/site-packages/selenium/webdriver/support/wait.py\", line 95, in until\n    raise TimeoutException(message, screen, stacktrace)\n",
      "steps" : [ {
        "name" : "Check url is present: https://brainup.site/groups",
        "time" : {
          "start" : 1736302818503,
          "stop" : 1736302858746,
          "duration" : 40243
        },
        "status" : "broken",
        "statusMessage" : "selenium.common.exceptions.TimeoutException: Message: Can't find element by locator https://brainup.site/groups\n\n",
        "statusTrace" : "  File \"/home/runner/work/auto-tests-python/auto-tests-python/pages/base_page.py\", line 72, in check_expected_link\n    return Wait(self.driver, self.timeout).until(\n           ^^^^^^^^^^^^^^^^^^^^^^^^^^^^^^^^^^^^^^\n  File \"/opt/hostedtoolcache/Python/3.12.8/x64/lib/python3.12/site-packages/selenium/webdriver/support/wait.py\", line 95, in until\n    raise TimeoutException(message, screen, stacktrace)\n",
        "steps" : [ ],
        "attachments" : [ ],
        "parameters" : [ ],
        "stepsCount" : 0,
        "attachmentsCount" : 0,
        "shouldDisplayMessage" : true,
        "hasContent" : true
      } ],
      "attachments" : [ ],
      "parameters" : [ {
        "name" : "driver",
        "value" : "<selenium.webdriver.chrome.webdriver.WebDriver (session=\"a51adebe74450562d2f7a2069cfc8033\")>"
      }, {
        "name" : "main_page_open",
        "value" : "None"
      } ],
      "stepsCount" : 1,
      "attachmentsCount" : 0,
      "shouldDisplayMessage" : false,
      "hasContent" : true
    } ],
    "attachments" : [ ],
    "parameters" : [ ],
    "stepsCount" : 2,
    "attachmentsCount" : 0,
    "shouldDisplayMessage" : false,
    "hasContent" : true
  }, {
    "name" : "clear_allure_results_folder",
    "time" : {
      "start" : 1736300594382,
      "stop" : 1736300594382,
      "duration" : 0
    },
    "status" : "passed",
    "steps" : [ ],
    "attachments" : [ ],
    "parameters" : [ ],
    "stepsCount" : 0,
    "attachmentsCount" : 0,
    "shouldDisplayMessage" : false,
    "hasContent" : false
  }, {
    "name" : "main_page_open",
    "time" : {
      "start" : 1736302814114,
      "stop" : 1736302818099,
      "duration" : 3985
    },
    "status" : "passed",
    "steps" : [ {
      "name" : "Open page: https://brainup.site/",
      "time" : {
        "start" : 1736302814114,
        "stop" : 1736302818099,
        "duration" : 3985
      },
      "status" : "passed",
      "steps" : [ ],
      "attachments" : [ ],
      "parameters" : [ {
        "name" : "driver",
        "value" : "<selenium.webdriver.chrome.webdriver.WebDriver (session=\"a51adebe74450562d2f7a2069cfc8033\")>"
      } ],
      "stepsCount" : 0,
      "attachmentsCount" : 0,
      "shouldDisplayMessage" : false,
      "hasContent" : true
    } ],
    "attachments" : [ ],
    "parameters" : [ ],
    "stepsCount" : 1,
    "attachmentsCount" : 0,
    "shouldDisplayMessage" : false,
    "hasContent" : true
  }, {
    "name" : "driver",
    "time" : {
      "start" : 1736302813357,
      "stop" : 1736302814114,
      "duration" : 757
    },
    "status" : "passed",
    "steps" : [ ],
    "attachments" : [ ],
    "parameters" : [ ],
    "stepsCount" : 0,
    "attachmentsCount" : 0,
    "shouldDisplayMessage" : false,
    "hasContent" : false
  } ],
  "afterStages" : [ {
    "name" : "driver::0",
    "time" : {
      "start" : 1736302858760,
      "stop" : 1736302858834,
      "duration" : 74
    },
    "status" : "passed",
    "steps" : [ ],
    "attachments" : [ ],
    "parameters" : [ ],
    "stepsCount" : 0,
    "attachmentsCount" : 0,
    "shouldDisplayMessage" : false,
    "hasContent" : false
  } ],
  "labels" : [ {
    "name" : "epic",
    "value" : "Test Used Resources Page"
  }, {
    "name" : "parentSuite",
    "value" : "tests"
  }, {
    "name" : "suite",
    "value" : "used_resources_page_test"
  }, {
    "name" : "subSuite",
    "value" : "TestUsedResourcesPage"
  }, {
    "name" : "host",
    "value" : "fv-az1914-984"
  }, {
    "name" : "thread",
    "value" : "2428-MainThread"
  }, {
    "name" : "framework",
    "value" : "pytest"
  }, {
    "name" : "language",
    "value" : "cpython3"
  }, {
    "name" : "package",
    "value" : "tests.used_resources_page_test"
  }, {
    "name" : "resultFormat",
    "value" : "allure2"
  } ],
  "parameters" : [ ],
  "links" : [ ],
  "hidden" : false,
  "retry" : false,
  "extra" : {
    "severity" : "normal",
    "retries" : [ ],
    "categories" : [ {
      "name" : "Test defects",
      "matchedStatuses" : [ ],
      "flaky" : false
    } ],
    "history" : {
      "statistic" : {
        "failed" : 0,
        "broken" : 17,
        "skipped" : 0,
        "passed" : 50,
        "unknown" : 0,
        "total" : 67
      },
      "items" : [ {
        "uid" : "f589d5fc756fac25",
        "reportUrl" : "https://lambotik.github.io/auto-tests-python/147//#testresult/f589d5fc756fac25",
        "status" : "broken",
        "statusDetails" : "selenium.common.exceptions.TimeoutException: Message: Can't find element by locator https://brainup.site/groups",
        "time" : {
          "start" : 1736216387030,
          "stop" : 1736216387030,
          "duration" : 0
        }
      }, {
        "uid" : "cc3883b39909706b",
        "reportUrl" : "https://lambotik.github.io/auto-tests-python/146//#testresult/cc3883b39909706b",
        "status" : "broken",
        "statusDetails" : "selenium.common.exceptions.TimeoutException: Message: Can't find element by locator https://brainup.site/groups",
        "time" : {
          "start" : 1736130212550,
          "stop" : 1736130212550,
          "duration" : 0
        }
      }, {
        "uid" : "96c1552e920d968f",
        "reportUrl" : "https://lambotik.github.io/auto-tests-python/145//#testresult/96c1552e920d968f",
        "status" : "broken",
        "statusDetails" : "selenium.common.exceptions.TimeoutException: Message: Can't find element by locator https://brainup.site/groups",
        "time" : {
          "start" : 1736043987802,
          "stop" : 1736043987802,
          "duration" : 0
        }
      }, {
        "uid" : "17bd90eff750d504",
        "reportUrl" : "https://lambotik.github.io/auto-tests-python/144//#testresult/17bd90eff750d504",
        "status" : "broken",
        "statusDetails" : "selenium.common.exceptions.TimeoutException: Message: Can't find element by locator https://brainup.site/groups",
        "time" : {
          "start" : 1735957180191,
          "stop" : 1735957180191,
          "duration" : 0
        }
      }, {
        "uid" : "32cfa25407beef1",
        "reportUrl" : "https://lambotik.github.io/auto-tests-python/143//#testresult/32cfa25407beef1",
        "status" : "broken",
        "statusDetails" : "selenium.common.exceptions.TimeoutException: Message: Can't find element by locator https://brainup.site/groups",
        "time" : {
          "start" : 1735870803596,
          "stop" : 1735870803596,
          "duration" : 0
        }
      }, {
        "uid" : "c90002f47c75c1dd",
        "reportUrl" : "https://lambotik.github.io/auto-tests-python/142//#testresult/c90002f47c75c1dd",
        "status" : "broken",
        "statusDetails" : "selenium.common.exceptions.TimeoutException: Message: Can't find element by locator https://brainup.site/groups",
        "time" : {
          "start" : 1735784344886,
          "stop" : 1735784344886,
          "duration" : 0
        }
      }, {
        "uid" : "818556218315fb2e",
        "reportUrl" : "https://lambotik.github.io/auto-tests-python/141//#testresult/818556218315fb2e",
        "status" : "broken",
        "statusDetails" : "selenium.common.exceptions.TimeoutException: Message: Can't find element by locator https://brainup.site/groups",
        "time" : {
          "start" : 1735698377978,
          "stop" : 1735698377978,
          "duration" : 0
        }
      }, {
        "uid" : "d46d56b243a88ad4",
        "reportUrl" : "https://lambotik.github.io/auto-tests-python/140//#testresult/d46d56b243a88ad4",
        "status" : "broken",
        "statusDetails" : "selenium.common.exceptions.TimeoutException: Message: Can't find element by locator https://brainup.site/groups",
        "time" : {
          "start" : 1735611695697,
          "stop" : 1735611695697,
          "duration" : 0
        }
      }, {
        "uid" : "b92639ad1773d3f6",
        "reportUrl" : "https://lambotik.github.io/auto-tests-python/139//#testresult/b92639ad1773d3f6",
        "status" : "broken",
        "statusDetails" : "selenium.common.exceptions.TimeoutException: Message: Can't find element by locator https://brainup.site/groups",
        "time" : {
          "start" : 1735525369039,
          "stop" : 1735525369039,
          "duration" : 0
        }
      }, {
        "uid" : "17e9c162d3a150c5",
        "reportUrl" : "https://lambotik.github.io/auto-tests-python/138//#testresult/17e9c162d3a150c5",
        "status" : "broken",
        "statusDetails" : "selenium.common.exceptions.TimeoutException: Message: Can't find element by locator https://brainup.site/groups",
        "time" : {
          "start" : 1735439224830,
          "stop" : 1735439224830,
          "duration" : 0
        }
      }, {
        "uid" : "3f53c684a047e90a",
        "reportUrl" : "https://lambotik.github.io/auto-tests-python/137//#testresult/3f53c684a047e90a",
        "status" : "broken",
        "statusDetails" : "selenium.common.exceptions.TimeoutException: Message: Can't find element by locator https://brainup.site/groups",
        "time" : {
          "start" : 1735352192510,
          "stop" : 1735352192510,
          "duration" : 0
        }
      }, {
        "uid" : "54052cf541656a9d",
        "reportUrl" : "https://lambotik.github.io/auto-tests-python/136//#testresult/54052cf541656a9d",
        "status" : "broken",
        "statusDetails" : "selenium.common.exceptions.TimeoutException: Message: Can't find element by locator https://brainup.site/groups",
        "time" : {
          "start" : 1735266129645,
          "stop" : 1735266129645,
          "duration" : 0
        }
      }, {
        "uid" : "d71cb3e55e83eda",
        "reportUrl" : "https://lambotik.github.io/auto-tests-python/81//#testresult/d71cb3e55e83eda",
        "status" : "passed",
        "time" : {
          "start" : 1730512674405,
          "stop" : 1730512678509,
          "duration" : 4104
        }
      }, {
        "uid" : "4eb6b97ac28441fb",
        "reportUrl" : "https://lambotik.github.io/auto-tests-python/80//#testresult/4eb6b97ac28441fb",
        "status" : "passed",
        "time" : {
          "start" : 1730426929708,
          "stop" : 1730426933802,
          "duration" : 4094
        }
      }, {
        "uid" : "bb5a8696d63fa47f",
        "reportUrl" : "https://lambotik.github.io/auto-tests-python/79//#testresult/bb5a8696d63fa47f",
        "status" : "passed",
        "time" : {
          "start" : 1730340103551,
          "stop" : 1730340107186,
          "duration" : 3635
        }
      }, {
        "uid" : "baa16c99b6d4e447",
        "reportUrl" : "https://lambotik.github.io/auto-tests-python/78//#testresult/baa16c99b6d4e447",
        "status" : "passed",
        "time" : {
          "start" : 1730253452058,
          "stop" : 1730253455599,
          "duration" : 3541
        }
      }, {
        "uid" : "3c5012bddba0f907",
        "reportUrl" : "https://lambotik.github.io/auto-tests-python/77//#testresult/3c5012bddba0f907",
        "status" : "passed",
        "time" : {
          "start" : 1730167176641,
          "stop" : 1730167180612,
          "duration" : 3971
        }
      }, {
        "uid" : "d7055dfb7f4e846d",
        "reportUrl" : "https://lambotik.github.io/auto-tests-python/76//#testresult/d7055dfb7f4e846d",
        "status" : "passed",
        "time" : {
          "start" : 1730080930755,
          "stop" : 1730080934320,
          "duration" : 3565
        }
      }, {
        "uid" : "955a1c74e6b8b52",
        "reportUrl" : "https://lambotik.github.io/auto-tests-python/75//#testresult/955a1c74e6b8b52",
        "status" : "passed",
        "time" : {
          "start" : 1729994924585,
          "stop" : 1729994928216,
          "duration" : 3631
        }
      }, {
        "uid" : "6ff9c4f2a8b767c2",
        "reportUrl" : "https://lambotik.github.io/auto-tests-python/74//#testresult/6ff9c4f2a8b767c2",
        "status" : "passed",
        "time" : {
          "start" : 1729907610439,
          "stop" : 1729907613977,
          "duration" : 3538
        }
      } ]
    },
    "tags" : [ ]
  },
  "source" : "6b4656185d13f252.json",
  "parameterValues" : [ ]
}