{
  "uid" : "a08de8fcfaed14d7",
  "name" : "Select random card from \"Word\" group and compare UI vs BACKEND data",
  "fullName" : "tests.test_speech_exercises_en.TestCardsEN#test_random_word_cards_en",
  "historyId" : "84999af5e98c6318908a9abbfe6fc3a3",
  "time" : {
    "start" : 1736301910132,
    "stop" : 1736301910132,
    "duration" : 0
  },
  "status" : "skipped",
  "statusMessage" : "XFAIL\n\nselenium.common.exceptions.TimeoutException: Message: Can't find element by locator https://brainup.site/groups",
  "statusTrace" : "self = <pages.base_page.BasePage object at 0x7f4f4ce4b9b0>\nurl = 'https://brainup.site/groups'\n\n    def check_expected_link(self, url):\n        with allure.step(f'Check url is present: {url}'):\n            try:\n>               return Wait(self.driver, self.timeout).until(\n                    ec.url_to_be(url), message=f\"Can't find element by locator {url}\")\n\npages/base_page.py:68: \n_ _ _ _ _ _ _ _ _ _ _ _ _ _ _ _ _ _ _ _ _ _ _ _ _ _ _ _ _ _ _ _ _ _ _ _ _ _ _ _ \n\nself = <selenium.webdriver.support.wait.WebDriverWait (session=\"c4058e08d264b15aad0487d3b5fcb8b1\")>\nmethod = <function url_to_be.<locals>._predicate at 0x7f4f4ce58720>\nmessage = \"Can't find element by locator https://brainup.site/groups\"\n\n    def until(self, method, message: str = \"\"):\n        \"\"\"Calls the method provided with the driver as an argument until the \\\n        return value does not evaluate to ``False``.\n    \n        :param method: callable(WebDriver)\n        :param message: optional message for :exc:`TimeoutException`\n        :returns: the result of the last call to `method`\n        :raises: :exc:`selenium.common.exceptions.TimeoutException` if timeout occurs\n        \"\"\"\n        screen = None\n        stacktrace = None\n    \n        end_time = time.monotonic() + self._timeout\n        while True:\n            try:\n                value = method(self._driver)\n                if value:\n                    return value\n            except self._ignored_exceptions as exc:\n                screen = getattr(exc, \"screen\", None)\n                stacktrace = getattr(exc, \"stacktrace\", None)\n            time.sleep(self._poll)\n            if time.monotonic() > end_time:\n                break\n>       raise TimeoutException(message, screen, stacktrace)\nE       selenium.common.exceptions.TimeoutException: Message: Can't find element by locator https://brainup.site/groups\n\n/opt/hostedtoolcache/Python/3.12.8/x64/lib/python3.12/site-packages/selenium/webdriver/support/wait.py:95: TimeoutException\n\nDuring handling of the above exception, another exception occurred:\n\ndriver = <selenium.webdriver.chrome.webdriver.WebDriver (session=\"c4058e08d264b15aad0487d3b5fcb8b1\")>\nmain_page_open = None\n\n    @pytest.fixture()\n    @allure.step('USER specialist authorized')\n    def specialist_user_authorized(driver, main_page_open):\n        page = BasePage(driver)\n        page.element_is_present_and_clickable(MainPageLocators.LOGIN_BUTTON).click()\n        page.element_is_visible(LoginPageLocators.INPUT_LOGIN).send_keys(os.environ[\"SPECIALIST_LOGIN\"])\n        page.element_is_visible(LoginPageLocators.INPUT_PASSWORD).send_keys(os.environ[\"PASSWORD\"])\n        page.element_is_present_and_clickable(LoginPageLocators.SIGN_IN_BUTTON).click()\n>       page.check_expected_link(MainPageLinks.URL_GROUPS_PAGE)\n\ntests/conftest.py:84: \n_ _ _ _ _ _ _ _ _ _ _ _ _ _ _ _ _ _ _ _ _ _ _ _ _ _ _ _ _ _ _ _ _ _ _ _ _ _ _ _ \npages/base_page.py:72: in check_expected_link\n    return Wait(self.driver, self.timeout).until(\n_ _ _ _ _ _ _ _ _ _ _ _ _ _ _ _ _ _ _ _ _ _ _ _ _ _ _ _ _ _ _ _ _ _ _ _ _ _ _ _ \n\nself = <selenium.webdriver.support.wait.WebDriverWait (session=\"c4058e08d264b15aad0487d3b5fcb8b1\")>\nmethod = <function url_to_be.<locals>._predicate at 0x7f4f4ce58860>\nmessage = \"Can't find element by locator https://brainup.site/groups\"\n\n    def until(self, method, message: str = \"\"):\n        \"\"\"Calls the method provided with the driver as an argument until the \\\n        return value does not evaluate to ``False``.\n    \n        :param method: callable(WebDriver)\n        :param message: optional message for :exc:`TimeoutException`\n        :returns: the result of the last call to `method`\n        :raises: :exc:`selenium.common.exceptions.TimeoutException` if timeout occurs\n        \"\"\"\n        screen = None\n        stacktrace = None\n    \n        end_time = time.monotonic() + self._timeout\n        while True:\n            try:\n                value = method(self._driver)\n                if value:\n                    return value\n            except self._ignored_exceptions as exc:\n                screen = getattr(exc, \"screen\", None)\n                stacktrace = getattr(exc, \"stacktrace\", None)\n            time.sleep(self._poll)\n            if time.monotonic() > end_time:\n                break\n>       raise TimeoutException(message, screen, stacktrace)\nE       selenium.common.exceptions.TimeoutException: Message: Can't find element by locator https://brainup.site/groups\n\n/opt/hostedtoolcache/Python/3.12.8/x64/lib/python3.12/site-packages/selenium/webdriver/support/wait.py:95: TimeoutException",
  "flaky" : false,
  "newFailed" : false,
  "beforeStages" : [ {
    "name" : "clear_allure_results_folder",
    "time" : {
      "start" : 1736300594382,
      "stop" : 1736300594382,
      "duration" : 0
    },
    "status" : "passed",
    "steps" : [ ],
    "attachments" : [ ],
    "parameters" : [ ],
    "stepsCount" : 0,
    "attachmentsCount" : 0,
    "shouldDisplayMessage" : false,
    "hasContent" : false
  }, {
    "name" : "driver",
    "time" : {
      "start" : 1736301910133,
      "stop" : 1736301910884,
      "duration" : 751
    },
    "status" : "passed",
    "steps" : [ ],
    "attachments" : [ ],
    "parameters" : [ ],
    "stepsCount" : 0,
    "attachmentsCount" : 0,
    "shouldDisplayMessage" : false,
    "hasContent" : false
  }, {
    "name" : "main_page_open",
    "time" : {
      "start" : 1736301910884,
      "stop" : 1736301914608,
      "duration" : 3724
    },
    "status" : "passed",
    "steps" : [ {
      "name" : "Open page: https://brainup.site/",
      "time" : {
        "start" : 1736301910884,
        "stop" : 1736301914608,
        "duration" : 3724
      },
      "status" : "passed",
      "steps" : [ ],
      "attachments" : [ ],
      "parameters" : [ {
        "name" : "driver",
        "value" : "<selenium.webdriver.chrome.webdriver.WebDriver (session=\"c4058e08d264b15aad0487d3b5fcb8b1\")>"
      } ],
      "stepsCount" : 0,
      "attachmentsCount" : 0,
      "shouldDisplayMessage" : false,
      "hasContent" : true
    } ],
    "attachments" : [ ],
    "parameters" : [ ],
    "stepsCount" : 1,
    "attachmentsCount" : 0,
    "shouldDisplayMessage" : false,
    "hasContent" : true
  }, {
    "name" : "specialist_user_authorized",
    "time" : {
      "start" : 1736301914608,
      "stop" : 1736301955265,
      "duration" : 40657
    },
    "status" : "broken",
    "statusMessage" : "selenium.common.exceptions.TimeoutException: Message: Can't find element by locator https://brainup.site/groups\n\n",
    "statusTrace" : "  File \"/opt/hostedtoolcache/Python/3.12.8/x64/lib/python3.12/site-packages/pluggy/_callers.py\", line 103, in _multicall\n    res = hook_impl.function(*args)\n          ^^^^^^^^^^^^^^^^^^^^^^^^^\n  File \"/opt/hostedtoolcache/Python/3.12.8/x64/lib/python3.12/site-packages/_pytest/fixtures.py\", line 1123, in pytest_fixture_setup\n    result = call_fixture_func(fixturefunc, request, kwargs)\n             ^^^^^^^^^^^^^^^^^^^^^^^^^^^^^^^^^^^^^^^^^^^^^^^\n  File \"/opt/hostedtoolcache/Python/3.12.8/x64/lib/python3.12/site-packages/_pytest/fixtures.py\", line 902, in call_fixture_func\n    fixture_result = fixturefunc(**kwargs)\n                     ^^^^^^^^^^^^^^^^^^^^^\n  File \"/opt/hostedtoolcache/Python/3.12.8/x64/lib/python3.12/site-packages/allure_commons/_allure.py\", line 192, in impl\n    return func(*a, **kw)\n           ^^^^^^^^^^^^^^\n  File \"/home/runner/work/auto-tests-python/auto-tests-python/tests/conftest.py\", line 84, in specialist_user_authorized\n    page.check_expected_link(MainPageLinks.URL_GROUPS_PAGE)\n  File \"/home/runner/work/auto-tests-python/auto-tests-python/pages/base_page.py\", line 72, in check_expected_link\n    return Wait(self.driver, self.timeout).until(\n           ^^^^^^^^^^^^^^^^^^^^^^^^^^^^^^^^^^^^^^\n  File \"/opt/hostedtoolcache/Python/3.12.8/x64/lib/python3.12/site-packages/selenium/webdriver/support/wait.py\", line 95, in until\n    raise TimeoutException(message, screen, stacktrace)\n",
    "steps" : [ {
      "name" : "USER specialist authorized",
      "time" : {
        "start" : 1736301914609,
        "stop" : 1736301955265,
        "duration" : 40656
      },
      "status" : "broken",
      "statusMessage" : "selenium.common.exceptions.TimeoutException: Message: Can't find element by locator https://brainup.site/groups\n\n",
      "statusTrace" : "  File \"/opt/hostedtoolcache/Python/3.12.8/x64/lib/python3.12/site-packages/allure_commons/_allure.py\", line 192, in impl\n    return func(*a, **kw)\n           ^^^^^^^^^^^^^^\n  File \"/home/runner/work/auto-tests-python/auto-tests-python/tests/conftest.py\", line 84, in specialist_user_authorized\n    page.check_expected_link(MainPageLinks.URL_GROUPS_PAGE)\n  File \"/home/runner/work/auto-tests-python/auto-tests-python/pages/base_page.py\", line 72, in check_expected_link\n    return Wait(self.driver, self.timeout).until(\n           ^^^^^^^^^^^^^^^^^^^^^^^^^^^^^^^^^^^^^^\n  File \"/opt/hostedtoolcache/Python/3.12.8/x64/lib/python3.12/site-packages/selenium/webdriver/support/wait.py\", line 95, in until\n    raise TimeoutException(message, screen, stacktrace)\n",
      "steps" : [ {
        "name" : "Check url is present: https://brainup.site/groups",
        "time" : {
          "start" : 1736301914999,
          "stop" : 1736301955265,
          "duration" : 40266
        },
        "status" : "broken",
        "statusMessage" : "selenium.common.exceptions.TimeoutException: Message: Can't find element by locator https://brainup.site/groups\n\n",
        "statusTrace" : "  File \"/home/runner/work/auto-tests-python/auto-tests-python/pages/base_page.py\", line 72, in check_expected_link\n    return Wait(self.driver, self.timeout).until(\n           ^^^^^^^^^^^^^^^^^^^^^^^^^^^^^^^^^^^^^^\n  File \"/opt/hostedtoolcache/Python/3.12.8/x64/lib/python3.12/site-packages/selenium/webdriver/support/wait.py\", line 95, in until\n    raise TimeoutException(message, screen, stacktrace)\n",
        "steps" : [ ],
        "attachments" : [ ],
        "parameters" : [ ],
        "stepsCount" : 0,
        "attachmentsCount" : 0,
        "shouldDisplayMessage" : true,
        "hasContent" : true
      } ],
      "attachments" : [ ],
      "parameters" : [ {
        "name" : "driver",
        "value" : "<selenium.webdriver.chrome.webdriver.WebDriver (session=\"c4058e08d264b15aad0487d3b5fcb8b1\")>"
      }, {
        "name" : "main_page_open",
        "value" : "None"
      } ],
      "stepsCount" : 1,
      "attachmentsCount" : 0,
      "shouldDisplayMessage" : false,
      "hasContent" : true
    } ],
    "attachments" : [ ],
    "parameters" : [ ],
    "stepsCount" : 2,
    "attachmentsCount" : 0,
    "shouldDisplayMessage" : false,
    "hasContent" : true
  } ],
  "afterStages" : [ {
    "name" : "driver::0",
    "time" : {
      "start" : 1736301955279,
      "stop" : 1736301955356,
      "duration" : 77
    },
    "status" : "passed",
    "steps" : [ ],
    "attachments" : [ ],
    "parameters" : [ ],
    "stepsCount" : 0,
    "attachmentsCount" : 0,
    "shouldDisplayMessage" : false,
    "hasContent" : false
  } ],
  "labels" : [ {
    "name" : "suite",
    "value" : "Speech exercises EN."
  }, {
    "name" : "epic",
    "value" : "Speech exercises."
  }, {
    "name" : "tag",
    "value" : "@pytest.mark.xfail"
  }, {
    "name" : "parentSuite",
    "value" : "tests"
  }, {
    "name" : "subSuite",
    "value" : "TestCardsEN"
  }, {
    "name" : "host",
    "value" : "fv-az1914-984"
  }, {
    "name" : "thread",
    "value" : "2428-MainThread"
  }, {
    "name" : "framework",
    "value" : "pytest"
  }, {
    "name" : "language",
    "value" : "cpython3"
  }, {
    "name" : "package",
    "value" : "tests.test_speech_exercises_en"
  }, {
    "name" : "resultFormat",
    "value" : "allure2"
  } ],
  "parameters" : [ ],
  "links" : [ ],
  "hidden" : false,
  "retry" : false,
  "extra" : {
    "severity" : "normal",
    "retries" : [ ],
    "categories" : [ ],
    "history" : {
      "statistic" : {
        "failed" : 0,
        "broken" : 0,
        "skipped" : 28,
        "passed" : 66,
        "unknown" : 0,
        "total" : 94
      },
      "items" : [ {
        "uid" : "99c14530558983ce",
        "reportUrl" : "https://lambotik.github.io/auto-tests-python/147//#testresult/99c14530558983ce",
        "status" : "skipped",
        "statusDetails" : "XFAIL\n\nselenium.common.exceptions.TimeoutException: Message: Can't find element by locator https://brainup.site/groups",
        "time" : {
          "start" : 1736215491862,
          "stop" : 1736215491862,
          "duration" : 0
        }
      }, {
        "uid" : "a5ef1b6ce8b22512",
        "reportUrl" : "https://lambotik.github.io/auto-tests-python/146//#testresult/a5ef1b6ce8b22512",
        "status" : "skipped",
        "statusDetails" : "XFAIL\n\nselenium.common.exceptions.TimeoutException: Message: Can't find element by locator https://brainup.site/groups",
        "time" : {
          "start" : 1736129316131,
          "stop" : 1736129316132,
          "duration" : 1
        }
      }, {
        "uid" : "2ab26a0a4628691e",
        "reportUrl" : "https://lambotik.github.io/auto-tests-python/145//#testresult/2ab26a0a4628691e",
        "status" : "skipped",
        "statusDetails" : "XFAIL\n\nselenium.common.exceptions.TimeoutException: Message: Can't find element by locator https://brainup.site/groups",
        "time" : {
          "start" : 1736043082710,
          "stop" : 1736043082710,
          "duration" : 0
        }
      }, {
        "uid" : "8e7a64dc9332aaef",
        "reportUrl" : "https://lambotik.github.io/auto-tests-python/144//#testresult/8e7a64dc9332aaef",
        "status" : "skipped",
        "statusDetails" : "XFAIL\n\nselenium.common.exceptions.TimeoutException: Message: Can't find element by locator https://brainup.site/groups",
        "time" : {
          "start" : 1735956258241,
          "stop" : 1735956258241,
          "duration" : 0
        }
      }, {
        "uid" : "55f0e256f28527dd",
        "reportUrl" : "https://lambotik.github.io/auto-tests-python/143//#testresult/55f0e256f28527dd",
        "status" : "skipped",
        "statusDetails" : "XFAIL\n\nselenium.common.exceptions.TimeoutException: Message: Can't find element by locator https://brainup.site/groups",
        "time" : {
          "start" : 1735869895250,
          "stop" : 1735869895250,
          "duration" : 0
        }
      }, {
        "uid" : "89db5c8c206feda1",
        "reportUrl" : "https://lambotik.github.io/auto-tests-python/142//#testresult/89db5c8c206feda1",
        "status" : "skipped",
        "statusDetails" : "XFAIL\n\nselenium.common.exceptions.TimeoutException: Message: Can't find element by locator https://brainup.site/groups",
        "time" : {
          "start" : 1735783440713,
          "stop" : 1735783440713,
          "duration" : 0
        }
      }, {
        "uid" : "226bb9fb7ebe3873",
        "reportUrl" : "https://lambotik.github.io/auto-tests-python/141//#testresult/226bb9fb7ebe3873",
        "status" : "skipped",
        "statusDetails" : "XFAIL\n\nselenium.common.exceptions.TimeoutException: Message: Can't find element by locator https://brainup.site/groups",
        "time" : {
          "start" : 1735697478215,
          "stop" : 1735697478215,
          "duration" : 0
        }
      }, {
        "uid" : "1e72470fdfd4d25a",
        "reportUrl" : "https://lambotik.github.io/auto-tests-python/140//#testresult/1e72470fdfd4d25a",
        "status" : "skipped",
        "statusDetails" : "XFAIL\n\nselenium.common.exceptions.TimeoutException: Message: Can't find element by locator https://brainup.site/groups",
        "time" : {
          "start" : 1735610767959,
          "stop" : 1735610767959,
          "duration" : 0
        }
      }, {
        "uid" : "1808366de0fe1bd6",
        "reportUrl" : "https://lambotik.github.io/auto-tests-python/139//#testresult/1808366de0fe1bd6",
        "status" : "skipped",
        "statusDetails" : "XFAIL\n\nselenium.common.exceptions.TimeoutException: Message: Can't find element by locator https://brainup.site/groups",
        "time" : {
          "start" : 1735524464269,
          "stop" : 1735524464269,
          "duration" : 0
        }
      }, {
        "uid" : "da02ec878107695f",
        "reportUrl" : "https://lambotik.github.io/auto-tests-python/138//#testresult/da02ec878107695f",
        "status" : "skipped",
        "statusDetails" : "XFAIL\n\nselenium.common.exceptions.TimeoutException: Message: Can't find element by locator https://brainup.site/groups",
        "time" : {
          "start" : 1735438326700,
          "stop" : 1735438326700,
          "duration" : 0
        }
      }, {
        "uid" : "8e73e823f2889459",
        "reportUrl" : "https://lambotik.github.io/auto-tests-python/137//#testresult/8e73e823f2889459",
        "status" : "skipped",
        "statusDetails" : "XFAIL\n\nselenium.common.exceptions.TimeoutException: Message: Can't find element by locator https://brainup.site/groups",
        "time" : {
          "start" : 1735351296854,
          "stop" : 1735351296854,
          "duration" : 0
        }
      }, {
        "uid" : "5b8e4c84b0241354",
        "reportUrl" : "https://lambotik.github.io/auto-tests-python/136//#testresult/5b8e4c84b0241354",
        "status" : "skipped",
        "statusDetails" : "XFAIL\n\nselenium.common.exceptions.TimeoutException: Message: Can't find element by locator https://brainup.site/groups",
        "time" : {
          "start" : 1735265202322,
          "stop" : 1735265202322,
          "duration" : 0
        }
      }, {
        "uid" : "7cc2ffe9aabf3c1f",
        "reportUrl" : "https://lambotik.github.io/auto-tests-python/81//#testresult/7cc2ffe9aabf3c1f",
        "status" : "passed",
        "statusDetails" : "XPASS",
        "time" : {
          "start" : 1730512250702,
          "stop" : 1730512261248,
          "duration" : 10546
        }
      }, {
        "uid" : "2a63d227a12b98e6",
        "reportUrl" : "https://lambotik.github.io/auto-tests-python/80//#testresult/2a63d227a12b98e6",
        "status" : "passed",
        "statusDetails" : "XPASS",
        "time" : {
          "start" : 1730426426441,
          "stop" : 1730426435721,
          "duration" : 9280
        }
      }, {
        "uid" : "4c1b35e3a4ef5f9e",
        "reportUrl" : "https://lambotik.github.io/auto-tests-python/79//#testresult/4c1b35e3a4ef5f9e",
        "status" : "passed",
        "statusDetails" : "XPASS",
        "time" : {
          "start" : 1730339657343,
          "stop" : 1730339665978,
          "duration" : 8635
        }
      }, {
        "uid" : "6fdea06d384975cd",
        "reportUrl" : "https://lambotik.github.io/auto-tests-python/78//#testresult/6fdea06d384975cd",
        "status" : "passed",
        "statusDetails" : "XPASS",
        "time" : {
          "start" : 1730253166824,
          "stop" : 1730253175546,
          "duration" : 8722
        }
      }, {
        "uid" : "532226308769c6e3",
        "reportUrl" : "https://lambotik.github.io/auto-tests-python/77//#testresult/532226308769c6e3",
        "status" : "passed",
        "statusDetails" : "XPASS",
        "time" : {
          "start" : 1730166878582,
          "stop" : 1730166888541,
          "duration" : 9959
        }
      }, {
        "uid" : "167bcca7c5936a84",
        "reportUrl" : "https://lambotik.github.io/auto-tests-python/76//#testresult/167bcca7c5936a84",
        "status" : "passed",
        "statusDetails" : "XPASS",
        "time" : {
          "start" : 1730080617075,
          "stop" : 1730080627040,
          "duration" : 9965
        }
      }, {
        "uid" : "cdfcd527effd4660",
        "reportUrl" : "https://lambotik.github.io/auto-tests-python/75//#testresult/cdfcd527effd4660",
        "status" : "passed",
        "statusDetails" : "XPASS",
        "time" : {
          "start" : 1729994399697,
          "stop" : 1729994411491,
          "duration" : 11794
        }
      }, {
        "uid" : "4bceae8c96355cf0",
        "reportUrl" : "https://lambotik.github.io/auto-tests-python/74//#testresult/4bceae8c96355cf0",
        "status" : "passed",
        "statusDetails" : "XPASS",
        "time" : {
          "start" : 1729907335235,
          "stop" : 1729907344679,
          "duration" : 9444
        }
      } ]
    },
    "tags" : [ "@pytest.mark.xfail" ]
  },
  "source" : "a08de8fcfaed14d7.json",
  "parameterValues" : [ ]
}