{
  "uid" : "a552fd49122f3ac2",
  "name" : "Verify return main page from description page.",
  "fullName" : "tests.description_page_test.TestDescriptionPage#test_dp_01_verify_return_main_page_from_description_page",
  "historyId" : "6b55273ef664982f4126cba6302ba005",
  "time" : {
    "start" : 1736300736833,
    "stop" : 1736300777279,
    "duration" : 40446
  },
  "status" : "broken",
  "statusMessage" : "selenium.common.exceptions.TimeoutException: Message: Can't find element by locator https://brainup.site/",
  "statusTrace" : "self = <pages.description_page.DescriptionPage object at 0x7f4f4cea68a0>\nurl = 'https://brainup.site/'\n\n    def check_expected_link(self, url):\n        with allure.step(f'Check url is present: {url}'):\n            try:\n>               return Wait(self.driver, self.timeout).until(\n                    ec.url_to_be(url), message=f\"Can't find element by locator {url}\")\n\npages/base_page.py:68: \n_ _ _ _ _ _ _ _ _ _ _ _ _ _ _ _ _ _ _ _ _ _ _ _ _ _ _ _ _ _ _ _ _ _ _ _ _ _ _ _ \n\nself = <selenium.webdriver.support.wait.WebDriverWait (session=\"dd39f48fed9e816cc00caa80b7e79e28\")>\nmethod = <function url_to_be.<locals>._predicate at 0x7f4f4cd736a0>\nmessage = \"Can't find element by locator https://brainup.site/\"\n\n    def until(self, method, message: str = \"\"):\n        \"\"\"Calls the method provided with the driver as an argument until the \\\n        return value does not evaluate to ``False``.\n    \n        :param method: callable(WebDriver)\n        :param message: optional message for :exc:`TimeoutException`\n        :returns: the result of the last call to `method`\n        :raises: :exc:`selenium.common.exceptions.TimeoutException` if timeout occurs\n        \"\"\"\n        screen = None\n        stacktrace = None\n    \n        end_time = time.monotonic() + self._timeout\n        while True:\n            try:\n                value = method(self._driver)\n                if value:\n                    return value\n            except self._ignored_exceptions as exc:\n                screen = getattr(exc, \"screen\", None)\n                stacktrace = getattr(exc, \"stacktrace\", None)\n            time.sleep(self._poll)\n            if time.monotonic() > end_time:\n                break\n>       raise TimeoutException(message, screen, stacktrace)\nE       selenium.common.exceptions.TimeoutException: Message: Can't find element by locator https://brainup.site/\n\n/opt/hostedtoolcache/Python/3.12.8/x64/lib/python3.12/site-packages/selenium/webdriver/support/wait.py:95: TimeoutException\n\nDuring handling of the above exception, another exception occurred:\n\nself = <tests.description_page_test.TestDescriptionPage object at 0x7f4f4d2d0080>\ndriver = <selenium.webdriver.chrome.webdriver.WebDriver (session=\"dd39f48fed9e816cc00caa80b7e79e28\")>\ndescription_page_open = None\n\n    @allure.title(\"Verify return main page from description page.\")\n    def test_dp_01_verify_return_main_page_from_description_page(self, driver, description_page_open):\n        page = DescriptionPage(driver)\n>       main_url = page.return_main_page()\n\ntests/description_page_test.py:12: \n_ _ _ _ _ _ _ _ _ _ _ _ _ _ _ _ _ _ _ _ _ _ _ _ _ _ _ _ _ _ _ _ _ _ _ _ _ _ _ _ \npages/description_page.py:14: in return_main_page\n    self.check_expected_link(MainPageLinks.URL_MAIN_PAGE)\npages/base_page.py:72: in check_expected_link\n    return Wait(self.driver, self.timeout).until(\n_ _ _ _ _ _ _ _ _ _ _ _ _ _ _ _ _ _ _ _ _ _ _ _ _ _ _ _ _ _ _ _ _ _ _ _ _ _ _ _ \n\nself = <selenium.webdriver.support.wait.WebDriverWait (session=\"dd39f48fed9e816cc00caa80b7e79e28\")>\nmethod = <function url_to_be.<locals>._predicate at 0x7f4f4cd73740>\nmessage = \"Can't find element by locator https://brainup.site/\"\n\n    def until(self, method, message: str = \"\"):\n        \"\"\"Calls the method provided with the driver as an argument until the \\\n        return value does not evaluate to ``False``.\n    \n        :param method: callable(WebDriver)\n        :param message: optional message for :exc:`TimeoutException`\n        :returns: the result of the last call to `method`\n        :raises: :exc:`selenium.common.exceptions.TimeoutException` if timeout occurs\n        \"\"\"\n        screen = None\n        stacktrace = None\n    \n        end_time = time.monotonic() + self._timeout\n        while True:\n            try:\n                value = method(self._driver)\n                if value:\n                    return value\n            except self._ignored_exceptions as exc:\n                screen = getattr(exc, \"screen\", None)\n                stacktrace = getattr(exc, \"stacktrace\", None)\n            time.sleep(self._poll)\n            if time.monotonic() > end_time:\n                break\n>       raise TimeoutException(message, screen, stacktrace)\nE       selenium.common.exceptions.TimeoutException: Message: Can't find element by locator https://brainup.site/\n\n/opt/hostedtoolcache/Python/3.12.8/x64/lib/python3.12/site-packages/selenium/webdriver/support/wait.py:95: TimeoutException",
  "flaky" : false,
  "newFailed" : false,
  "beforeStages" : [ {
    "name" : "clear_allure_results_folder",
    "time" : {
      "start" : 1736300594382,
      "stop" : 1736300594382,
      "duration" : 0
    },
    "status" : "passed",
    "steps" : [ ],
    "attachments" : [ ],
    "parameters" : [ ],
    "stepsCount" : 0,
    "attachmentsCount" : 0,
    "shouldDisplayMessage" : false,
    "hasContent" : false
  }, {
    "name" : "driver",
    "time" : {
      "start" : 1736300732404,
      "stop" : 1736300733164,
      "duration" : 760
    },
    "status" : "passed",
    "steps" : [ ],
    "attachments" : [ ],
    "parameters" : [ ],
    "stepsCount" : 0,
    "attachmentsCount" : 0,
    "shouldDisplayMessage" : false,
    "hasContent" : false
  }, {
    "name" : "description_page_open",
    "time" : {
      "start" : 1736300733164,
      "stop" : 1736300736833,
      "duration" : 3669
    },
    "status" : "passed",
    "steps" : [ {
      "name" : "Open page: https://brainup.site/description",
      "time" : {
        "start" : 1736300733164,
        "stop" : 1736300736833,
        "duration" : 3669
      },
      "status" : "passed",
      "steps" : [ ],
      "attachments" : [ ],
      "parameters" : [ {
        "name" : "driver",
        "value" : "<selenium.webdriver.chrome.webdriver.WebDriver (session=\"dd39f48fed9e816cc00caa80b7e79e28\")>"
      } ],
      "stepsCount" : 0,
      "attachmentsCount" : 0,
      "shouldDisplayMessage" : false,
      "hasContent" : true
    } ],
    "attachments" : [ ],
    "parameters" : [ ],
    "stepsCount" : 1,
    "attachmentsCount" : 0,
    "shouldDisplayMessage" : false,
    "hasContent" : true
  } ],
  "testStage" : {
    "status" : "broken",
    "statusMessage" : "selenium.common.exceptions.TimeoutException: Message: Can't find element by locator https://brainup.site/",
    "statusTrace" : "self = <pages.description_page.DescriptionPage object at 0x7f4f4cea68a0>\nurl = 'https://brainup.site/'\n\n    def check_expected_link(self, url):\n        with allure.step(f'Check url is present: {url}'):\n            try:\n>               return Wait(self.driver, self.timeout).until(\n                    ec.url_to_be(url), message=f\"Can't find element by locator {url}\")\n\npages/base_page.py:68: \n_ _ _ _ _ _ _ _ _ _ _ _ _ _ _ _ _ _ _ _ _ _ _ _ _ _ _ _ _ _ _ _ _ _ _ _ _ _ _ _ \n\nself = <selenium.webdriver.support.wait.WebDriverWait (session=\"dd39f48fed9e816cc00caa80b7e79e28\")>\nmethod = <function url_to_be.<locals>._predicate at 0x7f4f4cd736a0>\nmessage = \"Can't find element by locator https://brainup.site/\"\n\n    def until(self, method, message: str = \"\"):\n        \"\"\"Calls the method provided with the driver as an argument until the \\\n        return value does not evaluate to ``False``.\n    \n        :param method: callable(WebDriver)\n        :param message: optional message for :exc:`TimeoutException`\n        :returns: the result of the last call to `method`\n        :raises: :exc:`selenium.common.exceptions.TimeoutException` if timeout occurs\n        \"\"\"\n        screen = None\n        stacktrace = None\n    \n        end_time = time.monotonic() + self._timeout\n        while True:\n            try:\n                value = method(self._driver)\n                if value:\n                    return value\n            except self._ignored_exceptions as exc:\n                screen = getattr(exc, \"screen\", None)\n                stacktrace = getattr(exc, \"stacktrace\", None)\n            time.sleep(self._poll)\n            if time.monotonic() > end_time:\n                break\n>       raise TimeoutException(message, screen, stacktrace)\nE       selenium.common.exceptions.TimeoutException: Message: Can't find element by locator https://brainup.site/\n\n/opt/hostedtoolcache/Python/3.12.8/x64/lib/python3.12/site-packages/selenium/webdriver/support/wait.py:95: TimeoutException\n\nDuring handling of the above exception, another exception occurred:\n\nself = <tests.description_page_test.TestDescriptionPage object at 0x7f4f4d2d0080>\ndriver = <selenium.webdriver.chrome.webdriver.WebDriver (session=\"dd39f48fed9e816cc00caa80b7e79e28\")>\ndescription_page_open = None\n\n    @allure.title(\"Verify return main page from description page.\")\n    def test_dp_01_verify_return_main_page_from_description_page(self, driver, description_page_open):\n        page = DescriptionPage(driver)\n>       main_url = page.return_main_page()\n\ntests/description_page_test.py:12: \n_ _ _ _ _ _ _ _ _ _ _ _ _ _ _ _ _ _ _ _ _ _ _ _ _ _ _ _ _ _ _ _ _ _ _ _ _ _ _ _ \npages/description_page.py:14: in return_main_page\n    self.check_expected_link(MainPageLinks.URL_MAIN_PAGE)\npages/base_page.py:72: in check_expected_link\n    return Wait(self.driver, self.timeout).until(\n_ _ _ _ _ _ _ _ _ _ _ _ _ _ _ _ _ _ _ _ _ _ _ _ _ _ _ _ _ _ _ _ _ _ _ _ _ _ _ _ \n\nself = <selenium.webdriver.support.wait.WebDriverWait (session=\"dd39f48fed9e816cc00caa80b7e79e28\")>\nmethod = <function url_to_be.<locals>._predicate at 0x7f4f4cd73740>\nmessage = \"Can't find element by locator https://brainup.site/\"\n\n    def until(self, method, message: str = \"\"):\n        \"\"\"Calls the method provided with the driver as an argument until the \\\n        return value does not evaluate to ``False``.\n    \n        :param method: callable(WebDriver)\n        :param message: optional message for :exc:`TimeoutException`\n        :returns: the result of the last call to `method`\n        :raises: :exc:`selenium.common.exceptions.TimeoutException` if timeout occurs\n        \"\"\"\n        screen = None\n        stacktrace = None\n    \n        end_time = time.monotonic() + self._timeout\n        while True:\n            try:\n                value = method(self._driver)\n                if value:\n                    return value\n            except self._ignored_exceptions as exc:\n                screen = getattr(exc, \"screen\", None)\n                stacktrace = getattr(exc, \"stacktrace\", None)\n            time.sleep(self._poll)\n            if time.monotonic() > end_time:\n                break\n>       raise TimeoutException(message, screen, stacktrace)\nE       selenium.common.exceptions.TimeoutException: Message: Can't find element by locator https://brainup.site/\n\n/opt/hostedtoolcache/Python/3.12.8/x64/lib/python3.12/site-packages/selenium/webdriver/support/wait.py:95: TimeoutException",
    "steps" : [ {
      "name" : "Return main page from description page",
      "time" : {
        "start" : 1736300736833,
        "stop" : 1736300777278,
        "duration" : 40445
      },
      "status" : "broken",
      "statusMessage" : "selenium.common.exceptions.TimeoutException: Message: Can't find element by locator https://brainup.site/\n\n",
      "statusTrace" : "  File \"/opt/hostedtoolcache/Python/3.12.8/x64/lib/python3.12/site-packages/allure_commons/_allure.py\", line 192, in impl\n    return func(*a, **kw)\n           ^^^^^^^^^^^^^^\n  File \"/home/runner/work/auto-tests-python/auto-tests-python/pages/description_page.py\", line 14, in return_main_page\n    self.check_expected_link(MainPageLinks.URL_MAIN_PAGE)\n  File \"/home/runner/work/auto-tests-python/auto-tests-python/pages/base_page.py\", line 72, in check_expected_link\n    return Wait(self.driver, self.timeout).until(\n           ^^^^^^^^^^^^^^^^^^^^^^^^^^^^^^^^^^^^^^\n  File \"/opt/hostedtoolcache/Python/3.12.8/x64/lib/python3.12/site-packages/selenium/webdriver/support/wait.py\", line 95, in until\n    raise TimeoutException(message, screen, stacktrace)\n",
      "steps" : [ {
        "name" : "Check url is present: https://brainup.site/",
        "time" : {
          "start" : 1736300736987,
          "stop" : 1736300777278,
          "duration" : 40291
        },
        "status" : "broken",
        "statusMessage" : "selenium.common.exceptions.TimeoutException: Message: Can't find element by locator https://brainup.site/\n\n",
        "statusTrace" : "  File \"/home/runner/work/auto-tests-python/auto-tests-python/pages/base_page.py\", line 72, in check_expected_link\n    return Wait(self.driver, self.timeout).until(\n           ^^^^^^^^^^^^^^^^^^^^^^^^^^^^^^^^^^^^^^\n  File \"/opt/hostedtoolcache/Python/3.12.8/x64/lib/python3.12/site-packages/selenium/webdriver/support/wait.py\", line 95, in until\n    raise TimeoutException(message, screen, stacktrace)\n",
        "steps" : [ ],
        "attachments" : [ ],
        "parameters" : [ ],
        "stepsCount" : 0,
        "attachmentsCount" : 0,
        "shouldDisplayMessage" : true,
        "hasContent" : true
      } ],
      "attachments" : [ ],
      "parameters" : [ ],
      "stepsCount" : 1,
      "attachmentsCount" : 0,
      "shouldDisplayMessage" : false,
      "hasContent" : true
    } ],
    "attachments" : [ {
      "uid" : "15dbc53d6d259575",
      "name" : "Screenshot 2025-01-08 01:46:17.393148",
      "source" : "15dbc53d6d259575.png",
      "type" : "image/png",
      "size" : 122368
    } ],
    "parameters" : [ ],
    "stepsCount" : 2,
    "attachmentsCount" : 1,
    "shouldDisplayMessage" : true,
    "hasContent" : true
  },
  "afterStages" : [ {
    "name" : "driver::0",
    "time" : {
      "start" : 1736300777394,
      "stop" : 1736300777466,
      "duration" : 72
    },
    "status" : "passed",
    "steps" : [ ],
    "attachments" : [ ],
    "parameters" : [ ],
    "stepsCount" : 0,
    "attachmentsCount" : 0,
    "shouldDisplayMessage" : false,
    "hasContent" : false
  } ],
  "labels" : [ {
    "name" : "epic",
    "value" : "Description Page."
  }, {
    "name" : "parentSuite",
    "value" : "tests"
  }, {
    "name" : "suite",
    "value" : "description_page_test"
  }, {
    "name" : "subSuite",
    "value" : "TestDescriptionPage"
  }, {
    "name" : "host",
    "value" : "fv-az1914-984"
  }, {
    "name" : "thread",
    "value" : "2428-MainThread"
  }, {
    "name" : "framework",
    "value" : "pytest"
  }, {
    "name" : "language",
    "value" : "cpython3"
  }, {
    "name" : "package",
    "value" : "tests.description_page_test"
  }, {
    "name" : "resultFormat",
    "value" : "allure2"
  } ],
  "parameters" : [ ],
  "links" : [ ],
  "hidden" : false,
  "retry" : false,
  "extra" : {
    "severity" : "normal",
    "retries" : [ ],
    "categories" : [ {
      "name" : "Test defects",
      "matchedStatuses" : [ ],
      "flaky" : false
    } ],
    "history" : {
      "statistic" : {
        "failed" : 0,
        "broken" : 16,
        "skipped" : 0,
        "passed" : 78,
        "unknown" : 0,
        "total" : 94
      },
      "items" : [ {
        "uid" : "cb2aa1a9d13aff3d",
        "reportUrl" : "https://lambotik.github.io/auto-tests-python/147//#testresult/cb2aa1a9d13aff3d",
        "status" : "broken",
        "statusDetails" : "selenium.common.exceptions.TimeoutException: Message: Can't find element by locator https://brainup.site/",
        "time" : {
          "start" : 1736214352627,
          "stop" : 1736214393183,
          "duration" : 40556
        }
      }, {
        "uid" : "2a45a3bc29e1e593",
        "reportUrl" : "https://lambotik.github.io/auto-tests-python/146//#testresult/2a45a3bc29e1e593",
        "status" : "broken",
        "statusDetails" : "selenium.common.exceptions.TimeoutException: Message: Can't find element by locator https://brainup.site/",
        "time" : {
          "start" : 1736128171679,
          "stop" : 1736128212139,
          "duration" : 40460
        }
      }, {
        "uid" : "97faf6f4cc50c2ff",
        "reportUrl" : "https://lambotik.github.io/auto-tests-python/145//#testresult/97faf6f4cc50c2ff",
        "status" : "broken",
        "statusDetails" : "selenium.common.exceptions.TimeoutException: Message: Can't find element by locator https://brainup.site/",
        "time" : {
          "start" : 1736041903095,
          "stop" : 1736041943516,
          "duration" : 40421
        }
      }, {
        "uid" : "1a9f42001835aa56",
        "reportUrl" : "https://lambotik.github.io/auto-tests-python/144//#testresult/1a9f42001835aa56",
        "status" : "broken",
        "statusDetails" : "selenium.common.exceptions.TimeoutException: Message: Can't find element by locator https://brainup.site/",
        "time" : {
          "start" : 1735955006185,
          "stop" : 1735955046536,
          "duration" : 40351
        }
      }, {
        "uid" : "146b9034416e38e4",
        "reportUrl" : "https://lambotik.github.io/auto-tests-python/143//#testresult/146b9034416e38e4",
        "status" : "broken",
        "statusDetails" : "selenium.common.exceptions.TimeoutException: Message: Can't find element by locator https://brainup.site/",
        "time" : {
          "start" : 1735868715874,
          "stop" : 1735868756360,
          "duration" : 40486
        }
      }, {
        "uid" : "436f693b9fc606fa",
        "reportUrl" : "https://lambotik.github.io/auto-tests-python/142//#testresult/436f693b9fc606fa",
        "status" : "broken",
        "statusDetails" : "selenium.common.exceptions.TimeoutException: Message: Can't find element by locator https://brainup.site/",
        "time" : {
          "start" : 1735782260009,
          "stop" : 1735782300480,
          "duration" : 40471
        }
      }, {
        "uid" : "aeb55726d79abf41",
        "reportUrl" : "https://lambotik.github.io/auto-tests-python/141//#testresult/aeb55726d79abf41",
        "status" : "broken",
        "statusDetails" : "selenium.common.exceptions.TimeoutException: Message: Can't find element by locator https://brainup.site/",
        "time" : {
          "start" : 1735696332979,
          "stop" : 1735696373387,
          "duration" : 40408
        }
      }, {
        "uid" : "7b97ac913dd38dfd",
        "reportUrl" : "https://lambotik.github.io/auto-tests-python/140//#testresult/7b97ac913dd38dfd",
        "status" : "broken",
        "statusDetails" : "selenium.common.exceptions.TimeoutException: Message: Can't find element by locator https://brainup.site/",
        "time" : {
          "start" : 1735609491933,
          "stop" : 1735609532329,
          "duration" : 40396
        }
      }, {
        "uid" : "8e6bd320843a00ae",
        "reportUrl" : "https://lambotik.github.io/auto-tests-python/139//#testresult/8e6bd320843a00ae",
        "status" : "broken",
        "statusDetails" : "selenium.common.exceptions.TimeoutException: Message: Can't find element by locator https://brainup.site/",
        "time" : {
          "start" : 1735523283889,
          "stop" : 1735523324432,
          "duration" : 40543
        }
      }, {
        "uid" : "b1c4196c00a08616",
        "reportUrl" : "https://lambotik.github.io/auto-tests-python/138//#testresult/b1c4196c00a08616",
        "status" : "broken",
        "statusDetails" : "selenium.common.exceptions.TimeoutException: Message: Can't find element by locator https://brainup.site/",
        "time" : {
          "start" : 1735437173070,
          "stop" : 1735437213541,
          "duration" : 40471
        }
      }, {
        "uid" : "ed9be7c0825b844f",
        "reportUrl" : "https://lambotik.github.io/auto-tests-python/137//#testresult/ed9be7c0825b844f",
        "status" : "broken",
        "statusDetails" : "selenium.common.exceptions.TimeoutException: Message: Can't find element by locator https://brainup.site/",
        "time" : {
          "start" : 1735350154106,
          "stop" : 1735350194470,
          "duration" : 40364
        }
      }, {
        "uid" : "621d5b5faab328f7",
        "reportUrl" : "https://lambotik.github.io/auto-tests-python/136//#testresult/621d5b5faab328f7",
        "status" : "broken",
        "statusDetails" : "selenium.common.exceptions.TimeoutException: Message: Can't find element by locator https://brainup.site/",
        "time" : {
          "start" : 1735263931472,
          "stop" : 1735263972145,
          "duration" : 40673
        }
      }, {
        "uid" : "536fd9a4082ba368",
        "reportUrl" : "https://lambotik.github.io/auto-tests-python/81//#testresult/536fd9a4082ba368",
        "status" : "passed",
        "time" : {
          "start" : 1730511793185,
          "stop" : 1730511793345,
          "duration" : 160
        }
      }, {
        "uid" : "79d023a4f572132b",
        "reportUrl" : "https://lambotik.github.io/auto-tests-python/80//#testresult/79d023a4f572132b",
        "status" : "passed",
        "time" : {
          "start" : 1730425969154,
          "stop" : 1730425969268,
          "duration" : 114
        }
      }, {
        "uid" : "d94023ab810148da",
        "reportUrl" : "https://lambotik.github.io/auto-tests-python/79//#testresult/d94023ab810148da",
        "status" : "passed",
        "time" : {
          "start" : 1730339227245,
          "stop" : 1730339227359,
          "duration" : 114
        }
      }, {
        "uid" : "e5646f1d18bb74a9",
        "reportUrl" : "https://lambotik.github.io/auto-tests-python/78//#testresult/e5646f1d18bb74a9",
        "status" : "passed",
        "time" : {
          "start" : 1730252738814,
          "stop" : 1730252738961,
          "duration" : 147
        }
      }, {
        "uid" : "2e0cb9a2a1b55606",
        "reportUrl" : "https://lambotik.github.io/auto-tests-python/77//#testresult/2e0cb9a2a1b55606",
        "status" : "passed",
        "time" : {
          "start" : 1730166413860,
          "stop" : 1730166414026,
          "duration" : 166
        }
      }, {
        "uid" : "6f8fce836bdb2d0e",
        "reportUrl" : "https://lambotik.github.io/auto-tests-python/76//#testresult/6f8fce836bdb2d0e",
        "status" : "passed",
        "time" : {
          "start" : 1730080151318,
          "stop" : 1730080151472,
          "duration" : 154
        }
      }, {
        "uid" : "f23396201dec9ccb",
        "reportUrl" : "https://lambotik.github.io/auto-tests-python/75//#testresult/f23396201dec9ccb",
        "status" : "passed",
        "time" : {
          "start" : 1729993911712,
          "stop" : 1729993911861,
          "duration" : 149
        }
      }, {
        "uid" : "ff639801923d7b3c",
        "reportUrl" : "https://lambotik.github.io/auto-tests-python/74//#testresult/ff639801923d7b3c",
        "status" : "passed",
        "time" : {
          "start" : 1729906911839,
          "stop" : 1729906911984,
          "duration" : 145
        }
      } ]
    },
    "tags" : [ ]
  },
  "source" : "a552fd49122f3ac2.json",
  "parameterValues" : [ ]
}