{
  "uid" : "5668e07fc6e04c21",
  "name" : "Verify composition, visibility of elements on the 1st-6th levels of nesting in the Header\n            for an authorized user",
  "fullName" : "tests.header_test.TestAuthHeaderPageStructure#test_hpa_01_02_verify_auth_header_structure_and_visibility",
  "historyId" : "2c0701b270e34cc0e02b7f7fde3aca8b",
  "time" : {
    "start" : 1728266210287,
    "stop" : 1728266210287,
    "duration" : 0
  },
  "status" : "broken",
  "statusMessage" : "selenium.common.exceptions.TimeoutException: Message: Can't find element by locator https://brainup.site/groups",
  "statusTrace" : "self = <pages.base_page.BasePage object at 0x7f0ad3a452e0>\nurl = 'https://brainup.site/groups'\n\n    def check_expected_link(self, url):\n        with allure.step(f'Check url is present: {url}'):\n            try:\n>               return Wait(self.driver, self.timeout).until(\n                    ec.url_to_be(url), message=f\"Can't find element by locator {url}\")\n\npages/base_page.py:68: \n_ _ _ _ _ _ _ _ _ _ _ _ _ _ _ _ _ _ _ _ _ _ _ _ _ _ _ _ _ _ _ _ _ _ _ _ _ _ _ _ \n\nself = <selenium.webdriver.support.wait.WebDriverWait (session=\"8a592d0dc877524a5b2bd7dd6783fb3b\")>\nmethod = <function url_to_be.<locals>._predicate at 0x7f0ad3892340>\nmessage = \"Can't find element by locator https://brainup.site/groups\"\n\n    def until(self, method, message: str = \"\"):\n        \"\"\"Calls the method provided with the driver as an argument until the \\\n        return value does not evaluate to ``False``.\n    \n        :param method: callable(WebDriver)\n        :param message: optional message for :exc:`TimeoutException`\n        :returns: the result of the last call to `method`\n        :raises: :exc:`selenium.common.exceptions.TimeoutException` if timeout occurs\n        \"\"\"\n        screen = None\n        stacktrace = None\n    \n        end_time = time.monotonic() + self._timeout\n        while True:\n            try:\n                value = method(self._driver)\n                if value:\n                    return value\n            except self._ignored_exceptions as exc:\n                screen = getattr(exc, \"screen\", None)\n                stacktrace = getattr(exc, \"stacktrace\", None)\n            time.sleep(self._poll)\n            if time.monotonic() > end_time:\n                break\n>       raise TimeoutException(message, screen, stacktrace)\nE       selenium.common.exceptions.TimeoutException: Message: Can't find element by locator https://brainup.site/groups\n\n/opt/hostedtoolcache/Python/3.12.6/x64/lib/python3.12/site-packages/selenium/webdriver/support/wait.py:95: TimeoutException\n\nDuring handling of the above exception, another exception occurred:\n\ndriver = <selenium.webdriver.chrome.webdriver.WebDriver (session=\"8a592d0dc877524a5b2bd7dd6783fb3b\")>\nmain_page_open = None\n\n    @pytest.fixture()\n    @allure.step('Auto test user authorized')\n    def auto_test_user_authorized(driver, main_page_open):\n        page = BasePage(driver)\n        page.element_is_present_and_clickable(MainPageLocators.LOGIN_BUTTON).click()\n        page.element_is_visible(LoginPageLocators.INPUT_LOGIN).send_keys(os.environ[\"LOGIN\"])\n        page.element_is_visible(LoginPageLocators.INPUT_PASSWORD).send_keys(os.environ[\"PASSWORD\"])\n        page.element_is_present_and_clickable(LoginPageLocators.SIGN_IN_BUTTON).click()\n>       page.check_expected_link(MainPageLinks.URL_GROUPS_PAGE)\n\ntests/conftest.py:71: \n_ _ _ _ _ _ _ _ _ _ _ _ _ _ _ _ _ _ _ _ _ _ _ _ _ _ _ _ _ _ _ _ _ _ _ _ _ _ _ _ \npages/base_page.py:72: in check_expected_link\n    return Wait(self.driver, self.timeout).until(\n_ _ _ _ _ _ _ _ _ _ _ _ _ _ _ _ _ _ _ _ _ _ _ _ _ _ _ _ _ _ _ _ _ _ _ _ _ _ _ _ \n\nself = <selenium.webdriver.support.wait.WebDriverWait (session=\"8a592d0dc877524a5b2bd7dd6783fb3b\")>\nmethod = <function url_to_be.<locals>._predicate at 0x7f0ad3890680>\nmessage = \"Can't find element by locator https://brainup.site/groups\"\n\n    def until(self, method, message: str = \"\"):\n        \"\"\"Calls the method provided with the driver as an argument until the \\\n        return value does not evaluate to ``False``.\n    \n        :param method: callable(WebDriver)\n        :param message: optional message for :exc:`TimeoutException`\n        :returns: the result of the last call to `method`\n        :raises: :exc:`selenium.common.exceptions.TimeoutException` if timeout occurs\n        \"\"\"\n        screen = None\n        stacktrace = None\n    \n        end_time = time.monotonic() + self._timeout\n        while True:\n            try:\n                value = method(self._driver)\n                if value:\n                    return value\n            except self._ignored_exceptions as exc:\n                screen = getattr(exc, \"screen\", None)\n                stacktrace = getattr(exc, \"stacktrace\", None)\n            time.sleep(self._poll)\n            if time.monotonic() > end_time:\n                break\n>       raise TimeoutException(message, screen, stacktrace)\nE       selenium.common.exceptions.TimeoutException: Message: Can't find element by locator https://brainup.site/groups\n\n/opt/hostedtoolcache/Python/3.12.6/x64/lib/python3.12/site-packages/selenium/webdriver/support/wait.py:95: TimeoutException",
  "flaky" : false,
  "newFailed" : false,
  "beforeStages" : [ {
    "name" : "auto_test_user_authorized",
    "time" : {
      "start" : 1728266214913,
      "stop" : 1728266255580,
      "duration" : 40667
    },
    "status" : "broken",
    "statusMessage" : "selenium.common.exceptions.TimeoutException: Message: Can't find element by locator https://brainup.site/groups\n\n",
    "statusTrace" : "  File \"/opt/hostedtoolcache/Python/3.12.6/x64/lib/python3.12/site-packages/pluggy/_callers.py\", line 103, in _multicall\n    res = hook_impl.function(*args)\n          ^^^^^^^^^^^^^^^^^^^^^^^^^\n  File \"/opt/hostedtoolcache/Python/3.12.6/x64/lib/python3.12/site-packages/_pytest/fixtures.py\", line 1123, in pytest_fixture_setup\n    result = call_fixture_func(fixturefunc, request, kwargs)\n             ^^^^^^^^^^^^^^^^^^^^^^^^^^^^^^^^^^^^^^^^^^^^^^^\n  File \"/opt/hostedtoolcache/Python/3.12.6/x64/lib/python3.12/site-packages/_pytest/fixtures.py\", line 902, in call_fixture_func\n    fixture_result = fixturefunc(**kwargs)\n                     ^^^^^^^^^^^^^^^^^^^^^\n  File \"/opt/hostedtoolcache/Python/3.12.6/x64/lib/python3.12/site-packages/allure_commons/_allure.py\", line 192, in impl\n    return func(*a, **kw)\n           ^^^^^^^^^^^^^^\n  File \"/home/runner/work/auto-tests-python/auto-tests-python/tests/conftest.py\", line 71, in auto_test_user_authorized\n    page.check_expected_link(MainPageLinks.URL_GROUPS_PAGE)\n  File \"/home/runner/work/auto-tests-python/auto-tests-python/pages/base_page.py\", line 72, in check_expected_link\n    return Wait(self.driver, self.timeout).until(\n           ^^^^^^^^^^^^^^^^^^^^^^^^^^^^^^^^^^^^^^\n  File \"/opt/hostedtoolcache/Python/3.12.6/x64/lib/python3.12/site-packages/selenium/webdriver/support/wait.py\", line 95, in until\n    raise TimeoutException(message, screen, stacktrace)\n",
    "steps" : [ {
      "name" : "Auto test user authorized",
      "time" : {
        "start" : 1728266214913,
        "stop" : 1728266255579,
        "duration" : 40666
      },
      "status" : "broken",
      "statusMessage" : "selenium.common.exceptions.TimeoutException: Message: Can't find element by locator https://brainup.site/groups\n\n",
      "statusTrace" : "  File \"/opt/hostedtoolcache/Python/3.12.6/x64/lib/python3.12/site-packages/allure_commons/_allure.py\", line 192, in impl\n    return func(*a, **kw)\n           ^^^^^^^^^^^^^^\n  File \"/home/runner/work/auto-tests-python/auto-tests-python/tests/conftest.py\", line 71, in auto_test_user_authorized\n    page.check_expected_link(MainPageLinks.URL_GROUPS_PAGE)\n  File \"/home/runner/work/auto-tests-python/auto-tests-python/pages/base_page.py\", line 72, in check_expected_link\n    return Wait(self.driver, self.timeout).until(\n           ^^^^^^^^^^^^^^^^^^^^^^^^^^^^^^^^^^^^^^\n  File \"/opt/hostedtoolcache/Python/3.12.6/x64/lib/python3.12/site-packages/selenium/webdriver/support/wait.py\", line 95, in until\n    raise TimeoutException(message, screen, stacktrace)\n",
      "steps" : [ {
        "name" : "Check url is present: https://brainup.site/groups",
        "time" : {
          "start" : 1728266215299,
          "stop" : 1728266255579,
          "duration" : 40280
        },
        "status" : "broken",
        "statusMessage" : "selenium.common.exceptions.TimeoutException: Message: Can't find element by locator https://brainup.site/groups\n\n",
        "statusTrace" : "  File \"/home/runner/work/auto-tests-python/auto-tests-python/pages/base_page.py\", line 72, in check_expected_link\n    return Wait(self.driver, self.timeout).until(\n           ^^^^^^^^^^^^^^^^^^^^^^^^^^^^^^^^^^^^^^\n  File \"/opt/hostedtoolcache/Python/3.12.6/x64/lib/python3.12/site-packages/selenium/webdriver/support/wait.py\", line 95, in until\n    raise TimeoutException(message, screen, stacktrace)\n",
        "steps" : [ ],
        "attachments" : [ ],
        "parameters" : [ ],
        "stepsCount" : 0,
        "attachmentsCount" : 0,
        "shouldDisplayMessage" : true,
        "hasContent" : true
      } ],
      "attachments" : [ ],
      "parameters" : [ {
        "name" : "driver",
        "value" : "<selenium.webdriver.chrome.webdriver.WebDriver (session=\"8a592d0dc877524a5b2bd7dd6783fb3b\")>"
      }, {
        "name" : "main_page_open",
        "value" : "None"
      } ],
      "stepsCount" : 1,
      "attachmentsCount" : 0,
      "shouldDisplayMessage" : false,
      "hasContent" : true
    } ],
    "attachments" : [ ],
    "parameters" : [ ],
    "stepsCount" : 2,
    "attachmentsCount" : 0,
    "shouldDisplayMessage" : false,
    "hasContent" : true
  }, {
    "name" : "clear_allure_results_folder",
    "time" : {
      "start" : 1728265527027,
      "stop" : 1728265527027,
      "duration" : 0
    },
    "status" : "passed",
    "steps" : [ ],
    "attachments" : [ ],
    "parameters" : [ ],
    "stepsCount" : 0,
    "attachmentsCount" : 0,
    "shouldDisplayMessage" : false,
    "hasContent" : false
  }, {
    "name" : "driver",
    "time" : {
      "start" : 1728266210287,
      "stop" : 1728266211037,
      "duration" : 750
    },
    "status" : "passed",
    "steps" : [ ],
    "attachments" : [ ],
    "parameters" : [ ],
    "stepsCount" : 0,
    "attachmentsCount" : 0,
    "shouldDisplayMessage" : false,
    "hasContent" : false
  }, {
    "name" : "main_page_open",
    "time" : {
      "start" : 1728266211037,
      "stop" : 1728266214913,
      "duration" : 3876
    },
    "status" : "passed",
    "steps" : [ {
      "name" : "Open page: https://brainup.site/",
      "time" : {
        "start" : 1728266211037,
        "stop" : 1728266214913,
        "duration" : 3876
      },
      "status" : "passed",
      "steps" : [ ],
      "attachments" : [ ],
      "parameters" : [ {
        "name" : "driver",
        "value" : "<selenium.webdriver.chrome.webdriver.WebDriver (session=\"8a592d0dc877524a5b2bd7dd6783fb3b\")>"
      } ],
      "stepsCount" : 0,
      "attachmentsCount" : 0,
      "shouldDisplayMessage" : false,
      "hasContent" : true
    } ],
    "attachments" : [ ],
    "parameters" : [ ],
    "stepsCount" : 1,
    "attachmentsCount" : 0,
    "shouldDisplayMessage" : false,
    "hasContent" : true
  } ],
  "afterStages" : [ {
    "name" : "driver::0",
    "time" : {
      "start" : 1728266255595,
      "stop" : 1728266255682,
      "duration" : 87
    },
    "status" : "passed",
    "steps" : [ ],
    "attachments" : [ ],
    "parameters" : [ ],
    "stepsCount" : 0,
    "attachmentsCount" : 0,
    "shouldDisplayMessage" : false,
    "hasContent" : false
  } ],
  "labels" : [ {
    "name" : "epic",
    "value" : "Test Header"
  }, {
    "name" : "parentSuite",
    "value" : "tests"
  }, {
    "name" : "suite",
    "value" : "header_test"
  }, {
    "name" : "subSuite",
    "value" : "TestHeaderPage"
  }, {
    "name" : "host",
    "value" : "fv-az1429-774"
  }, {
    "name" : "thread",
    "value" : "2350-MainThread"
  }, {
    "name" : "framework",
    "value" : "pytest"
  }, {
    "name" : "language",
    "value" : "cpython3"
  }, {
    "name" : "package",
    "value" : "tests.header_test"
  }, {
    "name" : "resultFormat",
    "value" : "allure2"
  } ],
  "parameters" : [ ],
  "links" : [ ],
  "hidden" : false,
  "retry" : false,
  "extra" : {
    "severity" : "normal",
    "retries" : [ ],
    "categories" : [ {
      "name" : "Test defects",
      "matchedStatuses" : [ ],
      "flaky" : false
    } ],
    "history" : {
      "statistic" : {
        "failed" : 0,
        "broken" : 1,
        "skipped" : 0,
        "passed" : 19,
        "unknown" : 0,
        "total" : 20
      },
      "items" : [ {
        "uid" : "f01c3d46c4ba15b0",
        "reportUrl" : "https://lambotik.github.io/auto-tests-python/54//#testresult/f01c3d46c4ba15b0",
        "status" : "passed",
        "time" : {
          "start" : 1728179613983,
          "stop" : 1728179624522,
          "duration" : 10539
        }
      }, {
        "uid" : "691ee0342b76c571",
        "reportUrl" : "https://lambotik.github.io/auto-tests-python/53//#testresult/691ee0342b76c571",
        "status" : "passed",
        "time" : {
          "start" : 1728092827331,
          "stop" : 1728092837874,
          "duration" : 10543
        }
      }, {
        "uid" : "6d06aa12a10e6f56",
        "reportUrl" : "https://lambotik.github.io/auto-tests-python/52//#testresult/6d06aa12a10e6f56",
        "status" : "passed",
        "time" : {
          "start" : 1728006530885,
          "stop" : 1728006541432,
          "duration" : 10547
        }
      }, {
        "uid" : "c7e8db7c3acbc776",
        "reportUrl" : "https://lambotik.github.io/auto-tests-python/51//#testresult/c7e8db7c3acbc776",
        "status" : "passed",
        "time" : {
          "start" : 1727920161490,
          "stop" : 1727920172070,
          "duration" : 10580
        }
      }, {
        "uid" : "a1f62e32fc6fc730",
        "reportUrl" : "https://lambotik.github.io/auto-tests-python/50//#testresult/a1f62e32fc6fc730",
        "status" : "passed",
        "time" : {
          "start" : 1727833612589,
          "stop" : 1727833623158,
          "duration" : 10569
        }
      }, {
        "uid" : "4821c3f1fe05c34d",
        "reportUrl" : "https://lambotik.github.io/auto-tests-python/49//#testresult/4821c3f1fe05c34d",
        "status" : "passed",
        "time" : {
          "start" : 1727747750146,
          "stop" : 1727747760710,
          "duration" : 10564
        }
      }, {
        "uid" : "ef6beeb3b663f782",
        "reportUrl" : "https://lambotik.github.io/auto-tests-python/48//#testresult/ef6beeb3b663f782",
        "status" : "passed",
        "time" : {
          "start" : 1727661034792,
          "stop" : 1727661045345,
          "duration" : 10553
        }
      }, {
        "uid" : "92c319698bf24026",
        "reportUrl" : "https://lambotik.github.io/auto-tests-python/47//#testresult/92c319698bf24026",
        "status" : "passed",
        "time" : {
          "start" : 1727574853579,
          "stop" : 1727574864125,
          "duration" : 10546
        }
      }, {
        "uid" : "512d4e9a56e223ae",
        "reportUrl" : "https://lambotik.github.io/auto-tests-python/46//#testresult/512d4e9a56e223ae",
        "status" : "passed",
        "time" : {
          "start" : 1727488084128,
          "stop" : 1727488094681,
          "duration" : 10553
        }
      }, {
        "uid" : "61c255dbf3043bfc",
        "reportUrl" : "https://lambotik.github.io/auto-tests-python/45//#testresult/61c255dbf3043bfc",
        "status" : "passed",
        "time" : {
          "start" : 1727401780837,
          "stop" : 1727401791377,
          "duration" : 10540
        }
      }, {
        "uid" : "4554c38b8973e10b",
        "reportUrl" : "https://lambotik.github.io/auto-tests-python/44//#testresult/4554c38b8973e10b",
        "status" : "passed",
        "time" : {
          "start" : 1727315266564,
          "stop" : 1727315277113,
          "duration" : 10549
        }
      }, {
        "uid" : "e2d0b59f4dc997af",
        "reportUrl" : "https://lambotik.github.io/auto-tests-python/43//#testresult/e2d0b59f4dc997af",
        "status" : "passed",
        "time" : {
          "start" : 1727228924049,
          "stop" : 1727228934594,
          "duration" : 10545
        }
      }, {
        "uid" : "7a40005254a77903",
        "reportUrl" : "https://lambotik.github.io/auto-tests-python/42//#testresult/7a40005254a77903",
        "status" : "passed",
        "time" : {
          "start" : 1727142472530,
          "stop" : 1727142483094,
          "duration" : 10564
        }
      }, {
        "uid" : "a9b69b307dfde027",
        "reportUrl" : "https://lambotik.github.io/auto-tests-python/41//#testresult/a9b69b307dfde027",
        "status" : "passed",
        "time" : {
          "start" : 1727056004794,
          "stop" : 1727056015332,
          "duration" : 10538
        }
      }, {
        "uid" : "dccb48f63c3e61ef",
        "reportUrl" : "https://lambotik.github.io/auto-tests-python/40//#testresult/dccb48f63c3e61ef",
        "status" : "passed",
        "time" : {
          "start" : 1726969933402,
          "stop" : 1726969943943,
          "duration" : 10541
        }
      }, {
        "uid" : "e022970651abe18e",
        "reportUrl" : "https://lambotik.github.io/auto-tests-python/39//#testresult/e022970651abe18e",
        "status" : "passed",
        "time" : {
          "start" : 1726882935204,
          "stop" : 1726882945728,
          "duration" : 10524
        }
      }, {
        "uid" : "4bfaea5540f2a6a7",
        "reportUrl" : "https://lambotik.github.io/auto-tests-python/38//#testresult/4bfaea5540f2a6a7",
        "status" : "passed",
        "time" : {
          "start" : 1726796668323,
          "stop" : 1726796678856,
          "duration" : 10533
        }
      }, {
        "uid" : "6eeea18ad1743f2e",
        "reportUrl" : "https://lambotik.github.io/auto-tests-python/37//#testresult/6eeea18ad1743f2e",
        "status" : "passed",
        "time" : {
          "start" : 1726710264912,
          "stop" : 1726710275513,
          "duration" : 10601
        }
      }, {
        "uid" : "e258e4267bbdd419",
        "reportUrl" : "https://lambotik.github.io/auto-tests-python/12//#testresult/e258e4267bbdd419",
        "status" : "passed",
        "time" : {
          "start" : 1726650198086,
          "stop" : 1726650208622,
          "duration" : 10536
        }
      } ]
    },
    "tags" : [ ]
  },
  "source" : "5668e07fc6e04c21.json",
  "parameterValues" : [ ]
}