{
  "uid" : "771e32a0e18b14c3",
  "name" : "Check statistic table.",
  "fullName" : "tests.test_speech_exercises_ru.TestCardsRU#test_get_statistic_data",
  "historyId" : "15df626f86a935fbcd917f7ea4002a26",
  "time" : {
    "start" : 1728267492635,
    "stop" : 1728267492635,
    "duration" : 0
  },
  "status" : "skipped",
  "statusMessage" : "XFAIL\n\nselenium.common.exceptions.TimeoutException: Message: Can't find element by locator https://brainup.site/groups",
  "statusTrace" : "self = <pages.base_page.BasePage object at 0x7f0ad3761cd0>\nurl = 'https://brainup.site/groups'\n\n    def check_expected_link(self, url):\n        with allure.step(f'Check url is present: {url}'):\n            try:\n>               return Wait(self.driver, self.timeout).until(\n                    ec.url_to_be(url), message=f\"Can't find element by locator {url}\")\n\npages/base_page.py:68: \n_ _ _ _ _ _ _ _ _ _ _ _ _ _ _ _ _ _ _ _ _ _ _ _ _ _ _ _ _ _ _ _ _ _ _ _ _ _ _ _ \n\nself = <selenium.webdriver.support.wait.WebDriverWait (session=\"dc18bbf347226096e76bff496e61d647\")>\nmethod = <function url_to_be.<locals>._predicate at 0x7f0ad37bd3a0>\nmessage = \"Can't find element by locator https://brainup.site/groups\"\n\n    def until(self, method, message: str = \"\"):\n        \"\"\"Calls the method provided with the driver as an argument until the \\\n        return value does not evaluate to ``False``.\n    \n        :param method: callable(WebDriver)\n        :param message: optional message for :exc:`TimeoutException`\n        :returns: the result of the last call to `method`\n        :raises: :exc:`selenium.common.exceptions.TimeoutException` if timeout occurs\n        \"\"\"\n        screen = None\n        stacktrace = None\n    \n        end_time = time.monotonic() + self._timeout\n        while True:\n            try:\n                value = method(self._driver)\n                if value:\n                    return value\n            except self._ignored_exceptions as exc:\n                screen = getattr(exc, \"screen\", None)\n                stacktrace = getattr(exc, \"stacktrace\", None)\n            time.sleep(self._poll)\n            if time.monotonic() > end_time:\n                break\n>       raise TimeoutException(message, screen, stacktrace)\nE       selenium.common.exceptions.TimeoutException: Message: Can't find element by locator https://brainup.site/groups\n\n/opt/hostedtoolcache/Python/3.12.6/x64/lib/python3.12/site-packages/selenium/webdriver/support/wait.py:95: TimeoutException\n\nDuring handling of the above exception, another exception occurred:\n\ndriver = <selenium.webdriver.chrome.webdriver.WebDriver (session=\"dc18bbf347226096e76bff496e61d647\")>\nmain_page_open = None\n\n    @pytest.fixture()\n    @allure.step('DEFAULT user authorized')\n    def default_user_authorized(driver, main_page_open):\n        page = BasePage(driver)\n        page.element_is_present_and_clickable(MainPageLocators.LOGIN_BUTTON).click()\n        page.element_is_visible(LoginPageLocators.INPUT_LOGIN).send_keys(os.environ[\"DEFAULT_LOGIN\"])\n        page.element_is_visible(LoginPageLocators.INPUT_PASSWORD).send_keys(os.environ[\"PASSWORD\"])\n        page.element_is_present_and_clickable(LoginPageLocators.SIGN_IN_BUTTON).click()\n>       page.check_expected_link(MainPageLinks.URL_GROUPS_PAGE)\n\ntests/conftest.py:97: \n_ _ _ _ _ _ _ _ _ _ _ _ _ _ _ _ _ _ _ _ _ _ _ _ _ _ _ _ _ _ _ _ _ _ _ _ _ _ _ _ \npages/base_page.py:72: in check_expected_link\n    return Wait(self.driver, self.timeout).until(\n_ _ _ _ _ _ _ _ _ _ _ _ _ _ _ _ _ _ _ _ _ _ _ _ _ _ _ _ _ _ _ _ _ _ _ _ _ _ _ _ \n\nself = <selenium.webdriver.support.wait.WebDriverWait (session=\"dc18bbf347226096e76bff496e61d647\")>\nmethod = <function url_to_be.<locals>._predicate at 0x7f0ad37bd580>\nmessage = \"Can't find element by locator https://brainup.site/groups\"\n\n    def until(self, method, message: str = \"\"):\n        \"\"\"Calls the method provided with the driver as an argument until the \\\n        return value does not evaluate to ``False``.\n    \n        :param method: callable(WebDriver)\n        :param message: optional message for :exc:`TimeoutException`\n        :returns: the result of the last call to `method`\n        :raises: :exc:`selenium.common.exceptions.TimeoutException` if timeout occurs\n        \"\"\"\n        screen = None\n        stacktrace = None\n    \n        end_time = time.monotonic() + self._timeout\n        while True:\n            try:\n                value = method(self._driver)\n                if value:\n                    return value\n            except self._ignored_exceptions as exc:\n                screen = getattr(exc, \"screen\", None)\n                stacktrace = getattr(exc, \"stacktrace\", None)\n            time.sleep(self._poll)\n            if time.monotonic() > end_time:\n                break\n>       raise TimeoutException(message, screen, stacktrace)\nE       selenium.common.exceptions.TimeoutException: Message: Can't find element by locator https://brainup.site/groups\n\n/opt/hostedtoolcache/Python/3.12.6/x64/lib/python3.12/site-packages/selenium/webdriver/support/wait.py:95: TimeoutException",
  "flaky" : false,
  "newFailed" : false,
  "beforeStages" : [ {
    "name" : "default_user_authorized",
    "time" : {
      "start" : 1728267497196,
      "stop" : 1728267537836,
      "duration" : 40640
    },
    "status" : "broken",
    "statusMessage" : "selenium.common.exceptions.TimeoutException: Message: Can't find element by locator https://brainup.site/groups\n\n",
    "statusTrace" : "  File \"/opt/hostedtoolcache/Python/3.12.6/x64/lib/python3.12/site-packages/pluggy/_callers.py\", line 103, in _multicall\n    res = hook_impl.function(*args)\n          ^^^^^^^^^^^^^^^^^^^^^^^^^\n  File \"/opt/hostedtoolcache/Python/3.12.6/x64/lib/python3.12/site-packages/_pytest/fixtures.py\", line 1123, in pytest_fixture_setup\n    result = call_fixture_func(fixturefunc, request, kwargs)\n             ^^^^^^^^^^^^^^^^^^^^^^^^^^^^^^^^^^^^^^^^^^^^^^^\n  File \"/opt/hostedtoolcache/Python/3.12.6/x64/lib/python3.12/site-packages/_pytest/fixtures.py\", line 902, in call_fixture_func\n    fixture_result = fixturefunc(**kwargs)\n                     ^^^^^^^^^^^^^^^^^^^^^\n  File \"/opt/hostedtoolcache/Python/3.12.6/x64/lib/python3.12/site-packages/allure_commons/_allure.py\", line 192, in impl\n    return func(*a, **kw)\n           ^^^^^^^^^^^^^^\n  File \"/home/runner/work/auto-tests-python/auto-tests-python/tests/conftest.py\", line 97, in default_user_authorized\n    page.check_expected_link(MainPageLinks.URL_GROUPS_PAGE)\n  File \"/home/runner/work/auto-tests-python/auto-tests-python/pages/base_page.py\", line 72, in check_expected_link\n    return Wait(self.driver, self.timeout).until(\n           ^^^^^^^^^^^^^^^^^^^^^^^^^^^^^^^^^^^^^^\n  File \"/opt/hostedtoolcache/Python/3.12.6/x64/lib/python3.12/site-packages/selenium/webdriver/support/wait.py\", line 95, in until\n    raise TimeoutException(message, screen, stacktrace)\n",
    "steps" : [ {
      "name" : "DEFAULT user authorized",
      "time" : {
        "start" : 1728267497197,
        "stop" : 1728267537835,
        "duration" : 40638
      },
      "status" : "broken",
      "statusMessage" : "selenium.common.exceptions.TimeoutException: Message: Can't find element by locator https://brainup.site/groups\n\n",
      "statusTrace" : "  File \"/opt/hostedtoolcache/Python/3.12.6/x64/lib/python3.12/site-packages/allure_commons/_allure.py\", line 192, in impl\n    return func(*a, **kw)\n           ^^^^^^^^^^^^^^\n  File \"/home/runner/work/auto-tests-python/auto-tests-python/tests/conftest.py\", line 97, in default_user_authorized\n    page.check_expected_link(MainPageLinks.URL_GROUPS_PAGE)\n  File \"/home/runner/work/auto-tests-python/auto-tests-python/pages/base_page.py\", line 72, in check_expected_link\n    return Wait(self.driver, self.timeout).until(\n           ^^^^^^^^^^^^^^^^^^^^^^^^^^^^^^^^^^^^^^\n  File \"/opt/hostedtoolcache/Python/3.12.6/x64/lib/python3.12/site-packages/selenium/webdriver/support/wait.py\", line 95, in until\n    raise TimeoutException(message, screen, stacktrace)\n",
      "steps" : [ {
        "name" : "Check url is present: https://brainup.site/groups",
        "time" : {
          "start" : 1728267497554,
          "stop" : 1728267537835,
          "duration" : 40281
        },
        "status" : "broken",
        "statusMessage" : "selenium.common.exceptions.TimeoutException: Message: Can't find element by locator https://brainup.site/groups\n\n",
        "statusTrace" : "  File \"/home/runner/work/auto-tests-python/auto-tests-python/pages/base_page.py\", line 72, in check_expected_link\n    return Wait(self.driver, self.timeout).until(\n           ^^^^^^^^^^^^^^^^^^^^^^^^^^^^^^^^^^^^^^\n  File \"/opt/hostedtoolcache/Python/3.12.6/x64/lib/python3.12/site-packages/selenium/webdriver/support/wait.py\", line 95, in until\n    raise TimeoutException(message, screen, stacktrace)\n",
        "steps" : [ ],
        "attachments" : [ ],
        "parameters" : [ ],
        "stepsCount" : 0,
        "attachmentsCount" : 0,
        "shouldDisplayMessage" : true,
        "hasContent" : true
      } ],
      "attachments" : [ ],
      "parameters" : [ {
        "name" : "driver",
        "value" : "<selenium.webdriver.chrome.webdriver.WebDriver (session=\"dc18bbf347226096e76bff496e61d647\")>"
      }, {
        "name" : "main_page_open",
        "value" : "None"
      } ],
      "stepsCount" : 1,
      "attachmentsCount" : 0,
      "shouldDisplayMessage" : false,
      "hasContent" : true
    } ],
    "attachments" : [ ],
    "parameters" : [ ],
    "stepsCount" : 2,
    "attachmentsCount" : 0,
    "shouldDisplayMessage" : false,
    "hasContent" : true
  }, {
    "name" : "clear_allure_results_folder",
    "time" : {
      "start" : 1728265527027,
      "stop" : 1728265527027,
      "duration" : 0
    },
    "status" : "passed",
    "steps" : [ ],
    "attachments" : [ ],
    "parameters" : [ ],
    "stepsCount" : 0,
    "attachmentsCount" : 0,
    "shouldDisplayMessage" : false,
    "hasContent" : false
  }, {
    "name" : "driver",
    "time" : {
      "start" : 1728267492636,
      "stop" : 1728267493394,
      "duration" : 758
    },
    "status" : "passed",
    "steps" : [ ],
    "attachments" : [ ],
    "parameters" : [ ],
    "stepsCount" : 0,
    "attachmentsCount" : 0,
    "shouldDisplayMessage" : false,
    "hasContent" : false
  }, {
    "name" : "main_page_open",
    "time" : {
      "start" : 1728267493394,
      "stop" : 1728267497196,
      "duration" : 3802
    },
    "status" : "passed",
    "steps" : [ {
      "name" : "Open page: https://brainup.site/",
      "time" : {
        "start" : 1728267493394,
        "stop" : 1728267497196,
        "duration" : 3802
      },
      "status" : "passed",
      "steps" : [ ],
      "attachments" : [ ],
      "parameters" : [ {
        "name" : "driver",
        "value" : "<selenium.webdriver.chrome.webdriver.WebDriver (session=\"dc18bbf347226096e76bff496e61d647\")>"
      } ],
      "stepsCount" : 0,
      "attachmentsCount" : 0,
      "shouldDisplayMessage" : false,
      "hasContent" : true
    } ],
    "attachments" : [ ],
    "parameters" : [ ],
    "stepsCount" : 1,
    "attachmentsCount" : 0,
    "shouldDisplayMessage" : false,
    "hasContent" : true
  } ],
  "afterStages" : [ {
    "name" : "driver::0",
    "time" : {
      "start" : 1728267537851,
      "stop" : 1728267537938,
      "duration" : 87
    },
    "status" : "passed",
    "steps" : [ ],
    "attachments" : [ ],
    "parameters" : [ ],
    "stepsCount" : 0,
    "attachmentsCount" : 0,
    "shouldDisplayMessage" : false,
    "hasContent" : false
  } ],
  "labels" : [ {
    "name" : "epic",
    "value" : "Speech exercises."
  }, {
    "name" : "suite",
    "value" : "Statistic."
  }, {
    "name" : "tag",
    "value" : "@pytest.mark.xfail"
  }, {
    "name" : "parentSuite",
    "value" : "tests"
  }, {
    "name" : "subSuite",
    "value" : "TestCardsRU"
  }, {
    "name" : "host",
    "value" : "fv-az1429-774"
  }, {
    "name" : "thread",
    "value" : "2350-MainThread"
  }, {
    "name" : "framework",
    "value" : "pytest"
  }, {
    "name" : "language",
    "value" : "cpython3"
  }, {
    "name" : "package",
    "value" : "tests.test_speech_exercises_ru"
  }, {
    "name" : "resultFormat",
    "value" : "allure2"
  } ],
  "parameters" : [ ],
  "links" : [ ],
  "hidden" : false,
  "retry" : false,
  "extra" : {
    "severity" : "normal",
    "retries" : [ ],
    "categories" : [ ],
    "history" : {
      "statistic" : {
        "failed" : 0,
        "broken" : 0,
        "skipped" : 10,
        "passed" : 45,
        "unknown" : 0,
        "total" : 55
      },
      "items" : [ {
        "uid" : "be17ff60bcdd36d5",
        "reportUrl" : "https://lambotik.github.io/auto-tests-python/54//#testresult/be17ff60bcdd36d5",
        "status" : "passed",
        "statusDetails" : "XPASS",
        "time" : {
          "start" : 1728180137979,
          "stop" : 1728180139380,
          "duration" : 1401
        }
      }, {
        "uid" : "8a11b13374e8d47f",
        "reportUrl" : "https://lambotik.github.io/auto-tests-python/53//#testresult/8a11b13374e8d47f",
        "status" : "passed",
        "statusDetails" : "XPASS",
        "time" : {
          "start" : 1728093427365,
          "stop" : 1728093429223,
          "duration" : 1858
        }
      }, {
        "uid" : "97dfa2859f4b916a",
        "reportUrl" : "https://lambotik.github.io/auto-tests-python/52//#testresult/97dfa2859f4b916a",
        "status" : "passed",
        "statusDetails" : "XPASS",
        "time" : {
          "start" : 1728007133089,
          "stop" : 1728007134937,
          "duration" : 1848
        }
      }, {
        "uid" : "88b3bb6ab459d020",
        "reportUrl" : "https://lambotik.github.io/auto-tests-python/51//#testresult/88b3bb6ab459d020",
        "status" : "skipped",
        "statusDetails" : "XFAIL\n\nselenium.common.exceptions.TimeoutException: Message: Can't find element by locator https://brainup.site/groups",
        "time" : {
          "start" : 1727920923901,
          "stop" : 1727920923901,
          "duration" : 0
        }
      }, {
        "uid" : "4cf38f3e35d39d71",
        "reportUrl" : "https://lambotik.github.io/auto-tests-python/50//#testresult/4cf38f3e35d39d71",
        "status" : "skipped",
        "statusDetails" : "XFAIL\n\nselenium.common.exceptions.TimeoutException: Message: Can't find elements by locator ('xpath', '//tbody/tr')",
        "time" : {
          "start" : 1727834285844,
          "stop" : 1727834307272,
          "duration" : 21428
        }
      }, {
        "uid" : "80bf78909d41bd3a",
        "reportUrl" : "https://lambotik.github.io/auto-tests-python/49//#testresult/80bf78909d41bd3a",
        "status" : "skipped",
        "statusDetails" : "XFAIL\n\nselenium.common.exceptions.TimeoutException: Message: Can't find element by locator https://brainup.site/groups",
        "time" : {
          "start" : 1727748408627,
          "stop" : 1727748408627,
          "duration" : 0
        }
      }, {
        "uid" : "5b92cf3d1f544f30",
        "reportUrl" : "https://lambotik.github.io/auto-tests-python/48//#testresult/5b92cf3d1f544f30",
        "status" : "passed",
        "statusDetails" : "XPASS",
        "time" : {
          "start" : 1727661717809,
          "stop" : 1727661720829,
          "duration" : 3020
        }
      }, {
        "uid" : "44c1ed19b9be2ab4",
        "reportUrl" : "https://lambotik.github.io/auto-tests-python/47//#testresult/44c1ed19b9be2ab4",
        "status" : "skipped",
        "statusDetails" : "XFAIL\n\nselenium.common.exceptions.TimeoutException: Message: Can't find element by locator https://brainup.site/groups",
        "time" : {
          "start" : 1727575574398,
          "stop" : 1727575574398,
          "duration" : 0
        }
      }, {
        "uid" : "355e2ae2a3a64509",
        "reportUrl" : "https://lambotik.github.io/auto-tests-python/46//#testresult/355e2ae2a3a64509",
        "status" : "passed",
        "statusDetails" : "XPASS",
        "time" : {
          "start" : 1727488972109,
          "stop" : 1727488975503,
          "duration" : 3394
        }
      }, {
        "uid" : "1acd1bad91e9e366",
        "reportUrl" : "https://lambotik.github.io/auto-tests-python/45//#testresult/1acd1bad91e9e366",
        "status" : "skipped",
        "statusDetails" : "XFAIL\n\nselenium.common.exceptions.TimeoutException: Message: Can't find element by locator https://brainup.site/groups",
        "time" : {
          "start" : 1727402579944,
          "stop" : 1727402579944,
          "duration" : 0
        }
      }, {
        "uid" : "721f3933333f27a2",
        "reportUrl" : "https://lambotik.github.io/auto-tests-python/44//#testresult/721f3933333f27a2",
        "status" : "passed",
        "statusDetails" : "XPASS",
        "time" : {
          "start" : 1727316216844,
          "stop" : 1727316219640,
          "duration" : 2796
        }
      }, {
        "uid" : "d2567de988bb4a37",
        "reportUrl" : "https://lambotik.github.io/auto-tests-python/43//#testresult/d2567de988bb4a37",
        "status" : "skipped",
        "statusDetails" : "XFAIL\n\nselenium.common.exceptions.TimeoutException: Message: Can't find element by locator https://brainup.site/groups",
        "time" : {
          "start" : 1727229739889,
          "stop" : 1727229739889,
          "duration" : 0
        }
      }, {
        "uid" : "69235c84e7078ed0",
        "reportUrl" : "https://lambotik.github.io/auto-tests-python/42//#testresult/69235c84e7078ed0",
        "status" : "passed",
        "statusDetails" : "XPASS",
        "time" : {
          "start" : 1727143162327,
          "stop" : 1727143165270,
          "duration" : 2943
        }
      }, {
        "uid" : "a32216635da57ded",
        "reportUrl" : "https://lambotik.github.io/auto-tests-python/41//#testresult/a32216635da57ded",
        "status" : "passed",
        "statusDetails" : "XPASS",
        "time" : {
          "start" : 1727056597694,
          "stop" : 1727056599538,
          "duration" : 1844
        }
      }, {
        "uid" : "464f93ad5971359d",
        "reportUrl" : "https://lambotik.github.io/auto-tests-python/40//#testresult/464f93ad5971359d",
        "status" : "passed",
        "statusDetails" : "XPASS",
        "time" : {
          "start" : 1726970420781,
          "stop" : 1726970422184,
          "duration" : 1403
        }
      }, {
        "uid" : "feb4ba509fbadbee",
        "reportUrl" : "https://lambotik.github.io/auto-tests-python/39//#testresult/feb4ba509fbadbee",
        "status" : "passed",
        "statusDetails" : "XPASS",
        "time" : {
          "start" : 1726883601322,
          "stop" : 1726883602657,
          "duration" : 1335
        }
      }, {
        "uid" : "d193947a0b0ccb97",
        "reportUrl" : "https://lambotik.github.io/auto-tests-python/38//#testresult/d193947a0b0ccb97",
        "status" : "passed",
        "statusDetails" : "XPASS",
        "time" : {
          "start" : 1726797204474,
          "stop" : 1726797205854,
          "duration" : 1380
        }
      }, {
        "uid" : "f063f8f0a1788343",
        "reportUrl" : "https://lambotik.github.io/auto-tests-python/37//#testresult/f063f8f0a1788343",
        "status" : "passed",
        "statusDetails" : "XPASS",
        "time" : {
          "start" : 1726710803356,
          "stop" : 1726710805193,
          "duration" : 1837
        }
      }, {
        "uid" : "bc85854f6b266324",
        "reportUrl" : "https://lambotik.github.io/auto-tests-python/12//#testresult/bc85854f6b266324",
        "status" : "passed",
        "statusDetails" : "XPASS",
        "time" : {
          "start" : 1726650716901,
          "stop" : 1726650718247,
          "duration" : 1346
        }
      }, {
        "uid" : "99589487e0da9819",
        "reportUrl" : "https://lambotik.github.io/auto-tests-python/11//#testresult/99589487e0da9819",
        "status" : "passed",
        "statusDetails" : "XPASS",
        "time" : {
          "start" : 1726648460304,
          "stop" : 1726648462185,
          "duration" : 1881
        }
      } ]
    },
    "tags" : [ "@pytest.mark.xfail" ]
  },
  "source" : "771e32a0e18b14c3.json",
  "parameterValues" : [ ]
}