{
  "uid" : "7beb3454e0387dc6",
  "name" : "Verify sizes of images in contributor cards in grids",
  "fullName" : "tests.contributors_page_test.TestContributorCardImages#test_cnp_04_02_verify_images_sizes_in_cards",
  "historyId" : "77bc5d9c5052de5e9564db64c06c3e71",
  "time" : {
    "start" : 1728265829019,
    "stop" : 1728265849267,
    "duration" : 20248
  },
  "status" : "broken",
  "statusMessage" : "selenium.common.exceptions.TimeoutException: Message: Can't find elements by locator ('css selector', '.team-member img')",
  "statusTrace" : "self = <tests.contributors_page_test.TestContributorsPage.TestContributorCardImages object at 0x7f0ad3ce8170>\ndriver = <selenium.webdriver.chrome.webdriver.WebDriver (session=\"ec48db44c6a1295a3f3c3c75b867c86d\")>\ncontributors_page_open = None\n\n    @allure.title(\"Verify sizes of images in contributor cards in grids\")\n    def test_cnp_04_02_verify_images_sizes_in_cards(self, driver, contributors_page_open):\n        page = ContributorsPage(driver)\n>       images_size = page.get_images_sizes()\n\ntests/contributors_page_test.py:149: \n_ _ _ _ _ _ _ _ _ _ _ _ _ _ _ _ _ _ _ _ _ _ _ _ _ _ _ _ _ _ _ _ _ _ _ _ _ _ _ _ \npages/contributors_page.py:178: in get_images_sizes\n    return [image.size for image in self.get_list_of_card_images()]\npages/contributors_page.py:107: in get_list_of_card_images\n    return self.elements_are_present(self.locators.CARD_IMAGES)\npages/base_page.py:55: in elements_are_present\n    return Wait(self.driver, self.timeout).until(\n_ _ _ _ _ _ _ _ _ _ _ _ _ _ _ _ _ _ _ _ _ _ _ _ _ _ _ _ _ _ _ _ _ _ _ _ _ _ _ _ \n\nself = <selenium.webdriver.support.wait.WebDriverWait (session=\"ec48db44c6a1295a3f3c3c75b867c86d\")>\nmethod = <function presence_of_all_elements_located.<locals>._predicate at 0x7f0ad3890220>\nmessage = \"Can't find elements by locator ('css selector', '.team-member img')\"\n\n    def until(self, method, message: str = \"\"):\n        \"\"\"Calls the method provided with the driver as an argument until the \\\n        return value does not evaluate to ``False``.\n    \n        :param method: callable(WebDriver)\n        :param message: optional message for :exc:`TimeoutException`\n        :returns: the result of the last call to `method`\n        :raises: :exc:`selenium.common.exceptions.TimeoutException` if timeout occurs\n        \"\"\"\n        screen = None\n        stacktrace = None\n    \n        end_time = time.monotonic() + self._timeout\n        while True:\n            try:\n                value = method(self._driver)\n                if value:\n                    return value\n            except self._ignored_exceptions as exc:\n                screen = getattr(exc, \"screen\", None)\n                stacktrace = getattr(exc, \"stacktrace\", None)\n            time.sleep(self._poll)\n            if time.monotonic() > end_time:\n                break\n>       raise TimeoutException(message, screen, stacktrace)\nE       selenium.common.exceptions.TimeoutException: Message: Can't find elements by locator ('css selector', '.team-member img')\n\n/opt/hostedtoolcache/Python/3.12.6/x64/lib/python3.12/site-packages/selenium/webdriver/support/wait.py:95: TimeoutException",
  "flaky" : false,
  "newFailed" : false,
  "beforeStages" : [ {
    "name" : "driver",
    "time" : {
      "start" : 1728265824487,
      "stop" : 1728265825246,
      "duration" : 759
    },
    "status" : "passed",
    "steps" : [ ],
    "attachments" : [ ],
    "parameters" : [ ],
    "stepsCount" : 0,
    "attachmentsCount" : 0,
    "shouldDisplayMessage" : false,
    "hasContent" : false
  }, {
    "name" : "clear_allure_results_folder",
    "time" : {
      "start" : 1728265527027,
      "stop" : 1728265527027,
      "duration" : 0
    },
    "status" : "passed",
    "steps" : [ ],
    "attachments" : [ ],
    "parameters" : [ ],
    "stepsCount" : 0,
    "attachmentsCount" : 0,
    "shouldDisplayMessage" : false,
    "hasContent" : false
  }, {
    "name" : "contributors_page_open",
    "time" : {
      "start" : 1728265825246,
      "stop" : 1728265829019,
      "duration" : 3773
    },
    "status" : "passed",
    "steps" : [ {
      "name" : "Open page: https://brainup.site/contributors",
      "time" : {
        "start" : 1728265825246,
        "stop" : 1728265829019,
        "duration" : 3773
      },
      "status" : "passed",
      "steps" : [ ],
      "attachments" : [ ],
      "parameters" : [ {
        "name" : "driver",
        "value" : "<selenium.webdriver.chrome.webdriver.WebDriver (session=\"ec48db44c6a1295a3f3c3c75b867c86d\")>"
      } ],
      "stepsCount" : 0,
      "attachmentsCount" : 0,
      "shouldDisplayMessage" : false,
      "hasContent" : true
    } ],
    "attachments" : [ ],
    "parameters" : [ ],
    "stepsCount" : 1,
    "attachmentsCount" : 0,
    "shouldDisplayMessage" : false,
    "hasContent" : true
  } ],
  "testStage" : {
    "status" : "broken",
    "statusMessage" : "selenium.common.exceptions.TimeoutException: Message: Can't find elements by locator ('css selector', '.team-member img')",
    "statusTrace" : "self = <tests.contributors_page_test.TestContributorsPage.TestContributorCardImages object at 0x7f0ad3ce8170>\ndriver = <selenium.webdriver.chrome.webdriver.WebDriver (session=\"ec48db44c6a1295a3f3c3c75b867c86d\")>\ncontributors_page_open = None\n\n    @allure.title(\"Verify sizes of images in contributor cards in grids\")\n    def test_cnp_04_02_verify_images_sizes_in_cards(self, driver, contributors_page_open):\n        page = ContributorsPage(driver)\n>       images_size = page.get_images_sizes()\n\ntests/contributors_page_test.py:149: \n_ _ _ _ _ _ _ _ _ _ _ _ _ _ _ _ _ _ _ _ _ _ _ _ _ _ _ _ _ _ _ _ _ _ _ _ _ _ _ _ \npages/contributors_page.py:178: in get_images_sizes\n    return [image.size for image in self.get_list_of_card_images()]\npages/contributors_page.py:107: in get_list_of_card_images\n    return self.elements_are_present(self.locators.CARD_IMAGES)\npages/base_page.py:55: in elements_are_present\n    return Wait(self.driver, self.timeout).until(\n_ _ _ _ _ _ _ _ _ _ _ _ _ _ _ _ _ _ _ _ _ _ _ _ _ _ _ _ _ _ _ _ _ _ _ _ _ _ _ _ \n\nself = <selenium.webdriver.support.wait.WebDriverWait (session=\"ec48db44c6a1295a3f3c3c75b867c86d\")>\nmethod = <function presence_of_all_elements_located.<locals>._predicate at 0x7f0ad3890220>\nmessage = \"Can't find elements by locator ('css selector', '.team-member img')\"\n\n    def until(self, method, message: str = \"\"):\n        \"\"\"Calls the method provided with the driver as an argument until the \\\n        return value does not evaluate to ``False``.\n    \n        :param method: callable(WebDriver)\n        :param message: optional message for :exc:`TimeoutException`\n        :returns: the result of the last call to `method`\n        :raises: :exc:`selenium.common.exceptions.TimeoutException` if timeout occurs\n        \"\"\"\n        screen = None\n        stacktrace = None\n    \n        end_time = time.monotonic() + self._timeout\n        while True:\n            try:\n                value = method(self._driver)\n                if value:\n                    return value\n            except self._ignored_exceptions as exc:\n                screen = getattr(exc, \"screen\", None)\n                stacktrace = getattr(exc, \"stacktrace\", None)\n            time.sleep(self._poll)\n            if time.monotonic() > end_time:\n                break\n>       raise TimeoutException(message, screen, stacktrace)\nE       selenium.common.exceptions.TimeoutException: Message: Can't find elements by locator ('css selector', '.team-member img')\n\n/opt/hostedtoolcache/Python/3.12.6/x64/lib/python3.12/site-packages/selenium/webdriver/support/wait.py:95: TimeoutException",
    "steps" : [ {
      "name" : "Get the list of sizes of images in contributor cards",
      "time" : {
        "start" : 1728265829019,
        "stop" : 1728265849266,
        "duration" : 20247
      },
      "status" : "broken",
      "statusMessage" : "selenium.common.exceptions.TimeoutException: Message: Can't find elements by locator ('css selector', '.team-member img')\n\n",
      "statusTrace" : "  File \"/opt/hostedtoolcache/Python/3.12.6/x64/lib/python3.12/site-packages/allure_commons/_allure.py\", line 192, in impl\n    return func(*a, **kw)\n           ^^^^^^^^^^^^^^\n  File \"/home/runner/work/auto-tests-python/auto-tests-python/pages/contributors_page.py\", line 178, in get_images_sizes\n    return [image.size for image in self.get_list_of_card_images()]\n                                    ^^^^^^^^^^^^^^^^^^^^^^^^^^^^^^\n  File \"/opt/hostedtoolcache/Python/3.12.6/x64/lib/python3.12/site-packages/allure_commons/_allure.py\", line 192, in impl\n    return func(*a, **kw)\n           ^^^^^^^^^^^^^^\n  File \"/home/runner/work/auto-tests-python/auto-tests-python/pages/contributors_page.py\", line 107, in get_list_of_card_images\n    return self.elements_are_present(self.locators.CARD_IMAGES)\n           ^^^^^^^^^^^^^^^^^^^^^^^^^^^^^^^^^^^^^^^^^^^^^^^^^^^^\n  File \"/home/runner/work/auto-tests-python/auto-tests-python/pages/base_page.py\", line 55, in elements_are_present\n    return Wait(self.driver, self.timeout).until(\n           ^^^^^^^^^^^^^^^^^^^^^^^^^^^^^^^^^^^^^^\n  File \"/opt/hostedtoolcache/Python/3.12.6/x64/lib/python3.12/site-packages/selenium/webdriver/support/wait.py\", line 95, in until\n    raise TimeoutException(message, screen, stacktrace)\n",
      "steps" : [ {
        "name" : "Get the list of images in cards on the 5th level of nesting on the page",
        "time" : {
          "start" : 1728265829019,
          "stop" : 1728265849266,
          "duration" : 20247
        },
        "status" : "broken",
        "statusMessage" : "selenium.common.exceptions.TimeoutException: Message: Can't find elements by locator ('css selector', '.team-member img')\n\n",
        "statusTrace" : "  File \"/opt/hostedtoolcache/Python/3.12.6/x64/lib/python3.12/site-packages/allure_commons/_allure.py\", line 192, in impl\n    return func(*a, **kw)\n           ^^^^^^^^^^^^^^\n  File \"/home/runner/work/auto-tests-python/auto-tests-python/pages/contributors_page.py\", line 107, in get_list_of_card_images\n    return self.elements_are_present(self.locators.CARD_IMAGES)\n           ^^^^^^^^^^^^^^^^^^^^^^^^^^^^^^^^^^^^^^^^^^^^^^^^^^^^\n  File \"/home/runner/work/auto-tests-python/auto-tests-python/pages/base_page.py\", line 55, in elements_are_present\n    return Wait(self.driver, self.timeout).until(\n           ^^^^^^^^^^^^^^^^^^^^^^^^^^^^^^^^^^^^^^\n  File \"/opt/hostedtoolcache/Python/3.12.6/x64/lib/python3.12/site-packages/selenium/webdriver/support/wait.py\", line 95, in until\n    raise TimeoutException(message, screen, stacktrace)\n",
        "steps" : [ ],
        "attachments" : [ ],
        "parameters" : [ ],
        "stepsCount" : 0,
        "attachmentsCount" : 0,
        "shouldDisplayMessage" : true,
        "hasContent" : true
      } ],
      "attachments" : [ ],
      "parameters" : [ ],
      "stepsCount" : 1,
      "attachmentsCount" : 0,
      "shouldDisplayMessage" : false,
      "hasContent" : true
    } ],
    "attachments" : [ {
      "uid" : "39d4e6f3ced4deef",
      "name" : "Screenshot 2024-10-07 01:50:49.361637",
      "source" : "39d4e6f3ced4deef.png",
      "type" : "image/png",
      "size" : 46511
    } ],
    "parameters" : [ ],
    "stepsCount" : 2,
    "attachmentsCount" : 1,
    "shouldDisplayMessage" : true,
    "hasContent" : true
  },
  "afterStages" : [ {
    "name" : "driver::0",
    "time" : {
      "start" : 1728265849363,
      "stop" : 1728265849450,
      "duration" : 87
    },
    "status" : "passed",
    "steps" : [ ],
    "attachments" : [ ],
    "parameters" : [ ],
    "stepsCount" : 0,
    "attachmentsCount" : 0,
    "shouldDisplayMessage" : false,
    "hasContent" : false
  } ],
  "labels" : [ {
    "name" : "epic",
    "value" : "The Contributors Page"
  }, {
    "name" : "parentSuite",
    "value" : "tests"
  }, {
    "name" : "suite",
    "value" : "contributors_page_test"
  }, {
    "name" : "subSuite",
    "value" : "TestContributorsPage"
  }, {
    "name" : "host",
    "value" : "fv-az1429-774"
  }, {
    "name" : "thread",
    "value" : "2350-MainThread"
  }, {
    "name" : "framework",
    "value" : "pytest"
  }, {
    "name" : "language",
    "value" : "cpython3"
  }, {
    "name" : "package",
    "value" : "tests.contributors_page_test"
  }, {
    "name" : "resultFormat",
    "value" : "allure2"
  } ],
  "parameters" : [ ],
  "links" : [ ],
  "hidden" : false,
  "retry" : false,
  "extra" : {
    "severity" : "normal",
    "retries" : [ ],
    "categories" : [ {
      "name" : "Test defects",
      "matchedStatuses" : [ ],
      "flaky" : false
    } ],
    "history" : {
      "statistic" : {
        "failed" : 0,
        "broken" : 2,
        "skipped" : 0,
        "passed" : 23,
        "unknown" : 0,
        "total" : 25
      },
      "items" : [ {
        "uid" : "5da56c130047b39d",
        "reportUrl" : "https://lambotik.github.io/auto-tests-python/54//#testresult/5da56c130047b39d",
        "status" : "passed",
        "time" : {
          "start" : 1728179431221,
          "stop" : 1728179432372,
          "duration" : 1151
        }
      }, {
        "uid" : "70fa22b4e84b9e53",
        "reportUrl" : "https://lambotik.github.io/auto-tests-python/53//#testresult/70fa22b4e84b9e53",
        "status" : "passed",
        "time" : {
          "start" : 1728092608261,
          "stop" : 1728092609408,
          "duration" : 1147
        }
      }, {
        "uid" : "3653e230705f03ac",
        "reportUrl" : "https://lambotik.github.io/auto-tests-python/52//#testresult/3653e230705f03ac",
        "status" : "passed",
        "time" : {
          "start" : 1728006313050,
          "stop" : 1728006314216,
          "duration" : 1166
        }
      }, {
        "uid" : "ce0dd5e479d17d26",
        "reportUrl" : "https://lambotik.github.io/auto-tests-python/51//#testresult/ce0dd5e479d17d26",
        "status" : "passed",
        "time" : {
          "start" : 1727919902499,
          "stop" : 1727919903760,
          "duration" : 1261
        }
      }, {
        "uid" : "f68a908e662a1468",
        "reportUrl" : "https://lambotik.github.io/auto-tests-python/50//#testresult/f68a908e662a1468",
        "status" : "passed",
        "time" : {
          "start" : 1727833438278,
          "stop" : 1727833439497,
          "duration" : 1219
        }
      }, {
        "uid" : "dd1d3bea4001e5a7",
        "reportUrl" : "https://lambotik.github.io/auto-tests-python/49//#testresult/dd1d3bea4001e5a7",
        "status" : "passed",
        "time" : {
          "start" : 1727747574492,
          "stop" : 1727747575652,
          "duration" : 1160
        }
      }, {
        "uid" : "a5f7a6006e7c805e",
        "reportUrl" : "https://lambotik.github.io/auto-tests-python/48//#testresult/a5f7a6006e7c805e",
        "status" : "passed",
        "time" : {
          "start" : 1727660855532,
          "stop" : 1727660856711,
          "duration" : 1179
        }
      }, {
        "uid" : "e0cccd8f66e2f7d0",
        "reportUrl" : "https://lambotik.github.io/auto-tests-python/47//#testresult/e0cccd8f66e2f7d0",
        "status" : "passed",
        "time" : {
          "start" : 1727574663903,
          "stop" : 1727574665072,
          "duration" : 1169
        }
      }, {
        "uid" : "55da2ac0c1954285",
        "reportUrl" : "https://lambotik.github.io/auto-tests-python/46//#testresult/55da2ac0c1954285",
        "status" : "passed",
        "time" : {
          "start" : 1727487909698,
          "stop" : 1727487910838,
          "duration" : 1140
        }
      }, {
        "uid" : "c2de24da2a0477e7",
        "reportUrl" : "https://lambotik.github.io/auto-tests-python/45//#testresult/c2de24da2a0477e7",
        "status" : "broken",
        "statusDetails" : "selenium.common.exceptions.TimeoutException: Message: Can't find elements by locator ('css selector', '.team-member img')",
        "time" : {
          "start" : 1727401496869,
          "stop" : 1727401517185,
          "duration" : 20316
        }
      }, {
        "uid" : "433a9fe6862cd6cf",
        "reportUrl" : "https://lambotik.github.io/auto-tests-python/44//#testresult/433a9fe6862cd6cf",
        "status" : "passed",
        "time" : {
          "start" : 1727315042559,
          "stop" : 1727315043716,
          "duration" : 1157
        }
      }, {
        "uid" : "fa8372a8c08710fa",
        "reportUrl" : "https://lambotik.github.io/auto-tests-python/43//#testresult/fa8372a8c08710fa",
        "status" : "passed",
        "time" : {
          "start" : 1727228731481,
          "stop" : 1727228732638,
          "duration" : 1157
        }
      }, {
        "uid" : "de9b1fd8fc1b21e2",
        "reportUrl" : "https://lambotik.github.io/auto-tests-python/42//#testresult/de9b1fd8fc1b21e2",
        "status" : "passed",
        "time" : {
          "start" : 1727142284461,
          "stop" : 1727142285597,
          "duration" : 1136
        }
      }, {
        "uid" : "476ca8f3fdc465d3",
        "reportUrl" : "https://lambotik.github.io/auto-tests-python/41//#testresult/476ca8f3fdc465d3",
        "status" : "passed",
        "time" : {
          "start" : 1727055835014,
          "stop" : 1727055836116,
          "duration" : 1102
        }
      }, {
        "uid" : "7909ac6e981d6590",
        "reportUrl" : "https://lambotik.github.io/auto-tests-python/40//#testresult/7909ac6e981d6590",
        "status" : "passed",
        "time" : {
          "start" : 1726969761107,
          "stop" : 1726969762229,
          "duration" : 1122
        }
      }, {
        "uid" : "fcba3aba5acf22e9",
        "reportUrl" : "https://lambotik.github.io/auto-tests-python/39//#testresult/fcba3aba5acf22e9",
        "status" : "passed",
        "time" : {
          "start" : 1726882767223,
          "stop" : 1726882768293,
          "duration" : 1070
        }
      }, {
        "uid" : "2520b91e1d5e3391",
        "reportUrl" : "https://lambotik.github.io/auto-tests-python/38//#testresult/2520b91e1d5e3391",
        "status" : "passed",
        "time" : {
          "start" : 1726796484103,
          "stop" : 1726796485209,
          "duration" : 1106
        }
      }, {
        "uid" : "3636fab3aebd8412",
        "reportUrl" : "https://lambotik.github.io/auto-tests-python/37//#testresult/3636fab3aebd8412",
        "status" : "passed",
        "time" : {
          "start" : 1726710089866,
          "stop" : 1726710090982,
          "duration" : 1116
        }
      }, {
        "uid" : "3e5b97f88667345d",
        "reportUrl" : "https://lambotik.github.io/auto-tests-python/12//#testresult/3e5b97f88667345d",
        "status" : "passed",
        "time" : {
          "start" : 1726650020048,
          "stop" : 1726650021103,
          "duration" : 1055
        }
      }, {
        "uid" : "c8d90fbded8a7818",
        "reportUrl" : "https://lambotik.github.io/auto-tests-python/11//#testresult/c8d90fbded8a7818",
        "status" : "passed",
        "time" : {
          "start" : 1726647643593,
          "stop" : 1726647644729,
          "duration" : 1136
        }
      } ]
    },
    "tags" : [ ]
  },
  "source" : "7beb3454e0387dc6.json",
  "parameterValues" : [ ]
}