{
  "uid" : "8c15eb2755db3e40",
  "name" : "Verify text in the 'All Specialists' link",
  "fullName" : "tests.specialists_page_test.TestSpecialistPageText#test_sp_02_05_verify_text_in_link",
  "historyId" : "45dbc9c59b9bd62a24467ed37bde8612",
  "time" : {
    "start" : 1728266718552,
    "stop" : 1728266738573,
    "duration" : 20021
  },
  "status" : "broken",
  "statusMessage" : "selenium.common.exceptions.TimeoutException: Message: Can't find element by locator ('xpath', \"//div[contains(@class, 'mt-20')]/a\")\nStacktrace:\n#0 0x56073e84413a <unknown>\n#1 0x56073e52a5e0 <unknown>\n#2 0x56073e579be8 <unknown>\n#3 0x56073e579e81 <unknown>\n#4 0x56073e5c08c4 <unknown>\n#5 0x56073e59eb4d <unknown>\n#6 0x56073e5bdd7d <unknown>\n#7 0x56073e59e8c3 <unknown>\n#8 0x56073e56c6b3 <unknown>\n#9 0x56073e56d68e <unknown>\n#10 0x56073e80eb3b <unknown>\n#11 0x56073e812ac1 <unknown>\n#12 0x56073e7fb335 <unknown>\n#13 0x56073e813642 <unknown>\n#14 0x56073e7e049f <unknown>\n#15 0x56073e833038 <unknown>\n#16 0x56073e833203 <unknown>\n#17 0x56073e842f8c <unknown>\n#18 0x7f4d25c94ac3 <unknown>",
  "statusTrace" : "self = <tests.specialists_page_test.TestSpecialistsPage.TestSpecialistPageText object at 0x7f0ad3b3c140>\ndriver = <selenium.webdriver.chrome.webdriver.WebDriver (session=\"21678999280e38be69b1fb7aa7c3d789\")>\nspecialists_page_open = None\n\n    @allure.title(\"Verify text in the 'All Specialists' link\")\n    def test_sp_02_05_verify_text_in_link(self, driver, specialists_page_open):\n        page = SpecialistsPage(driver)\n>       link_text = page.get_text_in_all_specialists_link()\n\ntests/specialists_page_test.py:121: \n_ _ _ _ _ _ _ _ _ _ _ _ _ _ _ _ _ _ _ _ _ _ _ _ _ _ _ _ _ _ _ _ _ _ _ _ _ _ _ _ \npages/specialists_page.py:182: in get_text_in_all_specialists_link\n    return self.get_text(self.locators.ALL_SPECIALISTS_LINK)\npages/base_page.py:87: in get_text\n    return self.element_is_visible(locator).text\npages/base_page.py:37: in element_is_visible\n    self.go_to_element(self.element_is_present(locator))\npages/base_page.py:51: in element_is_present\n    return Wait(self.driver, self.timeout).until(\n_ _ _ _ _ _ _ _ _ _ _ _ _ _ _ _ _ _ _ _ _ _ _ _ _ _ _ _ _ _ _ _ _ _ _ _ _ _ _ _ \n\nself = <selenium.webdriver.support.wait.WebDriverWait (session=\"21678999280e38be69b1fb7aa7c3d789\")>\nmethod = <function presence_of_element_located.<locals>._predicate at 0x7f0ad387dda0>\nmessage = 'Can\\'t find element by locator (\\'xpath\\', \"//div[contains(@class, \\'mt-20\\')]/a\")'\n\n    def until(self, method, message: str = \"\"):\n        \"\"\"Calls the method provided with the driver as an argument until the \\\n        return value does not evaluate to ``False``.\n    \n        :param method: callable(WebDriver)\n        :param message: optional message for :exc:`TimeoutException`\n        :returns: the result of the last call to `method`\n        :raises: :exc:`selenium.common.exceptions.TimeoutException` if timeout occurs\n        \"\"\"\n        screen = None\n        stacktrace = None\n    \n        end_time = time.monotonic() + self._timeout\n        while True:\n            try:\n                value = method(self._driver)\n                if value:\n                    return value\n            except self._ignored_exceptions as exc:\n                screen = getattr(exc, \"screen\", None)\n                stacktrace = getattr(exc, \"stacktrace\", None)\n            time.sleep(self._poll)\n            if time.monotonic() > end_time:\n                break\n>       raise TimeoutException(message, screen, stacktrace)\nE       selenium.common.exceptions.TimeoutException: Message: Can't find element by locator ('xpath', \"//div[contains(@class, 'mt-20')]/a\")\nE       Stacktrace:\nE       #0 0x56073e84413a <unknown>\nE       #1 0x56073e52a5e0 <unknown>\nE       #2 0x56073e579be8 <unknown>\nE       #3 0x56073e579e81 <unknown>\nE       #4 0x56073e5c08c4 <unknown>\nE       #5 0x56073e59eb4d <unknown>\nE       #6 0x56073e5bdd7d <unknown>\nE       #7 0x56073e59e8c3 <unknown>\nE       #8 0x56073e56c6b3 <unknown>\nE       #9 0x56073e56d68e <unknown>\nE       #10 0x56073e80eb3b <unknown>\nE       #11 0x56073e812ac1 <unknown>\nE       #12 0x56073e7fb335 <unknown>\nE       #13 0x56073e813642 <unknown>\nE       #14 0x56073e7e049f <unknown>\nE       #15 0x56073e833038 <unknown>\nE       #16 0x56073e833203 <unknown>\nE       #17 0x56073e842f8c <unknown>\nE       #18 0x7f4d25c94ac3 <unknown>\n\n/opt/hostedtoolcache/Python/3.12.6/x64/lib/python3.12/site-packages/selenium/webdriver/support/wait.py:95: TimeoutException",
  "flaky" : false,
  "newFailed" : false,
  "beforeStages" : [ {
    "name" : "specialists_page_open",
    "time" : {
      "start" : 1728266717374,
      "stop" : 1728266718551,
      "duration" : 1177
    },
    "status" : "passed",
    "steps" : [ {
      "name" : "Open page: https://brainup.site/specialists",
      "time" : {
        "start" : 1728266717374,
        "stop" : 1728266718551,
        "duration" : 1177
      },
      "status" : "passed",
      "steps" : [ ],
      "attachments" : [ ],
      "parameters" : [ {
        "name" : "driver",
        "value" : "<selenium.webdriver.chrome.webdriver.WebDriver (session=\"21678999280e38be69b1fb7aa7c3d789\")>"
      }, {
        "name" : "main_page_open",
        "value" : "None"
      } ],
      "stepsCount" : 0,
      "attachmentsCount" : 0,
      "shouldDisplayMessage" : false,
      "hasContent" : true
    } ],
    "attachments" : [ ],
    "parameters" : [ ],
    "stepsCount" : 1,
    "attachmentsCount" : 0,
    "shouldDisplayMessage" : false,
    "hasContent" : true
  }, {
    "name" : "main_page_open",
    "time" : {
      "start" : 1728266713425,
      "stop" : 1728266717374,
      "duration" : 3949
    },
    "status" : "passed",
    "steps" : [ {
      "name" : "Open page: https://brainup.site/",
      "time" : {
        "start" : 1728266713425,
        "stop" : 1728266717374,
        "duration" : 3949
      },
      "status" : "passed",
      "steps" : [ ],
      "attachments" : [ ],
      "parameters" : [ {
        "name" : "driver",
        "value" : "<selenium.webdriver.chrome.webdriver.WebDriver (session=\"21678999280e38be69b1fb7aa7c3d789\")>"
      } ],
      "stepsCount" : 0,
      "attachmentsCount" : 0,
      "shouldDisplayMessage" : false,
      "hasContent" : true
    } ],
    "attachments" : [ ],
    "parameters" : [ ],
    "stepsCount" : 1,
    "attachmentsCount" : 0,
    "shouldDisplayMessage" : false,
    "hasContent" : true
  }, {
    "name" : "clear_allure_results_folder",
    "time" : {
      "start" : 1728265527027,
      "stop" : 1728265527027,
      "duration" : 0
    },
    "status" : "passed",
    "steps" : [ ],
    "attachments" : [ ],
    "parameters" : [ ],
    "stepsCount" : 0,
    "attachmentsCount" : 0,
    "shouldDisplayMessage" : false,
    "hasContent" : false
  }, {
    "name" : "driver",
    "time" : {
      "start" : 1728266712656,
      "stop" : 1728266713425,
      "duration" : 769
    },
    "status" : "passed",
    "steps" : [ ],
    "attachments" : [ ],
    "parameters" : [ ],
    "stepsCount" : 0,
    "attachmentsCount" : 0,
    "shouldDisplayMessage" : false,
    "hasContent" : false
  } ],
  "testStage" : {
    "status" : "broken",
    "statusMessage" : "selenium.common.exceptions.TimeoutException: Message: Can't find element by locator ('xpath', \"//div[contains(@class, 'mt-20')]/a\")\nStacktrace:\n#0 0x56073e84413a <unknown>\n#1 0x56073e52a5e0 <unknown>\n#2 0x56073e579be8 <unknown>\n#3 0x56073e579e81 <unknown>\n#4 0x56073e5c08c4 <unknown>\n#5 0x56073e59eb4d <unknown>\n#6 0x56073e5bdd7d <unknown>\n#7 0x56073e59e8c3 <unknown>\n#8 0x56073e56c6b3 <unknown>\n#9 0x56073e56d68e <unknown>\n#10 0x56073e80eb3b <unknown>\n#11 0x56073e812ac1 <unknown>\n#12 0x56073e7fb335 <unknown>\n#13 0x56073e813642 <unknown>\n#14 0x56073e7e049f <unknown>\n#15 0x56073e833038 <unknown>\n#16 0x56073e833203 <unknown>\n#17 0x56073e842f8c <unknown>\n#18 0x7f4d25c94ac3 <unknown>",
    "statusTrace" : "self = <tests.specialists_page_test.TestSpecialistsPage.TestSpecialistPageText object at 0x7f0ad3b3c140>\ndriver = <selenium.webdriver.chrome.webdriver.WebDriver (session=\"21678999280e38be69b1fb7aa7c3d789\")>\nspecialists_page_open = None\n\n    @allure.title(\"Verify text in the 'All Specialists' link\")\n    def test_sp_02_05_verify_text_in_link(self, driver, specialists_page_open):\n        page = SpecialistsPage(driver)\n>       link_text = page.get_text_in_all_specialists_link()\n\ntests/specialists_page_test.py:121: \n_ _ _ _ _ _ _ _ _ _ _ _ _ _ _ _ _ _ _ _ _ _ _ _ _ _ _ _ _ _ _ _ _ _ _ _ _ _ _ _ \npages/specialists_page.py:182: in get_text_in_all_specialists_link\n    return self.get_text(self.locators.ALL_SPECIALISTS_LINK)\npages/base_page.py:87: in get_text\n    return self.element_is_visible(locator).text\npages/base_page.py:37: in element_is_visible\n    self.go_to_element(self.element_is_present(locator))\npages/base_page.py:51: in element_is_present\n    return Wait(self.driver, self.timeout).until(\n_ _ _ _ _ _ _ _ _ _ _ _ _ _ _ _ _ _ _ _ _ _ _ _ _ _ _ _ _ _ _ _ _ _ _ _ _ _ _ _ \n\nself = <selenium.webdriver.support.wait.WebDriverWait (session=\"21678999280e38be69b1fb7aa7c3d789\")>\nmethod = <function presence_of_element_located.<locals>._predicate at 0x7f0ad387dda0>\nmessage = 'Can\\'t find element by locator (\\'xpath\\', \"//div[contains(@class, \\'mt-20\\')]/a\")'\n\n    def until(self, method, message: str = \"\"):\n        \"\"\"Calls the method provided with the driver as an argument until the \\\n        return value does not evaluate to ``False``.\n    \n        :param method: callable(WebDriver)\n        :param message: optional message for :exc:`TimeoutException`\n        :returns: the result of the last call to `method`\n        :raises: :exc:`selenium.common.exceptions.TimeoutException` if timeout occurs\n        \"\"\"\n        screen = None\n        stacktrace = None\n    \n        end_time = time.monotonic() + self._timeout\n        while True:\n            try:\n                value = method(self._driver)\n                if value:\n                    return value\n            except self._ignored_exceptions as exc:\n                screen = getattr(exc, \"screen\", None)\n                stacktrace = getattr(exc, \"stacktrace\", None)\n            time.sleep(self._poll)\n            if time.monotonic() > end_time:\n                break\n>       raise TimeoutException(message, screen, stacktrace)\nE       selenium.common.exceptions.TimeoutException: Message: Can't find element by locator ('xpath', \"//div[contains(@class, 'mt-20')]/a\")\nE       Stacktrace:\nE       #0 0x56073e84413a <unknown>\nE       #1 0x56073e52a5e0 <unknown>\nE       #2 0x56073e579be8 <unknown>\nE       #3 0x56073e579e81 <unknown>\nE       #4 0x56073e5c08c4 <unknown>\nE       #5 0x56073e59eb4d <unknown>\nE       #6 0x56073e5bdd7d <unknown>\nE       #7 0x56073e59e8c3 <unknown>\nE       #8 0x56073e56c6b3 <unknown>\nE       #9 0x56073e56d68e <unknown>\nE       #10 0x56073e80eb3b <unknown>\nE       #11 0x56073e812ac1 <unknown>\nE       #12 0x56073e7fb335 <unknown>\nE       #13 0x56073e813642 <unknown>\nE       #14 0x56073e7e049f <unknown>\nE       #15 0x56073e833038 <unknown>\nE       #16 0x56073e833203 <unknown>\nE       #17 0x56073e842f8c <unknown>\nE       #18 0x7f4d25c94ac3 <unknown>\n\n/opt/hostedtoolcache/Python/3.12.6/x64/lib/python3.12/site-packages/selenium/webdriver/support/wait.py:95: TimeoutException",
    "steps" : [ {
      "name" : "Get text in the 'All Specialists' link",
      "time" : {
        "start" : 1728266718552,
        "stop" : 1728266738572,
        "duration" : 20020
      },
      "status" : "broken",
      "statusMessage" : "selenium.common.exceptions.TimeoutException: Message: Can't find element by locator ('xpath', \"//div[contains(@class, 'mt-20')]/a\")\nStacktrace:\n#0 0x56073e84413a <unknown>\n#1 0x56073e52a5e0 <unknown>\n#2 0x56073e579be8 <unknown>\n#3 0x56073e579e81 <unknown>\n#4 0x56073e5c08c4 <unknown>\n#5 0x56073e59eb4d <unknown>\n#6 0x56073e5bdd7d <unknown>\n#7 0x56073e59e8c3 <unknown>\n#8 0x56073e56c6b3 <unknown>\n#9 0x56073e56d68e <unknown>\n#10 0x56073e80eb3b <unknown>\n#11 0x56073e812ac1 <unknown>\n#12 0x56073e7fb335 <unknown>\n#13 0x56073e813642 <unknown>\n#14 0x56073e7e049f <unknown>\n#15 0x56073e833038 <unknown>\n#16 0x56073e833203 <unknown>\n#17 0x56073e842f8c <unknown>\n#18 0x7f4d25c94ac3 <unknown>\n\n",
      "statusTrace" : "  File \"/opt/hostedtoolcache/Python/3.12.6/x64/lib/python3.12/site-packages/allure_commons/_allure.py\", line 192, in impl\n    return func(*a, **kw)\n           ^^^^^^^^^^^^^^\n  File \"/home/runner/work/auto-tests-python/auto-tests-python/pages/specialists_page.py\", line 182, in get_text_in_all_specialists_link\n    return self.get_text(self.locators.ALL_SPECIALISTS_LINK)\n           ^^^^^^^^^^^^^^^^^^^^^^^^^^^^^^^^^^^^^^^^^^^^^^^^^\n  File \"/home/runner/work/auto-tests-python/auto-tests-python/pages/base_page.py\", line 87, in get_text\n    return self.element_is_visible(locator).text\n           ^^^^^^^^^^^^^^^^^^^^^^^^^^^^^^^^\n  File \"/home/runner/work/auto-tests-python/auto-tests-python/pages/base_page.py\", line 37, in element_is_visible\n    self.go_to_element(self.element_is_present(locator))\n                       ^^^^^^^^^^^^^^^^^^^^^^^^^^^^^^^^\n  File \"/home/runner/work/auto-tests-python/auto-tests-python/pages/base_page.py\", line 51, in element_is_present\n    return Wait(self.driver, self.timeout).until(\n           ^^^^^^^^^^^^^^^^^^^^^^^^^^^^^^^^^^^^^^\n  File \"/opt/hostedtoolcache/Python/3.12.6/x64/lib/python3.12/site-packages/selenium/webdriver/support/wait.py\", line 95, in until\n    raise TimeoutException(message, screen, stacktrace)\n",
      "steps" : [ {
        "name" : "Get text in the element: ('xpath', \"//div[contains(@class, 'mt-20')]/a\")",
        "time" : {
          "start" : 1728266718552,
          "stop" : 1728266738572,
          "duration" : 20020
        },
        "status" : "broken",
        "statusMessage" : "selenium.common.exceptions.TimeoutException: Message: Can't find element by locator ('xpath', \"//div[contains(@class, 'mt-20')]/a\")\nStacktrace:\n#0 0x56073e84413a <unknown>\n#1 0x56073e52a5e0 <unknown>\n#2 0x56073e579be8 <unknown>\n#3 0x56073e579e81 <unknown>\n#4 0x56073e5c08c4 <unknown>\n#5 0x56073e59eb4d <unknown>\n#6 0x56073e5bdd7d <unknown>\n#7 0x56073e59e8c3 <unknown>\n#8 0x56073e56c6b3 <unknown>\n#9 0x56073e56d68e <unknown>\n#10 0x56073e80eb3b <unknown>\n#11 0x56073e812ac1 <unknown>\n#12 0x56073e7fb335 <unknown>\n#13 0x56073e813642 <unknown>\n#14 0x56073e7e049f <unknown>\n#15 0x56073e833038 <unknown>\n#16 0x56073e833203 <unknown>\n#17 0x56073e842f8c <unknown>\n#18 0x7f4d25c94ac3 <unknown>\n\n",
        "statusTrace" : "  File \"/home/runner/work/auto-tests-python/auto-tests-python/pages/base_page.py\", line 87, in get_text\n    return self.element_is_visible(locator).text\n           ^^^^^^^^^^^^^^^^^^^^^^^^^^^^^^^^\n  File \"/home/runner/work/auto-tests-python/auto-tests-python/pages/base_page.py\", line 37, in element_is_visible\n    self.go_to_element(self.element_is_present(locator))\n                       ^^^^^^^^^^^^^^^^^^^^^^^^^^^^^^^^\n  File \"/home/runner/work/auto-tests-python/auto-tests-python/pages/base_page.py\", line 51, in element_is_present\n    return Wait(self.driver, self.timeout).until(\n           ^^^^^^^^^^^^^^^^^^^^^^^^^^^^^^^^^^^^^^\n  File \"/opt/hostedtoolcache/Python/3.12.6/x64/lib/python3.12/site-packages/selenium/webdriver/support/wait.py\", line 95, in until\n    raise TimeoutException(message, screen, stacktrace)\n",
        "steps" : [ ],
        "attachments" : [ ],
        "parameters" : [ ],
        "stepsCount" : 0,
        "attachmentsCount" : 0,
        "shouldDisplayMessage" : true,
        "hasContent" : true
      } ],
      "attachments" : [ ],
      "parameters" : [ ],
      "stepsCount" : 1,
      "attachmentsCount" : 0,
      "shouldDisplayMessage" : false,
      "hasContent" : true
    } ],
    "attachments" : [ {
      "uid" : "4773a9d4f208243f",
      "name" : "Screenshot 2024-10-07 02:05:38.675870",
      "source" : "4773a9d4f208243f.png",
      "type" : "image/png",
      "size" : 46598
    } ],
    "parameters" : [ ],
    "stepsCount" : 2,
    "attachmentsCount" : 1,
    "shouldDisplayMessage" : true,
    "hasContent" : true
  },
  "afterStages" : [ {
    "name" : "driver::0",
    "time" : {
      "start" : 1728266738677,
      "stop" : 1728266738766,
      "duration" : 89
    },
    "status" : "passed",
    "steps" : [ ],
    "attachments" : [ ],
    "parameters" : [ ],
    "stepsCount" : 0,
    "attachmentsCount" : 0,
    "shouldDisplayMessage" : false,
    "hasContent" : false
  } ],
  "labels" : [ {
    "name" : "epic",
    "value" : "Test Specialists Page"
  }, {
    "name" : "parentSuite",
    "value" : "tests"
  }, {
    "name" : "suite",
    "value" : "specialists_page_test"
  }, {
    "name" : "subSuite",
    "value" : "TestSpecialistsPage"
  }, {
    "name" : "host",
    "value" : "fv-az1429-774"
  }, {
    "name" : "thread",
    "value" : "2350-MainThread"
  }, {
    "name" : "framework",
    "value" : "pytest"
  }, {
    "name" : "language",
    "value" : "cpython3"
  }, {
    "name" : "package",
    "value" : "tests.specialists_page_test"
  }, {
    "name" : "resultFormat",
    "value" : "allure2"
  } ],
  "parameters" : [ ],
  "links" : [ ],
  "hidden" : false,
  "retry" : false,
  "extra" : {
    "severity" : "normal",
    "retries" : [ ],
    "categories" : [ {
      "name" : "Test defects",
      "matchedStatuses" : [ ],
      "flaky" : false
    } ],
    "history" : {
      "statistic" : {
        "failed" : 0,
        "broken" : 1,
        "skipped" : 0,
        "passed" : 24,
        "unknown" : 0,
        "total" : 25
      },
      "items" : [ {
        "uid" : "6596813cd7fcc1fe",
        "reportUrl" : "https://lambotik.github.io/auto-tests-python/54//#testresult/6596813cd7fcc1fe",
        "status" : "passed",
        "time" : {
          "start" : 1728179808359,
          "stop" : 1728179808415,
          "duration" : 56
        }
      }, {
        "uid" : "62fe3c838223bf89",
        "reportUrl" : "https://lambotik.github.io/auto-tests-python/53//#testresult/62fe3c838223bf89",
        "status" : "passed",
        "time" : {
          "start" : 1728093050212,
          "stop" : 1728093050255,
          "duration" : 43
        }
      }, {
        "uid" : "bf26c872a39856c6",
        "reportUrl" : "https://lambotik.github.io/auto-tests-python/52//#testresult/bf26c872a39856c6",
        "status" : "passed",
        "time" : {
          "start" : 1728006753023,
          "stop" : 1728006753076,
          "duration" : 53
        }
      }, {
        "uid" : "896a2401aa76091d",
        "reportUrl" : "https://lambotik.github.io/auto-tests-python/51//#testresult/896a2401aa76091d",
        "status" : "passed",
        "time" : {
          "start" : 1727920398422,
          "stop" : 1727920398470,
          "duration" : 48
        }
      }, {
        "uid" : "814f885d0d662471",
        "reportUrl" : "https://lambotik.github.io/auto-tests-python/50//#testresult/814f885d0d662471",
        "status" : "passed",
        "time" : {
          "start" : 1727833817533,
          "stop" : 1727833837049,
          "duration" : 19516
        }
      }, {
        "uid" : "a660ddf123b7e3fe",
        "reportUrl" : "https://lambotik.github.io/auto-tests-python/49//#testresult/a660ddf123b7e3fe",
        "status" : "passed",
        "time" : {
          "start" : 1727747942271,
          "stop" : 1727747942321,
          "duration" : 50
        }
      }, {
        "uid" : "a62d10eb6c9e529c",
        "reportUrl" : "https://lambotik.github.io/auto-tests-python/48//#testresult/a62d10eb6c9e529c",
        "status" : "passed",
        "time" : {
          "start" : 1727661224030,
          "stop" : 1727661224077,
          "duration" : 47
        }
      }, {
        "uid" : "f9095ea1183f413c",
        "reportUrl" : "https://lambotik.github.io/auto-tests-python/47//#testresult/f9095ea1183f413c",
        "status" : "passed",
        "time" : {
          "start" : 1727575045011,
          "stop" : 1727575045055,
          "duration" : 44
        }
      }, {
        "uid" : "c45ee64b95498188",
        "reportUrl" : "https://lambotik.github.io/auto-tests-python/46//#testresult/c45ee64b95498188",
        "status" : "passed",
        "time" : {
          "start" : 1727488271638,
          "stop" : 1727488271683,
          "duration" : 45
        }
      }, {
        "uid" : "67168cc5022ae73b",
        "reportUrl" : "https://lambotik.github.io/auto-tests-python/45//#testresult/67168cc5022ae73b",
        "status" : "passed",
        "time" : {
          "start" : 1727402020642,
          "stop" : 1727402020686,
          "duration" : 44
        }
      }, {
        "uid" : "a509a5aa9a135185",
        "reportUrl" : "https://lambotik.github.io/auto-tests-python/44//#testresult/a509a5aa9a135185",
        "status" : "passed",
        "time" : {
          "start" : 1727315494526,
          "stop" : 1727315494568,
          "duration" : 42
        }
      }, {
        "uid" : "760c89b07e6f1143",
        "reportUrl" : "https://lambotik.github.io/auto-tests-python/43//#testresult/760c89b07e6f1143",
        "status" : "passed",
        "time" : {
          "start" : 1727229140909,
          "stop" : 1727229140964,
          "duration" : 55
        }
      }, {
        "uid" : "dcbc94fe9d30cede",
        "reportUrl" : "https://lambotik.github.io/auto-tests-python/42//#testresult/dcbc94fe9d30cede",
        "status" : "passed",
        "time" : {
          "start" : 1727142671868,
          "stop" : 1727142671915,
          "duration" : 47
        }
      }, {
        "uid" : "646e91e8262a6302",
        "reportUrl" : "https://lambotik.github.io/auto-tests-python/41//#testresult/646e91e8262a6302",
        "status" : "passed",
        "time" : {
          "start" : 1727056191612,
          "stop" : 1727056191657,
          "duration" : 45
        }
      }, {
        "uid" : "937f1207e2f67635",
        "reportUrl" : "https://lambotik.github.io/auto-tests-python/40//#testresult/937f1207e2f67635",
        "status" : "passed",
        "time" : {
          "start" : 1726970120744,
          "stop" : 1726970120796,
          "duration" : 52
        }
      }, {
        "uid" : "4ac3bde754120626",
        "reportUrl" : "https://lambotik.github.io/auto-tests-python/39//#testresult/4ac3bde754120626",
        "status" : "passed",
        "time" : {
          "start" : 1726883118907,
          "stop" : 1726883118948,
          "duration" : 41
        }
      }, {
        "uid" : "54f08c74b0c73e08",
        "reportUrl" : "https://lambotik.github.io/auto-tests-python/38//#testresult/54f08c74b0c73e08",
        "status" : "passed",
        "time" : {
          "start" : 1726796862612,
          "stop" : 1726796862671,
          "duration" : 59
        }
      }, {
        "uid" : "7e5758b458e9efbd",
        "reportUrl" : "https://lambotik.github.io/auto-tests-python/37//#testresult/7e5758b458e9efbd",
        "status" : "passed",
        "time" : {
          "start" : 1726710452986,
          "stop" : 1726710453031,
          "duration" : 45
        }
      }, {
        "uid" : "42d8127a2859466b",
        "reportUrl" : "https://lambotik.github.io/auto-tests-python/12//#testresult/42d8127a2859466b",
        "status" : "passed",
        "time" : {
          "start" : 1726650386659,
          "stop" : 1726650386701,
          "duration" : 42
        }
      }, {
        "uid" : "7b2cb3e0488a4d5a",
        "reportUrl" : "https://lambotik.github.io/auto-tests-python/11//#testresult/7b2cb3e0488a4d5a",
        "status" : "passed",
        "time" : {
          "start" : 1726648075154,
          "stop" : 1726648075196,
          "duration" : 42
        }
      } ]
    },
    "tags" : [ ]
  },
  "source" : "8c15eb2755db3e40.json",
  "parameterValues" : [ ]
}