{
  "uid" : "99fcef2fb9698f4a",
  "name" : "Verify redirection to contributors page not authorized user.",
  "fullName" : "tests.description_page_test.TestDescriptionPage#test_dp_07_verify_redirection_to_contributors_page",
  "historyId" : "85f2b35427a7bcbc7a8256ab71746c1d",
  "time" : {
    "start" : 1728265929599,
    "stop" : 1728265970053,
    "duration" : 40454
  },
  "status" : "broken",
  "statusMessage" : "selenium.common.exceptions.TimeoutException: Message: Can't find element by locator https://brainup.site/contributors",
  "statusTrace" : "self = <pages.description_page.DescriptionPage object at 0x7f0ad3a45790>\nurl = 'https://brainup.site/contributors'\n\n    def check_expected_link(self, url):\n        with allure.step(f'Check url is present: {url}'):\n            try:\n>               return Wait(self.driver, self.timeout).until(\n                    ec.url_to_be(url), message=f\"Can't find element by locator {url}\")\n\npages/base_page.py:68: \n_ _ _ _ _ _ _ _ _ _ _ _ _ _ _ _ _ _ _ _ _ _ _ _ _ _ _ _ _ _ _ _ _ _ _ _ _ _ _ _ \n\nself = <selenium.webdriver.support.wait.WebDriverWait (session=\"407bd03adbe653c6a5c15beb2d433d5b\")>\nmethod = <function url_to_be.<locals>._predicate at 0x7f0ad3890ea0>\nmessage = \"Can't find element by locator https://brainup.site/contributors\"\n\n    def until(self, method, message: str = \"\"):\n        \"\"\"Calls the method provided with the driver as an argument until the \\\n        return value does not evaluate to ``False``.\n    \n        :param method: callable(WebDriver)\n        :param message: optional message for :exc:`TimeoutException`\n        :returns: the result of the last call to `method`\n        :raises: :exc:`selenium.common.exceptions.TimeoutException` if timeout occurs\n        \"\"\"\n        screen = None\n        stacktrace = None\n    \n        end_time = time.monotonic() + self._timeout\n        while True:\n            try:\n                value = method(self._driver)\n                if value:\n                    return value\n            except self._ignored_exceptions as exc:\n                screen = getattr(exc, \"screen\", None)\n                stacktrace = getattr(exc, \"stacktrace\", None)\n            time.sleep(self._poll)\n            if time.monotonic() > end_time:\n                break\n>       raise TimeoutException(message, screen, stacktrace)\nE       selenium.common.exceptions.TimeoutException: Message: Can't find element by locator https://brainup.site/contributors\n\n/opt/hostedtoolcache/Python/3.12.6/x64/lib/python3.12/site-packages/selenium/webdriver/support/wait.py:95: TimeoutException\n\nDuring handling of the above exception, another exception occurred:\n\nself = <tests.description_page_test.TestDescriptionPage object at 0x7f0ad3ce96d0>\ndriver = <selenium.webdriver.chrome.webdriver.WebDriver (session=\"407bd03adbe653c6a5c15beb2d433d5b\")>\nmain_page_open = None\n\n    @allure.title(\"Verify redirection to contributors page not authorized user.\")\n    def test_dp_07_verify_redirection_to_contributors_page(self, driver, main_page_open):\n        page = DescriptionPage(driver)\n>       contributors_page_url = page.transition_contributors_page()\n\ntests/description_page_test.py:48: \n_ _ _ _ _ _ _ _ _ _ _ _ _ _ _ _ _ _ _ _ _ _ _ _ _ _ _ _ _ _ _ _ _ _ _ _ _ _ _ _ \npages/description_page.py:58: in transition_contributors_page\n    self.check_expected_link(MainPageLinks.URL_CONTRIBUTORS_PAGE)\npages/base_page.py:72: in check_expected_link\n    return Wait(self.driver, self.timeout).until(\n_ _ _ _ _ _ _ _ _ _ _ _ _ _ _ _ _ _ _ _ _ _ _ _ _ _ _ _ _ _ _ _ _ _ _ _ _ _ _ _ \n\nself = <selenium.webdriver.support.wait.WebDriverWait (session=\"407bd03adbe653c6a5c15beb2d433d5b\")>\nmethod = <function url_to_be.<locals>._predicate at 0x7f0ad3890ae0>\nmessage = \"Can't find element by locator https://brainup.site/contributors\"\n\n    def until(self, method, message: str = \"\"):\n        \"\"\"Calls the method provided with the driver as an argument until the \\\n        return value does not evaluate to ``False``.\n    \n        :param method: callable(WebDriver)\n        :param message: optional message for :exc:`TimeoutException`\n        :returns: the result of the last call to `method`\n        :raises: :exc:`selenium.common.exceptions.TimeoutException` if timeout occurs\n        \"\"\"\n        screen = None\n        stacktrace = None\n    \n        end_time = time.monotonic() + self._timeout\n        while True:\n            try:\n                value = method(self._driver)\n                if value:\n                    return value\n            except self._ignored_exceptions as exc:\n                screen = getattr(exc, \"screen\", None)\n                stacktrace = getattr(exc, \"stacktrace\", None)\n            time.sleep(self._poll)\n            if time.monotonic() > end_time:\n                break\n>       raise TimeoutException(message, screen, stacktrace)\nE       selenium.common.exceptions.TimeoutException: Message: Can't find element by locator https://brainup.site/contributors\n\n/opt/hostedtoolcache/Python/3.12.6/x64/lib/python3.12/site-packages/selenium/webdriver/support/wait.py:95: TimeoutException",
  "flaky" : false,
  "newFailed" : false,
  "beforeStages" : [ {
    "name" : "clear_allure_results_folder",
    "time" : {
      "start" : 1728265527027,
      "stop" : 1728265527027,
      "duration" : 0
    },
    "status" : "passed",
    "steps" : [ ],
    "attachments" : [ ],
    "parameters" : [ ],
    "stepsCount" : 0,
    "attachmentsCount" : 0,
    "shouldDisplayMessage" : false,
    "hasContent" : false
  }, {
    "name" : "main_page_open",
    "time" : {
      "start" : 1728265925640,
      "stop" : 1728265929599,
      "duration" : 3959
    },
    "status" : "passed",
    "steps" : [ {
      "name" : "Open page: https://brainup.site/",
      "time" : {
        "start" : 1728265925640,
        "stop" : 1728265929599,
        "duration" : 3959
      },
      "status" : "passed",
      "steps" : [ ],
      "attachments" : [ ],
      "parameters" : [ {
        "name" : "driver",
        "value" : "<selenium.webdriver.chrome.webdriver.WebDriver (session=\"407bd03adbe653c6a5c15beb2d433d5b\")>"
      } ],
      "stepsCount" : 0,
      "attachmentsCount" : 0,
      "shouldDisplayMessage" : false,
      "hasContent" : true
    } ],
    "attachments" : [ ],
    "parameters" : [ ],
    "stepsCount" : 1,
    "attachmentsCount" : 0,
    "shouldDisplayMessage" : false,
    "hasContent" : true
  }, {
    "name" : "driver",
    "time" : {
      "start" : 1728265924888,
      "stop" : 1728265925640,
      "duration" : 752
    },
    "status" : "passed",
    "steps" : [ ],
    "attachments" : [ ],
    "parameters" : [ ],
    "stepsCount" : 0,
    "attachmentsCount" : 0,
    "shouldDisplayMessage" : false,
    "hasContent" : false
  } ],
  "testStage" : {
    "status" : "broken",
    "statusMessage" : "selenium.common.exceptions.TimeoutException: Message: Can't find element by locator https://brainup.site/contributors",
    "statusTrace" : "self = <pages.description_page.DescriptionPage object at 0x7f0ad3a45790>\nurl = 'https://brainup.site/contributors'\n\n    def check_expected_link(self, url):\n        with allure.step(f'Check url is present: {url}'):\n            try:\n>               return Wait(self.driver, self.timeout).until(\n                    ec.url_to_be(url), message=f\"Can't find element by locator {url}\")\n\npages/base_page.py:68: \n_ _ _ _ _ _ _ _ _ _ _ _ _ _ _ _ _ _ _ _ _ _ _ _ _ _ _ _ _ _ _ _ _ _ _ _ _ _ _ _ \n\nself = <selenium.webdriver.support.wait.WebDriverWait (session=\"407bd03adbe653c6a5c15beb2d433d5b\")>\nmethod = <function url_to_be.<locals>._predicate at 0x7f0ad3890ea0>\nmessage = \"Can't find element by locator https://brainup.site/contributors\"\n\n    def until(self, method, message: str = \"\"):\n        \"\"\"Calls the method provided with the driver as an argument until the \\\n        return value does not evaluate to ``False``.\n    \n        :param method: callable(WebDriver)\n        :param message: optional message for :exc:`TimeoutException`\n        :returns: the result of the last call to `method`\n        :raises: :exc:`selenium.common.exceptions.TimeoutException` if timeout occurs\n        \"\"\"\n        screen = None\n        stacktrace = None\n    \n        end_time = time.monotonic() + self._timeout\n        while True:\n            try:\n                value = method(self._driver)\n                if value:\n                    return value\n            except self._ignored_exceptions as exc:\n                screen = getattr(exc, \"screen\", None)\n                stacktrace = getattr(exc, \"stacktrace\", None)\n            time.sleep(self._poll)\n            if time.monotonic() > end_time:\n                break\n>       raise TimeoutException(message, screen, stacktrace)\nE       selenium.common.exceptions.TimeoutException: Message: Can't find element by locator https://brainup.site/contributors\n\n/opt/hostedtoolcache/Python/3.12.6/x64/lib/python3.12/site-packages/selenium/webdriver/support/wait.py:95: TimeoutException\n\nDuring handling of the above exception, another exception occurred:\n\nself = <tests.description_page_test.TestDescriptionPage object at 0x7f0ad3ce96d0>\ndriver = <selenium.webdriver.chrome.webdriver.WebDriver (session=\"407bd03adbe653c6a5c15beb2d433d5b\")>\nmain_page_open = None\n\n    @allure.title(\"Verify redirection to contributors page not authorized user.\")\n    def test_dp_07_verify_redirection_to_contributors_page(self, driver, main_page_open):\n        page = DescriptionPage(driver)\n>       contributors_page_url = page.transition_contributors_page()\n\ntests/description_page_test.py:48: \n_ _ _ _ _ _ _ _ _ _ _ _ _ _ _ _ _ _ _ _ _ _ _ _ _ _ _ _ _ _ _ _ _ _ _ _ _ _ _ _ \npages/description_page.py:58: in transition_contributors_page\n    self.check_expected_link(MainPageLinks.URL_CONTRIBUTORS_PAGE)\npages/base_page.py:72: in check_expected_link\n    return Wait(self.driver, self.timeout).until(\n_ _ _ _ _ _ _ _ _ _ _ _ _ _ _ _ _ _ _ _ _ _ _ _ _ _ _ _ _ _ _ _ _ _ _ _ _ _ _ _ \n\nself = <selenium.webdriver.support.wait.WebDriverWait (session=\"407bd03adbe653c6a5c15beb2d433d5b\")>\nmethod = <function url_to_be.<locals>._predicate at 0x7f0ad3890ae0>\nmessage = \"Can't find element by locator https://brainup.site/contributors\"\n\n    def until(self, method, message: str = \"\"):\n        \"\"\"Calls the method provided with the driver as an argument until the \\\n        return value does not evaluate to ``False``.\n    \n        :param method: callable(WebDriver)\n        :param message: optional message for :exc:`TimeoutException`\n        :returns: the result of the last call to `method`\n        :raises: :exc:`selenium.common.exceptions.TimeoutException` if timeout occurs\n        \"\"\"\n        screen = None\n        stacktrace = None\n    \n        end_time = time.monotonic() + self._timeout\n        while True:\n            try:\n                value = method(self._driver)\n                if value:\n                    return value\n            except self._ignored_exceptions as exc:\n                screen = getattr(exc, \"screen\", None)\n                stacktrace = getattr(exc, \"stacktrace\", None)\n            time.sleep(self._poll)\n            if time.monotonic() > end_time:\n                break\n>       raise TimeoutException(message, screen, stacktrace)\nE       selenium.common.exceptions.TimeoutException: Message: Can't find element by locator https://brainup.site/contributors\n\n/opt/hostedtoolcache/Python/3.12.6/x64/lib/python3.12/site-packages/selenium/webdriver/support/wait.py:95: TimeoutException",
    "steps" : [ {
      "name" : "Open contributors page",
      "time" : {
        "start" : 1728265929599,
        "stop" : 1728265970053,
        "duration" : 40454
      },
      "status" : "broken",
      "statusMessage" : "selenium.common.exceptions.TimeoutException: Message: Can't find element by locator https://brainup.site/contributors\n\n",
      "statusTrace" : "  File \"/opt/hostedtoolcache/Python/3.12.6/x64/lib/python3.12/site-packages/allure_commons/_allure.py\", line 192, in impl\n    return func(*a, **kw)\n           ^^^^^^^^^^^^^^\n  File \"/home/runner/work/auto-tests-python/auto-tests-python/pages/description_page.py\", line 58, in transition_contributors_page\n    self.check_expected_link(MainPageLinks.URL_CONTRIBUTORS_PAGE)\n  File \"/home/runner/work/auto-tests-python/auto-tests-python/pages/base_page.py\", line 72, in check_expected_link\n    return Wait(self.driver, self.timeout).until(\n           ^^^^^^^^^^^^^^^^^^^^^^^^^^^^^^^^^^^^^^\n  File \"/opt/hostedtoolcache/Python/3.12.6/x64/lib/python3.12/site-packages/selenium/webdriver/support/wait.py\", line 95, in until\n    raise TimeoutException(message, screen, stacktrace)\n",
      "steps" : [ {
        "name" : "Check url is present: https://brainup.site/contributors",
        "time" : {
          "start" : 1728265929767,
          "stop" : 1728265970053,
          "duration" : 40286
        },
        "status" : "broken",
        "statusMessage" : "selenium.common.exceptions.TimeoutException: Message: Can't find element by locator https://brainup.site/contributors\n\n",
        "statusTrace" : "  File \"/home/runner/work/auto-tests-python/auto-tests-python/pages/base_page.py\", line 72, in check_expected_link\n    return Wait(self.driver, self.timeout).until(\n           ^^^^^^^^^^^^^^^^^^^^^^^^^^^^^^^^^^^^^^\n  File \"/opt/hostedtoolcache/Python/3.12.6/x64/lib/python3.12/site-packages/selenium/webdriver/support/wait.py\", line 95, in until\n    raise TimeoutException(message, screen, stacktrace)\n",
        "steps" : [ ],
        "attachments" : [ ],
        "parameters" : [ ],
        "stepsCount" : 0,
        "attachmentsCount" : 0,
        "shouldDisplayMessage" : true,
        "hasContent" : true
      } ],
      "attachments" : [ ],
      "parameters" : [ ],
      "stepsCount" : 1,
      "attachmentsCount" : 0,
      "shouldDisplayMessage" : false,
      "hasContent" : true
    } ],
    "attachments" : [ {
      "uid" : "2a023484e5ad6d82",
      "name" : "Screenshot 2024-10-07 01:52:50.156621",
      "source" : "2a023484e5ad6d82.png",
      "type" : "image/png",
      "size" : 46598
    } ],
    "parameters" : [ ],
    "stepsCount" : 2,
    "attachmentsCount" : 1,
    "shouldDisplayMessage" : true,
    "hasContent" : true
  },
  "afterStages" : [ {
    "name" : "driver::0",
    "time" : {
      "start" : 1728265970158,
      "stop" : 1728265970244,
      "duration" : 86
    },
    "status" : "passed",
    "steps" : [ ],
    "attachments" : [ ],
    "parameters" : [ ],
    "stepsCount" : 0,
    "attachmentsCount" : 0,
    "shouldDisplayMessage" : false,
    "hasContent" : false
  } ],
  "labels" : [ {
    "name" : "epic",
    "value" : "Description Page."
  }, {
    "name" : "parentSuite",
    "value" : "tests"
  }, {
    "name" : "suite",
    "value" : "description_page_test"
  }, {
    "name" : "subSuite",
    "value" : "TestDescriptionPage"
  }, {
    "name" : "host",
    "value" : "fv-az1429-774"
  }, {
    "name" : "thread",
    "value" : "2350-MainThread"
  }, {
    "name" : "framework",
    "value" : "pytest"
  }, {
    "name" : "language",
    "value" : "cpython3"
  }, {
    "name" : "package",
    "value" : "tests.description_page_test"
  }, {
    "name" : "resultFormat",
    "value" : "allure2"
  } ],
  "parameters" : [ ],
  "links" : [ ],
  "hidden" : false,
  "retry" : false,
  "extra" : {
    "severity" : "normal",
    "retries" : [ ],
    "categories" : [ {
      "name" : "Test defects",
      "matchedStatuses" : [ ],
      "flaky" : false
    } ],
    "history" : {
      "statistic" : {
        "failed" : 0,
        "broken" : 1,
        "skipped" : 0,
        "passed" : 54,
        "unknown" : 0,
        "total" : 55
      },
      "items" : [ {
        "uid" : "42d6f157b38025b0",
        "reportUrl" : "https://lambotik.github.io/auto-tests-python/54//#testresult/42d6f157b38025b0",
        "status" : "passed",
        "time" : {
          "start" : 1728179464509,
          "stop" : 1728179465156,
          "duration" : 647
        }
      }, {
        "uid" : "2a7036ef414c3d6e",
        "reportUrl" : "https://lambotik.github.io/auto-tests-python/53//#testresult/2a7036ef414c3d6e",
        "status" : "passed",
        "time" : {
          "start" : 1728092649804,
          "stop" : 1728092650450,
          "duration" : 646
        }
      }, {
        "uid" : "73a1bb5f825bf31c",
        "reportUrl" : "https://lambotik.github.io/auto-tests-python/52//#testresult/73a1bb5f825bf31c",
        "status" : "passed",
        "time" : {
          "start" : 1728006353689,
          "stop" : 1728006354341,
          "duration" : 652
        }
      }, {
        "uid" : "1e48b31aec7da21a",
        "reportUrl" : "https://lambotik.github.io/auto-tests-python/51//#testresult/1e48b31aec7da21a",
        "status" : "passed",
        "time" : {
          "start" : 1727919945072,
          "stop" : 1727919945767,
          "duration" : 695
        }
      }, {
        "uid" : "cc76c0d71c4febe2",
        "reportUrl" : "https://lambotik.github.io/auto-tests-python/50//#testresult/cc76c0d71c4febe2",
        "status" : "passed",
        "time" : {
          "start" : 1727833469526,
          "stop" : 1727833470176,
          "duration" : 650
        }
      }, {
        "uid" : "cc80d5c5aa12efc3",
        "reportUrl" : "https://lambotik.github.io/auto-tests-python/49//#testresult/cc80d5c5aa12efc3",
        "status" : "passed",
        "time" : {
          "start" : 1727747606198,
          "stop" : 1727747606849,
          "duration" : 651
        }
      }, {
        "uid" : "28f3cda59b2de359",
        "reportUrl" : "https://lambotik.github.io/auto-tests-python/48//#testresult/28f3cda59b2de359",
        "status" : "passed",
        "time" : {
          "start" : 1727660887439,
          "stop" : 1727660888091,
          "duration" : 652
        }
      }, {
        "uid" : "18397dd35317dc6c",
        "reportUrl" : "https://lambotik.github.io/auto-tests-python/47//#testresult/18397dd35317dc6c",
        "status" : "passed",
        "time" : {
          "start" : 1727574698012,
          "stop" : 1727574698706,
          "duration" : 694
        }
      }, {
        "uid" : "7044b4b18e4df05f",
        "reportUrl" : "https://lambotik.github.io/auto-tests-python/46//#testresult/7044b4b18e4df05f",
        "status" : "passed",
        "time" : {
          "start" : 1727487940436,
          "stop" : 1727487941083,
          "duration" : 647
        }
      }, {
        "uid" : "b2bceb316fa5c03d",
        "reportUrl" : "https://lambotik.github.io/auto-tests-python/45//#testresult/b2bceb316fa5c03d",
        "status" : "passed",
        "time" : {
          "start" : 1727401561291,
          "stop" : 1727401561965,
          "duration" : 674
        }
      }, {
        "uid" : "5651e6d373240100",
        "reportUrl" : "https://lambotik.github.io/auto-tests-python/44//#testresult/5651e6d373240100",
        "status" : "passed",
        "time" : {
          "start" : 1727315083887,
          "stop" : 1727315084550,
          "duration" : 663
        }
      }, {
        "uid" : "e6fb5b678f008978",
        "reportUrl" : "https://lambotik.github.io/auto-tests-python/43//#testresult/e6fb5b678f008978",
        "status" : "passed",
        "time" : {
          "start" : 1727228765292,
          "stop" : 1727228765946,
          "duration" : 654
        }
      }, {
        "uid" : "af74e713d5f348f9",
        "reportUrl" : "https://lambotik.github.io/auto-tests-python/42//#testresult/af74e713d5f348f9",
        "status" : "passed",
        "time" : {
          "start" : 1727142318495,
          "stop" : 1727142319143,
          "duration" : 648
        }
      }, {
        "uid" : "7aa1c27110c0cf9d",
        "reportUrl" : "https://lambotik.github.io/auto-tests-python/41//#testresult/7aa1c27110c0cf9d",
        "status" : "passed",
        "time" : {
          "start" : 1727055865841,
          "stop" : 1727055866485,
          "duration" : 644
        }
      }, {
        "uid" : "8469f77c854f518f",
        "reportUrl" : "https://lambotik.github.io/auto-tests-python/40//#testresult/8469f77c854f518f",
        "status" : "passed",
        "time" : {
          "start" : 1726969792322,
          "stop" : 1726969792965,
          "duration" : 643
        }
      }, {
        "uid" : "ce0af62fc53ac7ee",
        "reportUrl" : "https://lambotik.github.io/auto-tests-python/39//#testresult/ce0af62fc53ac7ee",
        "status" : "passed",
        "time" : {
          "start" : 1726882797872,
          "stop" : 1726882798532,
          "duration" : 660
        }
      }, {
        "uid" : "c4991bd81a1aa597",
        "reportUrl" : "https://lambotik.github.io/auto-tests-python/38//#testresult/c4991bd81a1aa597",
        "status" : "passed",
        "time" : {
          "start" : 1726796517311,
          "stop" : 1726796517951,
          "duration" : 640
        }
      }, {
        "uid" : "bbf64e05558c3786",
        "reportUrl" : "https://lambotik.github.io/auto-tests-python/37//#testresult/bbf64e05558c3786",
        "status" : "passed",
        "time" : {
          "start" : 1726710120359,
          "stop" : 1726710121002,
          "duration" : 643
        }
      }, {
        "uid" : "8a6a0c8d32d710bf",
        "reportUrl" : "https://lambotik.github.io/auto-tests-python/12//#testresult/8a6a0c8d32d710bf",
        "status" : "passed",
        "time" : {
          "start" : 1726650052060,
          "stop" : 1726650052699,
          "duration" : 639
        }
      }, {
        "uid" : "18cc815339b5a638",
        "reportUrl" : "https://lambotik.github.io/auto-tests-python/11//#testresult/18cc815339b5a638",
        "status" : "passed",
        "time" : {
          "start" : 1726647684997,
          "stop" : 1726647685670,
          "duration" : 673
        }
      } ]
    },
    "tags" : [ ]
  },
  "source" : "99fcef2fb9698f4a.json",
  "parameterValues" : [ ]
}