{
  "uid" : "b9d57f692b7aa84a",
  "name" : "Select a random card from \"Предложения\" group and compare UI vs BACKEND data.",
  "fullName" : "tests.test_speech_exercises_ru.TestCardsRU#test_random_cards_in_sentences_ru",
  "historyId" : "0c7f6c8c808a1acd373a8bdcd331af43",
  "time" : {
    "start" : 1728267265833,
    "stop" : 1728267265833,
    "duration" : 0
  },
  "status" : "skipped",
  "statusMessage" : "XFAIL\n\nselenium.common.exceptions.TimeoutException: Message: Can't find element by locator https://brainup.site/groups",
  "statusTrace" : "self = <pages.base_page.BasePage object at 0x7f0ad3760ef0>\nurl = 'https://brainup.site/groups'\n\n    def check_expected_link(self, url):\n        with allure.step(f'Check url is present: {url}'):\n            try:\n>               return Wait(self.driver, self.timeout).until(\n                    ec.url_to_be(url), message=f\"Can't find element by locator {url}\")\n\npages/base_page.py:68: \n_ _ _ _ _ _ _ _ _ _ _ _ _ _ _ _ _ _ _ _ _ _ _ _ _ _ _ _ _ _ _ _ _ _ _ _ _ _ _ _ \n\nself = <selenium.webdriver.support.wait.WebDriverWait (session=\"3be9f5d8269d1c332f786dd7b36ab2b9\")>\nmethod = <function url_to_be.<locals>._predicate at 0x7f0ad37bca40>\nmessage = \"Can't find element by locator https://brainup.site/groups\"\n\n    def until(self, method, message: str = \"\"):\n        \"\"\"Calls the method provided with the driver as an argument until the \\\n        return value does not evaluate to ``False``.\n    \n        :param method: callable(WebDriver)\n        :param message: optional message for :exc:`TimeoutException`\n        :returns: the result of the last call to `method`\n        :raises: :exc:`selenium.common.exceptions.TimeoutException` if timeout occurs\n        \"\"\"\n        screen = None\n        stacktrace = None\n    \n        end_time = time.monotonic() + self._timeout\n        while True:\n            try:\n                value = method(self._driver)\n                if value:\n                    return value\n            except self._ignored_exceptions as exc:\n                screen = getattr(exc, \"screen\", None)\n                stacktrace = getattr(exc, \"stacktrace\", None)\n            time.sleep(self._poll)\n            if time.monotonic() > end_time:\n                break\n>       raise TimeoutException(message, screen, stacktrace)\nE       selenium.common.exceptions.TimeoutException: Message: Can't find element by locator https://brainup.site/groups\n\n/opt/hostedtoolcache/Python/3.12.6/x64/lib/python3.12/site-packages/selenium/webdriver/support/wait.py:95: TimeoutException\n\nDuring handling of the above exception, another exception occurred:\n\ndriver = <selenium.webdriver.chrome.webdriver.WebDriver (session=\"3be9f5d8269d1c332f786dd7b36ab2b9\")>\nmain_page_open = None\n\n    @pytest.fixture()\n    @allure.step('USER specialist authorized')\n    def specialist_user_authorized(driver, main_page_open):\n        page = BasePage(driver)\n        page.element_is_present_and_clickable(MainPageLocators.LOGIN_BUTTON).click()\n        page.element_is_visible(LoginPageLocators.INPUT_LOGIN).send_keys(os.environ[\"SPECIALIST_LOGIN\"])\n        page.element_is_visible(LoginPageLocators.INPUT_PASSWORD).send_keys(os.environ[\"PASSWORD\"])\n        page.element_is_present_and_clickable(LoginPageLocators.SIGN_IN_BUTTON).click()\n>       page.check_expected_link(MainPageLinks.URL_GROUPS_PAGE)\n\ntests/conftest.py:84: \n_ _ _ _ _ _ _ _ _ _ _ _ _ _ _ _ _ _ _ _ _ _ _ _ _ _ _ _ _ _ _ _ _ _ _ _ _ _ _ _ \npages/base_page.py:72: in check_expected_link\n    return Wait(self.driver, self.timeout).until(\n_ _ _ _ _ _ _ _ _ _ _ _ _ _ _ _ _ _ _ _ _ _ _ _ _ _ _ _ _ _ _ _ _ _ _ _ _ _ _ _ \n\nself = <selenium.webdriver.support.wait.WebDriverWait (session=\"3be9f5d8269d1c332f786dd7b36ab2b9\")>\nmethod = <function url_to_be.<locals>._predicate at 0x7f0ad37bcb80>\nmessage = \"Can't find element by locator https://brainup.site/groups\"\n\n    def until(self, method, message: str = \"\"):\n        \"\"\"Calls the method provided with the driver as an argument until the \\\n        return value does not evaluate to ``False``.\n    \n        :param method: callable(WebDriver)\n        :param message: optional message for :exc:`TimeoutException`\n        :returns: the result of the last call to `method`\n        :raises: :exc:`selenium.common.exceptions.TimeoutException` if timeout occurs\n        \"\"\"\n        screen = None\n        stacktrace = None\n    \n        end_time = time.monotonic() + self._timeout\n        while True:\n            try:\n                value = method(self._driver)\n                if value:\n                    return value\n            except self._ignored_exceptions as exc:\n                screen = getattr(exc, \"screen\", None)\n                stacktrace = getattr(exc, \"stacktrace\", None)\n            time.sleep(self._poll)\n            if time.monotonic() > end_time:\n                break\n>       raise TimeoutException(message, screen, stacktrace)\nE       selenium.common.exceptions.TimeoutException: Message: Can't find element by locator https://brainup.site/groups\n\n/opt/hostedtoolcache/Python/3.12.6/x64/lib/python3.12/site-packages/selenium/webdriver/support/wait.py:95: TimeoutException",
  "flaky" : false,
  "newFailed" : false,
  "beforeStages" : [ {
    "name" : "driver",
    "time" : {
      "start" : 1728267265834,
      "stop" : 1728267266595,
      "duration" : 761
    },
    "status" : "passed",
    "steps" : [ ],
    "attachments" : [ ],
    "parameters" : [ ],
    "stepsCount" : 0,
    "attachmentsCount" : 0,
    "shouldDisplayMessage" : false,
    "hasContent" : false
  }, {
    "name" : "clear_allure_results_folder",
    "time" : {
      "start" : 1728265527027,
      "stop" : 1728265527027,
      "duration" : 0
    },
    "status" : "passed",
    "steps" : [ ],
    "attachments" : [ ],
    "parameters" : [ ],
    "stepsCount" : 0,
    "attachmentsCount" : 0,
    "shouldDisplayMessage" : false,
    "hasContent" : false
  }, {
    "name" : "main_page_open",
    "time" : {
      "start" : 1728267266595,
      "stop" : 1728267270143,
      "duration" : 3548
    },
    "status" : "passed",
    "steps" : [ {
      "name" : "Open page: https://brainup.site/",
      "time" : {
        "start" : 1728267266595,
        "stop" : 1728267270143,
        "duration" : 3548
      },
      "status" : "passed",
      "steps" : [ ],
      "attachments" : [ ],
      "parameters" : [ {
        "name" : "driver",
        "value" : "<selenium.webdriver.chrome.webdriver.WebDriver (session=\"3be9f5d8269d1c332f786dd7b36ab2b9\")>"
      } ],
      "stepsCount" : 0,
      "attachmentsCount" : 0,
      "shouldDisplayMessage" : false,
      "hasContent" : true
    } ],
    "attachments" : [ ],
    "parameters" : [ ],
    "stepsCount" : 1,
    "attachmentsCount" : 0,
    "shouldDisplayMessage" : false,
    "hasContent" : true
  }, {
    "name" : "specialist_user_authorized",
    "time" : {
      "start" : 1728267270143,
      "stop" : 1728267310771,
      "duration" : 40628
    },
    "status" : "broken",
    "statusMessage" : "selenium.common.exceptions.TimeoutException: Message: Can't find element by locator https://brainup.site/groups\n\n",
    "statusTrace" : "  File \"/opt/hostedtoolcache/Python/3.12.6/x64/lib/python3.12/site-packages/pluggy/_callers.py\", line 103, in _multicall\n    res = hook_impl.function(*args)\n          ^^^^^^^^^^^^^^^^^^^^^^^^^\n  File \"/opt/hostedtoolcache/Python/3.12.6/x64/lib/python3.12/site-packages/_pytest/fixtures.py\", line 1123, in pytest_fixture_setup\n    result = call_fixture_func(fixturefunc, request, kwargs)\n             ^^^^^^^^^^^^^^^^^^^^^^^^^^^^^^^^^^^^^^^^^^^^^^^\n  File \"/opt/hostedtoolcache/Python/3.12.6/x64/lib/python3.12/site-packages/_pytest/fixtures.py\", line 902, in call_fixture_func\n    fixture_result = fixturefunc(**kwargs)\n                     ^^^^^^^^^^^^^^^^^^^^^\n  File \"/opt/hostedtoolcache/Python/3.12.6/x64/lib/python3.12/site-packages/allure_commons/_allure.py\", line 192, in impl\n    return func(*a, **kw)\n           ^^^^^^^^^^^^^^\n  File \"/home/runner/work/auto-tests-python/auto-tests-python/tests/conftest.py\", line 84, in specialist_user_authorized\n    page.check_expected_link(MainPageLinks.URL_GROUPS_PAGE)\n  File \"/home/runner/work/auto-tests-python/auto-tests-python/pages/base_page.py\", line 72, in check_expected_link\n    return Wait(self.driver, self.timeout).until(\n           ^^^^^^^^^^^^^^^^^^^^^^^^^^^^^^^^^^^^^^\n  File \"/opt/hostedtoolcache/Python/3.12.6/x64/lib/python3.12/site-packages/selenium/webdriver/support/wait.py\", line 95, in until\n    raise TimeoutException(message, screen, stacktrace)\n",
    "steps" : [ {
      "name" : "USER specialist authorized",
      "time" : {
        "start" : 1728267270144,
        "stop" : 1728267310770,
        "duration" : 40626
      },
      "status" : "broken",
      "statusMessage" : "selenium.common.exceptions.TimeoutException: Message: Can't find element by locator https://brainup.site/groups\n\n",
      "statusTrace" : "  File \"/opt/hostedtoolcache/Python/3.12.6/x64/lib/python3.12/site-packages/allure_commons/_allure.py\", line 192, in impl\n    return func(*a, **kw)\n           ^^^^^^^^^^^^^^\n  File \"/home/runner/work/auto-tests-python/auto-tests-python/tests/conftest.py\", line 84, in specialist_user_authorized\n    page.check_expected_link(MainPageLinks.URL_GROUPS_PAGE)\n  File \"/home/runner/work/auto-tests-python/auto-tests-python/pages/base_page.py\", line 72, in check_expected_link\n    return Wait(self.driver, self.timeout).until(\n           ^^^^^^^^^^^^^^^^^^^^^^^^^^^^^^^^^^^^^^\n  File \"/opt/hostedtoolcache/Python/3.12.6/x64/lib/python3.12/site-packages/selenium/webdriver/support/wait.py\", line 95, in until\n    raise TimeoutException(message, screen, stacktrace)\n",
      "steps" : [ {
        "name" : "Check url is present: https://brainup.site/groups",
        "time" : {
          "start" : 1728267270486,
          "stop" : 1728267310770,
          "duration" : 40284
        },
        "status" : "broken",
        "statusMessage" : "selenium.common.exceptions.TimeoutException: Message: Can't find element by locator https://brainup.site/groups\n\n",
        "statusTrace" : "  File \"/home/runner/work/auto-tests-python/auto-tests-python/pages/base_page.py\", line 72, in check_expected_link\n    return Wait(self.driver, self.timeout).until(\n           ^^^^^^^^^^^^^^^^^^^^^^^^^^^^^^^^^^^^^^\n  File \"/opt/hostedtoolcache/Python/3.12.6/x64/lib/python3.12/site-packages/selenium/webdriver/support/wait.py\", line 95, in until\n    raise TimeoutException(message, screen, stacktrace)\n",
        "steps" : [ ],
        "attachments" : [ ],
        "parameters" : [ ],
        "stepsCount" : 0,
        "attachmentsCount" : 0,
        "shouldDisplayMessage" : true,
        "hasContent" : true
      } ],
      "attachments" : [ ],
      "parameters" : [ {
        "name" : "driver",
        "value" : "<selenium.webdriver.chrome.webdriver.WebDriver (session=\"3be9f5d8269d1c332f786dd7b36ab2b9\")>"
      }, {
        "name" : "main_page_open",
        "value" : "None"
      } ],
      "stepsCount" : 1,
      "attachmentsCount" : 0,
      "shouldDisplayMessage" : false,
      "hasContent" : true
    } ],
    "attachments" : [ ],
    "parameters" : [ ],
    "stepsCount" : 2,
    "attachmentsCount" : 0,
    "shouldDisplayMessage" : false,
    "hasContent" : true
  } ],
  "afterStages" : [ {
    "name" : "driver::0",
    "time" : {
      "start" : 1728267310788,
      "stop" : 1728267310875,
      "duration" : 87
    },
    "status" : "passed",
    "steps" : [ ],
    "attachments" : [ ],
    "parameters" : [ ],
    "stepsCount" : 0,
    "attachmentsCount" : 0,
    "shouldDisplayMessage" : false,
    "hasContent" : false
  } ],
  "labels" : [ {
    "name" : "epic",
    "value" : "Speech exercises."
  }, {
    "name" : "suite",
    "value" : "Речевые упражнения."
  }, {
    "name" : "tag",
    "value" : "@pytest.mark.xfail"
  }, {
    "name" : "parentSuite",
    "value" : "tests"
  }, {
    "name" : "subSuite",
    "value" : "TestCardsRU"
  }, {
    "name" : "host",
    "value" : "fv-az1429-774"
  }, {
    "name" : "thread",
    "value" : "2350-MainThread"
  }, {
    "name" : "framework",
    "value" : "pytest"
  }, {
    "name" : "language",
    "value" : "cpython3"
  }, {
    "name" : "package",
    "value" : "tests.test_speech_exercises_ru"
  }, {
    "name" : "resultFormat",
    "value" : "allure2"
  } ],
  "parameters" : [ ],
  "links" : [ ],
  "hidden" : false,
  "retry" : false,
  "extra" : {
    "severity" : "normal",
    "retries" : [ ],
    "categories" : [ ],
    "history" : {
      "statistic" : {
        "failed" : 0,
        "broken" : 0,
        "skipped" : 5,
        "passed" : 50,
        "unknown" : 0,
        "total" : 55
      },
      "items" : [ {
        "uid" : "51a1ab722316b825",
        "reportUrl" : "https://lambotik.github.io/auto-tests-python/54//#testresult/51a1ab722316b825",
        "status" : "passed",
        "statusDetails" : "XPASS",
        "time" : {
          "start" : 1728180006014,
          "stop" : 1728180016503,
          "duration" : 10489
        }
      }, {
        "uid" : "b8885ab990ca66c8",
        "reportUrl" : "https://lambotik.github.io/auto-tests-python/53//#testresult/b8885ab990ca66c8",
        "status" : "passed",
        "statusDetails" : "XPASS",
        "time" : {
          "start" : 1728093280944,
          "stop" : 1728093292587,
          "duration" : 11643
        }
      }, {
        "uid" : "15e75f8895af5921",
        "reportUrl" : "https://lambotik.github.io/auto-tests-python/52//#testresult/15e75f8895af5921",
        "status" : "passed",
        "statusDetails" : "XPASS",
        "time" : {
          "start" : 1728006984915,
          "stop" : 1728006997007,
          "duration" : 12092
        }
      }, {
        "uid" : "e3ae2747c57ba03a",
        "reportUrl" : "https://lambotik.github.io/auto-tests-python/51//#testresult/e3ae2747c57ba03a",
        "status" : "passed",
        "statusDetails" : "XPASS",
        "time" : {
          "start" : 1727920741082,
          "stop" : 1727920753848,
          "duration" : 12766
        }
      }, {
        "uid" : "7430dab01e85aa98",
        "reportUrl" : "https://lambotik.github.io/auto-tests-python/50//#testresult/7430dab01e85aa98",
        "status" : "passed",
        "statusDetails" : "XPASS",
        "time" : {
          "start" : 1727834122239,
          "stop" : 1727834134313,
          "duration" : 12074
        }
      }, {
        "uid" : "6353fefb7070cc3b",
        "reportUrl" : "https://lambotik.github.io/auto-tests-python/49//#testresult/6353fefb7070cc3b",
        "status" : "passed",
        "statusDetails" : "XPASS",
        "time" : {
          "start" : 1727748235332,
          "stop" : 1727748248822,
          "duration" : 13490
        }
      }, {
        "uid" : "40872053e91db6d2",
        "reportUrl" : "https://lambotik.github.io/auto-tests-python/48//#testresult/40872053e91db6d2",
        "status" : "passed",
        "statusDetails" : "XPASS",
        "time" : {
          "start" : 1727661514796,
          "stop" : 1727661526265,
          "duration" : 11469
        }
      }, {
        "uid" : "b0ceb7b804a11315",
        "reportUrl" : "https://lambotik.github.io/auto-tests-python/47//#testresult/b0ceb7b804a11315",
        "status" : "passed",
        "statusDetails" : "XPASS",
        "time" : {
          "start" : 1727575425498,
          "stop" : 1727575437747,
          "duration" : 12249
        }
      }, {
        "uid" : "3a5db4df0853d107",
        "reportUrl" : "https://lambotik.github.io/auto-tests-python/46//#testresult/3a5db4df0853d107",
        "status" : "skipped",
        "statusDetails" : "XFAIL\n\nselenium.common.exceptions.TimeoutException: Message: Url: https://brainup.site/groups/2/series/4/exercise/1693 has not been changed!!!",
        "time" : {
          "start" : 1727488614674,
          "stop" : 1727488641751,
          "duration" : 27077
        }
      }, {
        "uid" : "30179de93b64c3de",
        "reportUrl" : "https://lambotik.github.io/auto-tests-python/45//#testresult/30179de93b64c3de",
        "status" : "passed",
        "statusDetails" : "XPASS",
        "time" : {
          "start" : 1727402375995,
          "stop" : 1727402389709,
          "duration" : 13714
        }
      }, {
        "uid" : "91f307317cd760e",
        "reportUrl" : "https://lambotik.github.io/auto-tests-python/44//#testresult/91f307317cd760e",
        "status" : "passed",
        "statusDetails" : "XPASS",
        "time" : {
          "start" : 1727315907967,
          "stop" : 1727315921721,
          "duration" : 13754
        }
      }, {
        "uid" : "bccdcb1f0fc0d194",
        "reportUrl" : "https://lambotik.github.io/auto-tests-python/43//#testresult/bccdcb1f0fc0d194",
        "status" : "skipped",
        "statusDetails" : "XFAIL\n\nKeyError: 'answerOptions'",
        "time" : {
          "start" : 1727229527773,
          "stop" : 1727229593335,
          "duration" : 65562
        }
      }, {
        "uid" : "6937676a8f346314",
        "reportUrl" : "https://lambotik.github.io/auto-tests-python/42//#testresult/6937676a8f346314",
        "status" : "passed",
        "statusDetails" : "XPASS",
        "time" : {
          "start" : 1727142986281,
          "stop" : 1727142995960,
          "duration" : 9679
        }
      }, {
        "uid" : "e01b9a57048b2653",
        "reportUrl" : "https://lambotik.github.io/auto-tests-python/41//#testresult/e01b9a57048b2653",
        "status" : "skipped",
        "statusDetails" : "XFAIL\n\nselenium.common.exceptions.TimeoutException: Message: Can't find element by locator https://brainup.site/groups",
        "time" : {
          "start" : 1727056386223,
          "stop" : 1727056386223,
          "duration" : 0
        }
      }, {
        "uid" : "1913af4be3f6017d",
        "reportUrl" : "https://lambotik.github.io/auto-tests-python/40//#testresult/1913af4be3f6017d",
        "status" : "passed",
        "statusDetails" : "XPASS",
        "time" : {
          "start" : 1726970304178,
          "stop" : 1726970313072,
          "duration" : 8894
        }
      }, {
        "uid" : "550c04578ae12ae1",
        "reportUrl" : "https://lambotik.github.io/auto-tests-python/39//#testresult/550c04578ae12ae1",
        "status" : "passed",
        "statusDetails" : "XPASS",
        "time" : {
          "start" : 1726883299641,
          "stop" : 1726883308692,
          "duration" : 9051
        }
      }, {
        "uid" : "7f83a33e2a078843",
        "reportUrl" : "https://lambotik.github.io/auto-tests-python/38//#testresult/7f83a33e2a078843",
        "status" : "passed",
        "statusDetails" : "XPASS",
        "time" : {
          "start" : 1726797052452,
          "stop" : 1726797061576,
          "duration" : 9124
        }
      }, {
        "uid" : "e1fe0fbb55d3bd58",
        "reportUrl" : "https://lambotik.github.io/auto-tests-python/37//#testresult/e1fe0fbb55d3bd58",
        "status" : "passed",
        "statusDetails" : "XPASS",
        "time" : {
          "start" : 1726710689553,
          "stop" : 1726710698996,
          "duration" : 9443
        }
      }, {
        "uid" : "1cc63758bde6f203",
        "reportUrl" : "https://lambotik.github.io/auto-tests-python/12//#testresult/1cc63758bde6f203",
        "status" : "passed",
        "statusDetails" : "XPASS",
        "time" : {
          "start" : 1726650576415,
          "stop" : 1726650586602,
          "duration" : 10187
        }
      }, {
        "uid" : "9f8d412230d78f0d",
        "reportUrl" : "https://lambotik.github.io/auto-tests-python/11//#testresult/9f8d412230d78f0d",
        "status" : "passed",
        "statusDetails" : "XPASS",
        "time" : {
          "start" : 1726648306141,
          "stop" : 1726648316935,
          "duration" : 10794
        }
      } ]
    },
    "tags" : [ "@pytest.mark.xfail" ]
  },
  "source" : "b9d57f692b7aa84a.json",
  "parameterValues" : [ ]
}