{
  "uid" : "cbf9f5075b541e9b",
  "name" : "Verify that links in the sections lead to the correct pages after clicking",
  "fullName" : "tests.used_resources_page_test.TestUsedResourcesPageForAuthorizedUserLinks#test_ur_03_02_verify_links_lead_to_the_correct_pages",
  "historyId" : "49978000ed8f22d73bd9c0fd656cdc54",
  "time" : {
    "start" : 1728267856708,
    "stop" : 1728267856708,
    "duration" : 0
  },
  "status" : "broken",
  "statusMessage" : "selenium.common.exceptions.TimeoutException: Message: Can't find element by locator https://brainup.site/groups",
  "statusTrace" : "self = <pages.base_page.BasePage object at 0x7f0ad37c28a0>\nurl = 'https://brainup.site/groups'\n\n    def check_expected_link(self, url):\n        with allure.step(f'Check url is present: {url}'):\n            try:\n>               return Wait(self.driver, self.timeout).until(\n                    ec.url_to_be(url), message=f\"Can't find element by locator {url}\")\n\npages/base_page.py:68: \n_ _ _ _ _ _ _ _ _ _ _ _ _ _ _ _ _ _ _ _ _ _ _ _ _ _ _ _ _ _ _ _ _ _ _ _ _ _ _ _ \n\nself = <selenium.webdriver.support.wait.WebDriverWait (session=\"de3d66468bb766aaac5756a435cfe1ea\")>\nmethod = <function url_to_be.<locals>._predicate at 0x7f0ad37beb60>\nmessage = \"Can't find element by locator https://brainup.site/groups\"\n\n    def until(self, method, message: str = \"\"):\n        \"\"\"Calls the method provided with the driver as an argument until the \\\n        return value does not evaluate to ``False``.\n    \n        :param method: callable(WebDriver)\n        :param message: optional message for :exc:`TimeoutException`\n        :returns: the result of the last call to `method`\n        :raises: :exc:`selenium.common.exceptions.TimeoutException` if timeout occurs\n        \"\"\"\n        screen = None\n        stacktrace = None\n    \n        end_time = time.monotonic() + self._timeout\n        while True:\n            try:\n                value = method(self._driver)\n                if value:\n                    return value\n            except self._ignored_exceptions as exc:\n                screen = getattr(exc, \"screen\", None)\n                stacktrace = getattr(exc, \"stacktrace\", None)\n            time.sleep(self._poll)\n            if time.monotonic() > end_time:\n                break\n>       raise TimeoutException(message, screen, stacktrace)\nE       selenium.common.exceptions.TimeoutException: Message: Can't find element by locator https://brainup.site/groups\n\n/opt/hostedtoolcache/Python/3.12.6/x64/lib/python3.12/site-packages/selenium/webdriver/support/wait.py:95: TimeoutException\n\nDuring handling of the above exception, another exception occurred:\n\ndriver = <selenium.webdriver.chrome.webdriver.WebDriver (session=\"de3d66468bb766aaac5756a435cfe1ea\")>\nmain_page_open = None\n\n    @pytest.fixture()\n    @allure.step('Auto test user authorized')\n    def auto_test_user_authorized(driver, main_page_open):\n        page = BasePage(driver)\n        page.element_is_present_and_clickable(MainPageLocators.LOGIN_BUTTON).click()\n        page.element_is_visible(LoginPageLocators.INPUT_LOGIN).send_keys(os.environ[\"LOGIN\"])\n        page.element_is_visible(LoginPageLocators.INPUT_PASSWORD).send_keys(os.environ[\"PASSWORD\"])\n        page.element_is_present_and_clickable(LoginPageLocators.SIGN_IN_BUTTON).click()\n>       page.check_expected_link(MainPageLinks.URL_GROUPS_PAGE)\n\ntests/conftest.py:71: \n_ _ _ _ _ _ _ _ _ _ _ _ _ _ _ _ _ _ _ _ _ _ _ _ _ _ _ _ _ _ _ _ _ _ _ _ _ _ _ _ \npages/base_page.py:72: in check_expected_link\n    return Wait(self.driver, self.timeout).until(\n_ _ _ _ _ _ _ _ _ _ _ _ _ _ _ _ _ _ _ _ _ _ _ _ _ _ _ _ _ _ _ _ _ _ _ _ _ _ _ _ \n\nself = <selenium.webdriver.support.wait.WebDriverWait (session=\"de3d66468bb766aaac5756a435cfe1ea\")>\nmethod = <function url_to_be.<locals>._predicate at 0x7f0ad37bf2e0>\nmessage = \"Can't find element by locator https://brainup.site/groups\"\n\n    def until(self, method, message: str = \"\"):\n        \"\"\"Calls the method provided with the driver as an argument until the \\\n        return value does not evaluate to ``False``.\n    \n        :param method: callable(WebDriver)\n        :param message: optional message for :exc:`TimeoutException`\n        :returns: the result of the last call to `method`\n        :raises: :exc:`selenium.common.exceptions.TimeoutException` if timeout occurs\n        \"\"\"\n        screen = None\n        stacktrace = None\n    \n        end_time = time.monotonic() + self._timeout\n        while True:\n            try:\n                value = method(self._driver)\n                if value:\n                    return value\n            except self._ignored_exceptions as exc:\n                screen = getattr(exc, \"screen\", None)\n                stacktrace = getattr(exc, \"stacktrace\", None)\n            time.sleep(self._poll)\n            if time.monotonic() > end_time:\n                break\n>       raise TimeoutException(message, screen, stacktrace)\nE       selenium.common.exceptions.TimeoutException: Message: Can't find element by locator https://brainup.site/groups\n\n/opt/hostedtoolcache/Python/3.12.6/x64/lib/python3.12/site-packages/selenium/webdriver/support/wait.py:95: TimeoutException",
  "flaky" : false,
  "newFailed" : false,
  "beforeStages" : [ {
    "name" : "main_page_open",
    "time" : {
      "start" : 1728267857462,
      "stop" : 1728267861432,
      "duration" : 3970
    },
    "status" : "passed",
    "steps" : [ {
      "name" : "Open page: https://brainup.site/",
      "time" : {
        "start" : 1728267857463,
        "stop" : 1728267861432,
        "duration" : 3969
      },
      "status" : "passed",
      "steps" : [ ],
      "attachments" : [ ],
      "parameters" : [ {
        "name" : "driver",
        "value" : "<selenium.webdriver.chrome.webdriver.WebDriver (session=\"de3d66468bb766aaac5756a435cfe1ea\")>"
      } ],
      "stepsCount" : 0,
      "attachmentsCount" : 0,
      "shouldDisplayMessage" : false,
      "hasContent" : true
    } ],
    "attachments" : [ ],
    "parameters" : [ ],
    "stepsCount" : 1,
    "attachmentsCount" : 0,
    "shouldDisplayMessage" : false,
    "hasContent" : true
  }, {
    "name" : "driver",
    "time" : {
      "start" : 1728267856708,
      "stop" : 1728267857462,
      "duration" : 754
    },
    "status" : "passed",
    "steps" : [ ],
    "attachments" : [ ],
    "parameters" : [ ],
    "stepsCount" : 0,
    "attachmentsCount" : 0,
    "shouldDisplayMessage" : false,
    "hasContent" : false
  }, {
    "name" : "auto_test_user_authorized",
    "time" : {
      "start" : 1728267861432,
      "stop" : 1728267902055,
      "duration" : 40623
    },
    "status" : "broken",
    "statusMessage" : "selenium.common.exceptions.TimeoutException: Message: Can't find element by locator https://brainup.site/groups\n\n",
    "statusTrace" : "  File \"/opt/hostedtoolcache/Python/3.12.6/x64/lib/python3.12/site-packages/pluggy/_callers.py\", line 103, in _multicall\n    res = hook_impl.function(*args)\n          ^^^^^^^^^^^^^^^^^^^^^^^^^\n  File \"/opt/hostedtoolcache/Python/3.12.6/x64/lib/python3.12/site-packages/_pytest/fixtures.py\", line 1123, in pytest_fixture_setup\n    result = call_fixture_func(fixturefunc, request, kwargs)\n             ^^^^^^^^^^^^^^^^^^^^^^^^^^^^^^^^^^^^^^^^^^^^^^^\n  File \"/opt/hostedtoolcache/Python/3.12.6/x64/lib/python3.12/site-packages/_pytest/fixtures.py\", line 902, in call_fixture_func\n    fixture_result = fixturefunc(**kwargs)\n                     ^^^^^^^^^^^^^^^^^^^^^\n  File \"/opt/hostedtoolcache/Python/3.12.6/x64/lib/python3.12/site-packages/allure_commons/_allure.py\", line 192, in impl\n    return func(*a, **kw)\n           ^^^^^^^^^^^^^^\n  File \"/home/runner/work/auto-tests-python/auto-tests-python/tests/conftest.py\", line 71, in auto_test_user_authorized\n    page.check_expected_link(MainPageLinks.URL_GROUPS_PAGE)\n  File \"/home/runner/work/auto-tests-python/auto-tests-python/pages/base_page.py\", line 72, in check_expected_link\n    return Wait(self.driver, self.timeout).until(\n           ^^^^^^^^^^^^^^^^^^^^^^^^^^^^^^^^^^^^^^\n  File \"/opt/hostedtoolcache/Python/3.12.6/x64/lib/python3.12/site-packages/selenium/webdriver/support/wait.py\", line 95, in until\n    raise TimeoutException(message, screen, stacktrace)\n",
    "steps" : [ {
      "name" : "Auto test user authorized",
      "time" : {
        "start" : 1728267861432,
        "stop" : 1728267902054,
        "duration" : 40622
      },
      "status" : "broken",
      "statusMessage" : "selenium.common.exceptions.TimeoutException: Message: Can't find element by locator https://brainup.site/groups\n\n",
      "statusTrace" : "  File \"/opt/hostedtoolcache/Python/3.12.6/x64/lib/python3.12/site-packages/allure_commons/_allure.py\", line 192, in impl\n    return func(*a, **kw)\n           ^^^^^^^^^^^^^^\n  File \"/home/runner/work/auto-tests-python/auto-tests-python/tests/conftest.py\", line 71, in auto_test_user_authorized\n    page.check_expected_link(MainPageLinks.URL_GROUPS_PAGE)\n  File \"/home/runner/work/auto-tests-python/auto-tests-python/pages/base_page.py\", line 72, in check_expected_link\n    return Wait(self.driver, self.timeout).until(\n           ^^^^^^^^^^^^^^^^^^^^^^^^^^^^^^^^^^^^^^\n  File \"/opt/hostedtoolcache/Python/3.12.6/x64/lib/python3.12/site-packages/selenium/webdriver/support/wait.py\", line 95, in until\n    raise TimeoutException(message, screen, stacktrace)\n",
      "steps" : [ {
        "name" : "Check url is present: https://brainup.site/groups",
        "time" : {
          "start" : 1728267861769,
          "stop" : 1728267902054,
          "duration" : 40285
        },
        "status" : "broken",
        "statusMessage" : "selenium.common.exceptions.TimeoutException: Message: Can't find element by locator https://brainup.site/groups\n\n",
        "statusTrace" : "  File \"/home/runner/work/auto-tests-python/auto-tests-python/pages/base_page.py\", line 72, in check_expected_link\n    return Wait(self.driver, self.timeout).until(\n           ^^^^^^^^^^^^^^^^^^^^^^^^^^^^^^^^^^^^^^\n  File \"/opt/hostedtoolcache/Python/3.12.6/x64/lib/python3.12/site-packages/selenium/webdriver/support/wait.py\", line 95, in until\n    raise TimeoutException(message, screen, stacktrace)\n",
        "steps" : [ ],
        "attachments" : [ ],
        "parameters" : [ ],
        "stepsCount" : 0,
        "attachmentsCount" : 0,
        "shouldDisplayMessage" : true,
        "hasContent" : true
      } ],
      "attachments" : [ ],
      "parameters" : [ {
        "name" : "driver",
        "value" : "<selenium.webdriver.chrome.webdriver.WebDriver (session=\"de3d66468bb766aaac5756a435cfe1ea\")>"
      }, {
        "name" : "main_page_open",
        "value" : "None"
      } ],
      "stepsCount" : 1,
      "attachmentsCount" : 0,
      "shouldDisplayMessage" : false,
      "hasContent" : true
    } ],
    "attachments" : [ ],
    "parameters" : [ ],
    "stepsCount" : 2,
    "attachmentsCount" : 0,
    "shouldDisplayMessage" : false,
    "hasContent" : true
  }, {
    "name" : "clear_allure_results_folder",
    "time" : {
      "start" : 1728265527027,
      "stop" : 1728265527027,
      "duration" : 0
    },
    "status" : "passed",
    "steps" : [ ],
    "attachments" : [ ],
    "parameters" : [ ],
    "stepsCount" : 0,
    "attachmentsCount" : 0,
    "shouldDisplayMessage" : false,
    "hasContent" : false
  } ],
  "afterStages" : [ {
    "name" : "driver::0",
    "time" : {
      "start" : 1728267902070,
      "stop" : 1728267902157,
      "duration" : 87
    },
    "status" : "passed",
    "steps" : [ ],
    "attachments" : [ ],
    "parameters" : [ ],
    "stepsCount" : 0,
    "attachmentsCount" : 0,
    "shouldDisplayMessage" : false,
    "hasContent" : false
  } ],
  "labels" : [ {
    "name" : "epic",
    "value" : "Test Used Resources Page"
  }, {
    "name" : "parentSuite",
    "value" : "tests"
  }, {
    "name" : "suite",
    "value" : "used_resources_page_test"
  }, {
    "name" : "subSuite",
    "value" : "TestUsedResourcesPage"
  }, {
    "name" : "host",
    "value" : "fv-az1429-774"
  }, {
    "name" : "thread",
    "value" : "2350-MainThread"
  }, {
    "name" : "framework",
    "value" : "pytest"
  }, {
    "name" : "language",
    "value" : "cpython3"
  }, {
    "name" : "package",
    "value" : "tests.used_resources_page_test"
  }, {
    "name" : "resultFormat",
    "value" : "allure2"
  } ],
  "parameters" : [ ],
  "links" : [ ],
  "hidden" : false,
  "retry" : false,
  "extra" : {
    "severity" : "normal",
    "retries" : [ ],
    "categories" : [ {
      "name" : "Test defects",
      "matchedStatuses" : [ ],
      "flaky" : false
    } ],
    "history" : {
      "statistic" : {
        "failed" : 0,
        "broken" : 1,
        "skipped" : 0,
        "passed" : 27,
        "unknown" : 0,
        "total" : 28
      },
      "items" : [ {
        "uid" : "9b139306a95f754",
        "reportUrl" : "https://lambotik.github.io/auto-tests-python/54//#testresult/9b139306a95f754",
        "status" : "passed",
        "time" : {
          "start" : 1728180194681,
          "stop" : 1728180196989,
          "duration" : 2308
        }
      }, {
        "uid" : "e9269c836938540f",
        "reportUrl" : "https://lambotik.github.io/auto-tests-python/53//#testresult/e9269c836938540f",
        "status" : "passed",
        "time" : {
          "start" : 1728093496834,
          "stop" : 1728093498661,
          "duration" : 1827
        }
      }, {
        "uid" : "3beddd4167b530c",
        "reportUrl" : "https://lambotik.github.io/auto-tests-python/52//#testresult/3beddd4167b530c",
        "status" : "passed",
        "time" : {
          "start" : 1728007202774,
          "stop" : 1728007204545,
          "duration" : 1771
        }
      }, {
        "uid" : "ff6a63bbfb1f419",
        "reportUrl" : "https://lambotik.github.io/auto-tests-python/51//#testresult/ff6a63bbfb1f419",
        "status" : "passed",
        "time" : {
          "start" : 1727921068630,
          "stop" : 1727921070567,
          "duration" : 1937
        }
      }, {
        "uid" : "4c476e8536f2b560",
        "reportUrl" : "https://lambotik.github.io/auto-tests-python/50//#testresult/4c476e8536f2b560",
        "status" : "passed",
        "time" : {
          "start" : 1727834371043,
          "stop" : 1727834373942,
          "duration" : 2899
        }
      }, {
        "uid" : "5c7df655dd5f3312",
        "reportUrl" : "https://lambotik.github.io/auto-tests-python/49//#testresult/5c7df655dd5f3312",
        "status" : "passed",
        "time" : {
          "start" : 1727748525323,
          "stop" : 1727748528076,
          "duration" : 2753
        }
      }, {
        "uid" : "7b71dcd6cd7f815b",
        "reportUrl" : "https://lambotik.github.io/auto-tests-python/48//#testresult/7b71dcd6cd7f815b",
        "status" : "passed",
        "time" : {
          "start" : 1727661776765,
          "stop" : 1727661779322,
          "duration" : 2557
        }
      }, {
        "uid" : "69fd5768a3713a6",
        "reportUrl" : "https://lambotik.github.io/auto-tests-python/47//#testresult/69fd5768a3713a6",
        "status" : "passed",
        "time" : {
          "start" : 1727575707654,
          "stop" : 1727575709837,
          "duration" : 2183
        }
      }, {
        "uid" : "adbcf98c61b14a52",
        "reportUrl" : "https://lambotik.github.io/auto-tests-python/46//#testresult/adbcf98c61b14a52",
        "status" : "passed",
        "time" : {
          "start" : 1727489032491,
          "stop" : 1727489035394,
          "duration" : 2903
        }
      }, {
        "uid" : "c2e6f0e374a59d05",
        "reportUrl" : "https://lambotik.github.io/auto-tests-python/45//#testresult/c2e6f0e374a59d05",
        "status" : "passed",
        "time" : {
          "start" : 1727402738176,
          "stop" : 1727402740379,
          "duration" : 2203
        }
      }, {
        "uid" : "557c08312241364",
        "reportUrl" : "https://lambotik.github.io/auto-tests-python/44//#testresult/557c08312241364",
        "status" : "passed",
        "time" : {
          "start" : 1727316296159,
          "stop" : 1727316299125,
          "duration" : 2966
        }
      }, {
        "uid" : "8b97f1741feee761",
        "reportUrl" : "https://lambotik.github.io/auto-tests-python/43//#testresult/8b97f1741feee761",
        "status" : "passed",
        "time" : {
          "start" : 1727229898045,
          "stop" : 1727229900979,
          "duration" : 2934
        }
      }, {
        "uid" : "726fbf9b9dffb365",
        "reportUrl" : "https://lambotik.github.io/auto-tests-python/42//#testresult/726fbf9b9dffb365",
        "status" : "passed",
        "time" : {
          "start" : 1727143223830,
          "stop" : 1727143226162,
          "duration" : 2332
        }
      }, {
        "uid" : "2a9e6d56b70e6d8f",
        "reportUrl" : "https://lambotik.github.io/auto-tests-python/41//#testresult/2a9e6d56b70e6d8f",
        "status" : "passed",
        "time" : {
          "start" : 1727056654953,
          "stop" : 1727056657576,
          "duration" : 2623
        }
      }, {
        "uid" : "add81ed3829acd32",
        "reportUrl" : "https://lambotik.github.io/auto-tests-python/40//#testresult/add81ed3829acd32",
        "status" : "passed",
        "time" : {
          "start" : 1726970484661,
          "stop" : 1726970487554,
          "duration" : 2893
        }
      }, {
        "uid" : "c7c671d9c3723beb",
        "reportUrl" : "https://lambotik.github.io/auto-tests-python/39//#testresult/c7c671d9c3723beb",
        "status" : "passed",
        "time" : {
          "start" : 1726883663402,
          "stop" : 1726883665807,
          "duration" : 2405
        }
      }, {
        "uid" : "302fee8f57cb4117",
        "reportUrl" : "https://lambotik.github.io/auto-tests-python/38//#testresult/302fee8f57cb4117",
        "status" : "passed",
        "time" : {
          "start" : 1726797267525,
          "stop" : 1726797275470,
          "duration" : 7945
        }
      }, {
        "uid" : "964c016ba9567f15",
        "reportUrl" : "https://lambotik.github.io/auto-tests-python/37//#testresult/964c016ba9567f15",
        "status" : "passed",
        "time" : {
          "start" : 1726710870686,
          "stop" : 1726710876148,
          "duration" : 5462
        }
      }, {
        "uid" : "b55995b6eb992d3c",
        "reportUrl" : "https://lambotik.github.io/auto-tests-python/12//#testresult/b55995b6eb992d3c",
        "status" : "passed",
        "time" : {
          "start" : 1726650774265,
          "stop" : 1726650778094,
          "duration" : 3829
        }
      }, {
        "uid" : "a944c3caccbb83da",
        "reportUrl" : "https://lambotik.github.io/auto-tests-python/11//#testresult/a944c3caccbb83da",
        "status" : "passed",
        "time" : {
          "start" : 1726648532352,
          "stop" : 1726648534828,
          "duration" : 2476
        }
      } ]
    },
    "tags" : [ ]
  },
  "source" : "cbf9f5075b541e9b.json",
  "parameterValues" : [ ]
}