{
  "uid" : "db6157cf56eceb13",
  "name" : "Verify that the 'All Specialists' link leads an authorized user \n                         to the correct page after clicking",
  "fullName" : "tests.specialists_page_test.TestSpecialistPageLinks#test_sp_03_03_verify_all_specialists_link_leads_authorized_user_to_the_correct_page",
  "historyId" : "a700a0fce4c3e2666e471508243072ed",
  "time" : {
    "start" : 1728266791296,
    "stop" : 1728266791296,
    "duration" : 0
  },
  "status" : "broken",
  "statusMessage" : "selenium.common.exceptions.TimeoutException: Message: Can't find element by locator https://brainup.site/groups",
  "statusTrace" : "self = <pages.base_page.BasePage object at 0x7f0ad38876e0>\nurl = 'https://brainup.site/groups'\n\n    def check_expected_link(self, url):\n        with allure.step(f'Check url is present: {url}'):\n            try:\n>               return Wait(self.driver, self.timeout).until(\n                    ec.url_to_be(url), message=f\"Can't find element by locator {url}\")\n\npages/base_page.py:68: \n_ _ _ _ _ _ _ _ _ _ _ _ _ _ _ _ _ _ _ _ _ _ _ _ _ _ _ _ _ _ _ _ _ _ _ _ _ _ _ _ \n\nself = <selenium.webdriver.support.wait.WebDriverWait (session=\"bada1dd937018b9293525a77e8a74843\")>\nmethod = <function url_to_be.<locals>._predicate at 0x7f0ad387eb60>\nmessage = \"Can't find element by locator https://brainup.site/groups\"\n\n    def until(self, method, message: str = \"\"):\n        \"\"\"Calls the method provided with the driver as an argument until the \\\n        return value does not evaluate to ``False``.\n    \n        :param method: callable(WebDriver)\n        :param message: optional message for :exc:`TimeoutException`\n        :returns: the result of the last call to `method`\n        :raises: :exc:`selenium.common.exceptions.TimeoutException` if timeout occurs\n        \"\"\"\n        screen = None\n        stacktrace = None\n    \n        end_time = time.monotonic() + self._timeout\n        while True:\n            try:\n                value = method(self._driver)\n                if value:\n                    return value\n            except self._ignored_exceptions as exc:\n                screen = getattr(exc, \"screen\", None)\n                stacktrace = getattr(exc, \"stacktrace\", None)\n            time.sleep(self._poll)\n            if time.monotonic() > end_time:\n                break\n>       raise TimeoutException(message, screen, stacktrace)\nE       selenium.common.exceptions.TimeoutException: Message: Can't find element by locator https://brainup.site/groups\n\n/opt/hostedtoolcache/Python/3.12.6/x64/lib/python3.12/site-packages/selenium/webdriver/support/wait.py:95: TimeoutException\n\nDuring handling of the above exception, another exception occurred:\n\ndriver = <selenium.webdriver.chrome.webdriver.WebDriver (session=\"bada1dd937018b9293525a77e8a74843\")>\nmain_page_open = None\n\n    @pytest.fixture()\n    @allure.step('Auto test user authorized')\n    def auto_test_user_authorized(driver, main_page_open):\n        page = BasePage(driver)\n        page.element_is_present_and_clickable(MainPageLocators.LOGIN_BUTTON).click()\n        page.element_is_visible(LoginPageLocators.INPUT_LOGIN).send_keys(os.environ[\"LOGIN\"])\n        page.element_is_visible(LoginPageLocators.INPUT_PASSWORD).send_keys(os.environ[\"PASSWORD\"])\n        page.element_is_present_and_clickable(LoginPageLocators.SIGN_IN_BUTTON).click()\n>       page.check_expected_link(MainPageLinks.URL_GROUPS_PAGE)\n\ntests/conftest.py:71: \n_ _ _ _ _ _ _ _ _ _ _ _ _ _ _ _ _ _ _ _ _ _ _ _ _ _ _ _ _ _ _ _ _ _ _ _ _ _ _ _ \npages/base_page.py:72: in check_expected_link\n    return Wait(self.driver, self.timeout).until(\n_ _ _ _ _ _ _ _ _ _ _ _ _ _ _ _ _ _ _ _ _ _ _ _ _ _ _ _ _ _ _ _ _ _ _ _ _ _ _ _ \n\nself = <selenium.webdriver.support.wait.WebDriverWait (session=\"bada1dd937018b9293525a77e8a74843\")>\nmethod = <function url_to_be.<locals>._predicate at 0x7f0ad38156c0>\nmessage = \"Can't find element by locator https://brainup.site/groups\"\n\n    def until(self, method, message: str = \"\"):\n        \"\"\"Calls the method provided with the driver as an argument until the \\\n        return value does not evaluate to ``False``.\n    \n        :param method: callable(WebDriver)\n        :param message: optional message for :exc:`TimeoutException`\n        :returns: the result of the last call to `method`\n        :raises: :exc:`selenium.common.exceptions.TimeoutException` if timeout occurs\n        \"\"\"\n        screen = None\n        stacktrace = None\n    \n        end_time = time.monotonic() + self._timeout\n        while True:\n            try:\n                value = method(self._driver)\n                if value:\n                    return value\n            except self._ignored_exceptions as exc:\n                screen = getattr(exc, \"screen\", None)\n                stacktrace = getattr(exc, \"stacktrace\", None)\n            time.sleep(self._poll)\n            if time.monotonic() > end_time:\n                break\n>       raise TimeoutException(message, screen, stacktrace)\nE       selenium.common.exceptions.TimeoutException: Message: Can't find element by locator https://brainup.site/groups\n\n/opt/hostedtoolcache/Python/3.12.6/x64/lib/python3.12/site-packages/selenium/webdriver/support/wait.py:95: TimeoutException",
  "flaky" : false,
  "newFailed" : false,
  "beforeStages" : [ {
    "name" : "auto_test_user_authorized",
    "time" : {
      "start" : 1728266796047,
      "stop" : 1728266836690,
      "duration" : 40643
    },
    "status" : "broken",
    "statusMessage" : "selenium.common.exceptions.TimeoutException: Message: Can't find element by locator https://brainup.site/groups\n\n",
    "statusTrace" : "  File \"/opt/hostedtoolcache/Python/3.12.6/x64/lib/python3.12/site-packages/pluggy/_callers.py\", line 103, in _multicall\n    res = hook_impl.function(*args)\n          ^^^^^^^^^^^^^^^^^^^^^^^^^\n  File \"/opt/hostedtoolcache/Python/3.12.6/x64/lib/python3.12/site-packages/_pytest/fixtures.py\", line 1123, in pytest_fixture_setup\n    result = call_fixture_func(fixturefunc, request, kwargs)\n             ^^^^^^^^^^^^^^^^^^^^^^^^^^^^^^^^^^^^^^^^^^^^^^^\n  File \"/opt/hostedtoolcache/Python/3.12.6/x64/lib/python3.12/site-packages/_pytest/fixtures.py\", line 902, in call_fixture_func\n    fixture_result = fixturefunc(**kwargs)\n                     ^^^^^^^^^^^^^^^^^^^^^\n  File \"/opt/hostedtoolcache/Python/3.12.6/x64/lib/python3.12/site-packages/allure_commons/_allure.py\", line 192, in impl\n    return func(*a, **kw)\n           ^^^^^^^^^^^^^^\n  File \"/home/runner/work/auto-tests-python/auto-tests-python/tests/conftest.py\", line 71, in auto_test_user_authorized\n    page.check_expected_link(MainPageLinks.URL_GROUPS_PAGE)\n  File \"/home/runner/work/auto-tests-python/auto-tests-python/pages/base_page.py\", line 72, in check_expected_link\n    return Wait(self.driver, self.timeout).until(\n           ^^^^^^^^^^^^^^^^^^^^^^^^^^^^^^^^^^^^^^\n  File \"/opt/hostedtoolcache/Python/3.12.6/x64/lib/python3.12/site-packages/selenium/webdriver/support/wait.py\", line 95, in until\n    raise TimeoutException(message, screen, stacktrace)\n",
    "steps" : [ {
      "name" : "Auto test user authorized",
      "time" : {
        "start" : 1728266796047,
        "stop" : 1728266836689,
        "duration" : 40642
      },
      "status" : "broken",
      "statusMessage" : "selenium.common.exceptions.TimeoutException: Message: Can't find element by locator https://brainup.site/groups\n\n",
      "statusTrace" : "  File \"/opt/hostedtoolcache/Python/3.12.6/x64/lib/python3.12/site-packages/allure_commons/_allure.py\", line 192, in impl\n    return func(*a, **kw)\n           ^^^^^^^^^^^^^^\n  File \"/home/runner/work/auto-tests-python/auto-tests-python/tests/conftest.py\", line 71, in auto_test_user_authorized\n    page.check_expected_link(MainPageLinks.URL_GROUPS_PAGE)\n  File \"/home/runner/work/auto-tests-python/auto-tests-python/pages/base_page.py\", line 72, in check_expected_link\n    return Wait(self.driver, self.timeout).until(\n           ^^^^^^^^^^^^^^^^^^^^^^^^^^^^^^^^^^^^^^\n  File \"/opt/hostedtoolcache/Python/3.12.6/x64/lib/python3.12/site-packages/selenium/webdriver/support/wait.py\", line 95, in until\n    raise TimeoutException(message, screen, stacktrace)\n",
      "steps" : [ {
        "name" : "Check url is present: https://brainup.site/groups",
        "time" : {
          "start" : 1728266796413,
          "stop" : 1728266836689,
          "duration" : 40276
        },
        "status" : "broken",
        "statusMessage" : "selenium.common.exceptions.TimeoutException: Message: Can't find element by locator https://brainup.site/groups\n\n",
        "statusTrace" : "  File \"/home/runner/work/auto-tests-python/auto-tests-python/pages/base_page.py\", line 72, in check_expected_link\n    return Wait(self.driver, self.timeout).until(\n           ^^^^^^^^^^^^^^^^^^^^^^^^^^^^^^^^^^^^^^\n  File \"/opt/hostedtoolcache/Python/3.12.6/x64/lib/python3.12/site-packages/selenium/webdriver/support/wait.py\", line 95, in until\n    raise TimeoutException(message, screen, stacktrace)\n",
        "steps" : [ ],
        "attachments" : [ ],
        "parameters" : [ ],
        "stepsCount" : 0,
        "attachmentsCount" : 0,
        "shouldDisplayMessage" : true,
        "hasContent" : true
      } ],
      "attachments" : [ ],
      "parameters" : [ {
        "name" : "driver",
        "value" : "<selenium.webdriver.chrome.webdriver.WebDriver (session=\"bada1dd937018b9293525a77e8a74843\")>"
      }, {
        "name" : "main_page_open",
        "value" : "None"
      } ],
      "stepsCount" : 1,
      "attachmentsCount" : 0,
      "shouldDisplayMessage" : false,
      "hasContent" : true
    } ],
    "attachments" : [ ],
    "parameters" : [ ],
    "stepsCount" : 2,
    "attachmentsCount" : 0,
    "shouldDisplayMessage" : false,
    "hasContent" : true
  }, {
    "name" : "driver",
    "time" : {
      "start" : 1728266791296,
      "stop" : 1728266792053,
      "duration" : 757
    },
    "status" : "passed",
    "steps" : [ ],
    "attachments" : [ ],
    "parameters" : [ ],
    "stepsCount" : 0,
    "attachmentsCount" : 0,
    "shouldDisplayMessage" : false,
    "hasContent" : false
  }, {
    "name" : "clear_allure_results_folder",
    "time" : {
      "start" : 1728265527027,
      "stop" : 1728265527027,
      "duration" : 0
    },
    "status" : "passed",
    "steps" : [ ],
    "attachments" : [ ],
    "parameters" : [ ],
    "stepsCount" : 0,
    "attachmentsCount" : 0,
    "shouldDisplayMessage" : false,
    "hasContent" : false
  }, {
    "name" : "main_page_open",
    "time" : {
      "start" : 1728266792054,
      "stop" : 1728266796047,
      "duration" : 3993
    },
    "status" : "passed",
    "steps" : [ {
      "name" : "Open page: https://brainup.site/",
      "time" : {
        "start" : 1728266792054,
        "stop" : 1728266796047,
        "duration" : 3993
      },
      "status" : "passed",
      "steps" : [ ],
      "attachments" : [ ],
      "parameters" : [ {
        "name" : "driver",
        "value" : "<selenium.webdriver.chrome.webdriver.WebDriver (session=\"bada1dd937018b9293525a77e8a74843\")>"
      } ],
      "stepsCount" : 0,
      "attachmentsCount" : 0,
      "shouldDisplayMessage" : false,
      "hasContent" : true
    } ],
    "attachments" : [ ],
    "parameters" : [ ],
    "stepsCount" : 1,
    "attachmentsCount" : 0,
    "shouldDisplayMessage" : false,
    "hasContent" : true
  } ],
  "afterStages" : [ {
    "name" : "driver::0",
    "time" : {
      "start" : 1728266836705,
      "stop" : 1728266836792,
      "duration" : 87
    },
    "status" : "passed",
    "steps" : [ ],
    "attachments" : [ ],
    "parameters" : [ ],
    "stepsCount" : 0,
    "attachmentsCount" : 0,
    "shouldDisplayMessage" : false,
    "hasContent" : false
  } ],
  "labels" : [ {
    "name" : "epic",
    "value" : "Test Specialists Page"
  }, {
    "name" : "parentSuite",
    "value" : "tests"
  }, {
    "name" : "suite",
    "value" : "specialists_page_test"
  }, {
    "name" : "subSuite",
    "value" : "TestSpecialistsPage"
  }, {
    "name" : "host",
    "value" : "fv-az1429-774"
  }, {
    "name" : "thread",
    "value" : "2350-MainThread"
  }, {
    "name" : "framework",
    "value" : "pytest"
  }, {
    "name" : "language",
    "value" : "cpython3"
  }, {
    "name" : "package",
    "value" : "tests.specialists_page_test"
  }, {
    "name" : "resultFormat",
    "value" : "allure2"
  } ],
  "parameters" : [ ],
  "links" : [ ],
  "hidden" : false,
  "retry" : false,
  "extra" : {
    "severity" : "normal",
    "retries" : [ ],
    "categories" : [ {
      "name" : "Test defects",
      "matchedStatuses" : [ ],
      "flaky" : false
    } ],
    "history" : {
      "statistic" : {
        "failed" : 0,
        "broken" : 5,
        "skipped" : 0,
        "passed" : 20,
        "unknown" : 0,
        "total" : 25
      },
      "items" : [ {
        "uid" : "f9773850f44ab0f7",
        "reportUrl" : "https://lambotik.github.io/auto-tests-python/54//#testresult/f9773850f44ab0f7",
        "status" : "passed",
        "time" : {
          "start" : 1728179826004,
          "stop" : 1728179828135,
          "duration" : 2131
        }
      }, {
        "uid" : "776c4d46c5d92ea6",
        "reportUrl" : "https://lambotik.github.io/auto-tests-python/53//#testresult/776c4d46c5d92ea6",
        "status" : "passed",
        "time" : {
          "start" : 1728093070767,
          "stop" : 1728093073371,
          "duration" : 2604
        }
      }, {
        "uid" : "b94c26c5bf61d6c4",
        "reportUrl" : "https://lambotik.github.io/auto-tests-python/52//#testresult/b94c26c5bf61d6c4",
        "status" : "passed",
        "time" : {
          "start" : 1728006774049,
          "stop" : 1728006776643,
          "duration" : 2594
        }
      }, {
        "uid" : "1268d719909834af",
        "reportUrl" : "https://lambotik.github.io/auto-tests-python/51//#testresult/1268d719909834af",
        "status" : "passed",
        "time" : {
          "start" : 1727920421922,
          "stop" : 1727920424610,
          "duration" : 2688
        }
      }, {
        "uid" : "540947391858cdd8",
        "reportUrl" : "https://lambotik.github.io/auto-tests-python/50//#testresult/540947391858cdd8",
        "status" : "passed",
        "time" : {
          "start" : 1727833857389,
          "stop" : 1727833859969,
          "duration" : 2580
        }
      }, {
        "uid" : "4bb95a61f1a986ab",
        "reportUrl" : "https://lambotik.github.io/auto-tests-python/49//#testresult/4bb95a61f1a986ab",
        "status" : "broken",
        "statusDetails" : "selenium.common.exceptions.TimeoutException: Message: Can't find element by locator ('tag name', 'h2')\nStacktrace:\n#0 0x55816d4a113a <unknown>\n#1 0x55816d1875e0 <unknown>\n#2 0x55816d1d6be8 <unknown>\n#3 0x55816d1d6e81 <unknown>\n#4 0x55816d21d8c4 <unknown>\n#5 0x55816d1fbb4d <unknown>\n#6 0x55816d21ad7d <unknown>\n#7 0x55816d1fb8c3 <unknown>\n#8 0x55816d1c96b3 <unknown>\n#9 0x55816d1ca68e <unknown>\n#10 0x55816d46bb3b <unknown>\n#11 0x55816d46fac1 <unknown>\n#12 0x55816d458335 <unknown>\n#13 0x55816d470642 <unknown>\n#14 0x55816d43d49f <unknown>\n#15 0x55816d490038 <unknown>\n#16 0x55816d490203 <unknown>\n#17 0x55816d49ff8c <unknown>\n#18 0x7f58bd694ac3 <unknown>",
        "time" : {
          "start" : 1727747959526,
          "stop" : 1727747981109,
          "duration" : 21583
        }
      }, {
        "uid" : "cb0011b694a50499",
        "reportUrl" : "https://lambotik.github.io/auto-tests-python/48//#testresult/cb0011b694a50499",
        "status" : "broken",
        "statusDetails" : "selenium.common.exceptions.TimeoutException: Message: Can't find element by locator ('tag name', 'h2')\nStacktrace:\n#0 0x5567d721813a <unknown>\n#1 0x5567d6efe5e0 <unknown>\n#2 0x5567d6f4dbe8 <unknown>\n#3 0x5567d6f4de81 <unknown>\n#4 0x5567d6f948c4 <unknown>\n#5 0x5567d6f72b4d <unknown>\n#6 0x5567d6f91d7d <unknown>\n#7 0x5567d6f728c3 <unknown>\n#8 0x5567d6f406b3 <unknown>\n#9 0x5567d6f4168e <unknown>\n#10 0x5567d71e2b3b <unknown>\n#11 0x5567d71e6ac1 <unknown>\n#12 0x5567d71cf335 <unknown>\n#13 0x5567d71e7642 <unknown>\n#14 0x5567d71b449f <unknown>\n#15 0x5567d7207038 <unknown>\n#16 0x5567d7207203 <unknown>\n#17 0x5567d7216f8c <unknown>\n#18 0x7f25e7894ac3 <unknown>",
        "time" : {
          "start" : 1727661241075,
          "stop" : 1727661262551,
          "duration" : 21476
        }
      }, {
        "uid" : "e1e0157f9898afa1",
        "reportUrl" : "https://lambotik.github.io/auto-tests-python/47//#testresult/e1e0157f9898afa1",
        "status" : "passed",
        "time" : {
          "start" : 1727575062280,
          "stop" : 1727575064441,
          "duration" : 2161
        }
      }, {
        "uid" : "d907fff32c575c83",
        "reportUrl" : "https://lambotik.github.io/auto-tests-python/46//#testresult/d907fff32c575c83",
        "status" : "broken",
        "statusDetails" : "selenium.common.exceptions.TimeoutException: Message: Can't find element by locator https://brainup.site/groups",
        "time" : {
          "start" : 1727488282335,
          "stop" : 1727488282335,
          "duration" : 0
        }
      }, {
        "uid" : "9b720110cadcbae0",
        "reportUrl" : "https://lambotik.github.io/auto-tests-python/45//#testresult/9b720110cadcbae0",
        "status" : "passed",
        "time" : {
          "start" : 1727402042087,
          "stop" : 1727402044720,
          "duration" : 2633
        }
      }, {
        "uid" : "27114b586139bb12",
        "reportUrl" : "https://lambotik.github.io/auto-tests-python/44//#testresult/27114b586139bb12",
        "status" : "broken",
        "statusDetails" : "selenium.common.exceptions.TimeoutException: Message: Can't find element by locator ('tag name', 'h2')\nStacktrace:\n#0 0x555b5a52113a <unknown>\n#1 0x555b5a2075e0 <unknown>\n#2 0x555b5a256be8 <unknown>\n#3 0x555b5a256e81 <unknown>\n#4 0x555b5a29d8c4 <unknown>\n#5 0x555b5a27bb4d <unknown>\n#6 0x555b5a29ad7d <unknown>\n#7 0x555b5a27b8c3 <unknown>\n#8 0x555b5a2496b3 <unknown>\n#9 0x555b5a24a68e <unknown>\n#10 0x555b5a4ebb3b <unknown>\n#11 0x555b5a4efac1 <unknown>\n#12 0x555b5a4d8335 <unknown>\n#13 0x555b5a4f0642 <unknown>\n#14 0x555b5a4bd49f <unknown>\n#15 0x555b5a510038 <unknown>\n#16 0x555b5a510203 <unknown>\n#17 0x555b5a51ff8c <unknown>\n#18 0x7f2d68894ac3 <unknown>",
        "time" : {
          "start" : 1727315515509,
          "stop" : 1727315537048,
          "duration" : 21539
        }
      }, {
        "uid" : "fb56260081ecbb8a",
        "reportUrl" : "https://lambotik.github.io/auto-tests-python/43//#testresult/fb56260081ecbb8a",
        "status" : "passed",
        "time" : {
          "start" : 1727229160790,
          "stop" : 1727229163431,
          "duration" : 2641
        }
      }, {
        "uid" : "97276e174e8a5d0a",
        "reportUrl" : "https://lambotik.github.io/auto-tests-python/42//#testresult/97276e174e8a5d0a",
        "status" : "passed",
        "time" : {
          "start" : 1727142689372,
          "stop" : 1727142690990,
          "duration" : 1618
        }
      }, {
        "uid" : "33bef28e6742fa0",
        "reportUrl" : "https://lambotik.github.io/auto-tests-python/41//#testresult/33bef28e6742fa0",
        "status" : "passed",
        "time" : {
          "start" : 1727056208119,
          "stop" : 1727056209674,
          "duration" : 1555
        }
      }, {
        "uid" : "f80fb27529f61636",
        "reportUrl" : "https://lambotik.github.io/auto-tests-python/40//#testresult/f80fb27529f61636",
        "status" : "passed",
        "time" : {
          "start" : 1726970137668,
          "stop" : 1726970139223,
          "duration" : 1555
        }
      }, {
        "uid" : "d57ebf63ebf47d5",
        "reportUrl" : "https://lambotik.github.io/auto-tests-python/39//#testresult/d57ebf63ebf47d5",
        "status" : "passed",
        "time" : {
          "start" : 1726883135213,
          "stop" : 1726883136764,
          "duration" : 1551
        }
      }, {
        "uid" : "d134a874ecbbac09",
        "reportUrl" : "https://lambotik.github.io/auto-tests-python/38//#testresult/d134a874ecbbac09",
        "status" : "passed",
        "time" : {
          "start" : 1726796880683,
          "stop" : 1726796882283,
          "duration" : 1600
        }
      }, {
        "uid" : "b5c4139733696a68",
        "reportUrl" : "https://lambotik.github.io/auto-tests-python/37//#testresult/b5c4139733696a68",
        "status" : "passed",
        "time" : {
          "start" : 1726710469428,
          "stop" : 1726710470997,
          "duration" : 1569
        }
      }, {
        "uid" : "c62969ff2679b584",
        "reportUrl" : "https://lambotik.github.io/auto-tests-python/12//#testresult/c62969ff2679b584",
        "status" : "passed",
        "time" : {
          "start" : 1726650403508,
          "stop" : 1726650405131,
          "duration" : 1623
        }
      }, {
        "uid" : "273db7db0b18f53",
        "reportUrl" : "https://lambotik.github.io/auto-tests-python/11//#testresult/273db7db0b18f53",
        "status" : "passed",
        "time" : {
          "start" : 1726648094768,
          "stop" : 1726648096911,
          "duration" : 2143
        }
      } ]
    },
    "tags" : [ ]
  },
  "source" : "db6157cf56eceb13.json",
  "parameterValues" : [ ]
}