{
  "uid" : "e46164931335caa",
  "name" : "Select a random card from \"Similar phrases\" group and compare UI vs BACKEND data",
  "fullName" : "tests.test_speech_exercises_en.TestCardsEN#test_random_cards_in_similar_phrases_en",
  "historyId" : "106afe14e1824ad4b55b346a52794d4b",
  "time" : {
    "start" : 1728267038152,
    "stop" : 1728267038152,
    "duration" : 0
  },
  "status" : "skipped",
  "statusMessage" : "XFAIL\n\nselenium.common.exceptions.TimeoutException: Message: Can't find element by locator https://brainup.site/groups",
  "statusTrace" : "self = <pages.base_page.BasePage object at 0x7f0ad37e2ea0>\nurl = 'https://brainup.site/groups'\n\n    def check_expected_link(self, url):\n        with allure.step(f'Check url is present: {url}'):\n            try:\n>               return Wait(self.driver, self.timeout).until(\n                    ec.url_to_be(url), message=f\"Can't find element by locator {url}\")\n\npages/base_page.py:68: \n_ _ _ _ _ _ _ _ _ _ _ _ _ _ _ _ _ _ _ _ _ _ _ _ _ _ _ _ _ _ _ _ _ _ _ _ _ _ _ _ \n\nself = <selenium.webdriver.support.wait.WebDriverWait (session=\"0c417670f0a4351cc977d7431d3beaac\")>\nmethod = <function url_to_be.<locals>._predicate at 0x7f0ad38158a0>\nmessage = \"Can't find element by locator https://brainup.site/groups\"\n\n    def until(self, method, message: str = \"\"):\n        \"\"\"Calls the method provided with the driver as an argument until the \\\n        return value does not evaluate to ``False``.\n    \n        :param method: callable(WebDriver)\n        :param message: optional message for :exc:`TimeoutException`\n        :returns: the result of the last call to `method`\n        :raises: :exc:`selenium.common.exceptions.TimeoutException` if timeout occurs\n        \"\"\"\n        screen = None\n        stacktrace = None\n    \n        end_time = time.monotonic() + self._timeout\n        while True:\n            try:\n                value = method(self._driver)\n                if value:\n                    return value\n            except self._ignored_exceptions as exc:\n                screen = getattr(exc, \"screen\", None)\n                stacktrace = getattr(exc, \"stacktrace\", None)\n            time.sleep(self._poll)\n            if time.monotonic() > end_time:\n                break\n>       raise TimeoutException(message, screen, stacktrace)\nE       selenium.common.exceptions.TimeoutException: Message: Can't find element by locator https://brainup.site/groups\n\n/opt/hostedtoolcache/Python/3.12.6/x64/lib/python3.12/site-packages/selenium/webdriver/support/wait.py:95: TimeoutException\n\nDuring handling of the above exception, another exception occurred:\n\ndriver = <selenium.webdriver.chrome.webdriver.WebDriver (session=\"0c417670f0a4351cc977d7431d3beaac\")>\nmain_page_open = None\n\n    @pytest.fixture()\n    @allure.step('USER specialist authorized')\n    def specialist_user_authorized(driver, main_page_open):\n        page = BasePage(driver)\n        page.element_is_present_and_clickable(MainPageLocators.LOGIN_BUTTON).click()\n        page.element_is_visible(LoginPageLocators.INPUT_LOGIN).send_keys(os.environ[\"SPECIALIST_LOGIN\"])\n        page.element_is_visible(LoginPageLocators.INPUT_PASSWORD).send_keys(os.environ[\"PASSWORD\"])\n        page.element_is_present_and_clickable(LoginPageLocators.SIGN_IN_BUTTON).click()\n>       page.check_expected_link(MainPageLinks.URL_GROUPS_PAGE)\n\ntests/conftest.py:84: \n_ _ _ _ _ _ _ _ _ _ _ _ _ _ _ _ _ _ _ _ _ _ _ _ _ _ _ _ _ _ _ _ _ _ _ _ _ _ _ _ \npages/base_page.py:72: in check_expected_link\n    return Wait(self.driver, self.timeout).until(\n_ _ _ _ _ _ _ _ _ _ _ _ _ _ _ _ _ _ _ _ _ _ _ _ _ _ _ _ _ _ _ _ _ _ _ _ _ _ _ _ \n\nself = <selenium.webdriver.support.wait.WebDriverWait (session=\"0c417670f0a4351cc977d7431d3beaac\")>\nmethod = <function url_to_be.<locals>._predicate at 0x7f0ad3816ac0>\nmessage = \"Can't find element by locator https://brainup.site/groups\"\n\n    def until(self, method, message: str = \"\"):\n        \"\"\"Calls the method provided with the driver as an argument until the \\\n        return value does not evaluate to ``False``.\n    \n        :param method: callable(WebDriver)\n        :param message: optional message for :exc:`TimeoutException`\n        :returns: the result of the last call to `method`\n        :raises: :exc:`selenium.common.exceptions.TimeoutException` if timeout occurs\n        \"\"\"\n        screen = None\n        stacktrace = None\n    \n        end_time = time.monotonic() + self._timeout\n        while True:\n            try:\n                value = method(self._driver)\n                if value:\n                    return value\n            except self._ignored_exceptions as exc:\n                screen = getattr(exc, \"screen\", None)\n                stacktrace = getattr(exc, \"stacktrace\", None)\n            time.sleep(self._poll)\n            if time.monotonic() > end_time:\n                break\n>       raise TimeoutException(message, screen, stacktrace)\nE       selenium.common.exceptions.TimeoutException: Message: Can't find element by locator https://brainup.site/groups\n\n/opt/hostedtoolcache/Python/3.12.6/x64/lib/python3.12/site-packages/selenium/webdriver/support/wait.py:95: TimeoutException",
  "flaky" : false,
  "newFailed" : false,
  "beforeStages" : [ {
    "name" : "clear_allure_results_folder",
    "time" : {
      "start" : 1728265527027,
      "stop" : 1728265527027,
      "duration" : 0
    },
    "status" : "passed",
    "steps" : [ ],
    "attachments" : [ ],
    "parameters" : [ ],
    "stepsCount" : 0,
    "attachmentsCount" : 0,
    "shouldDisplayMessage" : false,
    "hasContent" : false
  }, {
    "name" : "driver",
    "time" : {
      "start" : 1728267038153,
      "stop" : 1728267038912,
      "duration" : 759
    },
    "status" : "passed",
    "steps" : [ ],
    "attachments" : [ ],
    "parameters" : [ ],
    "stepsCount" : 0,
    "attachmentsCount" : 0,
    "shouldDisplayMessage" : false,
    "hasContent" : false
  }, {
    "name" : "specialist_user_authorized",
    "time" : {
      "start" : 1728267043338,
      "stop" : 1728267084001,
      "duration" : 40663
    },
    "status" : "broken",
    "statusMessage" : "selenium.common.exceptions.TimeoutException: Message: Can't find element by locator https://brainup.site/groups\n\n",
    "statusTrace" : "  File \"/opt/hostedtoolcache/Python/3.12.6/x64/lib/python3.12/site-packages/pluggy/_callers.py\", line 103, in _multicall\n    res = hook_impl.function(*args)\n          ^^^^^^^^^^^^^^^^^^^^^^^^^\n  File \"/opt/hostedtoolcache/Python/3.12.6/x64/lib/python3.12/site-packages/_pytest/fixtures.py\", line 1123, in pytest_fixture_setup\n    result = call_fixture_func(fixturefunc, request, kwargs)\n             ^^^^^^^^^^^^^^^^^^^^^^^^^^^^^^^^^^^^^^^^^^^^^^^\n  File \"/opt/hostedtoolcache/Python/3.12.6/x64/lib/python3.12/site-packages/_pytest/fixtures.py\", line 902, in call_fixture_func\n    fixture_result = fixturefunc(**kwargs)\n                     ^^^^^^^^^^^^^^^^^^^^^\n  File \"/opt/hostedtoolcache/Python/3.12.6/x64/lib/python3.12/site-packages/allure_commons/_allure.py\", line 192, in impl\n    return func(*a, **kw)\n           ^^^^^^^^^^^^^^\n  File \"/home/runner/work/auto-tests-python/auto-tests-python/tests/conftest.py\", line 84, in specialist_user_authorized\n    page.check_expected_link(MainPageLinks.URL_GROUPS_PAGE)\n  File \"/home/runner/work/auto-tests-python/auto-tests-python/pages/base_page.py\", line 72, in check_expected_link\n    return Wait(self.driver, self.timeout).until(\n           ^^^^^^^^^^^^^^^^^^^^^^^^^^^^^^^^^^^^^^\n  File \"/opt/hostedtoolcache/Python/3.12.6/x64/lib/python3.12/site-packages/selenium/webdriver/support/wait.py\", line 95, in until\n    raise TimeoutException(message, screen, stacktrace)\n",
    "steps" : [ {
      "name" : "USER specialist authorized",
      "time" : {
        "start" : 1728267043338,
        "stop" : 1728267084001,
        "duration" : 40663
      },
      "status" : "broken",
      "statusMessage" : "selenium.common.exceptions.TimeoutException: Message: Can't find element by locator https://brainup.site/groups\n\n",
      "statusTrace" : "  File \"/opt/hostedtoolcache/Python/3.12.6/x64/lib/python3.12/site-packages/allure_commons/_allure.py\", line 192, in impl\n    return func(*a, **kw)\n           ^^^^^^^^^^^^^^\n  File \"/home/runner/work/auto-tests-python/auto-tests-python/tests/conftest.py\", line 84, in specialist_user_authorized\n    page.check_expected_link(MainPageLinks.URL_GROUPS_PAGE)\n  File \"/home/runner/work/auto-tests-python/auto-tests-python/pages/base_page.py\", line 72, in check_expected_link\n    return Wait(self.driver, self.timeout).until(\n           ^^^^^^^^^^^^^^^^^^^^^^^^^^^^^^^^^^^^^^\n  File \"/opt/hostedtoolcache/Python/3.12.6/x64/lib/python3.12/site-packages/selenium/webdriver/support/wait.py\", line 95, in until\n    raise TimeoutException(message, screen, stacktrace)\n",
      "steps" : [ {
        "name" : "Check url is present: https://brainup.site/groups",
        "time" : {
          "start" : 1728267043711,
          "stop" : 1728267084000,
          "duration" : 40289
        },
        "status" : "broken",
        "statusMessage" : "selenium.common.exceptions.TimeoutException: Message: Can't find element by locator https://brainup.site/groups\n\n",
        "statusTrace" : "  File \"/home/runner/work/auto-tests-python/auto-tests-python/pages/base_page.py\", line 72, in check_expected_link\n    return Wait(self.driver, self.timeout).until(\n           ^^^^^^^^^^^^^^^^^^^^^^^^^^^^^^^^^^^^^^\n  File \"/opt/hostedtoolcache/Python/3.12.6/x64/lib/python3.12/site-packages/selenium/webdriver/support/wait.py\", line 95, in until\n    raise TimeoutException(message, screen, stacktrace)\n",
        "steps" : [ ],
        "attachments" : [ ],
        "parameters" : [ ],
        "stepsCount" : 0,
        "attachmentsCount" : 0,
        "shouldDisplayMessage" : true,
        "hasContent" : true
      } ],
      "attachments" : [ ],
      "parameters" : [ {
        "name" : "driver",
        "value" : "<selenium.webdriver.chrome.webdriver.WebDriver (session=\"0c417670f0a4351cc977d7431d3beaac\")>"
      }, {
        "name" : "main_page_open",
        "value" : "None"
      } ],
      "stepsCount" : 1,
      "attachmentsCount" : 0,
      "shouldDisplayMessage" : false,
      "hasContent" : true
    } ],
    "attachments" : [ ],
    "parameters" : [ ],
    "stepsCount" : 2,
    "attachmentsCount" : 0,
    "shouldDisplayMessage" : false,
    "hasContent" : true
  }, {
    "name" : "main_page_open",
    "time" : {
      "start" : 1728267038912,
      "stop" : 1728267043338,
      "duration" : 4426
    },
    "status" : "passed",
    "steps" : [ {
      "name" : "Open page: https://brainup.site/",
      "time" : {
        "start" : 1728267038912,
        "stop" : 1728267043338,
        "duration" : 4426
      },
      "status" : "passed",
      "steps" : [ ],
      "attachments" : [ ],
      "parameters" : [ {
        "name" : "driver",
        "value" : "<selenium.webdriver.chrome.webdriver.WebDriver (session=\"0c417670f0a4351cc977d7431d3beaac\")>"
      } ],
      "stepsCount" : 0,
      "attachmentsCount" : 0,
      "shouldDisplayMessage" : false,
      "hasContent" : true
    } ],
    "attachments" : [ ],
    "parameters" : [ ],
    "stepsCount" : 1,
    "attachmentsCount" : 0,
    "shouldDisplayMessage" : false,
    "hasContent" : true
  } ],
  "afterStages" : [ {
    "name" : "driver::0",
    "time" : {
      "start" : 1728267084016,
      "stop" : 1728267084103,
      "duration" : 87
    },
    "status" : "passed",
    "steps" : [ ],
    "attachments" : [ ],
    "parameters" : [ ],
    "stepsCount" : 0,
    "attachmentsCount" : 0,
    "shouldDisplayMessage" : false,
    "hasContent" : false
  } ],
  "labels" : [ {
    "name" : "epic",
    "value" : "Speech exercises."
  }, {
    "name" : "suite",
    "value" : "Speech exercises EN."
  }, {
    "name" : "tag",
    "value" : "@pytest.mark.xfail"
  }, {
    "name" : "parentSuite",
    "value" : "tests"
  }, {
    "name" : "subSuite",
    "value" : "TestCardsEN"
  }, {
    "name" : "host",
    "value" : "fv-az1429-774"
  }, {
    "name" : "thread",
    "value" : "2350-MainThread"
  }, {
    "name" : "framework",
    "value" : "pytest"
  }, {
    "name" : "language",
    "value" : "cpython3"
  }, {
    "name" : "package",
    "value" : "tests.test_speech_exercises_en"
  }, {
    "name" : "resultFormat",
    "value" : "allure2"
  } ],
  "parameters" : [ ],
  "links" : [ ],
  "hidden" : false,
  "retry" : false,
  "extra" : {
    "severity" : "normal",
    "retries" : [ ],
    "categories" : [ ],
    "history" : {
      "statistic" : {
        "failed" : 0,
        "broken" : 0,
        "skipped" : 5,
        "passed" : 50,
        "unknown" : 0,
        "total" : 55
      },
      "items" : [ {
        "uid" : "63a7da5f84229183",
        "reportUrl" : "https://lambotik.github.io/auto-tests-python/54//#testresult/63a7da5f84229183",
        "status" : "passed",
        "statusDetails" : "XPASS",
        "time" : {
          "start" : 1728179924342,
          "stop" : 1728179933180,
          "duration" : 8838
        }
      }, {
        "uid" : "e687aeda0f37a2cc",
        "reportUrl" : "https://lambotik.github.io/auto-tests-python/53//#testresult/e687aeda0f37a2cc",
        "status" : "passed",
        "statusDetails" : "XPASS",
        "time" : {
          "start" : 1728093186012,
          "stop" : 1728093195620,
          "duration" : 9608
        }
      }, {
        "uid" : "441d3bd35d3fda4f",
        "reportUrl" : "https://lambotik.github.io/auto-tests-python/52//#testresult/441d3bd35d3fda4f",
        "status" : "passed",
        "statusDetails" : "XPASS",
        "time" : {
          "start" : 1728006890554,
          "stop" : 1728006900208,
          "duration" : 9654
        }
      }, {
        "uid" : "d632634d8dc4e22c",
        "reportUrl" : "https://lambotik.github.io/auto-tests-python/51//#testresult/d632634d8dc4e22c",
        "status" : "skipped",
        "statusDetails" : "XFAIL\n\nselenium.common.exceptions.TimeoutException: Message: Can't find element by locator ('xpath', '//button[@data-test-active-link=\"Similar phrases\"]')\nStacktrace:\n#0 0x5559a4d0b13a <unknown>\n#1 0x5559a49f15e0 <unknown>\n#2 0x5559a4a40be8 <unknown>\n#3 0x5559a4a40e81 <unknown>\n#4 0x5559a4a878c4 <unknown>\n#5 0x5559a4a65b4d <unknown>\n#6 0x5559a4a84d7d <unknown>\n#7 0x5559a4a658c3 <unknown>\n#8 0x5559a4a336b3 <unknown>\n#9 0x5559a4a3468e <unknown>\n#10 0x5559a4cd5b3b <unknown>\n#11 0x5559a4cd9ac1 <unknown>\n#12 0x5559a4cc2335 <unknown>\n#13 0x5559a4cda642 <unknown>\n#14 0x5559a4ca749f <unknown>\n#15 0x5559a4cfa038 <unknown>\n#16 0x5559a4cfa203 <unknown>\n#17 0x5559a4d09f8c <unknown>\n#18 0x7f27fec94ac3 <unknown>",
        "time" : {
          "start" : 1727920601136,
          "stop" : 1727920621288,
          "duration" : 20152
        }
      }, {
        "uid" : "114317ebda9d4909",
        "reportUrl" : "https://lambotik.github.io/auto-tests-python/50//#testresult/114317ebda9d4909",
        "status" : "passed",
        "statusDetails" : "XPASS",
        "time" : {
          "start" : 1727833989928,
          "stop" : 1727834002567,
          "duration" : 12639
        }
      }, {
        "uid" : "743cbe00786ea0fd",
        "reportUrl" : "https://lambotik.github.io/auto-tests-python/49//#testresult/743cbe00786ea0fd",
        "status" : "passed",
        "statusDetails" : "XPASS",
        "time" : {
          "start" : 1727748125620,
          "stop" : 1727748151920,
          "duration" : 26300
        }
      }, {
        "uid" : "e00bc15cd549b17a",
        "reportUrl" : "https://lambotik.github.io/auto-tests-python/48//#testresult/e00bc15cd549b17a",
        "status" : "passed",
        "statusDetails" : "XPASS",
        "time" : {
          "start" : 1727661403963,
          "stop" : 1727661415704,
          "duration" : 11741
        }
      }, {
        "uid" : "f13fc57de5f4455b",
        "reportUrl" : "https://lambotik.github.io/auto-tests-python/47//#testresult/f13fc57de5f4455b",
        "status" : "passed",
        "statusDetails" : "XPASS",
        "time" : {
          "start" : 1727575254323,
          "stop" : 1727575265394,
          "duration" : 11071
        }
      }, {
        "uid" : "df88f0e0ee91078d",
        "reportUrl" : "https://lambotik.github.io/auto-tests-python/46//#testresult/df88f0e0ee91078d",
        "status" : "passed",
        "statusDetails" : "XPASS",
        "time" : {
          "start" : 1727488488380,
          "stop" : 1727488536313,
          "duration" : 47933
        }
      }, {
        "uid" : "4948a538c5ae6cf8",
        "reportUrl" : "https://lambotik.github.io/auto-tests-python/45//#testresult/4948a538c5ae6cf8",
        "status" : "passed",
        "statusDetails" : "XPASS",
        "time" : {
          "start" : 1727402250810,
          "stop" : 1727402278596,
          "duration" : 27786
        }
      }, {
        "uid" : "981b97bcd5cc4024",
        "reportUrl" : "https://lambotik.github.io/auto-tests-python/44//#testresult/981b97bcd5cc4024",
        "status" : "skipped",
        "statusDetails" : "XFAIL\n\nselenium.common.exceptions.TimeoutException: Message: Can't find element by locator ('xpath', '//button[@data-test-active-link=\"Similar phrases\"]')\nStacktrace:\n#0 0x55fc01f9113a <unknown>\n#1 0x55fc01c775e0 <unknown>\n#2 0x55fc01cc6be8 <unknown>\n#3 0x55fc01cc6e81 <unknown>\n#4 0x55fc01d0d8c4 <unknown>\n#5 0x55fc01cebb4d <unknown>\n#6 0x55fc01d0ad7d <unknown>\n#7 0x55fc01ceb8c3 <unknown>\n#8 0x55fc01cb96b3 <unknown>\n#9 0x55fc01cba68e <unknown>\n#10 0x55fc01f5bb3b <unknown>\n#11 0x55fc01f5fac1 <unknown>\n#12 0x55fc01f48335 <unknown>\n#13 0x55fc01f60642 <unknown>\n#14 0x55fc01f2d49f <unknown>\n#15 0x55fc01f80038 <unknown>\n#16 0x55fc01f80203 <unknown>\n#17 0x55fc01f8ff8c <unknown>\n#18 0x7f465f694ac3 <unknown>",
        "time" : {
          "start" : 1727315731117,
          "stop" : 1727315751245,
          "duration" : 20128
        }
      }, {
        "uid" : "a22b896616247395",
        "reportUrl" : "https://lambotik.github.io/auto-tests-python/43//#testresult/a22b896616247395",
        "status" : "skipped",
        "statusDetails" : "XFAIL\n\nselenium.common.exceptions.TimeoutException: Message: Url: https://brainup.site/groups/4/series/10/subgroup/109/exercise/2960 has not been changed!!!",
        "time" : {
          "start" : 1727229344868,
          "stop" : 1727229369852,
          "duration" : 24984
        }
      }, {
        "uid" : "ea7a77fa50617fe0",
        "reportUrl" : "https://lambotik.github.io/auto-tests-python/42//#testresult/ea7a77fa50617fe0",
        "status" : "skipped",
        "statusDetails" : "XFAIL\n\nselenium.common.exceptions.TimeoutException: Message: Can't find element by locator ('xpath', '//button[@data-test-active-link=\"Similar phrases\"]')\nStacktrace:\n#0 0x55cb2905b2da <unknown>\n#1 0x55cb28d29200 <unknown>\n#2 0x55cb28d78aa2 <unknown>\n#3 0x55cb28d78d41 <unknown>\n#4 0x55cb28dbe964 <unknown>\n#5 0x55cb28d9d8fd <unknown>\n#6 0x55cb28dbbdfd <unknown>\n#7 0x55cb28d9d673 <unknown>\n#8 0x55cb28d6b473 <unknown>\n#9 0x55cb28d6c47e <unknown>\n#10 0x55cb290220db <unknown>\n#11 0x55cb29026071 <unknown>\n#12 0x55cb2900e9d5 <unknown>\n#13 0x55cb29026bf2 <unknown>\n#14 0x55cb28ff3b6f <unknown>\n#15 0x55cb2904a248 <unknown>\n#16 0x55cb2904a417 <unknown>\n#17 0x55cb2905a0cc <unknown>\n#18 0x7f56cea94ac3 <unknown>",
        "time" : {
          "start" : 1727142883122,
          "stop" : 1727142903241,
          "duration" : 20119
        }
      }, {
        "uid" : "354f1c78b409e600",
        "reportUrl" : "https://lambotik.github.io/auto-tests-python/41//#testresult/354f1c78b409e600",
        "status" : "passed",
        "statusDetails" : "XPASS",
        "time" : {
          "start" : 1727056298522,
          "stop" : 1727056306716,
          "duration" : 8194
        }
      }, {
        "uid" : "b743bc08d9a24802",
        "reportUrl" : "https://lambotik.github.io/auto-tests-python/40//#testresult/b743bc08d9a24802",
        "status" : "passed",
        "statusDetails" : "XPASS",
        "time" : {
          "start" : 1726970228785,
          "stop" : 1726970237044,
          "duration" : 8259
        }
      }, {
        "uid" : "ac230a99b467caaf",
        "reportUrl" : "https://lambotik.github.io/auto-tests-python/39//#testresult/ac230a99b467caaf",
        "status" : "passed",
        "statusDetails" : "XPASS",
        "time" : {
          "start" : 1726883226054,
          "stop" : 1726883233814,
          "duration" : 7760
        }
      }, {
        "uid" : "da491a1ad2da66b4",
        "reportUrl" : "https://lambotik.github.io/auto-tests-python/38//#testresult/da491a1ad2da66b4",
        "status" : "passed",
        "statusDetails" : "XPASS",
        "time" : {
          "start" : 1726796975602,
          "stop" : 1726796983585,
          "duration" : 7983
        }
      }, {
        "uid" : "6d3dd1f83284d45d",
        "reportUrl" : "https://lambotik.github.io/auto-tests-python/37//#testresult/6d3dd1f83284d45d",
        "status" : "passed",
        "statusDetails" : "XPASS",
        "time" : {
          "start" : 1726710559465,
          "stop" : 1726710568060,
          "duration" : 8595
        }
      }, {
        "uid" : "31b85fb6d7bacfc4",
        "reportUrl" : "https://lambotik.github.io/auto-tests-python/12//#testresult/31b85fb6d7bacfc4",
        "status" : "passed",
        "statusDetails" : "XPASS",
        "time" : {
          "start" : 1726650499227,
          "stop" : 1726650507096,
          "duration" : 7869
        }
      }, {
        "uid" : "2978a906c8899995",
        "reportUrl" : "https://lambotik.github.io/auto-tests-python/11//#testresult/2978a906c8899995",
        "status" : "passed",
        "statusDetails" : "XPASS",
        "time" : {
          "start" : 1726648216505,
          "stop" : 1726648226227,
          "duration" : 9722
        }
      } ]
    },
    "tags" : [ "@pytest.mark.xfail" ]
  },
  "source" : "e46164931335caa.json",
  "parameterValues" : [ ]
}