{
  "uid" : "17203f326bb745bc",
  "name" : "Verify values of the text in card descriptions",
  "fullName" : "tests.contributors_page_test.TestContributorsPageText#test_cnp_02_04_verify_text_of_card_descriptions",
  "historyId" : "5d4e7ac22a6f34d3c7b45f7b2c907a8b",
  "time" : {
    "start" : 1728092580953,
    "stop" : 1728092581379,
    "duration" : 426
  },
  "status" : "failed",
  "statusMessage" : "AssertionError: Text in descriptions is absent or mismatches valid count\nassert 68 == 67\n +  where 67 = ContributorsPageData.description_count",
  "statusTrace" : "self = <tests.contributors_page_test.TestContributorsPage.TestContributorsPageText object at 0x7f43a244c470>\ndriver = <selenium.webdriver.chrome.webdriver.WebDriver (session=\"d7c9912928053f9667d5247e86d736a8\")>\ncontributors_page_open = None\n\n    @allure.title(\"Verify values of the text in card descriptions\")\n    def test_cnp_02_04_verify_text_of_card_descriptions(self, driver, contributors_page_open):\n        page = ContributorsPage(driver)\n        description_values = page.check_values_of_card_descriptions()\n>       assert description_values == ContributorsPageData.description_count, \\\n            \"Text in descriptions is absent or mismatches valid count\"\nE       AssertionError: Text in descriptions is absent or mismatches valid count\nE       assert 68 == 67\nE        +  where 67 = ContributorsPageData.description_count\n\ntests/contributors_page_test.py:100: AssertionError",
  "flaky" : false,
  "newFailed" : false,
  "beforeStages" : [ {
    "name" : "driver",
    "time" : {
      "start" : 1728092576369,
      "stop" : 1728092577124,
      "duration" : 755
    },
    "status" : "passed",
    "steps" : [ ],
    "attachments" : [ ],
    "parameters" : [ ],
    "shouldDisplayMessage" : false,
    "hasContent" : false,
    "stepsCount" : 0,
    "attachmentsCount" : 0
  }, {
    "name" : "contributors_page_open",
    "time" : {
      "start" : 1728092577125,
      "stop" : 1728092580952,
      "duration" : 3827
    },
    "status" : "passed",
    "steps" : [ {
      "name" : "Open page: https://brainup.site/contributors",
      "time" : {
        "start" : 1728092577125,
        "stop" : 1728092580952,
        "duration" : 3827
      },
      "status" : "passed",
      "steps" : [ ],
      "attachments" : [ ],
      "parameters" : [ {
        "name" : "driver",
        "value" : "<selenium.webdriver.chrome.webdriver.WebDriver (session=\"d7c9912928053f9667d5247e86d736a8\")>"
      } ],
      "shouldDisplayMessage" : false,
      "hasContent" : true,
      "stepsCount" : 0,
      "attachmentsCount" : 0
    } ],
    "attachments" : [ ],
    "parameters" : [ ],
    "shouldDisplayMessage" : false,
    "hasContent" : true,
    "stepsCount" : 1,
    "attachmentsCount" : 0
  }, {
    "name" : "clear_allure_results_folder",
    "time" : {
      "start" : 1728092451159,
      "stop" : 1728092451159,
      "duration" : 0
    },
    "status" : "passed",
    "steps" : [ ],
    "attachments" : [ ],
    "parameters" : [ ],
    "shouldDisplayMessage" : false,
    "hasContent" : false,
    "stepsCount" : 0,
    "attachmentsCount" : 0
  } ],
  "testStage" : {
    "status" : "failed",
    "statusMessage" : "AssertionError: Text in descriptions is absent or mismatches valid count\nassert 68 == 67\n +  where 67 = ContributorsPageData.description_count",
    "statusTrace" : "self = <tests.contributors_page_test.TestContributorsPage.TestContributorsPageText object at 0x7f43a244c470>\ndriver = <selenium.webdriver.chrome.webdriver.WebDriver (session=\"d7c9912928053f9667d5247e86d736a8\")>\ncontributors_page_open = None\n\n    @allure.title(\"Verify values of the text in card descriptions\")\n    def test_cnp_02_04_verify_text_of_card_descriptions(self, driver, contributors_page_open):\n        page = ContributorsPage(driver)\n        description_values = page.check_values_of_card_descriptions()\n>       assert description_values == ContributorsPageData.description_count, \\\n            \"Text in descriptions is absent or mismatches valid count\"\nE       AssertionError: Text in descriptions is absent or mismatches valid count\nE       assert 68 == 67\nE        +  where 67 = ContributorsPageData.description_count\n\ntests/contributors_page_test.py:100: AssertionError",
    "steps" : [ {
      "name" : "Check the content of descriptions in cards",
      "time" : {
        "start" : 1728092580953,
        "stop" : 1728092581379,
        "duration" : 426
      },
      "status" : "passed",
      "steps" : [ {
        "name" : "Get the list of descriptions in cards on the 4th level of nesting on the page",
        "time" : {
          "start" : 1728092580953,
          "stop" : 1728092580965,
          "duration" : 12
        },
        "status" : "passed",
        "steps" : [ ],
        "attachments" : [ ],
        "parameters" : [ ],
        "shouldDisplayMessage" : false,
        "hasContent" : false,
        "stepsCount" : 0,
        "attachmentsCount" : 0
      } ],
      "attachments" : [ ],
      "parameters" : [ ],
      "shouldDisplayMessage" : false,
      "hasContent" : true,
      "stepsCount" : 1,
      "attachmentsCount" : 0
    } ],
    "attachments" : [ {
      "uid" : "8c33ba4cb2f5bad7",
      "name" : "Screenshot 2024-10-05 01:43:01.625409",
      "source" : "8c33ba4cb2f5bad7.png",
      "type" : "image/png",
      "size" : 309064
    } ],
    "parameters" : [ ],
    "shouldDisplayMessage" : true,
    "hasContent" : true,
    "stepsCount" : 2,
    "attachmentsCount" : 1
  },
  "afterStages" : [ {
    "name" : "driver::0",
    "time" : {
      "start" : 1728092581627,
      "stop" : 1728092581693,
      "duration" : 66
    },
    "status" : "passed",
    "steps" : [ ],
    "attachments" : [ ],
    "parameters" : [ ],
    "shouldDisplayMessage" : false,
    "hasContent" : false,
    "stepsCount" : 0,
    "attachmentsCount" : 0
  } ],
  "labels" : [ {
    "name" : "epic",
    "value" : "The Contributors Page"
  }, {
    "name" : "parentSuite",
    "value" : "tests"
  }, {
    "name" : "suite",
    "value" : "contributors_page_test"
  }, {
    "name" : "subSuite",
    "value" : "TestContributorsPage"
  }, {
    "name" : "host",
    "value" : "fv-az1980-573"
  }, {
    "name" : "thread",
    "value" : "2342-MainThread"
  }, {
    "name" : "framework",
    "value" : "pytest"
  }, {
    "name" : "language",
    "value" : "cpython3"
  }, {
    "name" : "package",
    "value" : "tests.contributors_page_test"
  }, {
    "name" : "resultFormat",
    "value" : "allure2"
  } ],
  "parameters" : [ ],
  "links" : [ ],
  "hidden" : false,
  "retry" : false,
  "extra" : {
    "severity" : "normal",
    "retries" : [ ],
    "categories" : [ {
      "name" : "Product defects",
      "matchedStatuses" : [ ],
      "flaky" : false
    } ],
    "history" : {
      "statistic" : {
        "failed" : 10,
        "broken" : 0,
        "skipped" : 0,
        "passed" : 43,
        "unknown" : 0,
        "total" : 53
      },
      "items" : [ {
        "uid" : "b6d999cc1a711c3d",
        "reportUrl" : "https://lambotik.github.io/auto-tests-python/52//#testresult/b6d999cc1a711c3d",
        "status" : "failed",
        "statusDetails" : "AssertionError: Text in descriptions is absent or mismatches valid count\nassert 68 == 67\n +  where 67 = ContributorsPageData.description_count",
        "time" : {
          "start" : 1728006286136,
          "stop" : 1728006286617,
          "duration" : 481
        }
      }, {
        "uid" : "1a015099890d7046",
        "reportUrl" : "https://lambotik.github.io/auto-tests-python/51//#testresult/1a015099890d7046",
        "status" : "failed",
        "statusDetails" : "AssertionError: Text in descriptions is absent or mismatches valid count\nassert 68 == 67\n +  where 67 = ContributorsPageData.description_count",
        "time" : {
          "start" : 1727919874781,
          "stop" : 1727919875252,
          "duration" : 471
        }
      }, {
        "uid" : "66bd36f5aced5058",
        "reportUrl" : "https://lambotik.github.io/auto-tests-python/50//#testresult/66bd36f5aced5058",
        "status" : "failed",
        "statusDetails" : "AssertionError: Text in descriptions is absent or mismatches valid count\nassert 68 == 67\n +  where 67 = ContributorsPageData.description_count",
        "time" : {
          "start" : 1727833416518,
          "stop" : 1727833416918,
          "duration" : 400
        }
      }, {
        "uid" : "fc470e568dd3497d",
        "reportUrl" : "https://lambotik.github.io/auto-tests-python/49//#testresult/fc470e568dd3497d",
        "status" : "failed",
        "statusDetails" : "AssertionError: Text in descriptions is absent or mismatches valid count\nassert 68 == 67\n +  where 67 = ContributorsPageData.description_count",
        "time" : {
          "start" : 1727747552970,
          "stop" : 1727747553418,
          "duration" : 448
        }
      }, {
        "uid" : "d034841d81739fce",
        "reportUrl" : "https://lambotik.github.io/auto-tests-python/48//#testresult/d034841d81739fce",
        "status" : "failed",
        "statusDetails" : "AssertionError: Text in descriptions is absent or mismatches valid count\nassert 68 == 67\n +  where 67 = ContributorsPageData.description_count",
        "time" : {
          "start" : 1727660834388,
          "stop" : 1727660834788,
          "duration" : 400
        }
      }, {
        "uid" : "6c96f56cf7e8a67a",
        "reportUrl" : "https://lambotik.github.io/auto-tests-python/47//#testresult/6c96f56cf7e8a67a",
        "status" : "failed",
        "statusDetails" : "AssertionError: Text in descriptions is absent or mismatches valid count\nassert 68 == 67\n +  where 67 = ContributorsPageData.description_count",
        "time" : {
          "start" : 1727574640774,
          "stop" : 1727574641201,
          "duration" : 427
        }
      }, {
        "uid" : "7510591ff8329977",
        "reportUrl" : "https://lambotik.github.io/auto-tests-python/46//#testresult/7510591ff8329977",
        "status" : "failed",
        "statusDetails" : "AssertionError: Text in descriptions is absent or mismatches valid count\nassert 68 == 67\n +  where 67 = ContributorsPageData.description_count",
        "time" : {
          "start" : 1727487888232,
          "stop" : 1727487888659,
          "duration" : 427
        }
      }, {
        "uid" : "9bdc94113203c85e",
        "reportUrl" : "https://lambotik.github.io/auto-tests-python/45//#testresult/9bdc94113203c85e",
        "status" : "failed",
        "statusDetails" : "AssertionError: Text in descriptions is absent or mismatches valid count\nassert 68 == 67\n +  where 67 = ContributorsPageData.description_count",
        "time" : {
          "start" : 1727401468768,
          "stop" : 1727401469195,
          "duration" : 427
        }
      }, {
        "uid" : "b1742e019389d78a",
        "reportUrl" : "https://lambotik.github.io/auto-tests-python/44//#testresult/b1742e019389d78a",
        "status" : "failed",
        "statusDetails" : "AssertionError: Text in descriptions is absent or mismatches valid count\nassert 68 == 67\n +  where 67 = ContributorsPageData.description_count",
        "time" : {
          "start" : 1727315015495,
          "stop" : 1727315015918,
          "duration" : 423
        }
      }, {
        "uid" : "c33420124b748f7d",
        "reportUrl" : "https://lambotik.github.io/auto-tests-python/43//#testresult/c33420124b748f7d",
        "status" : "passed",
        "time" : {
          "start" : 1727228709237,
          "stop" : 1727228709626,
          "duration" : 389
        }
      }, {
        "uid" : "dd4a20a84c544acb",
        "reportUrl" : "https://lambotik.github.io/auto-tests-python/42//#testresult/dd4a20a84c544acb",
        "status" : "passed",
        "time" : {
          "start" : 1727142262001,
          "stop" : 1727142262442,
          "duration" : 441
        }
      }, {
        "uid" : "916f9953f1d3b2fd",
        "reportUrl" : "https://lambotik.github.io/auto-tests-python/41//#testresult/916f9953f1d3b2fd",
        "status" : "passed",
        "time" : {
          "start" : 1727055813778,
          "stop" : 1727055814209,
          "duration" : 431
        }
      }, {
        "uid" : "e330f4d28a56c041",
        "reportUrl" : "https://lambotik.github.io/auto-tests-python/40//#testresult/e330f4d28a56c041",
        "status" : "passed",
        "time" : {
          "start" : 1726969739771,
          "stop" : 1726969740186,
          "duration" : 415
        }
      }, {
        "uid" : "e9e684d26fb4187a",
        "reportUrl" : "https://lambotik.github.io/auto-tests-python/39//#testresult/e9e684d26fb4187a",
        "status" : "passed",
        "time" : {
          "start" : 1726882746907,
          "stop" : 1726882747324,
          "duration" : 417
        }
      }, {
        "uid" : "fd61e04260718b80",
        "reportUrl" : "https://lambotik.github.io/auto-tests-python/38//#testresult/fd61e04260718b80",
        "status" : "passed",
        "time" : {
          "start" : 1726796461828,
          "stop" : 1726796462252,
          "duration" : 424
        }
      }, {
        "uid" : "ca8e70e9a06d8f51",
        "reportUrl" : "https://lambotik.github.io/auto-tests-python/37//#testresult/ca8e70e9a06d8f51",
        "status" : "passed",
        "time" : {
          "start" : 1726710066462,
          "stop" : 1726710066879,
          "duration" : 417
        }
      }, {
        "uid" : "813289882374f840",
        "reportUrl" : "https://lambotik.github.io/auto-tests-python/12//#testresult/813289882374f840",
        "status" : "passed",
        "time" : {
          "start" : 1726649998776,
          "stop" : 1726649999145,
          "duration" : 369
        }
      }, {
        "uid" : "3185ac9e17e339d2",
        "reportUrl" : "https://lambotik.github.io/auto-tests-python/11//#testresult/3185ac9e17e339d2",
        "status" : "passed",
        "time" : {
          "start" : 1726647616068,
          "stop" : 1726647616501,
          "duration" : 433
        }
      }, {
        "uid" : "832b314e2419688c",
        "reportUrl" : "https://lambotik.github.io/auto-tests-python/36//#testresult/832b314e2419688c",
        "status" : "passed",
        "time" : {
          "start" : 1726623558149,
          "stop" : 1726623558592,
          "duration" : 443
        }
      }, {
        "uid" : "2c56e9deb87dde88",
        "reportUrl" : "https://lambotik.github.io/auto-tests-python/10//#testresult/2c56e9deb87dde88",
        "status" : "passed",
        "time" : {
          "start" : 1726572608361,
          "stop" : 1726572608734,
          "duration" : 373
        }
      } ]
    },
    "tags" : [ ]
  },
  "source" : "17203f326bb745bc.json",
  "parameterValues" : [ ]
}