{
  "uid" : "43e2dc28ab3452e5",
  "name" : "Checking the clickability of the Registration button.",
  "fullName" : "tests.main_page_test.TestMainPage#test_mp_10_checking_clickability_of_the_registration_button",
  "historyId" : "9d3deeeaaa9b638e21b071a781141dd2",
  "time" : {
    "start" : 1735524181368,
    "stop" : 1735524221766,
    "duration" : 40398
  },
  "status" : "broken",
  "statusMessage" : "selenium.common.exceptions.TimeoutException: Message: Can't find element by locator https://brainup.site/registration",
  "statusTrace" : "self = <pages.main_page.MainPage object at 0x7fc07fcef080>\nurl = 'https://brainup.site/registration'\n\n    def check_expected_link(self, url):\n        with allure.step(f'Check url is present: {url}'):\n            try:\n>               return Wait(self.driver, self.timeout).until(\n                    ec.url_to_be(url), message=f\"Can't find element by locator {url}\")\n\npages/base_page.py:68: \n_ _ _ _ _ _ _ _ _ _ _ _ _ _ _ _ _ _ _ _ _ _ _ _ _ _ _ _ _ _ _ _ _ _ _ _ _ _ _ _ \n\nself = <selenium.webdriver.support.wait.WebDriverWait (session=\"be9ce2bbe731d79c00978c549b29ab05\")>\nmethod = <function url_to_be.<locals>._predicate at 0x7fc07fb736a0>\nmessage = \"Can't find element by locator https://brainup.site/registration\"\n\n    def until(self, method, message: str = \"\"):\n        \"\"\"Calls the method provided with the driver as an argument until the \\\n        return value does not evaluate to ``False``.\n    \n        :param method: callable(WebDriver)\n        :param message: optional message for :exc:`TimeoutException`\n        :returns: the result of the last call to `method`\n        :raises: :exc:`selenium.common.exceptions.TimeoutException` if timeout occurs\n        \"\"\"\n        screen = None\n        stacktrace = None\n    \n        end_time = time.monotonic() + self._timeout\n        while True:\n            try:\n                value = method(self._driver)\n                if value:\n                    return value\n            except self._ignored_exceptions as exc:\n                screen = getattr(exc, \"screen\", None)\n                stacktrace = getattr(exc, \"stacktrace\", None)\n            time.sleep(self._poll)\n            if time.monotonic() > end_time:\n                break\n>       raise TimeoutException(message, screen, stacktrace)\nE       selenium.common.exceptions.TimeoutException: Message: Can't find element by locator https://brainup.site/registration\n\n/opt/hostedtoolcache/Python/3.12.8/x64/lib/python3.12/site-packages/selenium/webdriver/support/wait.py:95: TimeoutException\n\nDuring handling of the above exception, another exception occurred:\n\nself = <tests.main_page_test.TestMainPage object at 0x7fc07fd6df40>\ndriver = <selenium.webdriver.chrome.webdriver.WebDriver (session=\"be9ce2bbe731d79c00978c549b29ab05\")>\nmain_page_open = None\n\n    @allure.title(\"Checking the clickability of the Registration button.\")\n    def test_mp_10_checking_clickability_of_the_registration_button(self, driver, main_page_open):\n        page = MainPage(driver)\n>       registration_button = page.clicability_of_registration_button()\n\ntests/main_page_test.py:69: \n_ _ _ _ _ _ _ _ _ _ _ _ _ _ _ _ _ _ _ _ _ _ _ _ _ _ _ _ _ _ _ _ _ _ _ _ _ _ _ _ \npages/main_page.py:80: in clicability_of_registration_button\n    self.check_expected_link(MainPageLinks.URL_REGISTRATION_PAGE)\npages/base_page.py:72: in check_expected_link\n    return Wait(self.driver, self.timeout).until(\n_ _ _ _ _ _ _ _ _ _ _ _ _ _ _ _ _ _ _ _ _ _ _ _ _ _ _ _ _ _ _ _ _ _ _ _ _ _ _ _ \n\nself = <selenium.webdriver.support.wait.WebDriverWait (session=\"be9ce2bbe731d79c00978c549b29ab05\")>\nmethod = <function url_to_be.<locals>._predicate at 0x7fc07fc07e20>\nmessage = \"Can't find element by locator https://brainup.site/registration\"\n\n    def until(self, method, message: str = \"\"):\n        \"\"\"Calls the method provided with the driver as an argument until the \\\n        return value does not evaluate to ``False``.\n    \n        :param method: callable(WebDriver)\n        :param message: optional message for :exc:`TimeoutException`\n        :returns: the result of the last call to `method`\n        :raises: :exc:`selenium.common.exceptions.TimeoutException` if timeout occurs\n        \"\"\"\n        screen = None\n        stacktrace = None\n    \n        end_time = time.monotonic() + self._timeout\n        while True:\n            try:\n                value = method(self._driver)\n                if value:\n                    return value\n            except self._ignored_exceptions as exc:\n                screen = getattr(exc, \"screen\", None)\n                stacktrace = getattr(exc, \"stacktrace\", None)\n            time.sleep(self._poll)\n            if time.monotonic() > end_time:\n                break\n>       raise TimeoutException(message, screen, stacktrace)\nE       selenium.common.exceptions.TimeoutException: Message: Can't find element by locator https://brainup.site/registration\n\n/opt/hostedtoolcache/Python/3.12.8/x64/lib/python3.12/site-packages/selenium/webdriver/support/wait.py:95: TimeoutException",
  "flaky" : false,
  "newFailed" : false,
  "beforeStages" : [ {
    "name" : "main_page_open",
    "time" : {
      "start" : 1735524177752,
      "stop" : 1735524181367,
      "duration" : 3615
    },
    "status" : "passed",
    "steps" : [ {
      "name" : "Open page: https://brainup.site/",
      "time" : {
        "start" : 1735524177752,
        "stop" : 1735524181367,
        "duration" : 3615
      },
      "status" : "passed",
      "steps" : [ ],
      "attachments" : [ ],
      "parameters" : [ {
        "name" : "driver",
        "value" : "<selenium.webdriver.chrome.webdriver.WebDriver (session=\"be9ce2bbe731d79c00978c549b29ab05\")>"
      } ],
      "stepsCount" : 0,
      "attachmentsCount" : 0,
      "shouldDisplayMessage" : false,
      "hasContent" : true
    } ],
    "attachments" : [ ],
    "parameters" : [ ],
    "stepsCount" : 1,
    "attachmentsCount" : 0,
    "shouldDisplayMessage" : false,
    "hasContent" : true
  }, {
    "name" : "clear_allure_results_folder",
    "time" : {
      "start" : 1735523127883,
      "stop" : 1735523127883,
      "duration" : 0
    },
    "status" : "passed",
    "steps" : [ ],
    "attachments" : [ ],
    "parameters" : [ ],
    "stepsCount" : 0,
    "attachmentsCount" : 0,
    "shouldDisplayMessage" : false,
    "hasContent" : false
  }, {
    "name" : "driver",
    "time" : {
      "start" : 1735524177003,
      "stop" : 1735524177752,
      "duration" : 749
    },
    "status" : "passed",
    "steps" : [ ],
    "attachments" : [ ],
    "parameters" : [ ],
    "stepsCount" : 0,
    "attachmentsCount" : 0,
    "shouldDisplayMessage" : false,
    "hasContent" : false
  } ],
  "testStage" : {
    "status" : "broken",
    "statusMessage" : "selenium.common.exceptions.TimeoutException: Message: Can't find element by locator https://brainup.site/registration",
    "statusTrace" : "self = <pages.main_page.MainPage object at 0x7fc07fcef080>\nurl = 'https://brainup.site/registration'\n\n    def check_expected_link(self, url):\n        with allure.step(f'Check url is present: {url}'):\n            try:\n>               return Wait(self.driver, self.timeout).until(\n                    ec.url_to_be(url), message=f\"Can't find element by locator {url}\")\n\npages/base_page.py:68: \n_ _ _ _ _ _ _ _ _ _ _ _ _ _ _ _ _ _ _ _ _ _ _ _ _ _ _ _ _ _ _ _ _ _ _ _ _ _ _ _ \n\nself = <selenium.webdriver.support.wait.WebDriverWait (session=\"be9ce2bbe731d79c00978c549b29ab05\")>\nmethod = <function url_to_be.<locals>._predicate at 0x7fc07fb736a0>\nmessage = \"Can't find element by locator https://brainup.site/registration\"\n\n    def until(self, method, message: str = \"\"):\n        \"\"\"Calls the method provided with the driver as an argument until the \\\n        return value does not evaluate to ``False``.\n    \n        :param method: callable(WebDriver)\n        :param message: optional message for :exc:`TimeoutException`\n        :returns: the result of the last call to `method`\n        :raises: :exc:`selenium.common.exceptions.TimeoutException` if timeout occurs\n        \"\"\"\n        screen = None\n        stacktrace = None\n    \n        end_time = time.monotonic() + self._timeout\n        while True:\n            try:\n                value = method(self._driver)\n                if value:\n                    return value\n            except self._ignored_exceptions as exc:\n                screen = getattr(exc, \"screen\", None)\n                stacktrace = getattr(exc, \"stacktrace\", None)\n            time.sleep(self._poll)\n            if time.monotonic() > end_time:\n                break\n>       raise TimeoutException(message, screen, stacktrace)\nE       selenium.common.exceptions.TimeoutException: Message: Can't find element by locator https://brainup.site/registration\n\n/opt/hostedtoolcache/Python/3.12.8/x64/lib/python3.12/site-packages/selenium/webdriver/support/wait.py:95: TimeoutException\n\nDuring handling of the above exception, another exception occurred:\n\nself = <tests.main_page_test.TestMainPage object at 0x7fc07fd6df40>\ndriver = <selenium.webdriver.chrome.webdriver.WebDriver (session=\"be9ce2bbe731d79c00978c549b29ab05\")>\nmain_page_open = None\n\n    @allure.title(\"Checking the clickability of the Registration button.\")\n    def test_mp_10_checking_clickability_of_the_registration_button(self, driver, main_page_open):\n        page = MainPage(driver)\n>       registration_button = page.clicability_of_registration_button()\n\ntests/main_page_test.py:69: \n_ _ _ _ _ _ _ _ _ _ _ _ _ _ _ _ _ _ _ _ _ _ _ _ _ _ _ _ _ _ _ _ _ _ _ _ _ _ _ _ \npages/main_page.py:80: in clicability_of_registration_button\n    self.check_expected_link(MainPageLinks.URL_REGISTRATION_PAGE)\npages/base_page.py:72: in check_expected_link\n    return Wait(self.driver, self.timeout).until(\n_ _ _ _ _ _ _ _ _ _ _ _ _ _ _ _ _ _ _ _ _ _ _ _ _ _ _ _ _ _ _ _ _ _ _ _ _ _ _ _ \n\nself = <selenium.webdriver.support.wait.WebDriverWait (session=\"be9ce2bbe731d79c00978c549b29ab05\")>\nmethod = <function url_to_be.<locals>._predicate at 0x7fc07fc07e20>\nmessage = \"Can't find element by locator https://brainup.site/registration\"\n\n    def until(self, method, message: str = \"\"):\n        \"\"\"Calls the method provided with the driver as an argument until the \\\n        return value does not evaluate to ``False``.\n    \n        :param method: callable(WebDriver)\n        :param message: optional message for :exc:`TimeoutException`\n        :returns: the result of the last call to `method`\n        :raises: :exc:`selenium.common.exceptions.TimeoutException` if timeout occurs\n        \"\"\"\n        screen = None\n        stacktrace = None\n    \n        end_time = time.monotonic() + self._timeout\n        while True:\n            try:\n                value = method(self._driver)\n                if value:\n                    return value\n            except self._ignored_exceptions as exc:\n                screen = getattr(exc, \"screen\", None)\n                stacktrace = getattr(exc, \"stacktrace\", None)\n            time.sleep(self._poll)\n            if time.monotonic() > end_time:\n                break\n>       raise TimeoutException(message, screen, stacktrace)\nE       selenium.common.exceptions.TimeoutException: Message: Can't find element by locator https://brainup.site/registration\n\n/opt/hostedtoolcache/Python/3.12.8/x64/lib/python3.12/site-packages/selenium/webdriver/support/wait.py:95: TimeoutException",
    "steps" : [ {
      "name" : "Clickability of the Registration button",
      "time" : {
        "start" : 1735524181368,
        "stop" : 1735524221766,
        "duration" : 40398
      },
      "status" : "broken",
      "statusMessage" : "selenium.common.exceptions.TimeoutException: Message: Can't find element by locator https://brainup.site/registration\n\n",
      "statusTrace" : "  File \"/opt/hostedtoolcache/Python/3.12.8/x64/lib/python3.12/site-packages/allure_commons/_allure.py\", line 192, in impl\n    return func(*a, **kw)\n           ^^^^^^^^^^^^^^\n  File \"/home/runner/work/auto-tests-python/auto-tests-python/pages/main_page.py\", line 80, in clicability_of_registration_button\n    self.check_expected_link(MainPageLinks.URL_REGISTRATION_PAGE)\n  File \"/home/runner/work/auto-tests-python/auto-tests-python/pages/base_page.py\", line 72, in check_expected_link\n    return Wait(self.driver, self.timeout).until(\n           ^^^^^^^^^^^^^^^^^^^^^^^^^^^^^^^^^^^^^^\n  File \"/opt/hostedtoolcache/Python/3.12.8/x64/lib/python3.12/site-packages/selenium/webdriver/support/wait.py\", line 95, in until\n    raise TimeoutException(message, screen, stacktrace)\n",
      "steps" : [ {
        "name" : "Check url is present: https://brainup.site/registration",
        "time" : {
          "start" : 1735524181488,
          "stop" : 1735524221765,
          "duration" : 40277
        },
        "status" : "broken",
        "statusMessage" : "selenium.common.exceptions.TimeoutException: Message: Can't find element by locator https://brainup.site/registration\n\n",
        "statusTrace" : "  File \"/home/runner/work/auto-tests-python/auto-tests-python/pages/base_page.py\", line 72, in check_expected_link\n    return Wait(self.driver, self.timeout).until(\n           ^^^^^^^^^^^^^^^^^^^^^^^^^^^^^^^^^^^^^^\n  File \"/opt/hostedtoolcache/Python/3.12.8/x64/lib/python3.12/site-packages/selenium/webdriver/support/wait.py\", line 95, in until\n    raise TimeoutException(message, screen, stacktrace)\n",
        "steps" : [ ],
        "attachments" : [ ],
        "parameters" : [ ],
        "stepsCount" : 0,
        "attachmentsCount" : 0,
        "shouldDisplayMessage" : true,
        "hasContent" : true
      } ],
      "attachments" : [ ],
      "parameters" : [ ],
      "stepsCount" : 1,
      "attachmentsCount" : 0,
      "shouldDisplayMessage" : false,
      "hasContent" : true
    } ],
    "attachments" : [ {
      "uid" : "c9d06a44fe1ddfd6",
      "name" : "Screenshot 2024-12-30 02:03:41.864576",
      "source" : "c9d06a44fe1ddfd6.png",
      "type" : "image/png",
      "size" : 64910
    } ],
    "parameters" : [ ],
    "stepsCount" : 2,
    "attachmentsCount" : 1,
    "shouldDisplayMessage" : true,
    "hasContent" : true
  },
  "afterStages" : [ {
    "name" : "driver::0",
    "time" : {
      "start" : 1735524221865,
      "stop" : 1735524221936,
      "duration" : 71
    },
    "status" : "passed",
    "steps" : [ ],
    "attachments" : [ ],
    "parameters" : [ ],
    "stepsCount" : 0,
    "attachmentsCount" : 0,
    "shouldDisplayMessage" : false,
    "hasContent" : false
  } ],
  "labels" : [ {
    "name" : "epic",
    "value" : "Main Page."
  }, {
    "name" : "parentSuite",
    "value" : "tests"
  }, {
    "name" : "suite",
    "value" : "main_page_test"
  }, {
    "name" : "subSuite",
    "value" : "TestMainPage"
  }, {
    "name" : "host",
    "value" : "fv-az1326-909"
  }, {
    "name" : "thread",
    "value" : "2406-MainThread"
  }, {
    "name" : "framework",
    "value" : "pytest"
  }, {
    "name" : "language",
    "value" : "cpython3"
  }, {
    "name" : "package",
    "value" : "tests.main_page_test"
  }, {
    "name" : "resultFormat",
    "value" : "allure2"
  } ],
  "parameters" : [ ],
  "links" : [ ],
  "hidden" : false,
  "retry" : false,
  "extra" : {
    "severity" : "normal",
    "retries" : [ ],
    "categories" : [ {
      "name" : "Test defects",
      "matchedStatuses" : [ ],
      "flaky" : false
    } ],
    "history" : {
      "statistic" : {
        "failed" : 0,
        "broken" : 7,
        "skipped" : 0,
        "passed" : 78,
        "unknown" : 0,
        "total" : 85
      },
      "items" : [ {
        "uid" : "e0e94058a6030c1b",
        "reportUrl" : "https://lambotik.github.io/auto-tests-python/138//#testresult/e0e94058a6030c1b",
        "status" : "broken",
        "statusDetails" : "selenium.common.exceptions.TimeoutException: Message: Can't find element by locator https://brainup.site/registration",
        "time" : {
          "start" : 1735438055463,
          "stop" : 1735438095860,
          "duration" : 40397
        }
      }, {
        "uid" : "ed3ac97ece6e6311",
        "reportUrl" : "https://lambotik.github.io/auto-tests-python/137//#testresult/ed3ac97ece6e6311",
        "status" : "broken",
        "statusDetails" : "selenium.common.exceptions.TimeoutException: Message: Can't find element by locator https://brainup.site/registration",
        "time" : {
          "start" : 1735351030568,
          "stop" : 1735351071006,
          "duration" : 40438
        }
      }, {
        "uid" : "33b23cfe4308196d",
        "reportUrl" : "https://lambotik.github.io/auto-tests-python/136//#testresult/33b23cfe4308196d",
        "status" : "broken",
        "statusDetails" : "selenium.common.exceptions.TimeoutException: Message: Can't find element by locator https://brainup.site/registration",
        "time" : {
          "start" : 1735264878307,
          "stop" : 1735264918697,
          "duration" : 40390
        }
      }, {
        "uid" : "c8ac1a7357226bd7",
        "reportUrl" : "https://lambotik.github.io/auto-tests-python/81//#testresult/c8ac1a7357226bd7",
        "status" : "passed",
        "time" : {
          "start" : 1730512040421,
          "stop" : 1730512040527,
          "duration" : 106
        }
      }, {
        "uid" : "325ca34237482f35",
        "reportUrl" : "https://lambotik.github.io/auto-tests-python/80//#testresult/325ca34237482f35",
        "status" : "passed",
        "time" : {
          "start" : 1730426216121,
          "stop" : 1730426216226,
          "duration" : 105
        }
      }, {
        "uid" : "28f114f801c9b4d4",
        "reportUrl" : "https://lambotik.github.io/auto-tests-python/79//#testresult/28f114f801c9b4d4",
        "status" : "passed",
        "time" : {
          "start" : 1730339459580,
          "stop" : 1730339459730,
          "duration" : 150
        }
      }, {
        "uid" : "e7f4e94943e36433",
        "reportUrl" : "https://lambotik.github.io/auto-tests-python/78//#testresult/e7f4e94943e36433",
        "status" : "passed",
        "time" : {
          "start" : 1730252968362,
          "stop" : 1730252968469,
          "duration" : 107
        }
      }, {
        "uid" : "aca0fe435ac2fe67",
        "reportUrl" : "https://lambotik.github.io/auto-tests-python/77//#testresult/aca0fe435ac2fe67",
        "status" : "passed",
        "time" : {
          "start" : 1730166666466,
          "stop" : 1730166666572,
          "duration" : 106
        }
      }, {
        "uid" : "de1e70afae310469",
        "reportUrl" : "https://lambotik.github.io/auto-tests-python/76//#testresult/de1e70afae310469",
        "status" : "passed",
        "time" : {
          "start" : 1730080402101,
          "stop" : 1730080402258,
          "duration" : 157
        }
      }, {
        "uid" : "f3fdb51eefe66b26",
        "reportUrl" : "https://lambotik.github.io/auto-tests-python/75//#testresult/f3fdb51eefe66b26",
        "status" : "passed",
        "time" : {
          "start" : 1729994145400,
          "stop" : 1729994145504,
          "duration" : 104
        }
      }, {
        "uid" : "3354f0968830946e",
        "reportUrl" : "https://lambotik.github.io/auto-tests-python/74//#testresult/3354f0968830946e",
        "status" : "passed",
        "time" : {
          "start" : 1729907138803,
          "stop" : 1729907138950,
          "duration" : 147
        }
      }, {
        "uid" : "76a2eefcbd61cb67",
        "reportUrl" : "https://lambotik.github.io/auto-tests-python/73//#testresult/76a2eefcbd61cb67",
        "status" : "passed",
        "time" : {
          "start" : 1729820952971,
          "stop" : 1729820953122,
          "duration" : 151
        }
      }, {
        "uid" : "9372546fea1ba46f",
        "reportUrl" : "https://lambotik.github.io/auto-tests-python/72//#testresult/9372546fea1ba46f",
        "status" : "passed",
        "time" : {
          "start" : 1729734486559,
          "stop" : 1729734486663,
          "duration" : 104
        }
      }, {
        "uid" : "5b098ed4e23fa588",
        "reportUrl" : "https://lambotik.github.io/auto-tests-python/71//#testresult/5b098ed4e23fa588",
        "status" : "passed",
        "time" : {
          "start" : 1729648178906,
          "stop" : 1729648179011,
          "duration" : 105
        }
      }, {
        "uid" : "13fe594f28a4b2cb",
        "reportUrl" : "https://lambotik.github.io/auto-tests-python/70//#testresult/13fe594f28a4b2cb",
        "status" : "passed",
        "time" : {
          "start" : 1729561870709,
          "stop" : 1729561870815,
          "duration" : 106
        }
      }, {
        "uid" : "570f07a9158d0284",
        "reportUrl" : "https://lambotik.github.io/auto-tests-python/69//#testresult/570f07a9158d0284",
        "status" : "passed",
        "time" : {
          "start" : 1729475544601,
          "stop" : 1729475544709,
          "duration" : 108
        }
      }, {
        "uid" : "b7125c571ae7e562",
        "reportUrl" : "https://lambotik.github.io/auto-tests-python/68//#testresult/b7125c571ae7e562",
        "status" : "passed",
        "time" : {
          "start" : 1729389342339,
          "stop" : 1729389342445,
          "duration" : 106
        }
      }, {
        "uid" : "f2cb4219c1408f1f",
        "reportUrl" : "https://lambotik.github.io/auto-tests-python/67//#testresult/f2cb4219c1408f1f",
        "status" : "passed",
        "time" : {
          "start" : 1729302430277,
          "stop" : 1729302430409,
          "duration" : 132
        }
      }, {
        "uid" : "df1603d342bad6dc",
        "reportUrl" : "https://lambotik.github.io/auto-tests-python/66//#testresult/df1603d342bad6dc",
        "status" : "passed",
        "time" : {
          "start" : 1729216128614,
          "stop" : 1729216128732,
          "duration" : 118
        }
      }, {
        "uid" : "4d97c389023e0d31",
        "reportUrl" : "https://lambotik.github.io/auto-tests-python/65//#testresult/4d97c389023e0d31",
        "status" : "passed",
        "time" : {
          "start" : 1729129734356,
          "stop" : 1729129734497,
          "duration" : 141
        }
      } ]
    },
    "tags" : [ ]
  },
  "source" : "43e2dc28ab3452e5.json",
  "parameterValues" : [ ]
}