{
  "uid" : "4c37b3f1fadb2da2",
  "name" : "Verify redirection to specialists page not authorized user.",
  "fullName" : "tests.description_page_test.TestDescriptionPage#test_dp_05_verify_redirection_to_specialists_page",
  "historyId" : "2bb438cf0156f1b8aed1660bcc15d225",
  "time" : {
    "start" : 1735523386351,
    "stop" : 1735523426791,
    "duration" : 40440
  },
  "status" : "broken",
  "statusMessage" : "selenium.common.exceptions.TimeoutException: Message: Can't find element by locator https://brainup.site/specialists",
  "statusTrace" : "self = <pages.description_page.DescriptionPage object at 0x7fc07fc72e10>\nurl = 'https://brainup.site/specialists'\n\n    def check_expected_link(self, url):\n        with allure.step(f'Check url is present: {url}'):\n            try:\n>               return Wait(self.driver, self.timeout).until(\n                    ec.url_to_be(url), message=f\"Can't find element by locator {url}\")\n\npages/base_page.py:68: \n_ _ _ _ _ _ _ _ _ _ _ _ _ _ _ _ _ _ _ _ _ _ _ _ _ _ _ _ _ _ _ _ _ _ _ _ _ _ _ _ \n\nself = <selenium.webdriver.support.wait.WebDriverWait (session=\"8e8cc28555f6e2c41d5bc24f324d8ff5\")>\nmethod = <function url_to_be.<locals>._predicate at 0x7fc07fb725c0>\nmessage = \"Can't find element by locator https://brainup.site/specialists\"\n\n    def until(self, method, message: str = \"\"):\n        \"\"\"Calls the method provided with the driver as an argument until the \\\n        return value does not evaluate to ``False``.\n    \n        :param method: callable(WebDriver)\n        :param message: optional message for :exc:`TimeoutException`\n        :returns: the result of the last call to `method`\n        :raises: :exc:`selenium.common.exceptions.TimeoutException` if timeout occurs\n        \"\"\"\n        screen = None\n        stacktrace = None\n    \n        end_time = time.monotonic() + self._timeout\n        while True:\n            try:\n                value = method(self._driver)\n                if value:\n                    return value\n            except self._ignored_exceptions as exc:\n                screen = getattr(exc, \"screen\", None)\n                stacktrace = getattr(exc, \"stacktrace\", None)\n            time.sleep(self._poll)\n            if time.monotonic() > end_time:\n                break\n>       raise TimeoutException(message, screen, stacktrace)\nE       selenium.common.exceptions.TimeoutException: Message: Can't find element by locator https://brainup.site/specialists\n\n/opt/hostedtoolcache/Python/3.12.8/x64/lib/python3.12/site-packages/selenium/webdriver/support/wait.py:95: TimeoutException\n\nDuring handling of the above exception, another exception occurred:\n\nself = <tests.description_page_test.TestDescriptionPage object at 0x7fc0801f8e30>\ndriver = <selenium.webdriver.chrome.webdriver.WebDriver (session=\"8e8cc28555f6e2c41d5bc24f324d8ff5\")>\nmain_page_open = None\n\n    @allure.title(\"Verify redirection to specialists page not authorized user.\")\n    def test_dp_05_verify_redirection_to_specialists_page(self, driver, main_page_open):\n        page = DescriptionPage(driver)\n>       specialists_page_url = page.transition_specialists_page()\n\ntests/description_page_test.py:36: \n_ _ _ _ _ _ _ _ _ _ _ _ _ _ _ _ _ _ _ _ _ _ _ _ _ _ _ _ _ _ _ _ _ _ _ _ _ _ _ _ \npages/description_page.py:43: in transition_specialists_page\n    self.check_expected_link(MainPageLinks.URL_SPECIALISTS_PAGE)\npages/base_page.py:72: in check_expected_link\n    return Wait(self.driver, self.timeout).until(\n_ _ _ _ _ _ _ _ _ _ _ _ _ _ _ _ _ _ _ _ _ _ _ _ _ _ _ _ _ _ _ _ _ _ _ _ _ _ _ _ \n\nself = <selenium.webdriver.support.wait.WebDriverWait (session=\"8e8cc28555f6e2c41d5bc24f324d8ff5\")>\nmethod = <function url_to_be.<locals>._predicate at 0x7fc07fb71a80>\nmessage = \"Can't find element by locator https://brainup.site/specialists\"\n\n    def until(self, method, message: str = \"\"):\n        \"\"\"Calls the method provided with the driver as an argument until the \\\n        return value does not evaluate to ``False``.\n    \n        :param method: callable(WebDriver)\n        :param message: optional message for :exc:`TimeoutException`\n        :returns: the result of the last call to `method`\n        :raises: :exc:`selenium.common.exceptions.TimeoutException` if timeout occurs\n        \"\"\"\n        screen = None\n        stacktrace = None\n    \n        end_time = time.monotonic() + self._timeout\n        while True:\n            try:\n                value = method(self._driver)\n                if value:\n                    return value\n            except self._ignored_exceptions as exc:\n                screen = getattr(exc, \"screen\", None)\n                stacktrace = getattr(exc, \"stacktrace\", None)\n            time.sleep(self._poll)\n            if time.monotonic() > end_time:\n                break\n>       raise TimeoutException(message, screen, stacktrace)\nE       selenium.common.exceptions.TimeoutException: Message: Can't find element by locator https://brainup.site/specialists\n\n/opt/hostedtoolcache/Python/3.12.8/x64/lib/python3.12/site-packages/selenium/webdriver/support/wait.py:95: TimeoutException",
  "flaky" : false,
  "newFailed" : false,
  "beforeStages" : [ {
    "name" : "main_page_open",
    "time" : {
      "start" : 1735523382601,
      "stop" : 1735523386350,
      "duration" : 3749
    },
    "status" : "passed",
    "steps" : [ {
      "name" : "Open page: https://brainup.site/",
      "time" : {
        "start" : 1735523382601,
        "stop" : 1735523386350,
        "duration" : 3749
      },
      "status" : "passed",
      "steps" : [ ],
      "attachments" : [ ],
      "parameters" : [ {
        "name" : "driver",
        "value" : "<selenium.webdriver.chrome.webdriver.WebDriver (session=\"8e8cc28555f6e2c41d5bc24f324d8ff5\")>"
      } ],
      "stepsCount" : 0,
      "attachmentsCount" : 0,
      "shouldDisplayMessage" : false,
      "hasContent" : true
    } ],
    "attachments" : [ ],
    "parameters" : [ ],
    "stepsCount" : 1,
    "attachmentsCount" : 0,
    "shouldDisplayMessage" : false,
    "hasContent" : true
  }, {
    "name" : "clear_allure_results_folder",
    "time" : {
      "start" : 1735523127883,
      "stop" : 1735523127883,
      "duration" : 0
    },
    "status" : "passed",
    "steps" : [ ],
    "attachments" : [ ],
    "parameters" : [ ],
    "stepsCount" : 0,
    "attachmentsCount" : 0,
    "shouldDisplayMessage" : false,
    "hasContent" : false
  }, {
    "name" : "driver",
    "time" : {
      "start" : 1735523381851,
      "stop" : 1735523382600,
      "duration" : 749
    },
    "status" : "passed",
    "steps" : [ ],
    "attachments" : [ ],
    "parameters" : [ ],
    "stepsCount" : 0,
    "attachmentsCount" : 0,
    "shouldDisplayMessage" : false,
    "hasContent" : false
  } ],
  "testStage" : {
    "status" : "broken",
    "statusMessage" : "selenium.common.exceptions.TimeoutException: Message: Can't find element by locator https://brainup.site/specialists",
    "statusTrace" : "self = <pages.description_page.DescriptionPage object at 0x7fc07fc72e10>\nurl = 'https://brainup.site/specialists'\n\n    def check_expected_link(self, url):\n        with allure.step(f'Check url is present: {url}'):\n            try:\n>               return Wait(self.driver, self.timeout).until(\n                    ec.url_to_be(url), message=f\"Can't find element by locator {url}\")\n\npages/base_page.py:68: \n_ _ _ _ _ _ _ _ _ _ _ _ _ _ _ _ _ _ _ _ _ _ _ _ _ _ _ _ _ _ _ _ _ _ _ _ _ _ _ _ \n\nself = <selenium.webdriver.support.wait.WebDriverWait (session=\"8e8cc28555f6e2c41d5bc24f324d8ff5\")>\nmethod = <function url_to_be.<locals>._predicate at 0x7fc07fb725c0>\nmessage = \"Can't find element by locator https://brainup.site/specialists\"\n\n    def until(self, method, message: str = \"\"):\n        \"\"\"Calls the method provided with the driver as an argument until the \\\n        return value does not evaluate to ``False``.\n    \n        :param method: callable(WebDriver)\n        :param message: optional message for :exc:`TimeoutException`\n        :returns: the result of the last call to `method`\n        :raises: :exc:`selenium.common.exceptions.TimeoutException` if timeout occurs\n        \"\"\"\n        screen = None\n        stacktrace = None\n    \n        end_time = time.monotonic() + self._timeout\n        while True:\n            try:\n                value = method(self._driver)\n                if value:\n                    return value\n            except self._ignored_exceptions as exc:\n                screen = getattr(exc, \"screen\", None)\n                stacktrace = getattr(exc, \"stacktrace\", None)\n            time.sleep(self._poll)\n            if time.monotonic() > end_time:\n                break\n>       raise TimeoutException(message, screen, stacktrace)\nE       selenium.common.exceptions.TimeoutException: Message: Can't find element by locator https://brainup.site/specialists\n\n/opt/hostedtoolcache/Python/3.12.8/x64/lib/python3.12/site-packages/selenium/webdriver/support/wait.py:95: TimeoutException\n\nDuring handling of the above exception, another exception occurred:\n\nself = <tests.description_page_test.TestDescriptionPage object at 0x7fc0801f8e30>\ndriver = <selenium.webdriver.chrome.webdriver.WebDriver (session=\"8e8cc28555f6e2c41d5bc24f324d8ff5\")>\nmain_page_open = None\n\n    @allure.title(\"Verify redirection to specialists page not authorized user.\")\n    def test_dp_05_verify_redirection_to_specialists_page(self, driver, main_page_open):\n        page = DescriptionPage(driver)\n>       specialists_page_url = page.transition_specialists_page()\n\ntests/description_page_test.py:36: \n_ _ _ _ _ _ _ _ _ _ _ _ _ _ _ _ _ _ _ _ _ _ _ _ _ _ _ _ _ _ _ _ _ _ _ _ _ _ _ _ \npages/description_page.py:43: in transition_specialists_page\n    self.check_expected_link(MainPageLinks.URL_SPECIALISTS_PAGE)\npages/base_page.py:72: in check_expected_link\n    return Wait(self.driver, self.timeout).until(\n_ _ _ _ _ _ _ _ _ _ _ _ _ _ _ _ _ _ _ _ _ _ _ _ _ _ _ _ _ _ _ _ _ _ _ _ _ _ _ _ \n\nself = <selenium.webdriver.support.wait.WebDriverWait (session=\"8e8cc28555f6e2c41d5bc24f324d8ff5\")>\nmethod = <function url_to_be.<locals>._predicate at 0x7fc07fb71a80>\nmessage = \"Can't find element by locator https://brainup.site/specialists\"\n\n    def until(self, method, message: str = \"\"):\n        \"\"\"Calls the method provided with the driver as an argument until the \\\n        return value does not evaluate to ``False``.\n    \n        :param method: callable(WebDriver)\n        :param message: optional message for :exc:`TimeoutException`\n        :returns: the result of the last call to `method`\n        :raises: :exc:`selenium.common.exceptions.TimeoutException` if timeout occurs\n        \"\"\"\n        screen = None\n        stacktrace = None\n    \n        end_time = time.monotonic() + self._timeout\n        while True:\n            try:\n                value = method(self._driver)\n                if value:\n                    return value\n            except self._ignored_exceptions as exc:\n                screen = getattr(exc, \"screen\", None)\n                stacktrace = getattr(exc, \"stacktrace\", None)\n            time.sleep(self._poll)\n            if time.monotonic() > end_time:\n                break\n>       raise TimeoutException(message, screen, stacktrace)\nE       selenium.common.exceptions.TimeoutException: Message: Can't find element by locator https://brainup.site/specialists\n\n/opt/hostedtoolcache/Python/3.12.8/x64/lib/python3.12/site-packages/selenium/webdriver/support/wait.py:95: TimeoutException",
    "steps" : [ {
      "name" : "Open specialists page",
      "time" : {
        "start" : 1735523386351,
        "stop" : 1735523426791,
        "duration" : 40440
      },
      "status" : "broken",
      "statusMessage" : "selenium.common.exceptions.TimeoutException: Message: Can't find element by locator https://brainup.site/specialists\n\n",
      "statusTrace" : "  File \"/opt/hostedtoolcache/Python/3.12.8/x64/lib/python3.12/site-packages/allure_commons/_allure.py\", line 192, in impl\n    return func(*a, **kw)\n           ^^^^^^^^^^^^^^\n  File \"/home/runner/work/auto-tests-python/auto-tests-python/pages/description_page.py\", line 43, in transition_specialists_page\n    self.check_expected_link(MainPageLinks.URL_SPECIALISTS_PAGE)\n  File \"/home/runner/work/auto-tests-python/auto-tests-python/pages/base_page.py\", line 72, in check_expected_link\n    return Wait(self.driver, self.timeout).until(\n           ^^^^^^^^^^^^^^^^^^^^^^^^^^^^^^^^^^^^^^\n  File \"/opt/hostedtoolcache/Python/3.12.8/x64/lib/python3.12/site-packages/selenium/webdriver/support/wait.py\", line 95, in until\n    raise TimeoutException(message, screen, stacktrace)\n",
      "steps" : [ {
        "name" : "Check url is present: https://brainup.site/specialists",
        "time" : {
          "start" : 1735523386519,
          "stop" : 1735523426791,
          "duration" : 40272
        },
        "status" : "broken",
        "statusMessage" : "selenium.common.exceptions.TimeoutException: Message: Can't find element by locator https://brainup.site/specialists\n\n",
        "statusTrace" : "  File \"/home/runner/work/auto-tests-python/auto-tests-python/pages/base_page.py\", line 72, in check_expected_link\n    return Wait(self.driver, self.timeout).until(\n           ^^^^^^^^^^^^^^^^^^^^^^^^^^^^^^^^^^^^^^\n  File \"/opt/hostedtoolcache/Python/3.12.8/x64/lib/python3.12/site-packages/selenium/webdriver/support/wait.py\", line 95, in until\n    raise TimeoutException(message, screen, stacktrace)\n",
        "steps" : [ ],
        "attachments" : [ ],
        "parameters" : [ ],
        "stepsCount" : 0,
        "attachmentsCount" : 0,
        "shouldDisplayMessage" : true,
        "hasContent" : true
      } ],
      "attachments" : [ ],
      "parameters" : [ ],
      "stepsCount" : 1,
      "attachmentsCount" : 0,
      "shouldDisplayMessage" : false,
      "hasContent" : true
    } ],
    "attachments" : [ {
      "uid" : "413b7f18dac5ca2f",
      "name" : "Screenshot 2024-12-30 01:50:26.904594",
      "source" : "413b7f18dac5ca2f.png",
      "type" : "image/png",
      "size" : 185193
    } ],
    "parameters" : [ ],
    "stepsCount" : 2,
    "attachmentsCount" : 1,
    "shouldDisplayMessage" : true,
    "hasContent" : true
  },
  "afterStages" : [ {
    "name" : "driver::0",
    "time" : {
      "start" : 1735523426906,
      "stop" : 1735523426978,
      "duration" : 72
    },
    "status" : "passed",
    "steps" : [ ],
    "attachments" : [ ],
    "parameters" : [ ],
    "stepsCount" : 0,
    "attachmentsCount" : 0,
    "shouldDisplayMessage" : false,
    "hasContent" : false
  } ],
  "labels" : [ {
    "name" : "epic",
    "value" : "Description Page."
  }, {
    "name" : "parentSuite",
    "value" : "tests"
  }, {
    "name" : "suite",
    "value" : "description_page_test"
  }, {
    "name" : "subSuite",
    "value" : "TestDescriptionPage"
  }, {
    "name" : "host",
    "value" : "fv-az1326-909"
  }, {
    "name" : "thread",
    "value" : "2406-MainThread"
  }, {
    "name" : "framework",
    "value" : "pytest"
  }, {
    "name" : "language",
    "value" : "cpython3"
  }, {
    "name" : "package",
    "value" : "tests.description_page_test"
  }, {
    "name" : "resultFormat",
    "value" : "allure2"
  } ],
  "parameters" : [ ],
  "links" : [ ],
  "hidden" : false,
  "retry" : false,
  "extra" : {
    "severity" : "normal",
    "retries" : [ ],
    "categories" : [ {
      "name" : "Test defects",
      "matchedStatuses" : [ ],
      "flaky" : false
    } ],
    "history" : {
      "statistic" : {
        "failed" : 0,
        "broken" : 8,
        "skipped" : 0,
        "passed" : 77,
        "unknown" : 0,
        "total" : 85
      },
      "items" : [ {
        "uid" : "eaae924112d8a2ac",
        "reportUrl" : "https://lambotik.github.io/auto-tests-python/138//#testresult/eaae924112d8a2ac",
        "status" : "broken",
        "statusDetails" : "selenium.common.exceptions.TimeoutException: Message: Can't find element by locator https://brainup.site/specialists",
        "time" : {
          "start" : 1735437273786,
          "stop" : 1735437314266,
          "duration" : 40480
        }
      }, {
        "uid" : "6ee62d4450f16378",
        "reportUrl" : "https://lambotik.github.io/auto-tests-python/137//#testresult/6ee62d4450f16378",
        "status" : "broken",
        "statusDetails" : "selenium.common.exceptions.TimeoutException: Message: Can't find element by locator https://brainup.site/specialists",
        "time" : {
          "start" : 1735350253683,
          "stop" : 1735350294132,
          "duration" : 40449
        }
      }, {
        "uid" : "19f740ac25e473c7",
        "reportUrl" : "https://lambotik.github.io/auto-tests-python/136//#testresult/19f740ac25e473c7",
        "status" : "broken",
        "statusDetails" : "selenium.common.exceptions.TimeoutException: Message: Can't find element by locator https://brainup.site/specialists",
        "time" : {
          "start" : 1735264039908,
          "stop" : 1735264080382,
          "duration" : 40474
        }
      }, {
        "uid" : "c120a13a93e6a859",
        "reportUrl" : "https://lambotik.github.io/auto-tests-python/81//#testresult/c120a13a93e6a859",
        "status" : "passed",
        "time" : {
          "start" : 1730511811565,
          "stop" : 1730511812207,
          "duration" : 642
        }
      }, {
        "uid" : "b97ac6f4f422cb2a",
        "reportUrl" : "https://lambotik.github.io/auto-tests-python/80//#testresult/b97ac6f4f422cb2a",
        "status" : "passed",
        "time" : {
          "start" : 1730425988180,
          "stop" : 1730425988822,
          "duration" : 642
        }
      }, {
        "uid" : "944651580086929a",
        "reportUrl" : "https://lambotik.github.io/auto-tests-python/79//#testresult/944651580086929a",
        "status" : "passed",
        "time" : {
          "start" : 1730339244318,
          "stop" : 1730339244995,
          "duration" : 677
        }
      }, {
        "uid" : "c9d4b4f7aca4e47",
        "reportUrl" : "https://lambotik.github.io/auto-tests-python/78//#testresult/c9d4b4f7aca4e47",
        "status" : "passed",
        "time" : {
          "start" : 1730252755682,
          "stop" : 1730252756352,
          "duration" : 670
        }
      }, {
        "uid" : "34911195f4612938",
        "reportUrl" : "https://lambotik.github.io/auto-tests-python/77//#testresult/34911195f4612938",
        "status" : "passed",
        "time" : {
          "start" : 1730166432480,
          "stop" : 1730166433145,
          "duration" : 665
        }
      }, {
        "uid" : "a130e4238d3c8c3e",
        "reportUrl" : "https://lambotik.github.io/auto-tests-python/76//#testresult/a130e4238d3c8c3e",
        "status" : "passed",
        "time" : {
          "start" : 1730080169873,
          "stop" : 1730080170523,
          "duration" : 650
        }
      }, {
        "uid" : "9ecf07233f7f1ac7",
        "reportUrl" : "https://lambotik.github.io/auto-tests-python/75//#testresult/9ecf07233f7f1ac7",
        "status" : "passed",
        "time" : {
          "start" : 1729993930720,
          "stop" : 1729993931379,
          "duration" : 659
        }
      }, {
        "uid" : "21f67b59b1d80783",
        "reportUrl" : "https://lambotik.github.io/auto-tests-python/74//#testresult/21f67b59b1d80783",
        "status" : "passed",
        "time" : {
          "start" : 1729906928553,
          "stop" : 1729906929219,
          "duration" : 666
        }
      }, {
        "uid" : "bae3baae656a1113",
        "reportUrl" : "https://lambotik.github.io/auto-tests-python/73//#testresult/bae3baae656a1113",
        "status" : "passed",
        "time" : {
          "start" : 1729820739892,
          "stop" : 1729820740565,
          "duration" : 673
        }
      }, {
        "uid" : "3bdc21f91f774fa2",
        "reportUrl" : "https://lambotik.github.io/auto-tests-python/72//#testresult/3bdc21f91f774fa2",
        "status" : "passed",
        "time" : {
          "start" : 1729734273463,
          "stop" : 1729734274106,
          "duration" : 643
        }
      }, {
        "uid" : "4206e8ae3fac80e7",
        "reportUrl" : "https://lambotik.github.io/auto-tests-python/71//#testresult/4206e8ae3fac80e7",
        "status" : "passed",
        "time" : {
          "start" : 1729647907083,
          "stop" : 1729647907739,
          "duration" : 656
        }
      }, {
        "uid" : "d2354bba4f33d70b",
        "reportUrl" : "https://lambotik.github.io/auto-tests-python/70//#testresult/d2354bba4f33d70b",
        "status" : "passed",
        "time" : {
          "start" : 1729561599633,
          "stop" : 1729561600278,
          "duration" : 645
        }
      }, {
        "uid" : "3587062591f63913",
        "reportUrl" : "https://lambotik.github.io/auto-tests-python/69//#testresult/3587062591f63913",
        "status" : "passed",
        "time" : {
          "start" : 1729475281393,
          "stop" : 1729475282034,
          "duration" : 641
        }
      }, {
        "uid" : "5ce37a490f818ad5",
        "reportUrl" : "https://lambotik.github.io/auto-tests-python/68//#testresult/5ce37a490f818ad5",
        "status" : "passed",
        "time" : {
          "start" : 1729389129055,
          "stop" : 1729389129723,
          "duration" : 668
        }
      }, {
        "uid" : "bf6aa30dda2ce58",
        "reportUrl" : "https://lambotik.github.io/auto-tests-python/67//#testresult/bf6aa30dda2ce58",
        "status" : "passed",
        "time" : {
          "start" : 1729302207402,
          "stop" : 1729302208041,
          "duration" : 639
        }
      }, {
        "uid" : "d1d9d28a0c921846",
        "reportUrl" : "https://lambotik.github.io/auto-tests-python/66//#testresult/d1d9d28a0c921846",
        "status" : "passed",
        "time" : {
          "start" : 1729215914599,
          "stop" : 1729215915260,
          "duration" : 661
        }
      }, {
        "uid" : "60d71ca14386f77a",
        "reportUrl" : "https://lambotik.github.io/auto-tests-python/65//#testresult/60d71ca14386f77a",
        "status" : "passed",
        "time" : {
          "start" : 1729129505837,
          "stop" : 1729129506488,
          "duration" : 651
        }
      } ]
    },
    "tags" : [ ]
  },
  "source" : "4c37b3f1fadb2da2.json",
  "parameterValues" : [ ]
}