{
  "uid" : "e3867e23ee629d85",
  "name" : "Verify values of the text in card descriptions",
  "fullName" : "tests.contributors_page_test.TestContributorsPageText#test_cnp_02_04_verify_text_of_card_descriptions",
  "historyId" : "5d4e7ac22a6f34d3c7b45f7b2c907a8b",
  "time" : {
    "start" : 1735523252353,
    "stop" : 1735523252779,
    "duration" : 426
  },
  "status" : "failed",
  "statusMessage" : "AssertionError: Text in descriptions is absent or mismatches valid count\nassert 70 == 67\n +  where 67 = ContributorsPageData.description_count",
  "statusTrace" : "self = <tests.contributors_page_test.TestContributorsPage.TestContributorsPageText object at 0x7fc0800d30b0>\ndriver = <selenium.webdriver.chrome.webdriver.WebDriver (session=\"2de7c10739369ecd52355be79d7f5605\")>\ncontributors_page_open = None\n\n    @allure.title(\"Verify values of the text in card descriptions\")\n    def test_cnp_02_04_verify_text_of_card_descriptions(self, driver, contributors_page_open):\n        page = ContributorsPage(driver)\n        description_values = page.check_values_of_card_descriptions()\n>       assert description_values == ContributorsPageData.description_count, \\\n            \"Text in descriptions is absent or mismatches valid count\"\nE       AssertionError: Text in descriptions is absent or mismatches valid count\nE       assert 70 == 67\nE        +  where 67 = ContributorsPageData.description_count\n\ntests/contributors_page_test.py:100: AssertionError",
  "flaky" : false,
  "newFailed" : false,
  "beforeStages" : [ {
    "name" : "contributors_page_open",
    "time" : {
      "start" : 1735523248772,
      "stop" : 1735523252353,
      "duration" : 3581
    },
    "status" : "passed",
    "steps" : [ {
      "name" : "Open page: https://brainup.site/contributors",
      "time" : {
        "start" : 1735523248772,
        "stop" : 1735523252353,
        "duration" : 3581
      },
      "status" : "passed",
      "steps" : [ ],
      "attachments" : [ ],
      "parameters" : [ {
        "name" : "driver",
        "value" : "<selenium.webdriver.chrome.webdriver.WebDriver (session=\"2de7c10739369ecd52355be79d7f5605\")>"
      } ],
      "stepsCount" : 0,
      "attachmentsCount" : 0,
      "shouldDisplayMessage" : false,
      "hasContent" : true
    } ],
    "attachments" : [ ],
    "parameters" : [ ],
    "stepsCount" : 1,
    "attachmentsCount" : 0,
    "shouldDisplayMessage" : false,
    "hasContent" : true
  }, {
    "name" : "driver",
    "time" : {
      "start" : 1735523248014,
      "stop" : 1735523248772,
      "duration" : 758
    },
    "status" : "passed",
    "steps" : [ ],
    "attachments" : [ ],
    "parameters" : [ ],
    "stepsCount" : 0,
    "attachmentsCount" : 0,
    "shouldDisplayMessage" : false,
    "hasContent" : false
  }, {
    "name" : "clear_allure_results_folder",
    "time" : {
      "start" : 1735523127883,
      "stop" : 1735523127883,
      "duration" : 0
    },
    "status" : "passed",
    "steps" : [ ],
    "attachments" : [ ],
    "parameters" : [ ],
    "stepsCount" : 0,
    "attachmentsCount" : 0,
    "shouldDisplayMessage" : false,
    "hasContent" : false
  } ],
  "testStage" : {
    "status" : "failed",
    "statusMessage" : "AssertionError: Text in descriptions is absent or mismatches valid count\nassert 70 == 67\n +  where 67 = ContributorsPageData.description_count",
    "statusTrace" : "self = <tests.contributors_page_test.TestContributorsPage.TestContributorsPageText object at 0x7fc0800d30b0>\ndriver = <selenium.webdriver.chrome.webdriver.WebDriver (session=\"2de7c10739369ecd52355be79d7f5605\")>\ncontributors_page_open = None\n\n    @allure.title(\"Verify values of the text in card descriptions\")\n    def test_cnp_02_04_verify_text_of_card_descriptions(self, driver, contributors_page_open):\n        page = ContributorsPage(driver)\n        description_values = page.check_values_of_card_descriptions()\n>       assert description_values == ContributorsPageData.description_count, \\\n            \"Text in descriptions is absent or mismatches valid count\"\nE       AssertionError: Text in descriptions is absent or mismatches valid count\nE       assert 70 == 67\nE        +  where 67 = ContributorsPageData.description_count\n\ntests/contributors_page_test.py:100: AssertionError",
    "steps" : [ {
      "name" : "Check the content of descriptions in cards",
      "time" : {
        "start" : 1735523252354,
        "stop" : 1735523252779,
        "duration" : 425
      },
      "status" : "passed",
      "steps" : [ {
        "name" : "Get the list of descriptions in cards on the 4th level of nesting on the page",
        "time" : {
          "start" : 1735523252354,
          "stop" : 1735523252367,
          "duration" : 13
        },
        "status" : "passed",
        "steps" : [ ],
        "attachments" : [ ],
        "parameters" : [ ],
        "stepsCount" : 0,
        "attachmentsCount" : 0,
        "shouldDisplayMessage" : false,
        "hasContent" : false
      } ],
      "attachments" : [ ],
      "parameters" : [ ],
      "stepsCount" : 1,
      "attachmentsCount" : 0,
      "shouldDisplayMessage" : false,
      "hasContent" : true
    } ],
    "attachments" : [ {
      "uid" : "8364deb18fa8cefc",
      "name" : "Screenshot 2024-12-30 01:47:33.054361",
      "source" : "8364deb18fa8cefc.png",
      "type" : "image/png",
      "size" : 305398
    } ],
    "parameters" : [ ],
    "stepsCount" : 2,
    "attachmentsCount" : 1,
    "shouldDisplayMessage" : true,
    "hasContent" : true
  },
  "afterStages" : [ {
    "name" : "driver::0",
    "time" : {
      "start" : 1735523253056,
      "stop" : 1735523253123,
      "duration" : 67
    },
    "status" : "passed",
    "steps" : [ ],
    "attachments" : [ ],
    "parameters" : [ ],
    "stepsCount" : 0,
    "attachmentsCount" : 0,
    "shouldDisplayMessage" : false,
    "hasContent" : false
  } ],
  "labels" : [ {
    "name" : "epic",
    "value" : "The Contributors Page"
  }, {
    "name" : "parentSuite",
    "value" : "tests"
  }, {
    "name" : "suite",
    "value" : "contributors_page_test"
  }, {
    "name" : "subSuite",
    "value" : "TestContributorsPage"
  }, {
    "name" : "host",
    "value" : "fv-az1326-909"
  }, {
    "name" : "thread",
    "value" : "2406-MainThread"
  }, {
    "name" : "framework",
    "value" : "pytest"
  }, {
    "name" : "language",
    "value" : "cpython3"
  }, {
    "name" : "package",
    "value" : "tests.contributors_page_test"
  }, {
    "name" : "resultFormat",
    "value" : "allure2"
  } ],
  "parameters" : [ ],
  "links" : [ ],
  "hidden" : false,
  "retry" : false,
  "extra" : {
    "severity" : "normal",
    "retries" : [ ],
    "categories" : [ {
      "name" : "Product defects",
      "matchedStatuses" : [ ],
      "flaky" : false
    } ],
    "history" : {
      "statistic" : {
        "failed" : 38,
        "broken" : 4,
        "skipped" : 0,
        "passed" : 43,
        "unknown" : 0,
        "total" : 85
      },
      "items" : [ {
        "uid" : "61757fb24c77809",
        "reportUrl" : "https://lambotik.github.io/auto-tests-python/138//#testresult/61757fb24c77809",
        "status" : "failed",
        "statusDetails" : "AssertionError: Text in descriptions is absent or mismatches valid count\nassert 70 == 67\n +  where 67 = ContributorsPageData.description_count",
        "time" : {
          "start" : 1735437143249,
          "stop" : 1735437143628,
          "duration" : 379
        }
      }, {
        "uid" : "a0684da98580882a",
        "reportUrl" : "https://lambotik.github.io/auto-tests-python/137//#testresult/a0684da98580882a",
        "status" : "failed",
        "statusDetails" : "AssertionError: Text in descriptions is absent or mismatches valid count\nassert 70 == 67\n +  where 67 = ContributorsPageData.description_count",
        "time" : {
          "start" : 1735350125311,
          "stop" : 1735350125694,
          "duration" : 383
        }
      }, {
        "uid" : "fb861c45bfa058c9",
        "reportUrl" : "https://lambotik.github.io/auto-tests-python/136//#testresult/fb861c45bfa058c9",
        "status" : "failed",
        "statusDetails" : "AssertionError: Text in descriptions is absent or mismatches valid count\nassert 70 == 67\n +  where 67 = ContributorsPageData.description_count",
        "time" : {
          "start" : 1735263892623,
          "stop" : 1735263893051,
          "duration" : 428
        }
      }, {
        "uid" : "f637f72281b76d5e",
        "reportUrl" : "https://lambotik.github.io/auto-tests-python/81//#testresult/f637f72281b76d5e",
        "status" : "failed",
        "statusDetails" : "AssertionError: Text in descriptions is absent or mismatches valid count\nassert 68 == 67\n +  where 67 = ContributorsPageData.description_count",
        "time" : {
          "start" : 1730511765380,
          "stop" : 1730511765813,
          "duration" : 433
        }
      }, {
        "uid" : "96bfedb68674f305",
        "reportUrl" : "https://lambotik.github.io/auto-tests-python/80//#testresult/96bfedb68674f305",
        "status" : "failed",
        "statusDetails" : "AssertionError: Text in descriptions is absent or mismatches valid count\nassert 68 == 67\n +  where 67 = ContributorsPageData.description_count",
        "time" : {
          "start" : 1730425941306,
          "stop" : 1730425941733,
          "duration" : 427
        }
      }, {
        "uid" : "3050afed5d2fc019",
        "reportUrl" : "https://lambotik.github.io/auto-tests-python/79//#testresult/3050afed5d2fc019",
        "status" : "failed",
        "statusDetails" : "AssertionError: Text in descriptions is absent or mismatches valid count\nassert 68 == 67\n +  where 67 = ContributorsPageData.description_count",
        "time" : {
          "start" : 1730339201650,
          "stop" : 1730339202120,
          "duration" : 470
        }
      }, {
        "uid" : "8a9a653e9916e334",
        "reportUrl" : "https://lambotik.github.io/auto-tests-python/78//#testresult/8a9a653e9916e334",
        "status" : "failed",
        "statusDetails" : "AssertionError: Text in descriptions is absent or mismatches valid count\nassert 68 == 67\n +  where 67 = ContributorsPageData.description_count",
        "time" : {
          "start" : 1730252713110,
          "stop" : 1730252713542,
          "duration" : 432
        }
      }, {
        "uid" : "b6dc8a45fd6df915",
        "reportUrl" : "https://lambotik.github.io/auto-tests-python/77//#testresult/b6dc8a45fd6df915",
        "status" : "failed",
        "statusDetails" : "AssertionError: Text in descriptions is absent or mismatches valid count\nassert 68 == 67\n +  where 67 = ContributorsPageData.description_count",
        "time" : {
          "start" : 1730166386033,
          "stop" : 1730166386454,
          "duration" : 421
        }
      }, {
        "uid" : "9201187496a1279c",
        "reportUrl" : "https://lambotik.github.io/auto-tests-python/76//#testresult/9201187496a1279c",
        "status" : "failed",
        "statusDetails" : "AssertionError: Text in descriptions is absent or mismatches valid count\nassert 68 == 67\n +  where 67 = ContributorsPageData.description_count",
        "time" : {
          "start" : 1730080123500,
          "stop" : 1730080123936,
          "duration" : 436
        }
      }, {
        "uid" : "39aa7ff24bde54d",
        "reportUrl" : "https://lambotik.github.io/auto-tests-python/75//#testresult/39aa7ff24bde54d",
        "status" : "failed",
        "statusDetails" : "AssertionError: Text in descriptions is absent or mismatches valid count\nassert 68 == 67\n +  where 67 = ContributorsPageData.description_count",
        "time" : {
          "start" : 1729993886157,
          "stop" : 1729993886588,
          "duration" : 431
        }
      }, {
        "uid" : "e7f440fb68025fbb",
        "reportUrl" : "https://lambotik.github.io/auto-tests-python/74//#testresult/e7f440fb68025fbb",
        "status" : "failed",
        "statusDetails" : "AssertionError: Text in descriptions is absent or mismatches valid count\nassert 68 == 67\n +  where 67 = ContributorsPageData.description_count",
        "time" : {
          "start" : 1729906886703,
          "stop" : 1729906887127,
          "duration" : 424
        }
      }, {
        "uid" : "5d9c1b1b0db8abc",
        "reportUrl" : "https://lambotik.github.io/auto-tests-python/73//#testresult/5d9c1b1b0db8abc",
        "status" : "failed",
        "statusDetails" : "AssertionError: Text in descriptions is absent or mismatches valid count\nassert 68 == 67\n +  where 67 = ContributorsPageData.description_count",
        "time" : {
          "start" : 1729820696957,
          "stop" : 1729820697390,
          "duration" : 433
        }
      }, {
        "uid" : "ff387c7e86efa3e",
        "reportUrl" : "https://lambotik.github.io/auto-tests-python/72//#testresult/ff387c7e86efa3e",
        "status" : "failed",
        "statusDetails" : "AssertionError: Text in descriptions is absent or mismatches valid count\nassert 68 == 67\n +  where 67 = ContributorsPageData.description_count",
        "time" : {
          "start" : 1729734230387,
          "stop" : 1729734230812,
          "duration" : 425
        }
      }, {
        "uid" : "b7135dabcd43e15a",
        "reportUrl" : "https://lambotik.github.io/auto-tests-python/71//#testresult/b7135dabcd43e15a",
        "status" : "failed",
        "statusDetails" : "AssertionError: Text in descriptions is absent or mismatches valid count\nassert 68 == 67\n +  where 67 = ContributorsPageData.description_count",
        "time" : {
          "start" : 1729647850613,
          "stop" : 1729647851002,
          "duration" : 389
        }
      }, {
        "uid" : "7a853b8d0d223635",
        "reportUrl" : "https://lambotik.github.io/auto-tests-python/70//#testresult/7a853b8d0d223635",
        "status" : "failed",
        "statusDetails" : "AssertionError: Text in descriptions is absent or mismatches valid count\nassert 68 == 67\n +  where 67 = ContributorsPageData.description_count",
        "time" : {
          "start" : 1729561543139,
          "stop" : 1729561543573,
          "duration" : 434
        }
      }, {
        "uid" : "ba2329f2aa49b787",
        "reportUrl" : "https://lambotik.github.io/auto-tests-python/69//#testresult/ba2329f2aa49b787",
        "status" : "failed",
        "statusDetails" : "AssertionError: Text in descriptions is absent or mismatches valid count\nassert 68 == 67\n +  where 67 = ContributorsPageData.description_count",
        "time" : {
          "start" : 1729475225795,
          "stop" : 1729475226221,
          "duration" : 426
        }
      }, {
        "uid" : "44abc2c01eee7396",
        "reportUrl" : "https://lambotik.github.io/auto-tests-python/68//#testresult/44abc2c01eee7396",
        "status" : "failed",
        "statusDetails" : "AssertionError: Text in descriptions is absent or mismatches valid count\nassert 68 == 67\n +  where 67 = ContributorsPageData.description_count",
        "time" : {
          "start" : 1729389086318,
          "stop" : 1729389086755,
          "duration" : 437
        }
      }, {
        "uid" : "379103177fe045e2",
        "reportUrl" : "https://lambotik.github.io/auto-tests-python/67//#testresult/379103177fe045e2",
        "status" : "failed",
        "statusDetails" : "AssertionError: Text in descriptions is absent or mismatches valid count\nassert 68 == 67\n +  where 67 = ContributorsPageData.description_count",
        "time" : {
          "start" : 1729302160892,
          "stop" : 1729302161324,
          "duration" : 432
        }
      }, {
        "uid" : "a9b9ab53c084d36",
        "reportUrl" : "https://lambotik.github.io/auto-tests-python/66//#testresult/a9b9ab53c084d36",
        "status" : "failed",
        "statusDetails" : "AssertionError: Text in descriptions is absent or mismatches valid count\nassert 68 == 67\n +  where 67 = ContributorsPageData.description_count",
        "time" : {
          "start" : 1729215871751,
          "stop" : 1729215872171,
          "duration" : 420
        }
      }, {
        "uid" : "789251611799f15c",
        "reportUrl" : "https://lambotik.github.io/auto-tests-python/65//#testresult/789251611799f15c",
        "status" : "failed",
        "statusDetails" : "AssertionError: Text in descriptions is absent or mismatches valid count\nassert 68 == 67\n +  where 67 = ContributorsPageData.description_count",
        "time" : {
          "start" : 1729129460172,
          "stop" : 1729129460599,
          "duration" : 427
        }
      } ]
    },
    "tags" : [ ]
  },
  "source" : "e3867e23ee629d85.json",
  "parameterValues" : [ ]
}