{
  "uid" : "44abc2c01eee7396",
  "name" : "Verify values of the text in card descriptions",
  "fullName" : "tests.contributors_page_test.TestContributorsPageText#test_cnp_02_04_verify_text_of_card_descriptions",
  "historyId" : "5d4e7ac22a6f34d3c7b45f7b2c907a8b",
  "time" : {
    "start" : 1729389086318,
    "stop" : 1729389086755,
    "duration" : 437
  },
  "status" : "failed",
  "statusMessage" : "AssertionError: Text in descriptions is absent or mismatches valid count\nassert 68 == 67\n +  where 67 = ContributorsPageData.description_count",
  "statusTrace" : "self = <tests.contributors_page_test.TestContributorsPage.TestContributorsPageText object at 0x7fad5fc07b30>\ndriver = <selenium.webdriver.chrome.webdriver.WebDriver (session=\"96cfed3d8196680caa8f7f8bb6a8a936\")>\ncontributors_page_open = None\n\n    @allure.title(\"Verify values of the text in card descriptions\")\n    def test_cnp_02_04_verify_text_of_card_descriptions(self, driver, contributors_page_open):\n        page = ContributorsPage(driver)\n        description_values = page.check_values_of_card_descriptions()\n>       assert description_values == ContributorsPageData.description_count, \\\n            \"Text in descriptions is absent or mismatches valid count\"\nE       AssertionError: Text in descriptions is absent or mismatches valid count\nE       assert 68 == 67\nE        +  where 67 = ContributorsPageData.description_count\n\ntests/contributors_page_test.py:100: AssertionError",
  "flaky" : false,
  "newFailed" : false,
  "beforeStages" : [ {
    "name" : "contributors_page_open",
    "time" : {
      "start" : 1729389083561,
      "stop" : 1729389086317,
      "duration" : 2756
    },
    "status" : "passed",
    "steps" : [ {
      "name" : "Open page: https://brainup.site/contributors",
      "time" : {
        "start" : 1729389083561,
        "stop" : 1729389086317,
        "duration" : 2756
      },
      "status" : "passed",
      "steps" : [ ],
      "attachments" : [ ],
      "parameters" : [ {
        "name" : "driver",
        "value" : "<selenium.webdriver.chrome.webdriver.WebDriver (session=\"96cfed3d8196680caa8f7f8bb6a8a936\")>"
      } ],
      "stepsCount" : 0,
      "attachmentsCount" : 0,
      "shouldDisplayMessage" : false,
      "hasContent" : true
    } ],
    "attachments" : [ ],
    "parameters" : [ ],
    "stepsCount" : 1,
    "attachmentsCount" : 0,
    "shouldDisplayMessage" : false,
    "hasContent" : true
  }, {
    "name" : "clear_allure_results_folder",
    "time" : {
      "start" : 1729388985087,
      "stop" : 1729388985087,
      "duration" : 0
    },
    "status" : "passed",
    "steps" : [ ],
    "attachments" : [ ],
    "parameters" : [ ],
    "stepsCount" : 0,
    "attachmentsCount" : 0,
    "shouldDisplayMessage" : false,
    "hasContent" : false
  }, {
    "name" : "driver",
    "time" : {
      "start" : 1729389082783,
      "stop" : 1729389083561,
      "duration" : 778
    },
    "status" : "passed",
    "steps" : [ ],
    "attachments" : [ ],
    "parameters" : [ ],
    "stepsCount" : 0,
    "attachmentsCount" : 0,
    "shouldDisplayMessage" : false,
    "hasContent" : false
  } ],
  "testStage" : {
    "status" : "failed",
    "statusMessage" : "AssertionError: Text in descriptions is absent or mismatches valid count\nassert 68 == 67\n +  where 67 = ContributorsPageData.description_count",
    "statusTrace" : "self = <tests.contributors_page_test.TestContributorsPage.TestContributorsPageText object at 0x7fad5fc07b30>\ndriver = <selenium.webdriver.chrome.webdriver.WebDriver (session=\"96cfed3d8196680caa8f7f8bb6a8a936\")>\ncontributors_page_open = None\n\n    @allure.title(\"Verify values of the text in card descriptions\")\n    def test_cnp_02_04_verify_text_of_card_descriptions(self, driver, contributors_page_open):\n        page = ContributorsPage(driver)\n        description_values = page.check_values_of_card_descriptions()\n>       assert description_values == ContributorsPageData.description_count, \\\n            \"Text in descriptions is absent or mismatches valid count\"\nE       AssertionError: Text in descriptions is absent or mismatches valid count\nE       assert 68 == 67\nE        +  where 67 = ContributorsPageData.description_count\n\ntests/contributors_page_test.py:100: AssertionError",
    "steps" : [ {
      "name" : "Check the content of descriptions in cards",
      "time" : {
        "start" : 1729389086318,
        "stop" : 1729389086755,
        "duration" : 437
      },
      "status" : "passed",
      "steps" : [ {
        "name" : "Get the list of descriptions in cards on the 4th level of nesting on the page",
        "time" : {
          "start" : 1729389086318,
          "stop" : 1729389086330,
          "duration" : 12
        },
        "status" : "passed",
        "steps" : [ ],
        "attachments" : [ ],
        "parameters" : [ ],
        "stepsCount" : 0,
        "attachmentsCount" : 0,
        "shouldDisplayMessage" : false,
        "hasContent" : false
      } ],
      "attachments" : [ ],
      "parameters" : [ ],
      "stepsCount" : 1,
      "attachmentsCount" : 0,
      "shouldDisplayMessage" : false,
      "hasContent" : true
    } ],
    "attachments" : [ {
      "uid" : "1f21e21261ac5204",
      "name" : "Screenshot 2024-10-20 01:51:26.961083",
      "source" : "1f21e21261ac5204.png",
      "type" : "image/png",
      "size" : 309064
    } ],
    "parameters" : [ ],
    "stepsCount" : 2,
    "attachmentsCount" : 1,
    "shouldDisplayMessage" : true,
    "hasContent" : true
  },
  "afterStages" : [ {
    "name" : "driver::0",
    "time" : {
      "start" : 1729389086962,
      "stop" : 1729389087028,
      "duration" : 66
    },
    "status" : "passed",
    "steps" : [ ],
    "attachments" : [ ],
    "parameters" : [ ],
    "stepsCount" : 0,
    "attachmentsCount" : 0,
    "shouldDisplayMessage" : false,
    "hasContent" : false
  } ],
  "labels" : [ {
    "name" : "epic",
    "value" : "The Contributors Page"
  }, {
    "name" : "parentSuite",
    "value" : "tests"
  }, {
    "name" : "suite",
    "value" : "contributors_page_test"
  }, {
    "name" : "subSuite",
    "value" : "TestContributorsPage"
  }, {
    "name" : "host",
    "value" : "fv-az885-777"
  }, {
    "name" : "thread",
    "value" : "2269-MainThread"
  }, {
    "name" : "framework",
    "value" : "pytest"
  }, {
    "name" : "language",
    "value" : "cpython3"
  }, {
    "name" : "package",
    "value" : "tests.contributors_page_test"
  }, {
    "name" : "resultFormat",
    "value" : "allure2"
  } ],
  "parameters" : [ ],
  "links" : [ ],
  "hidden" : false,
  "retry" : false,
  "extra" : {
    "severity" : "normal",
    "retries" : [ ],
    "categories" : [ {
      "name" : "Product defects",
      "matchedStatuses" : [ ],
      "flaky" : false
    } ],
    "history" : {
      "statistic" : {
        "failed" : 21,
        "broken" : 4,
        "skipped" : 0,
        "passed" : 43,
        "unknown" : 0,
        "total" : 68
      },
      "items" : [ {
        "uid" : "379103177fe045e2",
        "reportUrl" : "https://lambotik.github.io/auto-tests-python/67//#testresult/379103177fe045e2",
        "status" : "failed",
        "statusDetails" : "AssertionError: Text in descriptions is absent or mismatches valid count\nassert 68 == 67\n +  where 67 = ContributorsPageData.description_count",
        "time" : {
          "start" : 1729302160892,
          "stop" : 1729302161324,
          "duration" : 432
        }
      }, {
        "uid" : "a9b9ab53c084d36",
        "reportUrl" : "https://lambotik.github.io/auto-tests-python/66//#testresult/a9b9ab53c084d36",
        "status" : "failed",
        "statusDetails" : "AssertionError: Text in descriptions is absent or mismatches valid count\nassert 68 == 67\n +  where 67 = ContributorsPageData.description_count",
        "time" : {
          "start" : 1729215871751,
          "stop" : 1729215872171,
          "duration" : 420
        }
      }, {
        "uid" : "789251611799f15c",
        "reportUrl" : "https://lambotik.github.io/auto-tests-python/65//#testresult/789251611799f15c",
        "status" : "failed",
        "statusDetails" : "AssertionError: Text in descriptions is absent or mismatches valid count\nassert 68 == 67\n +  where 67 = ContributorsPageData.description_count",
        "time" : {
          "start" : 1729129460172,
          "stop" : 1729129460599,
          "duration" : 427
        }
      }, {
        "uid" : "5991d86109be19d6",
        "reportUrl" : "https://lambotik.github.io/auto-tests-python/64//#testresult/5991d86109be19d6",
        "status" : "failed",
        "statusDetails" : "AssertionError: Text in descriptions is absent or mismatches valid count\nassert 68 == 67\n +  where 67 = ContributorsPageData.description_count",
        "time" : {
          "start" : 1729043111331,
          "stop" : 1729043111736,
          "duration" : 405
        }
      }, {
        "uid" : "dca2b68c19be8ef4",
        "reportUrl" : "https://lambotik.github.io/auto-tests-python/63//#testresult/dca2b68c19be8ef4",
        "status" : "failed",
        "statusDetails" : "AssertionError: Text in descriptions is absent or mismatches valid count\nassert 68 == 67\n +  where 67 = ContributorsPageData.description_count",
        "time" : {
          "start" : 1728956700896,
          "stop" : 1728956701325,
          "duration" : 429
        }
      }, {
        "uid" : "e8b57d719359b71a",
        "reportUrl" : "https://lambotik.github.io/auto-tests-python/62//#testresult/e8b57d719359b71a",
        "status" : "failed",
        "statusDetails" : "AssertionError: Text in descriptions is absent or mismatches valid count\nassert 68 == 67\n +  where 67 = ContributorsPageData.description_count",
        "time" : {
          "start" : 1728870394249,
          "stop" : 1728870394651,
          "duration" : 402
        }
      }, {
        "uid" : "b4bbb4930f55ddca",
        "reportUrl" : "https://lambotik.github.io/auto-tests-python/61//#testresult/b4bbb4930f55ddca",
        "status" : "broken",
        "statusDetails" : "selenium.common.exceptions.WebDriverException: Message: unknown error: net::ERR_CONNECTION_REFUSED\n  (Session info: chrome=129.0.6668.89)\nStacktrace:\n#0 0x55684e56f02a <unknown>\n#1 0x55684e2555e0 <unknown>\n#2 0x55684e24d7eb <unknown>\n#3 0x55684e23da09 <unknown>\n#4 0x55684e23f744 <unknown>\n#5 0x55684e23dcbd <unknown>\n#6 0x55684e23d52f <unknown>\n#7 0x55684e23d422 <unknown>\n#8 0x55684e23b493 <unknown>\n#9 0x55684e23bada <unknown>\n#10 0x55684e257f41 <unknown>\n#11 0x55684e2e98c5 <unknown>\n#12 0x55684e2c9b22 <unknown>\n#13 0x55684e2e8d7d <unknown>\n#14 0x55684e2c98c3 <unknown>\n#15 0x55684e2976b3 <unknown>\n#16 0x55684e29868e <unknown>\n#17 0x55684e539a2b <unknown>\n#18 0x55684e53d9b1 <unknown>\n#19 0x55684e526225 <unknown>\n#20 0x55684e53e532 <unknown>\n#21 0x55684e50b38f <unknown>\n#22 0x55684e55df28 <unknown>\n#23 0x55684e55e0f3 <unknown>\n#24 0x55684e56de7c <unknown>\n#25 0x7ff6a1e94ac3 <unknown>",
        "time" : {
          "start" : 1728784121886,
          "stop" : 1728784121886,
          "duration" : 0
        }
      }, {
        "uid" : "fb79c96d9d7a915f",
        "reportUrl" : "https://lambotik.github.io/auto-tests-python/60//#testresult/fb79c96d9d7a915f",
        "status" : "broken",
        "statusDetails" : "selenium.common.exceptions.WebDriverException: Message: unknown error: net::ERR_CONNECTION_REFUSED\n  (Session info: chrome=129.0.6668.89)\nStacktrace:\n#0 0x563b8d2e002a <unknown>\n#1 0x563b8cfc65e0 <unknown>\n#2 0x563b8cfbe7eb <unknown>\n#3 0x563b8cfaea09 <unknown>\n#4 0x563b8cfb0744 <unknown>\n#5 0x563b8cfaecbd <unknown>\n#6 0x563b8cfae52f <unknown>\n#7 0x563b8cfae422 <unknown>\n#8 0x563b8cfac493 <unknown>\n#9 0x563b8cfacada <unknown>\n#10 0x563b8cfc8f41 <unknown>\n#11 0x563b8d05a8c5 <unknown>\n#12 0x563b8d03ab22 <unknown>\n#13 0x563b8d059d7d <unknown>\n#14 0x563b8d03a8c3 <unknown>\n#15 0x563b8d0086b3 <unknown>\n#16 0x563b8d00968e <unknown>\n#17 0x563b8d2aaa2b <unknown>\n#18 0x563b8d2ae9b1 <unknown>\n#19 0x563b8d297225 <unknown>\n#20 0x563b8d2af532 <unknown>\n#21 0x563b8d27c38f <unknown>\n#22 0x563b8d2cef28 <unknown>\n#23 0x563b8d2cf0f3 <unknown>\n#24 0x563b8d2dee7c <unknown>\n#25 0x7f9bd2294ac3 <unknown>",
        "time" : {
          "start" : 1728697235861,
          "stop" : 1728697235861,
          "duration" : 0
        }
      }, {
        "uid" : "bace7214d7370589",
        "reportUrl" : "https://lambotik.github.io/auto-tests-python/59//#testresult/bace7214d7370589",
        "status" : "broken",
        "statusDetails" : "selenium.common.exceptions.WebDriverException: Message: unknown error: net::ERR_CONNECTION_REFUSED\n  (Session info: chrome=129.0.6668.89)\nStacktrace:\n#0 0x55d58b0b302a <unknown>\n#1 0x55d58ad995e0 <unknown>\n#2 0x55d58ad917eb <unknown>\n#3 0x55d58ad81a09 <unknown>\n#4 0x55d58ad83744 <unknown>\n#5 0x55d58ad81cbd <unknown>\n#6 0x55d58ad8152f <unknown>\n#7 0x55d58ad81422 <unknown>\n#8 0x55d58ad7f493 <unknown>\n#9 0x55d58ad7fada <unknown>\n#10 0x55d58ad9bf41 <unknown>\n#11 0x55d58ae2d8c5 <unknown>\n#12 0x55d58ae0db22 <unknown>\n#13 0x55d58ae2cd7d <unknown>\n#14 0x55d58ae0d8c3 <unknown>\n#15 0x55d58addb6b3 <unknown>\n#16 0x55d58addc68e <unknown>\n#17 0x55d58b07da2b <unknown>\n#18 0x55d58b0819b1 <unknown>\n#19 0x55d58b06a225 <unknown>\n#20 0x55d58b082532 <unknown>\n#21 0x55d58b04f38f <unknown>\n#22 0x55d58b0a1f28 <unknown>\n#23 0x55d58b0a20f3 <unknown>\n#24 0x55d58b0b1e7c <unknown>\n#25 0x7f1d36694ac3 <unknown>",
        "time" : {
          "start" : 1728610927200,
          "stop" : 1728610927200,
          "duration" : 0
        }
      }, {
        "uid" : "e7a4c595fe0aeda8",
        "reportUrl" : "https://lambotik.github.io/auto-tests-python/58//#testresult/e7a4c595fe0aeda8",
        "status" : "failed",
        "statusDetails" : "AssertionError: Text in descriptions is absent or mismatches valid count\nassert 68 == 67\n +  where 67 = ContributorsPageData.description_count",
        "time" : {
          "start" : 1728524619763,
          "stop" : 1728524620189,
          "duration" : 426
        }
      }, {
        "uid" : "d5144fffd2855a04",
        "reportUrl" : "https://lambotik.github.io/auto-tests-python/57//#testresult/d5144fffd2855a04",
        "status" : "failed",
        "statusDetails" : "AssertionError: Text in descriptions is absent or mismatches valid count\nassert 68 == 67\n +  where 67 = ContributorsPageData.description_count",
        "time" : {
          "start" : 1728438191391,
          "stop" : 1728438191829,
          "duration" : 438
        }
      }, {
        "uid" : "c0bd3b60a9686c57",
        "reportUrl" : "https://lambotik.github.io/auto-tests-python/56//#testresult/c0bd3b60a9686c57",
        "status" : "failed",
        "statusDetails" : "AssertionError: Text in descriptions is absent or mismatches valid count\nassert 68 == 67\n +  where 67 = ContributorsPageData.description_count",
        "time" : {
          "start" : 1728351852484,
          "stop" : 1728351852983,
          "duration" : 499
        }
      }, {
        "uid" : "ff966c27e4cc3591",
        "reportUrl" : "https://lambotik.github.io/auto-tests-python/55//#testresult/ff966c27e4cc3591",
        "status" : "broken",
        "statusDetails" : "selenium.common.exceptions.TimeoutException: Message: Can't find elements by locator ('css selector', '.leading-5')",
        "time" : {
          "start" : 1728265723825,
          "stop" : 1728265744064,
          "duration" : 20239
        }
      }, {
        "uid" : "21e3dc7c1542e280",
        "reportUrl" : "https://lambotik.github.io/auto-tests-python/54//#testresult/21e3dc7c1542e280",
        "status" : "failed",
        "statusDetails" : "AssertionError: Text in descriptions is absent or mismatches valid count\nassert 68 == 67\n +  where 67 = ContributorsPageData.description_count",
        "time" : {
          "start" : 1728179409164,
          "stop" : 1728179409556,
          "duration" : 392
        }
      }, {
        "uid" : "17203f326bb745bc",
        "reportUrl" : "https://lambotik.github.io/auto-tests-python/53//#testresult/17203f326bb745bc",
        "status" : "failed",
        "statusDetails" : "AssertionError: Text in descriptions is absent or mismatches valid count\nassert 68 == 67\n +  where 67 = ContributorsPageData.description_count",
        "time" : {
          "start" : 1728092580953,
          "stop" : 1728092581379,
          "duration" : 426
        }
      }, {
        "uid" : "b6d999cc1a711c3d",
        "reportUrl" : "https://lambotik.github.io/auto-tests-python/52//#testresult/b6d999cc1a711c3d",
        "status" : "failed",
        "statusDetails" : "AssertionError: Text in descriptions is absent or mismatches valid count\nassert 68 == 67\n +  where 67 = ContributorsPageData.description_count",
        "time" : {
          "start" : 1728006286136,
          "stop" : 1728006286617,
          "duration" : 481
        }
      }, {
        "uid" : "1a015099890d7046",
        "reportUrl" : "https://lambotik.github.io/auto-tests-python/51//#testresult/1a015099890d7046",
        "status" : "failed",
        "statusDetails" : "AssertionError: Text in descriptions is absent or mismatches valid count\nassert 68 == 67\n +  where 67 = ContributorsPageData.description_count",
        "time" : {
          "start" : 1727919874781,
          "stop" : 1727919875252,
          "duration" : 471
        }
      }, {
        "uid" : "66bd36f5aced5058",
        "reportUrl" : "https://lambotik.github.io/auto-tests-python/50//#testresult/66bd36f5aced5058",
        "status" : "failed",
        "statusDetails" : "AssertionError: Text in descriptions is absent or mismatches valid count\nassert 68 == 67\n +  where 67 = ContributorsPageData.description_count",
        "time" : {
          "start" : 1727833416518,
          "stop" : 1727833416918,
          "duration" : 400
        }
      }, {
        "uid" : "fc470e568dd3497d",
        "reportUrl" : "https://lambotik.github.io/auto-tests-python/49//#testresult/fc470e568dd3497d",
        "status" : "failed",
        "statusDetails" : "AssertionError: Text in descriptions is absent or mismatches valid count\nassert 68 == 67\n +  where 67 = ContributorsPageData.description_count",
        "time" : {
          "start" : 1727747552970,
          "stop" : 1727747553418,
          "duration" : 448
        }
      }, {
        "uid" : "d034841d81739fce",
        "reportUrl" : "https://lambotik.github.io/auto-tests-python/48//#testresult/d034841d81739fce",
        "status" : "failed",
        "statusDetails" : "AssertionError: Text in descriptions is absent or mismatches valid count\nassert 68 == 67\n +  where 67 = ContributorsPageData.description_count",
        "time" : {
          "start" : 1727660834388,
          "stop" : 1727660834788,
          "duration" : 400
        }
      } ]
    },
    "tags" : [ ]
  },
  "source" : "44abc2c01eee7396.json",
  "parameterValues" : [ ]
}