{
  "uid" : "d4b1038f0cb48aa2",
  "name" : "Verify redirection to specialists page not authorized user.",
  "fullName" : "tests.main_page_test.TestMainPage#test_mp_05_verify_redirection_to_specialists_page",
  "historyId" : "3c31b28278473c09e9802cf34a761fb2",
  "time" : {
    "start" : 1741744946797,
    "stop" : 1741744987225,
    "duration" : 40428
  },
  "status" : "broken",
  "statusMessage" : "selenium.common.exceptions.TimeoutException: Message: Can't find element by locator https://brainup.site/specialists",
  "statusTrace" : "self = <pages.main_page.MainPage object at 0x7f289eb30770>\nurl = 'https://brainup.site/specialists'\n\n    def check_expected_link(self, url):\n        with allure.step(f'Check url is present: {url}'):\n            try:\n>               return Wait(self.driver, self.timeout).until(\n                    ec.url_to_be(url), message=f\"Can't find element by locator {url}\")\n\npages/base_page.py:68: \n_ _ _ _ _ _ _ _ _ _ _ _ _ _ _ _ _ _ _ _ _ _ _ _ _ _ _ _ _ _ _ _ _ _ _ _ _ _ _ _ \n\nself = <selenium.webdriver.support.wait.WebDriverWait (session=\"346706beb14cd84c4cbe7d1bd1e54888\")>\nmethod = <function url_to_be.<locals>._predicate at 0x7f289eaff380>\nmessage = \"Can't find element by locator https://brainup.site/specialists\"\n\n    def until(self, method, message: str = \"\"):\n        \"\"\"Calls the method provided with the driver as an argument until the \\\n        return value does not evaluate to ``False``.\n    \n        :param method: callable(WebDriver)\n        :param message: optional message for :exc:`TimeoutException`\n        :returns: the result of the last call to `method`\n        :raises: :exc:`selenium.common.exceptions.TimeoutException` if timeout occurs\n        \"\"\"\n        screen = None\n        stacktrace = None\n    \n        end_time = time.monotonic() + self._timeout\n        while True:\n            try:\n                value = method(self._driver)\n                if value:\n                    return value\n            except self._ignored_exceptions as exc:\n                screen = getattr(exc, \"screen\", None)\n                stacktrace = getattr(exc, \"stacktrace\", None)\n            time.sleep(self._poll)\n            if time.monotonic() > end_time:\n                break\n>       raise TimeoutException(message, screen, stacktrace)\nE       selenium.common.exceptions.TimeoutException: Message: Can't find element by locator https://brainup.site/specialists\n\n/opt/hostedtoolcache/Python/3.12.9/x64/lib/python3.12/site-packages/selenium/webdriver/support/wait.py:95: TimeoutException\n\nDuring handling of the above exception, another exception occurred:\n\nself = <tests.main_page_test.TestMainPage object at 0x7f289eca46e0>\ndriver = <selenium.webdriver.chrome.webdriver.WebDriver (session=\"346706beb14cd84c4cbe7d1bd1e54888\")>\nmain_page_open = None\n\n    @allure.title(\"Verify redirection to specialists page not authorized user.\")\n    def test_mp_05_verify_redirection_to_specialists_page(self, driver, main_page_open):\n        page = MainPage(driver)\n>       specialists_page_url = page.open_specialists_page()\n\ntests/main_page_test.py:37: \n_ _ _ _ _ _ _ _ _ _ _ _ _ _ _ _ _ _ _ _ _ _ _ _ _ _ _ _ _ _ _ _ _ _ _ _ _ _ _ _ \npages/main_page.py:46: in open_specialists_page\n    self.check_expected_link(MainPageLinks.URL_SPECIALISTS_PAGE)\npages/base_page.py:72: in check_expected_link\n    return Wait(self.driver, self.timeout).until(\n_ _ _ _ _ _ _ _ _ _ _ _ _ _ _ _ _ _ _ _ _ _ _ _ _ _ _ _ _ _ _ _ _ _ _ _ _ _ _ _ \n\nself = <selenium.webdriver.support.wait.WebDriverWait (session=\"346706beb14cd84c4cbe7d1bd1e54888\")>\nmethod = <function url_to_be.<locals>._predicate at 0x7f289eafdb20>\nmessage = \"Can't find element by locator https://brainup.site/specialists\"\n\n    def until(self, method, message: str = \"\"):\n        \"\"\"Calls the method provided with the driver as an argument until the \\\n        return value does not evaluate to ``False``.\n    \n        :param method: callable(WebDriver)\n        :param message: optional message for :exc:`TimeoutException`\n        :returns: the result of the last call to `method`\n        :raises: :exc:`selenium.common.exceptions.TimeoutException` if timeout occurs\n        \"\"\"\n        screen = None\n        stacktrace = None\n    \n        end_time = time.monotonic() + self._timeout\n        while True:\n            try:\n                value = method(self._driver)\n                if value:\n                    return value\n            except self._ignored_exceptions as exc:\n                screen = getattr(exc, \"screen\", None)\n                stacktrace = getattr(exc, \"stacktrace\", None)\n            time.sleep(self._poll)\n            if time.monotonic() > end_time:\n                break\n>       raise TimeoutException(message, screen, stacktrace)\nE       selenium.common.exceptions.TimeoutException: Message: Can't find element by locator https://brainup.site/specialists\n\n/opt/hostedtoolcache/Python/3.12.9/x64/lib/python3.12/site-packages/selenium/webdriver/support/wait.py:95: TimeoutException",
  "flaky" : false,
  "newFailed" : false,
  "beforeStages" : [ {
    "name" : "driver",
    "time" : {
      "start" : 1741744941529,
      "stop" : 1741744942346,
      "duration" : 817
    },
    "status" : "passed",
    "steps" : [ ],
    "attachments" : [ ],
    "parameters" : [ ],
    "stepsCount" : 0,
    "attachmentsCount" : 0,
    "shouldDisplayMessage" : false,
    "hasContent" : false
  }, {
    "name" : "main_page_open",
    "time" : {
      "start" : 1741744942347,
      "stop" : 1741744946796,
      "duration" : 4449
    },
    "status" : "passed",
    "steps" : [ {
      "name" : "Open page: https://brainup.site/",
      "time" : {
        "start" : 1741744942347,
        "stop" : 1741744946796,
        "duration" : 4449
      },
      "status" : "passed",
      "steps" : [ ],
      "attachments" : [ ],
      "parameters" : [ {
        "name" : "driver",
        "value" : "<selenium.webdriver.chrome.webdriver.WebDriver (session=\"346706beb14cd84c4cbe7d1bd1e54888\")>"
      } ],
      "stepsCount" : 0,
      "attachmentsCount" : 0,
      "shouldDisplayMessage" : false,
      "hasContent" : true
    } ],
    "attachments" : [ ],
    "parameters" : [ ],
    "stepsCount" : 1,
    "attachmentsCount" : 0,
    "shouldDisplayMessage" : false,
    "hasContent" : true
  }, {
    "name" : "clear_allure_results_folder",
    "time" : {
      "start" : 1741744016485,
      "stop" : 1741744016485,
      "duration" : 0
    },
    "status" : "passed",
    "steps" : [ ],
    "attachments" : [ ],
    "parameters" : [ ],
    "stepsCount" : 0,
    "attachmentsCount" : 0,
    "shouldDisplayMessage" : false,
    "hasContent" : false
  } ],
  "testStage" : {
    "status" : "broken",
    "statusMessage" : "selenium.common.exceptions.TimeoutException: Message: Can't find element by locator https://brainup.site/specialists",
    "statusTrace" : "self = <pages.main_page.MainPage object at 0x7f289eb30770>\nurl = 'https://brainup.site/specialists'\n\n    def check_expected_link(self, url):\n        with allure.step(f'Check url is present: {url}'):\n            try:\n>               return Wait(self.driver, self.timeout).until(\n                    ec.url_to_be(url), message=f\"Can't find element by locator {url}\")\n\npages/base_page.py:68: \n_ _ _ _ _ _ _ _ _ _ _ _ _ _ _ _ _ _ _ _ _ _ _ _ _ _ _ _ _ _ _ _ _ _ _ _ _ _ _ _ \n\nself = <selenium.webdriver.support.wait.WebDriverWait (session=\"346706beb14cd84c4cbe7d1bd1e54888\")>\nmethod = <function url_to_be.<locals>._predicate at 0x7f289eaff380>\nmessage = \"Can't find element by locator https://brainup.site/specialists\"\n\n    def until(self, method, message: str = \"\"):\n        \"\"\"Calls the method provided with the driver as an argument until the \\\n        return value does not evaluate to ``False``.\n    \n        :param method: callable(WebDriver)\n        :param message: optional message for :exc:`TimeoutException`\n        :returns: the result of the last call to `method`\n        :raises: :exc:`selenium.common.exceptions.TimeoutException` if timeout occurs\n        \"\"\"\n        screen = None\n        stacktrace = None\n    \n        end_time = time.monotonic() + self._timeout\n        while True:\n            try:\n                value = method(self._driver)\n                if value:\n                    return value\n            except self._ignored_exceptions as exc:\n                screen = getattr(exc, \"screen\", None)\n                stacktrace = getattr(exc, \"stacktrace\", None)\n            time.sleep(self._poll)\n            if time.monotonic() > end_time:\n                break\n>       raise TimeoutException(message, screen, stacktrace)\nE       selenium.common.exceptions.TimeoutException: Message: Can't find element by locator https://brainup.site/specialists\n\n/opt/hostedtoolcache/Python/3.12.9/x64/lib/python3.12/site-packages/selenium/webdriver/support/wait.py:95: TimeoutException\n\nDuring handling of the above exception, another exception occurred:\n\nself = <tests.main_page_test.TestMainPage object at 0x7f289eca46e0>\ndriver = <selenium.webdriver.chrome.webdriver.WebDriver (session=\"346706beb14cd84c4cbe7d1bd1e54888\")>\nmain_page_open = None\n\n    @allure.title(\"Verify redirection to specialists page not authorized user.\")\n    def test_mp_05_verify_redirection_to_specialists_page(self, driver, main_page_open):\n        page = MainPage(driver)\n>       specialists_page_url = page.open_specialists_page()\n\ntests/main_page_test.py:37: \n_ _ _ _ _ _ _ _ _ _ _ _ _ _ _ _ _ _ _ _ _ _ _ _ _ _ _ _ _ _ _ _ _ _ _ _ _ _ _ _ \npages/main_page.py:46: in open_specialists_page\n    self.check_expected_link(MainPageLinks.URL_SPECIALISTS_PAGE)\npages/base_page.py:72: in check_expected_link\n    return Wait(self.driver, self.timeout).until(\n_ _ _ _ _ _ _ _ _ _ _ _ _ _ _ _ _ _ _ _ _ _ _ _ _ _ _ _ _ _ _ _ _ _ _ _ _ _ _ _ \n\nself = <selenium.webdriver.support.wait.WebDriverWait (session=\"346706beb14cd84c4cbe7d1bd1e54888\")>\nmethod = <function url_to_be.<locals>._predicate at 0x7f289eafdb20>\nmessage = \"Can't find element by locator https://brainup.site/specialists\"\n\n    def until(self, method, message: str = \"\"):\n        \"\"\"Calls the method provided with the driver as an argument until the \\\n        return value does not evaluate to ``False``.\n    \n        :param method: callable(WebDriver)\n        :param message: optional message for :exc:`TimeoutException`\n        :returns: the result of the last call to `method`\n        :raises: :exc:`selenium.common.exceptions.TimeoutException` if timeout occurs\n        \"\"\"\n        screen = None\n        stacktrace = None\n    \n        end_time = time.monotonic() + self._timeout\n        while True:\n            try:\n                value = method(self._driver)\n                if value:\n                    return value\n            except self._ignored_exceptions as exc:\n                screen = getattr(exc, \"screen\", None)\n                stacktrace = getattr(exc, \"stacktrace\", None)\n            time.sleep(self._poll)\n            if time.monotonic() > end_time:\n                break\n>       raise TimeoutException(message, screen, stacktrace)\nE       selenium.common.exceptions.TimeoutException: Message: Can't find element by locator https://brainup.site/specialists\n\n/opt/hostedtoolcache/Python/3.12.9/x64/lib/python3.12/site-packages/selenium/webdriver/support/wait.py:95: TimeoutException",
    "steps" : [ {
      "name" : "Open specialists page",
      "time" : {
        "start" : 1741744946797,
        "stop" : 1741744987225,
        "duration" : 40428
      },
      "status" : "broken",
      "statusMessage" : "selenium.common.exceptions.TimeoutException: Message: Can't find element by locator https://brainup.site/specialists\n\n",
      "statusTrace" : "  File \"/opt/hostedtoolcache/Python/3.12.9/x64/lib/python3.12/site-packages/allure_commons/_allure.py\", line 192, in impl\n    return func(*a, **kw)\n           ^^^^^^^^^^^^^^\n  File \"/home/runner/work/auto-tests-python/auto-tests-python/pages/main_page.py\", line 46, in open_specialists_page\n    self.check_expected_link(MainPageLinks.URL_SPECIALISTS_PAGE)\n  File \"/home/runner/work/auto-tests-python/auto-tests-python/pages/base_page.py\", line 72, in check_expected_link\n    return Wait(self.driver, self.timeout).until(\n           ^^^^^^^^^^^^^^^^^^^^^^^^^^^^^^^^^^^^^^\n  File \"/opt/hostedtoolcache/Python/3.12.9/x64/lib/python3.12/site-packages/selenium/webdriver/support/wait.py\", line 95, in until\n    raise TimeoutException(message, screen, stacktrace)\n",
      "steps" : [ {
        "name" : "Click button \"MORE\".",
        "time" : {
          "start" : 1741744946797,
          "stop" : 1741744946880,
          "duration" : 83
        },
        "status" : "passed",
        "steps" : [ ],
        "attachments" : [ ],
        "parameters" : [ ],
        "stepsCount" : 0,
        "attachmentsCount" : 0,
        "shouldDisplayMessage" : false,
        "hasContent" : false
      }, {
        "name" : "Click button \"SPECIALISTS\".",
        "time" : {
          "start" : 1741744946880,
          "stop" : 1741744946959,
          "duration" : 79
        },
        "status" : "passed",
        "steps" : [ ],
        "attachments" : [ ],
        "parameters" : [ ],
        "stepsCount" : 0,
        "attachmentsCount" : 0,
        "shouldDisplayMessage" : false,
        "hasContent" : false
      }, {
        "name" : "Check page URL.",
        "time" : {
          "start" : 1741744946959,
          "stop" : 1741744987225,
          "duration" : 40266
        },
        "status" : "broken",
        "statusMessage" : "selenium.common.exceptions.TimeoutException: Message: Can't find element by locator https://brainup.site/specialists\n\n",
        "statusTrace" : "  File \"/home/runner/work/auto-tests-python/auto-tests-python/pages/main_page.py\", line 46, in open_specialists_page\n    self.check_expected_link(MainPageLinks.URL_SPECIALISTS_PAGE)\n  File \"/home/runner/work/auto-tests-python/auto-tests-python/pages/base_page.py\", line 72, in check_expected_link\n    return Wait(self.driver, self.timeout).until(\n           ^^^^^^^^^^^^^^^^^^^^^^^^^^^^^^^^^^^^^^\n  File \"/opt/hostedtoolcache/Python/3.12.9/x64/lib/python3.12/site-packages/selenium/webdriver/support/wait.py\", line 95, in until\n    raise TimeoutException(message, screen, stacktrace)\n",
        "steps" : [ {
          "name" : "Check url is present: https://brainup.site/specialists",
          "time" : {
            "start" : 1741744946959,
            "stop" : 1741744987224,
            "duration" : 40265
          },
          "status" : "broken",
          "statusMessage" : "selenium.common.exceptions.TimeoutException: Message: Can't find element by locator https://brainup.site/specialists\n\n",
          "statusTrace" : "  File \"/home/runner/work/auto-tests-python/auto-tests-python/pages/base_page.py\", line 72, in check_expected_link\n    return Wait(self.driver, self.timeout).until(\n           ^^^^^^^^^^^^^^^^^^^^^^^^^^^^^^^^^^^^^^\n  File \"/opt/hostedtoolcache/Python/3.12.9/x64/lib/python3.12/site-packages/selenium/webdriver/support/wait.py\", line 95, in until\n    raise TimeoutException(message, screen, stacktrace)\n",
          "steps" : [ ],
          "attachments" : [ ],
          "parameters" : [ ],
          "stepsCount" : 0,
          "attachmentsCount" : 0,
          "shouldDisplayMessage" : true,
          "hasContent" : true
        } ],
        "attachments" : [ ],
        "parameters" : [ ],
        "stepsCount" : 1,
        "attachmentsCount" : 0,
        "shouldDisplayMessage" : false,
        "hasContent" : true
      } ],
      "attachments" : [ ],
      "parameters" : [ ],
      "stepsCount" : 4,
      "attachmentsCount" : 0,
      "shouldDisplayMessage" : false,
      "hasContent" : true
    } ],
    "attachments" : [ {
      "uid" : "1b76e997856822dd",
      "name" : "Screenshot 2025-03-12 02:03:07.336934",
      "source" : "1b76e997856822dd.png",
      "type" : "image/png",
      "size" : 189451
    } ],
    "parameters" : [ ],
    "stepsCount" : 5,
    "attachmentsCount" : 1,
    "shouldDisplayMessage" : true,
    "hasContent" : true
  },
  "afterStages" : [ {
    "name" : "driver::0",
    "time" : {
      "start" : 1741744987338,
      "stop" : 1741744987404,
      "duration" : 66
    },
    "status" : "passed",
    "steps" : [ ],
    "attachments" : [ ],
    "parameters" : [ ],
    "stepsCount" : 0,
    "attachmentsCount" : 0,
    "shouldDisplayMessage" : false,
    "hasContent" : false
  } ],
  "labels" : [ {
    "name" : "epic",
    "value" : "Main Page."
  }, {
    "name" : "parentSuite",
    "value" : "tests"
  }, {
    "name" : "suite",
    "value" : "main_page_test"
  }, {
    "name" : "subSuite",
    "value" : "TestMainPage"
  }, {
    "name" : "host",
    "value" : "fv-az1335-420"
  }, {
    "name" : "thread",
    "value" : "2405-MainThread"
  }, {
    "name" : "framework",
    "value" : "pytest"
  }, {
    "name" : "language",
    "value" : "cpython3"
  }, {
    "name" : "package",
    "value" : "tests.main_page_test"
  }, {
    "name" : "resultFormat",
    "value" : "allure2"
  } ],
  "parameters" : [ ],
  "links" : [ ],
  "hidden" : false,
  "retry" : false,
  "extra" : {
    "severity" : "normal",
    "retries" : [ ],
    "categories" : [ {
      "name" : "Test defects",
      "matchedStatuses" : [ ],
      "flaky" : false
    } ],
    "history" : {
      "statistic" : {
        "failed" : 0,
        "broken" : 79,
        "skipped" : 0,
        "passed" : 77,
        "unknown" : 0,
        "total" : 156
      },
      "items" : [ {
        "uid" : "2802b2ebb216d8de",
        "reportUrl" : "https://lambotik.github.io/auto-tests-python/210//#testresult/2802b2ebb216d8de",
        "status" : "broken",
        "statusDetails" : "selenium.common.exceptions.TimeoutException: Message: Can't find element by locator https://brainup.site/specialists",
        "time" : {
          "start" : 1741658624675,
          "stop" : 1741658665111,
          "duration" : 40436
        }
      }, {
        "uid" : "f8ae53bab49e1441",
        "reportUrl" : "https://lambotik.github.io/auto-tests-python/209//#testresult/f8ae53bab49e1441",
        "status" : "broken",
        "statusDetails" : "selenium.common.exceptions.TimeoutException: Message: Can't find element by locator https://brainup.site/specialists",
        "time" : {
          "start" : 1741570643962,
          "stop" : 1741570684432,
          "duration" : 40470
        }
      }, {
        "uid" : "f8f600722e58f53f",
        "reportUrl" : "https://lambotik.github.io/auto-tests-python/208//#testresult/f8f600722e58f53f",
        "status" : "broken",
        "statusDetails" : "selenium.common.exceptions.TimeoutException: Message: Can't find element by locator https://brainup.site/specialists",
        "time" : {
          "start" : 1741484451409,
          "stop" : 1741484491836,
          "duration" : 40427
        }
      }, {
        "uid" : "8f3fd38f67dba8ff",
        "reportUrl" : "https://lambotik.github.io/auto-tests-python/207//#testresult/8f3fd38f67dba8ff",
        "status" : "broken",
        "statusDetails" : "selenium.common.exceptions.TimeoutException: Message: Can't find element by locator https://brainup.site/specialists",
        "time" : {
          "start" : 1741397634244,
          "stop" : 1741397674683,
          "duration" : 40439
        }
      }, {
        "uid" : "1b3916f7522275ad",
        "reportUrl" : "https://lambotik.github.io/auto-tests-python/206//#testresult/1b3916f7522275ad",
        "status" : "broken",
        "statusDetails" : "selenium.common.exceptions.TimeoutException: Message: Can't find element by locator https://brainup.site/specialists",
        "time" : {
          "start" : 1741312953515,
          "stop" : 1741312993953,
          "duration" : 40438
        }
      }, {
        "uid" : "29f710ba22571846",
        "reportUrl" : "https://lambotik.github.io/auto-tests-python/205//#testresult/29f710ba22571846",
        "status" : "broken",
        "statusDetails" : "selenium.common.exceptions.TimeoutException: Message: Can't find element by locator https://brainup.site/specialists",
        "time" : {
          "start" : 1741226492497,
          "stop" : 1741226532893,
          "duration" : 40396
        }
      }, {
        "uid" : "58a52fa4c94672b8",
        "reportUrl" : "https://lambotik.github.io/auto-tests-python/204//#testresult/58a52fa4c94672b8",
        "status" : "broken",
        "statusDetails" : "selenium.common.exceptions.TimeoutException: Message: Can't find element by locator https://brainup.site/specialists",
        "time" : {
          "start" : 1741140104426,
          "stop" : 1741140144873,
          "duration" : 40447
        }
      }, {
        "uid" : "81b938602d9c49ae",
        "reportUrl" : "https://lambotik.github.io/auto-tests-python/203//#testresult/81b938602d9c49ae",
        "status" : "broken",
        "statusDetails" : "selenium.common.exceptions.TimeoutException: Message: Can't find element by locator https://brainup.site/specialists",
        "time" : {
          "start" : 1741053662854,
          "stop" : 1741053703324,
          "duration" : 40470
        }
      }, {
        "uid" : "61f5b85f59227158",
        "reportUrl" : "https://lambotik.github.io/auto-tests-python/202//#testresult/61f5b85f59227158",
        "status" : "broken",
        "statusDetails" : "selenium.common.exceptions.TimeoutException: Message: Can't find element by locator https://brainup.site/specialists",
        "time" : {
          "start" : 1740967464979,
          "stop" : 1740967505387,
          "duration" : 40408
        }
      }, {
        "uid" : "226ece12128c825a",
        "reportUrl" : "https://lambotik.github.io/auto-tests-python/201//#testresult/226ece12128c825a",
        "status" : "broken",
        "statusDetails" : "selenium.common.exceptions.TimeoutException: Message: Can't find element by locator https://brainup.site/specialists",
        "time" : {
          "start" : 1740881083873,
          "stop" : 1740881124383,
          "duration" : 40510
        }
      }, {
        "uid" : "197afaabdfec5072",
        "reportUrl" : "https://lambotik.github.io/auto-tests-python/200//#testresult/197afaabdfec5072",
        "status" : "broken",
        "statusDetails" : "selenium.common.exceptions.TimeoutException: Message: Can't find element by locator https://brainup.site/specialists",
        "time" : {
          "start" : 1740794731558,
          "stop" : 1740794771982,
          "duration" : 40424
        }
      }, {
        "uid" : "b47ef04358b16c16",
        "reportUrl" : "https://lambotik.github.io/auto-tests-python/199//#testresult/b47ef04358b16c16",
        "status" : "broken",
        "statusDetails" : "selenium.common.exceptions.TimeoutException: Message: Can't find element by locator https://brainup.site/specialists",
        "time" : {
          "start" : 1740708007654,
          "stop" : 1740708048112,
          "duration" : 40458
        }
      }, {
        "uid" : "6f7220885eecd9a2",
        "reportUrl" : "https://lambotik.github.io/auto-tests-python/198//#testresult/6f7220885eecd9a2",
        "status" : "broken",
        "statusDetails" : "selenium.common.exceptions.TimeoutException: Message: Can't find element by locator https://brainup.site/specialists",
        "time" : {
          "start" : 1740621566981,
          "stop" : 1740621607412,
          "duration" : 40431
        }
      }, {
        "uid" : "1dca71fae7908887",
        "reportUrl" : "https://lambotik.github.io/auto-tests-python/197//#testresult/1dca71fae7908887",
        "status" : "broken",
        "statusDetails" : "selenium.common.exceptions.TimeoutException: Message: Can't find element by locator https://brainup.site/specialists",
        "time" : {
          "start" : 1740535111474,
          "stop" : 1740535151951,
          "duration" : 40477
        }
      }, {
        "uid" : "5178f05f3227cb87",
        "reportUrl" : "https://lambotik.github.io/auto-tests-python/196//#testresult/5178f05f3227cb87",
        "status" : "broken",
        "statusDetails" : "selenium.common.exceptions.TimeoutException: Message: Can't find element by locator https://brainup.site/specialists",
        "time" : {
          "start" : 1740448762208,
          "stop" : 1740448802671,
          "duration" : 40463
        }
      }, {
        "uid" : "d86e4f060e61eff6",
        "reportUrl" : "https://lambotik.github.io/auto-tests-python/195//#testresult/d86e4f060e61eff6",
        "status" : "broken",
        "statusDetails" : "selenium.common.exceptions.TimeoutException: Message: Can't find element by locator https://brainup.site/specialists",
        "time" : {
          "start" : 1740362398095,
          "stop" : 1740362438559,
          "duration" : 40464
        }
      }, {
        "uid" : "6b91746cc68876f8",
        "reportUrl" : "https://lambotik.github.io/auto-tests-python/194//#testresult/6b91746cc68876f8",
        "status" : "broken",
        "statusDetails" : "selenium.common.exceptions.TimeoutException: Message: Can't find element by locator https://brainup.site/specialists",
        "time" : {
          "start" : 1740276178938,
          "stop" : 1740276219414,
          "duration" : 40476
        }
      }, {
        "uid" : "1e7b12c7060f5283",
        "reportUrl" : "https://lambotik.github.io/auto-tests-python/193//#testresult/1e7b12c7060f5283",
        "status" : "broken",
        "statusDetails" : "selenium.common.exceptions.TimeoutException: Message: Can't find element by locator https://brainup.site/specialists",
        "time" : {
          "start" : 1740189375524,
          "stop" : 1740189415951,
          "duration" : 40427
        }
      }, {
        "uid" : "142375847c3ce09a",
        "reportUrl" : "https://lambotik.github.io/auto-tests-python/192//#testresult/142375847c3ce09a",
        "status" : "broken",
        "statusDetails" : "selenium.common.exceptions.TimeoutException: Message: Can't find element by locator https://brainup.site/specialists",
        "time" : {
          "start" : 1740103060841,
          "stop" : 1740103101288,
          "duration" : 40447
        }
      }, {
        "uid" : "709f50e036358aba",
        "reportUrl" : "https://lambotik.github.io/auto-tests-python/191//#testresult/709f50e036358aba",
        "status" : "broken",
        "statusDetails" : "selenium.common.exceptions.TimeoutException: Message: Can't find element by locator https://brainup.site/specialists",
        "time" : {
          "start" : 1740016745597,
          "stop" : 1740016786016,
          "duration" : 40419
        }
      } ]
    },
    "tags" : [ ]
  },
  "source" : "d4b1038f0cb48aa2.json",
  "parameterValues" : [ ]
}