{
  "uid" : "8fa61f1e798dadbb",
  "name" : "Verify presence, visibility, clickability, href, status code of links in sections",
  "fullName" : "tests.used_resources_page_test.TestUsedResourcesPageForAuthorizedUserLinks#test_ur_03_01_verify_links_in_sections",
  "historyId" : "e81f1089a6a1fbd12d91fa249d1a3eef",
  "time" : {
    "start" : 1736043942463,
    "stop" : 1736043942463,
    "duration" : 0
  },
  "status" : "broken",
  "statusMessage" : "selenium.common.exceptions.TimeoutException: Message: Can't find element by locator https://brainup.site/groups",
  "statusTrace" : "self = <pages.base_page.BasePage object at 0x7fe7359d4200>\nurl = 'https://brainup.site/groups'\n\n    def check_expected_link(self, url):\n        with allure.step(f'Check url is present: {url}'):\n            try:\n>               return Wait(self.driver, self.timeout).until(\n                    ec.url_to_be(url), message=f\"Can't find element by locator {url}\")\n\npages/base_page.py:68: \n_ _ _ _ _ _ _ _ _ _ _ _ _ _ _ _ _ _ _ _ _ _ _ _ _ _ _ _ _ _ _ _ _ _ _ _ _ _ _ _ \n\nself = <selenium.webdriver.support.wait.WebDriverWait (session=\"1f13fe797201a224459ee5f3095eb12a\")>\nmethod = <function url_to_be.<locals>._predicate at 0x7fe735808ae0>\nmessage = \"Can't find element by locator https://brainup.site/groups\"\n\n    def until(self, method, message: str = \"\"):\n        \"\"\"Calls the method provided with the driver as an argument until the \\\n        return value does not evaluate to ``False``.\n    \n        :param method: callable(WebDriver)\n        :param message: optional message for :exc:`TimeoutException`\n        :returns: the result of the last call to `method`\n        :raises: :exc:`selenium.common.exceptions.TimeoutException` if timeout occurs\n        \"\"\"\n        screen = None\n        stacktrace = None\n    \n        end_time = time.monotonic() + self._timeout\n        while True:\n            try:\n                value = method(self._driver)\n                if value:\n                    return value\n            except self._ignored_exceptions as exc:\n                screen = getattr(exc, \"screen\", None)\n                stacktrace = getattr(exc, \"stacktrace\", None)\n            time.sleep(self._poll)\n            if time.monotonic() > end_time:\n                break\n>       raise TimeoutException(message, screen, stacktrace)\nE       selenium.common.exceptions.TimeoutException: Message: Can't find element by locator https://brainup.site/groups\n\n/opt/hostedtoolcache/Python/3.12.8/x64/lib/python3.12/site-packages/selenium/webdriver/support/wait.py:95: TimeoutException\n\nDuring handling of the above exception, another exception occurred:\n\ndriver = <selenium.webdriver.chrome.webdriver.WebDriver (session=\"1f13fe797201a224459ee5f3095eb12a\")>\nmain_page_open = None\n\n    @pytest.fixture()\n    @allure.step('Auto test user authorized')\n    def auto_test_user_authorized(driver, main_page_open):\n        page = BasePage(driver)\n        page.element_is_present_and_clickable(MainPageLocators.LOGIN_BUTTON).click()\n        page.element_is_visible(LoginPageLocators.INPUT_LOGIN).send_keys(os.environ[\"LOGIN\"])\n        page.element_is_visible(LoginPageLocators.INPUT_PASSWORD).send_keys(os.environ[\"PASSWORD\"])\n        page.element_is_present_and_clickable(LoginPageLocators.SIGN_IN_BUTTON).click()\n>       page.check_expected_link(MainPageLinks.URL_GROUPS_PAGE)\n\ntests/conftest.py:71: \n_ _ _ _ _ _ _ _ _ _ _ _ _ _ _ _ _ _ _ _ _ _ _ _ _ _ _ _ _ _ _ _ _ _ _ _ _ _ _ _ \npages/base_page.py:72: in check_expected_link\n    return Wait(self.driver, self.timeout).until(\n_ _ _ _ _ _ _ _ _ _ _ _ _ _ _ _ _ _ _ _ _ _ _ _ _ _ _ _ _ _ _ _ _ _ _ _ _ _ _ _ \n\nself = <selenium.webdriver.support.wait.WebDriverWait (session=\"1f13fe797201a224459ee5f3095eb12a\")>\nmethod = <function url_to_be.<locals>._predicate at 0x7fe735808c20>\nmessage = \"Can't find element by locator https://brainup.site/groups\"\n\n    def until(self, method, message: str = \"\"):\n        \"\"\"Calls the method provided with the driver as an argument until the \\\n        return value does not evaluate to ``False``.\n    \n        :param method: callable(WebDriver)\n        :param message: optional message for :exc:`TimeoutException`\n        :returns: the result of the last call to `method`\n        :raises: :exc:`selenium.common.exceptions.TimeoutException` if timeout occurs\n        \"\"\"\n        screen = None\n        stacktrace = None\n    \n        end_time = time.monotonic() + self._timeout\n        while True:\n            try:\n                value = method(self._driver)\n                if value:\n                    return value\n            except self._ignored_exceptions as exc:\n                screen = getattr(exc, \"screen\", None)\n                stacktrace = getattr(exc, \"stacktrace\", None)\n            time.sleep(self._poll)\n            if time.monotonic() > end_time:\n                break\n>       raise TimeoutException(message, screen, stacktrace)\nE       selenium.common.exceptions.TimeoutException: Message: Can't find element by locator https://brainup.site/groups\n\n/opt/hostedtoolcache/Python/3.12.8/x64/lib/python3.12/site-packages/selenium/webdriver/support/wait.py:95: TimeoutException",
  "flaky" : false,
  "newFailed" : false,
  "beforeStages" : [ {
    "name" : "driver",
    "time" : {
      "start" : 1736043942463,
      "stop" : 1736043943231,
      "duration" : 768
    },
    "status" : "passed",
    "steps" : [ ],
    "attachments" : [ ],
    "parameters" : [ ],
    "stepsCount" : 0,
    "attachmentsCount" : 0,
    "shouldDisplayMessage" : false,
    "hasContent" : false
  }, {
    "name" : "clear_allure_results_folder",
    "time" : {
      "start" : 1736041759069,
      "stop" : 1736041759069,
      "duration" : 0
    },
    "status" : "passed",
    "steps" : [ ],
    "attachments" : [ ],
    "parameters" : [ ],
    "stepsCount" : 0,
    "attachmentsCount" : 0,
    "shouldDisplayMessage" : false,
    "hasContent" : false
  }, {
    "name" : "main_page_open",
    "time" : {
      "start" : 1736043943231,
      "stop" : 1736043947010,
      "duration" : 3779
    },
    "status" : "passed",
    "steps" : [ {
      "name" : "Open page: https://brainup.site/",
      "time" : {
        "start" : 1736043943231,
        "stop" : 1736043947010,
        "duration" : 3779
      },
      "status" : "passed",
      "steps" : [ ],
      "attachments" : [ ],
      "parameters" : [ {
        "name" : "driver",
        "value" : "<selenium.webdriver.chrome.webdriver.WebDriver (session=\"1f13fe797201a224459ee5f3095eb12a\")>"
      } ],
      "stepsCount" : 0,
      "attachmentsCount" : 0,
      "shouldDisplayMessage" : false,
      "hasContent" : true
    } ],
    "attachments" : [ ],
    "parameters" : [ ],
    "stepsCount" : 1,
    "attachmentsCount" : 0,
    "shouldDisplayMessage" : false,
    "hasContent" : true
  }, {
    "name" : "auto_test_user_authorized",
    "time" : {
      "start" : 1736043947010,
      "stop" : 1736043987709,
      "duration" : 40699
    },
    "status" : "broken",
    "statusMessage" : "selenium.common.exceptions.TimeoutException: Message: Can't find element by locator https://brainup.site/groups\n\n",
    "statusTrace" : "  File \"/opt/hostedtoolcache/Python/3.12.8/x64/lib/python3.12/site-packages/pluggy/_callers.py\", line 103, in _multicall\n    res = hook_impl.function(*args)\n          ^^^^^^^^^^^^^^^^^^^^^^^^^\n  File \"/opt/hostedtoolcache/Python/3.12.8/x64/lib/python3.12/site-packages/_pytest/fixtures.py\", line 1123, in pytest_fixture_setup\n    result = call_fixture_func(fixturefunc, request, kwargs)\n             ^^^^^^^^^^^^^^^^^^^^^^^^^^^^^^^^^^^^^^^^^^^^^^^\n  File \"/opt/hostedtoolcache/Python/3.12.8/x64/lib/python3.12/site-packages/_pytest/fixtures.py\", line 902, in call_fixture_func\n    fixture_result = fixturefunc(**kwargs)\n                     ^^^^^^^^^^^^^^^^^^^^^\n  File \"/opt/hostedtoolcache/Python/3.12.8/x64/lib/python3.12/site-packages/allure_commons/_allure.py\", line 192, in impl\n    return func(*a, **kw)\n           ^^^^^^^^^^^^^^\n  File \"/home/runner/work/auto-tests-python/auto-tests-python/tests/conftest.py\", line 71, in auto_test_user_authorized\n    page.check_expected_link(MainPageLinks.URL_GROUPS_PAGE)\n  File \"/home/runner/work/auto-tests-python/auto-tests-python/pages/base_page.py\", line 72, in check_expected_link\n    return Wait(self.driver, self.timeout).until(\n           ^^^^^^^^^^^^^^^^^^^^^^^^^^^^^^^^^^^^^^\n  File \"/opt/hostedtoolcache/Python/3.12.8/x64/lib/python3.12/site-packages/selenium/webdriver/support/wait.py\", line 95, in until\n    raise TimeoutException(message, screen, stacktrace)\n",
    "steps" : [ {
      "name" : "Auto test user authorized",
      "time" : {
        "start" : 1736043947010,
        "stop" : 1736043987709,
        "duration" : 40699
      },
      "status" : "broken",
      "statusMessage" : "selenium.common.exceptions.TimeoutException: Message: Can't find element by locator https://brainup.site/groups\n\n",
      "statusTrace" : "  File \"/opt/hostedtoolcache/Python/3.12.8/x64/lib/python3.12/site-packages/allure_commons/_allure.py\", line 192, in impl\n    return func(*a, **kw)\n           ^^^^^^^^^^^^^^\n  File \"/home/runner/work/auto-tests-python/auto-tests-python/tests/conftest.py\", line 71, in auto_test_user_authorized\n    page.check_expected_link(MainPageLinks.URL_GROUPS_PAGE)\n  File \"/home/runner/work/auto-tests-python/auto-tests-python/pages/base_page.py\", line 72, in check_expected_link\n    return Wait(self.driver, self.timeout).until(\n           ^^^^^^^^^^^^^^^^^^^^^^^^^^^^^^^^^^^^^^\n  File \"/opt/hostedtoolcache/Python/3.12.8/x64/lib/python3.12/site-packages/selenium/webdriver/support/wait.py\", line 95, in until\n    raise TimeoutException(message, screen, stacktrace)\n",
      "steps" : [ {
        "name" : "Check url is present: https://brainup.site/groups",
        "time" : {
          "start" : 1736043947426,
          "stop" : 1736043987709,
          "duration" : 40283
        },
        "status" : "broken",
        "statusMessage" : "selenium.common.exceptions.TimeoutException: Message: Can't find element by locator https://brainup.site/groups\n\n",
        "statusTrace" : "  File \"/home/runner/work/auto-tests-python/auto-tests-python/pages/base_page.py\", line 72, in check_expected_link\n    return Wait(self.driver, self.timeout).until(\n           ^^^^^^^^^^^^^^^^^^^^^^^^^^^^^^^^^^^^^^\n  File \"/opt/hostedtoolcache/Python/3.12.8/x64/lib/python3.12/site-packages/selenium/webdriver/support/wait.py\", line 95, in until\n    raise TimeoutException(message, screen, stacktrace)\n",
        "steps" : [ ],
        "attachments" : [ ],
        "parameters" : [ ],
        "stepsCount" : 0,
        "attachmentsCount" : 0,
        "shouldDisplayMessage" : true,
        "hasContent" : true
      } ],
      "attachments" : [ ],
      "parameters" : [ {
        "name" : "driver",
        "value" : "<selenium.webdriver.chrome.webdriver.WebDriver (session=\"1f13fe797201a224459ee5f3095eb12a\")>"
      }, {
        "name" : "main_page_open",
        "value" : "None"
      } ],
      "stepsCount" : 1,
      "attachmentsCount" : 0,
      "shouldDisplayMessage" : false,
      "hasContent" : true
    } ],
    "attachments" : [ ],
    "parameters" : [ ],
    "stepsCount" : 2,
    "attachmentsCount" : 0,
    "shouldDisplayMessage" : false,
    "hasContent" : true
  } ],
  "afterStages" : [ {
    "name" : "driver::0",
    "time" : {
      "start" : 1736043987723,
      "stop" : 1736043987801,
      "duration" : 78
    },
    "status" : "passed",
    "steps" : [ ],
    "attachments" : [ ],
    "parameters" : [ ],
    "stepsCount" : 0,
    "attachmentsCount" : 0,
    "shouldDisplayMessage" : false,
    "hasContent" : false
  } ],
  "labels" : [ {
    "name" : "epic",
    "value" : "Test Used Resources Page"
  }, {
    "name" : "parentSuite",
    "value" : "tests"
  }, {
    "name" : "suite",
    "value" : "used_resources_page_test"
  }, {
    "name" : "subSuite",
    "value" : "TestUsedResourcesPage"
  }, {
    "name" : "host",
    "value" : "fv-az1689-330"
  }, {
    "name" : "thread",
    "value" : "2475-MainThread"
  }, {
    "name" : "framework",
    "value" : "pytest"
  }, {
    "name" : "language",
    "value" : "cpython3"
  }, {
    "name" : "package",
    "value" : "tests.used_resources_page_test"
  }, {
    "name" : "resultFormat",
    "value" : "allure2"
  } ],
  "parameters" : [ ],
  "links" : [ ],
  "hidden" : false,
  "retry" : false,
  "extra" : {
    "severity" : "normal",
    "retries" : [ ],
    "categories" : [ {
      "name" : "Test defects",
      "matchedStatuses" : [ ],
      "flaky" : false
    } ],
    "history" : {
      "statistic" : {
        "failed" : 0,
        "broken" : 15,
        "skipped" : 0,
        "passed" : 49,
        "unknown" : 0,
        "total" : 64
      },
      "items" : [ {
        "uid" : "338a7401025e0a58",
        "reportUrl" : "https://lambotik.github.io/auto-tests-python/144//#testresult/338a7401025e0a58",
        "status" : "broken",
        "statusDetails" : "selenium.common.exceptions.TimeoutException: Message: Can't find element by locator https://brainup.site/groups",
        "time" : {
          "start" : 1735957134295,
          "stop" : 1735957134295,
          "duration" : 0
        }
      }, {
        "uid" : "51d54c7a792cdb47",
        "reportUrl" : "https://lambotik.github.io/auto-tests-python/143//#testresult/51d54c7a792cdb47",
        "status" : "broken",
        "statusDetails" : "selenium.common.exceptions.TimeoutException: Message: Can't find element by locator https://brainup.site/groups",
        "time" : {
          "start" : 1735870758402,
          "stop" : 1735870758402,
          "duration" : 0
        }
      }, {
        "uid" : "f55ca362e96ca47f",
        "reportUrl" : "https://lambotik.github.io/auto-tests-python/142//#testresult/f55ca362e96ca47f",
        "status" : "broken",
        "statusDetails" : "selenium.common.exceptions.TimeoutException: Message: Can't find element by locator https://brainup.site/groups",
        "time" : {
          "start" : 1735784299716,
          "stop" : 1735784299716,
          "duration" : 0
        }
      }, {
        "uid" : "42874734644d994a",
        "reportUrl" : "https://lambotik.github.io/auto-tests-python/141//#testresult/42874734644d994a",
        "status" : "broken",
        "statusDetails" : "selenium.common.exceptions.TimeoutException: Message: Can't find element by locator https://brainup.site/groups",
        "time" : {
          "start" : 1735698333161,
          "stop" : 1735698333161,
          "duration" : 0
        }
      }, {
        "uid" : "f5b219c55c1467f5",
        "reportUrl" : "https://lambotik.github.io/auto-tests-python/140//#testresult/f5b219c55c1467f5",
        "status" : "broken",
        "statusDetails" : "selenium.common.exceptions.TimeoutException: Message: Can't find element by locator https://brainup.site/groups",
        "time" : {
          "start" : 1735611649259,
          "stop" : 1735611649259,
          "duration" : 0
        }
      }, {
        "uid" : "cd16c963d62b7d49",
        "reportUrl" : "https://lambotik.github.io/auto-tests-python/139//#testresult/cd16c963d62b7d49",
        "status" : "broken",
        "statusDetails" : "selenium.common.exceptions.TimeoutException: Message: Can't find element by locator https://brainup.site/groups",
        "time" : {
          "start" : 1735525323800,
          "stop" : 1735525323800,
          "duration" : 0
        }
      }, {
        "uid" : "8c84dd221ae7fd35",
        "reportUrl" : "https://lambotik.github.io/auto-tests-python/138//#testresult/8c84dd221ae7fd35",
        "status" : "broken",
        "statusDetails" : "selenium.common.exceptions.TimeoutException: Message: Can't find element by locator https://brainup.site/groups",
        "time" : {
          "start" : 1735439179904,
          "stop" : 1735439179904,
          "duration" : 0
        }
      }, {
        "uid" : "e7559ac072232138",
        "reportUrl" : "https://lambotik.github.io/auto-tests-python/137//#testresult/e7559ac072232138",
        "status" : "broken",
        "statusDetails" : "selenium.common.exceptions.TimeoutException: Message: Can't find element by locator https://brainup.site/groups",
        "time" : {
          "start" : 1735352147623,
          "stop" : 1735352147623,
          "duration" : 0
        }
      }, {
        "uid" : "b612e45902f96f56",
        "reportUrl" : "https://lambotik.github.io/auto-tests-python/136//#testresult/b612e45902f96f56",
        "status" : "broken",
        "statusDetails" : "selenium.common.exceptions.TimeoutException: Message: Can't find element by locator https://brainup.site/groups",
        "time" : {
          "start" : 1735266083424,
          "stop" : 1735266083424,
          "duration" : 0
        }
      }, {
        "uid" : "3014b74f80b5e853",
        "reportUrl" : "https://lambotik.github.io/auto-tests-python/81//#testresult/3014b74f80b5e853",
        "status" : "passed",
        "time" : {
          "start" : 1730512665960,
          "stop" : 1730512668232,
          "duration" : 2272
        }
      }, {
        "uid" : "26629156fcd9181a",
        "reportUrl" : "https://lambotik.github.io/auto-tests-python/80//#testresult/26629156fcd9181a",
        "status" : "passed",
        "time" : {
          "start" : 1730426920999,
          "stop" : 1730426923419,
          "duration" : 2420
        }
      }, {
        "uid" : "3858d87d8e24a064",
        "reportUrl" : "https://lambotik.github.io/auto-tests-python/79//#testresult/3858d87d8e24a064",
        "status" : "passed",
        "time" : {
          "start" : 1730340095107,
          "stop" : 1730340097801,
          "duration" : 2694
        }
      }, {
        "uid" : "4da7f4611abf4d05",
        "reportUrl" : "https://lambotik.github.io/auto-tests-python/78//#testresult/4da7f4611abf4d05",
        "status" : "passed",
        "time" : {
          "start" : 1730253443849,
          "stop" : 1730253446042,
          "duration" : 2193
        }
      }, {
        "uid" : "124ffe0a0e816f3e",
        "reportUrl" : "https://lambotik.github.io/auto-tests-python/77//#testresult/124ffe0a0e816f3e",
        "status" : "passed",
        "time" : {
          "start" : 1730167167853,
          "stop" : 1730167170365,
          "duration" : 2512
        }
      }, {
        "uid" : "cd8fa4b75b1e4b5b",
        "reportUrl" : "https://lambotik.github.io/auto-tests-python/76//#testresult/cd8fa4b75b1e4b5b",
        "status" : "passed",
        "time" : {
          "start" : 1730080922369,
          "stop" : 1730080924472,
          "duration" : 2103
        }
      }, {
        "uid" : "3402bf57a11bf1fb",
        "reportUrl" : "https://lambotik.github.io/auto-tests-python/75//#testresult/3402bf57a11bf1fb",
        "status" : "passed",
        "time" : {
          "start" : 1729994915681,
          "stop" : 1729994918691,
          "duration" : 3010
        }
      }, {
        "uid" : "cbb5e7f89a84ee84",
        "reportUrl" : "https://lambotik.github.io/auto-tests-python/74//#testresult/cbb5e7f89a84ee84",
        "status" : "passed",
        "time" : {
          "start" : 1729907602298,
          "stop" : 1729907604695,
          "duration" : 2397
        }
      }, {
        "uid" : "33e19f4addd033bd",
        "reportUrl" : "https://lambotik.github.io/auto-tests-python/73//#testresult/33e19f4addd033bd",
        "status" : "passed",
        "time" : {
          "start" : 1729821471885,
          "stop" : 1729821474023,
          "duration" : 2138
        }
      }, {
        "uid" : "a0f4b55a16300029",
        "reportUrl" : "https://lambotik.github.io/auto-tests-python/72//#testresult/a0f4b55a16300029",
        "status" : "passed",
        "time" : {
          "start" : 1729734958495,
          "stop" : 1729734960595,
          "duration" : 2100
        }
      }, {
        "uid" : "f7d8d447554d5a3c",
        "reportUrl" : "https://lambotik.github.io/auto-tests-python/71//#testresult/f7d8d447554d5a3c",
        "status" : "passed",
        "time" : {
          "start" : 1729648795590,
          "stop" : 1729648797919,
          "duration" : 2329
        }
      } ]
    },
    "tags" : [ ]
  },
  "source" : "8fa61f1e798dadbb.json",
  "parameterValues" : [ ]
}