{
  "uid" : "97e634e094cc6e8c",
  "name" : "Select random card from group \"Слова\" and compare UI vs BACKEND data.",
  "fullName" : "tests.test_speech_exercises_ru.TestCardsRU#test_random_word_cards_ru",
  "historyId" : "8a3e3d5c9f6e80dd99c857fd999b79e1",
  "time" : {
    "start" : 1735610907581,
    "stop" : 1735610907581,
    "duration" : 0
  },
  "status" : "skipped",
  "statusMessage" : "XFAIL\n\nselenium.common.exceptions.TimeoutException: Message: Can't find element by locator https://brainup.site/groups",
  "statusTrace" : "self = <pages.base_page.BasePage object at 0x7f4dd2eec7a0>\nurl = 'https://brainup.site/groups'\n\n    def check_expected_link(self, url):\n        with allure.step(f'Check url is present: {url}'):\n            try:\n>               return Wait(self.driver, self.timeout).until(\n                    ec.url_to_be(url), message=f\"Can't find element by locator {url}\")\n\npages/base_page.py:68: \n_ _ _ _ _ _ _ _ _ _ _ _ _ _ _ _ _ _ _ _ _ _ _ _ _ _ _ _ _ _ _ _ _ _ _ _ _ _ _ _ \n\nself = <selenium.webdriver.support.wait.WebDriverWait (session=\"b0ffe0d0ff0c23c30367723921fa7f44\")>\nmethod = <function url_to_be.<locals>._predicate at 0x7f4dd2f2cf40>\nmessage = \"Can't find element by locator https://brainup.site/groups\"\n\n    def until(self, method, message: str = \"\"):\n        \"\"\"Calls the method provided with the driver as an argument until the \\\n        return value does not evaluate to ``False``.\n    \n        :param method: callable(WebDriver)\n        :param message: optional message for :exc:`TimeoutException`\n        :returns: the result of the last call to `method`\n        :raises: :exc:`selenium.common.exceptions.TimeoutException` if timeout occurs\n        \"\"\"\n        screen = None\n        stacktrace = None\n    \n        end_time = time.monotonic() + self._timeout\n        while True:\n            try:\n                value = method(self._driver)\n                if value:\n                    return value\n            except self._ignored_exceptions as exc:\n                screen = getattr(exc, \"screen\", None)\n                stacktrace = getattr(exc, \"stacktrace\", None)\n            time.sleep(self._poll)\n            if time.monotonic() > end_time:\n                break\n>       raise TimeoutException(message, screen, stacktrace)\nE       selenium.common.exceptions.TimeoutException: Message: Can't find element by locator https://brainup.site/groups\n\n/opt/hostedtoolcache/Python/3.12.8/x64/lib/python3.12/site-packages/selenium/webdriver/support/wait.py:95: TimeoutException\n\nDuring handling of the above exception, another exception occurred:\n\ndriver = <selenium.webdriver.chrome.webdriver.WebDriver (session=\"b0ffe0d0ff0c23c30367723921fa7f44\")>\nmain_page_open = None\n\n    @pytest.fixture()\n    @allure.step('USER specialist authorized')\n    def specialist_user_authorized(driver, main_page_open):\n        page = BasePage(driver)\n        page.element_is_present_and_clickable(MainPageLocators.LOGIN_BUTTON).click()\n        page.element_is_visible(LoginPageLocators.INPUT_LOGIN).send_keys(os.environ[\"SPECIALIST_LOGIN\"])\n        page.element_is_visible(LoginPageLocators.INPUT_PASSWORD).send_keys(os.environ[\"PASSWORD\"])\n        page.element_is_present_and_clickable(LoginPageLocators.SIGN_IN_BUTTON).click()\n>       page.check_expected_link(MainPageLinks.URL_GROUPS_PAGE)\n\ntests/conftest.py:84: \n_ _ _ _ _ _ _ _ _ _ _ _ _ _ _ _ _ _ _ _ _ _ _ _ _ _ _ _ _ _ _ _ _ _ _ _ _ _ _ _ \npages/base_page.py:72: in check_expected_link\n    return Wait(self.driver, self.timeout).until(\n_ _ _ _ _ _ _ _ _ _ _ _ _ _ _ _ _ _ _ _ _ _ _ _ _ _ _ _ _ _ _ _ _ _ _ _ _ _ _ _ \n\nself = <selenium.webdriver.support.wait.WebDriverWait (session=\"b0ffe0d0ff0c23c30367723921fa7f44\")>\nmethod = <function url_to_be.<locals>._predicate at 0x7f4dd2f5c720>\nmessage = \"Can't find element by locator https://brainup.site/groups\"\n\n    def until(self, method, message: str = \"\"):\n        \"\"\"Calls the method provided with the driver as an argument until the \\\n        return value does not evaluate to ``False``.\n    \n        :param method: callable(WebDriver)\n        :param message: optional message for :exc:`TimeoutException`\n        :returns: the result of the last call to `method`\n        :raises: :exc:`selenium.common.exceptions.TimeoutException` if timeout occurs\n        \"\"\"\n        screen = None\n        stacktrace = None\n    \n        end_time = time.monotonic() + self._timeout\n        while True:\n            try:\n                value = method(self._driver)\n                if value:\n                    return value\n            except self._ignored_exceptions as exc:\n                screen = getattr(exc, \"screen\", None)\n                stacktrace = getattr(exc, \"stacktrace\", None)\n            time.sleep(self._poll)\n            if time.monotonic() > end_time:\n                break\n>       raise TimeoutException(message, screen, stacktrace)\nE       selenium.common.exceptions.TimeoutException: Message: Can't find element by locator https://brainup.site/groups\n\n/opt/hostedtoolcache/Python/3.12.8/x64/lib/python3.12/site-packages/selenium/webdriver/support/wait.py:95: TimeoutException",
  "flaky" : false,
  "newFailed" : false,
  "beforeStages" : [ {
    "name" : "clear_allure_results_folder",
    "time" : {
      "start" : 1735609316940,
      "stop" : 1735609316940,
      "duration" : 0
    },
    "status" : "passed",
    "steps" : [ ],
    "attachments" : [ ],
    "parameters" : [ ],
    "stepsCount" : 0,
    "attachmentsCount" : 0,
    "shouldDisplayMessage" : false,
    "hasContent" : false
  }, {
    "name" : "main_page_open",
    "time" : {
      "start" : 1735610908342,
      "stop" : 1735610913233,
      "duration" : 4891
    },
    "status" : "passed",
    "steps" : [ {
      "name" : "Open page: https://brainup.site/",
      "time" : {
        "start" : 1735610908342,
        "stop" : 1735610913233,
        "duration" : 4891
      },
      "status" : "passed",
      "steps" : [ ],
      "attachments" : [ ],
      "parameters" : [ {
        "name" : "driver",
        "value" : "<selenium.webdriver.chrome.webdriver.WebDriver (session=\"b0ffe0d0ff0c23c30367723921fa7f44\")>"
      } ],
      "stepsCount" : 0,
      "attachmentsCount" : 0,
      "shouldDisplayMessage" : false,
      "hasContent" : true
    } ],
    "attachments" : [ ],
    "parameters" : [ ],
    "stepsCount" : 1,
    "attachmentsCount" : 0,
    "shouldDisplayMessage" : false,
    "hasContent" : true
  }, {
    "name" : "specialist_user_authorized",
    "time" : {
      "start" : 1735610913233,
      "stop" : 1735610953924,
      "duration" : 40691
    },
    "status" : "broken",
    "statusMessage" : "selenium.common.exceptions.TimeoutException: Message: Can't find element by locator https://brainup.site/groups\n\n",
    "statusTrace" : "  File \"/opt/hostedtoolcache/Python/3.12.8/x64/lib/python3.12/site-packages/pluggy/_callers.py\", line 103, in _multicall\n    res = hook_impl.function(*args)\n          ^^^^^^^^^^^^^^^^^^^^^^^^^\n  File \"/opt/hostedtoolcache/Python/3.12.8/x64/lib/python3.12/site-packages/_pytest/fixtures.py\", line 1123, in pytest_fixture_setup\n    result = call_fixture_func(fixturefunc, request, kwargs)\n             ^^^^^^^^^^^^^^^^^^^^^^^^^^^^^^^^^^^^^^^^^^^^^^^\n  File \"/opt/hostedtoolcache/Python/3.12.8/x64/lib/python3.12/site-packages/_pytest/fixtures.py\", line 902, in call_fixture_func\n    fixture_result = fixturefunc(**kwargs)\n                     ^^^^^^^^^^^^^^^^^^^^^\n  File \"/opt/hostedtoolcache/Python/3.12.8/x64/lib/python3.12/site-packages/allure_commons/_allure.py\", line 192, in impl\n    return func(*a, **kw)\n           ^^^^^^^^^^^^^^\n  File \"/home/runner/work/auto-tests-python/auto-tests-python/tests/conftest.py\", line 84, in specialist_user_authorized\n    page.check_expected_link(MainPageLinks.URL_GROUPS_PAGE)\n  File \"/home/runner/work/auto-tests-python/auto-tests-python/pages/base_page.py\", line 72, in check_expected_link\n    return Wait(self.driver, self.timeout).until(\n           ^^^^^^^^^^^^^^^^^^^^^^^^^^^^^^^^^^^^^^\n  File \"/opt/hostedtoolcache/Python/3.12.8/x64/lib/python3.12/site-packages/selenium/webdriver/support/wait.py\", line 95, in until\n    raise TimeoutException(message, screen, stacktrace)\n",
    "steps" : [ {
      "name" : "USER specialist authorized",
      "time" : {
        "start" : 1735610913234,
        "stop" : 1735610953924,
        "duration" : 40690
      },
      "status" : "broken",
      "statusMessage" : "selenium.common.exceptions.TimeoutException: Message: Can't find element by locator https://brainup.site/groups\n\n",
      "statusTrace" : "  File \"/opt/hostedtoolcache/Python/3.12.8/x64/lib/python3.12/site-packages/allure_commons/_allure.py\", line 192, in impl\n    return func(*a, **kw)\n           ^^^^^^^^^^^^^^\n  File \"/home/runner/work/auto-tests-python/auto-tests-python/tests/conftest.py\", line 84, in specialist_user_authorized\n    page.check_expected_link(MainPageLinks.URL_GROUPS_PAGE)\n  File \"/home/runner/work/auto-tests-python/auto-tests-python/pages/base_page.py\", line 72, in check_expected_link\n    return Wait(self.driver, self.timeout).until(\n           ^^^^^^^^^^^^^^^^^^^^^^^^^^^^^^^^^^^^^^\n  File \"/opt/hostedtoolcache/Python/3.12.8/x64/lib/python3.12/site-packages/selenium/webdriver/support/wait.py\", line 95, in until\n    raise TimeoutException(message, screen, stacktrace)\n",
      "steps" : [ {
        "name" : "Check url is present: https://brainup.site/groups",
        "time" : {
          "start" : 1735610913644,
          "stop" : 1735610953923,
          "duration" : 40279
        },
        "status" : "broken",
        "statusMessage" : "selenium.common.exceptions.TimeoutException: Message: Can't find element by locator https://brainup.site/groups\n\n",
        "statusTrace" : "  File \"/home/runner/work/auto-tests-python/auto-tests-python/pages/base_page.py\", line 72, in check_expected_link\n    return Wait(self.driver, self.timeout).until(\n           ^^^^^^^^^^^^^^^^^^^^^^^^^^^^^^^^^^^^^^\n  File \"/opt/hostedtoolcache/Python/3.12.8/x64/lib/python3.12/site-packages/selenium/webdriver/support/wait.py\", line 95, in until\n    raise TimeoutException(message, screen, stacktrace)\n",
        "steps" : [ ],
        "attachments" : [ ],
        "parameters" : [ ],
        "stepsCount" : 0,
        "attachmentsCount" : 0,
        "shouldDisplayMessage" : true,
        "hasContent" : true
      } ],
      "attachments" : [ ],
      "parameters" : [ {
        "name" : "driver",
        "value" : "<selenium.webdriver.chrome.webdriver.WebDriver (session=\"b0ffe0d0ff0c23c30367723921fa7f44\")>"
      }, {
        "name" : "main_page_open",
        "value" : "None"
      } ],
      "stepsCount" : 1,
      "attachmentsCount" : 0,
      "shouldDisplayMessage" : false,
      "hasContent" : true
    } ],
    "attachments" : [ ],
    "parameters" : [ ],
    "stepsCount" : 2,
    "attachmentsCount" : 0,
    "shouldDisplayMessage" : false,
    "hasContent" : true
  }, {
    "name" : "driver",
    "time" : {
      "start" : 1735610907581,
      "stop" : 1735610908342,
      "duration" : 761
    },
    "status" : "passed",
    "steps" : [ ],
    "attachments" : [ ],
    "parameters" : [ ],
    "stepsCount" : 0,
    "attachmentsCount" : 0,
    "shouldDisplayMessage" : false,
    "hasContent" : false
  } ],
  "afterStages" : [ {
    "name" : "driver::0",
    "time" : {
      "start" : 1735610953937,
      "stop" : 1735610954010,
      "duration" : 73
    },
    "status" : "passed",
    "steps" : [ ],
    "attachments" : [ ],
    "parameters" : [ ],
    "stepsCount" : 0,
    "attachmentsCount" : 0,
    "shouldDisplayMessage" : false,
    "hasContent" : false
  } ],
  "labels" : [ {
    "name" : "epic",
    "value" : "Speech exercises."
  }, {
    "name" : "suite",
    "value" : "Речевые упражнения."
  }, {
    "name" : "tag",
    "value" : "@pytest.mark.xfail"
  }, {
    "name" : "parentSuite",
    "value" : "tests"
  }, {
    "name" : "subSuite",
    "value" : "TestCardsRU"
  }, {
    "name" : "host",
    "value" : "fv-az2023-518"
  }, {
    "name" : "thread",
    "value" : "2412-MainThread"
  }, {
    "name" : "framework",
    "value" : "pytest"
  }, {
    "name" : "language",
    "value" : "cpython3"
  }, {
    "name" : "package",
    "value" : "tests.test_speech_exercises_ru"
  }, {
    "name" : "resultFormat",
    "value" : "allure2"
  } ],
  "parameters" : [ ],
  "links" : [ ],
  "hidden" : false,
  "retry" : false,
  "extra" : {
    "severity" : "normal",
    "retries" : [ ],
    "categories" : [ ],
    "history" : {
      "statistic" : {
        "failed" : 0,
        "broken" : 0,
        "skipped" : 12,
        "passed" : 74,
        "unknown" : 0,
        "total" : 86
      },
      "items" : [ {
        "uid" : "9a0a722df74b6e31",
        "reportUrl" : "https://lambotik.github.io/auto-tests-python/139//#testresult/9a0a722df74b6e31",
        "status" : "skipped",
        "statusDetails" : "XFAIL\n\nselenium.common.exceptions.TimeoutException: Message: Can't find element by locator https://brainup.site/groups",
        "time" : {
          "start" : 1735524600177,
          "stop" : 1735524600177,
          "duration" : 0
        }
      }, {
        "uid" : "5a75f90532506db8",
        "reportUrl" : "https://lambotik.github.io/auto-tests-python/138//#testresult/5a75f90532506db8",
        "status" : "skipped",
        "statusDetails" : "XFAIL\n\nselenium.common.exceptions.TimeoutException: Message: Can't find element by locator https://brainup.site/groups",
        "time" : {
          "start" : 1735438461498,
          "stop" : 1735438461498,
          "duration" : 0
        }
      }, {
        "uid" : "a726def2bb2dd7a9",
        "reportUrl" : "https://lambotik.github.io/auto-tests-python/137//#testresult/a726def2bb2dd7a9",
        "status" : "skipped",
        "statusDetails" : "XFAIL\n\nselenium.common.exceptions.TimeoutException: Message: Can't find element by locator https://brainup.site/groups",
        "time" : {
          "start" : 1735351431306,
          "stop" : 1735351431306,
          "duration" : 0
        }
      }, {
        "uid" : "3f951919246fe07b",
        "reportUrl" : "https://lambotik.github.io/auto-tests-python/136//#testresult/3f951919246fe07b",
        "status" : "skipped",
        "statusDetails" : "XFAIL\n\nselenium.common.exceptions.TimeoutException: Message: Can't find element by locator https://brainup.site/groups",
        "time" : {
          "start" : 1735265341583,
          "stop" : 1735265341583,
          "duration" : 0
        }
      }, {
        "uid" : "d2fd5fccd97c968e",
        "reportUrl" : "https://lambotik.github.io/auto-tests-python/81//#testresult/d2fd5fccd97c968e",
        "status" : "passed",
        "statusDetails" : "XPASS",
        "time" : {
          "start" : 1730512296806,
          "stop" : 1730512307318,
          "duration" : 10512
        }
      }, {
        "uid" : "8c6944c14a4cf625",
        "reportUrl" : "https://lambotik.github.io/auto-tests-python/80//#testresult/8c6944c14a4cf625",
        "status" : "passed",
        "statusDetails" : "XPASS",
        "time" : {
          "start" : 1730426472078,
          "stop" : 1730426482115,
          "duration" : 10037
        }
      }, {
        "uid" : "cbe037c68ca2d528",
        "reportUrl" : "https://lambotik.github.io/auto-tests-python/79//#testresult/cbe037c68ca2d528",
        "status" : "passed",
        "statusDetails" : "XPASS",
        "time" : {
          "start" : 1730339700351,
          "stop" : 1730339709930,
          "duration" : 9579
        }
      }, {
        "uid" : "dccdebd77055b51b",
        "reportUrl" : "https://lambotik.github.io/auto-tests-python/78//#testresult/dccdebd77055b51b",
        "status" : "passed",
        "statusDetails" : "XPASS",
        "time" : {
          "start" : 1730253210729,
          "stop" : 1730253220277,
          "duration" : 9548
        }
      }, {
        "uid" : "86f580f296b68df6",
        "reportUrl" : "https://lambotik.github.io/auto-tests-python/77//#testresult/86f580f296b68df6",
        "status" : "passed",
        "statusDetails" : "XPASS",
        "time" : {
          "start" : 1730166927313,
          "stop" : 1730166938511,
          "duration" : 11198
        }
      }, {
        "uid" : "25af9d5c097e38db",
        "reportUrl" : "https://lambotik.github.io/auto-tests-python/76//#testresult/25af9d5c097e38db",
        "status" : "passed",
        "statusDetails" : "XPASS",
        "time" : {
          "start" : 1730080663968,
          "stop" : 1730080675157,
          "duration" : 11189
        }
      }, {
        "uid" : "53aa10dc4ad14693",
        "reportUrl" : "https://lambotik.github.io/auto-tests-python/75//#testresult/53aa10dc4ad14693",
        "status" : "passed",
        "statusDetails" : "XPASS",
        "time" : {
          "start" : 1729994449174,
          "stop" : 1729994460781,
          "duration" : 11607
        }
      }, {
        "uid" : "f2ee4f17b80b347e",
        "reportUrl" : "https://lambotik.github.io/auto-tests-python/74//#testresult/f2ee4f17b80b347e",
        "status" : "passed",
        "statusDetails" : "XPASS",
        "time" : {
          "start" : 1729907381139,
          "stop" : 1729907391758,
          "duration" : 10619
        }
      }, {
        "uid" : "c38f21da524e0353",
        "reportUrl" : "https://lambotik.github.io/auto-tests-python/73//#testresult/c38f21da524e0353",
        "status" : "passed",
        "statusDetails" : "XPASS",
        "time" : {
          "start" : 1729821198295,
          "stop" : 1729821209597,
          "duration" : 11302
        }
      }, {
        "uid" : "c776f4ab56d12402",
        "reportUrl" : "https://lambotik.github.io/auto-tests-python/72//#testresult/c776f4ab56d12402",
        "status" : "passed",
        "statusDetails" : "XPASS",
        "time" : {
          "start" : 1729734730644,
          "stop" : 1729734742103,
          "duration" : 11459
        }
      }, {
        "uid" : "6f093078e22f5949",
        "reportUrl" : "https://lambotik.github.io/auto-tests-python/71//#testresult/6f093078e22f5949",
        "status" : "passed",
        "statusDetails" : "XPASS",
        "time" : {
          "start" : 1729648480947,
          "stop" : 1729648493465,
          "duration" : 12518
        }
      }, {
        "uid" : "6b99708b834b861",
        "reportUrl" : "https://lambotik.github.io/auto-tests-python/70//#testresult/6b99708b834b861",
        "status" : "passed",
        "statusDetails" : "XPASS",
        "time" : {
          "start" : 1729562172502,
          "stop" : 1729562184496,
          "duration" : 11994
        }
      }, {
        "uid" : "d5494d17eb3fb487",
        "reportUrl" : "https://lambotik.github.io/auto-tests-python/69//#testresult/d5494d17eb3fb487",
        "status" : "passed",
        "statusDetails" : "XPASS",
        "time" : {
          "start" : 1729475839400,
          "stop" : 1729475850982,
          "duration" : 11582
        }
      }, {
        "uid" : "9d265a89336233a1",
        "reportUrl" : "https://lambotik.github.io/auto-tests-python/68//#testresult/9d265a89336233a1",
        "status" : "passed",
        "statusDetails" : "XPASS",
        "time" : {
          "start" : 1729389637207,
          "stop" : 1729389648753,
          "duration" : 11546
        }
      }, {
        "uid" : "c8f45ba08473babe",
        "reportUrl" : "https://lambotik.github.io/auto-tests-python/67//#testresult/c8f45ba08473babe",
        "status" : "passed",
        "statusDetails" : "XPASS",
        "time" : {
          "start" : 1729302685251,
          "stop" : 1729302696059,
          "duration" : 10808
        }
      }, {
        "uid" : "9ca9c65b0115b4cd",
        "reportUrl" : "https://lambotik.github.io/auto-tests-python/66//#testresult/9ca9c65b0115b4cd",
        "status" : "passed",
        "statusDetails" : "XPASS",
        "time" : {
          "start" : 1729216424282,
          "stop" : 1729216436057,
          "duration" : 11775
        }
      } ]
    },
    "tags" : [ "@pytest.mark.xfail" ]
  },
  "source" : "97e634e094cc6e8c.json",
  "parameterValues" : [ ]
}