{
  "uid" : "c54c09017680ee02",
  "name" : "Verify redirection to used resources page not authorized user.",
  "fullName" : "tests.description_page_test.TestDescriptionPage#test_dp_08_verify_redirection_to_used_resources_page",
  "historyId" : "c1c36a26aa876dfcc2dfa61127700bb6",
  "time" : {
    "start" : 1735609700194,
    "stop" : 1735609740678,
    "duration" : 40484
  },
  "status" : "broken",
  "statusMessage" : "selenium.common.exceptions.TimeoutException: Message: Can't find element by locator https://brainup.site/used-resources",
  "statusTrace" : "self = <pages.description_page.DescriptionPage object at 0x7f4dd3034d10>\nurl = 'https://brainup.site/used-resources'\n\n    def check_expected_link(self, url):\n        with allure.step(f'Check url is present: {url}'):\n            try:\n>               return Wait(self.driver, self.timeout).until(\n                    ec.url_to_be(url), message=f\"Can't find element by locator {url}\")\n\npages/base_page.py:68: \n_ _ _ _ _ _ _ _ _ _ _ _ _ _ _ _ _ _ _ _ _ _ _ _ _ _ _ _ _ _ _ _ _ _ _ _ _ _ _ _ \n\nself = <selenium.webdriver.support.wait.WebDriverWait (session=\"7d3b5e29a07452d73f60914fdf37361a\")>\nmethod = <function url_to_be.<locals>._predicate at 0x7f4dd2e79760>\nmessage = \"Can't find element by locator https://brainup.site/used-resources\"\n\n    def until(self, method, message: str = \"\"):\n        \"\"\"Calls the method provided with the driver as an argument until the \\\n        return value does not evaluate to ``False``.\n    \n        :param method: callable(WebDriver)\n        :param message: optional message for :exc:`TimeoutException`\n        :returns: the result of the last call to `method`\n        :raises: :exc:`selenium.common.exceptions.TimeoutException` if timeout occurs\n        \"\"\"\n        screen = None\n        stacktrace = None\n    \n        end_time = time.monotonic() + self._timeout\n        while True:\n            try:\n                value = method(self._driver)\n                if value:\n                    return value\n            except self._ignored_exceptions as exc:\n                screen = getattr(exc, \"screen\", None)\n                stacktrace = getattr(exc, \"stacktrace\", None)\n            time.sleep(self._poll)\n            if time.monotonic() > end_time:\n                break\n>       raise TimeoutException(message, screen, stacktrace)\nE       selenium.common.exceptions.TimeoutException: Message: Can't find element by locator https://brainup.site/used-resources\n\n/opt/hostedtoolcache/Python/3.12.8/x64/lib/python3.12/site-packages/selenium/webdriver/support/wait.py:95: TimeoutException\n\nDuring handling of the above exception, another exception occurred:\n\nself = <tests.description_page_test.TestDescriptionPage object at 0x7f4dd3349070>\ndriver = <selenium.webdriver.chrome.webdriver.WebDriver (session=\"7d3b5e29a07452d73f60914fdf37361a\")>\nmain_page_open = None\n\n    @allure.title(\"Verify redirection to used resources page not authorized user.\")\n    def test_dp_08_verify_redirection_to_used_resources_page(self, driver, main_page_open):\n        page = DescriptionPage(driver)\n>       resources_page_url = page.transition_used_resources_page()\n\ntests/description_page_test.py:54: \n_ _ _ _ _ _ _ _ _ _ _ _ _ _ _ _ _ _ _ _ _ _ _ _ _ _ _ _ _ _ _ _ _ _ _ _ _ _ _ _ \npages/description_page.py:65: in transition_used_resources_page\n    self.check_expected_link(MainPageLinks.URL_USED_RESOURCES_PAGE)\npages/base_page.py:72: in check_expected_link\n    return Wait(self.driver, self.timeout).until(\n_ _ _ _ _ _ _ _ _ _ _ _ _ _ _ _ _ _ _ _ _ _ _ _ _ _ _ _ _ _ _ _ _ _ _ _ _ _ _ _ \n\nself = <selenium.webdriver.support.wait.WebDriverWait (session=\"7d3b5e29a07452d73f60914fdf37361a\")>\nmethod = <function url_to_be.<locals>._predicate at 0x7f4dd2e79800>\nmessage = \"Can't find element by locator https://brainup.site/used-resources\"\n\n    def until(self, method, message: str = \"\"):\n        \"\"\"Calls the method provided with the driver as an argument until the \\\n        return value does not evaluate to ``False``.\n    \n        :param method: callable(WebDriver)\n        :param message: optional message for :exc:`TimeoutException`\n        :returns: the result of the last call to `method`\n        :raises: :exc:`selenium.common.exceptions.TimeoutException` if timeout occurs\n        \"\"\"\n        screen = None\n        stacktrace = None\n    \n        end_time = time.monotonic() + self._timeout\n        while True:\n            try:\n                value = method(self._driver)\n                if value:\n                    return value\n            except self._ignored_exceptions as exc:\n                screen = getattr(exc, \"screen\", None)\n                stacktrace = getattr(exc, \"stacktrace\", None)\n            time.sleep(self._poll)\n            if time.monotonic() > end_time:\n                break\n>       raise TimeoutException(message, screen, stacktrace)\nE       selenium.common.exceptions.TimeoutException: Message: Can't find element by locator https://brainup.site/used-resources\n\n/opt/hostedtoolcache/Python/3.12.8/x64/lib/python3.12/site-packages/selenium/webdriver/support/wait.py:95: TimeoutException",
  "flaky" : false,
  "newFailed" : false,
  "beforeStages" : [ {
    "name" : "main_page_open",
    "time" : {
      "start" : 1735609695319,
      "stop" : 1735609700193,
      "duration" : 4874
    },
    "status" : "passed",
    "steps" : [ {
      "name" : "Open page: https://brainup.site/",
      "time" : {
        "start" : 1735609695319,
        "stop" : 1735609700193,
        "duration" : 4874
      },
      "status" : "passed",
      "steps" : [ ],
      "attachments" : [ ],
      "parameters" : [ {
        "name" : "driver",
        "value" : "<selenium.webdriver.chrome.webdriver.WebDriver (session=\"7d3b5e29a07452d73f60914fdf37361a\")>"
      } ],
      "stepsCount" : 0,
      "attachmentsCount" : 0,
      "shouldDisplayMessage" : false,
      "hasContent" : true
    } ],
    "attachments" : [ ],
    "parameters" : [ ],
    "stepsCount" : 1,
    "attachmentsCount" : 0,
    "shouldDisplayMessage" : false,
    "hasContent" : true
  }, {
    "name" : "clear_allure_results_folder",
    "time" : {
      "start" : 1735609316940,
      "stop" : 1735609316940,
      "duration" : 0
    },
    "status" : "passed",
    "steps" : [ ],
    "attachments" : [ ],
    "parameters" : [ ],
    "stepsCount" : 0,
    "attachmentsCount" : 0,
    "shouldDisplayMessage" : false,
    "hasContent" : false
  }, {
    "name" : "driver",
    "time" : {
      "start" : 1735609694568,
      "stop" : 1735609695319,
      "duration" : 751
    },
    "status" : "passed",
    "steps" : [ ],
    "attachments" : [ ],
    "parameters" : [ ],
    "stepsCount" : 0,
    "attachmentsCount" : 0,
    "shouldDisplayMessage" : false,
    "hasContent" : false
  } ],
  "testStage" : {
    "status" : "broken",
    "statusMessage" : "selenium.common.exceptions.TimeoutException: Message: Can't find element by locator https://brainup.site/used-resources",
    "statusTrace" : "self = <pages.description_page.DescriptionPage object at 0x7f4dd3034d10>\nurl = 'https://brainup.site/used-resources'\n\n    def check_expected_link(self, url):\n        with allure.step(f'Check url is present: {url}'):\n            try:\n>               return Wait(self.driver, self.timeout).until(\n                    ec.url_to_be(url), message=f\"Can't find element by locator {url}\")\n\npages/base_page.py:68: \n_ _ _ _ _ _ _ _ _ _ _ _ _ _ _ _ _ _ _ _ _ _ _ _ _ _ _ _ _ _ _ _ _ _ _ _ _ _ _ _ \n\nself = <selenium.webdriver.support.wait.WebDriverWait (session=\"7d3b5e29a07452d73f60914fdf37361a\")>\nmethod = <function url_to_be.<locals>._predicate at 0x7f4dd2e79760>\nmessage = \"Can't find element by locator https://brainup.site/used-resources\"\n\n    def until(self, method, message: str = \"\"):\n        \"\"\"Calls the method provided with the driver as an argument until the \\\n        return value does not evaluate to ``False``.\n    \n        :param method: callable(WebDriver)\n        :param message: optional message for :exc:`TimeoutException`\n        :returns: the result of the last call to `method`\n        :raises: :exc:`selenium.common.exceptions.TimeoutException` if timeout occurs\n        \"\"\"\n        screen = None\n        stacktrace = None\n    \n        end_time = time.monotonic() + self._timeout\n        while True:\n            try:\n                value = method(self._driver)\n                if value:\n                    return value\n            except self._ignored_exceptions as exc:\n                screen = getattr(exc, \"screen\", None)\n                stacktrace = getattr(exc, \"stacktrace\", None)\n            time.sleep(self._poll)\n            if time.monotonic() > end_time:\n                break\n>       raise TimeoutException(message, screen, stacktrace)\nE       selenium.common.exceptions.TimeoutException: Message: Can't find element by locator https://brainup.site/used-resources\n\n/opt/hostedtoolcache/Python/3.12.8/x64/lib/python3.12/site-packages/selenium/webdriver/support/wait.py:95: TimeoutException\n\nDuring handling of the above exception, another exception occurred:\n\nself = <tests.description_page_test.TestDescriptionPage object at 0x7f4dd3349070>\ndriver = <selenium.webdriver.chrome.webdriver.WebDriver (session=\"7d3b5e29a07452d73f60914fdf37361a\")>\nmain_page_open = None\n\n    @allure.title(\"Verify redirection to used resources page not authorized user.\")\n    def test_dp_08_verify_redirection_to_used_resources_page(self, driver, main_page_open):\n        page = DescriptionPage(driver)\n>       resources_page_url = page.transition_used_resources_page()\n\ntests/description_page_test.py:54: \n_ _ _ _ _ _ _ _ _ _ _ _ _ _ _ _ _ _ _ _ _ _ _ _ _ _ _ _ _ _ _ _ _ _ _ _ _ _ _ _ \npages/description_page.py:65: in transition_used_resources_page\n    self.check_expected_link(MainPageLinks.URL_USED_RESOURCES_PAGE)\npages/base_page.py:72: in check_expected_link\n    return Wait(self.driver, self.timeout).until(\n_ _ _ _ _ _ _ _ _ _ _ _ _ _ _ _ _ _ _ _ _ _ _ _ _ _ _ _ _ _ _ _ _ _ _ _ _ _ _ _ \n\nself = <selenium.webdriver.support.wait.WebDriverWait (session=\"7d3b5e29a07452d73f60914fdf37361a\")>\nmethod = <function url_to_be.<locals>._predicate at 0x7f4dd2e79800>\nmessage = \"Can't find element by locator https://brainup.site/used-resources\"\n\n    def until(self, method, message: str = \"\"):\n        \"\"\"Calls the method provided with the driver as an argument until the \\\n        return value does not evaluate to ``False``.\n    \n        :param method: callable(WebDriver)\n        :param message: optional message for :exc:`TimeoutException`\n        :returns: the result of the last call to `method`\n        :raises: :exc:`selenium.common.exceptions.TimeoutException` if timeout occurs\n        \"\"\"\n        screen = None\n        stacktrace = None\n    \n        end_time = time.monotonic() + self._timeout\n        while True:\n            try:\n                value = method(self._driver)\n                if value:\n                    return value\n            except self._ignored_exceptions as exc:\n                screen = getattr(exc, \"screen\", None)\n                stacktrace = getattr(exc, \"stacktrace\", None)\n            time.sleep(self._poll)\n            if time.monotonic() > end_time:\n                break\n>       raise TimeoutException(message, screen, stacktrace)\nE       selenium.common.exceptions.TimeoutException: Message: Can't find element by locator https://brainup.site/used-resources\n\n/opt/hostedtoolcache/Python/3.12.8/x64/lib/python3.12/site-packages/selenium/webdriver/support/wait.py:95: TimeoutException",
    "steps" : [ {
      "name" : "Open used resources page",
      "time" : {
        "start" : 1735609700194,
        "stop" : 1735609740677,
        "duration" : 40483
      },
      "status" : "broken",
      "statusMessage" : "selenium.common.exceptions.TimeoutException: Message: Can't find element by locator https://brainup.site/used-resources\n\n",
      "statusTrace" : "  File \"/opt/hostedtoolcache/Python/3.12.8/x64/lib/python3.12/site-packages/allure_commons/_allure.py\", line 192, in impl\n    return func(*a, **kw)\n           ^^^^^^^^^^^^^^\n  File \"/home/runner/work/auto-tests-python/auto-tests-python/pages/description_page.py\", line 65, in transition_used_resources_page\n    self.check_expected_link(MainPageLinks.URL_USED_RESOURCES_PAGE)\n  File \"/home/runner/work/auto-tests-python/auto-tests-python/pages/base_page.py\", line 72, in check_expected_link\n    return Wait(self.driver, self.timeout).until(\n           ^^^^^^^^^^^^^^^^^^^^^^^^^^^^^^^^^^^^^^\n  File \"/opt/hostedtoolcache/Python/3.12.8/x64/lib/python3.12/site-packages/selenium/webdriver/support/wait.py\", line 95, in until\n    raise TimeoutException(message, screen, stacktrace)\n",
      "steps" : [ {
        "name" : "Check url is present: https://brainup.site/used-resources",
        "time" : {
          "start" : 1735609700402,
          "stop" : 1735609740677,
          "duration" : 40275
        },
        "status" : "broken",
        "statusMessage" : "selenium.common.exceptions.TimeoutException: Message: Can't find element by locator https://brainup.site/used-resources\n\n",
        "statusTrace" : "  File \"/home/runner/work/auto-tests-python/auto-tests-python/pages/base_page.py\", line 72, in check_expected_link\n    return Wait(self.driver, self.timeout).until(\n           ^^^^^^^^^^^^^^^^^^^^^^^^^^^^^^^^^^^^^^\n  File \"/opt/hostedtoolcache/Python/3.12.8/x64/lib/python3.12/site-packages/selenium/webdriver/support/wait.py\", line 95, in until\n    raise TimeoutException(message, screen, stacktrace)\n",
        "steps" : [ ],
        "attachments" : [ ],
        "parameters" : [ ],
        "stepsCount" : 0,
        "attachmentsCount" : 0,
        "shouldDisplayMessage" : true,
        "hasContent" : true
      } ],
      "attachments" : [ ],
      "parameters" : [ ],
      "stepsCount" : 1,
      "attachmentsCount" : 0,
      "shouldDisplayMessage" : false,
      "hasContent" : true
    } ],
    "attachments" : [ {
      "uid" : "6f2522927209df04",
      "name" : "Screenshot 2024-12-31 01:49:00.775774",
      "source" : "6f2522927209df04.png",
      "type" : "image/png",
      "size" : 58734
    } ],
    "parameters" : [ ],
    "stepsCount" : 2,
    "attachmentsCount" : 1,
    "shouldDisplayMessage" : true,
    "hasContent" : true
  },
  "afterStages" : [ {
    "name" : "driver::0",
    "time" : {
      "start" : 1735609740777,
      "stop" : 1735609740848,
      "duration" : 71
    },
    "status" : "passed",
    "steps" : [ ],
    "attachments" : [ ],
    "parameters" : [ ],
    "stepsCount" : 0,
    "attachmentsCount" : 0,
    "shouldDisplayMessage" : false,
    "hasContent" : false
  } ],
  "labels" : [ {
    "name" : "epic",
    "value" : "Description Page."
  }, {
    "name" : "parentSuite",
    "value" : "tests"
  }, {
    "name" : "suite",
    "value" : "description_page_test"
  }, {
    "name" : "subSuite",
    "value" : "TestDescriptionPage"
  }, {
    "name" : "host",
    "value" : "fv-az2023-518"
  }, {
    "name" : "thread",
    "value" : "2412-MainThread"
  }, {
    "name" : "framework",
    "value" : "pytest"
  }, {
    "name" : "language",
    "value" : "cpython3"
  }, {
    "name" : "package",
    "value" : "tests.description_page_test"
  }, {
    "name" : "resultFormat",
    "value" : "allure2"
  } ],
  "parameters" : [ ],
  "links" : [ ],
  "hidden" : false,
  "retry" : false,
  "extra" : {
    "severity" : "normal",
    "retries" : [ ],
    "categories" : [ {
      "name" : "Test defects",
      "matchedStatuses" : [ ],
      "flaky" : false
    } ],
    "history" : {
      "statistic" : {
        "failed" : 0,
        "broken" : 8,
        "skipped" : 0,
        "passed" : 78,
        "unknown" : 0,
        "total" : 86
      },
      "items" : [ {
        "uid" : "b02d4e9bc1b58e28",
        "reportUrl" : "https://lambotik.github.io/auto-tests-python/139//#testresult/b02d4e9bc1b58e28",
        "status" : "broken",
        "statusDetails" : "selenium.common.exceptions.TimeoutException: Message: Can't find element by locator https://brainup.site/used-resources",
        "time" : {
          "start" : 1735523482380,
          "stop" : 1735523522828,
          "duration" : 40448
        }
      }, {
        "uid" : "b096297a4c9cb38f",
        "reportUrl" : "https://lambotik.github.io/auto-tests-python/138//#testresult/b096297a4c9cb38f",
        "status" : "broken",
        "statusDetails" : "selenium.common.exceptions.TimeoutException: Message: Can't find element by locator https://brainup.site/used-resources",
        "time" : {
          "start" : 1735437369198,
          "stop" : 1735437409655,
          "duration" : 40457
        }
      }, {
        "uid" : "9d51ed05d528ce63",
        "reportUrl" : "https://lambotik.github.io/auto-tests-python/137//#testresult/9d51ed05d528ce63",
        "status" : "broken",
        "statusDetails" : "selenium.common.exceptions.TimeoutException: Message: Can't find element by locator https://brainup.site/used-resources",
        "time" : {
          "start" : 1735350348316,
          "stop" : 1735350388754,
          "duration" : 40438
        }
      }, {
        "uid" : "514521f3e839f94",
        "reportUrl" : "https://lambotik.github.io/auto-tests-python/136//#testresult/514521f3e839f94",
        "status" : "broken",
        "statusDetails" : "selenium.common.exceptions.TimeoutException: Message: Can't find element by locator https://brainup.site/used-resources",
        "time" : {
          "start" : 1735264139239,
          "stop" : 1735264179686,
          "duration" : 40447
        }
      }, {
        "uid" : "328f25f3e463f8e2",
        "reportUrl" : "https://lambotik.github.io/auto-tests-python/81//#testresult/328f25f3e463f8e2",
        "status" : "passed",
        "time" : {
          "start" : 1730511826010,
          "stop" : 1730511826192,
          "duration" : 182
        }
      }, {
        "uid" : "70a1330595b17539",
        "reportUrl" : "https://lambotik.github.io/auto-tests-python/80//#testresult/70a1330595b17539",
        "status" : "passed",
        "time" : {
          "start" : 1730426002428,
          "stop" : 1730426002575,
          "duration" : 147
        }
      }, {
        "uid" : "e36969c05933697f",
        "reportUrl" : "https://lambotik.github.io/auto-tests-python/79//#testresult/e36969c05933697f",
        "status" : "passed",
        "time" : {
          "start" : 1730339257862,
          "stop" : 1730339258033,
          "duration" : 171
        }
      }, {
        "uid" : "9ea26a42bb98b2ed",
        "reportUrl" : "https://lambotik.github.io/auto-tests-python/78//#testresult/9ea26a42bb98b2ed",
        "status" : "passed",
        "time" : {
          "start" : 1730252768952,
          "stop" : 1730252769122,
          "duration" : 170
        }
      }, {
        "uid" : "b73394dcfc76ccec",
        "reportUrl" : "https://lambotik.github.io/auto-tests-python/77//#testresult/b73394dcfc76ccec",
        "status" : "passed",
        "time" : {
          "start" : 1730166446709,
          "stop" : 1730166446875,
          "duration" : 166
        }
      }, {
        "uid" : "af1bdce3ffe268f4",
        "reportUrl" : "https://lambotik.github.io/auto-tests-python/76//#testresult/af1bdce3ffe268f4",
        "status" : "passed",
        "time" : {
          "start" : 1730080184198,
          "stop" : 1730080184350,
          "duration" : 152
        }
      }, {
        "uid" : "b1b5622de38b4edf",
        "reportUrl" : "https://lambotik.github.io/auto-tests-python/75//#testresult/b1b5622de38b4edf",
        "status" : "passed",
        "time" : {
          "start" : 1729993944574,
          "stop" : 1729993944753,
          "duration" : 179
        }
      }, {
        "uid" : "3e43a4e539dbd3c0",
        "reportUrl" : "https://lambotik.github.io/auto-tests-python/74//#testresult/3e43a4e539dbd3c0",
        "status" : "passed",
        "time" : {
          "start" : 1729906941541,
          "stop" : 1729906941684,
          "duration" : 143
        }
      }, {
        "uid" : "79bd3bb98446bea0",
        "reportUrl" : "https://lambotik.github.io/auto-tests-python/73//#testresult/79bd3bb98446bea0",
        "status" : "passed",
        "time" : {
          "start" : 1729820753238,
          "stop" : 1729820753387,
          "duration" : 149
        }
      }, {
        "uid" : "ea9a7dd8694b769d",
        "reportUrl" : "https://lambotik.github.io/auto-tests-python/72//#testresult/ea9a7dd8694b769d",
        "status" : "passed",
        "time" : {
          "start" : 1729734287577,
          "stop" : 1729734287722,
          "duration" : 145
        }
      }, {
        "uid" : "2575f8c400e7d317",
        "reportUrl" : "https://lambotik.github.io/auto-tests-python/71//#testresult/2575f8c400e7d317",
        "status" : "passed",
        "time" : {
          "start" : 1729647924408,
          "stop" : 1729647924590,
          "duration" : 182
        }
      }, {
        "uid" : "7a5ff04003f068a2",
        "reportUrl" : "https://lambotik.github.io/auto-tests-python/70//#testresult/7a5ff04003f068a2",
        "status" : "passed",
        "time" : {
          "start" : 1729561616962,
          "stop" : 1729561617147,
          "duration" : 185
        }
      }, {
        "uid" : "2de01e07eac07533",
        "reportUrl" : "https://lambotik.github.io/auto-tests-python/69//#testresult/2de01e07eac07533",
        "status" : "passed",
        "time" : {
          "start" : 1729475298578,
          "stop" : 1729475298739,
          "duration" : 161
        }
      }, {
        "uid" : "ecd23a01965fcfdf",
        "reportUrl" : "https://lambotik.github.io/auto-tests-python/68//#testresult/ecd23a01965fcfdf",
        "status" : "passed",
        "time" : {
          "start" : 1729389142483,
          "stop" : 1729389142629,
          "duration" : 146
        }
      }, {
        "uid" : "d167de603dafcc09",
        "reportUrl" : "https://lambotik.github.io/auto-tests-python/67//#testresult/d167de603dafcc09",
        "status" : "passed",
        "time" : {
          "start" : 1729302221277,
          "stop" : 1729302221435,
          "duration" : 158
        }
      }, {
        "uid" : "6e25fc1598aa15d",
        "reportUrl" : "https://lambotik.github.io/auto-tests-python/66//#testresult/6e25fc1598aa15d",
        "status" : "passed",
        "time" : {
          "start" : 1729215928548,
          "stop" : 1729215928696,
          "duration" : 148
        }
      } ]
    },
    "tags" : [ ]
  },
  "source" : "c54c09017680ee02.json",
  "parameterValues" : [ ]
}