{
  "uid" : "c7318c604f71ff67",
  "name" : "Verify redirection to contributors page not authorized user.",
  "fullName" : "tests.description_page_test.TestDescriptionPage#test_dp_07_verify_redirection_to_contributors_page",
  "historyId" : "85f2b35427a7bcbc7a8256ab71746c1d",
  "time" : {
    "start" : 1739670841337,
    "stop" : 1739670881790,
    "duration" : 40453
  },
  "status" : "broken",
  "statusMessage" : "selenium.common.exceptions.TimeoutException: Message: Can't find element by locator https://brainup.site/contributors",
  "statusTrace" : "self = <pages.description_page.DescriptionPage object at 0x7f1a488e7c50>\nurl = 'https://brainup.site/contributors'\n\n    def check_expected_link(self, url):\n        with allure.step(f'Check url is present: {url}'):\n            try:\n>               return Wait(self.driver, self.timeout).until(\n                    ec.url_to_be(url), message=f\"Can't find element by locator {url}\")\n\npages/base_page.py:68: \n_ _ _ _ _ _ _ _ _ _ _ _ _ _ _ _ _ _ _ _ _ _ _ _ _ _ _ _ _ _ _ _ _ _ _ _ _ _ _ _ \n\nself = <selenium.webdriver.support.wait.WebDriverWait (session=\"a475bffaada8aa9e7924fe2b66b73d52\")>\nmethod = <function url_to_be.<locals>._predicate at 0x7f1a48788f40>\nmessage = \"Can't find element by locator https://brainup.site/contributors\"\n\n    def until(self, method, message: str = \"\"):\n        \"\"\"Calls the method provided with the driver as an argument until the \\\n        return value does not evaluate to ``False``.\n    \n        :param method: callable(WebDriver)\n        :param message: optional message for :exc:`TimeoutException`\n        :returns: the result of the last call to `method`\n        :raises: :exc:`selenium.common.exceptions.TimeoutException` if timeout occurs\n        \"\"\"\n        screen = None\n        stacktrace = None\n    \n        end_time = time.monotonic() + self._timeout\n        while True:\n            try:\n                value = method(self._driver)\n                if value:\n                    return value\n            except self._ignored_exceptions as exc:\n                screen = getattr(exc, \"screen\", None)\n                stacktrace = getattr(exc, \"stacktrace\", None)\n            time.sleep(self._poll)\n            if time.monotonic() > end_time:\n                break\n>       raise TimeoutException(message, screen, stacktrace)\nE       selenium.common.exceptions.TimeoutException: Message: Can't find element by locator https://brainup.site/contributors\n\n/opt/hostedtoolcache/Python/3.12.9/x64/lib/python3.12/site-packages/selenium/webdriver/support/wait.py:95: TimeoutException\n\nDuring handling of the above exception, another exception occurred:\n\nself = <tests.description_page_test.TestDescriptionPage object at 0x7f1a48df4f50>\ndriver = <selenium.webdriver.chrome.webdriver.WebDriver (session=\"a475bffaada8aa9e7924fe2b66b73d52\")>\nmain_page_open = None\n\n    @allure.title(\"Verify redirection to contributors page not authorized user.\")\n    def test_dp_07_verify_redirection_to_contributors_page(self, driver, main_page_open):\n        page = DescriptionPage(driver)\n>       contributors_page_url = page.transition_contributors_page()\n\ntests/description_page_test.py:48: \n_ _ _ _ _ _ _ _ _ _ _ _ _ _ _ _ _ _ _ _ _ _ _ _ _ _ _ _ _ _ _ _ _ _ _ _ _ _ _ _ \npages/description_page.py:58: in transition_contributors_page\n    self.check_expected_link(MainPageLinks.URL_CONTRIBUTORS_PAGE)\npages/base_page.py:72: in check_expected_link\n    return Wait(self.driver, self.timeout).until(\n_ _ _ _ _ _ _ _ _ _ _ _ _ _ _ _ _ _ _ _ _ _ _ _ _ _ _ _ _ _ _ _ _ _ _ _ _ _ _ _ \n\nself = <selenium.webdriver.support.wait.WebDriverWait (session=\"a475bffaada8aa9e7924fe2b66b73d52\")>\nmethod = <function url_to_be.<locals>._predicate at 0x7f1a48789080>\nmessage = \"Can't find element by locator https://brainup.site/contributors\"\n\n    def until(self, method, message: str = \"\"):\n        \"\"\"Calls the method provided with the driver as an argument until the \\\n        return value does not evaluate to ``False``.\n    \n        :param method: callable(WebDriver)\n        :param message: optional message for :exc:`TimeoutException`\n        :returns: the result of the last call to `method`\n        :raises: :exc:`selenium.common.exceptions.TimeoutException` if timeout occurs\n        \"\"\"\n        screen = None\n        stacktrace = None\n    \n        end_time = time.monotonic() + self._timeout\n        while True:\n            try:\n                value = method(self._driver)\n                if value:\n                    return value\n            except self._ignored_exceptions as exc:\n                screen = getattr(exc, \"screen\", None)\n                stacktrace = getattr(exc, \"stacktrace\", None)\n            time.sleep(self._poll)\n            if time.monotonic() > end_time:\n                break\n>       raise TimeoutException(message, screen, stacktrace)\nE       selenium.common.exceptions.TimeoutException: Message: Can't find element by locator https://brainup.site/contributors\n\n/opt/hostedtoolcache/Python/3.12.9/x64/lib/python3.12/site-packages/selenium/webdriver/support/wait.py:95: TimeoutException",
  "flaky" : false,
  "newFailed" : false,
  "beforeStages" : [ {
    "name" : "driver",
    "time" : {
      "start" : 1739670837214,
      "stop" : 1739670838042,
      "duration" : 828
    },
    "status" : "passed",
    "steps" : [ ],
    "attachments" : [ ],
    "parameters" : [ ],
    "stepsCount" : 0,
    "attachmentsCount" : 0,
    "shouldDisplayMessage" : false,
    "hasContent" : false
  }, {
    "name" : "clear_allure_results_folder",
    "time" : {
      "start" : 1739670542373,
      "stop" : 1739670542373,
      "duration" : 0
    },
    "status" : "passed",
    "steps" : [ ],
    "attachments" : [ ],
    "parameters" : [ ],
    "stepsCount" : 0,
    "attachmentsCount" : 0,
    "shouldDisplayMessage" : false,
    "hasContent" : false
  }, {
    "name" : "main_page_open",
    "time" : {
      "start" : 1739670838042,
      "stop" : 1739670841337,
      "duration" : 3295
    },
    "status" : "passed",
    "steps" : [ {
      "name" : "Open page: https://brainup.site/",
      "time" : {
        "start" : 1739670838042,
        "stop" : 1739670841337,
        "duration" : 3295
      },
      "status" : "passed",
      "steps" : [ ],
      "attachments" : [ ],
      "parameters" : [ {
        "name" : "driver",
        "value" : "<selenium.webdriver.chrome.webdriver.WebDriver (session=\"a475bffaada8aa9e7924fe2b66b73d52\")>"
      } ],
      "stepsCount" : 0,
      "attachmentsCount" : 0,
      "shouldDisplayMessage" : false,
      "hasContent" : true
    } ],
    "attachments" : [ ],
    "parameters" : [ ],
    "stepsCount" : 1,
    "attachmentsCount" : 0,
    "shouldDisplayMessage" : false,
    "hasContent" : true
  } ],
  "testStage" : {
    "status" : "broken",
    "statusMessage" : "selenium.common.exceptions.TimeoutException: Message: Can't find element by locator https://brainup.site/contributors",
    "statusTrace" : "self = <pages.description_page.DescriptionPage object at 0x7f1a488e7c50>\nurl = 'https://brainup.site/contributors'\n\n    def check_expected_link(self, url):\n        with allure.step(f'Check url is present: {url}'):\n            try:\n>               return Wait(self.driver, self.timeout).until(\n                    ec.url_to_be(url), message=f\"Can't find element by locator {url}\")\n\npages/base_page.py:68: \n_ _ _ _ _ _ _ _ _ _ _ _ _ _ _ _ _ _ _ _ _ _ _ _ _ _ _ _ _ _ _ _ _ _ _ _ _ _ _ _ \n\nself = <selenium.webdriver.support.wait.WebDriverWait (session=\"a475bffaada8aa9e7924fe2b66b73d52\")>\nmethod = <function url_to_be.<locals>._predicate at 0x7f1a48788f40>\nmessage = \"Can't find element by locator https://brainup.site/contributors\"\n\n    def until(self, method, message: str = \"\"):\n        \"\"\"Calls the method provided with the driver as an argument until the \\\n        return value does not evaluate to ``False``.\n    \n        :param method: callable(WebDriver)\n        :param message: optional message for :exc:`TimeoutException`\n        :returns: the result of the last call to `method`\n        :raises: :exc:`selenium.common.exceptions.TimeoutException` if timeout occurs\n        \"\"\"\n        screen = None\n        stacktrace = None\n    \n        end_time = time.monotonic() + self._timeout\n        while True:\n            try:\n                value = method(self._driver)\n                if value:\n                    return value\n            except self._ignored_exceptions as exc:\n                screen = getattr(exc, \"screen\", None)\n                stacktrace = getattr(exc, \"stacktrace\", None)\n            time.sleep(self._poll)\n            if time.monotonic() > end_time:\n                break\n>       raise TimeoutException(message, screen, stacktrace)\nE       selenium.common.exceptions.TimeoutException: Message: Can't find element by locator https://brainup.site/contributors\n\n/opt/hostedtoolcache/Python/3.12.9/x64/lib/python3.12/site-packages/selenium/webdriver/support/wait.py:95: TimeoutException\n\nDuring handling of the above exception, another exception occurred:\n\nself = <tests.description_page_test.TestDescriptionPage object at 0x7f1a48df4f50>\ndriver = <selenium.webdriver.chrome.webdriver.WebDriver (session=\"a475bffaada8aa9e7924fe2b66b73d52\")>\nmain_page_open = None\n\n    @allure.title(\"Verify redirection to contributors page not authorized user.\")\n    def test_dp_07_verify_redirection_to_contributors_page(self, driver, main_page_open):\n        page = DescriptionPage(driver)\n>       contributors_page_url = page.transition_contributors_page()\n\ntests/description_page_test.py:48: \n_ _ _ _ _ _ _ _ _ _ _ _ _ _ _ _ _ _ _ _ _ _ _ _ _ _ _ _ _ _ _ _ _ _ _ _ _ _ _ _ \npages/description_page.py:58: in transition_contributors_page\n    self.check_expected_link(MainPageLinks.URL_CONTRIBUTORS_PAGE)\npages/base_page.py:72: in check_expected_link\n    return Wait(self.driver, self.timeout).until(\n_ _ _ _ _ _ _ _ _ _ _ _ _ _ _ _ _ _ _ _ _ _ _ _ _ _ _ _ _ _ _ _ _ _ _ _ _ _ _ _ \n\nself = <selenium.webdriver.support.wait.WebDriverWait (session=\"a475bffaada8aa9e7924fe2b66b73d52\")>\nmethod = <function url_to_be.<locals>._predicate at 0x7f1a48789080>\nmessage = \"Can't find element by locator https://brainup.site/contributors\"\n\n    def until(self, method, message: str = \"\"):\n        \"\"\"Calls the method provided with the driver as an argument until the \\\n        return value does not evaluate to ``False``.\n    \n        :param method: callable(WebDriver)\n        :param message: optional message for :exc:`TimeoutException`\n        :returns: the result of the last call to `method`\n        :raises: :exc:`selenium.common.exceptions.TimeoutException` if timeout occurs\n        \"\"\"\n        screen = None\n        stacktrace = None\n    \n        end_time = time.monotonic() + self._timeout\n        while True:\n            try:\n                value = method(self._driver)\n                if value:\n                    return value\n            except self._ignored_exceptions as exc:\n                screen = getattr(exc, \"screen\", None)\n                stacktrace = getattr(exc, \"stacktrace\", None)\n            time.sleep(self._poll)\n            if time.monotonic() > end_time:\n                break\n>       raise TimeoutException(message, screen, stacktrace)\nE       selenium.common.exceptions.TimeoutException: Message: Can't find element by locator https://brainup.site/contributors\n\n/opt/hostedtoolcache/Python/3.12.9/x64/lib/python3.12/site-packages/selenium/webdriver/support/wait.py:95: TimeoutException",
    "steps" : [ {
      "name" : "Open contributors page",
      "time" : {
        "start" : 1739670841337,
        "stop" : 1739670881790,
        "duration" : 40453
      },
      "status" : "broken",
      "statusMessage" : "selenium.common.exceptions.TimeoutException: Message: Can't find element by locator https://brainup.site/contributors\n\n",
      "statusTrace" : "  File \"/opt/hostedtoolcache/Python/3.12.9/x64/lib/python3.12/site-packages/allure_commons/_allure.py\", line 192, in impl\n    return func(*a, **kw)\n           ^^^^^^^^^^^^^^\n  File \"/home/runner/work/auto-tests-python/auto-tests-python/pages/description_page.py\", line 58, in transition_contributors_page\n    self.check_expected_link(MainPageLinks.URL_CONTRIBUTORS_PAGE)\n  File \"/home/runner/work/auto-tests-python/auto-tests-python/pages/base_page.py\", line 72, in check_expected_link\n    return Wait(self.driver, self.timeout).until(\n           ^^^^^^^^^^^^^^^^^^^^^^^^^^^^^^^^^^^^^^\n  File \"/opt/hostedtoolcache/Python/3.12.9/x64/lib/python3.12/site-packages/selenium/webdriver/support/wait.py\", line 95, in until\n    raise TimeoutException(message, screen, stacktrace)\n",
      "steps" : [ {
        "name" : "Check url is present: https://brainup.site/contributors",
        "time" : {
          "start" : 1739670841505,
          "stop" : 1739670881789,
          "duration" : 40284
        },
        "status" : "broken",
        "statusMessage" : "selenium.common.exceptions.TimeoutException: Message: Can't find element by locator https://brainup.site/contributors\n\n",
        "statusTrace" : "  File \"/home/runner/work/auto-tests-python/auto-tests-python/pages/base_page.py\", line 72, in check_expected_link\n    return Wait(self.driver, self.timeout).until(\n           ^^^^^^^^^^^^^^^^^^^^^^^^^^^^^^^^^^^^^^\n  File \"/opt/hostedtoolcache/Python/3.12.9/x64/lib/python3.12/site-packages/selenium/webdriver/support/wait.py\", line 95, in until\n    raise TimeoutException(message, screen, stacktrace)\n",
        "steps" : [ ],
        "attachments" : [ ],
        "parameters" : [ ],
        "stepsCount" : 0,
        "attachmentsCount" : 0,
        "shouldDisplayMessage" : true,
        "hasContent" : true
      } ],
      "attachments" : [ ],
      "parameters" : [ ],
      "stepsCount" : 1,
      "attachmentsCount" : 0,
      "shouldDisplayMessage" : false,
      "hasContent" : true
    } ],
    "attachments" : [ {
      "uid" : "197f8b76dcfe342c",
      "name" : "Screenshot 2025-02-16 01:54:41.973857",
      "source" : "197f8b76dcfe342c.png",
      "type" : "image/png",
      "size" : 307343
    } ],
    "parameters" : [ ],
    "stepsCount" : 2,
    "attachmentsCount" : 1,
    "shouldDisplayMessage" : true,
    "hasContent" : true
  },
  "afterStages" : [ {
    "name" : "driver::0",
    "time" : {
      "start" : 1739670881975,
      "stop" : 1739670882042,
      "duration" : 67
    },
    "status" : "passed",
    "steps" : [ ],
    "attachments" : [ ],
    "parameters" : [ ],
    "stepsCount" : 0,
    "attachmentsCount" : 0,
    "shouldDisplayMessage" : false,
    "hasContent" : false
  } ],
  "labels" : [ {
    "name" : "epic",
    "value" : "Description Page."
  }, {
    "name" : "parentSuite",
    "value" : "tests"
  }, {
    "name" : "suite",
    "value" : "description_page_test"
  }, {
    "name" : "subSuite",
    "value" : "TestDescriptionPage"
  }, {
    "name" : "host",
    "value" : "fv-az1074-584"
  }, {
    "name" : "thread",
    "value" : "2445-MainThread"
  }, {
    "name" : "framework",
    "value" : "pytest"
  }, {
    "name" : "language",
    "value" : "cpython3"
  }, {
    "name" : "package",
    "value" : "tests.description_page_test"
  }, {
    "name" : "resultFormat",
    "value" : "allure2"
  } ],
  "parameters" : [ ],
  "links" : [ ],
  "hidden" : false,
  "retry" : false,
  "extra" : {
    "severity" : "normal",
    "retries" : [ ],
    "categories" : [ {
      "name" : "Test defects",
      "matchedStatuses" : [ ],
      "flaky" : false
    } ],
    "history" : {
      "statistic" : {
        "failed" : 0,
        "broken" : 55,
        "skipped" : 0,
        "passed" : 77,
        "unknown" : 0,
        "total" : 132
      },
      "items" : [ {
        "uid" : "50632790dda092b8",
        "reportUrl" : "https://lambotik.github.io/auto-tests-python/186//#testresult/50632790dda092b8",
        "status" : "broken",
        "statusDetails" : "selenium.common.exceptions.TimeoutException: Message: Can't find element by locator https://brainup.site/contributors",
        "time" : {
          "start" : 1739583959126,
          "stop" : 1739583999595,
          "duration" : 40469
        }
      }, {
        "uid" : "5d0a9477d415aae3",
        "reportUrl" : "https://lambotik.github.io/auto-tests-python/185//#testresult/5d0a9477d415aae3",
        "status" : "broken",
        "statusDetails" : "selenium.common.exceptions.TimeoutException: Message: Can't find element by locator https://brainup.site/contributors",
        "time" : {
          "start" : 1739497652231,
          "stop" : 1739497692679,
          "duration" : 40448
        }
      }, {
        "uid" : "db7282649410a407",
        "reportUrl" : "https://lambotik.github.io/auto-tests-python/184//#testresult/db7282649410a407",
        "status" : "broken",
        "statusDetails" : "selenium.common.exceptions.TimeoutException: Message: Can't find element by locator https://brainup.site/contributors",
        "time" : {
          "start" : 1739411270488,
          "stop" : 1739411310940,
          "duration" : 40452
        }
      }, {
        "uid" : "f930b7ce67d34b5a",
        "reportUrl" : "https://lambotik.github.io/auto-tests-python/183//#testresult/f930b7ce67d34b5a",
        "status" : "broken",
        "statusDetails" : "selenium.common.exceptions.TimeoutException: Message: Can't find element by locator https://brainup.site/contributors",
        "time" : {
          "start" : 1739324861100,
          "stop" : 1739324901582,
          "duration" : 40482
        }
      }, {
        "uid" : "5d010491b57583de",
        "reportUrl" : "https://lambotik.github.io/auto-tests-python/182//#testresult/5d010491b57583de",
        "status" : "broken",
        "statusDetails" : "selenium.common.exceptions.TimeoutException: Message: Can't find element by locator https://brainup.site/contributors",
        "time" : {
          "start" : 1739238420930,
          "stop" : 1739238461359,
          "duration" : 40429
        }
      }, {
        "uid" : "3918e679cd0e5cb",
        "reportUrl" : "https://lambotik.github.io/auto-tests-python/181//#testresult/3918e679cd0e5cb",
        "status" : "broken",
        "statusDetails" : "selenium.common.exceptions.TimeoutException: Message: Can't find element by locator https://brainup.site/contributors",
        "time" : {
          "start" : 1739152161208,
          "stop" : 1739152201693,
          "duration" : 40485
        }
      }, {
        "uid" : "5fa35ec337772c3c",
        "reportUrl" : "https://lambotik.github.io/auto-tests-python/180//#testresult/5fa35ec337772c3c",
        "status" : "broken",
        "statusDetails" : "selenium.common.exceptions.TimeoutException: Message: Can't find element by locator https://brainup.site/contributors",
        "time" : {
          "start" : 1739065860650,
          "stop" : 1739065901127,
          "duration" : 40477
        }
      }, {
        "uid" : "dae7830f4c89b199",
        "reportUrl" : "https://lambotik.github.io/auto-tests-python/179//#testresult/dae7830f4c89b199",
        "status" : "broken",
        "statusDetails" : "selenium.common.exceptions.TimeoutException: Message: Can't find element by locator https://brainup.site/contributors",
        "time" : {
          "start" : 1738979022754,
          "stop" : 1738979063200,
          "duration" : 40446
        }
      }, {
        "uid" : "5cdead960758d4a4",
        "reportUrl" : "https://lambotik.github.io/auto-tests-python/178//#testresult/5cdead960758d4a4",
        "status" : "broken",
        "statusDetails" : "selenium.common.exceptions.TimeoutException: Message: Can't find element by locator https://brainup.site/contributors",
        "time" : {
          "start" : 1738892822460,
          "stop" : 1738892862931,
          "duration" : 40471
        }
      }, {
        "uid" : "2a0aa48367bc6023",
        "reportUrl" : "https://lambotik.github.io/auto-tests-python/177//#testresult/2a0aa48367bc6023",
        "status" : "broken",
        "statusDetails" : "selenium.common.exceptions.TimeoutException: Message: Can't find element by locator https://brainup.site/contributors",
        "time" : {
          "start" : 1738806411465,
          "stop" : 1738806451900,
          "duration" : 40435
        }
      }, {
        "uid" : "83e2d292aec415be",
        "reportUrl" : "https://lambotik.github.io/auto-tests-python/176//#testresult/83e2d292aec415be",
        "status" : "broken",
        "statusDetails" : "selenium.common.exceptions.TimeoutException: Message: Can't find element by locator https://brainup.site/contributors",
        "time" : {
          "start" : 1738720049935,
          "stop" : 1738720090402,
          "duration" : 40467
        }
      }, {
        "uid" : "3543dc935063c412",
        "reportUrl" : "https://lambotik.github.io/auto-tests-python/175//#testresult/3543dc935063c412",
        "status" : "broken",
        "statusDetails" : "selenium.common.exceptions.TimeoutException: Message: Can't find element by locator https://brainup.site/contributors",
        "time" : {
          "start" : 1738633541484,
          "stop" : 1738633581960,
          "duration" : 40476
        }
      }, {
        "uid" : "aa83edf182d69906",
        "reportUrl" : "https://lambotik.github.io/auto-tests-python/174//#testresult/aa83edf182d69906",
        "status" : "broken",
        "statusDetails" : "selenium.common.exceptions.TimeoutException: Message: Can't find element by locator https://brainup.site/contributors",
        "time" : {
          "start" : 1738547250045,
          "stop" : 1738547290515,
          "duration" : 40470
        }
      }, {
        "uid" : "8d3ca5e0091075d9",
        "reportUrl" : "https://lambotik.github.io/auto-tests-python/173//#testresult/8d3ca5e0091075d9",
        "status" : "broken",
        "statusDetails" : "selenium.common.exceptions.TimeoutException: Message: Can't find element by locator https://brainup.site/contributors",
        "time" : {
          "start" : 1738460961394,
          "stop" : 1738461001863,
          "duration" : 40469
        }
      }, {
        "uid" : "14bb42f6679d37a8",
        "reportUrl" : "https://lambotik.github.io/auto-tests-python/172//#testresult/14bb42f6679d37a8",
        "status" : "broken",
        "statusDetails" : "selenium.common.exceptions.TimeoutException: Message: Can't find element by locator https://brainup.site/contributors",
        "time" : {
          "start" : 1738374651036,
          "stop" : 1738374691510,
          "duration" : 40474
        }
      }, {
        "uid" : "55e7a3140b224334",
        "reportUrl" : "https://lambotik.github.io/auto-tests-python/170//#testresult/55e7a3140b224334",
        "status" : "broken",
        "statusDetails" : "selenium.common.exceptions.TimeoutException: Message: Can't find element by locator https://brainup.site/contributors",
        "time" : {
          "start" : 1738201479986,
          "stop" : 1738201520445,
          "duration" : 40459
        }
      }, {
        "uid" : "459947ff5e3e1a28",
        "reportUrl" : "https://lambotik.github.io/auto-tests-python/169//#testresult/459947ff5e3e1a28",
        "status" : "broken",
        "statusDetails" : "selenium.common.exceptions.TimeoutException: Message: Can't find element by locator https://brainup.site/contributors",
        "time" : {
          "start" : 1738115086910,
          "stop" : 1738115127387,
          "duration" : 40477
        }
      }, {
        "uid" : "7cd97a087a8a7e2",
        "reportUrl" : "https://lambotik.github.io/auto-tests-python/168//#testresult/7cd97a087a8a7e2",
        "status" : "broken",
        "statusDetails" : "selenium.common.exceptions.TimeoutException: Message: Can't find element by locator https://brainup.site/contributors",
        "time" : {
          "start" : 1738028722416,
          "stop" : 1738028762865,
          "duration" : 40449
        }
      }, {
        "uid" : "a53058c189066356",
        "reportUrl" : "https://lambotik.github.io/auto-tests-python/167//#testresult/a53058c189066356",
        "status" : "broken",
        "statusDetails" : "selenium.common.exceptions.TimeoutException: Message: Can't find element by locator https://brainup.site/contributors",
        "time" : {
          "start" : 1737942404584,
          "stop" : 1737942445041,
          "duration" : 40457
        }
      }, {
        "uid" : "100421337165ba0",
        "reportUrl" : "https://lambotik.github.io/auto-tests-python/166//#testresult/100421337165ba0",
        "status" : "broken",
        "statusDetails" : "selenium.common.exceptions.TimeoutException: Message: Can't find element by locator https://brainup.site/contributors",
        "time" : {
          "start" : 1737856050381,
          "stop" : 1737856090913,
          "duration" : 40532
        }
      } ]
    },
    "tags" : [ ]
  },
  "source" : "c7318c604f71ff67.json",
  "parameterValues" : [ ]
}