{
  "uid" : "516cab51b500f178",
  "name" : "Verify redirection to contacts page not authorized user.",
  "fullName" : "tests.main_page_test.TestMainPage#test_mp_04_verify_redirection_to_contacts_page",
  "historyId" : "226c874842c4733da064a7b34924af4e",
  "time" : {
    "start" : 1740276133950,
    "stop" : 1740276174454,
    "duration" : 40504
  },
  "status" : "broken",
  "statusMessage" : "selenium.common.exceptions.TimeoutException: Message: Can't find element by locator https://brainup.site/contact",
  "statusTrace" : "self = <pages.main_page.MainPage object at 0x7f3d893d5c40>\nurl = 'https://brainup.site/contact'\n\n    def check_expected_link(self, url):\n        with allure.step(f'Check url is present: {url}'):\n            try:\n>               return Wait(self.driver, self.timeout).until(\n                    ec.url_to_be(url), message=f\"Can't find element by locator {url}\")\n\npages/base_page.py:68: \n_ _ _ _ _ _ _ _ _ _ _ _ _ _ _ _ _ _ _ _ _ _ _ _ _ _ _ _ _ _ _ _ _ _ _ _ _ _ _ _ \n\nself = <selenium.webdriver.support.wait.WebDriverWait (session=\"2df0276111e80bfd69002c53b4dfcf5f\")>\nmethod = <function url_to_be.<locals>._predicate at 0x7f3d893bbb00>\nmessage = \"Can't find element by locator https://brainup.site/contact\"\n\n    def until(self, method, message: str = \"\"):\n        \"\"\"Calls the method provided with the driver as an argument until the \\\n        return value does not evaluate to ``False``.\n    \n        :param method: callable(WebDriver)\n        :param message: optional message for :exc:`TimeoutException`\n        :returns: the result of the last call to `method`\n        :raises: :exc:`selenium.common.exceptions.TimeoutException` if timeout occurs\n        \"\"\"\n        screen = None\n        stacktrace = None\n    \n        end_time = time.monotonic() + self._timeout\n        while True:\n            try:\n                value = method(self._driver)\n                if value:\n                    return value\n            except self._ignored_exceptions as exc:\n                screen = getattr(exc, \"screen\", None)\n                stacktrace = getattr(exc, \"stacktrace\", None)\n            time.sleep(self._poll)\n            if time.monotonic() > end_time:\n                break\n>       raise TimeoutException(message, screen, stacktrace)\nE       selenium.common.exceptions.TimeoutException: Message: Can't find element by locator https://brainup.site/contact\n\n/opt/hostedtoolcache/Python/3.12.9/x64/lib/python3.12/site-packages/selenium/webdriver/support/wait.py:95: TimeoutException\n\nDuring handling of the above exception, another exception occurred:\n\nself = <tests.main_page_test.TestMainPage object at 0x7f3d89558350>\ndriver = <selenium.webdriver.chrome.webdriver.WebDriver (session=\"2df0276111e80bfd69002c53b4dfcf5f\")>\nmain_page_open = None\n\n    @allure.title(\"Verify redirection to contacts page not authorized user.\")\n    def test_mp_04_verify_redirection_to_contacts_page(self, driver, main_page_open):\n        page = MainPage(driver)\n>       contacts_page_url = page.open_contacts_page()\n\ntests/main_page_test.py:31: \n_ _ _ _ _ _ _ _ _ _ _ _ _ _ _ _ _ _ _ _ _ _ _ _ _ _ _ _ _ _ _ _ _ _ _ _ _ _ _ _ \npages/main_page.py:36: in open_contacts_page\n    self.check_expected_link(MainPageLinks.URL_CONTACTS_PAGE)\npages/base_page.py:72: in check_expected_link\n    return Wait(self.driver, self.timeout).until(\n_ _ _ _ _ _ _ _ _ _ _ _ _ _ _ _ _ _ _ _ _ _ _ _ _ _ _ _ _ _ _ _ _ _ _ _ _ _ _ _ \n\nself = <selenium.webdriver.support.wait.WebDriverWait (session=\"2df0276111e80bfd69002c53b4dfcf5f\")>\nmethod = <function url_to_be.<locals>._predicate at 0x7f3d893bbc40>\nmessage = \"Can't find element by locator https://brainup.site/contact\"\n\n    def until(self, method, message: str = \"\"):\n        \"\"\"Calls the method provided with the driver as an argument until the \\\n        return value does not evaluate to ``False``.\n    \n        :param method: callable(WebDriver)\n        :param message: optional message for :exc:`TimeoutException`\n        :returns: the result of the last call to `method`\n        :raises: :exc:`selenium.common.exceptions.TimeoutException` if timeout occurs\n        \"\"\"\n        screen = None\n        stacktrace = None\n    \n        end_time = time.monotonic() + self._timeout\n        while True:\n            try:\n                value = method(self._driver)\n                if value:\n                    return value\n            except self._ignored_exceptions as exc:\n                screen = getattr(exc, \"screen\", None)\n                stacktrace = getattr(exc, \"stacktrace\", None)\n            time.sleep(self._poll)\n            if time.monotonic() > end_time:\n                break\n>       raise TimeoutException(message, screen, stacktrace)\nE       selenium.common.exceptions.TimeoutException: Message: Can't find element by locator https://brainup.site/contact\n\n/opt/hostedtoolcache/Python/3.12.9/x64/lib/python3.12/site-packages/selenium/webdriver/support/wait.py:95: TimeoutException",
  "flaky" : false,
  "newFailed" : false,
  "beforeStages" : [ {
    "name" : "driver",
    "time" : {
      "start" : 1740276129841,
      "stop" : 1740276130680,
      "duration" : 839
    },
    "status" : "passed",
    "steps" : [ ],
    "attachments" : [ ],
    "parameters" : [ ],
    "stepsCount" : 0,
    "attachmentsCount" : 0,
    "shouldDisplayMessage" : false,
    "hasContent" : false
  }, {
    "name" : "clear_allure_results_folder",
    "time" : {
      "start" : 1740275336352,
      "stop" : 1740275336352,
      "duration" : 0
    },
    "status" : "passed",
    "steps" : [ ],
    "attachments" : [ ],
    "parameters" : [ ],
    "stepsCount" : 0,
    "attachmentsCount" : 0,
    "shouldDisplayMessage" : false,
    "hasContent" : false
  }, {
    "name" : "main_page_open",
    "time" : {
      "start" : 1740276130680,
      "stop" : 1740276133949,
      "duration" : 3269
    },
    "status" : "passed",
    "steps" : [ {
      "name" : "Open page: https://brainup.site/",
      "time" : {
        "start" : 1740276130680,
        "stop" : 1740276133949,
        "duration" : 3269
      },
      "status" : "passed",
      "steps" : [ ],
      "attachments" : [ ],
      "parameters" : [ {
        "name" : "driver",
        "value" : "<selenium.webdriver.chrome.webdriver.WebDriver (session=\"2df0276111e80bfd69002c53b4dfcf5f\")>"
      } ],
      "stepsCount" : 0,
      "attachmentsCount" : 0,
      "shouldDisplayMessage" : false,
      "hasContent" : true
    } ],
    "attachments" : [ ],
    "parameters" : [ ],
    "stepsCount" : 1,
    "attachmentsCount" : 0,
    "shouldDisplayMessage" : false,
    "hasContent" : true
  } ],
  "testStage" : {
    "status" : "broken",
    "statusMessage" : "selenium.common.exceptions.TimeoutException: Message: Can't find element by locator https://brainup.site/contact",
    "statusTrace" : "self = <pages.main_page.MainPage object at 0x7f3d893d5c40>\nurl = 'https://brainup.site/contact'\n\n    def check_expected_link(self, url):\n        with allure.step(f'Check url is present: {url}'):\n            try:\n>               return Wait(self.driver, self.timeout).until(\n                    ec.url_to_be(url), message=f\"Can't find element by locator {url}\")\n\npages/base_page.py:68: \n_ _ _ _ _ _ _ _ _ _ _ _ _ _ _ _ _ _ _ _ _ _ _ _ _ _ _ _ _ _ _ _ _ _ _ _ _ _ _ _ \n\nself = <selenium.webdriver.support.wait.WebDriverWait (session=\"2df0276111e80bfd69002c53b4dfcf5f\")>\nmethod = <function url_to_be.<locals>._predicate at 0x7f3d893bbb00>\nmessage = \"Can't find element by locator https://brainup.site/contact\"\n\n    def until(self, method, message: str = \"\"):\n        \"\"\"Calls the method provided with the driver as an argument until the \\\n        return value does not evaluate to ``False``.\n    \n        :param method: callable(WebDriver)\n        :param message: optional message for :exc:`TimeoutException`\n        :returns: the result of the last call to `method`\n        :raises: :exc:`selenium.common.exceptions.TimeoutException` if timeout occurs\n        \"\"\"\n        screen = None\n        stacktrace = None\n    \n        end_time = time.monotonic() + self._timeout\n        while True:\n            try:\n                value = method(self._driver)\n                if value:\n                    return value\n            except self._ignored_exceptions as exc:\n                screen = getattr(exc, \"screen\", None)\n                stacktrace = getattr(exc, \"stacktrace\", None)\n            time.sleep(self._poll)\n            if time.monotonic() > end_time:\n                break\n>       raise TimeoutException(message, screen, stacktrace)\nE       selenium.common.exceptions.TimeoutException: Message: Can't find element by locator https://brainup.site/contact\n\n/opt/hostedtoolcache/Python/3.12.9/x64/lib/python3.12/site-packages/selenium/webdriver/support/wait.py:95: TimeoutException\n\nDuring handling of the above exception, another exception occurred:\n\nself = <tests.main_page_test.TestMainPage object at 0x7f3d89558350>\ndriver = <selenium.webdriver.chrome.webdriver.WebDriver (session=\"2df0276111e80bfd69002c53b4dfcf5f\")>\nmain_page_open = None\n\n    @allure.title(\"Verify redirection to contacts page not authorized user.\")\n    def test_mp_04_verify_redirection_to_contacts_page(self, driver, main_page_open):\n        page = MainPage(driver)\n>       contacts_page_url = page.open_contacts_page()\n\ntests/main_page_test.py:31: \n_ _ _ _ _ _ _ _ _ _ _ _ _ _ _ _ _ _ _ _ _ _ _ _ _ _ _ _ _ _ _ _ _ _ _ _ _ _ _ _ \npages/main_page.py:36: in open_contacts_page\n    self.check_expected_link(MainPageLinks.URL_CONTACTS_PAGE)\npages/base_page.py:72: in check_expected_link\n    return Wait(self.driver, self.timeout).until(\n_ _ _ _ _ _ _ _ _ _ _ _ _ _ _ _ _ _ _ _ _ _ _ _ _ _ _ _ _ _ _ _ _ _ _ _ _ _ _ _ \n\nself = <selenium.webdriver.support.wait.WebDriverWait (session=\"2df0276111e80bfd69002c53b4dfcf5f\")>\nmethod = <function url_to_be.<locals>._predicate at 0x7f3d893bbc40>\nmessage = \"Can't find element by locator https://brainup.site/contact\"\n\n    def until(self, method, message: str = \"\"):\n        \"\"\"Calls the method provided with the driver as an argument until the \\\n        return value does not evaluate to ``False``.\n    \n        :param method: callable(WebDriver)\n        :param message: optional message for :exc:`TimeoutException`\n        :returns: the result of the last call to `method`\n        :raises: :exc:`selenium.common.exceptions.TimeoutException` if timeout occurs\n        \"\"\"\n        screen = None\n        stacktrace = None\n    \n        end_time = time.monotonic() + self._timeout\n        while True:\n            try:\n                value = method(self._driver)\n                if value:\n                    return value\n            except self._ignored_exceptions as exc:\n                screen = getattr(exc, \"screen\", None)\n                stacktrace = getattr(exc, \"stacktrace\", None)\n            time.sleep(self._poll)\n            if time.monotonic() > end_time:\n                break\n>       raise TimeoutException(message, screen, stacktrace)\nE       selenium.common.exceptions.TimeoutException: Message: Can't find element by locator https://brainup.site/contact\n\n/opt/hostedtoolcache/Python/3.12.9/x64/lib/python3.12/site-packages/selenium/webdriver/support/wait.py:95: TimeoutException",
    "steps" : [ {
      "name" : "Open contacts page",
      "time" : {
        "start" : 1740276133950,
        "stop" : 1740276174454,
        "duration" : 40504
      },
      "status" : "broken",
      "statusMessage" : "selenium.common.exceptions.TimeoutException: Message: Can't find element by locator https://brainup.site/contact\n\n",
      "statusTrace" : "  File \"/opt/hostedtoolcache/Python/3.12.9/x64/lib/python3.12/site-packages/allure_commons/_allure.py\", line 192, in impl\n    return func(*a, **kw)\n           ^^^^^^^^^^^^^^\n  File \"/home/runner/work/auto-tests-python/auto-tests-python/pages/main_page.py\", line 36, in open_contacts_page\n    self.check_expected_link(MainPageLinks.URL_CONTACTS_PAGE)\n  File \"/home/runner/work/auto-tests-python/auto-tests-python/pages/base_page.py\", line 72, in check_expected_link\n    return Wait(self.driver, self.timeout).until(\n           ^^^^^^^^^^^^^^^^^^^^^^^^^^^^^^^^^^^^^^\n  File \"/opt/hostedtoolcache/Python/3.12.9/x64/lib/python3.12/site-packages/selenium/webdriver/support/wait.py\", line 95, in until\n    raise TimeoutException(message, screen, stacktrace)\n",
      "steps" : [ {
        "name" : "Check url is present: https://brainup.site/contact",
        "time" : {
          "start" : 1740276134166,
          "stop" : 1740276174454,
          "duration" : 40288
        },
        "status" : "broken",
        "statusMessage" : "selenium.common.exceptions.TimeoutException: Message: Can't find element by locator https://brainup.site/contact\n\n",
        "statusTrace" : "  File \"/home/runner/work/auto-tests-python/auto-tests-python/pages/base_page.py\", line 72, in check_expected_link\n    return Wait(self.driver, self.timeout).until(\n           ^^^^^^^^^^^^^^^^^^^^^^^^^^^^^^^^^^^^^^\n  File \"/opt/hostedtoolcache/Python/3.12.9/x64/lib/python3.12/site-packages/selenium/webdriver/support/wait.py\", line 95, in until\n    raise TimeoutException(message, screen, stacktrace)\n",
        "steps" : [ ],
        "attachments" : [ ],
        "parameters" : [ ],
        "stepsCount" : 0,
        "attachmentsCount" : 0,
        "shouldDisplayMessage" : true,
        "hasContent" : true
      } ],
      "attachments" : [ ],
      "parameters" : [ ],
      "stepsCount" : 1,
      "attachmentsCount" : 0,
      "shouldDisplayMessage" : false,
      "hasContent" : true
    } ],
    "attachments" : [ {
      "uid" : "c2a8e97845ea859c",
      "name" : "Screenshot 2025-02-23 02:02:54.563044",
      "source" : "c2a8e97845ea859c.png",
      "type" : "image/png",
      "size" : 66624
    } ],
    "parameters" : [ ],
    "stepsCount" : 2,
    "attachmentsCount" : 1,
    "shouldDisplayMessage" : true,
    "hasContent" : true
  },
  "afterStages" : [ {
    "name" : "driver::0",
    "time" : {
      "start" : 1740276174564,
      "stop" : 1740276174630,
      "duration" : 66
    },
    "status" : "passed",
    "steps" : [ ],
    "attachments" : [ ],
    "parameters" : [ ],
    "stepsCount" : 0,
    "attachmentsCount" : 0,
    "shouldDisplayMessage" : false,
    "hasContent" : false
  } ],
  "labels" : [ {
    "name" : "epic",
    "value" : "Main Page."
  }, {
    "name" : "parentSuite",
    "value" : "tests"
  }, {
    "name" : "suite",
    "value" : "main_page_test"
  }, {
    "name" : "subSuite",
    "value" : "TestMainPage"
  }, {
    "name" : "host",
    "value" : "fv-az1787-403"
  }, {
    "name" : "thread",
    "value" : "2499-MainThread"
  }, {
    "name" : "framework",
    "value" : "pytest"
  }, {
    "name" : "language",
    "value" : "cpython3"
  }, {
    "name" : "package",
    "value" : "tests.main_page_test"
  }, {
    "name" : "resultFormat",
    "value" : "allure2"
  } ],
  "parameters" : [ ],
  "links" : [ ],
  "hidden" : false,
  "retry" : false,
  "extra" : {
    "severity" : "normal",
    "retries" : [ ],
    "categories" : [ {
      "name" : "Test defects",
      "matchedStatuses" : [ ],
      "flaky" : false
    } ],
    "history" : {
      "statistic" : {
        "failed" : 0,
        "broken" : 61,
        "skipped" : 0,
        "passed" : 78,
        "unknown" : 0,
        "total" : 139
      },
      "items" : [ {
        "uid" : "195aca8754ca5b36",
        "reportUrl" : "https://lambotik.github.io/auto-tests-python/193//#testresult/195aca8754ca5b36",
        "status" : "broken",
        "statusDetails" : "selenium.common.exceptions.TimeoutException: Message: Can't find element by locator https://brainup.site/contact",
        "time" : {
          "start" : 1740189329282,
          "stop" : 1740189369731,
          "duration" : 40449
        }
      }, {
        "uid" : "d329a87f1315b497",
        "reportUrl" : "https://lambotik.github.io/auto-tests-python/192//#testresult/d329a87f1315b497",
        "status" : "broken",
        "statusDetails" : "selenium.common.exceptions.TimeoutException: Message: Can't find element by locator https://brainup.site/contact",
        "time" : {
          "start" : 1740103016350,
          "stop" : 1740103056828,
          "duration" : 40478
        }
      }, {
        "uid" : "b1001cf0984fe2d0",
        "reportUrl" : "https://lambotik.github.io/auto-tests-python/191//#testresult/b1001cf0984fe2d0",
        "status" : "broken",
        "statusDetails" : "selenium.common.exceptions.TimeoutException: Message: Can't find element by locator https://brainup.site/contact",
        "time" : {
          "start" : 1740016699268,
          "stop" : 1740016739725,
          "duration" : 40457
        }
      }, {
        "uid" : "7aac24c3952e9978",
        "reportUrl" : "https://lambotik.github.io/auto-tests-python/190//#testresult/7aac24c3952e9978",
        "status" : "broken",
        "statusDetails" : "selenium.common.exceptions.TimeoutException: Message: Can't find element by locator https://brainup.site/contact",
        "time" : {
          "start" : 1739930172494,
          "stop" : 1739930212959,
          "duration" : 40465
        }
      }, {
        "uid" : "38e83e56b33d8356",
        "reportUrl" : "https://lambotik.github.io/auto-tests-python/189//#testresult/38e83e56b33d8356",
        "status" : "broken",
        "statusDetails" : "selenium.common.exceptions.TimeoutException: Message: Can't find element by locator https://brainup.site/contact",
        "time" : {
          "start" : 1739843771595,
          "stop" : 1739843812059,
          "duration" : 40464
        }
      }, {
        "uid" : "b1dfe82fb4371e01",
        "reportUrl" : "https://lambotik.github.io/auto-tests-python/188//#testresult/b1dfe82fb4371e01",
        "status" : "broken",
        "statusDetails" : "selenium.common.exceptions.TimeoutException: Message: Can't find element by locator https://brainup.site/contact",
        "time" : {
          "start" : 1739757521232,
          "stop" : 1739757561658,
          "duration" : 40426
        }
      }, {
        "uid" : "8f51688630d92264",
        "reportUrl" : "https://lambotik.github.io/auto-tests-python/187//#testresult/8f51688630d92264",
        "status" : "broken",
        "statusDetails" : "selenium.common.exceptions.TimeoutException: Message: Can't find element by locator https://brainup.site/contact",
        "time" : {
          "start" : 1739671343164,
          "stop" : 1739671383651,
          "duration" : 40487
        }
      }, {
        "uid" : "7d2156bc9a6ea9bb",
        "reportUrl" : "https://lambotik.github.io/auto-tests-python/186//#testresult/7d2156bc9a6ea9bb",
        "status" : "broken",
        "statusDetails" : "selenium.common.exceptions.TimeoutException: Message: Can't find element by locator https://brainup.site/contact",
        "time" : {
          "start" : 1739584459116,
          "stop" : 1739584499552,
          "duration" : 40436
        }
      }, {
        "uid" : "91c5b72ce3edd3a6",
        "reportUrl" : "https://lambotik.github.io/auto-tests-python/185//#testresult/91c5b72ce3edd3a6",
        "status" : "broken",
        "statusDetails" : "selenium.common.exceptions.TimeoutException: Message: Can't find element by locator https://brainup.site/contact",
        "time" : {
          "start" : 1739498197074,
          "stop" : 1739498237529,
          "duration" : 40455
        }
      }, {
        "uid" : "bef630c5894d0322",
        "reportUrl" : "https://lambotik.github.io/auto-tests-python/184//#testresult/bef630c5894d0322",
        "status" : "broken",
        "statusDetails" : "selenium.common.exceptions.TimeoutException: Message: Can't find element by locator https://brainup.site/contact",
        "time" : {
          "start" : 1739411785457,
          "stop" : 1739411825920,
          "duration" : 40463
        }
      }, {
        "uid" : "39fc742ddb6679eb",
        "reportUrl" : "https://lambotik.github.io/auto-tests-python/183//#testresult/39fc742ddb6679eb",
        "status" : "broken",
        "statusDetails" : "selenium.common.exceptions.TimeoutException: Message: Can't find element by locator https://brainup.site/contact",
        "time" : {
          "start" : 1739325404886,
          "stop" : 1739325445297,
          "duration" : 40411
        }
      }, {
        "uid" : "b4c8c297a35c23b5",
        "reportUrl" : "https://lambotik.github.io/auto-tests-python/182//#testresult/b4c8c297a35c23b5",
        "status" : "broken",
        "statusDetails" : "selenium.common.exceptions.TimeoutException: Message: Can't find element by locator https://brainup.site/contact",
        "time" : {
          "start" : 1739238921362,
          "stop" : 1739238961769,
          "duration" : 40407
        }
      }, {
        "uid" : "76fe1f2276a86218",
        "reportUrl" : "https://lambotik.github.io/auto-tests-python/181//#testresult/76fe1f2276a86218",
        "status" : "broken",
        "statusDetails" : "selenium.common.exceptions.TimeoutException: Message: Can't find element by locator https://brainup.site/contact",
        "time" : {
          "start" : 1739152717001,
          "stop" : 1739152757461,
          "duration" : 40460
        }
      }, {
        "uid" : "28b35da501d0d622",
        "reportUrl" : "https://lambotik.github.io/auto-tests-python/180//#testresult/28b35da501d0d622",
        "status" : "broken",
        "statusDetails" : "selenium.common.exceptions.TimeoutException: Message: Can't find element by locator https://brainup.site/contact",
        "time" : {
          "start" : 1739066374524,
          "stop" : 1739066415005,
          "duration" : 40481
        }
      }, {
        "uid" : "a7b74a6141c11fcd",
        "reportUrl" : "https://lambotik.github.io/auto-tests-python/179//#testresult/a7b74a6141c11fcd",
        "status" : "broken",
        "statusDetails" : "selenium.common.exceptions.TimeoutException: Message: Can't find element by locator https://brainup.site/contact",
        "time" : {
          "start" : 1738979522490,
          "stop" : 1738979562939,
          "duration" : 40449
        }
      }, {
        "uid" : "6c75fba9b85c1d2a",
        "reportUrl" : "https://lambotik.github.io/auto-tests-python/178//#testresult/6c75fba9b85c1d2a",
        "status" : "broken",
        "statusDetails" : "selenium.common.exceptions.TimeoutException: Message: Can't find element by locator https://brainup.site/contact",
        "time" : {
          "start" : 1738893320028,
          "stop" : 1738893360501,
          "duration" : 40473
        }
      }, {
        "uid" : "b0934de75aa40f16",
        "reportUrl" : "https://lambotik.github.io/auto-tests-python/177//#testresult/b0934de75aa40f16",
        "status" : "broken",
        "statusDetails" : "selenium.common.exceptions.TimeoutException: Message: Can't find element by locator https://brainup.site/contact",
        "time" : {
          "start" : 1738806912122,
          "stop" : 1738806952567,
          "duration" : 40445
        }
      }, {
        "uid" : "910e2e8aa35a9be8",
        "reportUrl" : "https://lambotik.github.io/auto-tests-python/176//#testresult/910e2e8aa35a9be8",
        "status" : "broken",
        "statusDetails" : "selenium.common.exceptions.TimeoutException: Message: Can't find element by locator https://brainup.site/contact",
        "time" : {
          "start" : 1738720602432,
          "stop" : 1738720642859,
          "duration" : 40427
        }
      }, {
        "uid" : "ba016511c3e7bca8",
        "reportUrl" : "https://lambotik.github.io/auto-tests-python/175//#testresult/ba016511c3e7bca8",
        "status" : "broken",
        "statusDetails" : "selenium.common.exceptions.TimeoutException: Message: Can't find element by locator https://brainup.site/contact",
        "time" : {
          "start" : 1738634039749,
          "stop" : 1738634080229,
          "duration" : 40480
        }
      }, {
        "uid" : "bab681011fd2b1eb",
        "reportUrl" : "https://lambotik.github.io/auto-tests-python/174//#testresult/bab681011fd2b1eb",
        "status" : "broken",
        "statusDetails" : "selenium.common.exceptions.TimeoutException: Message: Can't find element by locator https://brainup.site/contact",
        "time" : {
          "start" : 1738547801953,
          "stop" : 1738547842422,
          "duration" : 40469
        }
      } ]
    },
    "tags" : [ ]
  },
  "source" : "516cab51b500f178.json",
  "parameterValues" : [ ]
}