{
  "uid" : "9afe0a960d86644c",
  "name" : "Verify presence and visibility of the Header for an authorized user",
  "fullName" : "tests.header_test.TestAuthHeaderPageStructure#test_hpa_01_01_verify_auth_header_presence_and_visibility",
  "historyId" : "06e714c13e1f9312a2229989ffa111bd",
  "time" : {
    "start" : 1735264388474,
    "stop" : 1735264388474,
    "duration" : 0
  },
  "status" : "broken",
  "statusMessage" : "selenium.common.exceptions.TimeoutException: Message: Can't find element by locator https://brainup.site/groups",
  "statusTrace" : "self = <pages.base_page.BasePage object at 0x7ff74c16e0f0>\nurl = 'https://brainup.site/groups'\n\n    def check_expected_link(self, url):\n        with allure.step(f'Check url is present: {url}'):\n            try:\n>               return Wait(self.driver, self.timeout).until(\n                    ec.url_to_be(url), message=f\"Can't find element by locator {url}\")\n\npages/base_page.py:68: \n_ _ _ _ _ _ _ _ _ _ _ _ _ _ _ _ _ _ _ _ _ _ _ _ _ _ _ _ _ _ _ _ _ _ _ _ _ _ _ _ \n\nself = <selenium.webdriver.support.wait.WebDriverWait (session=\"2f8525b9682798648d31019e0f668ad4\")>\nmethod = <function url_to_be.<locals>._predicate at 0x7ff74c165f80>\nmessage = \"Can't find element by locator https://brainup.site/groups\"\n\n    def until(self, method, message: str = \"\"):\n        \"\"\"Calls the method provided with the driver as an argument until the \\\n        return value does not evaluate to ``False``.\n    \n        :param method: callable(WebDriver)\n        :param message: optional message for :exc:`TimeoutException`\n        :returns: the result of the last call to `method`\n        :raises: :exc:`selenium.common.exceptions.TimeoutException` if timeout occurs\n        \"\"\"\n        screen = None\n        stacktrace = None\n    \n        end_time = time.monotonic() + self._timeout\n        while True:\n            try:\n                value = method(self._driver)\n                if value:\n                    return value\n            except self._ignored_exceptions as exc:\n                screen = getattr(exc, \"screen\", None)\n                stacktrace = getattr(exc, \"stacktrace\", None)\n            time.sleep(self._poll)\n            if time.monotonic() > end_time:\n                break\n>       raise TimeoutException(message, screen, stacktrace)\nE       selenium.common.exceptions.TimeoutException: Message: Can't find element by locator https://brainup.site/groups\n\n/opt/hostedtoolcache/Python/3.12.8/x64/lib/python3.12/site-packages/selenium/webdriver/support/wait.py:95: TimeoutException\n\nDuring handling of the above exception, another exception occurred:\n\ndriver = <selenium.webdriver.chrome.webdriver.WebDriver (session=\"2f8525b9682798648d31019e0f668ad4\")>\nmain_page_open = None\n\n    @pytest.fixture()\n    @allure.step('Auto test user authorized')\n    def auto_test_user_authorized(driver, main_page_open):\n        page = BasePage(driver)\n        page.element_is_present_and_clickable(MainPageLocators.LOGIN_BUTTON).click()\n        page.element_is_visible(LoginPageLocators.INPUT_LOGIN).send_keys(os.environ[\"LOGIN\"])\n        page.element_is_visible(LoginPageLocators.INPUT_PASSWORD).send_keys(os.environ[\"PASSWORD\"])\n        page.element_is_present_and_clickable(LoginPageLocators.SIGN_IN_BUTTON).click()\n>       page.check_expected_link(MainPageLinks.URL_GROUPS_PAGE)\n\ntests/conftest.py:71: \n_ _ _ _ _ _ _ _ _ _ _ _ _ _ _ _ _ _ _ _ _ _ _ _ _ _ _ _ _ _ _ _ _ _ _ _ _ _ _ _ \npages/base_page.py:72: in check_expected_link\n    return Wait(self.driver, self.timeout).until(\n_ _ _ _ _ _ _ _ _ _ _ _ _ _ _ _ _ _ _ _ _ _ _ _ _ _ _ _ _ _ _ _ _ _ _ _ _ _ _ _ \n\nself = <selenium.webdriver.support.wait.WebDriverWait (session=\"2f8525b9682798648d31019e0f668ad4\")>\nmethod = <function url_to_be.<locals>._predicate at 0x7ff74c164c20>\nmessage = \"Can't find element by locator https://brainup.site/groups\"\n\n    def until(self, method, message: str = \"\"):\n        \"\"\"Calls the method provided with the driver as an argument until the \\\n        return value does not evaluate to ``False``.\n    \n        :param method: callable(WebDriver)\n        :param message: optional message for :exc:`TimeoutException`\n        :returns: the result of the last call to `method`\n        :raises: :exc:`selenium.common.exceptions.TimeoutException` if timeout occurs\n        \"\"\"\n        screen = None\n        stacktrace = None\n    \n        end_time = time.monotonic() + self._timeout\n        while True:\n            try:\n                value = method(self._driver)\n                if value:\n                    return value\n            except self._ignored_exceptions as exc:\n                screen = getattr(exc, \"screen\", None)\n                stacktrace = getattr(exc, \"stacktrace\", None)\n            time.sleep(self._poll)\n            if time.monotonic() > end_time:\n                break\n>       raise TimeoutException(message, screen, stacktrace)\nE       selenium.common.exceptions.TimeoutException: Message: Can't find element by locator https://brainup.site/groups\n\n/opt/hostedtoolcache/Python/3.12.8/x64/lib/python3.12/site-packages/selenium/webdriver/support/wait.py:95: TimeoutException",
  "flaky" : false,
  "newFailed" : false,
  "beforeStages" : [ {
    "name" : "main_page_open",
    "time" : {
      "start" : 1735264389225,
      "stop" : 1735264393947,
      "duration" : 4722
    },
    "status" : "passed",
    "steps" : [ {
      "name" : "Open page: https://brainup.site/",
      "time" : {
        "start" : 1735264389225,
        "stop" : 1735264393947,
        "duration" : 4722
      },
      "status" : "passed",
      "steps" : [ ],
      "attachments" : [ ],
      "parameters" : [ {
        "name" : "driver",
        "value" : "<selenium.webdriver.chrome.webdriver.WebDriver (session=\"2f8525b9682798648d31019e0f668ad4\")>"
      } ],
      "stepsCount" : 0,
      "attachmentsCount" : 0,
      "shouldDisplayMessage" : false,
      "hasContent" : true
    } ],
    "attachments" : [ ],
    "parameters" : [ ],
    "stepsCount" : 1,
    "attachmentsCount" : 0,
    "shouldDisplayMessage" : false,
    "hasContent" : true
  }, {
    "name" : "driver",
    "time" : {
      "start" : 1735264388474,
      "stop" : 1735264389225,
      "duration" : 751
    },
    "status" : "passed",
    "steps" : [ ],
    "attachments" : [ ],
    "parameters" : [ ],
    "stepsCount" : 0,
    "attachmentsCount" : 0,
    "shouldDisplayMessage" : false,
    "hasContent" : false
  }, {
    "name" : "clear_allure_results_folder",
    "time" : {
      "start" : 1735263743023,
      "stop" : 1735263743023,
      "duration" : 0
    },
    "status" : "passed",
    "steps" : [ ],
    "attachments" : [ ],
    "parameters" : [ ],
    "stepsCount" : 0,
    "attachmentsCount" : 0,
    "shouldDisplayMessage" : false,
    "hasContent" : false
  }, {
    "name" : "auto_test_user_authorized",
    "time" : {
      "start" : 1735264393947,
      "stop" : 1735264434713,
      "duration" : 40766
    },
    "status" : "broken",
    "statusMessage" : "selenium.common.exceptions.TimeoutException: Message: Can't find element by locator https://brainup.site/groups\n\n",
    "statusTrace" : "  File \"/opt/hostedtoolcache/Python/3.12.8/x64/lib/python3.12/site-packages/pluggy/_callers.py\", line 103, in _multicall\n    res = hook_impl.function(*args)\n          ^^^^^^^^^^^^^^^^^^^^^^^^^\n  File \"/opt/hostedtoolcache/Python/3.12.8/x64/lib/python3.12/site-packages/_pytest/fixtures.py\", line 1123, in pytest_fixture_setup\n    result = call_fixture_func(fixturefunc, request, kwargs)\n             ^^^^^^^^^^^^^^^^^^^^^^^^^^^^^^^^^^^^^^^^^^^^^^^\n  File \"/opt/hostedtoolcache/Python/3.12.8/x64/lib/python3.12/site-packages/_pytest/fixtures.py\", line 902, in call_fixture_func\n    fixture_result = fixturefunc(**kwargs)\n                     ^^^^^^^^^^^^^^^^^^^^^\n  File \"/opt/hostedtoolcache/Python/3.12.8/x64/lib/python3.12/site-packages/allure_commons/_allure.py\", line 192, in impl\n    return func(*a, **kw)\n           ^^^^^^^^^^^^^^\n  File \"/home/runner/work/auto-tests-python/auto-tests-python/tests/conftest.py\", line 71, in auto_test_user_authorized\n    page.check_expected_link(MainPageLinks.URL_GROUPS_PAGE)\n  File \"/home/runner/work/auto-tests-python/auto-tests-python/pages/base_page.py\", line 72, in check_expected_link\n    return Wait(self.driver, self.timeout).until(\n           ^^^^^^^^^^^^^^^^^^^^^^^^^^^^^^^^^^^^^^\n  File \"/opt/hostedtoolcache/Python/3.12.8/x64/lib/python3.12/site-packages/selenium/webdriver/support/wait.py\", line 95, in until\n    raise TimeoutException(message, screen, stacktrace)\n",
    "steps" : [ {
      "name" : "Auto test user authorized",
      "time" : {
        "start" : 1735264393947,
        "stop" : 1735264434713,
        "duration" : 40766
      },
      "status" : "broken",
      "statusMessage" : "selenium.common.exceptions.TimeoutException: Message: Can't find element by locator https://brainup.site/groups\n\n",
      "statusTrace" : "  File \"/opt/hostedtoolcache/Python/3.12.8/x64/lib/python3.12/site-packages/allure_commons/_allure.py\", line 192, in impl\n    return func(*a, **kw)\n           ^^^^^^^^^^^^^^\n  File \"/home/runner/work/auto-tests-python/auto-tests-python/tests/conftest.py\", line 71, in auto_test_user_authorized\n    page.check_expected_link(MainPageLinks.URL_GROUPS_PAGE)\n  File \"/home/runner/work/auto-tests-python/auto-tests-python/pages/base_page.py\", line 72, in check_expected_link\n    return Wait(self.driver, self.timeout).until(\n           ^^^^^^^^^^^^^^^^^^^^^^^^^^^^^^^^^^^^^^\n  File \"/opt/hostedtoolcache/Python/3.12.8/x64/lib/python3.12/site-packages/selenium/webdriver/support/wait.py\", line 95, in until\n    raise TimeoutException(message, screen, stacktrace)\n",
      "steps" : [ {
        "name" : "Check url is present: https://brainup.site/groups",
        "time" : {
          "start" : 1735264394357,
          "stop" : 1735264434713,
          "duration" : 40356
        },
        "status" : "broken",
        "statusMessage" : "selenium.common.exceptions.TimeoutException: Message: Can't find element by locator https://brainup.site/groups\n\n",
        "statusTrace" : "  File \"/home/runner/work/auto-tests-python/auto-tests-python/pages/base_page.py\", line 72, in check_expected_link\n    return Wait(self.driver, self.timeout).until(\n           ^^^^^^^^^^^^^^^^^^^^^^^^^^^^^^^^^^^^^^\n  File \"/opt/hostedtoolcache/Python/3.12.8/x64/lib/python3.12/site-packages/selenium/webdriver/support/wait.py\", line 95, in until\n    raise TimeoutException(message, screen, stacktrace)\n",
        "steps" : [ ],
        "attachments" : [ ],
        "parameters" : [ ],
        "stepsCount" : 0,
        "attachmentsCount" : 0,
        "shouldDisplayMessage" : true,
        "hasContent" : true
      } ],
      "attachments" : [ ],
      "parameters" : [ {
        "name" : "driver",
        "value" : "<selenium.webdriver.chrome.webdriver.WebDriver (session=\"2f8525b9682798648d31019e0f668ad4\")>"
      }, {
        "name" : "main_page_open",
        "value" : "None"
      } ],
      "stepsCount" : 1,
      "attachmentsCount" : 0,
      "shouldDisplayMessage" : false,
      "hasContent" : true
    } ],
    "attachments" : [ ],
    "parameters" : [ ],
    "stepsCount" : 2,
    "attachmentsCount" : 0,
    "shouldDisplayMessage" : false,
    "hasContent" : true
  } ],
  "afterStages" : [ {
    "name" : "driver::0",
    "time" : {
      "start" : 1735264434726,
      "stop" : 1735264434799,
      "duration" : 73
    },
    "status" : "passed",
    "steps" : [ ],
    "attachments" : [ ],
    "parameters" : [ ],
    "stepsCount" : 0,
    "attachmentsCount" : 0,
    "shouldDisplayMessage" : false,
    "hasContent" : false
  } ],
  "labels" : [ {
    "name" : "epic",
    "value" : "Test Header"
  }, {
    "name" : "parentSuite",
    "value" : "tests"
  }, {
    "name" : "suite",
    "value" : "header_test"
  }, {
    "name" : "subSuite",
    "value" : "TestHeaderPage"
  }, {
    "name" : "host",
    "value" : "fv-az1372-862"
  }, {
    "name" : "thread",
    "value" : "2389-MainThread"
  }, {
    "name" : "framework",
    "value" : "pytest"
  }, {
    "name" : "language",
    "value" : "cpython3"
  }, {
    "name" : "package",
    "value" : "tests.header_test"
  }, {
    "name" : "resultFormat",
    "value" : "allure2"
  } ],
  "parameters" : [ ],
  "links" : [ ],
  "hidden" : false,
  "retry" : false,
  "extra" : {
    "severity" : "normal",
    "retries" : [ ],
    "categories" : [ {
      "name" : "Test defects",
      "matchedStatuses" : [ ],
      "flaky" : false
    } ],
    "history" : {
      "statistic" : {
        "failed" : 0,
        "broken" : 5,
        "skipped" : 0,
        "passed" : 42,
        "unknown" : 0,
        "total" : 47
      },
      "items" : [ {
        "uid" : "5cf0c7b89401cd98",
        "reportUrl" : "https://lambotik.github.io/auto-tests-python/81//#testresult/5cf0c7b89401cd98",
        "status" : "passed",
        "time" : {
          "start" : 1730511965938,
          "stop" : 1730511965963,
          "duration" : 25
        }
      }, {
        "uid" : "e987fb5bd891fe74",
        "reportUrl" : "https://lambotik.github.io/auto-tests-python/80//#testresult/e987fb5bd891fe74",
        "status" : "passed",
        "time" : {
          "start" : 1730426141854,
          "stop" : 1730426141885,
          "duration" : 31
        }
      }, {
        "uid" : "db380072c8d56b90",
        "reportUrl" : "https://lambotik.github.io/auto-tests-python/79//#testresult/db380072c8d56b90",
        "status" : "passed",
        "time" : {
          "start" : 1730339389899,
          "stop" : 1730339389926,
          "duration" : 27
        }
      }, {
        "uid" : "19b64fe88a23e54c",
        "reportUrl" : "https://lambotik.github.io/auto-tests-python/78//#testresult/19b64fe88a23e54c",
        "status" : "passed",
        "time" : {
          "start" : 1730252898356,
          "stop" : 1730252898382,
          "duration" : 26
        }
      }, {
        "uid" : "63a8acce99a0afda",
        "reportUrl" : "https://lambotik.github.io/auto-tests-python/77//#testresult/63a8acce99a0afda",
        "status" : "passed",
        "time" : {
          "start" : 1730166590738,
          "stop" : 1730166590770,
          "duration" : 32
        }
      }, {
        "uid" : "657545bdfd17e1b4",
        "reportUrl" : "https://lambotik.github.io/auto-tests-python/76//#testresult/657545bdfd17e1b4",
        "status" : "passed",
        "time" : {
          "start" : 1730080327130,
          "stop" : 1730080327164,
          "duration" : 34
        }
      }, {
        "uid" : "ba8eb628b6c5a331",
        "reportUrl" : "https://lambotik.github.io/auto-tests-python/75//#testresult/ba8eb628b6c5a331",
        "status" : "passed",
        "time" : {
          "start" : 1729994075437,
          "stop" : 1729994075464,
          "duration" : 27
        }
      }, {
        "uid" : "31b0dc19772ef6eb",
        "reportUrl" : "https://lambotik.github.io/auto-tests-python/74//#testresult/31b0dc19772ef6eb",
        "status" : "passed",
        "time" : {
          "start" : 1729907069009,
          "stop" : 1729907069035,
          "duration" : 26
        }
      }, {
        "uid" : "2466704fe0ccce4f",
        "reportUrl" : "https://lambotik.github.io/auto-tests-python/73//#testresult/2466704fe0ccce4f",
        "status" : "passed",
        "time" : {
          "start" : 1729820882681,
          "stop" : 1729820882707,
          "duration" : 26
        }
      }, {
        "uid" : "539aff50dfaf0f32",
        "reportUrl" : "https://lambotik.github.io/auto-tests-python/72//#testresult/539aff50dfaf0f32",
        "status" : "passed",
        "time" : {
          "start" : 1729734415938,
          "stop" : 1729734415963,
          "duration" : 25
        }
      }, {
        "uid" : "44edf4cac1835d3b",
        "reportUrl" : "https://lambotik.github.io/auto-tests-python/71//#testresult/44edf4cac1835d3b",
        "status" : "passed",
        "time" : {
          "start" : 1729648090997,
          "stop" : 1729648091024,
          "duration" : 27
        }
      }, {
        "uid" : "a9a01fba5708dd3f",
        "reportUrl" : "https://lambotik.github.io/auto-tests-python/70//#testresult/a9a01fba5708dd3f",
        "status" : "passed",
        "time" : {
          "start" : 1729561783130,
          "stop" : 1729561783156,
          "duration" : 26
        }
      }, {
        "uid" : "163022b0f7f9d1bc",
        "reportUrl" : "https://lambotik.github.io/auto-tests-python/69//#testresult/163022b0f7f9d1bc",
        "status" : "passed",
        "time" : {
          "start" : 1729475459888,
          "stop" : 1729475459915,
          "duration" : 27
        }
      }, {
        "uid" : "66441dd3096030cc",
        "reportUrl" : "https://lambotik.github.io/auto-tests-python/68//#testresult/66441dd3096030cc",
        "status" : "passed",
        "time" : {
          "start" : 1729389272442,
          "stop" : 1729389272468,
          "duration" : 26
        }
      }, {
        "uid" : "f0123d34ba48784",
        "reportUrl" : "https://lambotik.github.io/auto-tests-python/67//#testresult/f0123d34ba48784",
        "status" : "passed",
        "time" : {
          "start" : 1729302357052,
          "stop" : 1729302357077,
          "duration" : 25
        }
      }, {
        "uid" : "d6a0c395958f8499",
        "reportUrl" : "https://lambotik.github.io/auto-tests-python/66//#testresult/d6a0c395958f8499",
        "status" : "passed",
        "time" : {
          "start" : 1729216058301,
          "stop" : 1729216058327,
          "duration" : 26
        }
      }, {
        "uid" : "2181c3f6dffd2130",
        "reportUrl" : "https://lambotik.github.io/auto-tests-python/65//#testresult/2181c3f6dffd2130",
        "status" : "passed",
        "time" : {
          "start" : 1729129660484,
          "stop" : 1729129660516,
          "duration" : 32
        }
      }, {
        "uid" : "4729765e1eb5da6a",
        "reportUrl" : "https://lambotik.github.io/auto-tests-python/64//#testresult/4729765e1eb5da6a",
        "status" : "passed",
        "time" : {
          "start" : 1729043304069,
          "stop" : 1729043304094,
          "duration" : 25
        }
      }, {
        "uid" : "4e985a43e8a0ca9b",
        "reportUrl" : "https://lambotik.github.io/auto-tests-python/63//#testresult/4e985a43e8a0ca9b",
        "status" : "passed",
        "time" : {
          "start" : 1728956888061,
          "stop" : 1728956888095,
          "duration" : 34
        }
      }, {
        "uid" : "b111b695365581da",
        "reportUrl" : "https://lambotik.github.io/auto-tests-python/62//#testresult/b111b695365581da",
        "status" : "passed",
        "time" : {
          "start" : 1728870575106,
          "stop" : 1728870575132,
          "duration" : 26
        }
      } ]
    },
    "tags" : [ ]
  },
  "source" : "9afe0a960d86644c.json",
  "parameterValues" : [ ]
}