{
  "uid" : "9ba8303d9d4cf42c",
  "name" : "Select a random card from \"Группа слов\" group and compare UI vs BACKEND data.",
  "fullName" : "tests.test_speech_exercises_ru.TestCardsRU#test_random_cards_in_group_words_ru",
  "historyId" : "0c99feebb7314b5ff7efb452ee6dded7",
  "time" : {
    "start" : 1735265480718,
    "stop" : 1735265480718,
    "duration" : 0
  },
  "status" : "skipped",
  "statusMessage" : "XFAIL\n\nselenium.common.exceptions.TimeoutException: Message: Can't find element by locator https://brainup.site/groups",
  "statusTrace" : "self = <pages.base_page.BasePage object at 0x7ff74c1c1fd0>\nurl = 'https://brainup.site/groups'\n\n    def check_expected_link(self, url):\n        with allure.step(f'Check url is present: {url}'):\n            try:\n>               return Wait(self.driver, self.timeout).until(\n                    ec.url_to_be(url), message=f\"Can't find element by locator {url}\")\n\npages/base_page.py:68: \n_ _ _ _ _ _ _ _ _ _ _ _ _ _ _ _ _ _ _ _ _ _ _ _ _ _ _ _ _ _ _ _ _ _ _ _ _ _ _ _ \n\nself = <selenium.webdriver.support.wait.WebDriverWait (session=\"fd2b6c0eb91ed5d0754fd29681712e89\")>\nmethod = <function url_to_be.<locals>._predicate at 0x7ff74c1d49a0>\nmessage = \"Can't find element by locator https://brainup.site/groups\"\n\n    def until(self, method, message: str = \"\"):\n        \"\"\"Calls the method provided with the driver as an argument until the \\\n        return value does not evaluate to ``False``.\n    \n        :param method: callable(WebDriver)\n        :param message: optional message for :exc:`TimeoutException`\n        :returns: the result of the last call to `method`\n        :raises: :exc:`selenium.common.exceptions.TimeoutException` if timeout occurs\n        \"\"\"\n        screen = None\n        stacktrace = None\n    \n        end_time = time.monotonic() + self._timeout\n        while True:\n            try:\n                value = method(self._driver)\n                if value:\n                    return value\n            except self._ignored_exceptions as exc:\n                screen = getattr(exc, \"screen\", None)\n                stacktrace = getattr(exc, \"stacktrace\", None)\n            time.sleep(self._poll)\n            if time.monotonic() > end_time:\n                break\n>       raise TimeoutException(message, screen, stacktrace)\nE       selenium.common.exceptions.TimeoutException: Message: Can't find element by locator https://brainup.site/groups\n\n/opt/hostedtoolcache/Python/3.12.8/x64/lib/python3.12/site-packages/selenium/webdriver/support/wait.py:95: TimeoutException\n\nDuring handling of the above exception, another exception occurred:\n\ndriver = <selenium.webdriver.chrome.webdriver.WebDriver (session=\"fd2b6c0eb91ed5d0754fd29681712e89\")>\nmain_page_open = None\n\n    @pytest.fixture()\n    @allure.step('USER specialist authorized')\n    def specialist_user_authorized(driver, main_page_open):\n        page = BasePage(driver)\n        page.element_is_present_and_clickable(MainPageLocators.LOGIN_BUTTON).click()\n        page.element_is_visible(LoginPageLocators.INPUT_LOGIN).send_keys(os.environ[\"SPECIALIST_LOGIN\"])\n        page.element_is_visible(LoginPageLocators.INPUT_PASSWORD).send_keys(os.environ[\"PASSWORD\"])\n        page.element_is_present_and_clickable(LoginPageLocators.SIGN_IN_BUTTON).click()\n>       page.check_expected_link(MainPageLinks.URL_GROUPS_PAGE)\n\ntests/conftest.py:84: \n_ _ _ _ _ _ _ _ _ _ _ _ _ _ _ _ _ _ _ _ _ _ _ _ _ _ _ _ _ _ _ _ _ _ _ _ _ _ _ _ \npages/base_page.py:72: in check_expected_link\n    return Wait(self.driver, self.timeout).until(\n_ _ _ _ _ _ _ _ _ _ _ _ _ _ _ _ _ _ _ _ _ _ _ _ _ _ _ _ _ _ _ _ _ _ _ _ _ _ _ _ \n\nself = <selenium.webdriver.support.wait.WebDriverWait (session=\"fd2b6c0eb91ed5d0754fd29681712e89\")>\nmethod = <function url_to_be.<locals>._predicate at 0x7ff74c1d40e0>\nmessage = \"Can't find element by locator https://brainup.site/groups\"\n\n    def until(self, method, message: str = \"\"):\n        \"\"\"Calls the method provided with the driver as an argument until the \\\n        return value does not evaluate to ``False``.\n    \n        :param method: callable(WebDriver)\n        :param message: optional message for :exc:`TimeoutException`\n        :returns: the result of the last call to `method`\n        :raises: :exc:`selenium.common.exceptions.TimeoutException` if timeout occurs\n        \"\"\"\n        screen = None\n        stacktrace = None\n    \n        end_time = time.monotonic() + self._timeout\n        while True:\n            try:\n                value = method(self._driver)\n                if value:\n                    return value\n            except self._ignored_exceptions as exc:\n                screen = getattr(exc, \"screen\", None)\n                stacktrace = getattr(exc, \"stacktrace\", None)\n            time.sleep(self._poll)\n            if time.monotonic() > end_time:\n                break\n>       raise TimeoutException(message, screen, stacktrace)\nE       selenium.common.exceptions.TimeoutException: Message: Can't find element by locator https://brainup.site/groups\n\n/opt/hostedtoolcache/Python/3.12.8/x64/lib/python3.12/site-packages/selenium/webdriver/support/wait.py:95: TimeoutException",
  "flaky" : false,
  "newFailed" : false,
  "beforeStages" : [ {
    "name" : "specialist_user_authorized",
    "time" : {
      "start" : 1735265486251,
      "stop" : 1735265526938,
      "duration" : 40687
    },
    "status" : "broken",
    "statusMessage" : "selenium.common.exceptions.TimeoutException: Message: Can't find element by locator https://brainup.site/groups\n\n",
    "statusTrace" : "  File \"/opt/hostedtoolcache/Python/3.12.8/x64/lib/python3.12/site-packages/pluggy/_callers.py\", line 103, in _multicall\n    res = hook_impl.function(*args)\n          ^^^^^^^^^^^^^^^^^^^^^^^^^\n  File \"/opt/hostedtoolcache/Python/3.12.8/x64/lib/python3.12/site-packages/_pytest/fixtures.py\", line 1123, in pytest_fixture_setup\n    result = call_fixture_func(fixturefunc, request, kwargs)\n             ^^^^^^^^^^^^^^^^^^^^^^^^^^^^^^^^^^^^^^^^^^^^^^^\n  File \"/opt/hostedtoolcache/Python/3.12.8/x64/lib/python3.12/site-packages/_pytest/fixtures.py\", line 902, in call_fixture_func\n    fixture_result = fixturefunc(**kwargs)\n                     ^^^^^^^^^^^^^^^^^^^^^\n  File \"/opt/hostedtoolcache/Python/3.12.8/x64/lib/python3.12/site-packages/allure_commons/_allure.py\", line 192, in impl\n    return func(*a, **kw)\n           ^^^^^^^^^^^^^^\n  File \"/home/runner/work/auto-tests-python/auto-tests-python/tests/conftest.py\", line 84, in specialist_user_authorized\n    page.check_expected_link(MainPageLinks.URL_GROUPS_PAGE)\n  File \"/home/runner/work/auto-tests-python/auto-tests-python/pages/base_page.py\", line 72, in check_expected_link\n    return Wait(self.driver, self.timeout).until(\n           ^^^^^^^^^^^^^^^^^^^^^^^^^^^^^^^^^^^^^^\n  File \"/opt/hostedtoolcache/Python/3.12.8/x64/lib/python3.12/site-packages/selenium/webdriver/support/wait.py\", line 95, in until\n    raise TimeoutException(message, screen, stacktrace)\n",
    "steps" : [ {
      "name" : "USER specialist authorized",
      "time" : {
        "start" : 1735265486251,
        "stop" : 1735265526938,
        "duration" : 40687
      },
      "status" : "broken",
      "statusMessage" : "selenium.common.exceptions.TimeoutException: Message: Can't find element by locator https://brainup.site/groups\n\n",
      "statusTrace" : "  File \"/opt/hostedtoolcache/Python/3.12.8/x64/lib/python3.12/site-packages/allure_commons/_allure.py\", line 192, in impl\n    return func(*a, **kw)\n           ^^^^^^^^^^^^^^\n  File \"/home/runner/work/auto-tests-python/auto-tests-python/tests/conftest.py\", line 84, in specialist_user_authorized\n    page.check_expected_link(MainPageLinks.URL_GROUPS_PAGE)\n  File \"/home/runner/work/auto-tests-python/auto-tests-python/pages/base_page.py\", line 72, in check_expected_link\n    return Wait(self.driver, self.timeout).until(\n           ^^^^^^^^^^^^^^^^^^^^^^^^^^^^^^^^^^^^^^\n  File \"/opt/hostedtoolcache/Python/3.12.8/x64/lib/python3.12/site-packages/selenium/webdriver/support/wait.py\", line 95, in until\n    raise TimeoutException(message, screen, stacktrace)\n",
      "steps" : [ {
        "name" : "Check url is present: https://brainup.site/groups",
        "time" : {
          "start" : 1735265486668,
          "stop" : 1735265526938,
          "duration" : 40270
        },
        "status" : "broken",
        "statusMessage" : "selenium.common.exceptions.TimeoutException: Message: Can't find element by locator https://brainup.site/groups\n\n",
        "statusTrace" : "  File \"/home/runner/work/auto-tests-python/auto-tests-python/pages/base_page.py\", line 72, in check_expected_link\n    return Wait(self.driver, self.timeout).until(\n           ^^^^^^^^^^^^^^^^^^^^^^^^^^^^^^^^^^^^^^\n  File \"/opt/hostedtoolcache/Python/3.12.8/x64/lib/python3.12/site-packages/selenium/webdriver/support/wait.py\", line 95, in until\n    raise TimeoutException(message, screen, stacktrace)\n",
        "steps" : [ ],
        "attachments" : [ ],
        "parameters" : [ ],
        "stepsCount" : 0,
        "attachmentsCount" : 0,
        "shouldDisplayMessage" : true,
        "hasContent" : true
      } ],
      "attachments" : [ ],
      "parameters" : [ {
        "name" : "driver",
        "value" : "<selenium.webdriver.chrome.webdriver.WebDriver (session=\"fd2b6c0eb91ed5d0754fd29681712e89\")>"
      }, {
        "name" : "main_page_open",
        "value" : "None"
      } ],
      "stepsCount" : 1,
      "attachmentsCount" : 0,
      "shouldDisplayMessage" : false,
      "hasContent" : true
    } ],
    "attachments" : [ ],
    "parameters" : [ ],
    "stepsCount" : 2,
    "attachmentsCount" : 0,
    "shouldDisplayMessage" : false,
    "hasContent" : true
  }, {
    "name" : "main_page_open",
    "time" : {
      "start" : 1735265481478,
      "stop" : 1735265486251,
      "duration" : 4773
    },
    "status" : "passed",
    "steps" : [ {
      "name" : "Open page: https://brainup.site/",
      "time" : {
        "start" : 1735265481479,
        "stop" : 1735265486251,
        "duration" : 4772
      },
      "status" : "passed",
      "steps" : [ ],
      "attachments" : [ ],
      "parameters" : [ {
        "name" : "driver",
        "value" : "<selenium.webdriver.chrome.webdriver.WebDriver (session=\"fd2b6c0eb91ed5d0754fd29681712e89\")>"
      } ],
      "stepsCount" : 0,
      "attachmentsCount" : 0,
      "shouldDisplayMessage" : false,
      "hasContent" : true
    } ],
    "attachments" : [ ],
    "parameters" : [ ],
    "stepsCount" : 1,
    "attachmentsCount" : 0,
    "shouldDisplayMessage" : false,
    "hasContent" : true
  }, {
    "name" : "driver",
    "time" : {
      "start" : 1735265480719,
      "stop" : 1735265481478,
      "duration" : 759
    },
    "status" : "passed",
    "steps" : [ ],
    "attachments" : [ ],
    "parameters" : [ ],
    "stepsCount" : 0,
    "attachmentsCount" : 0,
    "shouldDisplayMessage" : false,
    "hasContent" : false
  }, {
    "name" : "clear_allure_results_folder",
    "time" : {
      "start" : 1735263743023,
      "stop" : 1735263743023,
      "duration" : 0
    },
    "status" : "passed",
    "steps" : [ ],
    "attachments" : [ ],
    "parameters" : [ ],
    "stepsCount" : 0,
    "attachmentsCount" : 0,
    "shouldDisplayMessage" : false,
    "hasContent" : false
  } ],
  "afterStages" : [ {
    "name" : "driver::0",
    "time" : {
      "start" : 1735265526951,
      "stop" : 1735265527025,
      "duration" : 74
    },
    "status" : "passed",
    "steps" : [ ],
    "attachments" : [ ],
    "parameters" : [ ],
    "stepsCount" : 0,
    "attachmentsCount" : 0,
    "shouldDisplayMessage" : false,
    "hasContent" : false
  } ],
  "labels" : [ {
    "name" : "epic",
    "value" : "Speech exercises."
  }, {
    "name" : "suite",
    "value" : "Речевые упражнения."
  }, {
    "name" : "tag",
    "value" : "@pytest.mark.xfail"
  }, {
    "name" : "parentSuite",
    "value" : "tests"
  }, {
    "name" : "subSuite",
    "value" : "TestCardsRU"
  }, {
    "name" : "host",
    "value" : "fv-az1372-862"
  }, {
    "name" : "thread",
    "value" : "2389-MainThread"
  }, {
    "name" : "framework",
    "value" : "pytest"
  }, {
    "name" : "language",
    "value" : "cpython3"
  }, {
    "name" : "package",
    "value" : "tests.test_speech_exercises_ru"
  }, {
    "name" : "resultFormat",
    "value" : "allure2"
  } ],
  "parameters" : [ ],
  "links" : [ ],
  "hidden" : false,
  "retry" : false,
  "extra" : {
    "severity" : "normal",
    "retries" : [ ],
    "categories" : [ ],
    "history" : {
      "statistic" : {
        "failed" : 0,
        "broken" : 0,
        "skipped" : 10,
        "passed" : 72,
        "unknown" : 0,
        "total" : 82
      },
      "items" : [ {
        "uid" : "2002b87e2852dbf6",
        "reportUrl" : "https://lambotik.github.io/auto-tests-python/81//#testresult/2002b87e2852dbf6",
        "status" : "passed",
        "statusDetails" : "XPASS",
        "time" : {
          "start" : 1730512343523,
          "stop" : 1730512352975,
          "duration" : 9452
        }
      }, {
        "uid" : "ae6661f6310881a1",
        "reportUrl" : "https://lambotik.github.io/auto-tests-python/80//#testresult/ae6661f6310881a1",
        "status" : "passed",
        "statusDetails" : "XPASS",
        "time" : {
          "start" : 1730426523829,
          "stop" : 1730426533795,
          "duration" : 9966
        }
      }, {
        "uid" : "eb183447bb06d66b",
        "reportUrl" : "https://lambotik.github.io/auto-tests-python/79//#testresult/eb183447bb06d66b",
        "status" : "passed",
        "statusDetails" : "XPASS",
        "time" : {
          "start" : 1730339745216,
          "stop" : 1730339754037,
          "duration" : 8821
        }
      }, {
        "uid" : "d54706cbb91a6820",
        "reportUrl" : "https://lambotik.github.io/auto-tests-python/78//#testresult/d54706cbb91a6820",
        "status" : "passed",
        "statusDetails" : "XPASS",
        "time" : {
          "start" : 1730253255669,
          "stop" : 1730253268483,
          "duration" : 12814
        }
      }, {
        "uid" : "6cd710dd29b6b764",
        "reportUrl" : "https://lambotik.github.io/auto-tests-python/77//#testresult/6cd710dd29b6b764",
        "status" : "passed",
        "statusDetails" : "XPASS",
        "time" : {
          "start" : 1730166979345,
          "stop" : 1730166990197,
          "duration" : 10852
        }
      }, {
        "uid" : "7ab9762ad5795f63",
        "reportUrl" : "https://lambotik.github.io/auto-tests-python/76//#testresult/7ab9762ad5795f63",
        "status" : "passed",
        "statusDetails" : "XPASS",
        "time" : {
          "start" : 1730080715716,
          "stop" : 1730080726338,
          "duration" : 10622
        }
      }, {
        "uid" : "57216ecaec563e51",
        "reportUrl" : "https://lambotik.github.io/auto-tests-python/75//#testresult/57216ecaec563e51",
        "status" : "passed",
        "statusDetails" : "XPASS",
        "time" : {
          "start" : 1729994500207,
          "stop" : 1729994510878,
          "duration" : 10671
        }
      }, {
        "uid" : "ab5235b4d88301c9",
        "reportUrl" : "https://lambotik.github.io/auto-tests-python/74//#testresult/ab5235b4d88301c9",
        "status" : "passed",
        "statusDetails" : "XPASS",
        "time" : {
          "start" : 1729907429882,
          "stop" : 1729907439944,
          "duration" : 10062
        }
      }, {
        "uid" : "603718c5d755ba75",
        "reportUrl" : "https://lambotik.github.io/auto-tests-python/73//#testresult/603718c5d755ba75",
        "status" : "passed",
        "statusDetails" : "XPASS",
        "time" : {
          "start" : 1729821280235,
          "stop" : 1729821290848,
          "duration" : 10613
        }
      }, {
        "uid" : "1b46c6c26882a259",
        "reportUrl" : "https://lambotik.github.io/auto-tests-python/72//#testresult/1b46c6c26882a259",
        "status" : "passed",
        "statusDetails" : "XPASS",
        "time" : {
          "start" : 1729734780677,
          "stop" : 1729734791475,
          "duration" : 10798
        }
      }, {
        "uid" : "43f32e93fb6d9fa1",
        "reportUrl" : "https://lambotik.github.io/auto-tests-python/71//#testresult/43f32e93fb6d9fa1",
        "status" : "passed",
        "statusDetails" : "XPASS",
        "time" : {
          "start" : 1729648540604,
          "stop" : 1729648552806,
          "duration" : 12202
        }
      }, {
        "uid" : "9ed8085d457224a2",
        "reportUrl" : "https://lambotik.github.io/auto-tests-python/70//#testresult/9ed8085d457224a2",
        "status" : "passed",
        "statusDetails" : "XPASS",
        "time" : {
          "start" : 1729562231460,
          "stop" : 1729562243626,
          "duration" : 12166
        }
      }, {
        "uid" : "d0333df2cedbc247",
        "reportUrl" : "https://lambotik.github.io/auto-tests-python/69//#testresult/d0333df2cedbc247",
        "status" : "passed",
        "statusDetails" : "XPASS",
        "time" : {
          "start" : 1729475895368,
          "stop" : 1729475906172,
          "duration" : 10804
        }
      }, {
        "uid" : "b02882d597eeb62b",
        "reportUrl" : "https://lambotik.github.io/auto-tests-python/68//#testresult/b02882d597eeb62b",
        "status" : "passed",
        "statusDetails" : "XPASS",
        "time" : {
          "start" : 1729389686223,
          "stop" : 1729389696050,
          "duration" : 9827
        }
      }, {
        "uid" : "c0fea0a4bcc72630",
        "reportUrl" : "https://lambotik.github.io/auto-tests-python/67//#testresult/c0fea0a4bcc72630",
        "status" : "passed",
        "statusDetails" : "XPASS",
        "time" : {
          "start" : 1729302735296,
          "stop" : 1729302745757,
          "duration" : 10461
        }
      }, {
        "uid" : "8c7742b942722d56",
        "reportUrl" : "https://lambotik.github.io/auto-tests-python/66//#testresult/8c7742b942722d56",
        "status" : "passed",
        "statusDetails" : "XPASS",
        "time" : {
          "start" : 1729216474388,
          "stop" : 1729216484797,
          "duration" : 10409
        }
      }, {
        "uid" : "6706ae49b0b586a7",
        "reportUrl" : "https://lambotik.github.io/auto-tests-python/65//#testresult/6706ae49b0b586a7",
        "status" : "passed",
        "statusDetails" : "XPASS",
        "time" : {
          "start" : 1729130042634,
          "stop" : 1729130052916,
          "duration" : 10282
        }
      }, {
        "uid" : "5c3e40a2d6e8f40f",
        "reportUrl" : "https://lambotik.github.io/auto-tests-python/64//#testresult/5c3e40a2d6e8f40f",
        "status" : "passed",
        "statusDetails" : "XPASS",
        "time" : {
          "start" : 1729043707231,
          "stop" : 1729043717819,
          "duration" : 10588
        }
      }, {
        "uid" : "bd8dc5acede94c3b",
        "reportUrl" : "https://lambotik.github.io/auto-tests-python/63//#testresult/bd8dc5acede94c3b",
        "status" : "passed",
        "statusDetails" : "XPASS",
        "time" : {
          "start" : 1728957253084,
          "stop" : 1728957263530,
          "duration" : 10446
        }
      }, {
        "uid" : "5bacf8d7f86ae94f",
        "reportUrl" : "https://lambotik.github.io/auto-tests-python/62//#testresult/5bacf8d7f86ae94f",
        "status" : "passed",
        "statusDetails" : "XPASS",
        "time" : {
          "start" : 1728870932209,
          "stop" : 1728870942091,
          "duration" : 9882
        }
      } ]
    },
    "tags" : [ "@pytest.mark.xfail" ]
  },
  "source" : "9ba8303d9d4cf42c.json",
  "parameterValues" : [ ]
}