{
  "uid" : "c064365cc5e74f43",
  "name" : "Verify text in links in sections",
  "fullName" : "tests.used_resources_page_test.TestUsedResourcesPageForAuthorizedText#test_ur_02_04_verify_text_in_links",
  "historyId" : "766e01b17011752059bd2f6f8d4ac915",
  "time" : {
    "start" : 1735266037235,
    "stop" : 1735266037235,
    "duration" : 0
  },
  "status" : "broken",
  "statusMessage" : "selenium.common.exceptions.TimeoutException: Message: Can't find element by locator https://brainup.site/groups",
  "statusTrace" : "self = <pages.base_page.BasePage object at 0x7ff74c1e3ad0>\nurl = 'https://brainup.site/groups'\n\n    def check_expected_link(self, url):\n        with allure.step(f'Check url is present: {url}'):\n            try:\n>               return Wait(self.driver, self.timeout).until(\n                    ec.url_to_be(url), message=f\"Can't find element by locator {url}\")\n\npages/base_page.py:68: \n_ _ _ _ _ _ _ _ _ _ _ _ _ _ _ _ _ _ _ _ _ _ _ _ _ _ _ _ _ _ _ _ _ _ _ _ _ _ _ _ \n\nself = <selenium.webdriver.support.wait.WebDriverWait (session=\"b0051fbc52b3f099d91f47cc9613b5bd\")>\nmethod = <function url_to_be.<locals>._predicate at 0x7ff74c00c900>\nmessage = \"Can't find element by locator https://brainup.site/groups\"\n\n    def until(self, method, message: str = \"\"):\n        \"\"\"Calls the method provided with the driver as an argument until the \\\n        return value does not evaluate to ``False``.\n    \n        :param method: callable(WebDriver)\n        :param message: optional message for :exc:`TimeoutException`\n        :returns: the result of the last call to `method`\n        :raises: :exc:`selenium.common.exceptions.TimeoutException` if timeout occurs\n        \"\"\"\n        screen = None\n        stacktrace = None\n    \n        end_time = time.monotonic() + self._timeout\n        while True:\n            try:\n                value = method(self._driver)\n                if value:\n                    return value\n            except self._ignored_exceptions as exc:\n                screen = getattr(exc, \"screen\", None)\n                stacktrace = getattr(exc, \"stacktrace\", None)\n            time.sleep(self._poll)\n            if time.monotonic() > end_time:\n                break\n>       raise TimeoutException(message, screen, stacktrace)\nE       selenium.common.exceptions.TimeoutException: Message: Can't find element by locator https://brainup.site/groups\n\n/opt/hostedtoolcache/Python/3.12.8/x64/lib/python3.12/site-packages/selenium/webdriver/support/wait.py:95: TimeoutException\n\nDuring handling of the above exception, another exception occurred:\n\ndriver = <selenium.webdriver.chrome.webdriver.WebDriver (session=\"b0051fbc52b3f099d91f47cc9613b5bd\")>\nmain_page_open = None\n\n    @pytest.fixture()\n    @allure.step('Auto test user authorized')\n    def auto_test_user_authorized(driver, main_page_open):\n        page = BasePage(driver)\n        page.element_is_present_and_clickable(MainPageLocators.LOGIN_BUTTON).click()\n        page.element_is_visible(LoginPageLocators.INPUT_LOGIN).send_keys(os.environ[\"LOGIN\"])\n        page.element_is_visible(LoginPageLocators.INPUT_PASSWORD).send_keys(os.environ[\"PASSWORD\"])\n        page.element_is_present_and_clickable(LoginPageLocators.SIGN_IN_BUTTON).click()\n>       page.check_expected_link(MainPageLinks.URL_GROUPS_PAGE)\n\ntests/conftest.py:71: \n_ _ _ _ _ _ _ _ _ _ _ _ _ _ _ _ _ _ _ _ _ _ _ _ _ _ _ _ _ _ _ _ _ _ _ _ _ _ _ _ \npages/base_page.py:72: in check_expected_link\n    return Wait(self.driver, self.timeout).until(\n_ _ _ _ _ _ _ _ _ _ _ _ _ _ _ _ _ _ _ _ _ _ _ _ _ _ _ _ _ _ _ _ _ _ _ _ _ _ _ _ \n\nself = <selenium.webdriver.support.wait.WebDriverWait (session=\"b0051fbc52b3f099d91f47cc9613b5bd\")>\nmethod = <function url_to_be.<locals>._predicate at 0x7ff74c00c4a0>\nmessage = \"Can't find element by locator https://brainup.site/groups\"\n\n    def until(self, method, message: str = \"\"):\n        \"\"\"Calls the method provided with the driver as an argument until the \\\n        return value does not evaluate to ``False``.\n    \n        :param method: callable(WebDriver)\n        :param message: optional message for :exc:`TimeoutException`\n        :returns: the result of the last call to `method`\n        :raises: :exc:`selenium.common.exceptions.TimeoutException` if timeout occurs\n        \"\"\"\n        screen = None\n        stacktrace = None\n    \n        end_time = time.monotonic() + self._timeout\n        while True:\n            try:\n                value = method(self._driver)\n                if value:\n                    return value\n            except self._ignored_exceptions as exc:\n                screen = getattr(exc, \"screen\", None)\n                stacktrace = getattr(exc, \"stacktrace\", None)\n            time.sleep(self._poll)\n            if time.monotonic() > end_time:\n                break\n>       raise TimeoutException(message, screen, stacktrace)\nE       selenium.common.exceptions.TimeoutException: Message: Can't find element by locator https://brainup.site/groups\n\n/opt/hostedtoolcache/Python/3.12.8/x64/lib/python3.12/site-packages/selenium/webdriver/support/wait.py:95: TimeoutException",
  "flaky" : false,
  "newFailed" : false,
  "beforeStages" : [ {
    "name" : "main_page_open",
    "time" : {
      "start" : 1735266037996,
      "stop" : 1735266042707,
      "duration" : 4711
    },
    "status" : "passed",
    "steps" : [ {
      "name" : "Open page: https://brainup.site/",
      "time" : {
        "start" : 1735266037996,
        "stop" : 1735266042707,
        "duration" : 4711
      },
      "status" : "passed",
      "steps" : [ ],
      "attachments" : [ ],
      "parameters" : [ {
        "name" : "driver",
        "value" : "<selenium.webdriver.chrome.webdriver.WebDriver (session=\"b0051fbc52b3f099d91f47cc9613b5bd\")>"
      } ],
      "stepsCount" : 0,
      "attachmentsCount" : 0,
      "shouldDisplayMessage" : false,
      "hasContent" : true
    } ],
    "attachments" : [ ],
    "parameters" : [ ],
    "stepsCount" : 1,
    "attachmentsCount" : 0,
    "shouldDisplayMessage" : false,
    "hasContent" : true
  }, {
    "name" : "auto_test_user_authorized",
    "time" : {
      "start" : 1735266042707,
      "stop" : 1735266083339,
      "duration" : 40632
    },
    "status" : "broken",
    "statusMessage" : "selenium.common.exceptions.TimeoutException: Message: Can't find element by locator https://brainup.site/groups\n\n",
    "statusTrace" : "  File \"/opt/hostedtoolcache/Python/3.12.8/x64/lib/python3.12/site-packages/pluggy/_callers.py\", line 103, in _multicall\n    res = hook_impl.function(*args)\n          ^^^^^^^^^^^^^^^^^^^^^^^^^\n  File \"/opt/hostedtoolcache/Python/3.12.8/x64/lib/python3.12/site-packages/_pytest/fixtures.py\", line 1123, in pytest_fixture_setup\n    result = call_fixture_func(fixturefunc, request, kwargs)\n             ^^^^^^^^^^^^^^^^^^^^^^^^^^^^^^^^^^^^^^^^^^^^^^^\n  File \"/opt/hostedtoolcache/Python/3.12.8/x64/lib/python3.12/site-packages/_pytest/fixtures.py\", line 902, in call_fixture_func\n    fixture_result = fixturefunc(**kwargs)\n                     ^^^^^^^^^^^^^^^^^^^^^\n  File \"/opt/hostedtoolcache/Python/3.12.8/x64/lib/python3.12/site-packages/allure_commons/_allure.py\", line 192, in impl\n    return func(*a, **kw)\n           ^^^^^^^^^^^^^^\n  File \"/home/runner/work/auto-tests-python/auto-tests-python/tests/conftest.py\", line 71, in auto_test_user_authorized\n    page.check_expected_link(MainPageLinks.URL_GROUPS_PAGE)\n  File \"/home/runner/work/auto-tests-python/auto-tests-python/pages/base_page.py\", line 72, in check_expected_link\n    return Wait(self.driver, self.timeout).until(\n           ^^^^^^^^^^^^^^^^^^^^^^^^^^^^^^^^^^^^^^\n  File \"/opt/hostedtoolcache/Python/3.12.8/x64/lib/python3.12/site-packages/selenium/webdriver/support/wait.py\", line 95, in until\n    raise TimeoutException(message, screen, stacktrace)\n",
    "steps" : [ {
      "name" : "Auto test user authorized",
      "time" : {
        "start" : 1735266042707,
        "stop" : 1735266083338,
        "duration" : 40631
      },
      "status" : "broken",
      "statusMessage" : "selenium.common.exceptions.TimeoutException: Message: Can't find element by locator https://brainup.site/groups\n\n",
      "statusTrace" : "  File \"/opt/hostedtoolcache/Python/3.12.8/x64/lib/python3.12/site-packages/allure_commons/_allure.py\", line 192, in impl\n    return func(*a, **kw)\n           ^^^^^^^^^^^^^^\n  File \"/home/runner/work/auto-tests-python/auto-tests-python/tests/conftest.py\", line 71, in auto_test_user_authorized\n    page.check_expected_link(MainPageLinks.URL_GROUPS_PAGE)\n  File \"/home/runner/work/auto-tests-python/auto-tests-python/pages/base_page.py\", line 72, in check_expected_link\n    return Wait(self.driver, self.timeout).until(\n           ^^^^^^^^^^^^^^^^^^^^^^^^^^^^^^^^^^^^^^\n  File \"/opt/hostedtoolcache/Python/3.12.8/x64/lib/python3.12/site-packages/selenium/webdriver/support/wait.py\", line 95, in until\n    raise TimeoutException(message, screen, stacktrace)\n",
      "steps" : [ {
        "name" : "Check url is present: https://brainup.site/groups",
        "time" : {
          "start" : 1735266043065,
          "stop" : 1735266083338,
          "duration" : 40273
        },
        "status" : "broken",
        "statusMessage" : "selenium.common.exceptions.TimeoutException: Message: Can't find element by locator https://brainup.site/groups\n\n",
        "statusTrace" : "  File \"/home/runner/work/auto-tests-python/auto-tests-python/pages/base_page.py\", line 72, in check_expected_link\n    return Wait(self.driver, self.timeout).until(\n           ^^^^^^^^^^^^^^^^^^^^^^^^^^^^^^^^^^^^^^\n  File \"/opt/hostedtoolcache/Python/3.12.8/x64/lib/python3.12/site-packages/selenium/webdriver/support/wait.py\", line 95, in until\n    raise TimeoutException(message, screen, stacktrace)\n",
        "steps" : [ ],
        "attachments" : [ ],
        "parameters" : [ ],
        "stepsCount" : 0,
        "attachmentsCount" : 0,
        "shouldDisplayMessage" : true,
        "hasContent" : true
      } ],
      "attachments" : [ ],
      "parameters" : [ {
        "name" : "driver",
        "value" : "<selenium.webdriver.chrome.webdriver.WebDriver (session=\"b0051fbc52b3f099d91f47cc9613b5bd\")>"
      }, {
        "name" : "main_page_open",
        "value" : "None"
      } ],
      "stepsCount" : 1,
      "attachmentsCount" : 0,
      "shouldDisplayMessage" : false,
      "hasContent" : true
    } ],
    "attachments" : [ ],
    "parameters" : [ ],
    "stepsCount" : 2,
    "attachmentsCount" : 0,
    "shouldDisplayMessage" : false,
    "hasContent" : true
  }, {
    "name" : "clear_allure_results_folder",
    "time" : {
      "start" : 1735263743023,
      "stop" : 1735263743023,
      "duration" : 0
    },
    "status" : "passed",
    "steps" : [ ],
    "attachments" : [ ],
    "parameters" : [ ],
    "stepsCount" : 0,
    "attachmentsCount" : 0,
    "shouldDisplayMessage" : false,
    "hasContent" : false
  }, {
    "name" : "driver",
    "time" : {
      "start" : 1735266037235,
      "stop" : 1735266037996,
      "duration" : 761
    },
    "status" : "passed",
    "steps" : [ ],
    "attachments" : [ ],
    "parameters" : [ ],
    "stepsCount" : 0,
    "attachmentsCount" : 0,
    "shouldDisplayMessage" : false,
    "hasContent" : false
  } ],
  "afterStages" : [ {
    "name" : "driver::0",
    "time" : {
      "start" : 1735266083352,
      "stop" : 1735266083423,
      "duration" : 71
    },
    "status" : "passed",
    "steps" : [ ],
    "attachments" : [ ],
    "parameters" : [ ],
    "stepsCount" : 0,
    "attachmentsCount" : 0,
    "shouldDisplayMessage" : false,
    "hasContent" : false
  } ],
  "labels" : [ {
    "name" : "epic",
    "value" : "Test Used Resources Page"
  }, {
    "name" : "parentSuite",
    "value" : "tests"
  }, {
    "name" : "suite",
    "value" : "used_resources_page_test"
  }, {
    "name" : "subSuite",
    "value" : "TestUsedResourcesPage"
  }, {
    "name" : "host",
    "value" : "fv-az1372-862"
  }, {
    "name" : "thread",
    "value" : "2389-MainThread"
  }, {
    "name" : "framework",
    "value" : "pytest"
  }, {
    "name" : "language",
    "value" : "cpython3"
  }, {
    "name" : "package",
    "value" : "tests.used_resources_page_test"
  }, {
    "name" : "resultFormat",
    "value" : "allure2"
  } ],
  "parameters" : [ ],
  "links" : [ ],
  "hidden" : false,
  "retry" : false,
  "extra" : {
    "severity" : "normal",
    "retries" : [ ],
    "categories" : [ {
      "name" : "Test defects",
      "matchedStatuses" : [ ],
      "flaky" : false
    } ],
    "history" : {
      "statistic" : {
        "failed" : 0,
        "broken" : 5,
        "skipped" : 0,
        "passed" : 50,
        "unknown" : 0,
        "total" : 55
      },
      "items" : [ {
        "uid" : "8b96fd596478beef",
        "reportUrl" : "https://lambotik.github.io/auto-tests-python/81//#testresult/8b96fd596478beef",
        "status" : "passed",
        "time" : {
          "start" : 1730512658919,
          "stop" : 1730512659715,
          "duration" : 796
        }
      }, {
        "uid" : "33cadf6357ca20aa",
        "reportUrl" : "https://lambotik.github.io/auto-tests-python/80//#testresult/33cadf6357ca20aa",
        "status" : "passed",
        "time" : {
          "start" : 1730426913861,
          "stop" : 1730426914654,
          "duration" : 793
        }
      }, {
        "uid" : "979fab74173a4bf8",
        "reportUrl" : "https://lambotik.github.io/auto-tests-python/79//#testresult/979fab74173a4bf8",
        "status" : "passed",
        "time" : {
          "start" : 1730340087849,
          "stop" : 1730340088629,
          "duration" : 780
        }
      }, {
        "uid" : "4f71357e88682c95",
        "reportUrl" : "https://lambotik.github.io/auto-tests-python/78//#testresult/4f71357e88682c95",
        "status" : "passed",
        "time" : {
          "start" : 1730253437066,
          "stop" : 1730253437844,
          "duration" : 778
        }
      }, {
        "uid" : "39578cb8964a5751",
        "reportUrl" : "https://lambotik.github.io/auto-tests-python/77//#testresult/39578cb8964a5751",
        "status" : "passed",
        "time" : {
          "start" : 1730167160583,
          "stop" : 1730167161391,
          "duration" : 808
        }
      }, {
        "uid" : "98be8d633a2f3ba",
        "reportUrl" : "https://lambotik.github.io/auto-tests-python/76//#testresult/98be8d633a2f3ba",
        "status" : "passed",
        "time" : {
          "start" : 1730080915139,
          "stop" : 1730080915943,
          "duration" : 804
        }
      }, {
        "uid" : "6c742d670971705d",
        "reportUrl" : "https://lambotik.github.io/auto-tests-python/75//#testresult/6c742d670971705d",
        "status" : "passed",
        "time" : {
          "start" : 1729994908896,
          "stop" : 1729994909672,
          "duration" : 776
        }
      }, {
        "uid" : "94995c4175dc3cfc",
        "reportUrl" : "https://lambotik.github.io/auto-tests-python/74//#testresult/94995c4175dc3cfc",
        "status" : "passed",
        "time" : {
          "start" : 1729907595727,
          "stop" : 1729907596497,
          "duration" : 770
        }
      }, {
        "uid" : "4a69600cd01e64c",
        "reportUrl" : "https://lambotik.github.io/auto-tests-python/73//#testresult/4a69600cd01e64c",
        "status" : "passed",
        "time" : {
          "start" : 1729821465096,
          "stop" : 1729821465868,
          "duration" : 772
        }
      }, {
        "uid" : "5b538d59f006110f",
        "reportUrl" : "https://lambotik.github.io/auto-tests-python/72//#testresult/5b538d59f006110f",
        "status" : "passed",
        "time" : {
          "start" : 1729734951966,
          "stop" : 1729734952743,
          "duration" : 777
        }
      }, {
        "uid" : "d4830b4736cf76c2",
        "reportUrl" : "https://lambotik.github.io/auto-tests-python/71//#testresult/d4830b4736cf76c2",
        "status" : "passed",
        "time" : {
          "start" : 1729648787135,
          "stop" : 1729648787984,
          "duration" : 849
        }
      }, {
        "uid" : "eb1ee9cec67ba73c",
        "reportUrl" : "https://lambotik.github.io/auto-tests-python/70//#testresult/eb1ee9cec67ba73c",
        "status" : "passed",
        "time" : {
          "start" : 1729562553247,
          "stop" : 1729562554100,
          "duration" : 853
        }
      }, {
        "uid" : "61da76043ecee659",
        "reportUrl" : "https://lambotik.github.io/auto-tests-python/69//#testresult/61da76043ecee659",
        "status" : "passed",
        "time" : {
          "start" : 1729476092078,
          "stop" : 1729476092909,
          "duration" : 831
        }
      }, {
        "uid" : "5c8c2fc5b2b22f4d",
        "reportUrl" : "https://lambotik.github.io/auto-tests-python/68//#testresult/5c8c2fc5b2b22f4d",
        "status" : "passed",
        "time" : {
          "start" : 1729389871697,
          "stop" : 1729389872477,
          "duration" : 780
        }
      }, {
        "uid" : "1a2dc7574f841bec",
        "reportUrl" : "https://lambotik.github.io/auto-tests-python/67//#testresult/1a2dc7574f841bec",
        "status" : "passed",
        "time" : {
          "start" : 1729302949840,
          "stop" : 1729302950624,
          "duration" : 784
        }
      }, {
        "uid" : "3ff97a43450297b1",
        "reportUrl" : "https://lambotik.github.io/auto-tests-python/66//#testresult/3ff97a43450297b1",
        "status" : "passed",
        "time" : {
          "start" : 1729216647813,
          "stop" : 1729216648586,
          "duration" : 773
        }
      }, {
        "uid" : "968fddf0a8274797",
        "reportUrl" : "https://lambotik.github.io/auto-tests-python/65//#testresult/968fddf0a8274797",
        "status" : "passed",
        "time" : {
          "start" : 1729130406255,
          "stop" : 1729130407047,
          "duration" : 792
        }
      }, {
        "uid" : "60034f0fd995c2c5",
        "reportUrl" : "https://lambotik.github.io/auto-tests-python/64//#testresult/60034f0fd995c2c5",
        "status" : "passed",
        "time" : {
          "start" : 1729043887673,
          "stop" : 1729043888436,
          "duration" : 763
        }
      }, {
        "uid" : "3ae16e0cacee58f6",
        "reportUrl" : "https://lambotik.github.io/auto-tests-python/63//#testresult/3ae16e0cacee58f6",
        "status" : "passed",
        "time" : {
          "start" : 1728957659331,
          "stop" : 1728957660105,
          "duration" : 774
        }
      }, {
        "uid" : "e39ce12dece7f1d",
        "reportUrl" : "https://lambotik.github.io/auto-tests-python/62//#testresult/e39ce12dece7f1d",
        "status" : "passed",
        "time" : {
          "start" : 1728871121615,
          "stop" : 1728871122377,
          "duration" : 762
        }
      } ]
    },
    "tags" : [ ]
  },
  "source" : "c064365cc5e74f43.json",
  "parameterValues" : [ ]
}