{
  "uid" : "2c3095b54456c6c9",
  "name" : "Verify content of the text on the page",
  "fullName" : "tests.used_resources_page_test.TestUsedResourcesPageForAuthorizedText#test_ur_02_03_verify_page_text",
  "historyId" : "fa6d4c5beb3d7120fe33b68a0bd1a0e5",
  "time" : {
    "start" : 1728697369134,
    "stop" : 1728697369134,
    "duration" : 0
  },
  "status" : "broken",
  "statusMessage" : "selenium.common.exceptions.WebDriverException: Message: unknown error: net::ERR_CONNECTION_REFUSED\n  (Session info: chrome=129.0.6668.89)\nStacktrace:\n#0 0x563d1a9ae02a <unknown>\n#1 0x563d1a6945e0 <unknown>\n#2 0x563d1a68c7eb <unknown>\n#3 0x563d1a67ca09 <unknown>\n#4 0x563d1a67e744 <unknown>\n#5 0x563d1a67ccbd <unknown>\n#6 0x563d1a67c52f <unknown>\n#7 0x563d1a67c422 <unknown>\n#8 0x563d1a67a493 <unknown>\n#9 0x563d1a67aada <unknown>\n#10 0x563d1a696f41 <unknown>\n#11 0x563d1a7288c5 <unknown>\n#12 0x563d1a708b22 <unknown>\n#13 0x563d1a727d7d <unknown>\n#14 0x563d1a7088c3 <unknown>\n#15 0x563d1a6d66b3 <unknown>\n#16 0x563d1a6d768e <unknown>\n#17 0x563d1a978a2b <unknown>\n#18 0x563d1a97c9b1 <unknown>\n#19 0x563d1a965225 <unknown>\n#20 0x563d1a97d532 <unknown>\n#21 0x563d1a94a38f <unknown>\n#22 0x563d1a99cf28 <unknown>\n#23 0x563d1a99d0f3 <unknown>\n#24 0x563d1a9ace7c <unknown>\n#25 0x7fdbb7a94ac3 <unknown>",
  "statusTrace" : "driver = <selenium.webdriver.chrome.webdriver.WebDriver (session=\"d3d527710afbd642511056984c538bf0\")>\n\n    @pytest.fixture()\n    @allure.step(f'Open page: {MainPageLinks.URL_MAIN_PAGE}')\n    def main_page_open(driver):\n>       driver.get(MainPageLinks.URL_MAIN_PAGE)\n\ntests/conftest.py:22: \n_ _ _ _ _ _ _ _ _ _ _ _ _ _ _ _ _ _ _ _ _ _ _ _ _ _ _ _ _ _ _ _ _ _ _ _ _ _ _ _ \n/opt/hostedtoolcache/Python/3.12.7/x64/lib/python3.12/site-packages/selenium/webdriver/remote/webdriver.py:353: in get\n    self.execute(Command.GET, {\"url\": url})\n/opt/hostedtoolcache/Python/3.12.7/x64/lib/python3.12/site-packages/selenium/webdriver/remote/webdriver.py:344: in execute\n    self.error_handler.check_response(response)\n_ _ _ _ _ _ _ _ _ _ _ _ _ _ _ _ _ _ _ _ _ _ _ _ _ _ _ _ _ _ _ _ _ _ _ _ _ _ _ _ \n\nself = <selenium.webdriver.remote.errorhandler.ErrorHandler object at 0x7f4df4edcc20>\nresponse = {'status': 500, 'value': '{\"value\":{\"error\":\"unknown error\",\"message\":\"unknown error: net::ERR_CONNECTION_REFUSED\\\\n  ...\\\\n#23 0x563d1a99d0f3 \\\\u003Cunknown>\\\\n#24 0x563d1a9ace7c \\\\u003Cunknown>\\\\n#25 0x7fdbb7a94ac3 \\\\u003Cunknown>\\\\n\"}}'}\n\n    def check_response(self, response: Dict[str, Any]) -> None:\n        \"\"\"Checks that a JSON response from the WebDriver does not have an\n        error.\n    \n        :Args:\n         - response - The JSON response from the WebDriver server as a dictionary\n           object.\n    \n        :Raises: If the response contains an error message.\n        \"\"\"\n        status = response.get(\"status\", None)\n        if not status or status == ErrorCode.SUCCESS:\n            return\n        value = None\n        message = response.get(\"message\", \"\")\n        screen: str = response.get(\"screen\", \"\")\n        stacktrace = None\n        if isinstance(status, int):\n            value_json = response.get(\"value\", None)\n            if value_json and isinstance(value_json, str):\n                import json\n    \n                try:\n                    value = json.loads(value_json)\n                    if len(value) == 1:\n                        value = value[\"value\"]\n                    status = value.get(\"error\", None)\n                    if not status:\n                        status = value.get(\"status\", ErrorCode.UNKNOWN_ERROR)\n                        message = value.get(\"value\") or value.get(\"message\")\n                        if not isinstance(message, str):\n                            value = message\n                            message = message.get(\"message\")\n                    else:\n                        message = value.get(\"message\", None)\n                except ValueError:\n                    pass\n    \n        exception_class: Type[WebDriverException]\n        e = ErrorCode()\n        error_codes = [item for item in dir(e) if not item.startswith(\"__\")]\n        for error_code in error_codes:\n            error_info = getattr(ErrorCode, error_code)\n            if isinstance(error_info, list) and status in error_info:\n                exception_class = getattr(ExceptionMapping, error_code, WebDriverException)\n                break\n        else:\n            exception_class = WebDriverException\n    \n        if not value:\n            value = response[\"value\"]\n        if isinstance(value, str):\n            raise exception_class(value)\n        if message == \"\" and \"message\" in value:\n            message = value[\"message\"]\n    \n        screen = None  # type: ignore[assignment]\n        if \"screen\" in value:\n            screen = value[\"screen\"]\n    \n        stacktrace = None\n        st_value = value.get(\"stackTrace\") or value.get(\"stacktrace\")\n        if st_value:\n            if isinstance(st_value, str):\n                stacktrace = st_value.split(\"\\n\")\n            else:\n                stacktrace = []\n                try:\n                    for frame in st_value:\n                        line = frame.get(\"lineNumber\", \"\")\n                        file = frame.get(\"fileName\", \"<anonymous>\")\n                        if line:\n                            file = f\"{file}:{line}\"\n                        meth = frame.get(\"methodName\", \"<anonymous>\")\n                        if \"className\" in frame:\n                            meth = f\"{frame['className']}.{meth}\"\n                        msg = \"    at %s (%s)\"\n                        msg = msg % (meth, file)\n                        stacktrace.append(msg)\n                except TypeError:\n                    pass\n        if exception_class == UnexpectedAlertPresentException:\n            alert_text = None\n            if \"data\" in value:\n                alert_text = value[\"data\"].get(\"text\")\n            elif \"alert\" in value:\n                alert_text = value[\"alert\"].get(\"text\")\n            raise exception_class(message, screen, stacktrace, alert_text)  # type: ignore[call-arg]  # mypy is not smart enough here\n>       raise exception_class(message, screen, stacktrace)\nE       selenium.common.exceptions.WebDriverException: Message: unknown error: net::ERR_CONNECTION_REFUSED\nE         (Session info: chrome=129.0.6668.89)\nE       Stacktrace:\nE       #0 0x563d1a9ae02a <unknown>\nE       #1 0x563d1a6945e0 <unknown>\nE       #2 0x563d1a68c7eb <unknown>\nE       #3 0x563d1a67ca09 <unknown>\nE       #4 0x563d1a67e744 <unknown>\nE       #5 0x563d1a67ccbd <unknown>\nE       #6 0x563d1a67c52f <unknown>\nE       #7 0x563d1a67c422 <unknown>\nE       #8 0x563d1a67a493 <unknown>\nE       #9 0x563d1a67aada <unknown>\nE       #10 0x563d1a696f41 <unknown>\nE       #11 0x563d1a7288c5 <unknown>\nE       #12 0x563d1a708b22 <unknown>\nE       #13 0x563d1a727d7d <unknown>\nE       #14 0x563d1a7088c3 <unknown>\nE       #15 0x563d1a6d66b3 <unknown>\nE       #16 0x563d1a6d768e <unknown>\nE       #17 0x563d1a978a2b <unknown>\nE       #18 0x563d1a97c9b1 <unknown>\nE       #19 0x563d1a965225 <unknown>\nE       #20 0x563d1a97d532 <unknown>\nE       #21 0x563d1a94a38f <unknown>\nE       #22 0x563d1a99cf28 <unknown>\nE       #23 0x563d1a99d0f3 <unknown>\nE       #24 0x563d1a9ace7c <unknown>\nE       #25 0x7fdbb7a94ac3 <unknown>\n\n/opt/hostedtoolcache/Python/3.12.7/x64/lib/python3.12/site-packages/selenium/webdriver/remote/errorhandler.py:229: WebDriverException",
  "flaky" : false,
  "newFailed" : false,
  "beforeStages" : [ {
    "name" : "driver",
    "time" : {
      "start" : 1728697369134,
      "stop" : 1728697369908,
      "duration" : 774
    },
    "status" : "passed",
    "steps" : [ ],
    "attachments" : [ ],
    "parameters" : [ ],
    "stepsCount" : 0,
    "attachmentsCount" : 0,
    "shouldDisplayMessage" : false,
    "hasContent" : false
  }, {
    "name" : "main_page_open",
    "time" : {
      "start" : 1728697369908,
      "stop" : 1728697370331,
      "duration" : 423
    },
    "status" : "broken",
    "statusMessage" : "selenium.common.exceptions.WebDriverException: Message: unknown error: net::ERR_CONNECTION_REFUSED\n  (Session info: chrome=129.0.6668.89)\nStacktrace:\n#0 0x563d1a9ae02a <unknown>\n#1 0x563d1a6945e0 <unknown>\n#2 0x563d1a68c7eb <unknown>\n#3 0x563d1a67ca09 <unknown>\n#4 0x563d1a67e744 <unknown>\n#5 0x563d1a67ccbd <unknown>\n#6 0x563d1a67c52f <unknown>\n#7 0x563d1a67c422 <unknown>\n#8 0x563d1a67a493 <unknown>\n#9 0x563d1a67aada <unknown>\n#10 0x563d1a696f41 <unknown>\n#11 0x563d1a7288c5 <unknown>\n#12 0x563d1a708b22 <unknown>\n#13 0x563d1a727d7d <unknown>\n#14 0x563d1a7088c3 <unknown>\n#15 0x563d1a6d66b3 <unknown>\n#16 0x563d1a6d768e <unknown>\n#17 0x563d1a978a2b <unknown>\n#18 0x563d1a97c9b1 <unknown>\n#19 0x563d1a965225 <unknown>\n#20 0x563d1a97d532 <unknown>\n#21 0x563d1a94a38f <unknown>\n#22 0x563d1a99cf28 <unknown>\n#23 0x563d1a99d0f3 <unknown>\n#24 0x563d1a9ace7c <unknown>\n#25 0x7fdbb7a94ac3 <unknown>\n\n",
    "statusTrace" : "  File \"/opt/hostedtoolcache/Python/3.12.7/x64/lib/python3.12/site-packages/pluggy/_callers.py\", line 103, in _multicall\n    res = hook_impl.function(*args)\n          ^^^^^^^^^^^^^^^^^^^^^^^^^\n  File \"/opt/hostedtoolcache/Python/3.12.7/x64/lib/python3.12/site-packages/_pytest/fixtures.py\", line 1123, in pytest_fixture_setup\n    result = call_fixture_func(fixturefunc, request, kwargs)\n             ^^^^^^^^^^^^^^^^^^^^^^^^^^^^^^^^^^^^^^^^^^^^^^^\n  File \"/opt/hostedtoolcache/Python/3.12.7/x64/lib/python3.12/site-packages/_pytest/fixtures.py\", line 902, in call_fixture_func\n    fixture_result = fixturefunc(**kwargs)\n                     ^^^^^^^^^^^^^^^^^^^^^\n  File \"/opt/hostedtoolcache/Python/3.12.7/x64/lib/python3.12/site-packages/allure_commons/_allure.py\", line 192, in impl\n    return func(*a, **kw)\n           ^^^^^^^^^^^^^^\n  File \"/home/runner/work/auto-tests-python/auto-tests-python/tests/conftest.py\", line 22, in main_page_open\n    driver.get(MainPageLinks.URL_MAIN_PAGE)\n  File \"/opt/hostedtoolcache/Python/3.12.7/x64/lib/python3.12/site-packages/selenium/webdriver/remote/webdriver.py\", line 353, in get\n    self.execute(Command.GET, {\"url\": url})\n  File \"/opt/hostedtoolcache/Python/3.12.7/x64/lib/python3.12/site-packages/selenium/webdriver/remote/webdriver.py\", line 344, in execute\n    self.error_handler.check_response(response)\n  File \"/opt/hostedtoolcache/Python/3.12.7/x64/lib/python3.12/site-packages/selenium/webdriver/remote/errorhandler.py\", line 229, in check_response\n    raise exception_class(message, screen, stacktrace)\n",
    "steps" : [ {
      "name" : "Open page: https://brainup.site/",
      "time" : {
        "start" : 1728697369909,
        "stop" : 1728697370331,
        "duration" : 422
      },
      "status" : "broken",
      "statusMessage" : "selenium.common.exceptions.WebDriverException: Message: unknown error: net::ERR_CONNECTION_REFUSED\n  (Session info: chrome=129.0.6668.89)\nStacktrace:\n#0 0x563d1a9ae02a <unknown>\n#1 0x563d1a6945e0 <unknown>\n#2 0x563d1a68c7eb <unknown>\n#3 0x563d1a67ca09 <unknown>\n#4 0x563d1a67e744 <unknown>\n#5 0x563d1a67ccbd <unknown>\n#6 0x563d1a67c52f <unknown>\n#7 0x563d1a67c422 <unknown>\n#8 0x563d1a67a493 <unknown>\n#9 0x563d1a67aada <unknown>\n#10 0x563d1a696f41 <unknown>\n#11 0x563d1a7288c5 <unknown>\n#12 0x563d1a708b22 <unknown>\n#13 0x563d1a727d7d <unknown>\n#14 0x563d1a7088c3 <unknown>\n#15 0x563d1a6d66b3 <unknown>\n#16 0x563d1a6d768e <unknown>\n#17 0x563d1a978a2b <unknown>\n#18 0x563d1a97c9b1 <unknown>\n#19 0x563d1a965225 <unknown>\n#20 0x563d1a97d532 <unknown>\n#21 0x563d1a94a38f <unknown>\n#22 0x563d1a99cf28 <unknown>\n#23 0x563d1a99d0f3 <unknown>\n#24 0x563d1a9ace7c <unknown>\n#25 0x7fdbb7a94ac3 <unknown>\n\n",
      "statusTrace" : "  File \"/opt/hostedtoolcache/Python/3.12.7/x64/lib/python3.12/site-packages/allure_commons/_allure.py\", line 192, in impl\n    return func(*a, **kw)\n           ^^^^^^^^^^^^^^\n  File \"/home/runner/work/auto-tests-python/auto-tests-python/tests/conftest.py\", line 22, in main_page_open\n    driver.get(MainPageLinks.URL_MAIN_PAGE)\n  File \"/opt/hostedtoolcache/Python/3.12.7/x64/lib/python3.12/site-packages/selenium/webdriver/remote/webdriver.py\", line 353, in get\n    self.execute(Command.GET, {\"url\": url})\n  File \"/opt/hostedtoolcache/Python/3.12.7/x64/lib/python3.12/site-packages/selenium/webdriver/remote/webdriver.py\", line 344, in execute\n    self.error_handler.check_response(response)\n  File \"/opt/hostedtoolcache/Python/3.12.7/x64/lib/python3.12/site-packages/selenium/webdriver/remote/errorhandler.py\", line 229, in check_response\n    raise exception_class(message, screen, stacktrace)\n",
      "steps" : [ ],
      "attachments" : [ ],
      "parameters" : [ {
        "name" : "driver",
        "value" : "<selenium.webdriver.chrome.webdriver.WebDriver (session=\"d3d527710afbd642511056984c538bf0\")>"
      } ],
      "stepsCount" : 0,
      "attachmentsCount" : 0,
      "shouldDisplayMessage" : true,
      "hasContent" : true
    } ],
    "attachments" : [ ],
    "parameters" : [ ],
    "stepsCount" : 1,
    "attachmentsCount" : 0,
    "shouldDisplayMessage" : false,
    "hasContent" : true
  }, {
    "name" : "clear_allure_results_folder",
    "time" : {
      "start" : 1728697167335,
      "stop" : 1728697167335,
      "duration" : 0
    },
    "status" : "passed",
    "steps" : [ ],
    "attachments" : [ ],
    "parameters" : [ ],
    "stepsCount" : 0,
    "attachmentsCount" : 0,
    "shouldDisplayMessage" : false,
    "hasContent" : false
  } ],
  "afterStages" : [ {
    "name" : "driver::0",
    "time" : {
      "start" : 1728697370364,
      "stop" : 1728697370426,
      "duration" : 62
    },
    "status" : "passed",
    "steps" : [ ],
    "attachments" : [ ],
    "parameters" : [ ],
    "stepsCount" : 0,
    "attachmentsCount" : 0,
    "shouldDisplayMessage" : false,
    "hasContent" : false
  } ],
  "labels" : [ {
    "name" : "epic",
    "value" : "Test Used Resources Page"
  }, {
    "name" : "parentSuite",
    "value" : "tests"
  }, {
    "name" : "suite",
    "value" : "used_resources_page_test"
  }, {
    "name" : "subSuite",
    "value" : "TestUsedResourcesPage"
  }, {
    "name" : "host",
    "value" : "fv-az570-490"
  }, {
    "name" : "thread",
    "value" : "2304-MainThread"
  }, {
    "name" : "framework",
    "value" : "pytest"
  }, {
    "name" : "language",
    "value" : "cpython3"
  }, {
    "name" : "package",
    "value" : "tests.used_resources_page_test"
  }, {
    "name" : "resultFormat",
    "value" : "allure2"
  } ],
  "parameters" : [ ],
  "links" : [ ],
  "hidden" : false,
  "retry" : false,
  "extra" : {
    "severity" : "normal",
    "retries" : [ ],
    "categories" : [ {
      "name" : "Test defects",
      "matchedStatuses" : [ ],
      "flaky" : false
    } ],
    "history" : {
      "statistic" : {
        "failed" : 0,
        "broken" : 3,
        "skipped" : 0,
        "passed" : 30,
        "unknown" : 0,
        "total" : 33
      },
      "items" : [ {
        "uid" : "4b3b48ac2285280c",
        "reportUrl" : "https://lambotik.github.io/auto-tests-python/59//#testresult/4b3b48ac2285280c",
        "status" : "broken",
        "statusDetails" : "selenium.common.exceptions.WebDriverException: Message: unknown error: net::ERR_CONNECTION_REFUSED\n  (Session info: chrome=129.0.6668.89)\nStacktrace:\n#0 0x560265b0a02a <unknown>\n#1 0x5602657f05e0 <unknown>\n#2 0x5602657e87eb <unknown>\n#3 0x5602657d8a09 <unknown>\n#4 0x5602657da744 <unknown>\n#5 0x5602657d8cbd <unknown>\n#6 0x5602657d852f <unknown>\n#7 0x5602657d8422 <unknown>\n#8 0x5602657d6493 <unknown>\n#9 0x5602657d6ada <unknown>\n#10 0x5602657f2f41 <unknown>\n#11 0x5602658848c5 <unknown>\n#12 0x560265864b22 <unknown>\n#13 0x560265883d7d <unknown>\n#14 0x5602658648c3 <unknown>\n#15 0x5602658326b3 <unknown>\n#16 0x56026583368e <unknown>\n#17 0x560265ad4a2b <unknown>\n#18 0x560265ad89b1 <unknown>\n#19 0x560265ac1225 <unknown>\n#20 0x560265ad9532 <unknown>\n#21 0x560265aa638f <unknown>\n#22 0x560265af8f28 <unknown>\n#23 0x560265af90f3 <unknown>\n#24 0x560265b08e7c <unknown>\n#25 0x7fec80694ac3 <unknown>",
        "time" : {
          "start" : 1728611060360,
          "stop" : 1728611060360,
          "duration" : 0
        }
      }, {
        "uid" : "e47f5657bee52b40",
        "reportUrl" : "https://lambotik.github.io/auto-tests-python/58//#testresult/e47f5657bee52b40",
        "status" : "passed",
        "time" : {
          "start" : 1728525363843,
          "stop" : 1728525364627,
          "duration" : 784
        }
      }, {
        "uid" : "ab92d2ae02eff469",
        "reportUrl" : "https://lambotik.github.io/auto-tests-python/57//#testresult/ab92d2ae02eff469",
        "status" : "passed",
        "time" : {
          "start" : 1728439193695,
          "stop" : 1728439194477,
          "duration" : 782
        }
      }, {
        "uid" : "d47d2c5c46f0696e",
        "reportUrl" : "https://lambotik.github.io/auto-tests-python/56//#testresult/d47d2c5c46f0696e",
        "status" : "passed",
        "time" : {
          "start" : 1728352637014,
          "stop" : 1728352637818,
          "duration" : 804
        }
      }, {
        "uid" : "a2fda587da763e66",
        "reportUrl" : "https://lambotik.github.io/auto-tests-python/55//#testresult/a2fda587da763e66",
        "status" : "broken",
        "statusDetails" : "selenium.common.exceptions.TimeoutException: Message: Can't find element by locator https://brainup.site/groups",
        "time" : {
          "start" : 1728267720555,
          "stop" : 1728267720555,
          "duration" : 0
        }
      }, {
        "uid" : "225e903a004d0ac4",
        "reportUrl" : "https://lambotik.github.io/auto-tests-python/54//#testresult/225e903a004d0ac4",
        "status" : "passed",
        "time" : {
          "start" : 1728180172710,
          "stop" : 1728180173512,
          "duration" : 802
        }
      }, {
        "uid" : "ce5264e146cb8e04",
        "reportUrl" : "https://lambotik.github.io/auto-tests-python/53//#testresult/ce5264e146cb8e04",
        "status" : "passed",
        "time" : {
          "start" : 1728093470208,
          "stop" : 1728093471064,
          "duration" : 856
        }
      }, {
        "uid" : "6105d444d5cf2085",
        "reportUrl" : "https://lambotik.github.io/auto-tests-python/52//#testresult/6105d444d5cf2085",
        "status" : "passed",
        "time" : {
          "start" : 1728007175830,
          "stop" : 1728007176684,
          "duration" : 854
        }
      }, {
        "uid" : "c18924505f0a31a9",
        "reportUrl" : "https://lambotik.github.io/auto-tests-python/51//#testresult/c18924505f0a31a9",
        "status" : "passed",
        "time" : {
          "start" : 1727921041455,
          "stop" : 1727921042321,
          "duration" : 866
        }
      }, {
        "uid" : "ee10a2e0f5d6543e",
        "reportUrl" : "https://lambotik.github.io/auto-tests-python/50//#testresult/ee10a2e0f5d6543e",
        "status" : "passed",
        "time" : {
          "start" : 1727834345798,
          "stop" : 1727834346584,
          "duration" : 786
        }
      }, {
        "uid" : "4a26943afd94a7f9",
        "reportUrl" : "https://lambotik.github.io/auto-tests-python/49//#testresult/4a26943afd94a7f9",
        "status" : "passed",
        "time" : {
          "start" : 1727748501780,
          "stop" : 1727748502582,
          "duration" : 802
        }
      }, {
        "uid" : "ab498365a185aa0a",
        "reportUrl" : "https://lambotik.github.io/auto-tests-python/48//#testresult/ab498365a185aa0a",
        "status" : "passed",
        "time" : {
          "start" : 1727661754710,
          "stop" : 1727661755505,
          "duration" : 795
        }
      }, {
        "uid" : "3161b6ed58499603",
        "reportUrl" : "https://lambotik.github.io/auto-tests-python/47//#testresult/3161b6ed58499603",
        "status" : "passed",
        "time" : {
          "start" : 1727575674395,
          "stop" : 1727575675186,
          "duration" : 791
        }
      }, {
        "uid" : "2799eab148f2575d",
        "reportUrl" : "https://lambotik.github.io/auto-tests-python/46//#testresult/2799eab148f2575d",
        "status" : "passed",
        "time" : {
          "start" : 1727489008862,
          "stop" : 1727489009650,
          "duration" : 788
        }
      }, {
        "uid" : "cd2d38deb26b7cf1",
        "reportUrl" : "https://lambotik.github.io/auto-tests-python/45//#testresult/cd2d38deb26b7cf1",
        "status" : "passed",
        "time" : {
          "start" : 1727402708615,
          "stop" : 1727402709482,
          "duration" : 867
        }
      }, {
        "uid" : "137977ceb55633ca",
        "reportUrl" : "https://lambotik.github.io/auto-tests-python/44//#testresult/137977ceb55633ca",
        "status" : "passed",
        "time" : {
          "start" : 1727316265062,
          "stop" : 1727316265921,
          "duration" : 859
        }
      }, {
        "uid" : "3e6172d45d1daf96",
        "reportUrl" : "https://lambotik.github.io/auto-tests-python/43//#testresult/3e6172d45d1daf96",
        "status" : "passed",
        "time" : {
          "start" : 1727229875369,
          "stop" : 1727229876177,
          "duration" : 808
        }
      }, {
        "uid" : "cbb7e3f4a772cfd6",
        "reportUrl" : "https://lambotik.github.io/auto-tests-python/42//#testresult/cbb7e3f4a772cfd6",
        "status" : "passed",
        "time" : {
          "start" : 1727143200707,
          "stop" : 1727143201510,
          "duration" : 803
        }
      }, {
        "uid" : "fc9d98a8a3483319",
        "reportUrl" : "https://lambotik.github.io/auto-tests-python/41//#testresult/fc9d98a8a3483319",
        "status" : "passed",
        "time" : {
          "start" : 1727056633593,
          "stop" : 1727056634370,
          "duration" : 777
        }
      }, {
        "uid" : "8583eb23ccf1619b",
        "reportUrl" : "https://lambotik.github.io/auto-tests-python/40//#testresult/8583eb23ccf1619b",
        "status" : "passed",
        "time" : {
          "start" : 1726970457211,
          "stop" : 1726970457996,
          "duration" : 785
        }
      } ]
    },
    "tags" : [ ]
  },
  "source" : "2c3095b54456c6c9.json",
  "parameterValues" : [ ]
}