{
  "uid" : "56670ca83d506439",
  "name" : "Verify href, status code of the 'All Team' link",
  "fullName" : "tests.contributors_page_test.TestContributorsPageLinks#test_cnp_03_02_verify_all_team_link",
  "historyId" : "2513d614bdf55f80776a06878d6c6d12",
  "time" : {
    "start" : 1728697239752,
    "stop" : 1728697239752,
    "duration" : 0
  },
  "status" : "broken",
  "statusMessage" : "selenium.common.exceptions.WebDriverException: Message: unknown error: net::ERR_CONNECTION_REFUSED\n  (Session info: chrome=129.0.6668.89)\nStacktrace:\n#0 0x55fa930bb02a <unknown>\n#1 0x55fa92da15e0 <unknown>\n#2 0x55fa92d997eb <unknown>\n#3 0x55fa92d89a09 <unknown>\n#4 0x55fa92d8b744 <unknown>\n#5 0x55fa92d89cbd <unknown>\n#6 0x55fa92d8952f <unknown>\n#7 0x55fa92d89422 <unknown>\n#8 0x55fa92d87493 <unknown>\n#9 0x55fa92d87ada <unknown>\n#10 0x55fa92da3f41 <unknown>\n#11 0x55fa92e358c5 <unknown>\n#12 0x55fa92e15b22 <unknown>\n#13 0x55fa92e34d7d <unknown>\n#14 0x55fa92e158c3 <unknown>\n#15 0x55fa92de36b3 <unknown>\n#16 0x55fa92de468e <unknown>\n#17 0x55fa93085a2b <unknown>\n#18 0x55fa930899b1 <unknown>\n#19 0x55fa93072225 <unknown>\n#20 0x55fa9308a532 <unknown>\n#21 0x55fa9305738f <unknown>\n#22 0x55fa930a9f28 <unknown>\n#23 0x55fa930aa0f3 <unknown>\n#24 0x55fa930b9e7c <unknown>\n#25 0x7fbab9494ac3 <unknown>",
  "statusTrace" : "driver = <selenium.webdriver.chrome.webdriver.WebDriver (session=\"39a754bd2fed14757c8a38189e06bb6b\")>\n\n    @pytest.fixture()\n    @allure.step(f'Open page: {MainPageLinks.URL_CONTRIBUTORS_PAGE}')\n    def contributors_page_open(driver):\n>       driver.get(MainPageLinks.URL_CONTRIBUTORS_PAGE)\n\ntests/conftest.py:28: \n_ _ _ _ _ _ _ _ _ _ _ _ _ _ _ _ _ _ _ _ _ _ _ _ _ _ _ _ _ _ _ _ _ _ _ _ _ _ _ _ \n/opt/hostedtoolcache/Python/3.12.7/x64/lib/python3.12/site-packages/selenium/webdriver/remote/webdriver.py:353: in get\n    self.execute(Command.GET, {\"url\": url})\n/opt/hostedtoolcache/Python/3.12.7/x64/lib/python3.12/site-packages/selenium/webdriver/remote/webdriver.py:344: in execute\n    self.error_handler.check_response(response)\n_ _ _ _ _ _ _ _ _ _ _ _ _ _ _ _ _ _ _ _ _ _ _ _ _ _ _ _ _ _ _ _ _ _ _ _ _ _ _ _ \n\nself = <selenium.webdriver.remote.errorhandler.ErrorHandler object at 0x7f4df500bce0>\nresponse = {'status': 500, 'value': '{\"value\":{\"error\":\"unknown error\",\"message\":\"unknown error: net::ERR_CONNECTION_REFUSED\\\\n  ...\\\\n#23 0x55fa930aa0f3 \\\\u003Cunknown>\\\\n#24 0x55fa930b9e7c \\\\u003Cunknown>\\\\n#25 0x7fbab9494ac3 \\\\u003Cunknown>\\\\n\"}}'}\n\n    def check_response(self, response: Dict[str, Any]) -> None:\n        \"\"\"Checks that a JSON response from the WebDriver does not have an\n        error.\n    \n        :Args:\n         - response - The JSON response from the WebDriver server as a dictionary\n           object.\n    \n        :Raises: If the response contains an error message.\n        \"\"\"\n        status = response.get(\"status\", None)\n        if not status or status == ErrorCode.SUCCESS:\n            return\n        value = None\n        message = response.get(\"message\", \"\")\n        screen: str = response.get(\"screen\", \"\")\n        stacktrace = None\n        if isinstance(status, int):\n            value_json = response.get(\"value\", None)\n            if value_json and isinstance(value_json, str):\n                import json\n    \n                try:\n                    value = json.loads(value_json)\n                    if len(value) == 1:\n                        value = value[\"value\"]\n                    status = value.get(\"error\", None)\n                    if not status:\n                        status = value.get(\"status\", ErrorCode.UNKNOWN_ERROR)\n                        message = value.get(\"value\") or value.get(\"message\")\n                        if not isinstance(message, str):\n                            value = message\n                            message = message.get(\"message\")\n                    else:\n                        message = value.get(\"message\", None)\n                except ValueError:\n                    pass\n    \n        exception_class: Type[WebDriverException]\n        e = ErrorCode()\n        error_codes = [item for item in dir(e) if not item.startswith(\"__\")]\n        for error_code in error_codes:\n            error_info = getattr(ErrorCode, error_code)\n            if isinstance(error_info, list) and status in error_info:\n                exception_class = getattr(ExceptionMapping, error_code, WebDriverException)\n                break\n        else:\n            exception_class = WebDriverException\n    \n        if not value:\n            value = response[\"value\"]\n        if isinstance(value, str):\n            raise exception_class(value)\n        if message == \"\" and \"message\" in value:\n            message = value[\"message\"]\n    \n        screen = None  # type: ignore[assignment]\n        if \"screen\" in value:\n            screen = value[\"screen\"]\n    \n        stacktrace = None\n        st_value = value.get(\"stackTrace\") or value.get(\"stacktrace\")\n        if st_value:\n            if isinstance(st_value, str):\n                stacktrace = st_value.split(\"\\n\")\n            else:\n                stacktrace = []\n                try:\n                    for frame in st_value:\n                        line = frame.get(\"lineNumber\", \"\")\n                        file = frame.get(\"fileName\", \"<anonymous>\")\n                        if line:\n                            file = f\"{file}:{line}\"\n                        meth = frame.get(\"methodName\", \"<anonymous>\")\n                        if \"className\" in frame:\n                            meth = f\"{frame['className']}.{meth}\"\n                        msg = \"    at %s (%s)\"\n                        msg = msg % (meth, file)\n                        stacktrace.append(msg)\n                except TypeError:\n                    pass\n        if exception_class == UnexpectedAlertPresentException:\n            alert_text = None\n            if \"data\" in value:\n                alert_text = value[\"data\"].get(\"text\")\n            elif \"alert\" in value:\n                alert_text = value[\"alert\"].get(\"text\")\n            raise exception_class(message, screen, stacktrace, alert_text)  # type: ignore[call-arg]  # mypy is not smart enough here\n>       raise exception_class(message, screen, stacktrace)\nE       selenium.common.exceptions.WebDriverException: Message: unknown error: net::ERR_CONNECTION_REFUSED\nE         (Session info: chrome=129.0.6668.89)\nE       Stacktrace:\nE       #0 0x55fa930bb02a <unknown>\nE       #1 0x55fa92da15e0 <unknown>\nE       #2 0x55fa92d997eb <unknown>\nE       #3 0x55fa92d89a09 <unknown>\nE       #4 0x55fa92d8b744 <unknown>\nE       #5 0x55fa92d89cbd <unknown>\nE       #6 0x55fa92d8952f <unknown>\nE       #7 0x55fa92d89422 <unknown>\nE       #8 0x55fa92d87493 <unknown>\nE       #9 0x55fa92d87ada <unknown>\nE       #10 0x55fa92da3f41 <unknown>\nE       #11 0x55fa92e358c5 <unknown>\nE       #12 0x55fa92e15b22 <unknown>\nE       #13 0x55fa92e34d7d <unknown>\nE       #14 0x55fa92e158c3 <unknown>\nE       #15 0x55fa92de36b3 <unknown>\nE       #16 0x55fa92de468e <unknown>\nE       #17 0x55fa93085a2b <unknown>\nE       #18 0x55fa930899b1 <unknown>\nE       #19 0x55fa93072225 <unknown>\nE       #20 0x55fa9308a532 <unknown>\nE       #21 0x55fa9305738f <unknown>\nE       #22 0x55fa930a9f28 <unknown>\nE       #23 0x55fa930aa0f3 <unknown>\nE       #24 0x55fa930b9e7c <unknown>\nE       #25 0x7fbab9494ac3 <unknown>\n\n/opt/hostedtoolcache/Python/3.12.7/x64/lib/python3.12/site-packages/selenium/webdriver/remote/errorhandler.py:229: WebDriverException",
  "flaky" : false,
  "newFailed" : false,
  "beforeStages" : [ {
    "name" : "contributors_page_open",
    "time" : {
      "start" : 1728697240520,
      "stop" : 1728697240943,
      "duration" : 423
    },
    "status" : "broken",
    "statusMessage" : "selenium.common.exceptions.WebDriverException: Message: unknown error: net::ERR_CONNECTION_REFUSED\n  (Session info: chrome=129.0.6668.89)\nStacktrace:\n#0 0x55fa930bb02a <unknown>\n#1 0x55fa92da15e0 <unknown>\n#2 0x55fa92d997eb <unknown>\n#3 0x55fa92d89a09 <unknown>\n#4 0x55fa92d8b744 <unknown>\n#5 0x55fa92d89cbd <unknown>\n#6 0x55fa92d8952f <unknown>\n#7 0x55fa92d89422 <unknown>\n#8 0x55fa92d87493 <unknown>\n#9 0x55fa92d87ada <unknown>\n#10 0x55fa92da3f41 <unknown>\n#11 0x55fa92e358c5 <unknown>\n#12 0x55fa92e15b22 <unknown>\n#13 0x55fa92e34d7d <unknown>\n#14 0x55fa92e158c3 <unknown>\n#15 0x55fa92de36b3 <unknown>\n#16 0x55fa92de468e <unknown>\n#17 0x55fa93085a2b <unknown>\n#18 0x55fa930899b1 <unknown>\n#19 0x55fa93072225 <unknown>\n#20 0x55fa9308a532 <unknown>\n#21 0x55fa9305738f <unknown>\n#22 0x55fa930a9f28 <unknown>\n#23 0x55fa930aa0f3 <unknown>\n#24 0x55fa930b9e7c <unknown>\n#25 0x7fbab9494ac3 <unknown>\n\n",
    "statusTrace" : "  File \"/opt/hostedtoolcache/Python/3.12.7/x64/lib/python3.12/site-packages/pluggy/_callers.py\", line 103, in _multicall\n    res = hook_impl.function(*args)\n          ^^^^^^^^^^^^^^^^^^^^^^^^^\n  File \"/opt/hostedtoolcache/Python/3.12.7/x64/lib/python3.12/site-packages/_pytest/fixtures.py\", line 1123, in pytest_fixture_setup\n    result = call_fixture_func(fixturefunc, request, kwargs)\n             ^^^^^^^^^^^^^^^^^^^^^^^^^^^^^^^^^^^^^^^^^^^^^^^\n  File \"/opt/hostedtoolcache/Python/3.12.7/x64/lib/python3.12/site-packages/_pytest/fixtures.py\", line 902, in call_fixture_func\n    fixture_result = fixturefunc(**kwargs)\n                     ^^^^^^^^^^^^^^^^^^^^^\n  File \"/opt/hostedtoolcache/Python/3.12.7/x64/lib/python3.12/site-packages/allure_commons/_allure.py\", line 192, in impl\n    return func(*a, **kw)\n           ^^^^^^^^^^^^^^\n  File \"/home/runner/work/auto-tests-python/auto-tests-python/tests/conftest.py\", line 28, in contributors_page_open\n    driver.get(MainPageLinks.URL_CONTRIBUTORS_PAGE)\n  File \"/opt/hostedtoolcache/Python/3.12.7/x64/lib/python3.12/site-packages/selenium/webdriver/remote/webdriver.py\", line 353, in get\n    self.execute(Command.GET, {\"url\": url})\n  File \"/opt/hostedtoolcache/Python/3.12.7/x64/lib/python3.12/site-packages/selenium/webdriver/remote/webdriver.py\", line 344, in execute\n    self.error_handler.check_response(response)\n  File \"/opt/hostedtoolcache/Python/3.12.7/x64/lib/python3.12/site-packages/selenium/webdriver/remote/errorhandler.py\", line 229, in check_response\n    raise exception_class(message, screen, stacktrace)\n",
    "steps" : [ {
      "name" : "Open page: https://brainup.site/contributors",
      "time" : {
        "start" : 1728697240520,
        "stop" : 1728697240943,
        "duration" : 423
      },
      "status" : "broken",
      "statusMessage" : "selenium.common.exceptions.WebDriverException: Message: unknown error: net::ERR_CONNECTION_REFUSED\n  (Session info: chrome=129.0.6668.89)\nStacktrace:\n#0 0x55fa930bb02a <unknown>\n#1 0x55fa92da15e0 <unknown>\n#2 0x55fa92d997eb <unknown>\n#3 0x55fa92d89a09 <unknown>\n#4 0x55fa92d8b744 <unknown>\n#5 0x55fa92d89cbd <unknown>\n#6 0x55fa92d8952f <unknown>\n#7 0x55fa92d89422 <unknown>\n#8 0x55fa92d87493 <unknown>\n#9 0x55fa92d87ada <unknown>\n#10 0x55fa92da3f41 <unknown>\n#11 0x55fa92e358c5 <unknown>\n#12 0x55fa92e15b22 <unknown>\n#13 0x55fa92e34d7d <unknown>\n#14 0x55fa92e158c3 <unknown>\n#15 0x55fa92de36b3 <unknown>\n#16 0x55fa92de468e <unknown>\n#17 0x55fa93085a2b <unknown>\n#18 0x55fa930899b1 <unknown>\n#19 0x55fa93072225 <unknown>\n#20 0x55fa9308a532 <unknown>\n#21 0x55fa9305738f <unknown>\n#22 0x55fa930a9f28 <unknown>\n#23 0x55fa930aa0f3 <unknown>\n#24 0x55fa930b9e7c <unknown>\n#25 0x7fbab9494ac3 <unknown>\n\n",
      "statusTrace" : "  File \"/opt/hostedtoolcache/Python/3.12.7/x64/lib/python3.12/site-packages/allure_commons/_allure.py\", line 192, in impl\n    return func(*a, **kw)\n           ^^^^^^^^^^^^^^\n  File \"/home/runner/work/auto-tests-python/auto-tests-python/tests/conftest.py\", line 28, in contributors_page_open\n    driver.get(MainPageLinks.URL_CONTRIBUTORS_PAGE)\n  File \"/opt/hostedtoolcache/Python/3.12.7/x64/lib/python3.12/site-packages/selenium/webdriver/remote/webdriver.py\", line 353, in get\n    self.execute(Command.GET, {\"url\": url})\n  File \"/opt/hostedtoolcache/Python/3.12.7/x64/lib/python3.12/site-packages/selenium/webdriver/remote/webdriver.py\", line 344, in execute\n    self.error_handler.check_response(response)\n  File \"/opt/hostedtoolcache/Python/3.12.7/x64/lib/python3.12/site-packages/selenium/webdriver/remote/errorhandler.py\", line 229, in check_response\n    raise exception_class(message, screen, stacktrace)\n",
      "steps" : [ ],
      "attachments" : [ ],
      "parameters" : [ {
        "name" : "driver",
        "value" : "<selenium.webdriver.chrome.webdriver.WebDriver (session=\"39a754bd2fed14757c8a38189e06bb6b\")>"
      } ],
      "stepsCount" : 0,
      "attachmentsCount" : 0,
      "shouldDisplayMessage" : true,
      "hasContent" : true
    } ],
    "attachments" : [ ],
    "parameters" : [ ],
    "stepsCount" : 1,
    "attachmentsCount" : 0,
    "shouldDisplayMessage" : false,
    "hasContent" : true
  }, {
    "name" : "clear_allure_results_folder",
    "time" : {
      "start" : 1728697167335,
      "stop" : 1728697167335,
      "duration" : 0
    },
    "status" : "passed",
    "steps" : [ ],
    "attachments" : [ ],
    "parameters" : [ ],
    "stepsCount" : 0,
    "attachmentsCount" : 0,
    "shouldDisplayMessage" : false,
    "hasContent" : false
  }, {
    "name" : "driver",
    "time" : {
      "start" : 1728697239752,
      "stop" : 1728697240520,
      "duration" : 768
    },
    "status" : "passed",
    "steps" : [ ],
    "attachments" : [ ],
    "parameters" : [ ],
    "stepsCount" : 0,
    "attachmentsCount" : 0,
    "shouldDisplayMessage" : false,
    "hasContent" : false
  } ],
  "afterStages" : [ {
    "name" : "driver::0",
    "time" : {
      "start" : 1728697240975,
      "stop" : 1728697241037,
      "duration" : 62
    },
    "status" : "passed",
    "steps" : [ ],
    "attachments" : [ ],
    "parameters" : [ ],
    "stepsCount" : 0,
    "attachmentsCount" : 0,
    "shouldDisplayMessage" : false,
    "hasContent" : false
  } ],
  "labels" : [ {
    "name" : "epic",
    "value" : "The Contributors Page"
  }, {
    "name" : "parentSuite",
    "value" : "tests"
  }, {
    "name" : "suite",
    "value" : "contributors_page_test"
  }, {
    "name" : "subSuite",
    "value" : "TestContributorsPage"
  }, {
    "name" : "host",
    "value" : "fv-az570-490"
  }, {
    "name" : "thread",
    "value" : "2304-MainThread"
  }, {
    "name" : "framework",
    "value" : "pytest"
  }, {
    "name" : "language",
    "value" : "cpython3"
  }, {
    "name" : "package",
    "value" : "tests.contributors_page_test"
  }, {
    "name" : "resultFormat",
    "value" : "allure2"
  } ],
  "parameters" : [ ],
  "links" : [ ],
  "hidden" : false,
  "retry" : false,
  "extra" : {
    "severity" : "normal",
    "retries" : [ ],
    "categories" : [ {
      "name" : "Test defects",
      "matchedStatuses" : [ ],
      "flaky" : false
    } ],
    "history" : {
      "statistic" : {
        "failed" : 14,
        "broken" : 3,
        "skipped" : 0,
        "passed" : 16,
        "unknown" : 0,
        "total" : 33
      },
      "items" : [ {
        "uid" : "d99bc14f3e54e663",
        "reportUrl" : "https://lambotik.github.io/auto-tests-python/59//#testresult/d99bc14f3e54e663",
        "status" : "broken",
        "statusDetails" : "selenium.common.exceptions.WebDriverException: Message: unknown error: net::ERR_CONNECTION_REFUSED\n  (Session info: chrome=129.0.6668.89)\nStacktrace:\n#0 0x563d17fec02a <unknown>\n#1 0x563d17cd25e0 <unknown>\n#2 0x563d17cca7eb <unknown>\n#3 0x563d17cbaa09 <unknown>\n#4 0x563d17cbc744 <unknown>\n#5 0x563d17cbacbd <unknown>\n#6 0x563d17cba52f <unknown>\n#7 0x563d17cba422 <unknown>\n#8 0x563d17cb8493 <unknown>\n#9 0x563d17cb8ada <unknown>\n#10 0x563d17cd4f41 <unknown>\n#11 0x563d17d668c5 <unknown>\n#12 0x563d17d46b22 <unknown>\n#13 0x563d17d65d7d <unknown>\n#14 0x563d17d468c3 <unknown>\n#15 0x563d17d146b3 <unknown>\n#16 0x563d17d1568e <unknown>\n#17 0x563d17fb6a2b <unknown>\n#18 0x563d17fba9b1 <unknown>\n#19 0x563d17fa3225 <unknown>\n#20 0x563d17fbb532 <unknown>\n#21 0x563d17f8838f <unknown>\n#22 0x563d17fdaf28 <unknown>\n#23 0x563d17fdb0f3 <unknown>\n#24 0x563d17feae7c <unknown>\n#25 0x7f5adcc94ac3 <unknown>",
        "time" : {
          "start" : 1728610931098,
          "stop" : 1728610931098,
          "duration" : 0
        }
      }, {
        "uid" : "9efbd5b0df381732",
        "reportUrl" : "https://lambotik.github.io/auto-tests-python/58//#testresult/9efbd5b0df381732",
        "status" : "failed",
        "statusDetails" : "AssertionError: The attribute 'href' of the link mismatches the valid value\nassert 'https://github.com/ElenaSpb' == 'https://brai...contributors#'\n  - https://brainup.site/contributors#\n  + https://github.com/ElenaSpb",
        "time" : {
          "start" : 1728524632574,
          "stop" : 1728524632796,
          "duration" : 222
        }
      }, {
        "uid" : "667acee68f7653ea",
        "reportUrl" : "https://lambotik.github.io/auto-tests-python/57//#testresult/667acee68f7653ea",
        "status" : "failed",
        "statusDetails" : "AssertionError: The attribute 'href' of the link mismatches the valid value\nassert 'https://github.com/ElenaSpb' == 'https://brai...contributors#'\n  - https://brainup.site/contributors#\n  + https://github.com/ElenaSpb",
        "time" : {
          "start" : 1728438204115,
          "stop" : 1728438204339,
          "duration" : 224
        }
      }, {
        "uid" : "360cfa89a43c5f50",
        "reportUrl" : "https://lambotik.github.io/auto-tests-python/56//#testresult/360cfa89a43c5f50",
        "status" : "failed",
        "statusDetails" : "AssertionError: The attribute 'href' of the link mismatches the valid value\nassert 'https://github.com/ElenaSpb' == 'https://brai...contributors#'\n  - https://brainup.site/contributors#\n  + https://github.com/ElenaSpb",
        "time" : {
          "start" : 1728351866473,
          "stop" : 1728351866755,
          "duration" : 282
        }
      }, {
        "uid" : "e11d4de06dd5080d",
        "reportUrl" : "https://lambotik.github.io/auto-tests-python/55//#testresult/e11d4de06dd5080d",
        "status" : "broken",
        "statusDetails" : "selenium.common.exceptions.NoSuchElementException: Message: no such element: Unable to locate element: {\"method\":\"xpath\",\"selector\":\"(//section//a)[67]\"}\n  (Session info: chrome=129.0.6668.58); For documentation on this error, please visit: https://www.selenium.dev/documentation/webdriver/troubleshooting/errors#no-such-element-exception\nStacktrace:\n#0 0x5572f2d6813a <unknown>\n#1 0x5572f2a4e5e0 <unknown>\n#2 0x5572f2a9dbe8 <unknown>\n#3 0x5572f2a9de81 <unknown>\n#4 0x5572f2ae48c4 <unknown>\n#5 0x5572f2ac2b4d <unknown>\n#6 0x5572f2ae1d7d <unknown>\n#7 0x5572f2ac28c3 <unknown>\n#8 0x5572f2a906b3 <unknown>\n#9 0x5572f2a9168e <unknown>\n#10 0x5572f2d32b3b <unknown>\n#11 0x5572f2d36ac1 <unknown>\n#12 0x5572f2d1f335 <unknown>\n#13 0x5572f2d37642 <unknown>\n#14 0x5572f2d0449f <unknown>\n#15 0x5572f2d57038 <unknown>\n#16 0x5572f2d57203 <unknown>\n#17 0x5572f2d66f8c <unknown>\n#18 0x7fab85294ac3 <unknown>",
        "time" : {
          "start" : 1728265799201,
          "stop" : 1728265799218,
          "duration" : 17
        }
      }, {
        "uid" : "d50a20c370abf0db",
        "reportUrl" : "https://lambotik.github.io/auto-tests-python/54//#testresult/d50a20c370abf0db",
        "status" : "failed",
        "statusDetails" : "AssertionError: The attribute 'href' of the link mismatches the valid value\nassert 'https://github.com/ElenaSpb' == 'https://brai...contributors#'\n  - https://brainup.site/contributors#\n  + https://github.com/ElenaSpb",
        "time" : {
          "start" : 1728179422348,
          "stop" : 1728179422645,
          "duration" : 297
        }
      }, {
        "uid" : "11c665b4d95ebef3",
        "reportUrl" : "https://lambotik.github.io/auto-tests-python/53//#testresult/11c665b4d95ebef3",
        "status" : "failed",
        "statusDetails" : "AssertionError: The attribute 'href' of the link mismatches the valid value\nassert 'https://github.com/ElenaSpb' == 'https://brai...contributors#'\n  - https://brainup.site/contributors#\n  + https://github.com/ElenaSpb",
        "time" : {
          "start" : 1728092597358,
          "stop" : 1728092597756,
          "duration" : 398
        }
      }, {
        "uid" : "fe3fb11d85fc21ef",
        "reportUrl" : "https://lambotik.github.io/auto-tests-python/52//#testresult/fe3fb11d85fc21ef",
        "status" : "failed",
        "statusDetails" : "AssertionError: The attribute 'href' of the link mismatches the valid value\nassert 'https://github.com/ElenaSpb' == 'https://brai...contributors#'\n  - https://brainup.site/contributors#\n  + https://github.com/ElenaSpb",
        "time" : {
          "start" : 1728006302320,
          "stop" : 1728006302748,
          "duration" : 428
        }
      }, {
        "uid" : "11463dbfc2280485",
        "reportUrl" : "https://lambotik.github.io/auto-tests-python/51//#testresult/11463dbfc2280485",
        "status" : "failed",
        "statusDetails" : "AssertionError: The attribute 'href' of the link mismatches the valid value\nassert 'https://github.com/ElenaSpb' == 'https://brai...contributors#'\n  - https://brainup.site/contributors#\n  + https://github.com/ElenaSpb",
        "time" : {
          "start" : 1727919891256,
          "stop" : 1727919891737,
          "duration" : 481
        }
      }, {
        "uid" : "72fb0c36705569f7",
        "reportUrl" : "https://lambotik.github.io/auto-tests-python/50//#testresult/72fb0c36705569f7",
        "status" : "failed",
        "statusDetails" : "AssertionError: The attribute 'href' of the link mismatches the valid value\nassert 'https://github.com/ElenaSpb' == 'https://brai...contributors#'\n  - https://brainup.site/contributors#\n  + https://github.com/ElenaSpb",
        "time" : {
          "start" : 1727833429588,
          "stop" : 1727833429814,
          "duration" : 226
        }
      }, {
        "uid" : "8c54fbb83eb5f2fd",
        "reportUrl" : "https://lambotik.github.io/auto-tests-python/49//#testresult/8c54fbb83eb5f2fd",
        "status" : "failed",
        "statusDetails" : "AssertionError: The attribute 'href' of the link mismatches the valid value\nassert 'https://github.com/ElenaSpb' == 'https://brai...contributors#'\n  - https://brainup.site/contributors#\n  + https://github.com/ElenaSpb",
        "time" : {
          "start" : 1727747566007,
          "stop" : 1727747566256,
          "duration" : 249
        }
      }, {
        "uid" : "6bbe2e4a77472570",
        "reportUrl" : "https://lambotik.github.io/auto-tests-python/48//#testresult/6bbe2e4a77472570",
        "status" : "failed",
        "statusDetails" : "AssertionError: The attribute 'href' of the link mismatches the valid value\nassert 'https://github.com/ElenaSpb' == 'https://brai...contributors#'\n  - https://brainup.site/contributors#\n  + https://github.com/ElenaSpb",
        "time" : {
          "start" : 1727660846998,
          "stop" : 1727660847297,
          "duration" : 299
        }
      }, {
        "uid" : "670533bd8a76039f",
        "reportUrl" : "https://lambotik.github.io/auto-tests-python/47//#testresult/670533bd8a76039f",
        "status" : "failed",
        "statusDetails" : "AssertionError: The attribute 'href' of the link mismatches the valid value\nassert 'https://github.com/ElenaSpb' == 'https://brai...contributors#'\n  - https://brainup.site/contributors#\n  + https://github.com/ElenaSpb",
        "time" : {
          "start" : 1727574654669,
          "stop" : 1727574654913,
          "duration" : 244
        }
      }, {
        "uid" : "523331c5e2dd43a8",
        "reportUrl" : "https://lambotik.github.io/auto-tests-python/46//#testresult/523331c5e2dd43a8",
        "status" : "failed",
        "statusDetails" : "AssertionError: The attribute 'href' of the link mismatches the valid value\nassert 'https://github.com/ElenaSpb' == 'https://brai...contributors#'\n  - https://brainup.site/contributors#\n  + https://github.com/ElenaSpb",
        "time" : {
          "start" : 1727487901138,
          "stop" : 1727487901425,
          "duration" : 287
        }
      }, {
        "uid" : "30254398a88529ed",
        "reportUrl" : "https://lambotik.github.io/auto-tests-python/45//#testresult/30254398a88529ed",
        "status" : "failed",
        "statusDetails" : "AssertionError: The attribute 'href' of the link mismatches the valid value\nassert 'https://github.com/ElenaSpb' == 'https://brai...contributors#'\n  - https://brainup.site/contributors#\n  + https://github.com/ElenaSpb",
        "time" : {
          "start" : 1727401485631,
          "stop" : 1727401486089,
          "duration" : 458
        }
      }, {
        "uid" : "ca958e21c008e396",
        "reportUrl" : "https://lambotik.github.io/auto-tests-python/44//#testresult/ca958e21c008e396",
        "status" : "failed",
        "statusDetails" : "AssertionError: The attribute 'href' of the link mismatches the valid value\nassert 'https://github.com/tHe-AK' == 'https://brai...contributors#'\n  - https://brainup.site/contributors#\n  + https://github.com/tHe-AK",
        "time" : {
          "start" : 1727315031636,
          "stop" : 1727315031992,
          "duration" : 356
        }
      }, {
        "uid" : "999d9cbe42aa9de2",
        "reportUrl" : "https://lambotik.github.io/auto-tests-python/43//#testresult/999d9cbe42aa9de2",
        "status" : "passed",
        "time" : {
          "start" : 1727228722383,
          "stop" : 1727228723014,
          "duration" : 631
        }
      }, {
        "uid" : "e4f781329957cb4f",
        "reportUrl" : "https://lambotik.github.io/auto-tests-python/42//#testresult/e4f781329957cb4f",
        "status" : "passed",
        "time" : {
          "start" : 1727142275315,
          "stop" : 1727142275945,
          "duration" : 630
        }
      }, {
        "uid" : "7a22e2afc515d5b0",
        "reportUrl" : "https://lambotik.github.io/auto-tests-python/41//#testresult/7a22e2afc515d5b0",
        "status" : "passed",
        "time" : {
          "start" : 1727055826284,
          "stop" : 1727055826828,
          "duration" : 544
        }
      }, {
        "uid" : "54462b7b5b9bc418",
        "reportUrl" : "https://lambotik.github.io/auto-tests-python/40//#testresult/54462b7b5b9bc418",
        "status" : "passed",
        "time" : {
          "start" : 1726969752385,
          "stop" : 1726969752924,
          "duration" : 539
        }
      } ]
    },
    "tags" : [ ]
  },
  "source" : "56670ca83d506439.json",
  "parameterValues" : [ ]
}