{
  "uid" : "5f6939a7a0a89b61",
  "name" : "Verify presence, visibility and attributes of icons in sections",
  "fullName" : "tests.used_resources_page_test.TestUsedResourcesPageForAuthorizedUserIcons#test_ur_04_01_verify_icons_in_sections",
  "historyId" : "8affe82e47abf3aece748234d39e99a4",
  "time" : {
    "start" : 1728697374317,
    "stop" : 1728697374317,
    "duration" : 0
  },
  "status" : "broken",
  "statusMessage" : "selenium.common.exceptions.WebDriverException: Message: unknown error: net::ERR_CONNECTION_REFUSED\n  (Session info: chrome=129.0.6668.89)\nStacktrace:\n#0 0x55a15093d02a <unknown>\n#1 0x55a1506235e0 <unknown>\n#2 0x55a15061b7eb <unknown>\n#3 0x55a15060ba09 <unknown>\n#4 0x55a15060d744 <unknown>\n#5 0x55a15060bcbd <unknown>\n#6 0x55a15060b52f <unknown>\n#7 0x55a15060b422 <unknown>\n#8 0x55a150609493 <unknown>\n#9 0x55a150609ada <unknown>\n#10 0x55a150625f41 <unknown>\n#11 0x55a1506b78c5 <unknown>\n#12 0x55a150697b22 <unknown>\n#13 0x55a1506b6d7d <unknown>\n#14 0x55a1506978c3 <unknown>\n#15 0x55a1506656b3 <unknown>\n#16 0x55a15066668e <unknown>\n#17 0x55a150907a2b <unknown>\n#18 0x55a15090b9b1 <unknown>\n#19 0x55a1508f4225 <unknown>\n#20 0x55a15090c532 <unknown>\n#21 0x55a1508d938f <unknown>\n#22 0x55a15092bf28 <unknown>\n#23 0x55a15092c0f3 <unknown>\n#24 0x55a15093be7c <unknown>\n#25 0x7f8b1f294ac3 <unknown>",
  "statusTrace" : "driver = <selenium.webdriver.chrome.webdriver.WebDriver (session=\"390e9121073aa32a02d77abc14e18fcd\")>\n\n    @pytest.fixture()\n    @allure.step(f'Open page: {MainPageLinks.URL_MAIN_PAGE}')\n    def main_page_open(driver):\n>       driver.get(MainPageLinks.URL_MAIN_PAGE)\n\ntests/conftest.py:22: \n_ _ _ _ _ _ _ _ _ _ _ _ _ _ _ _ _ _ _ _ _ _ _ _ _ _ _ _ _ _ _ _ _ _ _ _ _ _ _ _ \n/opt/hostedtoolcache/Python/3.12.7/x64/lib/python3.12/site-packages/selenium/webdriver/remote/webdriver.py:353: in get\n    self.execute(Command.GET, {\"url\": url})\n/opt/hostedtoolcache/Python/3.12.7/x64/lib/python3.12/site-packages/selenium/webdriver/remote/webdriver.py:344: in execute\n    self.error_handler.check_response(response)\n_ _ _ _ _ _ _ _ _ _ _ _ _ _ _ _ _ _ _ _ _ _ _ _ _ _ _ _ _ _ _ _ _ _ _ _ _ _ _ _ \n\nself = <selenium.webdriver.remote.errorhandler.ErrorHandler object at 0x7f4df4e20410>\nresponse = {'status': 500, 'value': '{\"value\":{\"error\":\"unknown error\",\"message\":\"unknown error: net::ERR_CONNECTION_REFUSED\\\\n  ...\\\\n#23 0x55a15092c0f3 \\\\u003Cunknown>\\\\n#24 0x55a15093be7c \\\\u003Cunknown>\\\\n#25 0x7f8b1f294ac3 \\\\u003Cunknown>\\\\n\"}}'}\n\n    def check_response(self, response: Dict[str, Any]) -> None:\n        \"\"\"Checks that a JSON response from the WebDriver does not have an\n        error.\n    \n        :Args:\n         - response - The JSON response from the WebDriver server as a dictionary\n           object.\n    \n        :Raises: If the response contains an error message.\n        \"\"\"\n        status = response.get(\"status\", None)\n        if not status or status == ErrorCode.SUCCESS:\n            return\n        value = None\n        message = response.get(\"message\", \"\")\n        screen: str = response.get(\"screen\", \"\")\n        stacktrace = None\n        if isinstance(status, int):\n            value_json = response.get(\"value\", None)\n            if value_json and isinstance(value_json, str):\n                import json\n    \n                try:\n                    value = json.loads(value_json)\n                    if len(value) == 1:\n                        value = value[\"value\"]\n                    status = value.get(\"error\", None)\n                    if not status:\n                        status = value.get(\"status\", ErrorCode.UNKNOWN_ERROR)\n                        message = value.get(\"value\") or value.get(\"message\")\n                        if not isinstance(message, str):\n                            value = message\n                            message = message.get(\"message\")\n                    else:\n                        message = value.get(\"message\", None)\n                except ValueError:\n                    pass\n    \n        exception_class: Type[WebDriverException]\n        e = ErrorCode()\n        error_codes = [item for item in dir(e) if not item.startswith(\"__\")]\n        for error_code in error_codes:\n            error_info = getattr(ErrorCode, error_code)\n            if isinstance(error_info, list) and status in error_info:\n                exception_class = getattr(ExceptionMapping, error_code, WebDriverException)\n                break\n        else:\n            exception_class = WebDriverException\n    \n        if not value:\n            value = response[\"value\"]\n        if isinstance(value, str):\n            raise exception_class(value)\n        if message == \"\" and \"message\" in value:\n            message = value[\"message\"]\n    \n        screen = None  # type: ignore[assignment]\n        if \"screen\" in value:\n            screen = value[\"screen\"]\n    \n        stacktrace = None\n        st_value = value.get(\"stackTrace\") or value.get(\"stacktrace\")\n        if st_value:\n            if isinstance(st_value, str):\n                stacktrace = st_value.split(\"\\n\")\n            else:\n                stacktrace = []\n                try:\n                    for frame in st_value:\n                        line = frame.get(\"lineNumber\", \"\")\n                        file = frame.get(\"fileName\", \"<anonymous>\")\n                        if line:\n                            file = f\"{file}:{line}\"\n                        meth = frame.get(\"methodName\", \"<anonymous>\")\n                        if \"className\" in frame:\n                            meth = f\"{frame['className']}.{meth}\"\n                        msg = \"    at %s (%s)\"\n                        msg = msg % (meth, file)\n                        stacktrace.append(msg)\n                except TypeError:\n                    pass\n        if exception_class == UnexpectedAlertPresentException:\n            alert_text = None\n            if \"data\" in value:\n                alert_text = value[\"data\"].get(\"text\")\n            elif \"alert\" in value:\n                alert_text = value[\"alert\"].get(\"text\")\n            raise exception_class(message, screen, stacktrace, alert_text)  # type: ignore[call-arg]  # mypy is not smart enough here\n>       raise exception_class(message, screen, stacktrace)\nE       selenium.common.exceptions.WebDriverException: Message: unknown error: net::ERR_CONNECTION_REFUSED\nE         (Session info: chrome=129.0.6668.89)\nE       Stacktrace:\nE       #0 0x55a15093d02a <unknown>\nE       #1 0x55a1506235e0 <unknown>\nE       #2 0x55a15061b7eb <unknown>\nE       #3 0x55a15060ba09 <unknown>\nE       #4 0x55a15060d744 <unknown>\nE       #5 0x55a15060bcbd <unknown>\nE       #6 0x55a15060b52f <unknown>\nE       #7 0x55a15060b422 <unknown>\nE       #8 0x55a150609493 <unknown>\nE       #9 0x55a150609ada <unknown>\nE       #10 0x55a150625f41 <unknown>\nE       #11 0x55a1506b78c5 <unknown>\nE       #12 0x55a150697b22 <unknown>\nE       #13 0x55a1506b6d7d <unknown>\nE       #14 0x55a1506978c3 <unknown>\nE       #15 0x55a1506656b3 <unknown>\nE       #16 0x55a15066668e <unknown>\nE       #17 0x55a150907a2b <unknown>\nE       #18 0x55a15090b9b1 <unknown>\nE       #19 0x55a1508f4225 <unknown>\nE       #20 0x55a15090c532 <unknown>\nE       #21 0x55a1508d938f <unknown>\nE       #22 0x55a15092bf28 <unknown>\nE       #23 0x55a15092c0f3 <unknown>\nE       #24 0x55a15093be7c <unknown>\nE       #25 0x7f8b1f294ac3 <unknown>\n\n/opt/hostedtoolcache/Python/3.12.7/x64/lib/python3.12/site-packages/selenium/webdriver/remote/errorhandler.py:229: WebDriverException",
  "flaky" : false,
  "newFailed" : false,
  "beforeStages" : [ {
    "name" : "driver",
    "time" : {
      "start" : 1728697374317,
      "stop" : 1728697375096,
      "duration" : 779
    },
    "status" : "passed",
    "steps" : [ ],
    "attachments" : [ ],
    "parameters" : [ ],
    "stepsCount" : 0,
    "attachmentsCount" : 0,
    "shouldDisplayMessage" : false,
    "hasContent" : false
  }, {
    "name" : "clear_allure_results_folder",
    "time" : {
      "start" : 1728697167335,
      "stop" : 1728697167335,
      "duration" : 0
    },
    "status" : "passed",
    "steps" : [ ],
    "attachments" : [ ],
    "parameters" : [ ],
    "stepsCount" : 0,
    "attachmentsCount" : 0,
    "shouldDisplayMessage" : false,
    "hasContent" : false
  }, {
    "name" : "main_page_open",
    "time" : {
      "start" : 1728697375096,
      "stop" : 1728697375519,
      "duration" : 423
    },
    "status" : "broken",
    "statusMessage" : "selenium.common.exceptions.WebDriverException: Message: unknown error: net::ERR_CONNECTION_REFUSED\n  (Session info: chrome=129.0.6668.89)\nStacktrace:\n#0 0x55a15093d02a <unknown>\n#1 0x55a1506235e0 <unknown>\n#2 0x55a15061b7eb <unknown>\n#3 0x55a15060ba09 <unknown>\n#4 0x55a15060d744 <unknown>\n#5 0x55a15060bcbd <unknown>\n#6 0x55a15060b52f <unknown>\n#7 0x55a15060b422 <unknown>\n#8 0x55a150609493 <unknown>\n#9 0x55a150609ada <unknown>\n#10 0x55a150625f41 <unknown>\n#11 0x55a1506b78c5 <unknown>\n#12 0x55a150697b22 <unknown>\n#13 0x55a1506b6d7d <unknown>\n#14 0x55a1506978c3 <unknown>\n#15 0x55a1506656b3 <unknown>\n#16 0x55a15066668e <unknown>\n#17 0x55a150907a2b <unknown>\n#18 0x55a15090b9b1 <unknown>\n#19 0x55a1508f4225 <unknown>\n#20 0x55a15090c532 <unknown>\n#21 0x55a1508d938f <unknown>\n#22 0x55a15092bf28 <unknown>\n#23 0x55a15092c0f3 <unknown>\n#24 0x55a15093be7c <unknown>\n#25 0x7f8b1f294ac3 <unknown>\n\n",
    "statusTrace" : "  File \"/opt/hostedtoolcache/Python/3.12.7/x64/lib/python3.12/site-packages/pluggy/_callers.py\", line 103, in _multicall\n    res = hook_impl.function(*args)\n          ^^^^^^^^^^^^^^^^^^^^^^^^^\n  File \"/opt/hostedtoolcache/Python/3.12.7/x64/lib/python3.12/site-packages/_pytest/fixtures.py\", line 1123, in pytest_fixture_setup\n    result = call_fixture_func(fixturefunc, request, kwargs)\n             ^^^^^^^^^^^^^^^^^^^^^^^^^^^^^^^^^^^^^^^^^^^^^^^\n  File \"/opt/hostedtoolcache/Python/3.12.7/x64/lib/python3.12/site-packages/_pytest/fixtures.py\", line 902, in call_fixture_func\n    fixture_result = fixturefunc(**kwargs)\n                     ^^^^^^^^^^^^^^^^^^^^^\n  File \"/opt/hostedtoolcache/Python/3.12.7/x64/lib/python3.12/site-packages/allure_commons/_allure.py\", line 192, in impl\n    return func(*a, **kw)\n           ^^^^^^^^^^^^^^\n  File \"/home/runner/work/auto-tests-python/auto-tests-python/tests/conftest.py\", line 22, in main_page_open\n    driver.get(MainPageLinks.URL_MAIN_PAGE)\n  File \"/opt/hostedtoolcache/Python/3.12.7/x64/lib/python3.12/site-packages/selenium/webdriver/remote/webdriver.py\", line 353, in get\n    self.execute(Command.GET, {\"url\": url})\n  File \"/opt/hostedtoolcache/Python/3.12.7/x64/lib/python3.12/site-packages/selenium/webdriver/remote/webdriver.py\", line 344, in execute\n    self.error_handler.check_response(response)\n  File \"/opt/hostedtoolcache/Python/3.12.7/x64/lib/python3.12/site-packages/selenium/webdriver/remote/errorhandler.py\", line 229, in check_response\n    raise exception_class(message, screen, stacktrace)\n",
    "steps" : [ {
      "name" : "Open page: https://brainup.site/",
      "time" : {
        "start" : 1728697375096,
        "stop" : 1728697375518,
        "duration" : 422
      },
      "status" : "broken",
      "statusMessage" : "selenium.common.exceptions.WebDriverException: Message: unknown error: net::ERR_CONNECTION_REFUSED\n  (Session info: chrome=129.0.6668.89)\nStacktrace:\n#0 0x55a15093d02a <unknown>\n#1 0x55a1506235e0 <unknown>\n#2 0x55a15061b7eb <unknown>\n#3 0x55a15060ba09 <unknown>\n#4 0x55a15060d744 <unknown>\n#5 0x55a15060bcbd <unknown>\n#6 0x55a15060b52f <unknown>\n#7 0x55a15060b422 <unknown>\n#8 0x55a150609493 <unknown>\n#9 0x55a150609ada <unknown>\n#10 0x55a150625f41 <unknown>\n#11 0x55a1506b78c5 <unknown>\n#12 0x55a150697b22 <unknown>\n#13 0x55a1506b6d7d <unknown>\n#14 0x55a1506978c3 <unknown>\n#15 0x55a1506656b3 <unknown>\n#16 0x55a15066668e <unknown>\n#17 0x55a150907a2b <unknown>\n#18 0x55a15090b9b1 <unknown>\n#19 0x55a1508f4225 <unknown>\n#20 0x55a15090c532 <unknown>\n#21 0x55a1508d938f <unknown>\n#22 0x55a15092bf28 <unknown>\n#23 0x55a15092c0f3 <unknown>\n#24 0x55a15093be7c <unknown>\n#25 0x7f8b1f294ac3 <unknown>\n\n",
      "statusTrace" : "  File \"/opt/hostedtoolcache/Python/3.12.7/x64/lib/python3.12/site-packages/allure_commons/_allure.py\", line 192, in impl\n    return func(*a, **kw)\n           ^^^^^^^^^^^^^^\n  File \"/home/runner/work/auto-tests-python/auto-tests-python/tests/conftest.py\", line 22, in main_page_open\n    driver.get(MainPageLinks.URL_MAIN_PAGE)\n  File \"/opt/hostedtoolcache/Python/3.12.7/x64/lib/python3.12/site-packages/selenium/webdriver/remote/webdriver.py\", line 353, in get\n    self.execute(Command.GET, {\"url\": url})\n  File \"/opt/hostedtoolcache/Python/3.12.7/x64/lib/python3.12/site-packages/selenium/webdriver/remote/webdriver.py\", line 344, in execute\n    self.error_handler.check_response(response)\n  File \"/opt/hostedtoolcache/Python/3.12.7/x64/lib/python3.12/site-packages/selenium/webdriver/remote/errorhandler.py\", line 229, in check_response\n    raise exception_class(message, screen, stacktrace)\n",
      "steps" : [ ],
      "attachments" : [ ],
      "parameters" : [ {
        "name" : "driver",
        "value" : "<selenium.webdriver.chrome.webdriver.WebDriver (session=\"390e9121073aa32a02d77abc14e18fcd\")>"
      } ],
      "stepsCount" : 0,
      "attachmentsCount" : 0,
      "shouldDisplayMessage" : true,
      "hasContent" : true
    } ],
    "attachments" : [ ],
    "parameters" : [ ],
    "stepsCount" : 1,
    "attachmentsCount" : 0,
    "shouldDisplayMessage" : false,
    "hasContent" : true
  } ],
  "afterStages" : [ {
    "name" : "driver::0",
    "time" : {
      "start" : 1728697375553,
      "stop" : 1728697375615,
      "duration" : 62
    },
    "status" : "passed",
    "steps" : [ ],
    "attachments" : [ ],
    "parameters" : [ ],
    "stepsCount" : 0,
    "attachmentsCount" : 0,
    "shouldDisplayMessage" : false,
    "hasContent" : false
  } ],
  "labels" : [ {
    "name" : "epic",
    "value" : "Test Used Resources Page"
  }, {
    "name" : "parentSuite",
    "value" : "tests"
  }, {
    "name" : "suite",
    "value" : "used_resources_page_test"
  }, {
    "name" : "subSuite",
    "value" : "TestUsedResourcesPage"
  }, {
    "name" : "host",
    "value" : "fv-az570-490"
  }, {
    "name" : "thread",
    "value" : "2304-MainThread"
  }, {
    "name" : "framework",
    "value" : "pytest"
  }, {
    "name" : "language",
    "value" : "cpython3"
  }, {
    "name" : "package",
    "value" : "tests.used_resources_page_test"
  }, {
    "name" : "resultFormat",
    "value" : "allure2"
  } ],
  "parameters" : [ ],
  "links" : [ ],
  "hidden" : false,
  "retry" : false,
  "extra" : {
    "severity" : "normal",
    "retries" : [ ],
    "categories" : [ {
      "name" : "Test defects",
      "matchedStatuses" : [ ],
      "flaky" : false
    } ],
    "history" : {
      "statistic" : {
        "failed" : 0,
        "broken" : 3,
        "skipped" : 0,
        "passed" : 30,
        "unknown" : 0,
        "total" : 33
      },
      "items" : [ {
        "uid" : "bdbcb23a0710f031",
        "reportUrl" : "https://lambotik.github.io/auto-tests-python/59//#testresult/bdbcb23a0710f031",
        "status" : "broken",
        "statusDetails" : "selenium.common.exceptions.WebDriverException: Message: unknown error: net::ERR_CONNECTION_REFUSED\n  (Session info: chrome=129.0.6668.89)\nStacktrace:\n#0 0x5596c8dd302a <unknown>\n#1 0x5596c8ab95e0 <unknown>\n#2 0x5596c8ab17eb <unknown>\n#3 0x5596c8aa1a09 <unknown>\n#4 0x5596c8aa3744 <unknown>\n#5 0x5596c8aa1cbd <unknown>\n#6 0x5596c8aa152f <unknown>\n#7 0x5596c8aa1422 <unknown>\n#8 0x5596c8a9f493 <unknown>\n#9 0x5596c8a9fada <unknown>\n#10 0x5596c8abbf41 <unknown>\n#11 0x5596c8b4d8c5 <unknown>\n#12 0x5596c8b2db22 <unknown>\n#13 0x5596c8b4cd7d <unknown>\n#14 0x5596c8b2d8c3 <unknown>\n#15 0x5596c8afb6b3 <unknown>\n#16 0x5596c8afc68e <unknown>\n#17 0x5596c8d9da2b <unknown>\n#18 0x5596c8da19b1 <unknown>\n#19 0x5596c8d8a225 <unknown>\n#20 0x5596c8da2532 <unknown>\n#21 0x5596c8d6f38f <unknown>\n#22 0x5596c8dc1f28 <unknown>\n#23 0x5596c8dc20f3 <unknown>\n#24 0x5596c8dd1e7c <unknown>\n#25 0x7fec6d494ac3 <unknown>",
        "time" : {
          "start" : 1728611065534,
          "stop" : 1728611065534,
          "duration" : 0
        }
      }, {
        "uid" : "398c5b8fde98fd47",
        "reportUrl" : "https://lambotik.github.io/auto-tests-python/58//#testresult/398c5b8fde98fd47",
        "status" : "passed",
        "time" : {
          "start" : 1728525395309,
          "stop" : 1728525396127,
          "duration" : 818
        }
      }, {
        "uid" : "6f4a2920d26492f",
        "reportUrl" : "https://lambotik.github.io/auto-tests-python/57//#testresult/6f4a2920d26492f",
        "status" : "passed",
        "time" : {
          "start" : 1728439233061,
          "stop" : 1728439233865,
          "duration" : 804
        }
      }, {
        "uid" : "c2fd45ac1d36cbcc",
        "reportUrl" : "https://lambotik.github.io/auto-tests-python/56//#testresult/c2fd45ac1d36cbcc",
        "status" : "passed",
        "time" : {
          "start" : 1728352669688,
          "stop" : 1728352670514,
          "duration" : 826
        }
      }, {
        "uid" : "4e238ff292148f38",
        "reportUrl" : "https://lambotik.github.io/auto-tests-python/55//#testresult/4e238ff292148f38",
        "status" : "broken",
        "statusDetails" : "selenium.common.exceptions.TimeoutException: Message: Can't find element by locator https://brainup.site/groups",
        "time" : {
          "start" : 1728267902158,
          "stop" : 1728267902158,
          "duration" : 0
        }
      }, {
        "uid" : "6b7ebcde7042f709",
        "reportUrl" : "https://lambotik.github.io/auto-tests-python/54//#testresult/6b7ebcde7042f709",
        "status" : "passed",
        "time" : {
          "start" : 1728180203321,
          "stop" : 1728180204157,
          "duration" : 836
        }
      }, {
        "uid" : "f9a288274967e6d2",
        "reportUrl" : "https://lambotik.github.io/auto-tests-python/53//#testresult/f9a288274967e6d2",
        "status" : "passed",
        "time" : {
          "start" : 1728093506182,
          "stop" : 1728093507056,
          "duration" : 874
        }
      }, {
        "uid" : "27a641045fccc3f6",
        "reportUrl" : "https://lambotik.github.io/auto-tests-python/52//#testresult/27a641045fccc3f6",
        "status" : "passed",
        "time" : {
          "start" : 1728007212073,
          "stop" : 1728007212949,
          "duration" : 876
        }
      }, {
        "uid" : "2b956b628432462b",
        "reportUrl" : "https://lambotik.github.io/auto-tests-python/51//#testresult/2b956b628432462b",
        "status" : "passed",
        "time" : {
          "start" : 1727921078800,
          "stop" : 1727921079688,
          "duration" : 888
        }
      }, {
        "uid" : "e3e6e08a41df77cb",
        "reportUrl" : "https://lambotik.github.io/auto-tests-python/50//#testresult/e3e6e08a41df77cb",
        "status" : "passed",
        "time" : {
          "start" : 1727834380241,
          "stop" : 1727834381069,
          "duration" : 828
        }
      }, {
        "uid" : "d61535314369f42",
        "reportUrl" : "https://lambotik.github.io/auto-tests-python/49//#testresult/d61535314369f42",
        "status" : "passed",
        "time" : {
          "start" : 1727748534723,
          "stop" : 1727748535545,
          "duration" : 822
        }
      }, {
        "uid" : "cb48569495ae5434",
        "reportUrl" : "https://lambotik.github.io/auto-tests-python/48//#testresult/cb48569495ae5434",
        "status" : "passed",
        "time" : {
          "start" : 1727661785483,
          "stop" : 1727661786284,
          "duration" : 801
        }
      }, {
        "uid" : "57f6620e1a18e36a",
        "reportUrl" : "https://lambotik.github.io/auto-tests-python/47//#testresult/57f6620e1a18e36a",
        "status" : "passed",
        "time" : {
          "start" : 1727575715944,
          "stop" : 1727575716756,
          "duration" : 812
        }
      }, {
        "uid" : "bed73712bd38dc9b",
        "reportUrl" : "https://lambotik.github.io/auto-tests-python/46//#testresult/bed73712bd38dc9b",
        "status" : "passed",
        "time" : {
          "start" : 1727489041356,
          "stop" : 1727489042163,
          "duration" : 807
        }
      }, {
        "uid" : "390e9d32a0dd775c",
        "reportUrl" : "https://lambotik.github.io/auto-tests-python/45//#testresult/390e9d32a0dd775c",
        "status" : "passed",
        "time" : {
          "start" : 1727402748802,
          "stop" : 1727402749685,
          "duration" : 883
        }
      }, {
        "uid" : "e7eef4fc573f7aae",
        "reportUrl" : "https://lambotik.github.io/auto-tests-python/44//#testresult/e7eef4fc573f7aae",
        "status" : "passed",
        "time" : {
          "start" : 1727316306878,
          "stop" : 1727316307754,
          "duration" : 876
        }
      }, {
        "uid" : "aa452855fff3b419",
        "reportUrl" : "https://lambotik.github.io/auto-tests-python/43//#testresult/aa452855fff3b419",
        "status" : "passed",
        "time" : {
          "start" : 1727229907792,
          "stop" : 1727229908627,
          "duration" : 835
        }
      }, {
        "uid" : "e48f9bae4b1480cd",
        "reportUrl" : "https://lambotik.github.io/auto-tests-python/42//#testresult/e48f9bae4b1480cd",
        "status" : "passed",
        "time" : {
          "start" : 1727143233332,
          "stop" : 1727143234159,
          "duration" : 827
        }
      }, {
        "uid" : "27b4b0ab694639c4",
        "reportUrl" : "https://lambotik.github.io/auto-tests-python/41//#testresult/27b4b0ab694639c4",
        "status" : "passed",
        "time" : {
          "start" : 1727056663448,
          "stop" : 1727056664249,
          "duration" : 801
        }
      }, {
        "uid" : "b0e61581422e4470",
        "reportUrl" : "https://lambotik.github.io/auto-tests-python/40//#testresult/b0e61581422e4470",
        "status" : "passed",
        "time" : {
          "start" : 1726970493651,
          "stop" : 1726970494451,
          "duration" : 800
        }
      } ]
    },
    "tags" : [ ]
  },
  "source" : "5f6939a7a0a89b61.json",
  "parameterValues" : [ ]
}