{
  "uid" : "702a08cafd64fd1a",
  "name" : "Verify attributes of images in specialist cards in the grid",
  "fullName" : "tests.specialists_page_test.TestSpecialistCardImages#test_sp_04_01_verify_images_attributes_in_cards",
  "historyId" : "7144efa27d06bd5d392d74e80c54bbc7",
  "time" : {
    "start" : 1728697329012,
    "stop" : 1728697329012,
    "duration" : 0
  },
  "status" : "broken",
  "statusMessage" : "selenium.common.exceptions.WebDriverException: Message: unknown error: net::ERR_CONNECTION_REFUSED\n  (Session info: chrome=129.0.6668.89)\nStacktrace:\n#0 0x556da4de302a <unknown>\n#1 0x556da4ac95e0 <unknown>\n#2 0x556da4ac17eb <unknown>\n#3 0x556da4ab1a09 <unknown>\n#4 0x556da4ab3744 <unknown>\n#5 0x556da4ab1cbd <unknown>\n#6 0x556da4ab152f <unknown>\n#7 0x556da4ab1422 <unknown>\n#8 0x556da4aaf493 <unknown>\n#9 0x556da4aafada <unknown>\n#10 0x556da4acbf41 <unknown>\n#11 0x556da4b5d8c5 <unknown>\n#12 0x556da4b3db22 <unknown>\n#13 0x556da4b5cd7d <unknown>\n#14 0x556da4b3d8c3 <unknown>\n#15 0x556da4b0b6b3 <unknown>\n#16 0x556da4b0c68e <unknown>\n#17 0x556da4dada2b <unknown>\n#18 0x556da4db19b1 <unknown>\n#19 0x556da4d9a225 <unknown>\n#20 0x556da4db2532 <unknown>\n#21 0x556da4d7f38f <unknown>\n#22 0x556da4dd1f28 <unknown>\n#23 0x556da4dd20f3 <unknown>\n#24 0x556da4de1e7c <unknown>\n#25 0x7f5be6094ac3 <unknown>",
  "statusTrace" : "driver = <selenium.webdriver.chrome.webdriver.WebDriver (session=\"05b0d8a126f28cc8a4acb5803a2827a5\")>\n\n    @pytest.fixture()\n    @allure.step(f'Open page: {MainPageLinks.URL_MAIN_PAGE}')\n    def main_page_open(driver):\n>       driver.get(MainPageLinks.URL_MAIN_PAGE)\n\ntests/conftest.py:22: \n_ _ _ _ _ _ _ _ _ _ _ _ _ _ _ _ _ _ _ _ _ _ _ _ _ _ _ _ _ _ _ _ _ _ _ _ _ _ _ _ \n/opt/hostedtoolcache/Python/3.12.7/x64/lib/python3.12/site-packages/selenium/webdriver/remote/webdriver.py:353: in get\n    self.execute(Command.GET, {\"url\": url})\n/opt/hostedtoolcache/Python/3.12.7/x64/lib/python3.12/site-packages/selenium/webdriver/remote/webdriver.py:344: in execute\n    self.error_handler.check_response(response)\n_ _ _ _ _ _ _ _ _ _ _ _ _ _ _ _ _ _ _ _ _ _ _ _ _ _ _ _ _ _ _ _ _ _ _ _ _ _ _ _ \n\nself = <selenium.webdriver.remote.errorhandler.ErrorHandler object at 0x7f4df4fa8590>\nresponse = {'status': 500, 'value': '{\"value\":{\"error\":\"unknown error\",\"message\":\"unknown error: net::ERR_CONNECTION_REFUSED\\\\n  ...\\\\n#23 0x556da4dd20f3 \\\\u003Cunknown>\\\\n#24 0x556da4de1e7c \\\\u003Cunknown>\\\\n#25 0x7f5be6094ac3 \\\\u003Cunknown>\\\\n\"}}'}\n\n    def check_response(self, response: Dict[str, Any]) -> None:\n        \"\"\"Checks that a JSON response from the WebDriver does not have an\n        error.\n    \n        :Args:\n         - response - The JSON response from the WebDriver server as a dictionary\n           object.\n    \n        :Raises: If the response contains an error message.\n        \"\"\"\n        status = response.get(\"status\", None)\n        if not status or status == ErrorCode.SUCCESS:\n            return\n        value = None\n        message = response.get(\"message\", \"\")\n        screen: str = response.get(\"screen\", \"\")\n        stacktrace = None\n        if isinstance(status, int):\n            value_json = response.get(\"value\", None)\n            if value_json and isinstance(value_json, str):\n                import json\n    \n                try:\n                    value = json.loads(value_json)\n                    if len(value) == 1:\n                        value = value[\"value\"]\n                    status = value.get(\"error\", None)\n                    if not status:\n                        status = value.get(\"status\", ErrorCode.UNKNOWN_ERROR)\n                        message = value.get(\"value\") or value.get(\"message\")\n                        if not isinstance(message, str):\n                            value = message\n                            message = message.get(\"message\")\n                    else:\n                        message = value.get(\"message\", None)\n                except ValueError:\n                    pass\n    \n        exception_class: Type[WebDriverException]\n        e = ErrorCode()\n        error_codes = [item for item in dir(e) if not item.startswith(\"__\")]\n        for error_code in error_codes:\n            error_info = getattr(ErrorCode, error_code)\n            if isinstance(error_info, list) and status in error_info:\n                exception_class = getattr(ExceptionMapping, error_code, WebDriverException)\n                break\n        else:\n            exception_class = WebDriverException\n    \n        if not value:\n            value = response[\"value\"]\n        if isinstance(value, str):\n            raise exception_class(value)\n        if message == \"\" and \"message\" in value:\n            message = value[\"message\"]\n    \n        screen = None  # type: ignore[assignment]\n        if \"screen\" in value:\n            screen = value[\"screen\"]\n    \n        stacktrace = None\n        st_value = value.get(\"stackTrace\") or value.get(\"stacktrace\")\n        if st_value:\n            if isinstance(st_value, str):\n                stacktrace = st_value.split(\"\\n\")\n            else:\n                stacktrace = []\n                try:\n                    for frame in st_value:\n                        line = frame.get(\"lineNumber\", \"\")\n                        file = frame.get(\"fileName\", \"<anonymous>\")\n                        if line:\n                            file = f\"{file}:{line}\"\n                        meth = frame.get(\"methodName\", \"<anonymous>\")\n                        if \"className\" in frame:\n                            meth = f\"{frame['className']}.{meth}\"\n                        msg = \"    at %s (%s)\"\n                        msg = msg % (meth, file)\n                        stacktrace.append(msg)\n                except TypeError:\n                    pass\n        if exception_class == UnexpectedAlertPresentException:\n            alert_text = None\n            if \"data\" in value:\n                alert_text = value[\"data\"].get(\"text\")\n            elif \"alert\" in value:\n                alert_text = value[\"alert\"].get(\"text\")\n            raise exception_class(message, screen, stacktrace, alert_text)  # type: ignore[call-arg]  # mypy is not smart enough here\n>       raise exception_class(message, screen, stacktrace)\nE       selenium.common.exceptions.WebDriverException: Message: unknown error: net::ERR_CONNECTION_REFUSED\nE         (Session info: chrome=129.0.6668.89)\nE       Stacktrace:\nE       #0 0x556da4de302a <unknown>\nE       #1 0x556da4ac95e0 <unknown>\nE       #2 0x556da4ac17eb <unknown>\nE       #3 0x556da4ab1a09 <unknown>\nE       #4 0x556da4ab3744 <unknown>\nE       #5 0x556da4ab1cbd <unknown>\nE       #6 0x556da4ab152f <unknown>\nE       #7 0x556da4ab1422 <unknown>\nE       #8 0x556da4aaf493 <unknown>\nE       #9 0x556da4aafada <unknown>\nE       #10 0x556da4acbf41 <unknown>\nE       #11 0x556da4b5d8c5 <unknown>\nE       #12 0x556da4b3db22 <unknown>\nE       #13 0x556da4b5cd7d <unknown>\nE       #14 0x556da4b3d8c3 <unknown>\nE       #15 0x556da4b0b6b3 <unknown>\nE       #16 0x556da4b0c68e <unknown>\nE       #17 0x556da4dada2b <unknown>\nE       #18 0x556da4db19b1 <unknown>\nE       #19 0x556da4d9a225 <unknown>\nE       #20 0x556da4db2532 <unknown>\nE       #21 0x556da4d7f38f <unknown>\nE       #22 0x556da4dd1f28 <unknown>\nE       #23 0x556da4dd20f3 <unknown>\nE       #24 0x556da4de1e7c <unknown>\nE       #25 0x7f5be6094ac3 <unknown>\n\n/opt/hostedtoolcache/Python/3.12.7/x64/lib/python3.12/site-packages/selenium/webdriver/remote/errorhandler.py:229: WebDriverException",
  "flaky" : false,
  "newFailed" : false,
  "beforeStages" : [ {
    "name" : "driver",
    "time" : {
      "start" : 1728697329013,
      "stop" : 1728697329782,
      "duration" : 769
    },
    "status" : "passed",
    "steps" : [ ],
    "attachments" : [ ],
    "parameters" : [ ],
    "stepsCount" : 0,
    "attachmentsCount" : 0,
    "shouldDisplayMessage" : false,
    "hasContent" : false
  }, {
    "name" : "main_page_open",
    "time" : {
      "start" : 1728697329782,
      "stop" : 1728697330213,
      "duration" : 431
    },
    "status" : "broken",
    "statusMessage" : "selenium.common.exceptions.WebDriverException: Message: unknown error: net::ERR_CONNECTION_REFUSED\n  (Session info: chrome=129.0.6668.89)\nStacktrace:\n#0 0x556da4de302a <unknown>\n#1 0x556da4ac95e0 <unknown>\n#2 0x556da4ac17eb <unknown>\n#3 0x556da4ab1a09 <unknown>\n#4 0x556da4ab3744 <unknown>\n#5 0x556da4ab1cbd <unknown>\n#6 0x556da4ab152f <unknown>\n#7 0x556da4ab1422 <unknown>\n#8 0x556da4aaf493 <unknown>\n#9 0x556da4aafada <unknown>\n#10 0x556da4acbf41 <unknown>\n#11 0x556da4b5d8c5 <unknown>\n#12 0x556da4b3db22 <unknown>\n#13 0x556da4b5cd7d <unknown>\n#14 0x556da4b3d8c3 <unknown>\n#15 0x556da4b0b6b3 <unknown>\n#16 0x556da4b0c68e <unknown>\n#17 0x556da4dada2b <unknown>\n#18 0x556da4db19b1 <unknown>\n#19 0x556da4d9a225 <unknown>\n#20 0x556da4db2532 <unknown>\n#21 0x556da4d7f38f <unknown>\n#22 0x556da4dd1f28 <unknown>\n#23 0x556da4dd20f3 <unknown>\n#24 0x556da4de1e7c <unknown>\n#25 0x7f5be6094ac3 <unknown>\n\n",
    "statusTrace" : "  File \"/opt/hostedtoolcache/Python/3.12.7/x64/lib/python3.12/site-packages/pluggy/_callers.py\", line 103, in _multicall\n    res = hook_impl.function(*args)\n          ^^^^^^^^^^^^^^^^^^^^^^^^^\n  File \"/opt/hostedtoolcache/Python/3.12.7/x64/lib/python3.12/site-packages/_pytest/fixtures.py\", line 1123, in pytest_fixture_setup\n    result = call_fixture_func(fixturefunc, request, kwargs)\n             ^^^^^^^^^^^^^^^^^^^^^^^^^^^^^^^^^^^^^^^^^^^^^^^\n  File \"/opt/hostedtoolcache/Python/3.12.7/x64/lib/python3.12/site-packages/_pytest/fixtures.py\", line 902, in call_fixture_func\n    fixture_result = fixturefunc(**kwargs)\n                     ^^^^^^^^^^^^^^^^^^^^^\n  File \"/opt/hostedtoolcache/Python/3.12.7/x64/lib/python3.12/site-packages/allure_commons/_allure.py\", line 192, in impl\n    return func(*a, **kw)\n           ^^^^^^^^^^^^^^\n  File \"/home/runner/work/auto-tests-python/auto-tests-python/tests/conftest.py\", line 22, in main_page_open\n    driver.get(MainPageLinks.URL_MAIN_PAGE)\n  File \"/opt/hostedtoolcache/Python/3.12.7/x64/lib/python3.12/site-packages/selenium/webdriver/remote/webdriver.py\", line 353, in get\n    self.execute(Command.GET, {\"url\": url})\n  File \"/opt/hostedtoolcache/Python/3.12.7/x64/lib/python3.12/site-packages/selenium/webdriver/remote/webdriver.py\", line 344, in execute\n    self.error_handler.check_response(response)\n  File \"/opt/hostedtoolcache/Python/3.12.7/x64/lib/python3.12/site-packages/selenium/webdriver/remote/errorhandler.py\", line 229, in check_response\n    raise exception_class(message, screen, stacktrace)\n",
    "steps" : [ {
      "name" : "Open page: https://brainup.site/",
      "time" : {
        "start" : 1728697329782,
        "stop" : 1728697330213,
        "duration" : 431
      },
      "status" : "broken",
      "statusMessage" : "selenium.common.exceptions.WebDriverException: Message: unknown error: net::ERR_CONNECTION_REFUSED\n  (Session info: chrome=129.0.6668.89)\nStacktrace:\n#0 0x556da4de302a <unknown>\n#1 0x556da4ac95e0 <unknown>\n#2 0x556da4ac17eb <unknown>\n#3 0x556da4ab1a09 <unknown>\n#4 0x556da4ab3744 <unknown>\n#5 0x556da4ab1cbd <unknown>\n#6 0x556da4ab152f <unknown>\n#7 0x556da4ab1422 <unknown>\n#8 0x556da4aaf493 <unknown>\n#9 0x556da4aafada <unknown>\n#10 0x556da4acbf41 <unknown>\n#11 0x556da4b5d8c5 <unknown>\n#12 0x556da4b3db22 <unknown>\n#13 0x556da4b5cd7d <unknown>\n#14 0x556da4b3d8c3 <unknown>\n#15 0x556da4b0b6b3 <unknown>\n#16 0x556da4b0c68e <unknown>\n#17 0x556da4dada2b <unknown>\n#18 0x556da4db19b1 <unknown>\n#19 0x556da4d9a225 <unknown>\n#20 0x556da4db2532 <unknown>\n#21 0x556da4d7f38f <unknown>\n#22 0x556da4dd1f28 <unknown>\n#23 0x556da4dd20f3 <unknown>\n#24 0x556da4de1e7c <unknown>\n#25 0x7f5be6094ac3 <unknown>\n\n",
      "statusTrace" : "  File \"/opt/hostedtoolcache/Python/3.12.7/x64/lib/python3.12/site-packages/allure_commons/_allure.py\", line 192, in impl\n    return func(*a, **kw)\n           ^^^^^^^^^^^^^^\n  File \"/home/runner/work/auto-tests-python/auto-tests-python/tests/conftest.py\", line 22, in main_page_open\n    driver.get(MainPageLinks.URL_MAIN_PAGE)\n  File \"/opt/hostedtoolcache/Python/3.12.7/x64/lib/python3.12/site-packages/selenium/webdriver/remote/webdriver.py\", line 353, in get\n    self.execute(Command.GET, {\"url\": url})\n  File \"/opt/hostedtoolcache/Python/3.12.7/x64/lib/python3.12/site-packages/selenium/webdriver/remote/webdriver.py\", line 344, in execute\n    self.error_handler.check_response(response)\n  File \"/opt/hostedtoolcache/Python/3.12.7/x64/lib/python3.12/site-packages/selenium/webdriver/remote/errorhandler.py\", line 229, in check_response\n    raise exception_class(message, screen, stacktrace)\n",
      "steps" : [ ],
      "attachments" : [ ],
      "parameters" : [ {
        "name" : "driver",
        "value" : "<selenium.webdriver.chrome.webdriver.WebDriver (session=\"05b0d8a126f28cc8a4acb5803a2827a5\")>"
      } ],
      "stepsCount" : 0,
      "attachmentsCount" : 0,
      "shouldDisplayMessage" : true,
      "hasContent" : true
    } ],
    "attachments" : [ ],
    "parameters" : [ ],
    "stepsCount" : 1,
    "attachmentsCount" : 0,
    "shouldDisplayMessage" : false,
    "hasContent" : true
  }, {
    "name" : "clear_allure_results_folder",
    "time" : {
      "start" : 1728697167335,
      "stop" : 1728697167335,
      "duration" : 0
    },
    "status" : "passed",
    "steps" : [ ],
    "attachments" : [ ],
    "parameters" : [ ],
    "stepsCount" : 0,
    "attachmentsCount" : 0,
    "shouldDisplayMessage" : false,
    "hasContent" : false
  } ],
  "afterStages" : [ {
    "name" : "driver::0",
    "time" : {
      "start" : 1728697330245,
      "stop" : 1728697330307,
      "duration" : 62
    },
    "status" : "passed",
    "steps" : [ ],
    "attachments" : [ ],
    "parameters" : [ ],
    "stepsCount" : 0,
    "attachmentsCount" : 0,
    "shouldDisplayMessage" : false,
    "hasContent" : false
  } ],
  "labels" : [ {
    "name" : "epic",
    "value" : "Test Specialists Page"
  }, {
    "name" : "parentSuite",
    "value" : "tests"
  }, {
    "name" : "suite",
    "value" : "specialists_page_test"
  }, {
    "name" : "subSuite",
    "value" : "TestSpecialistsPage"
  }, {
    "name" : "host",
    "value" : "fv-az570-490"
  }, {
    "name" : "thread",
    "value" : "2304-MainThread"
  }, {
    "name" : "framework",
    "value" : "pytest"
  }, {
    "name" : "language",
    "value" : "cpython3"
  }, {
    "name" : "package",
    "value" : "tests.specialists_page_test"
  }, {
    "name" : "resultFormat",
    "value" : "allure2"
  } ],
  "parameters" : [ ],
  "links" : [ ],
  "hidden" : false,
  "retry" : false,
  "extra" : {
    "severity" : "normal",
    "retries" : [ ],
    "categories" : [ {
      "name" : "Test defects",
      "matchedStatuses" : [ ],
      "flaky" : false
    } ],
    "history" : {
      "statistic" : {
        "failed" : 0,
        "broken" : 3,
        "skipped" : 0,
        "passed" : 27,
        "unknown" : 0,
        "total" : 30
      },
      "items" : [ {
        "uid" : "e262e898a9a646bf",
        "reportUrl" : "https://lambotik.github.io/auto-tests-python/59//#testresult/e262e898a9a646bf",
        "status" : "broken",
        "statusDetails" : "selenium.common.exceptions.WebDriverException: Message: unknown error: net::ERR_CONNECTION_REFUSED\n  (Session info: chrome=129.0.6668.89)\nStacktrace:\n#0 0x559ebeed402a <unknown>\n#1 0x559ebebba5e0 <unknown>\n#2 0x559ebebb27eb <unknown>\n#3 0x559ebeba2a09 <unknown>\n#4 0x559ebeba4744 <unknown>\n#5 0x559ebeba2cbd <unknown>\n#6 0x559ebeba252f <unknown>\n#7 0x559ebeba2422 <unknown>\n#8 0x559ebeba0493 <unknown>\n#9 0x559ebeba0ada <unknown>\n#10 0x559ebebbcf41 <unknown>\n#11 0x559ebec4e8c5 <unknown>\n#12 0x559ebec2eb22 <unknown>\n#13 0x559ebec4dd7d <unknown>\n#14 0x559ebec2e8c3 <unknown>\n#15 0x559ebebfc6b3 <unknown>\n#16 0x559ebebfd68e <unknown>\n#17 0x559ebee9ea2b <unknown>\n#18 0x559ebeea29b1 <unknown>\n#19 0x559ebee8b225 <unknown>\n#20 0x559ebeea3532 <unknown>\n#21 0x559ebee7038f <unknown>\n#22 0x559ebeec2f28 <unknown>\n#23 0x559ebeec30f3 <unknown>\n#24 0x559ebeed2e7c <unknown>\n#25 0x7f4bbd094ac3 <unknown>",
        "time" : {
          "start" : 1728611020249,
          "stop" : 1728611020249,
          "duration" : 0
        }
      }, {
        "uid" : "f8de123a19c2286d",
        "reportUrl" : "https://lambotik.github.io/auto-tests-python/58//#testresult/f8de123a19c2286d",
        "status" : "passed",
        "time" : {
          "start" : 1728525030588,
          "stop" : 1728525030698,
          "duration" : 110
        }
      }, {
        "uid" : "3fa50bb88e9346a3",
        "reportUrl" : "https://lambotik.github.io/auto-tests-python/57//#testresult/3fa50bb88e9346a3",
        "status" : "passed",
        "time" : {
          "start" : 1728438701915,
          "stop" : 1728438702036,
          "duration" : 121
        }
      }, {
        "uid" : "cb4174e37058ba53",
        "reportUrl" : "https://lambotik.github.io/auto-tests-python/56//#testresult/cb4174e37058ba53",
        "status" : "passed",
        "time" : {
          "start" : 1728352290495,
          "stop" : 1728352290613,
          "duration" : 118
        }
      }, {
        "uid" : "eb0810ed5cc1ea28",
        "reportUrl" : "https://lambotik.github.io/auto-tests-python/55//#testresult/eb0810ed5cc1ea28",
        "status" : "broken",
        "statusDetails" : "selenium.common.exceptions.TimeoutException: Message: Can't find elements by locator ('xpath', \"//img[@class='rounded-full']\")",
        "time" : {
          "start" : 1728266842434,
          "stop" : 1728266862675,
          "duration" : 20241
        }
      }, {
        "uid" : "12f94e481e2453d4",
        "reportUrl" : "https://lambotik.github.io/auto-tests-python/54//#testresult/12f94e481e2453d4",
        "status" : "passed",
        "time" : {
          "start" : 1728179833135,
          "stop" : 1728179833255,
          "duration" : 120
        }
      }, {
        "uid" : "9fd0a010a015696c",
        "reportUrl" : "https://lambotik.github.io/auto-tests-python/53//#testresult/9fd0a010a015696c",
        "status" : "passed",
        "time" : {
          "start" : 1728093079166,
          "stop" : 1728093079277,
          "duration" : 111
        }
      }, {
        "uid" : "2d1834c379cab5d7",
        "reportUrl" : "https://lambotik.github.io/auto-tests-python/52//#testresult/2d1834c379cab5d7",
        "status" : "passed",
        "time" : {
          "start" : 1728006782663,
          "stop" : 1728006782774,
          "duration" : 111
        }
      }, {
        "uid" : "854eb685f3267762",
        "reportUrl" : "https://lambotik.github.io/auto-tests-python/51//#testresult/854eb685f3267762",
        "status" : "passed",
        "time" : {
          "start" : 1727920430787,
          "stop" : 1727920444077,
          "duration" : 13290
        }
      }, {
        "uid" : "9c1a914784a46433",
        "reportUrl" : "https://lambotik.github.io/auto-tests-python/50//#testresult/9c1a914784a46433",
        "status" : "passed",
        "time" : {
          "start" : 1727833864981,
          "stop" : 1727833865092,
          "duration" : 111
        }
      }, {
        "uid" : "e650b217d00a12ec",
        "reportUrl" : "https://lambotik.github.io/auto-tests-python/49//#testresult/e650b217d00a12ec",
        "status" : "passed",
        "time" : {
          "start" : 1727747986087,
          "stop" : 1727747990764,
          "duration" : 4677
        }
      }, {
        "uid" : "d242a4e18522ae27",
        "reportUrl" : "https://lambotik.github.io/auto-tests-python/48//#testresult/d242a4e18522ae27",
        "status" : "passed",
        "time" : {
          "start" : 1727661267877,
          "stop" : 1727661271046,
          "duration" : 3169
        }
      }, {
        "uid" : "b813d487dfe4fbcc",
        "reportUrl" : "https://lambotik.github.io/auto-tests-python/47//#testresult/b813d487dfe4fbcc",
        "status" : "passed",
        "time" : {
          "start" : 1727575069183,
          "stop" : 1727575069295,
          "duration" : 112
        }
      }, {
        "uid" : "434e73e0a99e69c3",
        "reportUrl" : "https://lambotik.github.io/auto-tests-python/46//#testresult/434e73e0a99e69c3",
        "status" : "passed",
        "time" : {
          "start" : 1727488331372,
          "stop" : 1727488331487,
          "duration" : 115
        }
      }, {
        "uid" : "9aad320138f31ca1",
        "reportUrl" : "https://lambotik.github.io/auto-tests-python/45//#testresult/9aad320138f31ca1",
        "status" : "passed",
        "time" : {
          "start" : 1727402050808,
          "stop" : 1727402050918,
          "duration" : 110
        }
      }, {
        "uid" : "321da223cda069af",
        "reportUrl" : "https://lambotik.github.io/auto-tests-python/44//#testresult/321da223cda069af",
        "status" : "passed",
        "time" : {
          "start" : 1727315543676,
          "stop" : 1727315561487,
          "duration" : 17811
        }
      }, {
        "uid" : "a079db07ccaa980",
        "reportUrl" : "https://lambotik.github.io/auto-tests-python/43//#testresult/a079db07ccaa980",
        "status" : "passed",
        "time" : {
          "start" : 1727229168393,
          "stop" : 1727229168516,
          "duration" : 123
        }
      }, {
        "uid" : "bbc37ae3e2e1e89a",
        "reportUrl" : "https://lambotik.github.io/auto-tests-python/42//#testresult/bbc37ae3e2e1e89a",
        "status" : "passed",
        "time" : {
          "start" : 1727142695857,
          "stop" : 1727142695982,
          "duration" : 125
        }
      }, {
        "uid" : "f8debae7328e0630",
        "reportUrl" : "https://lambotik.github.io/auto-tests-python/41//#testresult/f8debae7328e0630",
        "status" : "passed",
        "time" : {
          "start" : 1727056214483,
          "stop" : 1727056214602,
          "duration" : 119
        }
      }, {
        "uid" : "5a834be989cc4547",
        "reportUrl" : "https://lambotik.github.io/auto-tests-python/40//#testresult/5a834be989cc4547",
        "status" : "passed",
        "time" : {
          "start" : 1726970143908,
          "stop" : 1726970144017,
          "duration" : 109
        }
      } ]
    },
    "tags" : [ ]
  },
  "source" : "702a08cafd64fd1a.json",
  "parameterValues" : [ ]
}