{
  "uid" : "8ebbe9560fe6aba3",
  "name" : "Check registration with new email",
  "fullName" : "tests.registration_page_test.TestRegistrationPage#test_registration_with_new_email",
  "historyId" : "4edba687d923f9def916eed021709ae3",
  "time" : {
    "start" : 1728697303113,
    "stop" : 1728697303113,
    "duration" : 0
  },
  "status" : "broken",
  "statusMessage" : "selenium.common.exceptions.WebDriverException: Message: unknown error: net::ERR_CONNECTION_REFUSED\n  (Session info: chrome=129.0.6668.89)\nStacktrace:\n#0 0x56463ab1202a <unknown>\n#1 0x56463a7f85e0 <unknown>\n#2 0x56463a7f07eb <unknown>\n#3 0x56463a7e0a09 <unknown>\n#4 0x56463a7e2744 <unknown>\n#5 0x56463a7e0cbd <unknown>\n#6 0x56463a7e052f <unknown>\n#7 0x56463a7e0422 <unknown>\n#8 0x56463a7de493 <unknown>\n#9 0x56463a7deada <unknown>\n#10 0x56463a7faf41 <unknown>\n#11 0x56463a88c8c5 <unknown>\n#12 0x56463a86cb22 <unknown>\n#13 0x56463a88bd7d <unknown>\n#14 0x56463a86c8c3 <unknown>\n#15 0x56463a83a6b3 <unknown>\n#16 0x56463a83b68e <unknown>\n#17 0x56463aadca2b <unknown>\n#18 0x56463aae09b1 <unknown>\n#19 0x56463aac9225 <unknown>\n#20 0x56463aae1532 <unknown>\n#21 0x56463aaae38f <unknown>\n#22 0x56463ab00f28 <unknown>\n#23 0x56463ab010f3 <unknown>\n#24 0x56463ab10e7c <unknown>\n#25 0x7f57a5494ac3 <unknown>",
  "statusTrace" : "driver = <selenium.webdriver.chrome.webdriver.WebDriver (session=\"b495100ef549ec6d793a9d1cf43bb7e3\")>\n\n    @pytest.fixture()\n    @allure.step(f'Open page: {MainPageLinks.URL_MAIN_PAGE}')\n    def main_page_open(driver):\n>       driver.get(MainPageLinks.URL_MAIN_PAGE)\n\ntests/conftest.py:22: \n_ _ _ _ _ _ _ _ _ _ _ _ _ _ _ _ _ _ _ _ _ _ _ _ _ _ _ _ _ _ _ _ _ _ _ _ _ _ _ _ \n/opt/hostedtoolcache/Python/3.12.7/x64/lib/python3.12/site-packages/selenium/webdriver/remote/webdriver.py:353: in get\n    self.execute(Command.GET, {\"url\": url})\n/opt/hostedtoolcache/Python/3.12.7/x64/lib/python3.12/site-packages/selenium/webdriver/remote/webdriver.py:344: in execute\n    self.error_handler.check_response(response)\n_ _ _ _ _ _ _ _ _ _ _ _ _ _ _ _ _ _ _ _ _ _ _ _ _ _ _ _ _ _ _ _ _ _ _ _ _ _ _ _ \n\nself = <selenium.webdriver.remote.errorhandler.ErrorHandler object at 0x7f4df4e60e30>\nresponse = {'status': 500, 'value': '{\"value\":{\"error\":\"unknown error\",\"message\":\"unknown error: net::ERR_CONNECTION_REFUSED\\\\n  ...\\\\n#23 0x56463ab010f3 \\\\u003Cunknown>\\\\n#24 0x56463ab10e7c \\\\u003Cunknown>\\\\n#25 0x7f57a5494ac3 \\\\u003Cunknown>\\\\n\"}}'}\n\n    def check_response(self, response: Dict[str, Any]) -> None:\n        \"\"\"Checks that a JSON response from the WebDriver does not have an\n        error.\n    \n        :Args:\n         - response - The JSON response from the WebDriver server as a dictionary\n           object.\n    \n        :Raises: If the response contains an error message.\n        \"\"\"\n        status = response.get(\"status\", None)\n        if not status or status == ErrorCode.SUCCESS:\n            return\n        value = None\n        message = response.get(\"message\", \"\")\n        screen: str = response.get(\"screen\", \"\")\n        stacktrace = None\n        if isinstance(status, int):\n            value_json = response.get(\"value\", None)\n            if value_json and isinstance(value_json, str):\n                import json\n    \n                try:\n                    value = json.loads(value_json)\n                    if len(value) == 1:\n                        value = value[\"value\"]\n                    status = value.get(\"error\", None)\n                    if not status:\n                        status = value.get(\"status\", ErrorCode.UNKNOWN_ERROR)\n                        message = value.get(\"value\") or value.get(\"message\")\n                        if not isinstance(message, str):\n                            value = message\n                            message = message.get(\"message\")\n                    else:\n                        message = value.get(\"message\", None)\n                except ValueError:\n                    pass\n    \n        exception_class: Type[WebDriverException]\n        e = ErrorCode()\n        error_codes = [item for item in dir(e) if not item.startswith(\"__\")]\n        for error_code in error_codes:\n            error_info = getattr(ErrorCode, error_code)\n            if isinstance(error_info, list) and status in error_info:\n                exception_class = getattr(ExceptionMapping, error_code, WebDriverException)\n                break\n        else:\n            exception_class = WebDriverException\n    \n        if not value:\n            value = response[\"value\"]\n        if isinstance(value, str):\n            raise exception_class(value)\n        if message == \"\" and \"message\" in value:\n            message = value[\"message\"]\n    \n        screen = None  # type: ignore[assignment]\n        if \"screen\" in value:\n            screen = value[\"screen\"]\n    \n        stacktrace = None\n        st_value = value.get(\"stackTrace\") or value.get(\"stacktrace\")\n        if st_value:\n            if isinstance(st_value, str):\n                stacktrace = st_value.split(\"\\n\")\n            else:\n                stacktrace = []\n                try:\n                    for frame in st_value:\n                        line = frame.get(\"lineNumber\", \"\")\n                        file = frame.get(\"fileName\", \"<anonymous>\")\n                        if line:\n                            file = f\"{file}:{line}\"\n                        meth = frame.get(\"methodName\", \"<anonymous>\")\n                        if \"className\" in frame:\n                            meth = f\"{frame['className']}.{meth}\"\n                        msg = \"    at %s (%s)\"\n                        msg = msg % (meth, file)\n                        stacktrace.append(msg)\n                except TypeError:\n                    pass\n        if exception_class == UnexpectedAlertPresentException:\n            alert_text = None\n            if \"data\" in value:\n                alert_text = value[\"data\"].get(\"text\")\n            elif \"alert\" in value:\n                alert_text = value[\"alert\"].get(\"text\")\n            raise exception_class(message, screen, stacktrace, alert_text)  # type: ignore[call-arg]  # mypy is not smart enough here\n>       raise exception_class(message, screen, stacktrace)\nE       selenium.common.exceptions.WebDriverException: Message: unknown error: net::ERR_CONNECTION_REFUSED\nE         (Session info: chrome=129.0.6668.89)\nE       Stacktrace:\nE       #0 0x56463ab1202a <unknown>\nE       #1 0x56463a7f85e0 <unknown>\nE       #2 0x56463a7f07eb <unknown>\nE       #3 0x56463a7e0a09 <unknown>\nE       #4 0x56463a7e2744 <unknown>\nE       #5 0x56463a7e0cbd <unknown>\nE       #6 0x56463a7e052f <unknown>\nE       #7 0x56463a7e0422 <unknown>\nE       #8 0x56463a7de493 <unknown>\nE       #9 0x56463a7deada <unknown>\nE       #10 0x56463a7faf41 <unknown>\nE       #11 0x56463a88c8c5 <unknown>\nE       #12 0x56463a86cb22 <unknown>\nE       #13 0x56463a88bd7d <unknown>\nE       #14 0x56463a86c8c3 <unknown>\nE       #15 0x56463a83a6b3 <unknown>\nE       #16 0x56463a83b68e <unknown>\nE       #17 0x56463aadca2b <unknown>\nE       #18 0x56463aae09b1 <unknown>\nE       #19 0x56463aac9225 <unknown>\nE       #20 0x56463aae1532 <unknown>\nE       #21 0x56463aaae38f <unknown>\nE       #22 0x56463ab00f28 <unknown>\nE       #23 0x56463ab010f3 <unknown>\nE       #24 0x56463ab10e7c <unknown>\nE       #25 0x7f57a5494ac3 <unknown>\n\n/opt/hostedtoolcache/Python/3.12.7/x64/lib/python3.12/site-packages/selenium/webdriver/remote/errorhandler.py:229: WebDriverException",
  "flaky" : false,
  "newFailed" : false,
  "beforeStages" : [ {
    "name" : "main_page_open",
    "time" : {
      "start" : 1728697303890,
      "stop" : 1728697304315,
      "duration" : 425
    },
    "status" : "broken",
    "statusMessage" : "selenium.common.exceptions.WebDriverException: Message: unknown error: net::ERR_CONNECTION_REFUSED\n  (Session info: chrome=129.0.6668.89)\nStacktrace:\n#0 0x56463ab1202a <unknown>\n#1 0x56463a7f85e0 <unknown>\n#2 0x56463a7f07eb <unknown>\n#3 0x56463a7e0a09 <unknown>\n#4 0x56463a7e2744 <unknown>\n#5 0x56463a7e0cbd <unknown>\n#6 0x56463a7e052f <unknown>\n#7 0x56463a7e0422 <unknown>\n#8 0x56463a7de493 <unknown>\n#9 0x56463a7deada <unknown>\n#10 0x56463a7faf41 <unknown>\n#11 0x56463a88c8c5 <unknown>\n#12 0x56463a86cb22 <unknown>\n#13 0x56463a88bd7d <unknown>\n#14 0x56463a86c8c3 <unknown>\n#15 0x56463a83a6b3 <unknown>\n#16 0x56463a83b68e <unknown>\n#17 0x56463aadca2b <unknown>\n#18 0x56463aae09b1 <unknown>\n#19 0x56463aac9225 <unknown>\n#20 0x56463aae1532 <unknown>\n#21 0x56463aaae38f <unknown>\n#22 0x56463ab00f28 <unknown>\n#23 0x56463ab010f3 <unknown>\n#24 0x56463ab10e7c <unknown>\n#25 0x7f57a5494ac3 <unknown>\n\n",
    "statusTrace" : "  File \"/opt/hostedtoolcache/Python/3.12.7/x64/lib/python3.12/site-packages/pluggy/_callers.py\", line 103, in _multicall\n    res = hook_impl.function(*args)\n          ^^^^^^^^^^^^^^^^^^^^^^^^^\n  File \"/opt/hostedtoolcache/Python/3.12.7/x64/lib/python3.12/site-packages/_pytest/fixtures.py\", line 1123, in pytest_fixture_setup\n    result = call_fixture_func(fixturefunc, request, kwargs)\n             ^^^^^^^^^^^^^^^^^^^^^^^^^^^^^^^^^^^^^^^^^^^^^^^\n  File \"/opt/hostedtoolcache/Python/3.12.7/x64/lib/python3.12/site-packages/_pytest/fixtures.py\", line 902, in call_fixture_func\n    fixture_result = fixturefunc(**kwargs)\n                     ^^^^^^^^^^^^^^^^^^^^^\n  File \"/opt/hostedtoolcache/Python/3.12.7/x64/lib/python3.12/site-packages/allure_commons/_allure.py\", line 192, in impl\n    return func(*a, **kw)\n           ^^^^^^^^^^^^^^\n  File \"/home/runner/work/auto-tests-python/auto-tests-python/tests/conftest.py\", line 22, in main_page_open\n    driver.get(MainPageLinks.URL_MAIN_PAGE)\n  File \"/opt/hostedtoolcache/Python/3.12.7/x64/lib/python3.12/site-packages/selenium/webdriver/remote/webdriver.py\", line 353, in get\n    self.execute(Command.GET, {\"url\": url})\n  File \"/opt/hostedtoolcache/Python/3.12.7/x64/lib/python3.12/site-packages/selenium/webdriver/remote/webdriver.py\", line 344, in execute\n    self.error_handler.check_response(response)\n  File \"/opt/hostedtoolcache/Python/3.12.7/x64/lib/python3.12/site-packages/selenium/webdriver/remote/errorhandler.py\", line 229, in check_response\n    raise exception_class(message, screen, stacktrace)\n",
    "steps" : [ {
      "name" : "Open page: https://brainup.site/",
      "time" : {
        "start" : 1728697303890,
        "stop" : 1728697304314,
        "duration" : 424
      },
      "status" : "broken",
      "statusMessage" : "selenium.common.exceptions.WebDriverException: Message: unknown error: net::ERR_CONNECTION_REFUSED\n  (Session info: chrome=129.0.6668.89)\nStacktrace:\n#0 0x56463ab1202a <unknown>\n#1 0x56463a7f85e0 <unknown>\n#2 0x56463a7f07eb <unknown>\n#3 0x56463a7e0a09 <unknown>\n#4 0x56463a7e2744 <unknown>\n#5 0x56463a7e0cbd <unknown>\n#6 0x56463a7e052f <unknown>\n#7 0x56463a7e0422 <unknown>\n#8 0x56463a7de493 <unknown>\n#9 0x56463a7deada <unknown>\n#10 0x56463a7faf41 <unknown>\n#11 0x56463a88c8c5 <unknown>\n#12 0x56463a86cb22 <unknown>\n#13 0x56463a88bd7d <unknown>\n#14 0x56463a86c8c3 <unknown>\n#15 0x56463a83a6b3 <unknown>\n#16 0x56463a83b68e <unknown>\n#17 0x56463aadca2b <unknown>\n#18 0x56463aae09b1 <unknown>\n#19 0x56463aac9225 <unknown>\n#20 0x56463aae1532 <unknown>\n#21 0x56463aaae38f <unknown>\n#22 0x56463ab00f28 <unknown>\n#23 0x56463ab010f3 <unknown>\n#24 0x56463ab10e7c <unknown>\n#25 0x7f57a5494ac3 <unknown>\n\n",
      "statusTrace" : "  File \"/opt/hostedtoolcache/Python/3.12.7/x64/lib/python3.12/site-packages/allure_commons/_allure.py\", line 192, in impl\n    return func(*a, **kw)\n           ^^^^^^^^^^^^^^\n  File \"/home/runner/work/auto-tests-python/auto-tests-python/tests/conftest.py\", line 22, in main_page_open\n    driver.get(MainPageLinks.URL_MAIN_PAGE)\n  File \"/opt/hostedtoolcache/Python/3.12.7/x64/lib/python3.12/site-packages/selenium/webdriver/remote/webdriver.py\", line 353, in get\n    self.execute(Command.GET, {\"url\": url})\n  File \"/opt/hostedtoolcache/Python/3.12.7/x64/lib/python3.12/site-packages/selenium/webdriver/remote/webdriver.py\", line 344, in execute\n    self.error_handler.check_response(response)\n  File \"/opt/hostedtoolcache/Python/3.12.7/x64/lib/python3.12/site-packages/selenium/webdriver/remote/errorhandler.py\", line 229, in check_response\n    raise exception_class(message, screen, stacktrace)\n",
      "steps" : [ ],
      "attachments" : [ ],
      "parameters" : [ {
        "name" : "driver",
        "value" : "<selenium.webdriver.chrome.webdriver.WebDriver (session=\"b495100ef549ec6d793a9d1cf43bb7e3\")>"
      } ],
      "stepsCount" : 0,
      "attachmentsCount" : 0,
      "shouldDisplayMessage" : true,
      "hasContent" : true
    } ],
    "attachments" : [ ],
    "parameters" : [ ],
    "stepsCount" : 1,
    "attachmentsCount" : 0,
    "shouldDisplayMessage" : false,
    "hasContent" : true
  }, {
    "name" : "clear_allure_results_folder",
    "time" : {
      "start" : 1728697167335,
      "stop" : 1728697167335,
      "duration" : 0
    },
    "status" : "passed",
    "steps" : [ ],
    "attachments" : [ ],
    "parameters" : [ ],
    "stepsCount" : 0,
    "attachmentsCount" : 0,
    "shouldDisplayMessage" : false,
    "hasContent" : false
  }, {
    "name" : "driver",
    "time" : {
      "start" : 1728697303114,
      "stop" : 1728697303889,
      "duration" : 775
    },
    "status" : "passed",
    "steps" : [ ],
    "attachments" : [ ],
    "parameters" : [ ],
    "stepsCount" : 0,
    "attachmentsCount" : 0,
    "shouldDisplayMessage" : false,
    "hasContent" : false
  } ],
  "afterStages" : [ {
    "name" : "driver::0",
    "time" : {
      "start" : 1728697304348,
      "stop" : 1728697304410,
      "duration" : 62
    },
    "status" : "passed",
    "steps" : [ ],
    "attachments" : [ ],
    "parameters" : [ ],
    "stepsCount" : 0,
    "attachmentsCount" : 0,
    "shouldDisplayMessage" : false,
    "hasContent" : false
  } ],
  "labels" : [ {
    "name" : "epic",
    "value" : "Test Registration Page"
  }, {
    "name" : "parentSuite",
    "value" : "tests"
  }, {
    "name" : "suite",
    "value" : "registration_page_test"
  }, {
    "name" : "subSuite",
    "value" : "TestRegistrationPage"
  }, {
    "name" : "host",
    "value" : "fv-az570-490"
  }, {
    "name" : "thread",
    "value" : "2304-MainThread"
  }, {
    "name" : "framework",
    "value" : "pytest"
  }, {
    "name" : "language",
    "value" : "cpython3"
  }, {
    "name" : "package",
    "value" : "tests.registration_page_test"
  }, {
    "name" : "resultFormat",
    "value" : "allure2"
  } ],
  "parameters" : [ ],
  "links" : [ ],
  "hidden" : false,
  "retry" : false,
  "extra" : {
    "severity" : "normal",
    "retries" : [ ],
    "categories" : [ {
      "name" : "Test defects",
      "matchedStatuses" : [ ],
      "flaky" : false
    } ],
    "history" : {
      "statistic" : {
        "failed" : 0,
        "broken" : 5,
        "skipped" : 0,
        "passed" : 55,
        "unknown" : 0,
        "total" : 60
      },
      "items" : [ {
        "uid" : "646af72783b60679",
        "reportUrl" : "https://lambotik.github.io/auto-tests-python/59//#testresult/646af72783b60679",
        "status" : "broken",
        "statusDetails" : "selenium.common.exceptions.WebDriverException: Message: unknown error: net::ERR_CONNECTION_REFUSED\n  (Session info: chrome=129.0.6668.89)\nStacktrace:\n#0 0x5555ed01a02a <unknown>\n#1 0x5555ecd005e0 <unknown>\n#2 0x5555eccf87eb <unknown>\n#3 0x5555ecce8a09 <unknown>\n#4 0x5555eccea744 <unknown>\n#5 0x5555ecce8cbd <unknown>\n#6 0x5555ecce852f <unknown>\n#7 0x5555ecce8422 <unknown>\n#8 0x5555ecce6493 <unknown>\n#9 0x5555ecce6ada <unknown>\n#10 0x5555ecd02f41 <unknown>\n#11 0x5555ecd948c5 <unknown>\n#12 0x5555ecd74b22 <unknown>\n#13 0x5555ecd93d7d <unknown>\n#14 0x5555ecd748c3 <unknown>\n#15 0x5555ecd426b3 <unknown>\n#16 0x5555ecd4368e <unknown>\n#17 0x5555ecfe4a2b <unknown>\n#18 0x5555ecfe89b1 <unknown>\n#19 0x5555ecfd1225 <unknown>\n#20 0x5555ecfe9532 <unknown>\n#21 0x5555ecfb638f <unknown>\n#22 0x5555ed008f28 <unknown>\n#23 0x5555ed0090f3 <unknown>\n#24 0x5555ed018e7c <unknown>\n#25 0x7ff967094ac3 <unknown>",
        "time" : {
          "start" : 1728610994391,
          "stop" : 1728610994391,
          "duration" : 0
        }
      }, {
        "uid" : "533b22772fcfbe68",
        "reportUrl" : "https://lambotik.github.io/auto-tests-python/58//#testresult/533b22772fcfbe68",
        "status" : "passed",
        "time" : {
          "start" : 1728524904871,
          "stop" : 1728524909683,
          "duration" : 4812
        }
      }, {
        "uid" : "f32651b697b0fe5e",
        "reportUrl" : "https://lambotik.github.io/auto-tests-python/57//#testresult/f32651b697b0fe5e",
        "status" : "passed",
        "time" : {
          "start" : 1728438577656,
          "stop" : 1728438581425,
          "duration" : 3769
        }
      }, {
        "uid" : "f3f6c0c9eb915387",
        "reportUrl" : "https://lambotik.github.io/auto-tests-python/56//#testresult/f3f6c0c9eb915387",
        "status" : "passed",
        "time" : {
          "start" : 1728352157311,
          "stop" : 1728352161088,
          "duration" : 3777
        }
      }, {
        "uid" : "f28d3c708dfb72ee",
        "reportUrl" : "https://lambotik.github.io/auto-tests-python/55//#testresult/f28d3c708dfb72ee",
        "status" : "broken",
        "statusDetails" : "selenium.common.exceptions.TimeoutException: Message: Can't find element by locator ('xpath', '//a[@href=\"/profile\"]')\nStacktrace:\n#0 0x557d6055113a <unknown>\n#1 0x557d602375e0 <unknown>\n#2 0x557d60286be8 <unknown>\n#3 0x557d60286e81 <unknown>\n#4 0x557d602cd8c4 <unknown>\n#5 0x557d602abb4d <unknown>\n#6 0x557d602cad7d <unknown>\n#7 0x557d602ab8c3 <unknown>\n#8 0x557d602796b3 <unknown>\n#9 0x557d6027a68e <unknown>\n#10 0x557d6051bb3b <unknown>\n#11 0x557d6051fac1 <unknown>\n#12 0x557d60508335 <unknown>\n#13 0x557d60520642 <unknown>\n#14 0x557d604ed49f <unknown>\n#15 0x557d60540038 <unknown>\n#16 0x557d60540203 <unknown>\n#17 0x557d6054ff8c <unknown>\n#18 0x7f11ea094ac3 <unknown>",
        "time" : {
          "start" : 1728266539984,
          "stop" : 1728266566335,
          "duration" : 26351
        }
      }, {
        "uid" : "19b7cafa0b4c14f1",
        "reportUrl" : "https://lambotik.github.io/auto-tests-python/54//#testresult/19b7cafa0b4c14f1",
        "status" : "passed",
        "time" : {
          "start" : 1728179702138,
          "stop" : 1728179706369,
          "duration" : 4231
        }
      }, {
        "uid" : "535069f9c3928173",
        "reportUrl" : "https://lambotik.github.io/auto-tests-python/53//#testresult/535069f9c3928173",
        "status" : "passed",
        "time" : {
          "start" : 1728092929618,
          "stop" : 1728092934371,
          "duration" : 4753
        }
      }, {
        "uid" : "c0b1fc96ea12b14c",
        "reportUrl" : "https://lambotik.github.io/auto-tests-python/52//#testresult/c0b1fc96ea12b14c",
        "status" : "passed",
        "time" : {
          "start" : 1728006632397,
          "stop" : 1728006637697,
          "duration" : 5300
        }
      }, {
        "uid" : "ff27fe87500ee9be",
        "reportUrl" : "https://lambotik.github.io/auto-tests-python/51//#testresult/ff27fe87500ee9be",
        "status" : "passed",
        "time" : {
          "start" : 1727920274355,
          "stop" : 1727920279695,
          "duration" : 5340
        }
      }, {
        "uid" : "9254f9086f1c6c29",
        "reportUrl" : "https://lambotik.github.io/auto-tests-python/50//#testresult/9254f9086f1c6c29",
        "status" : "passed",
        "time" : {
          "start" : 1727833712520,
          "stop" : 1727833717765,
          "duration" : 5245
        }
      }, {
        "uid" : "8f18faf35f2b7611",
        "reportUrl" : "https://lambotik.github.io/auto-tests-python/49//#testresult/8f18faf35f2b7611",
        "status" : "passed",
        "time" : {
          "start" : 1727747837353,
          "stop" : 1727747842694,
          "duration" : 5341
        }
      }, {
        "uid" : "39503482bc004300",
        "reportUrl" : "https://lambotik.github.io/auto-tests-python/48//#testresult/39503482bc004300",
        "status" : "passed",
        "time" : {
          "start" : 1727661120137,
          "stop" : 1727661124428,
          "duration" : 4291
        }
      }, {
        "uid" : "2d22392e1c0b88d2",
        "reportUrl" : "https://lambotik.github.io/auto-tests-python/47//#testresult/2d22392e1c0b88d2",
        "status" : "passed",
        "time" : {
          "start" : 1727574940857,
          "stop" : 1727574946112,
          "duration" : 5255
        }
      }, {
        "uid" : "55c632ce7137efa4",
        "reportUrl" : "https://lambotik.github.io/auto-tests-python/46//#testresult/55c632ce7137efa4",
        "status" : "passed",
        "time" : {
          "start" : 1727488167931,
          "stop" : 1727488172207,
          "duration" : 4276
        }
      }, {
        "uid" : "8ea2d08c55e87aec",
        "reportUrl" : "https://lambotik.github.io/auto-tests-python/45//#testresult/8ea2d08c55e87aec",
        "status" : "passed",
        "time" : {
          "start" : 1727401895983,
          "stop" : 1727401901282,
          "duration" : 5299
        }
      }, {
        "uid" : "69c2ed6ac6223a94",
        "reportUrl" : "https://lambotik.github.io/auto-tests-python/44//#testresult/69c2ed6ac6223a94",
        "status" : "passed",
        "time" : {
          "start" : 1727315370091,
          "stop" : 1727315376400,
          "duration" : 6309
        }
      }, {
        "uid" : "ede477665878820b",
        "reportUrl" : "https://lambotik.github.io/auto-tests-python/43//#testresult/ede477665878820b",
        "status" : "broken",
        "statusDetails" : "selenium.common.exceptions.TimeoutException: Message: Url: https://brainup.site/registration has not been changed!!!",
        "time" : {
          "start" : 1727229014978,
          "stop" : 1727229035835,
          "duration" : 20857
        }
      }, {
        "uid" : "24aa83a13f8074da",
        "reportUrl" : "https://lambotik.github.io/auto-tests-python/42//#testresult/24aa83a13f8074da",
        "status" : "passed",
        "time" : {
          "start" : 1727142562603,
          "stop" : 1727142567890,
          "duration" : 5287
        }
      }, {
        "uid" : "6b4ac70e9568bc9c",
        "reportUrl" : "https://lambotik.github.io/auto-tests-python/41//#testresult/6b4ac70e9568bc9c",
        "status" : "passed",
        "time" : {
          "start" : 1727056088556,
          "stop" : 1727056093295,
          "duration" : 4739
        }
      }, {
        "uid" : "34ec442717a8dd02",
        "reportUrl" : "https://lambotik.github.io/auto-tests-python/40//#testresult/34ec442717a8dd02",
        "status" : "passed",
        "time" : {
          "start" : 1726970017690,
          "stop" : 1726970021406,
          "duration" : 3716
        }
      } ]
    },
    "tags" : [ ]
  },
  "source" : "8ebbe9560fe6aba3.json",
  "parameterValues" : [ ]
}