{
  "uid" : "5c14bc9b2119b75a",
  "name" : "Решение Слова.",
  "fullName" : "tests.test_speech_exercises_ru.TestCardsRU#test_solve_word_cards_ru",
  "historyId" : "97a1dfc93de55b98f3507f18d0af26f8",
  "time" : {
    "start" : 1707756302567,
    "stop" : 1707756302567,
    "duration" : 0
  },
  "status" : "broken",
  "statusMessage" : "selenium.common.exceptions.TimeoutException: Message: Can't find element by locator https://brainup.site/groups",
  "statusTrace" : "driver = <selenium.webdriver.chrome.webdriver.WebDriver (session=\"0a9c5fa8f842509037e39b8a46f95bee\")>\nmain_page_open = None\n\n    @pytest.fixture()\n    @allure.step('DEFAULT user authorized')\n    def default_user_authorized(driver, main_page_open):\n        page = BasePage(driver)\n        page.element_is_present_and_clickable(MainPageLocators.LOGIN_BUTTON).click()\n        page.element_is_visible(LoginPageLocators.INPUT_LOGIN).send_keys(os.environ[\"DEFAULT_LOGIN\"])\n        page.element_is_visible(LoginPageLocators.INPUT_PASSWORD).send_keys(os.environ[\"PASSWORD\"])\n        page.element_is_present_and_clickable(LoginPageLocators.SIGN_IN_BUTTON).click()\n>       page.check_expected_link(MainPageLinks.URL_GROUPS_PAGE)\n\ntests/conftest.py:57: \n_ _ _ _ _ _ _ _ _ _ _ _ _ _ _ _ _ _ _ _ _ _ _ _ _ _ _ _ _ _ _ _ _ _ _ _ _ _ _ _ \npages/base_page.py:76: in check_expected_link\n    return Wait(self.driver, self.timeout).until(\n_ _ _ _ _ _ _ _ _ _ _ _ _ _ _ _ _ _ _ _ _ _ _ _ _ _ _ _ _ _ _ _ _ _ _ _ _ _ _ _ \n\nself = <selenium.webdriver.support.wait.WebDriverWait (session=\"0a9c5fa8f842509037e39b8a46f95bee\")>\nmethod = <function url_to_be.<locals>._predicate at 0x7f3f8632e160>\nmessage = \"Can't find element by locator https://brainup.site/groups\"\n\n    def until(self, method, message: str = \"\"):\n        \"\"\"Calls the method provided with the driver as an argument until the \\\n        return value does not evaluate to ``False``.\n    \n        :param method: callable(WebDriver)\n        :param message: optional message for :exc:`TimeoutException`\n        :returns: the result of the last call to `method`\n        :raises: :exc:`selenium.common.exceptions.TimeoutException` if timeout occurs\n        \"\"\"\n        screen = None\n        stacktrace = None\n    \n        end_time = time.monotonic() + self._timeout\n        while True:\n            try:\n                value = method(self._driver)\n                if value:\n                    return value\n            except self._ignored_exceptions as exc:\n                screen = getattr(exc, \"screen\", None)\n                stacktrace = getattr(exc, \"stacktrace\", None)\n            time.sleep(self._poll)\n            if time.monotonic() > end_time:\n                break\n>       raise TimeoutException(message, screen, stacktrace)\nE       selenium.common.exceptions.TimeoutException: Message: Can't find element by locator https://brainup.site/groups\n\n/opt/hostedtoolcache/Python/3.12.1/x64/lib/python3.12/site-packages/selenium/webdriver/support/wait.py:95: TimeoutException",
  "flaky" : false,
  "newFailed" : false,
  "beforeStages" : [ {
    "name" : "default_user_authorized",
    "time" : {
      "start" : 1707756306445,
      "stop" : 1707756316799,
      "duration" : 10354
    },
    "status" : "broken",
    "statusMessage" : "selenium.common.exceptions.TimeoutException: Message: Can't find element by locator https://brainup.site/groups\n\n",
    "statusTrace" : "  File \"/opt/hostedtoolcache/Python/3.12.1/x64/lib/python3.12/site-packages/pluggy/_callers.py\", line 102, in _multicall\n    res = hook_impl.function(*args)\n          ^^^^^^^^^^^^^^^^^^^^^^^^^\n  File \"/opt/hostedtoolcache/Python/3.12.1/x64/lib/python3.12/site-packages/_pytest/fixtures.py\", line 1123, in pytest_fixture_setup\n    result = call_fixture_func(fixturefunc, request, kwargs)\n             ^^^^^^^^^^^^^^^^^^^^^^^^^^^^^^^^^^^^^^^^^^^^^^^\n  File \"/opt/hostedtoolcache/Python/3.12.1/x64/lib/python3.12/site-packages/_pytest/fixtures.py\", line 902, in call_fixture_func\n    fixture_result = fixturefunc(**kwargs)\n                     ^^^^^^^^^^^^^^^^^^^^^\n  File \"/opt/hostedtoolcache/Python/3.12.1/x64/lib/python3.12/site-packages/allure_commons/_allure.py\", line 192, in impl\n    return func(*a, **kw)\n           ^^^^^^^^^^^^^^\n  File \"/home/runner/work/auto-tests-python/auto-tests-python/tests/conftest.py\", line 57, in default_user_authorized\n    page.check_expected_link(MainPageLinks.URL_GROUPS_PAGE)\n  File \"/home/runner/work/auto-tests-python/auto-tests-python/pages/base_page.py\", line 76, in check_expected_link\n    return Wait(self.driver, self.timeout).until(\n           ^^^^^^^^^^^^^^^^^^^^^^^^^^^^^^^^^^^^^^\n  File \"/opt/hostedtoolcache/Python/3.12.1/x64/lib/python3.12/site-packages/selenium/webdriver/support/wait.py\", line 95, in until\n    raise TimeoutException(message, screen, stacktrace)\n",
    "steps" : [ {
      "name" : "DEFAULT user authorized",
      "time" : {
        "start" : 1707756306445,
        "stop" : 1707756316799,
        "duration" : 10354
      },
      "status" : "broken",
      "statusMessage" : "selenium.common.exceptions.TimeoutException: Message: Can't find element by locator https://brainup.site/groups\n\n",
      "statusTrace" : "  File \"/opt/hostedtoolcache/Python/3.12.1/x64/lib/python3.12/site-packages/allure_commons/_allure.py\", line 192, in impl\n    return func(*a, **kw)\n           ^^^^^^^^^^^^^^\n  File \"/home/runner/work/auto-tests-python/auto-tests-python/tests/conftest.py\", line 57, in default_user_authorized\n    page.check_expected_link(MainPageLinks.URL_GROUPS_PAGE)\n  File \"/home/runner/work/auto-tests-python/auto-tests-python/pages/base_page.py\", line 76, in check_expected_link\n    return Wait(self.driver, self.timeout).until(\n           ^^^^^^^^^^^^^^^^^^^^^^^^^^^^^^^^^^^^^^\n  File \"/opt/hostedtoolcache/Python/3.12.1/x64/lib/python3.12/site-packages/selenium/webdriver/support/wait.py\", line 95, in until\n    raise TimeoutException(message, screen, stacktrace)\n",
      "steps" : [ {
        "name" : "Check element is visible and clickable: ('xpath', '//a[@id=\"ember11\"]')",
        "time" : {
          "start" : 1707756306445,
          "stop" : 1707756306481,
          "duration" : 36
        },
        "status" : "passed",
        "steps" : [ {
          "name" : "Check element is clickable",
          "time" : {
            "start" : 1707756306463,
            "stop" : 1707756306481,
            "duration" : 18
          },
          "status" : "passed",
          "steps" : [ {
            "name" : "Check element is clickable: ('xpath', '//a[@id=\"ember11\"]')",
            "time" : {
              "start" : 1707756306463,
              "stop" : 1707756306481,
              "duration" : 18
            },
            "status" : "passed",
            "steps" : [ ],
            "attachments" : [ ],
            "parameters" : [ ],
            "stepsCount" : 0,
            "hasContent" : false,
            "attachmentsCount" : 0,
            "shouldDisplayMessage" : false
          } ],
          "attachments" : [ ],
          "parameters" : [ {
            "name" : "locator",
            "value" : "('xpath', '//a[@id=\"ember11\"]')"
          } ],
          "stepsCount" : 1,
          "hasContent" : true,
          "attachmentsCount" : 0,
          "shouldDisplayMessage" : false
        } ],
        "attachments" : [ ],
        "parameters" : [ ],
        "stepsCount" : 2,
        "hasContent" : true,
        "attachmentsCount" : 0,
        "shouldDisplayMessage" : false
      }, {
        "name" : "Check element is visible: ('xpath', '//input[@id=\"login\"]')",
        "time" : {
          "start" : 1707756306528,
          "stop" : 1707756306554,
          "duration" : 26
        },
        "status" : "passed",
        "steps" : [ {
          "name" : "Check element is present: ('xpath', '//input[@id=\"login\"]')",
          "time" : {
            "start" : 1707756306528,
            "stop" : 1707756306538,
            "duration" : 10
          },
          "status" : "passed",
          "steps" : [ ],
          "attachments" : [ ],
          "parameters" : [ ],
          "stepsCount" : 0,
          "hasContent" : false,
          "attachmentsCount" : 0,
          "shouldDisplayMessage" : false
        }, {
          "name" : "Go to element: <selenium.webdriver.remote.webelement.WebElement (session=\"0a9c5fa8f842509037e39b8a46f95bee\", element=\"09850419F13E9AEB435A87D61FE97696_element_27\")>",
          "time" : {
            "start" : 1707756306538,
            "stop" : 1707756306542,
            "duration" : 4
          },
          "status" : "passed",
          "steps" : [ ],
          "attachments" : [ ],
          "parameters" : [ ],
          "stepsCount" : 0,
          "hasContent" : false,
          "attachmentsCount" : 0,
          "shouldDisplayMessage" : false
        } ],
        "attachments" : [ ],
        "parameters" : [ ],
        "stepsCount" : 2,
        "hasContent" : true,
        "attachmentsCount" : 0,
        "shouldDisplayMessage" : false
      }, {
        "name" : "Check element is visible: ('xpath', '//input[@id=\"password\"]')",
        "time" : {
          "start" : 1707756306587,
          "stop" : 1707756306609,
          "duration" : 22
        },
        "status" : "passed",
        "steps" : [ {
          "name" : "Check element is present: ('xpath', '//input[@id=\"password\"]')",
          "time" : {
            "start" : 1707756306587,
            "stop" : 1707756306595,
            "duration" : 8
          },
          "status" : "passed",
          "steps" : [ ],
          "attachments" : [ ],
          "parameters" : [ ],
          "stepsCount" : 0,
          "hasContent" : false,
          "attachmentsCount" : 0,
          "shouldDisplayMessage" : false
        }, {
          "name" : "Go to element: <selenium.webdriver.remote.webelement.WebElement (session=\"0a9c5fa8f842509037e39b8a46f95bee\", element=\"09850419F13E9AEB435A87D61FE97696_element_30\")>",
          "time" : {
            "start" : 1707756306595,
            "stop" : 1707756306598,
            "duration" : 3
          },
          "status" : "passed",
          "steps" : [ ],
          "attachments" : [ ],
          "parameters" : [ ],
          "stepsCount" : 0,
          "hasContent" : false,
          "attachmentsCount" : 0,
          "shouldDisplayMessage" : false
        } ],
        "attachments" : [ ],
        "parameters" : [ ],
        "stepsCount" : 2,
        "hasContent" : true,
        "attachmentsCount" : 0,
        "shouldDisplayMessage" : false
      }, {
        "name" : "Check element is visible and clickable: ('xpath', '//*[@type=\"submit\"]')",
        "time" : {
          "start" : 1707756306650,
          "stop" : 1707756306683,
          "duration" : 33
        },
        "status" : "passed",
        "steps" : [ {
          "name" : "Check element is clickable",
          "time" : {
            "start" : 1707756306666,
            "stop" : 1707756306683,
            "duration" : 17
          },
          "status" : "passed",
          "steps" : [ {
            "name" : "Check element is clickable: ('xpath', '//*[@type=\"submit\"]')",
            "time" : {
              "start" : 1707756306667,
              "stop" : 1707756306683,
              "duration" : 16
            },
            "status" : "passed",
            "steps" : [ ],
            "attachments" : [ ],
            "parameters" : [ ],
            "stepsCount" : 0,
            "hasContent" : false,
            "attachmentsCount" : 0,
            "shouldDisplayMessage" : false
          } ],
          "attachments" : [ ],
          "parameters" : [ {
            "name" : "locator",
            "value" : "('xpath', '//*[@type=\"submit\"]')"
          } ],
          "stepsCount" : 1,
          "hasContent" : true,
          "attachmentsCount" : 0,
          "shouldDisplayMessage" : false
        } ],
        "attachments" : [ ],
        "parameters" : [ ],
        "stepsCount" : 2,
        "hasContent" : true,
        "attachmentsCount" : 0,
        "shouldDisplayMessage" : false
      }, {
        "name" : "Check url is present: https://brainup.site/groups",
        "time" : {
          "start" : 1707756306716,
          "stop" : 1707756316799,
          "duration" : 10083
        },
        "status" : "broken",
        "statusMessage" : "selenium.common.exceptions.TimeoutException: Message: Can't find element by locator https://brainup.site/groups\n\n",
        "statusTrace" : "  File \"/home/runner/work/auto-tests-python/auto-tests-python/pages/base_page.py\", line 76, in check_expected_link\n    return Wait(self.driver, self.timeout).until(\n           ^^^^^^^^^^^^^^^^^^^^^^^^^^^^^^^^^^^^^^\n  File \"/opt/hostedtoolcache/Python/3.12.1/x64/lib/python3.12/site-packages/selenium/webdriver/support/wait.py\", line 95, in until\n    raise TimeoutException(message, screen, stacktrace)\n",
        "steps" : [ ],
        "attachments" : [ ],
        "parameters" : [ ],
        "stepsCount" : 0,
        "hasContent" : true,
        "attachmentsCount" : 0,
        "shouldDisplayMessage" : true
      } ],
      "attachments" : [ ],
      "parameters" : [ {
        "name" : "driver",
        "value" : "<selenium.webdriver.chrome.webdriver.WebDriver (session=\"0a9c5fa8f842509037e39b8a46f95bee\")>"
      }, {
        "name" : "main_page_open",
        "value" : "None"
      } ],
      "stepsCount" : 13,
      "hasContent" : true,
      "attachmentsCount" : 0,
      "shouldDisplayMessage" : false
    } ],
    "attachments" : [ ],
    "parameters" : [ ],
    "stepsCount" : 14,
    "hasContent" : true,
    "attachmentsCount" : 0,
    "shouldDisplayMessage" : false
  }, {
    "name" : "driver",
    "time" : {
      "start" : 1707756302568,
      "stop" : 1707756303336,
      "duration" : 768
    },
    "status" : "passed",
    "steps" : [ ],
    "attachments" : [ ],
    "parameters" : [ ],
    "stepsCount" : 0,
    "hasContent" : false,
    "attachmentsCount" : 0,
    "shouldDisplayMessage" : false
  }, {
    "name" : "main_page_open",
    "time" : {
      "start" : 1707756303336,
      "stop" : 1707756306445,
      "duration" : 3109
    },
    "status" : "passed",
    "steps" : [ {
      "name" : "Open page: https://brainup.site/",
      "time" : {
        "start" : 1707756303336,
        "stop" : 1707756306445,
        "duration" : 3109
      },
      "status" : "passed",
      "steps" : [ ],
      "attachments" : [ ],
      "parameters" : [ {
        "name" : "driver",
        "value" : "<selenium.webdriver.chrome.webdriver.WebDriver (session=\"0a9c5fa8f842509037e39b8a46f95bee\")>"
      } ],
      "stepsCount" : 0,
      "hasContent" : true,
      "attachmentsCount" : 0,
      "shouldDisplayMessage" : false
    } ],
    "attachments" : [ ],
    "parameters" : [ ],
    "stepsCount" : 1,
    "hasContent" : true,
    "attachmentsCount" : 0,
    "shouldDisplayMessage" : false
  }, {
    "name" : "clear_allure_results_folder",
    "time" : {
      "start" : 1707755730062,
      "stop" : 1707755730062,
      "duration" : 0
    },
    "status" : "passed",
    "steps" : [ ],
    "attachments" : [ ],
    "parameters" : [ ],
    "stepsCount" : 0,
    "hasContent" : false,
    "attachmentsCount" : 0,
    "shouldDisplayMessage" : false
  } ],
  "afterStages" : [ {
    "name" : "driver::0",
    "time" : {
      "start" : 1707756316812,
      "stop" : 1707756317040,
      "duration" : 228
    },
    "status" : "passed",
    "steps" : [ ],
    "attachments" : [ {
      "uid" : "f8716133171f9732",
      "name" : "Screenshot 2024-02-12 16:45:16.981659",
      "source" : "f8716133171f9732.png",
      "type" : "image/png",
      "size" : 59710
    } ],
    "parameters" : [ ],
    "stepsCount" : 0,
    "hasContent" : true,
    "attachmentsCount" : 1,
    "shouldDisplayMessage" : false
  } ],
  "labels" : [ {
    "name" : "suite",
    "value" : "Решение."
  }, {
    "name" : "epic",
    "value" : "Речевые упражнения."
  }, {
    "name" : "parentSuite",
    "value" : "tests"
  }, {
    "name" : "subSuite",
    "value" : "TestCardsRU"
  }, {
    "name" : "host",
    "value" : "fv-az1215-835"
  }, {
    "name" : "thread",
    "value" : "1808-MainThread"
  }, {
    "name" : "framework",
    "value" : "pytest"
  }, {
    "name" : "language",
    "value" : "cpython3"
  }, {
    "name" : "package",
    "value" : "tests.test_speech_exercises_ru"
  }, {
    "name" : "resultFormat",
    "value" : "allure2"
  } ],
  "parameters" : [ ],
  "links" : [ ],
  "hidden" : false,
  "retry" : false,
  "extra" : {
    "severity" : "normal",
    "retries" : [ ],
    "categories" : [ {
      "name" : "Test defects",
      "matchedStatuses" : [ ],
      "flaky" : false
    } ],
    "tags" : [ ]
  },
  "source" : "5c14bc9b2119b75a.json",
  "parameterValues" : [ ]
}