{
  "uid" : "5c30d5941279aa70",
  "name" : "Change the password by receiving an email link",
  "fullName" : "tests.profile_page_test.TestProfilePage#test_change_password",
  "historyId" : "9957e716460bffae2f2d96bf28fa1581",
  "time" : {
    "start" : 1705840709364,
    "stop" : 1705840730011,
    "duration" : 20647
  },
  "status" : "broken",
  "statusMessage" : "selenium.common.exceptions.TimeoutException: Message: Can't find element by locator ('xpath', '//a[@href=\"/profile\"]')\nStacktrace:\n#0 0x55ccbe197f83 <unknown>\n#1 0x55ccbde50cf7 <unknown>\n#2 0x55ccbdea099e <unknown>\n#3 0x55ccbdea0aa1 <unknown>\n#4 0x55ccbdeebd64 <unknown>\n#5 0x55ccbdeca0dd <unknown>\n#6 0x55ccbdee9006 <unknown>\n#7 0x55ccbdec9e53 <unknown>\n#8 0x55ccbde91dd4 <unknown>\n#9 0x55ccbde931de <unknown>\n#10 0x55ccbe15c531 <unknown>\n#11 0x55ccbe160455 <unknown>\n#12 0x55ccbe148f55 <unknown>\n#13 0x55ccbe1610ef <unknown>\n#14 0x55ccbe12c99f <unknown>\n#15 0x55ccbe185008 <unknown>\n#16 0x55ccbe1851d7 <unknown>\n#17 0x55ccbe197124 <unknown>\n#18 0x7f7538494ac3 <unknown>",
  "statusTrace" : "self = <tests.profile_page_test.TestProfilePage object at 0x7fbbbc1c8890>\ndriver = <selenium.webdriver.chrome.webdriver.WebDriver (session=\"2b22abb2c3274901b7cdcbabdb92b96d\")>\nmain_page_open = None\n\n    @allure.title(\"Change the password by receiving an email link\")\n    def test_change_password(self, driver, main_page_open):\n        page = ProfilePage(driver)\n        page.open_login_page()\n        page.user_has_authorised()\n>       page.go_to_profile_page()\n\ntests/profile_page_test.py:15: \n_ _ _ _ _ _ _ _ _ _ _ _ _ _ _ _ _ _ _ _ _ _ _ _ _ _ _ _ _ _ _ _ _ _ _ _ _ _ _ _ \npages/profile_page.py:47: in go_to_profile_page\n    self.element_is_present_and_clickable(AuthorizedUserHomePageLocators.PROFILE_USER).click()\npages/base_page.py:30: in element_is_present_and_clickable\n    return (Wait(self.driver, self.timeout).until(ec.visibility_of_element_located(locator),\n_ _ _ _ _ _ _ _ _ _ _ _ _ _ _ _ _ _ _ _ _ _ _ _ _ _ _ _ _ _ _ _ _ _ _ _ _ _ _ _ \n\nself = <selenium.webdriver.support.wait.WebDriverWait (session=\"2b22abb2c3274901b7cdcbabdb92b96d\")>\nmethod = <function visibility_of_element_located.<locals>._predicate at 0x7fbbbbf0f240>\nmessage = 'Can\\'t find element by locator (\\'xpath\\', \\'//a[@href=\"/profile\"]\\')'\n\n    def until(self, method, message: str = \"\"):\n        \"\"\"Calls the method provided with the driver as an argument until the \\\n        return value does not evaluate to ``False``.\n    \n        :param method: callable(WebDriver)\n        :param message: optional message for :exc:`TimeoutException`\n        :returns: the result of the last call to `method`\n        :raises: :exc:`selenium.common.exceptions.TimeoutException` if timeout occurs\n        \"\"\"\n        screen = None\n        stacktrace = None\n    \n        end_time = time.monotonic() + self._timeout\n        while True:\n            try:\n                value = method(self._driver)\n                if value:\n                    return value\n            except self._ignored_exceptions as exc:\n                screen = getattr(exc, \"screen\", None)\n                stacktrace = getattr(exc, \"stacktrace\", None)\n            time.sleep(self._poll)\n            if time.monotonic() > end_time:\n                break\n>       raise TimeoutException(message, screen, stacktrace)\nE       selenium.common.exceptions.TimeoutException: Message: Can't find element by locator ('xpath', '//a[@href=\"/profile\"]')\nE       Stacktrace:\nE       #0 0x55ccbe197f83 <unknown>\nE       #1 0x55ccbde50cf7 <unknown>\nE       #2 0x55ccbdea099e <unknown>\nE       #3 0x55ccbdea0aa1 <unknown>\nE       #4 0x55ccbdeebd64 <unknown>\nE       #5 0x55ccbdeca0dd <unknown>\nE       #6 0x55ccbdee9006 <unknown>\nE       #7 0x55ccbdec9e53 <unknown>\nE       #8 0x55ccbde91dd4 <unknown>\nE       #9 0x55ccbde931de <unknown>\nE       #10 0x55ccbe15c531 <unknown>\nE       #11 0x55ccbe160455 <unknown>\nE       #12 0x55ccbe148f55 <unknown>\nE       #13 0x55ccbe1610ef <unknown>\nE       #14 0x55ccbe12c99f <unknown>\nE       #15 0x55ccbe185008 <unknown>\nE       #16 0x55ccbe1851d7 <unknown>\nE       #17 0x55ccbe197124 <unknown>\nE       #18 0x7f7538494ac3 <unknown>\n\n/opt/hostedtoolcache/Python/3.12.1/x64/lib/python3.12/site-packages/selenium/webdriver/support/wait.py:95: TimeoutException",
  "flaky" : false,
  "newFailed" : false,
  "beforeStages" : [ {
    "name" : "clear_allure_results_folder",
    "time" : {
      "start" : 1705840443892,
      "stop" : 1705840443892,
      "duration" : 0
    },
    "status" : "passed",
    "steps" : [ ],
    "attachments" : [ ],
    "parameters" : [ ],
    "attachmentsCount" : 0,
    "shouldDisplayMessage" : false,
    "stepsCount" : 0,
    "hasContent" : false
  }, {
    "name" : "main_page_open",
    "time" : {
      "start" : 1705840705702,
      "stop" : 1705840709363,
      "duration" : 3661
    },
    "status" : "passed",
    "steps" : [ {
      "name" : "Open page: https://brainup.site/",
      "time" : {
        "start" : 1705840705702,
        "stop" : 1705840709363,
        "duration" : 3661
      },
      "status" : "passed",
      "steps" : [ ],
      "attachments" : [ ],
      "parameters" : [ {
        "name" : "driver",
        "value" : "<selenium.webdriver.chrome.webdriver.WebDriver (session=\"2b22abb2c3274901b7cdcbabdb92b96d\")>"
      } ],
      "attachmentsCount" : 0,
      "shouldDisplayMessage" : false,
      "stepsCount" : 0,
      "hasContent" : true
    } ],
    "attachments" : [ ],
    "parameters" : [ ],
    "attachmentsCount" : 0,
    "shouldDisplayMessage" : false,
    "stepsCount" : 1,
    "hasContent" : true
  }, {
    "name" : "driver",
    "time" : {
      "start" : 1705840704934,
      "stop" : 1705840705702,
      "duration" : 768
    },
    "status" : "passed",
    "steps" : [ ],
    "attachments" : [ ],
    "parameters" : [ ],
    "attachmentsCount" : 0,
    "shouldDisplayMessage" : false,
    "stepsCount" : 0,
    "hasContent" : false
  } ],
  "testStage" : {
    "status" : "broken",
    "statusMessage" : "selenium.common.exceptions.TimeoutException: Message: Can't find element by locator ('xpath', '//a[@href=\"/profile\"]')\nStacktrace:\n#0 0x55ccbe197f83 <unknown>\n#1 0x55ccbde50cf7 <unknown>\n#2 0x55ccbdea099e <unknown>\n#3 0x55ccbdea0aa1 <unknown>\n#4 0x55ccbdeebd64 <unknown>\n#5 0x55ccbdeca0dd <unknown>\n#6 0x55ccbdee9006 <unknown>\n#7 0x55ccbdec9e53 <unknown>\n#8 0x55ccbde91dd4 <unknown>\n#9 0x55ccbde931de <unknown>\n#10 0x55ccbe15c531 <unknown>\n#11 0x55ccbe160455 <unknown>\n#12 0x55ccbe148f55 <unknown>\n#13 0x55ccbe1610ef <unknown>\n#14 0x55ccbe12c99f <unknown>\n#15 0x55ccbe185008 <unknown>\n#16 0x55ccbe1851d7 <unknown>\n#17 0x55ccbe197124 <unknown>\n#18 0x7f7538494ac3 <unknown>",
    "statusTrace" : "self = <tests.profile_page_test.TestProfilePage object at 0x7fbbbc1c8890>\ndriver = <selenium.webdriver.chrome.webdriver.WebDriver (session=\"2b22abb2c3274901b7cdcbabdb92b96d\")>\nmain_page_open = None\n\n    @allure.title(\"Change the password by receiving an email link\")\n    def test_change_password(self, driver, main_page_open):\n        page = ProfilePage(driver)\n        page.open_login_page()\n        page.user_has_authorised()\n>       page.go_to_profile_page()\n\ntests/profile_page_test.py:15: \n_ _ _ _ _ _ _ _ _ _ _ _ _ _ _ _ _ _ _ _ _ _ _ _ _ _ _ _ _ _ _ _ _ _ _ _ _ _ _ _ \npages/profile_page.py:47: in go_to_profile_page\n    self.element_is_present_and_clickable(AuthorizedUserHomePageLocators.PROFILE_USER).click()\npages/base_page.py:30: in element_is_present_and_clickable\n    return (Wait(self.driver, self.timeout).until(ec.visibility_of_element_located(locator),\n_ _ _ _ _ _ _ _ _ _ _ _ _ _ _ _ _ _ _ _ _ _ _ _ _ _ _ _ _ _ _ _ _ _ _ _ _ _ _ _ \n\nself = <selenium.webdriver.support.wait.WebDriverWait (session=\"2b22abb2c3274901b7cdcbabdb92b96d\")>\nmethod = <function visibility_of_element_located.<locals>._predicate at 0x7fbbbbf0f240>\nmessage = 'Can\\'t find element by locator (\\'xpath\\', \\'//a[@href=\"/profile\"]\\')'\n\n    def until(self, method, message: str = \"\"):\n        \"\"\"Calls the method provided with the driver as an argument until the \\\n        return value does not evaluate to ``False``.\n    \n        :param method: callable(WebDriver)\n        :param message: optional message for :exc:`TimeoutException`\n        :returns: the result of the last call to `method`\n        :raises: :exc:`selenium.common.exceptions.TimeoutException` if timeout occurs\n        \"\"\"\n        screen = None\n        stacktrace = None\n    \n        end_time = time.monotonic() + self._timeout\n        while True:\n            try:\n                value = method(self._driver)\n                if value:\n                    return value\n            except self._ignored_exceptions as exc:\n                screen = getattr(exc, \"screen\", None)\n                stacktrace = getattr(exc, \"stacktrace\", None)\n            time.sleep(self._poll)\n            if time.monotonic() > end_time:\n                break\n>       raise TimeoutException(message, screen, stacktrace)\nE       selenium.common.exceptions.TimeoutException: Message: Can't find element by locator ('xpath', '//a[@href=\"/profile\"]')\nE       Stacktrace:\nE       #0 0x55ccbe197f83 <unknown>\nE       #1 0x55ccbde50cf7 <unknown>\nE       #2 0x55ccbdea099e <unknown>\nE       #3 0x55ccbdea0aa1 <unknown>\nE       #4 0x55ccbdeebd64 <unknown>\nE       #5 0x55ccbdeca0dd <unknown>\nE       #6 0x55ccbdee9006 <unknown>\nE       #7 0x55ccbdec9e53 <unknown>\nE       #8 0x55ccbde91dd4 <unknown>\nE       #9 0x55ccbde931de <unknown>\nE       #10 0x55ccbe15c531 <unknown>\nE       #11 0x55ccbe160455 <unknown>\nE       #12 0x55ccbe148f55 <unknown>\nE       #13 0x55ccbe1610ef <unknown>\nE       #14 0x55ccbe12c99f <unknown>\nE       #15 0x55ccbe185008 <unknown>\nE       #16 0x55ccbe1851d7 <unknown>\nE       #17 0x55ccbe197124 <unknown>\nE       #18 0x7f7538494ac3 <unknown>\n\n/opt/hostedtoolcache/Python/3.12.1/x64/lib/python3.12/site-packages/selenium/webdriver/support/wait.py:95: TimeoutException",
    "steps" : [ {
      "name" : "Open login page",
      "time" : {
        "start" : 1705840709364,
        "stop" : 1705840709447,
        "duration" : 83
      },
      "status" : "passed",
      "steps" : [ {
        "name" : "Check element is visible and clickable: ('xpath', '//a[@id=\"ember11\"]')",
        "time" : {
          "start" : 1705840709364,
          "stop" : 1705840709400,
          "duration" : 36
        },
        "status" : "passed",
        "steps" : [ {
          "name" : "Check element is clickable",
          "time" : {
            "start" : 1705840709382,
            "stop" : 1705840709400,
            "duration" : 18
          },
          "status" : "passed",
          "steps" : [ {
            "name" : "Check element is clickable: ('xpath', '//a[@id=\"ember11\"]')",
            "time" : {
              "start" : 1705840709382,
              "stop" : 1705840709400,
              "duration" : 18
            },
            "status" : "passed",
            "steps" : [ ],
            "attachments" : [ ],
            "parameters" : [ ],
            "attachmentsCount" : 0,
            "shouldDisplayMessage" : false,
            "stepsCount" : 0,
            "hasContent" : false
          } ],
          "attachments" : [ ],
          "parameters" : [ {
            "name" : "locator",
            "value" : "('xpath', '//a[@id=\"ember11\"]')"
          } ],
          "attachmentsCount" : 0,
          "shouldDisplayMessage" : false,
          "stepsCount" : 1,
          "hasContent" : true
        } ],
        "attachments" : [ ],
        "parameters" : [ ],
        "attachmentsCount" : 0,
        "shouldDisplayMessage" : false,
        "stepsCount" : 2,
        "hasContent" : true
      } ],
      "attachments" : [ ],
      "parameters" : [ ],
      "attachmentsCount" : 0,
      "shouldDisplayMessage" : false,
      "stepsCount" : 3,
      "hasContent" : true
    }, {
      "name" : "The user has authorised",
      "time" : {
        "start" : 1705840709447,
        "stop" : 1705840709614,
        "duration" : 167
      },
      "status" : "passed",
      "steps" : [ {
        "name" : "Check element is visible: ('xpath', '//input[@id=\"login\"]')",
        "time" : {
          "start" : 1705840709447,
          "stop" : 1705840709473,
          "duration" : 26
        },
        "status" : "passed",
        "steps" : [ {
          "name" : "Check element is present: ('xpath', '//input[@id=\"login\"]')",
          "time" : {
            "start" : 1705840709447,
            "stop" : 1705840709458,
            "duration" : 11
          },
          "status" : "passed",
          "steps" : [ ],
          "attachments" : [ ],
          "parameters" : [ ],
          "attachmentsCount" : 0,
          "shouldDisplayMessage" : false,
          "stepsCount" : 0,
          "hasContent" : false
        }, {
          "name" : "Go to element: <selenium.webdriver.remote.webelement.WebElement (session=\"2b22abb2c3274901b7cdcbabdb92b96d\", element=\"A95476B504591A4DAB509E95E857438B_element_27\")>",
          "time" : {
            "start" : 1705840709458,
            "stop" : 1705840709462,
            "duration" : 4
          },
          "status" : "passed",
          "steps" : [ ],
          "attachments" : [ ],
          "parameters" : [ ],
          "attachmentsCount" : 0,
          "shouldDisplayMessage" : false,
          "stepsCount" : 0,
          "hasContent" : false
        } ],
        "attachments" : [ ],
        "parameters" : [ ],
        "attachmentsCount" : 0,
        "shouldDisplayMessage" : false,
        "stepsCount" : 2,
        "hasContent" : true
      }, {
        "name" : "Check element is visible: ('xpath', '//input[@id=\"password\"]')",
        "time" : {
          "start" : 1705840709504,
          "stop" : 1705840709524,
          "duration" : 20
        },
        "status" : "passed",
        "steps" : [ {
          "name" : "Check element is present: ('xpath', '//input[@id=\"password\"]')",
          "time" : {
            "start" : 1705840709504,
            "stop" : 1705840709512,
            "duration" : 8
          },
          "status" : "passed",
          "steps" : [ ],
          "attachments" : [ ],
          "parameters" : [ ],
          "attachmentsCount" : 0,
          "shouldDisplayMessage" : false,
          "stepsCount" : 0,
          "hasContent" : false
        }, {
          "name" : "Go to element: <selenium.webdriver.remote.webelement.WebElement (session=\"2b22abb2c3274901b7cdcbabdb92b96d\", element=\"A95476B504591A4DAB509E95E857438B_element_30\")>",
          "time" : {
            "start" : 1705840709512,
            "stop" : 1705840709514,
            "duration" : 2
          },
          "status" : "passed",
          "steps" : [ ],
          "attachments" : [ ],
          "parameters" : [ ],
          "attachmentsCount" : 0,
          "shouldDisplayMessage" : false,
          "stepsCount" : 0,
          "hasContent" : false
        } ],
        "attachments" : [ ],
        "parameters" : [ ],
        "attachmentsCount" : 0,
        "shouldDisplayMessage" : false,
        "stepsCount" : 2,
        "hasContent" : true
      }, {
        "name" : "Check element is visible and clickable: ('xpath', '//*[@type=\"submit\"]')",
        "time" : {
          "start" : 1705840709555,
          "stop" : 1705840709586,
          "duration" : 31
        },
        "status" : "passed",
        "steps" : [ {
          "name" : "Check element is clickable",
          "time" : {
            "start" : 1705840709570,
            "stop" : 1705840709586,
            "duration" : 16
          },
          "status" : "passed",
          "steps" : [ {
            "name" : "Check element is clickable: ('xpath', '//*[@type=\"submit\"]')",
            "time" : {
              "start" : 1705840709570,
              "stop" : 1705840709586,
              "duration" : 16
            },
            "status" : "passed",
            "steps" : [ ],
            "attachments" : [ ],
            "parameters" : [ ],
            "attachmentsCount" : 0,
            "shouldDisplayMessage" : false,
            "stepsCount" : 0,
            "hasContent" : false
          } ],
          "attachments" : [ ],
          "parameters" : [ {
            "name" : "locator",
            "value" : "('xpath', '//*[@type=\"submit\"]')"
          } ],
          "attachmentsCount" : 0,
          "shouldDisplayMessage" : false,
          "stepsCount" : 1,
          "hasContent" : true
        } ],
        "attachments" : [ ],
        "parameters" : [ ],
        "attachmentsCount" : 0,
        "shouldDisplayMessage" : false,
        "stepsCount" : 2,
        "hasContent" : true
      }, {
        "name" : "Wait until url: https://brainup.site/profile will be changed.",
        "time" : {
          "start" : 1705840709611,
          "stop" : 1705840709614,
          "duration" : 3
        },
        "status" : "passed",
        "steps" : [ ],
        "attachments" : [ ],
        "parameters" : [ ],
        "attachmentsCount" : 0,
        "shouldDisplayMessage" : false,
        "stepsCount" : 0,
        "hasContent" : false
      } ],
      "attachments" : [ ],
      "parameters" : [ ],
      "attachmentsCount" : 0,
      "shouldDisplayMessage" : false,
      "stepsCount" : 10,
      "hasContent" : true
    }, {
      "name" : "Go to the Profile page",
      "time" : {
        "start" : 1705840709614,
        "stop" : 1705840730010,
        "duration" : 20396
      },
      "status" : "broken",
      "statusMessage" : "selenium.common.exceptions.TimeoutException: Message: Can't find element by locator ('xpath', '//a[@href=\"/profile\"]')\nStacktrace:\n#0 0x55ccbe197f83 <unknown>\n#1 0x55ccbde50cf7 <unknown>\n#2 0x55ccbdea099e <unknown>\n#3 0x55ccbdea0aa1 <unknown>\n#4 0x55ccbdeebd64 <unknown>\n#5 0x55ccbdeca0dd <unknown>\n#6 0x55ccbdee9006 <unknown>\n#7 0x55ccbdec9e53 <unknown>\n#8 0x55ccbde91dd4 <unknown>\n#9 0x55ccbde931de <unknown>\n#10 0x55ccbe15c531 <unknown>\n#11 0x55ccbe160455 <unknown>\n#12 0x55ccbe148f55 <unknown>\n#13 0x55ccbe1610ef <unknown>\n#14 0x55ccbe12c99f <unknown>\n#15 0x55ccbe185008 <unknown>\n#16 0x55ccbe1851d7 <unknown>\n#17 0x55ccbe197124 <unknown>\n#18 0x7f7538494ac3 <unknown>\n\n",
      "statusTrace" : "  File \"/opt/hostedtoolcache/Python/3.12.1/x64/lib/python3.12/site-packages/allure_commons/_allure.py\", line 192, in impl\n    return func(*a, **kw)\n           ^^^^^^^^^^^^^^\n  File \"/home/runner/work/auto-tests-python/auto-tests-python/pages/profile_page.py\", line 47, in go_to_profile_page\n    self.element_is_present_and_clickable(AuthorizedUserHomePageLocators.PROFILE_USER).click()\n    ^^^^^^^^^^^^^^^^^^^^^^^^^^^^^^^^^^^^^^^^^^^^^^^^^^^^^^^^^^^^^^^^^^^^^^^^^^^^^^^^^^\n  File \"/home/runner/work/auto-tests-python/auto-tests-python/pages/base_page.py\", line 30, in element_is_present_and_clickable\n    return (Wait(self.driver, self.timeout).until(ec.visibility_of_element_located(locator),\n            ^^^^^^^^^^^^^^^^^^^^^^^^^^^^^^^^^^^^^^^^^^^^^^^^^^^^^^^^^^^^^^^^^^^^^^^^^^^^^^^^\n  File \"/opt/hostedtoolcache/Python/3.12.1/x64/lib/python3.12/site-packages/selenium/webdriver/support/wait.py\", line 95, in until\n    raise TimeoutException(message, screen, stacktrace)\n",
      "steps" : [ {
        "name" : "Check element is visible and clickable: ('xpath', '//a[@href=\"/profile\"]')",
        "time" : {
          "start" : 1705840709614,
          "stop" : 1705840730010,
          "duration" : 20396
        },
        "status" : "broken",
        "statusMessage" : "selenium.common.exceptions.TimeoutException: Message: Can't find element by locator ('xpath', '//a[@href=\"/profile\"]')\nStacktrace:\n#0 0x55ccbe197f83 <unknown>\n#1 0x55ccbde50cf7 <unknown>\n#2 0x55ccbdea099e <unknown>\n#3 0x55ccbdea0aa1 <unknown>\n#4 0x55ccbdeebd64 <unknown>\n#5 0x55ccbdeca0dd <unknown>\n#6 0x55ccbdee9006 <unknown>\n#7 0x55ccbdec9e53 <unknown>\n#8 0x55ccbde91dd4 <unknown>\n#9 0x55ccbde931de <unknown>\n#10 0x55ccbe15c531 <unknown>\n#11 0x55ccbe160455 <unknown>\n#12 0x55ccbe148f55 <unknown>\n#13 0x55ccbe1610ef <unknown>\n#14 0x55ccbe12c99f <unknown>\n#15 0x55ccbe185008 <unknown>\n#16 0x55ccbe1851d7 <unknown>\n#17 0x55ccbe197124 <unknown>\n#18 0x7f7538494ac3 <unknown>\n\n",
        "statusTrace" : "  File \"/home/runner/work/auto-tests-python/auto-tests-python/pages/base_page.py\", line 30, in element_is_present_and_clickable\n    return (Wait(self.driver, self.timeout).until(ec.visibility_of_element_located(locator),\n            ^^^^^^^^^^^^^^^^^^^^^^^^^^^^^^^^^^^^^^^^^^^^^^^^^^^^^^^^^^^^^^^^^^^^^^^^^^^^^^^^\n  File \"/opt/hostedtoolcache/Python/3.12.1/x64/lib/python3.12/site-packages/selenium/webdriver/support/wait.py\", line 95, in until\n    raise TimeoutException(message, screen, stacktrace)\n",
        "steps" : [ ],
        "attachments" : [ ],
        "parameters" : [ ],
        "attachmentsCount" : 0,
        "shouldDisplayMessage" : true,
        "stepsCount" : 0,
        "hasContent" : true
      } ],
      "attachments" : [ ],
      "parameters" : [ ],
      "attachmentsCount" : 0,
      "shouldDisplayMessage" : false,
      "stepsCount" : 1,
      "hasContent" : true
    } ],
    "attachments" : [ {
      "uid" : "46e0ceea9aa34a31",
      "name" : "Screenshot",
      "source" : "46e0ceea9aa34a31.png",
      "type" : "image/png",
      "size" : 60940
    }, {
      "uid" : "6df3cb6a14eb77c3",
      "name" : "HTML source",
      "source" : "6df3cb6a14eb77c3.html",
      "type" : "text/html",
      "size" : 27958
    } ],
    "parameters" : [ ],
    "attachmentsCount" : 2,
    "shouldDisplayMessage" : true,
    "stepsCount" : 17,
    "hasContent" : true
  },
  "afterStages" : [ {
    "name" : "driver::0",
    "time" : {
      "start" : 1705840730159,
      "stop" : 1705840730358,
      "duration" : 199
    },
    "status" : "passed",
    "steps" : [ ],
    "attachments" : [ {
      "uid" : "26cafa0260ba0afa",
      "name" : "Screenshot 2024-01-21 12:38:50.299873",
      "source" : "26cafa0260ba0afa.png",
      "type" : "image/png",
      "size" : 60880
    } ],
    "parameters" : [ ],
    "attachmentsCount" : 1,
    "shouldDisplayMessage" : false,
    "stepsCount" : 0,
    "hasContent" : true
  } ],
  "labels" : [ {
    "name" : "epic",
    "value" : "Test Profile Page"
  }, {
    "name" : "parentSuite",
    "value" : "tests"
  }, {
    "name" : "suite",
    "value" : "profile_page_test"
  }, {
    "name" : "subSuite",
    "value" : "TestProfilePage"
  }, {
    "name" : "host",
    "value" : "fv-az1052-501"
  }, {
    "name" : "thread",
    "value" : "1811-MainThread"
  }, {
    "name" : "framework",
    "value" : "pytest"
  }, {
    "name" : "language",
    "value" : "cpython3"
  }, {
    "name" : "package",
    "value" : "tests.profile_page_test"
  }, {
    "name" : "resultFormat",
    "value" : "allure2"
  } ],
  "parameters" : [ ],
  "links" : [ ],
  "hidden" : false,
  "retry" : false,
  "extra" : {
    "severity" : "normal",
    "retries" : [ ],
    "categories" : [ {
      "name" : "Test defects",
      "matchedStatuses" : [ ],
      "flaky" : false
    } ],
    "history" : {
      "statistic" : {
        "failed" : 0,
        "broken" : 17,
        "skipped" : 0,
        "passed" : 0,
        "unknown" : 0,
        "total" : 17
      },
      "items" : [ {
        "uid" : "b82e9310301af928",
        "status" : "broken",
        "statusDetails" : "selenium.common.exceptions.TimeoutException: Message: Can't find element by locator ('xpath', '//a[@href=\"/profile\"]')\nStacktrace:\n#0 0x559437e24f83 <unknown>\n#1 0x559437addcf7 <unknown>\n#2 0x559437b2d99e <unknown>\n#3 0x559437b2daa1 <unknown>\n#4 0x559437b78d64 <unknown>\n#5 0x559437b570dd <unknown>\n#6 0x559437b76006 <unknown>\n#7 0x559437b56e53 <unknown>\n#8 0x559437b1edd4 <unknown>\n#9 0x559437b201de <unknown>\n#10 0x559437de9531 <unknown>\n#11 0x559437ded455 <unknown>\n#12 0x559437dd5f55 <unknown>\n#13 0x559437dee0ef <unknown>\n#14 0x559437db999f <unknown>\n#15 0x559437e12008 <unknown>\n#16 0x559437e121d7 <unknown>\n#17 0x559437e24124 <unknown>\n#18 0x7f8b73894ac3 <unknown>",
        "time" : {
          "start" : 1705830535560,
          "stop" : 1705830556202,
          "duration" : 20642
        }
      }, {
        "uid" : "d9c03fec3f9287d2",
        "status" : "broken",
        "statusDetails" : "selenium.common.exceptions.TimeoutException: Message: Can't find element by locator ('xpath', '//a[@href=\"/profile\"]')\nStacktrace:\n#0 0x55ac6edcaf83 <unknown>\n#1 0x55ac6ea83cf7 <unknown>\n#2 0x55ac6ead399e <unknown>\n#3 0x55ac6ead3aa1 <unknown>\n#4 0x55ac6eb1ed64 <unknown>\n#5 0x55ac6eafd0dd <unknown>\n#6 0x55ac6eb1c006 <unknown>\n#7 0x55ac6eafce53 <unknown>\n#8 0x55ac6eac4dd4 <unknown>\n#9 0x55ac6eac61de <unknown>\n#10 0x55ac6ed8f531 <unknown>\n#11 0x55ac6ed93455 <unknown>\n#12 0x55ac6ed7bf55 <unknown>\n#13 0x55ac6ed940ef <unknown>\n#14 0x55ac6ed5f99f <unknown>\n#15 0x55ac6edb8008 <unknown>\n#16 0x55ac6edb81d7 <unknown>\n#17 0x55ac6edca124 <unknown>\n#18 0x7f6275a94ac3 <unknown>",
        "time" : {
          "start" : 1705829819954,
          "stop" : 1705829840610,
          "duration" : 20656
        }
      }, {
        "uid" : "543b170e4fa8fdd5",
        "status" : "broken",
        "statusDetails" : "selenium.common.exceptions.TimeoutException: Message: Can't find element by locator ('xpath', '//a[@href=\"/profile\"]')\nStacktrace:\n#0 0x5602d20dff83 <unknown>\n#1 0x5602d1d98cf7 <unknown>\n#2 0x5602d1de899e <unknown>\n#3 0x5602d1de8aa1 <unknown>\n#4 0x5602d1e33d64 <unknown>\n#5 0x5602d1e120dd <unknown>\n#6 0x5602d1e31006 <unknown>\n#7 0x5602d1e11e53 <unknown>\n#8 0x5602d1dd9dd4 <unknown>\n#9 0x5602d1ddb1de <unknown>\n#10 0x5602d20a4531 <unknown>\n#11 0x5602d20a8455 <unknown>\n#12 0x5602d2090f55 <unknown>\n#13 0x5602d20a90ef <unknown>\n#14 0x5602d207499f <unknown>\n#15 0x5602d20cd008 <unknown>\n#16 0x5602d20cd1d7 <unknown>\n#17 0x5602d20df124 <unknown>\n#18 0x7f41a9a94ac3 <unknown>",
        "time" : {
          "start" : 1705767277746,
          "stop" : 1705767298397,
          "duration" : 20651
        }
      }, {
        "uid" : "100a00140902c236",
        "status" : "broken",
        "statusDetails" : "selenium.common.exceptions.TimeoutException: Message: Can't find element by locator ('xpath', '//a[@href=\"/profile\"]')\nStacktrace:\n#0 0x557604e9af83 <unknown>\n#1 0x557604b53cf7 <unknown>\n#2 0x557604ba399e <unknown>\n#3 0x557604ba3aa1 <unknown>\n#4 0x557604beed64 <unknown>\n#5 0x557604bcd0dd <unknown>\n#6 0x557604bec006 <unknown>\n#7 0x557604bcce53 <unknown>\n#8 0x557604b94dd4 <unknown>\n#9 0x557604b961de <unknown>\n#10 0x557604e5f531 <unknown>\n#11 0x557604e63455 <unknown>\n#12 0x557604e4bf55 <unknown>\n#13 0x557604e640ef <unknown>\n#14 0x557604e2f99f <unknown>\n#15 0x557604e88008 <unknown>\n#16 0x557604e881d7 <unknown>\n#17 0x557604e9a124 <unknown>\n#18 0x7ff62cc94ac3 <unknown>",
        "time" : {
          "start" : 1705766497561,
          "stop" : 1705766518214,
          "duration" : 20653
        }
      }, {
        "uid" : "888c97dbebbc6e3e",
        "status" : "broken",
        "statusDetails" : "selenium.common.exceptions.TimeoutException: Message: Can't find element by locator ('xpath', '//a[@href=\"/profile\"]')\nStacktrace:\n#0 0x55ac89d77f83 <unknown>\n#1 0x55ac89a30cf7 <unknown>\n#2 0x55ac89a8099e <unknown>\n#3 0x55ac89a80aa1 <unknown>\n#4 0x55ac89acbd64 <unknown>\n#5 0x55ac89aaa0dd <unknown>\n#6 0x55ac89ac9006 <unknown>\n#7 0x55ac89aa9e53 <unknown>\n#8 0x55ac89a71dd4 <unknown>\n#9 0x55ac89a731de <unknown>\n#10 0x55ac89d3c531 <unknown>\n#11 0x55ac89d40455 <unknown>\n#12 0x55ac89d28f55 <unknown>\n#13 0x55ac89d410ef <unknown>\n#14 0x55ac89d0c99f <unknown>\n#15 0x55ac89d65008 <unknown>\n#16 0x55ac89d651d7 <unknown>\n#17 0x55ac89d77124 <unknown>\n#18 0x7f65f0494ac3 <unknown>",
        "time" : {
          "start" : 1705765739435,
          "stop" : 1705765760085,
          "duration" : 20650
        }
      }, {
        "uid" : "fb0e1f72d59f18c6",
        "status" : "broken",
        "statusDetails" : "selenium.common.exceptions.TimeoutException: Message: Can't find element by locator ('xpath', '//a[@href=\"/profile\"]')\nStacktrace:\n#0 0x562eb6135f83 <unknown>\n#1 0x562eb5deecf7 <unknown>\n#2 0x562eb5e3e99e <unknown>\n#3 0x562eb5e3eaa1 <unknown>\n#4 0x562eb5e89d64 <unknown>\n#5 0x562eb5e680dd <unknown>\n#6 0x562eb5e87006 <unknown>\n#7 0x562eb5e67e53 <unknown>\n#8 0x562eb5e2fdd4 <unknown>\n#9 0x562eb5e311de <unknown>\n#10 0x562eb60fa531 <unknown>\n#11 0x562eb60fe455 <unknown>\n#12 0x562eb60e6f55 <unknown>\n#13 0x562eb60ff0ef <unknown>\n#14 0x562eb60ca99f <unknown>\n#15 0x562eb6123008 <unknown>\n#16 0x562eb61231d7 <unknown>\n#17 0x562eb6135124 <unknown>\n#18 0x7f5cd3694ac3 <unknown>",
        "time" : {
          "start" : 1705764317642,
          "stop" : 1705764338290,
          "duration" : 20648
        }
      }, {
        "uid" : "3d78f5a0e2b47467",
        "status" : "broken",
        "statusDetails" : "selenium.common.exceptions.TimeoutException: Message: Can't find element by locator ('xpath', '//a[@href=\"/profile\"]')\nStacktrace:\n#0 0x55620dc6ff83 <unknown>\n#1 0x55620d928cf7 <unknown>\n#2 0x55620d97899e <unknown>\n#3 0x55620d978aa1 <unknown>\n#4 0x55620d9c3d64 <unknown>\n#5 0x55620d9a20dd <unknown>\n#6 0x55620d9c1006 <unknown>\n#7 0x55620d9a1e53 <unknown>\n#8 0x55620d969dd4 <unknown>\n#9 0x55620d96b1de <unknown>\n#10 0x55620dc34531 <unknown>\n#11 0x55620dc38455 <unknown>\n#12 0x55620dc20f55 <unknown>\n#13 0x55620dc390ef <unknown>\n#14 0x55620dc0499f <unknown>\n#15 0x55620dc5d008 <unknown>\n#16 0x55620dc5d1d7 <unknown>\n#17 0x55620dc6f124 <unknown>\n#18 0x7f477b494ac3 <unknown>",
        "time" : {
          "start" : 1705757336707,
          "stop" : 1705757357381,
          "duration" : 20674
        }
      }, {
        "uid" : "431606dd55e66372",
        "status" : "broken",
        "statusDetails" : "selenium.common.exceptions.TimeoutException: Message: Can't find element by locator ('xpath', '//a[@href=\"/profile\"]')\nStacktrace:\n#0 0x555e4dd41f83 <unknown>\n#1 0x555e4d9facf7 <unknown>\n#2 0x555e4da4a99e <unknown>\n#3 0x555e4da4aaa1 <unknown>\n#4 0x555e4da95d64 <unknown>\n#5 0x555e4da740dd <unknown>\n#6 0x555e4da93006 <unknown>\n#7 0x555e4da73e53 <unknown>\n#8 0x555e4da3bdd4 <unknown>\n#9 0x555e4da3d1de <unknown>\n#10 0x555e4dd06531 <unknown>\n#11 0x555e4dd0a455 <unknown>\n#12 0x555e4dcf2f55 <unknown>\n#13 0x555e4dd0b0ef <unknown>\n#14 0x555e4dcd699f <unknown>\n#15 0x555e4dd2f008 <unknown>\n#16 0x555e4dd2f1d7 <unknown>\n#17 0x555e4dd41124 <unknown>\n#18 0x7fef67494ac3 <unknown>",
        "time" : {
          "start" : 1705447402377,
          "stop" : 1705447423030,
          "duration" : 20653
        }
      }, {
        "uid" : "22340fbd728213cd",
        "status" : "broken",
        "statusDetails" : "selenium.common.exceptions.TimeoutException: Message: Can't find element by locator ('xpath', '//a[@href=\"/profile\"]')\nStacktrace:\n#0 0x55fea08f4f83 <unknown>\n#1 0x55fea05adcf7 <unknown>\n#2 0x55fea05fd99e <unknown>\n#3 0x55fea05fdaa1 <unknown>\n#4 0x55fea0648d64 <unknown>\n#5 0x55fea06270dd <unknown>\n#6 0x55fea0646006 <unknown>\n#7 0x55fea0626e53 <unknown>\n#8 0x55fea05eedd4 <unknown>\n#9 0x55fea05f01de <unknown>\n#10 0x55fea08b9531 <unknown>\n#11 0x55fea08bd455 <unknown>\n#12 0x55fea08a5f55 <unknown>\n#13 0x55fea08be0ef <unknown>\n#14 0x55fea088999f <unknown>\n#15 0x55fea08e2008 <unknown>\n#16 0x55fea08e21d7 <unknown>\n#17 0x55fea08f4124 <unknown>\n#18 0x7f4f2cc94ac3 <unknown>",
        "time" : {
          "start" : 1705363715972,
          "stop" : 1705363736638,
          "duration" : 20666
        }
      }, {
        "uid" : "4e47b7a36ab109c1",
        "status" : "broken",
        "statusDetails" : "selenium.common.exceptions.TimeoutException: Message: Can't find element by locator ('xpath', '//a[@href=\"/profile\"]')\nStacktrace:\n#0 0x55f5f9b18f83 <unknown>\n#1 0x55f5f97d1cf7 <unknown>\n#2 0x55f5f982199e <unknown>\n#3 0x55f5f9821aa1 <unknown>\n#4 0x55f5f986cd64 <unknown>\n#5 0x55f5f984b0dd <unknown>\n#6 0x55f5f986a006 <unknown>\n#7 0x55f5f984ae53 <unknown>\n#8 0x55f5f9812dd4 <unknown>\n#9 0x55f5f98141de <unknown>\n#10 0x55f5f9add531 <unknown>\n#11 0x55f5f9ae1455 <unknown>\n#12 0x55f5f9ac9f55 <unknown>\n#13 0x55f5f9ae20ef <unknown>\n#14 0x55f5f9aad99f <unknown>\n#15 0x55f5f9b06008 <unknown>\n#16 0x55f5f9b061d7 <unknown>\n#17 0x55f5f9b18124 <unknown>\n#18 0x7ff185894ac3 <unknown>",
        "time" : {
          "start" : 1705260881890,
          "stop" : 1705260902544,
          "duration" : 20654
        }
      }, {
        "uid" : "bcc72db5859f1617",
        "status" : "broken",
        "statusDetails" : "selenium.common.exceptions.TimeoutException: Message: Can't find element by locator ('xpath', '//a[@href=\"/profile\"]')\nStacktrace:\n#0 0x55dad8a99f83 <unknown>\n#1 0x55dad8752cf7 <unknown>\n#2 0x55dad87a299e <unknown>\n#3 0x55dad87a2aa1 <unknown>\n#4 0x55dad87edd64 <unknown>\n#5 0x55dad87cc0dd <unknown>\n#6 0x55dad87eb006 <unknown>\n#7 0x55dad87cbe53 <unknown>\n#8 0x55dad8793dd4 <unknown>\n#9 0x55dad87951de <unknown>\n#10 0x55dad8a5e531 <unknown>\n#11 0x55dad8a62455 <unknown>\n#12 0x55dad8a4af55 <unknown>\n#13 0x55dad8a630ef <unknown>\n#14 0x55dad8a2e99f <unknown>\n#15 0x55dad8a87008 <unknown>\n#16 0x55dad8a871d7 <unknown>\n#17 0x55dad8a99124 <unknown>\n#18 0x7f71a8494ac3 <unknown>",
        "time" : {
          "start" : 1705247525464,
          "stop" : 1705247546124,
          "duration" : 20660
        }
      }, {
        "uid" : "cf0808e73aa1a550",
        "status" : "broken",
        "statusDetails" : "selenium.common.exceptions.TimeoutException: Message: Can't find element by locator ('xpath', '//a[@href=\"/profile\"]')\nStacktrace:\n#0 0x55e18721ef83 <unknown>\n#1 0x55e186ed7cf7 <unknown>\n#2 0x55e186f2799e <unknown>\n#3 0x55e186f27aa1 <unknown>\n#4 0x55e186f72d64 <unknown>\n#5 0x55e186f510dd <unknown>\n#6 0x55e186f70006 <unknown>\n#7 0x55e186f50e53 <unknown>\n#8 0x55e186f18dd4 <unknown>\n#9 0x55e186f1a1de <unknown>\n#10 0x55e1871e3531 <unknown>\n#11 0x55e1871e7455 <unknown>\n#12 0x55e1871cff55 <unknown>\n#13 0x55e1871e80ef <unknown>\n#14 0x55e1871b399f <unknown>\n#15 0x55e18720c008 <unknown>\n#16 0x55e18720c1d7 <unknown>\n#17 0x55e18721e124 <unknown>\n#18 0x7ff6b9094ac3 <unknown>",
        "time" : {
          "start" : 1705236208964,
          "stop" : 1705236229628,
          "duration" : 20664
        }
      }, {
        "uid" : "600be15cca334393",
        "status" : "broken",
        "statusDetails" : "selenium.common.exceptions.TimeoutException: Message: Can't find element by locator ('xpath', '//a[@href=\"/profile\"]')\nStacktrace:\n#0 0x56044618af83 <unknown>\n#1 0x560445e43cf7 <unknown>\n#2 0x560445e9399e <unknown>\n#3 0x560445e93aa1 <unknown>\n#4 0x560445eded64 <unknown>\n#5 0x560445ebd0dd <unknown>\n#6 0x560445edc006 <unknown>\n#7 0x560445ebce53 <unknown>\n#8 0x560445e84dd4 <unknown>\n#9 0x560445e861de <unknown>\n#10 0x56044614f531 <unknown>\n#11 0x560446153455 <unknown>\n#12 0x56044613bf55 <unknown>\n#13 0x5604461540ef <unknown>\n#14 0x56044611f99f <unknown>\n#15 0x560446178008 <unknown>\n#16 0x5604461781d7 <unknown>\n#17 0x56044618a124 <unknown>\n#18 0x7f4b71894ac3 <unknown>",
        "time" : {
          "start" : 1705142710651,
          "stop" : 1705142731319,
          "duration" : 20668
        }
      }, {
        "uid" : "761a53ea1bee8f02",
        "status" : "broken",
        "statusDetails" : "selenium.common.exceptions.TimeoutException: Message: Can't find element by locator ('xpath', '//a[@href=\"/profile\"]')\nStacktrace:\n#0 0x564a252c8f83 <unknown>\n#1 0x564a24f81cf7 <unknown>\n#2 0x564a24fd199e <unknown>\n#3 0x564a24fd1aa1 <unknown>\n#4 0x564a2501cd64 <unknown>\n#5 0x564a24ffb0dd <unknown>\n#6 0x564a2501a006 <unknown>\n#7 0x564a24ffae53 <unknown>\n#8 0x564a24fc2dd4 <unknown>\n#9 0x564a24fc41de <unknown>\n#10 0x564a2528d531 <unknown>\n#11 0x564a25291455 <unknown>\n#12 0x564a25279f55 <unknown>\n#13 0x564a252920ef <unknown>\n#14 0x564a2525d99f <unknown>\n#15 0x564a252b6008 <unknown>\n#16 0x564a252b61d7 <unknown>\n#17 0x564a252c8124 <unknown>\n#18 0x7f99e7094ac3 <unknown>",
        "time" : {
          "start" : 1705138881660,
          "stop" : 1705138902307,
          "duration" : 20647
        }
      }, {
        "uid" : "8455df3cde252e45",
        "status" : "broken",
        "statusDetails" : "selenium.common.exceptions.TimeoutException: Message: Can't find element by locator ('xpath', '//a[@href=\"/profile\"]')\nStacktrace:\n#0 0x56080e1eef83 <unknown>\n#1 0x56080dea7cf7 <unknown>\n#2 0x56080def799e <unknown>\n#3 0x56080def7aa1 <unknown>\n#4 0x56080df42d64 <unknown>\n#5 0x56080df210dd <unknown>\n#6 0x56080df40006 <unknown>\n#7 0x56080df20e53 <unknown>\n#8 0x56080dee8dd4 <unknown>\n#9 0x56080deea1de <unknown>\n#10 0x56080e1b3531 <unknown>\n#11 0x56080e1b7455 <unknown>\n#12 0x56080e19ff55 <unknown>\n#13 0x56080e1b80ef <unknown>\n#14 0x56080e18399f <unknown>\n#15 0x56080e1dc008 <unknown>\n#16 0x56080e1dc1d7 <unknown>\n#17 0x56080e1ee124 <unknown>\n#18 0x7fd01d294ac3 <unknown>",
        "time" : {
          "start" : 1705137045527,
          "stop" : 1705137066171,
          "duration" : 20644
        }
      }, {
        "uid" : "af73d19e509a4bee",
        "status" : "broken",
        "statusDetails" : "selenium.common.exceptions.TimeoutException: Message: Can't find element by locator ('xpath', '//a[@href=\"/profile\"]')\nStacktrace:\n#0 0x561a7b7efd33 <unknown>\n#1 0x561a7b4acf87 <unknown>\n#2 0x561a7b4fcc0e <unknown>\n#3 0x561a7b4fcd11 <unknown>\n#4 0x561a7b548004 <unknown>\n#5 0x561a7b52636d <unknown>\n#6 0x561a7b545297 <unknown>\n#7 0x561a7b5260e3 <unknown>\n#8 0x561a7b4ee044 <unknown>\n#9 0x561a7b4ef44e <unknown>\n#10 0x561a7b7b4861 <unknown>\n#11 0x561a7b7b8785 <unknown>\n#12 0x561a7b7a2285 <unknown>\n#13 0x561a7b7b941f <unknown>\n#14 0x561a7b78620f <unknown>\n#15 0x561a7b7dd028 <unknown>\n#16 0x561a7b7dd1f7 <unknown>\n#17 0x561a7b7eeed4 <unknown>\n#18 0x7f5437c94ac3 <unknown>",
        "time" : {
          "start" : 1704390671674,
          "stop" : 1704390684851,
          "duration" : 13177
        }
      } ]
    },
    "tags" : [ ]
  },
  "source" : "5c30d5941279aa70.json",
  "parameterValues" : [ ]
}