{
  "uid" : "c0f09ade9b86da34",
  "name" : "Check statistic table.",
  "fullName" : "tests.test_speech_exercises_ru.TestCardsRU#test_get_statistic_data",
  "historyId" : "15df626f86a935fbcd917f7ea4002a26",
  "time" : {
    "start" : 1708011691194,
    "stop" : 1708011711594,
    "duration" : 20400
  },
  "status" : "broken",
  "statusMessage" : "selenium.common.exceptions.TimeoutException: Message: Can't find element by locator ('xpath', '//a[@href=\"/profile/statistics\"]')\nStacktrace:\n#0 0x55a2de560d93 <unknown>\n#1 0x55a2de244337 <unknown>\n#2 0x55a2de28fd60 <unknown>\n#3 0x55a2de28fe51 <unknown>\n#4 0x55a2de2d3bc4 <unknown>\n#5 0x55a2de2b246d <unknown>\n#6 0x55a2de2d112d <unknown>\n#7 0x55a2de2b21e3 <unknown>\n#8 0x55a2de282135 <unknown>\n#9 0x55a2de28313e <unknown>\n#10 0x55a2de524e4b <unknown>\n#11 0x55a2de528dfa <unknown>\n#12 0x55a2de5116d5 <unknown>\n#13 0x55a2de529a6f <unknown>\n#14 0x55a2de4f569f <unknown>\n#15 0x55a2de54e098 <unknown>\n#16 0x55a2de54e262 <unknown>\n#17 0x55a2de55ff34 <unknown>\n#18 0x7feb03694ac3 <unknown>",
  "statusTrace" : "self = <tests.test_speech_exercises_ru.TestCardsRU object at 0x7faf8f8b82f0>\ndriver = <selenium.webdriver.chrome.webdriver.WebDriver (session=\"178b1e9d50129866c411a96447579bde\")>\ndefault_user_authorized = <pages.base_page.BasePage object at 0x7faf8f6eb770>\n\n    @allure.suite('Statistic.')\n    @allure.title('Check statistic table.')\n    def test_get_statistic_data(self, driver, default_user_authorized):\n        page = SpeechExercisesPageRU(driver)\n>       table = page.get_statistic_data()\n\ntests/test_speech_exercises_ru.py:150: \n_ _ _ _ _ _ _ _ _ _ _ _ _ _ _ _ _ _ _ _ _ _ _ _ _ _ _ _ _ _ _ _ _ _ _ _ _ _ _ _ \npages/speech_exercises_page_ru.py:114: in get_statistic_data\n    self.element_is_present_and_clickable(self.locators.AuthorizedUserHomePageLocators.STATISTIC_BUTTON).click()\npages/base_page.py:32: in element_is_present_and_clickable\n    return (Wait(self.driver, self.timeout).until(\n_ _ _ _ _ _ _ _ _ _ _ _ _ _ _ _ _ _ _ _ _ _ _ _ _ _ _ _ _ _ _ _ _ _ _ _ _ _ _ _ \n\nself = <selenium.webdriver.support.wait.WebDriverWait (session=\"178b1e9d50129866c411a96447579bde\")>\nmethod = <function visibility_of_element_located.<locals>._predicate at 0x7faf8f67b600>\nmessage = 'Can\\'t find element by locator (\\'xpath\\', \\'//a[@href=\"/profile/statistics\"]\\')'\n\n    def until(self, method, message: str = \"\"):\n        \"\"\"Calls the method provided with the driver as an argument until the \\\n        return value does not evaluate to ``False``.\n    \n        :param method: callable(WebDriver)\n        :param message: optional message for :exc:`TimeoutException`\n        :returns: the result of the last call to `method`\n        :raises: :exc:`selenium.common.exceptions.TimeoutException` if timeout occurs\n        \"\"\"\n        screen = None\n        stacktrace = None\n    \n        end_time = time.monotonic() + self._timeout\n        while True:\n            try:\n                value = method(self._driver)\n                if value:\n                    return value\n            except self._ignored_exceptions as exc:\n                screen = getattr(exc, \"screen\", None)\n                stacktrace = getattr(exc, \"stacktrace\", None)\n            time.sleep(self._poll)\n            if time.monotonic() > end_time:\n                break\n>       raise TimeoutException(message, screen, stacktrace)\nE       selenium.common.exceptions.TimeoutException: Message: Can't find element by locator ('xpath', '//a[@href=\"/profile/statistics\"]')\nE       Stacktrace:\nE       #0 0x55a2de560d93 <unknown>\nE       #1 0x55a2de244337 <unknown>\nE       #2 0x55a2de28fd60 <unknown>\nE       #3 0x55a2de28fe51 <unknown>\nE       #4 0x55a2de2d3bc4 <unknown>\nE       #5 0x55a2de2b246d <unknown>\nE       #6 0x55a2de2d112d <unknown>\nE       #7 0x55a2de2b21e3 <unknown>\nE       #8 0x55a2de282135 <unknown>\nE       #9 0x55a2de28313e <unknown>\nE       #10 0x55a2de524e4b <unknown>\nE       #11 0x55a2de528dfa <unknown>\nE       #12 0x55a2de5116d5 <unknown>\nE       #13 0x55a2de529a6f <unknown>\nE       #14 0x55a2de4f569f <unknown>\nE       #15 0x55a2de54e098 <unknown>\nE       #16 0x55a2de54e262 <unknown>\nE       #17 0x55a2de55ff34 <unknown>\nE       #18 0x7feb03694ac3 <unknown>\n\n/opt/hostedtoolcache/Python/3.12.2/x64/lib/python3.12/site-packages/selenium/webdriver/support/wait.py:95: TimeoutException",
  "flaky" : false,
  "newFailed" : false,
  "beforeStages" : [ {
    "name" : "clear_allure_results_folder",
    "time" : {
      "start" : 1708010895867,
      "stop" : 1708010895867,
      "duration" : 0
    },
    "status" : "passed",
    "steps" : [ ],
    "attachments" : [ ],
    "parameters" : [ ],
    "attachmentsCount" : 0,
    "shouldDisplayMessage" : false,
    "stepsCount" : 0,
    "hasContent" : false
  }, {
    "name" : "driver",
    "time" : {
      "start" : 1708011687023,
      "stop" : 1708011687794,
      "duration" : 771
    },
    "status" : "passed",
    "steps" : [ ],
    "attachments" : [ ],
    "parameters" : [ ],
    "attachmentsCount" : 0,
    "shouldDisplayMessage" : false,
    "stepsCount" : 0,
    "hasContent" : false
  }, {
    "name" : "default_user_authorized",
    "time" : {
      "start" : 1708011690924,
      "stop" : 1708011691194,
      "duration" : 270
    },
    "status" : "passed",
    "steps" : [ {
      "name" : "DEFAULT user authorized",
      "time" : {
        "start" : 1708011690924,
        "stop" : 1708011691194,
        "duration" : 270
      },
      "status" : "passed",
      "steps" : [ {
        "name" : "Check element is visible and clickable: ('xpath', '//a[@id=\"ember11\"]')",
        "time" : {
          "start" : 1708011690924,
          "stop" : 1708011690960,
          "duration" : 36
        },
        "status" : "passed",
        "steps" : [ {
          "name" : "Check element is clickable",
          "time" : {
            "start" : 1708011690941,
            "stop" : 1708011690960,
            "duration" : 19
          },
          "status" : "passed",
          "steps" : [ {
            "name" : "Check element is clickable: ('xpath', '//a[@id=\"ember11\"]')",
            "time" : {
              "start" : 1708011690941,
              "stop" : 1708011690960,
              "duration" : 19
            },
            "status" : "passed",
            "steps" : [ ],
            "attachments" : [ ],
            "parameters" : [ ],
            "attachmentsCount" : 0,
            "shouldDisplayMessage" : false,
            "stepsCount" : 0,
            "hasContent" : false
          } ],
          "attachments" : [ ],
          "parameters" : [ {
            "name" : "locator",
            "value" : "('xpath', '//a[@id=\"ember11\"]')"
          } ],
          "attachmentsCount" : 0,
          "shouldDisplayMessage" : false,
          "stepsCount" : 1,
          "hasContent" : true
        } ],
        "attachments" : [ ],
        "parameters" : [ ],
        "attachmentsCount" : 0,
        "shouldDisplayMessage" : false,
        "stepsCount" : 2,
        "hasContent" : true
      }, {
        "name" : "Check element is visible: ('xpath', '//input[@id=\"login\"]')",
        "time" : {
          "start" : 1708011691006,
          "stop" : 1708011691032,
          "duration" : 26
        },
        "status" : "passed",
        "steps" : [ {
          "name" : "Check element is present: ('xpath', '//input[@id=\"login\"]')",
          "time" : {
            "start" : 1708011691006,
            "stop" : 1708011691016,
            "duration" : 10
          },
          "status" : "passed",
          "steps" : [ ],
          "attachments" : [ ],
          "parameters" : [ ],
          "attachmentsCount" : 0,
          "shouldDisplayMessage" : false,
          "stepsCount" : 0,
          "hasContent" : false
        }, {
          "name" : "Go to element: <selenium.webdriver.remote.webelement.WebElement (session=\"178b1e9d50129866c411a96447579bde\", element=\"67CCD88C30248AE274FCD050150DCF01_element_26\")>",
          "time" : {
            "start" : 1708011691016,
            "stop" : 1708011691021,
            "duration" : 5
          },
          "status" : "passed",
          "steps" : [ ],
          "attachments" : [ ],
          "parameters" : [ ],
          "attachmentsCount" : 0,
          "shouldDisplayMessage" : false,
          "stepsCount" : 0,
          "hasContent" : false
        } ],
        "attachments" : [ ],
        "parameters" : [ ],
        "attachmentsCount" : 0,
        "shouldDisplayMessage" : false,
        "stepsCount" : 2,
        "hasContent" : true
      }, {
        "name" : "Check element is visible: ('xpath', '//input[@id=\"password\"]')",
        "time" : {
          "start" : 1708011691065,
          "stop" : 1708011691087,
          "duration" : 22
        },
        "status" : "passed",
        "steps" : [ {
          "name" : "Check element is present: ('xpath', '//input[@id=\"password\"]')",
          "time" : {
            "start" : 1708011691065,
            "stop" : 1708011691073,
            "duration" : 8
          },
          "status" : "passed",
          "steps" : [ ],
          "attachments" : [ ],
          "parameters" : [ ],
          "attachmentsCount" : 0,
          "shouldDisplayMessage" : false,
          "stepsCount" : 0,
          "hasContent" : false
        }, {
          "name" : "Go to element: <selenium.webdriver.remote.webelement.WebElement (session=\"178b1e9d50129866c411a96447579bde\", element=\"67CCD88C30248AE274FCD050150DCF01_element_29\")>",
          "time" : {
            "start" : 1708011691073,
            "stop" : 1708011691076,
            "duration" : 3
          },
          "status" : "passed",
          "steps" : [ ],
          "attachments" : [ ],
          "parameters" : [ ],
          "attachmentsCount" : 0,
          "shouldDisplayMessage" : false,
          "stepsCount" : 0,
          "hasContent" : false
        } ],
        "attachments" : [ ],
        "parameters" : [ ],
        "attachmentsCount" : 0,
        "shouldDisplayMessage" : false,
        "stepsCount" : 2,
        "hasContent" : true
      }, {
        "name" : "Check element is visible and clickable: ('xpath', '//*[@type=\"submit\"]')",
        "time" : {
          "start" : 1708011691127,
          "stop" : 1708011691158,
          "duration" : 31
        },
        "status" : "passed",
        "steps" : [ {
          "name" : "Check element is clickable",
          "time" : {
            "start" : 1708011691141,
            "stop" : 1708011691158,
            "duration" : 17
          },
          "status" : "passed",
          "steps" : [ {
            "name" : "Check element is clickable: ('xpath', '//*[@type=\"submit\"]')",
            "time" : {
              "start" : 1708011691141,
              "stop" : 1708011691158,
              "duration" : 17
            },
            "status" : "passed",
            "steps" : [ ],
            "attachments" : [ ],
            "parameters" : [ ],
            "attachmentsCount" : 0,
            "shouldDisplayMessage" : false,
            "stepsCount" : 0,
            "hasContent" : false
          } ],
          "attachments" : [ ],
          "parameters" : [ {
            "name" : "locator",
            "value" : "('xpath', '//*[@type=\"submit\"]')"
          } ],
          "attachmentsCount" : 0,
          "shouldDisplayMessage" : false,
          "stepsCount" : 1,
          "hasContent" : true
        } ],
        "attachments" : [ ],
        "parameters" : [ ],
        "attachmentsCount" : 0,
        "shouldDisplayMessage" : false,
        "stepsCount" : 2,
        "hasContent" : true
      } ],
      "attachments" : [ ],
      "parameters" : [ {
        "name" : "driver",
        "value" : "<selenium.webdriver.chrome.webdriver.WebDriver (session=\"178b1e9d50129866c411a96447579bde\")>"
      }, {
        "name" : "main_page_open",
        "value" : "None"
      } ],
      "attachmentsCount" : 0,
      "shouldDisplayMessage" : false,
      "stepsCount" : 12,
      "hasContent" : true
    } ],
    "attachments" : [ ],
    "parameters" : [ ],
    "attachmentsCount" : 0,
    "shouldDisplayMessage" : false,
    "stepsCount" : 13,
    "hasContent" : true
  }, {
    "name" : "main_page_open",
    "time" : {
      "start" : 1708011687794,
      "stop" : 1708011690924,
      "duration" : 3130
    },
    "status" : "passed",
    "steps" : [ {
      "name" : "Open page: https://brainup.site/",
      "time" : {
        "start" : 1708011687794,
        "stop" : 1708011690924,
        "duration" : 3130
      },
      "status" : "passed",
      "steps" : [ ],
      "attachments" : [ ],
      "parameters" : [ {
        "name" : "driver",
        "value" : "<selenium.webdriver.chrome.webdriver.WebDriver (session=\"178b1e9d50129866c411a96447579bde\")>"
      } ],
      "attachmentsCount" : 0,
      "shouldDisplayMessage" : false,
      "stepsCount" : 0,
      "hasContent" : true
    } ],
    "attachments" : [ ],
    "parameters" : [ ],
    "attachmentsCount" : 0,
    "shouldDisplayMessage" : false,
    "stepsCount" : 1,
    "hasContent" : true
  } ],
  "testStage" : {
    "status" : "broken",
    "statusMessage" : "selenium.common.exceptions.TimeoutException: Message: Can't find element by locator ('xpath', '//a[@href=\"/profile/statistics\"]')\nStacktrace:\n#0 0x55a2de560d93 <unknown>\n#1 0x55a2de244337 <unknown>\n#2 0x55a2de28fd60 <unknown>\n#3 0x55a2de28fe51 <unknown>\n#4 0x55a2de2d3bc4 <unknown>\n#5 0x55a2de2b246d <unknown>\n#6 0x55a2de2d112d <unknown>\n#7 0x55a2de2b21e3 <unknown>\n#8 0x55a2de282135 <unknown>\n#9 0x55a2de28313e <unknown>\n#10 0x55a2de524e4b <unknown>\n#11 0x55a2de528dfa <unknown>\n#12 0x55a2de5116d5 <unknown>\n#13 0x55a2de529a6f <unknown>\n#14 0x55a2de4f569f <unknown>\n#15 0x55a2de54e098 <unknown>\n#16 0x55a2de54e262 <unknown>\n#17 0x55a2de55ff34 <unknown>\n#18 0x7feb03694ac3 <unknown>",
    "statusTrace" : "self = <tests.test_speech_exercises_ru.TestCardsRU object at 0x7faf8f8b82f0>\ndriver = <selenium.webdriver.chrome.webdriver.WebDriver (session=\"178b1e9d50129866c411a96447579bde\")>\ndefault_user_authorized = <pages.base_page.BasePage object at 0x7faf8f6eb770>\n\n    @allure.suite('Statistic.')\n    @allure.title('Check statistic table.')\n    def test_get_statistic_data(self, driver, default_user_authorized):\n        page = SpeechExercisesPageRU(driver)\n>       table = page.get_statistic_data()\n\ntests/test_speech_exercises_ru.py:150: \n_ _ _ _ _ _ _ _ _ _ _ _ _ _ _ _ _ _ _ _ _ _ _ _ _ _ _ _ _ _ _ _ _ _ _ _ _ _ _ _ \npages/speech_exercises_page_ru.py:114: in get_statistic_data\n    self.element_is_present_and_clickable(self.locators.AuthorizedUserHomePageLocators.STATISTIC_BUTTON).click()\npages/base_page.py:32: in element_is_present_and_clickable\n    return (Wait(self.driver, self.timeout).until(\n_ _ _ _ _ _ _ _ _ _ _ _ _ _ _ _ _ _ _ _ _ _ _ _ _ _ _ _ _ _ _ _ _ _ _ _ _ _ _ _ \n\nself = <selenium.webdriver.support.wait.WebDriverWait (session=\"178b1e9d50129866c411a96447579bde\")>\nmethod = <function visibility_of_element_located.<locals>._predicate at 0x7faf8f67b600>\nmessage = 'Can\\'t find element by locator (\\'xpath\\', \\'//a[@href=\"/profile/statistics\"]\\')'\n\n    def until(self, method, message: str = \"\"):\n        \"\"\"Calls the method provided with the driver as an argument until the \\\n        return value does not evaluate to ``False``.\n    \n        :param method: callable(WebDriver)\n        :param message: optional message for :exc:`TimeoutException`\n        :returns: the result of the last call to `method`\n        :raises: :exc:`selenium.common.exceptions.TimeoutException` if timeout occurs\n        \"\"\"\n        screen = None\n        stacktrace = None\n    \n        end_time = time.monotonic() + self._timeout\n        while True:\n            try:\n                value = method(self._driver)\n                if value:\n                    return value\n            except self._ignored_exceptions as exc:\n                screen = getattr(exc, \"screen\", None)\n                stacktrace = getattr(exc, \"stacktrace\", None)\n            time.sleep(self._poll)\n            if time.monotonic() > end_time:\n                break\n>       raise TimeoutException(message, screen, stacktrace)\nE       selenium.common.exceptions.TimeoutException: Message: Can't find element by locator ('xpath', '//a[@href=\"/profile/statistics\"]')\nE       Stacktrace:\nE       #0 0x55a2de560d93 <unknown>\nE       #1 0x55a2de244337 <unknown>\nE       #2 0x55a2de28fd60 <unknown>\nE       #3 0x55a2de28fe51 <unknown>\nE       #4 0x55a2de2d3bc4 <unknown>\nE       #5 0x55a2de2b246d <unknown>\nE       #6 0x55a2de2d112d <unknown>\nE       #7 0x55a2de2b21e3 <unknown>\nE       #8 0x55a2de282135 <unknown>\nE       #9 0x55a2de28313e <unknown>\nE       #10 0x55a2de524e4b <unknown>\nE       #11 0x55a2de528dfa <unknown>\nE       #12 0x55a2de5116d5 <unknown>\nE       #13 0x55a2de529a6f <unknown>\nE       #14 0x55a2de4f569f <unknown>\nE       #15 0x55a2de54e098 <unknown>\nE       #16 0x55a2de54e262 <unknown>\nE       #17 0x55a2de55ff34 <unknown>\nE       #18 0x7feb03694ac3 <unknown>\n\n/opt/hostedtoolcache/Python/3.12.2/x64/lib/python3.12/site-packages/selenium/webdriver/support/wait.py:95: TimeoutException",
    "steps" : [ {
      "name" : "get_statistic_data",
      "time" : {
        "start" : 1708011691194,
        "stop" : 1708011711594,
        "duration" : 20400
      },
      "status" : "broken",
      "statusMessage" : "selenium.common.exceptions.TimeoutException: Message: Can't find element by locator ('xpath', '//a[@href=\"/profile/statistics\"]')\nStacktrace:\n#0 0x55a2de560d93 <unknown>\n#1 0x55a2de244337 <unknown>\n#2 0x55a2de28fd60 <unknown>\n#3 0x55a2de28fe51 <unknown>\n#4 0x55a2de2d3bc4 <unknown>\n#5 0x55a2de2b246d <unknown>\n#6 0x55a2de2d112d <unknown>\n#7 0x55a2de2b21e3 <unknown>\n#8 0x55a2de282135 <unknown>\n#9 0x55a2de28313e <unknown>\n#10 0x55a2de524e4b <unknown>\n#11 0x55a2de528dfa <unknown>\n#12 0x55a2de5116d5 <unknown>\n#13 0x55a2de529a6f <unknown>\n#14 0x55a2de4f569f <unknown>\n#15 0x55a2de54e098 <unknown>\n#16 0x55a2de54e262 <unknown>\n#17 0x55a2de55ff34 <unknown>\n#18 0x7feb03694ac3 <unknown>\n\n",
      "statusTrace" : "  File \"/opt/hostedtoolcache/Python/3.12.2/x64/lib/python3.12/site-packages/allure_commons/_allure.py\", line 192, in impl\n    return func(*a, **kw)\n           ^^^^^^^^^^^^^^\n  File \"/home/runner/work/auto-tests-python/auto-tests-python/pages/speech_exercises_page_ru.py\", line 114, in get_statistic_data\n    self.element_is_present_and_clickable(self.locators.AuthorizedUserHomePageLocators.STATISTIC_BUTTON).click()\n    ^^^^^^^^^^^^^^^^^^^^^^^^^^^^^^^^^^^^^^^^^^^^^^^^^^^^^^^^^^^^^^^^^^^^^^^^^^^^^^^^^^^^^^^^^^^^^^^^^^^^\n  File \"/home/runner/work/auto-tests-python/auto-tests-python/pages/base_page.py\", line 32, in element_is_present_and_clickable\n    return (Wait(self.driver, self.timeout).until(\n            ^^^^^^^^^^^^^^^^^^^^^^^^^^^^^^^^^^^^^^\n  File \"/opt/hostedtoolcache/Python/3.12.2/x64/lib/python3.12/site-packages/selenium/webdriver/support/wait.py\", line 95, in until\n    raise TimeoutException(message, screen, stacktrace)\n",
      "steps" : [ {
        "name" : "Click button \"Статистика\"\".",
        "time" : {
          "start" : 1708011691194,
          "stop" : 1708011711594,
          "duration" : 20400
        },
        "status" : "broken",
        "statusMessage" : "selenium.common.exceptions.TimeoutException: Message: Can't find element by locator ('xpath', '//a[@href=\"/profile/statistics\"]')\nStacktrace:\n#0 0x55a2de560d93 <unknown>\n#1 0x55a2de244337 <unknown>\n#2 0x55a2de28fd60 <unknown>\n#3 0x55a2de28fe51 <unknown>\n#4 0x55a2de2d3bc4 <unknown>\n#5 0x55a2de2b246d <unknown>\n#6 0x55a2de2d112d <unknown>\n#7 0x55a2de2b21e3 <unknown>\n#8 0x55a2de282135 <unknown>\n#9 0x55a2de28313e <unknown>\n#10 0x55a2de524e4b <unknown>\n#11 0x55a2de528dfa <unknown>\n#12 0x55a2de5116d5 <unknown>\n#13 0x55a2de529a6f <unknown>\n#14 0x55a2de4f569f <unknown>\n#15 0x55a2de54e098 <unknown>\n#16 0x55a2de54e262 <unknown>\n#17 0x55a2de55ff34 <unknown>\n#18 0x7feb03694ac3 <unknown>\n\n",
        "statusTrace" : "  File \"/home/runner/work/auto-tests-python/auto-tests-python/pages/speech_exercises_page_ru.py\", line 114, in get_statistic_data\n    self.element_is_present_and_clickable(self.locators.AuthorizedUserHomePageLocators.STATISTIC_BUTTON).click()\n    ^^^^^^^^^^^^^^^^^^^^^^^^^^^^^^^^^^^^^^^^^^^^^^^^^^^^^^^^^^^^^^^^^^^^^^^^^^^^^^^^^^^^^^^^^^^^^^^^^^^^\n  File \"/home/runner/work/auto-tests-python/auto-tests-python/pages/base_page.py\", line 32, in element_is_present_and_clickable\n    return (Wait(self.driver, self.timeout).until(\n            ^^^^^^^^^^^^^^^^^^^^^^^^^^^^^^^^^^^^^^\n  File \"/opt/hostedtoolcache/Python/3.12.2/x64/lib/python3.12/site-packages/selenium/webdriver/support/wait.py\", line 95, in until\n    raise TimeoutException(message, screen, stacktrace)\n",
        "steps" : [ {
          "name" : "Check element is visible and clickable: ('xpath', '//a[@href=\"/profile/statistics\"]')",
          "time" : {
            "start" : 1708011691194,
            "stop" : 1708011711593,
            "duration" : 20399
          },
          "status" : "broken",
          "statusMessage" : "selenium.common.exceptions.TimeoutException: Message: Can't find element by locator ('xpath', '//a[@href=\"/profile/statistics\"]')\nStacktrace:\n#0 0x55a2de560d93 <unknown>\n#1 0x55a2de244337 <unknown>\n#2 0x55a2de28fd60 <unknown>\n#3 0x55a2de28fe51 <unknown>\n#4 0x55a2de2d3bc4 <unknown>\n#5 0x55a2de2b246d <unknown>\n#6 0x55a2de2d112d <unknown>\n#7 0x55a2de2b21e3 <unknown>\n#8 0x55a2de282135 <unknown>\n#9 0x55a2de28313e <unknown>\n#10 0x55a2de524e4b <unknown>\n#11 0x55a2de528dfa <unknown>\n#12 0x55a2de5116d5 <unknown>\n#13 0x55a2de529a6f <unknown>\n#14 0x55a2de4f569f <unknown>\n#15 0x55a2de54e098 <unknown>\n#16 0x55a2de54e262 <unknown>\n#17 0x55a2de55ff34 <unknown>\n#18 0x7feb03694ac3 <unknown>\n\n",
          "statusTrace" : "  File \"/home/runner/work/auto-tests-python/auto-tests-python/pages/base_page.py\", line 32, in element_is_present_and_clickable\n    return (Wait(self.driver, self.timeout).until(\n            ^^^^^^^^^^^^^^^^^^^^^^^^^^^^^^^^^^^^^^\n  File \"/opt/hostedtoolcache/Python/3.12.2/x64/lib/python3.12/site-packages/selenium/webdriver/support/wait.py\", line 95, in until\n    raise TimeoutException(message, screen, stacktrace)\n",
          "steps" : [ ],
          "attachments" : [ ],
          "parameters" : [ ],
          "attachmentsCount" : 0,
          "shouldDisplayMessage" : true,
          "stepsCount" : 0,
          "hasContent" : true
        } ],
        "attachments" : [ ],
        "parameters" : [ ],
        "attachmentsCount" : 0,
        "shouldDisplayMessage" : false,
        "stepsCount" : 1,
        "hasContent" : true
      } ],
      "attachments" : [ ],
      "parameters" : [ ],
      "attachmentsCount" : 0,
      "shouldDisplayMessage" : false,
      "stepsCount" : 2,
      "hasContent" : true
    } ],
    "attachments" : [ {
      "uid" : "62688e351c7c4d6c",
      "name" : "Screenshot",
      "source" : "62688e351c7c4d6c.png",
      "type" : "image/png",
      "size" : 59710
    }, {
      "uid" : "f1735c9bbd94665c",
      "name" : "HTML source",
      "source" : "f1735c9bbd94665c.html",
      "type" : "text/html",
      "size" : 28010
    } ],
    "parameters" : [ ],
    "attachmentsCount" : 2,
    "shouldDisplayMessage" : true,
    "stepsCount" : 3,
    "hasContent" : true
  },
  "afterStages" : [ {
    "name" : "driver::0",
    "time" : {
      "start" : 1708011711767,
      "stop" : 1708011711972,
      "duration" : 205
    },
    "status" : "passed",
    "steps" : [ ],
    "attachments" : [ {
      "uid" : "ce48f1c4275ba0a8",
      "name" : "Screenshot 2024-02-15 15:41:51.913993",
      "source" : "ce48f1c4275ba0a8.png",
      "type" : "image/png",
      "size" : 59650
    } ],
    "parameters" : [ ],
    "attachmentsCount" : 1,
    "shouldDisplayMessage" : false,
    "stepsCount" : 0,
    "hasContent" : true
  } ],
  "labels" : [ {
    "name" : "epic",
    "value" : "Речевые упражнения."
  }, {
    "name" : "suite",
    "value" : "Statistic."
  }, {
    "name" : "parentSuite",
    "value" : "tests"
  }, {
    "name" : "subSuite",
    "value" : "TestCardsRU"
  }, {
    "name" : "host",
    "value" : "fv-az564-582"
  }, {
    "name" : "thread",
    "value" : "1768-MainThread"
  }, {
    "name" : "framework",
    "value" : "pytest"
  }, {
    "name" : "language",
    "value" : "cpython3"
  }, {
    "name" : "package",
    "value" : "tests.test_speech_exercises_ru"
  }, {
    "name" : "resultFormat",
    "value" : "allure2"
  } ],
  "parameters" : [ ],
  "links" : [ ],
  "hidden" : false,
  "retry" : false,
  "extra" : {
    "severity" : "normal",
    "retries" : [ ],
    "categories" : [ {
      "name" : "Test defects",
      "matchedStatuses" : [ ],
      "flaky" : false
    } ],
    "history" : {
      "statistic" : {
        "failed" : 0,
        "broken" : 11,
        "skipped" : 0,
        "passed" : 0,
        "unknown" : 0,
        "total" : 11
      },
      "items" : [ {
        "uid" : "a3070c40f44bb04f",
        "status" : "broken",
        "statusDetails" : "selenium.common.exceptions.TimeoutException: Message: Can't find element by locator https://brainup.site/groups",
        "time" : {
          "start" : 1708011391404,
          "stop" : 1708011391404,
          "duration" : 0
        }
      }, {
        "uid" : "9660fb1604d83cc",
        "status" : "broken",
        "statusDetails" : "selenium.common.exceptions.TimeoutException: Message: Can't find element by locator https://brainup.site/groups",
        "time" : {
          "start" : 1707945515895,
          "stop" : 1707945515895,
          "duration" : 0
        }
      }, {
        "uid" : "a100b2037a04afc6",
        "status" : "broken",
        "statusDetails" : "selenium.common.exceptions.TimeoutException: Message: Can't find element by locator https://brainup.site/groups",
        "time" : {
          "start" : 1707942527739,
          "stop" : 1707942527739,
          "duration" : 0
        }
      }, {
        "uid" : "2e1f82ad97014b5e",
        "status" : "broken",
        "statusDetails" : "selenium.common.exceptions.TimeoutException: Message: Can't find element by locator https://brainup.site/groups",
        "time" : {
          "start" : 1707921937138,
          "stop" : 1707921937138,
          "duration" : 0
        }
      }, {
        "uid" : "8d3b30f8b8ea4bc1",
        "status" : "broken",
        "statusDetails" : "selenium.common.exceptions.TimeoutException: Message: Can't find element by locator https://brainup.site/groups",
        "time" : {
          "start" : 1707859988865,
          "stop" : 1707859988865,
          "duration" : 0
        }
      }, {
        "uid" : "78339572895bd90f",
        "status" : "broken",
        "statusDetails" : "selenium.common.exceptions.TimeoutException: Message: Can't find element by locator https://brainup.site/groups",
        "time" : {
          "start" : 1707858899710,
          "stop" : 1707858899710,
          "duration" : 0
        }
      }, {
        "uid" : "3167a7572f48ed3",
        "status" : "broken",
        "statusDetails" : "selenium.common.exceptions.TimeoutException: Message: Can't find element by locator https://brainup.site/groups",
        "time" : {
          "start" : 1707857952373,
          "stop" : 1707857952373,
          "duration" : 0
        }
      }, {
        "uid" : "a0a100fc707a742b",
        "status" : "broken",
        "statusDetails" : "selenium.common.exceptions.TimeoutException: Message: Can't find element by locator https://brainup.site/groups",
        "time" : {
          "start" : 1707856842095,
          "stop" : 1707856842095,
          "duration" : 0
        }
      }, {
        "uid" : "635e9c10f072e792",
        "status" : "broken",
        "statusDetails" : "selenium.common.exceptions.TimeoutException: Message: Can't find element by locator https://brainup.site/groups",
        "time" : {
          "start" : 1707856709177,
          "stop" : 1707856709177,
          "duration" : 0
        }
      }, {
        "uid" : "6fbcd9e5e6615e70",
        "status" : "broken",
        "statusDetails" : "selenium.common.exceptions.TimeoutException: Message: Can't find element by locator https://brainup.site/groups",
        "time" : {
          "start" : 1707855201522,
          "stop" : 1707855201522,
          "duration" : 0
        }
      } ]
    },
    "tags" : [ ]
  },
  "source" : "c0f09ade9b86da34.json",
  "parameterValues" : [ ]
}