{
  "uid" : "c8fb0776e88707b9",
  "name" : "Checking the possibility of authorization with the correct data",
  "fullName" : "tests.authorisation_page_test.TestAuthorizedUserPage#test_auth_user_with_correct_data",
  "historyId" : "694ff1b8129511a73727da75eece5283",
  "time" : {
    "start" : 1705363453769,
    "stop" : 1705363474658,
    "duration" : 20889
  },
  "status" : "broken",
  "statusMessage" : "selenium.common.exceptions.TimeoutException: Message: Can't find element by locator ('xpath', '//a[@href=\"/profile\"]')\nStacktrace:\n#0 0x55bc64523f83 <unknown>\n#1 0x55bc641dccf7 <unknown>\n#2 0x55bc6422c99e <unknown>\n#3 0x55bc6422caa1 <unknown>\n#4 0x55bc64277d64 <unknown>\n#5 0x55bc642560dd <unknown>\n#6 0x55bc64275006 <unknown>\n#7 0x55bc64255e53 <unknown>\n#8 0x55bc6421ddd4 <unknown>\n#9 0x55bc6421f1de <unknown>\n#10 0x55bc644e8531 <unknown>\n#11 0x55bc644ec455 <unknown>\n#12 0x55bc644d4f55 <unknown>\n#13 0x55bc644ed0ef <unknown>\n#14 0x55bc644b899f <unknown>\n#15 0x55bc64511008 <unknown>\n#16 0x55bc645111d7 <unknown>\n#17 0x55bc64523124 <unknown>\n#18 0x7f4de4294ac3 <unknown>",
  "statusTrace" : "self = <tests.authorisation_page_test.TestAuthorizedUserPage object at 0x7fafb152d280>\ndriver = <selenium.webdriver.chrome.webdriver.WebDriver (session=\"5e91e0dd7d790cc44fb0e7aa3a174a6f\")>\nmain_page_open = None\n\n    @allure.title('Checking the possibility of authorization with the correct data')\n    def test_auth_user_with_correct_data(self, driver, main_page_open):\n        page = ProfilePage(driver)\n        page.open_login_page()\n        page.user_has_authorised()\n>       assert page.check_user_profile(), 'The user did not authorized with the correct data'\n\ntests/authorisation_page_test.py:17: \n_ _ _ _ _ _ _ _ _ _ _ _ _ _ _ _ _ _ _ _ _ _ _ _ _ _ _ _ _ _ _ _ _ _ _ _ _ _ _ _ \npages/profile_page.py:87: in check_user_profile\n    return self.element_is_visible(ProfilePageLocators.PROFILE)\npages/base_page.py:36: in element_is_visible\n    self.go_to_element(self.element_is_present(locator))\npages/base_page.py:52: in element_is_present\n    return Wait(self.driver, self.timeout).until(ec.presence_of_element_located(locator),\n_ _ _ _ _ _ _ _ _ _ _ _ _ _ _ _ _ _ _ _ _ _ _ _ _ _ _ _ _ _ _ _ _ _ _ _ _ _ _ _ \n\nself = <selenium.webdriver.support.wait.WebDriverWait (session=\"5e91e0dd7d790cc44fb0e7aa3a174a6f\")>\nmethod = <function presence_of_element_located.<locals>._predicate at 0x7fafb0a1a8e0>\nmessage = 'Can\\'t find element by locator (\\'xpath\\', \\'//a[@href=\"/profile\"]\\')'\n\n    def until(self, method, message: str = \"\"):\n        \"\"\"Calls the method provided with the driver as an argument until the \\\n        return value does not evaluate to ``False``.\n    \n        :param method: callable(WebDriver)\n        :param message: optional message for :exc:`TimeoutException`\n        :returns: the result of the last call to `method`\n        :raises: :exc:`selenium.common.exceptions.TimeoutException` if timeout occurs\n        \"\"\"\n        screen = None\n        stacktrace = None\n    \n        end_time = time.monotonic() + self._timeout\n        while True:\n            try:\n                value = method(self._driver)\n                if value:\n                    return value\n            except self._ignored_exceptions as exc:\n                screen = getattr(exc, \"screen\", None)\n                stacktrace = getattr(exc, \"stacktrace\", None)\n            time.sleep(self._poll)\n            if time.monotonic() > end_time:\n                break\n>       raise TimeoutException(message, screen, stacktrace)\nE       selenium.common.exceptions.TimeoutException: Message: Can't find element by locator ('xpath', '//a[@href=\"/profile\"]')\nE       Stacktrace:\nE       #0 0x55bc64523f83 <unknown>\nE       #1 0x55bc641dccf7 <unknown>\nE       #2 0x55bc6422c99e <unknown>\nE       #3 0x55bc6422caa1 <unknown>\nE       #4 0x55bc64277d64 <unknown>\nE       #5 0x55bc642560dd <unknown>\nE       #6 0x55bc64275006 <unknown>\nE       #7 0x55bc64255e53 <unknown>\nE       #8 0x55bc6421ddd4 <unknown>\nE       #9 0x55bc6421f1de <unknown>\nE       #10 0x55bc644e8531 <unknown>\nE       #11 0x55bc644ec455 <unknown>\nE       #12 0x55bc644d4f55 <unknown>\nE       #13 0x55bc644ed0ef <unknown>\nE       #14 0x55bc644b899f <unknown>\nE       #15 0x55bc64511008 <unknown>\nE       #16 0x55bc645111d7 <unknown>\nE       #17 0x55bc64523124 <unknown>\nE       #18 0x7f4de4294ac3 <unknown>\n\n/opt/hostedtoolcache/Python/3.12.1/x64/lib/python3.12/site-packages/selenium/webdriver/support/wait.py:95: TimeoutException",
  "flaky" : false,
  "newFailed" : false,
  "beforeStages" : [ {
    "name" : "driver",
    "time" : {
      "start" : 1705363448343,
      "stop" : 1705363449589,
      "duration" : 1246
    },
    "status" : "passed",
    "steps" : [ ],
    "attachments" : [ ],
    "parameters" : [ ],
    "attachmentsCount" : 0,
    "shouldDisplayMessage" : false,
    "stepsCount" : 0,
    "hasContent" : false
  }, {
    "name" : "main_page_open",
    "time" : {
      "start" : 1705363449589,
      "stop" : 1705363453769,
      "duration" : 4180
    },
    "status" : "passed",
    "steps" : [ {
      "name" : "Open page: https://brainup.site/",
      "time" : {
        "start" : 1705363449589,
        "stop" : 1705363453769,
        "duration" : 4180
      },
      "status" : "passed",
      "steps" : [ ],
      "attachments" : [ ],
      "parameters" : [ {
        "name" : "driver",
        "value" : "<selenium.webdriver.chrome.webdriver.WebDriver (session=\"5e91e0dd7d790cc44fb0e7aa3a174a6f\")>"
      } ],
      "attachmentsCount" : 0,
      "shouldDisplayMessage" : false,
      "stepsCount" : 0,
      "hasContent" : true
    } ],
    "attachments" : [ ],
    "parameters" : [ ],
    "attachmentsCount" : 0,
    "shouldDisplayMessage" : false,
    "stepsCount" : 1,
    "hasContent" : true
  }, {
    "name" : "clear_allure_results_folder",
    "time" : {
      "start" : 1705363448343,
      "stop" : 1705363448343,
      "duration" : 0
    },
    "status" : "passed",
    "steps" : [ ],
    "attachments" : [ ],
    "parameters" : [ ],
    "attachmentsCount" : 0,
    "shouldDisplayMessage" : false,
    "stepsCount" : 0,
    "hasContent" : false
  } ],
  "testStage" : {
    "status" : "broken",
    "statusMessage" : "selenium.common.exceptions.TimeoutException: Message: Can't find element by locator ('xpath', '//a[@href=\"/profile\"]')\nStacktrace:\n#0 0x55bc64523f83 <unknown>\n#1 0x55bc641dccf7 <unknown>\n#2 0x55bc6422c99e <unknown>\n#3 0x55bc6422caa1 <unknown>\n#4 0x55bc64277d64 <unknown>\n#5 0x55bc642560dd <unknown>\n#6 0x55bc64275006 <unknown>\n#7 0x55bc64255e53 <unknown>\n#8 0x55bc6421ddd4 <unknown>\n#9 0x55bc6421f1de <unknown>\n#10 0x55bc644e8531 <unknown>\n#11 0x55bc644ec455 <unknown>\n#12 0x55bc644d4f55 <unknown>\n#13 0x55bc644ed0ef <unknown>\n#14 0x55bc644b899f <unknown>\n#15 0x55bc64511008 <unknown>\n#16 0x55bc645111d7 <unknown>\n#17 0x55bc64523124 <unknown>\n#18 0x7f4de4294ac3 <unknown>",
    "statusTrace" : "self = <tests.authorisation_page_test.TestAuthorizedUserPage object at 0x7fafb152d280>\ndriver = <selenium.webdriver.chrome.webdriver.WebDriver (session=\"5e91e0dd7d790cc44fb0e7aa3a174a6f\")>\nmain_page_open = None\n\n    @allure.title('Checking the possibility of authorization with the correct data')\n    def test_auth_user_with_correct_data(self, driver, main_page_open):\n        page = ProfilePage(driver)\n        page.open_login_page()\n        page.user_has_authorised()\n>       assert page.check_user_profile(), 'The user did not authorized with the correct data'\n\ntests/authorisation_page_test.py:17: \n_ _ _ _ _ _ _ _ _ _ _ _ _ _ _ _ _ _ _ _ _ _ _ _ _ _ _ _ _ _ _ _ _ _ _ _ _ _ _ _ \npages/profile_page.py:87: in check_user_profile\n    return self.element_is_visible(ProfilePageLocators.PROFILE)\npages/base_page.py:36: in element_is_visible\n    self.go_to_element(self.element_is_present(locator))\npages/base_page.py:52: in element_is_present\n    return Wait(self.driver, self.timeout).until(ec.presence_of_element_located(locator),\n_ _ _ _ _ _ _ _ _ _ _ _ _ _ _ _ _ _ _ _ _ _ _ _ _ _ _ _ _ _ _ _ _ _ _ _ _ _ _ _ \n\nself = <selenium.webdriver.support.wait.WebDriverWait (session=\"5e91e0dd7d790cc44fb0e7aa3a174a6f\")>\nmethod = <function presence_of_element_located.<locals>._predicate at 0x7fafb0a1a8e0>\nmessage = 'Can\\'t find element by locator (\\'xpath\\', \\'//a[@href=\"/profile\"]\\')'\n\n    def until(self, method, message: str = \"\"):\n        \"\"\"Calls the method provided with the driver as an argument until the \\\n        return value does not evaluate to ``False``.\n    \n        :param method: callable(WebDriver)\n        :param message: optional message for :exc:`TimeoutException`\n        :returns: the result of the last call to `method`\n        :raises: :exc:`selenium.common.exceptions.TimeoutException` if timeout occurs\n        \"\"\"\n        screen = None\n        stacktrace = None\n    \n        end_time = time.monotonic() + self._timeout\n        while True:\n            try:\n                value = method(self._driver)\n                if value:\n                    return value\n            except self._ignored_exceptions as exc:\n                screen = getattr(exc, \"screen\", None)\n                stacktrace = getattr(exc, \"stacktrace\", None)\n            time.sleep(self._poll)\n            if time.monotonic() > end_time:\n                break\n>       raise TimeoutException(message, screen, stacktrace)\nE       selenium.common.exceptions.TimeoutException: Message: Can't find element by locator ('xpath', '//a[@href=\"/profile\"]')\nE       Stacktrace:\nE       #0 0x55bc64523f83 <unknown>\nE       #1 0x55bc641dccf7 <unknown>\nE       #2 0x55bc6422c99e <unknown>\nE       #3 0x55bc6422caa1 <unknown>\nE       #4 0x55bc64277d64 <unknown>\nE       #5 0x55bc642560dd <unknown>\nE       #6 0x55bc64275006 <unknown>\nE       #7 0x55bc64255e53 <unknown>\nE       #8 0x55bc6421ddd4 <unknown>\nE       #9 0x55bc6421f1de <unknown>\nE       #10 0x55bc644e8531 <unknown>\nE       #11 0x55bc644ec455 <unknown>\nE       #12 0x55bc644d4f55 <unknown>\nE       #13 0x55bc644ed0ef <unknown>\nE       #14 0x55bc644b899f <unknown>\nE       #15 0x55bc64511008 <unknown>\nE       #16 0x55bc645111d7 <unknown>\nE       #17 0x55bc64523124 <unknown>\nE       #18 0x7f4de4294ac3 <unknown>\n\n/opt/hostedtoolcache/Python/3.12.1/x64/lib/python3.12/site-packages/selenium/webdriver/support/wait.py:95: TimeoutException",
    "steps" : [ {
      "name" : "Open login page",
      "time" : {
        "start" : 1705363453769,
        "stop" : 1705363453906,
        "duration" : 137
      },
      "status" : "passed",
      "steps" : [ {
        "name" : "Check element is visible and clickable: ('xpath', '//a[@id=\"ember11\"]')",
        "time" : {
          "start" : 1705363453770,
          "stop" : 1705363453808,
          "duration" : 38
        },
        "status" : "passed",
        "steps" : [ {
          "name" : "Check element is clickable",
          "time" : {
            "start" : 1705363453789,
            "stop" : 1705363453808,
            "duration" : 19
          },
          "status" : "passed",
          "steps" : [ {
            "name" : "Check element is clickable: ('xpath', '//a[@id=\"ember11\"]')",
            "time" : {
              "start" : 1705363453789,
              "stop" : 1705363453808,
              "duration" : 19
            },
            "status" : "passed",
            "steps" : [ ],
            "attachments" : [ ],
            "parameters" : [ ],
            "attachmentsCount" : 0,
            "shouldDisplayMessage" : false,
            "stepsCount" : 0,
            "hasContent" : false
          } ],
          "attachments" : [ ],
          "parameters" : [ {
            "name" : "locator",
            "value" : "('xpath', '//a[@id=\"ember11\"]')"
          } ],
          "attachmentsCount" : 0,
          "shouldDisplayMessage" : false,
          "stepsCount" : 1,
          "hasContent" : true
        } ],
        "attachments" : [ ],
        "parameters" : [ ],
        "attachmentsCount" : 0,
        "shouldDisplayMessage" : false,
        "stepsCount" : 2,
        "hasContent" : true
      } ],
      "attachments" : [ ],
      "parameters" : [ ],
      "attachmentsCount" : 0,
      "shouldDisplayMessage" : false,
      "stepsCount" : 3,
      "hasContent" : true
    }, {
      "name" : "The user has authorised",
      "time" : {
        "start" : 1705363453906,
        "stop" : 1705363454255,
        "duration" : 349
      },
      "status" : "passed",
      "steps" : [ {
        "name" : "Check element is visible: ('xpath', '//input[@id=\"login\"]')",
        "time" : {
          "start" : 1705363453906,
          "stop" : 1705363453950,
          "duration" : 44
        },
        "status" : "passed",
        "steps" : [ {
          "name" : "Check element is present: ('xpath', '//input[@id=\"login\"]')",
          "time" : {
            "start" : 1705363453906,
            "stop" : 1705363453914,
            "duration" : 8
          },
          "status" : "passed",
          "steps" : [ ],
          "attachments" : [ ],
          "parameters" : [ ],
          "attachmentsCount" : 0,
          "shouldDisplayMessage" : false,
          "stepsCount" : 0,
          "hasContent" : false
        }, {
          "name" : "Go to element: <selenium.webdriver.remote.webelement.WebElement (session=\"5e91e0dd7d790cc44fb0e7aa3a174a6f\", element=\"880D3EE2EE64E5E90FF87A801D5536B5_element_27\")>",
          "time" : {
            "start" : 1705363453914,
            "stop" : 1705363453918,
            "duration" : 4
          },
          "status" : "passed",
          "steps" : [ ],
          "attachments" : [ ],
          "parameters" : [ ],
          "attachmentsCount" : 0,
          "shouldDisplayMessage" : false,
          "stepsCount" : 0,
          "hasContent" : false
        } ],
        "attachments" : [ ],
        "parameters" : [ ],
        "attachmentsCount" : 0,
        "shouldDisplayMessage" : false,
        "stepsCount" : 2,
        "hasContent" : true
      }, {
        "name" : "Check element is visible: ('xpath', '//input[@id=\"password\"]')",
        "time" : {
          "start" : 1705363453991,
          "stop" : 1705363454051,
          "duration" : 60
        },
        "status" : "passed",
        "steps" : [ {
          "name" : "Check element is present: ('xpath', '//input[@id=\"password\"]')",
          "time" : {
            "start" : 1705363453991,
            "stop" : 1705363454036,
            "duration" : 45
          },
          "status" : "passed",
          "steps" : [ ],
          "attachments" : [ ],
          "parameters" : [ ],
          "attachmentsCount" : 0,
          "shouldDisplayMessage" : false,
          "stepsCount" : 0,
          "hasContent" : false
        }, {
          "name" : "Go to element: <selenium.webdriver.remote.webelement.WebElement (session=\"5e91e0dd7d790cc44fb0e7aa3a174a6f\", element=\"880D3EE2EE64E5E90FF87A801D5536B5_element_30\")>",
          "time" : {
            "start" : 1705363454036,
            "stop" : 1705363454040,
            "duration" : 4
          },
          "status" : "passed",
          "steps" : [ ],
          "attachments" : [ ],
          "parameters" : [ ],
          "attachmentsCount" : 0,
          "shouldDisplayMessage" : false,
          "stepsCount" : 0,
          "hasContent" : false
        } ],
        "attachments" : [ ],
        "parameters" : [ ],
        "attachmentsCount" : 0,
        "shouldDisplayMessage" : false,
        "stepsCount" : 2,
        "hasContent" : true
      }, {
        "name" : "Check element is visible and clickable: ('xpath', '//*[@type=\"submit\"]')",
        "time" : {
          "start" : 1705363454083,
          "stop" : 1705363454113,
          "duration" : 30
        },
        "status" : "passed",
        "steps" : [ {
          "name" : "Check element is clickable",
          "time" : {
            "start" : 1705363454098,
            "stop" : 1705363454113,
            "duration" : 15
          },
          "status" : "passed",
          "steps" : [ {
            "name" : "Check element is clickable: ('xpath', '//*[@type=\"submit\"]')",
            "time" : {
              "start" : 1705363454098,
              "stop" : 1705363454113,
              "duration" : 15
            },
            "status" : "passed",
            "steps" : [ ],
            "attachments" : [ ],
            "parameters" : [ ],
            "attachmentsCount" : 0,
            "shouldDisplayMessage" : false,
            "stepsCount" : 0,
            "hasContent" : false
          } ],
          "attachments" : [ ],
          "parameters" : [ {
            "name" : "locator",
            "value" : "('xpath', '//*[@type=\"submit\"]')"
          } ],
          "attachmentsCount" : 0,
          "shouldDisplayMessage" : false,
          "stepsCount" : 1,
          "hasContent" : true
        } ],
        "attachments" : [ ],
        "parameters" : [ ],
        "attachmentsCount" : 0,
        "shouldDisplayMessage" : false,
        "stepsCount" : 2,
        "hasContent" : true
      }, {
        "name" : "Wait until url: https://brainup.site/profile will be changed.",
        "time" : {
          "start" : 1705363454208,
          "stop" : 1705363454255,
          "duration" : 47
        },
        "status" : "passed",
        "steps" : [ ],
        "attachments" : [ ],
        "parameters" : [ ],
        "attachmentsCount" : 0,
        "shouldDisplayMessage" : false,
        "stepsCount" : 0,
        "hasContent" : false
      } ],
      "attachments" : [ ],
      "parameters" : [ ],
      "attachmentsCount" : 0,
      "shouldDisplayMessage" : false,
      "stepsCount" : 10,
      "hasContent" : true
    }, {
      "name" : "Check user's profile",
      "time" : {
        "start" : 1705363454255,
        "stop" : 1705363474657,
        "duration" : 20402
      },
      "status" : "broken",
      "statusMessage" : "selenium.common.exceptions.TimeoutException: Message: Can't find element by locator ('xpath', '//a[@href=\"/profile\"]')\nStacktrace:\n#0 0x55bc64523f83 <unknown>\n#1 0x55bc641dccf7 <unknown>\n#2 0x55bc6422c99e <unknown>\n#3 0x55bc6422caa1 <unknown>\n#4 0x55bc64277d64 <unknown>\n#5 0x55bc642560dd <unknown>\n#6 0x55bc64275006 <unknown>\n#7 0x55bc64255e53 <unknown>\n#8 0x55bc6421ddd4 <unknown>\n#9 0x55bc6421f1de <unknown>\n#10 0x55bc644e8531 <unknown>\n#11 0x55bc644ec455 <unknown>\n#12 0x55bc644d4f55 <unknown>\n#13 0x55bc644ed0ef <unknown>\n#14 0x55bc644b899f <unknown>\n#15 0x55bc64511008 <unknown>\n#16 0x55bc645111d7 <unknown>\n#17 0x55bc64523124 <unknown>\n#18 0x7f4de4294ac3 <unknown>\n\n",
      "statusTrace" : "  File \"/opt/hostedtoolcache/Python/3.12.1/x64/lib/python3.12/site-packages/allure_commons/_allure.py\", line 192, in impl\n    return func(*a, **kw)\n           ^^^^^^^^^^^^^^\n  File \"/home/runner/work/auto-tests-python/auto-tests-python/pages/profile_page.py\", line 87, in check_user_profile\n    return self.element_is_visible(ProfilePageLocators.PROFILE)\n           ^^^^^^^^^^^^^^^^^^^^^^^^^^^^^^^^^^^^^^^^^^^^^^^^^^^^\n  File \"/home/runner/work/auto-tests-python/auto-tests-python/pages/base_page.py\", line 36, in element_is_visible\n    self.go_to_element(self.element_is_present(locator))\n                       ^^^^^^^^^^^^^^^^^^^^^^^^^^^^^^^^\n  File \"/home/runner/work/auto-tests-python/auto-tests-python/pages/base_page.py\", line 52, in element_is_present\n    return Wait(self.driver, self.timeout).until(ec.presence_of_element_located(locator),\n           ^^^^^^^^^^^^^^^^^^^^^^^^^^^^^^^^^^^^^^^^^^^^^^^^^^^^^^^^^^^^^^^^^^^^^^^^^^^^^^\n  File \"/opt/hostedtoolcache/Python/3.12.1/x64/lib/python3.12/site-packages/selenium/webdriver/support/wait.py\", line 95, in until\n    raise TimeoutException(message, screen, stacktrace)\n",
      "steps" : [ {
        "name" : "Check element is visible: ('xpath', '//a[@href=\"/profile\"]')",
        "time" : {
          "start" : 1705363454255,
          "stop" : 1705363474657,
          "duration" : 20402
        },
        "status" : "broken",
        "statusMessage" : "selenium.common.exceptions.TimeoutException: Message: Can't find element by locator ('xpath', '//a[@href=\"/profile\"]')\nStacktrace:\n#0 0x55bc64523f83 <unknown>\n#1 0x55bc641dccf7 <unknown>\n#2 0x55bc6422c99e <unknown>\n#3 0x55bc6422caa1 <unknown>\n#4 0x55bc64277d64 <unknown>\n#5 0x55bc642560dd <unknown>\n#6 0x55bc64275006 <unknown>\n#7 0x55bc64255e53 <unknown>\n#8 0x55bc6421ddd4 <unknown>\n#9 0x55bc6421f1de <unknown>\n#10 0x55bc644e8531 <unknown>\n#11 0x55bc644ec455 <unknown>\n#12 0x55bc644d4f55 <unknown>\n#13 0x55bc644ed0ef <unknown>\n#14 0x55bc644b899f <unknown>\n#15 0x55bc64511008 <unknown>\n#16 0x55bc645111d7 <unknown>\n#17 0x55bc64523124 <unknown>\n#18 0x7f4de4294ac3 <unknown>\n\n",
        "statusTrace" : "  File \"/home/runner/work/auto-tests-python/auto-tests-python/pages/base_page.py\", line 36, in element_is_visible\n    self.go_to_element(self.element_is_present(locator))\n                       ^^^^^^^^^^^^^^^^^^^^^^^^^^^^^^^^\n  File \"/home/runner/work/auto-tests-python/auto-tests-python/pages/base_page.py\", line 52, in element_is_present\n    return Wait(self.driver, self.timeout).until(ec.presence_of_element_located(locator),\n           ^^^^^^^^^^^^^^^^^^^^^^^^^^^^^^^^^^^^^^^^^^^^^^^^^^^^^^^^^^^^^^^^^^^^^^^^^^^^^^\n  File \"/opt/hostedtoolcache/Python/3.12.1/x64/lib/python3.12/site-packages/selenium/webdriver/support/wait.py\", line 95, in until\n    raise TimeoutException(message, screen, stacktrace)\n",
        "steps" : [ {
          "name" : "Check element is present: ('xpath', '//a[@href=\"/profile\"]')",
          "time" : {
            "start" : 1705363454255,
            "stop" : 1705363474656,
            "duration" : 20401
          },
          "status" : "broken",
          "statusMessage" : "selenium.common.exceptions.TimeoutException: Message: Can't find element by locator ('xpath', '//a[@href=\"/profile\"]')\nStacktrace:\n#0 0x55bc64523f83 <unknown>\n#1 0x55bc641dccf7 <unknown>\n#2 0x55bc6422c99e <unknown>\n#3 0x55bc6422caa1 <unknown>\n#4 0x55bc64277d64 <unknown>\n#5 0x55bc642560dd <unknown>\n#6 0x55bc64275006 <unknown>\n#7 0x55bc64255e53 <unknown>\n#8 0x55bc6421ddd4 <unknown>\n#9 0x55bc6421f1de <unknown>\n#10 0x55bc644e8531 <unknown>\n#11 0x55bc644ec455 <unknown>\n#12 0x55bc644d4f55 <unknown>\n#13 0x55bc644ed0ef <unknown>\n#14 0x55bc644b899f <unknown>\n#15 0x55bc64511008 <unknown>\n#16 0x55bc645111d7 <unknown>\n#17 0x55bc64523124 <unknown>\n#18 0x7f4de4294ac3 <unknown>\n\n",
          "statusTrace" : "  File \"/home/runner/work/auto-tests-python/auto-tests-python/pages/base_page.py\", line 52, in element_is_present\n    return Wait(self.driver, self.timeout).until(ec.presence_of_element_located(locator),\n           ^^^^^^^^^^^^^^^^^^^^^^^^^^^^^^^^^^^^^^^^^^^^^^^^^^^^^^^^^^^^^^^^^^^^^^^^^^^^^^\n  File \"/opt/hostedtoolcache/Python/3.12.1/x64/lib/python3.12/site-packages/selenium/webdriver/support/wait.py\", line 95, in until\n    raise TimeoutException(message, screen, stacktrace)\n",
          "steps" : [ ],
          "attachments" : [ ],
          "parameters" : [ ],
          "attachmentsCount" : 0,
          "shouldDisplayMessage" : true,
          "stepsCount" : 0,
          "hasContent" : true
        } ],
        "attachments" : [ ],
        "parameters" : [ ],
        "attachmentsCount" : 0,
        "shouldDisplayMessage" : false,
        "stepsCount" : 1,
        "hasContent" : true
      } ],
      "attachments" : [ ],
      "parameters" : [ ],
      "attachmentsCount" : 0,
      "shouldDisplayMessage" : false,
      "stepsCount" : 2,
      "hasContent" : true
    } ],
    "attachments" : [ {
      "uid" : "af70582db1696f7c",
      "name" : "Screenshot",
      "source" : "af70582db1696f7c.png",
      "type" : "image/png",
      "size" : 60940
    }, {
      "uid" : "c714bfe31751fde3",
      "name" : "HTML source",
      "source" : "c714bfe31751fde3.html",
      "type" : "text/html",
      "size" : 28002
    } ],
    "parameters" : [ ],
    "attachmentsCount" : 2,
    "shouldDisplayMessage" : true,
    "stepsCount" : 18,
    "hasContent" : true
  },
  "afterStages" : [ {
    "name" : "driver::0",
    "time" : {
      "start" : 1705363474897,
      "stop" : 1705363475125,
      "duration" : 228
    },
    "status" : "passed",
    "steps" : [ ],
    "attachments" : [ {
      "uid" : "7b6261db228a5fa3",
      "name" : "Screenshot 2024-01-16 00:04:35.063457",
      "source" : "7b6261db228a5fa3.png",
      "type" : "image/png",
      "size" : 60880
    } ],
    "parameters" : [ ],
    "attachmentsCount" : 1,
    "shouldDisplayMessage" : false,
    "stepsCount" : 0,
    "hasContent" : true
  } ],
  "labels" : [ {
    "name" : "epic",
    "value" : "Test Authorized User Page"
  }, {
    "name" : "parentSuite",
    "value" : "tests"
  }, {
    "name" : "suite",
    "value" : "authorisation_page_test"
  }, {
    "name" : "subSuite",
    "value" : "TestAuthorizedUserPage"
  }, {
    "name" : "host",
    "value" : "fv-az714-363"
  }, {
    "name" : "thread",
    "value" : "1794-MainThread"
  }, {
    "name" : "framework",
    "value" : "pytest"
  }, {
    "name" : "language",
    "value" : "cpython3"
  }, {
    "name" : "package",
    "value" : "tests.authorisation_page_test"
  }, {
    "name" : "resultFormat",
    "value" : "allure2"
  } ],
  "parameters" : [ ],
  "links" : [ ],
  "hidden" : false,
  "retry" : false,
  "extra" : {
    "severity" : "normal",
    "retries" : [ ],
    "categories" : [ {
      "name" : "Test defects",
      "matchedStatuses" : [ ],
      "flaky" : false
    } ],
    "history" : {
      "statistic" : {
        "failed" : 0,
        "broken" : 7,
        "skipped" : 0,
        "passed" : 0,
        "unknown" : 0,
        "total" : 7
      },
      "items" : [ {
        "uid" : "aba8c25699187ae9",
        "status" : "broken",
        "statusDetails" : "selenium.common.exceptions.TimeoutException: Message: Can't find element by locator ('xpath', '//a[@href=\"/profile\"]')\nStacktrace:\n#0 0x55d6f89b0f83 <unknown>\n#1 0x55d6f8669cf7 <unknown>\n#2 0x55d6f86b999e <unknown>\n#3 0x55d6f86b9aa1 <unknown>\n#4 0x55d6f8704d64 <unknown>\n#5 0x55d6f86e30dd <unknown>\n#6 0x55d6f8702006 <unknown>\n#7 0x55d6f86e2e53 <unknown>\n#8 0x55d6f86aadd4 <unknown>\n#9 0x55d6f86ac1de <unknown>\n#10 0x55d6f8975531 <unknown>\n#11 0x55d6f8979455 <unknown>\n#12 0x55d6f8961f55 <unknown>\n#13 0x55d6f897a0ef <unknown>\n#14 0x55d6f894599f <unknown>\n#15 0x55d6f899e008 <unknown>\n#16 0x55d6f899e1d7 <unknown>\n#17 0x55d6f89b0124 <unknown>\n#18 0x7fe9c3694ac3 <unknown>",
        "time" : {
          "start" : 1705260636722,
          "stop" : 1705260657566,
          "duration" : 20844
        }
      }, {
        "uid" : "e927fc90bf127d27",
        "status" : "broken",
        "statusDetails" : "selenium.common.exceptions.TimeoutException: Message: Can't find element by locator ('xpath', '//a[@href=\"/profile\"]')\nStacktrace:\n#0 0x5563958eaf83 <unknown>\n#1 0x5563955a3cf7 <unknown>\n#2 0x5563955f399e <unknown>\n#3 0x5563955f3aa1 <unknown>\n#4 0x55639563ed64 <unknown>\n#5 0x55639561d0dd <unknown>\n#6 0x55639563c006 <unknown>\n#7 0x55639561ce53 <unknown>\n#8 0x5563955e4dd4 <unknown>\n#9 0x5563955e61de <unknown>\n#10 0x5563958af531 <unknown>\n#11 0x5563958b3455 <unknown>\n#12 0x55639589bf55 <unknown>\n#13 0x5563958b40ef <unknown>\n#14 0x55639587f99f <unknown>\n#15 0x5563958d8008 <unknown>\n#16 0x5563958d81d7 <unknown>\n#17 0x5563958ea124 <unknown>\n#18 0x7f93c4894ac3 <unknown>",
        "time" : {
          "start" : 1705247326725,
          "stop" : 1705247347743,
          "duration" : 21018
        }
      }, {
        "uid" : "56f4ae5f9209fd7c",
        "status" : "broken",
        "statusDetails" : "selenium.common.exceptions.TimeoutException: Message: Can't find element by locator ('xpath', '//a[@href=\"/profile\"]')\nStacktrace:\n#0 0x55f7c7ef5f83 <unknown>\n#1 0x55f7c7baecf7 <unknown>\n#2 0x55f7c7bfe99e <unknown>\n#3 0x55f7c7bfeaa1 <unknown>\n#4 0x55f7c7c49d64 <unknown>\n#5 0x55f7c7c280dd <unknown>\n#6 0x55f7c7c47006 <unknown>\n#7 0x55f7c7c27e53 <unknown>\n#8 0x55f7c7befdd4 <unknown>\n#9 0x55f7c7bf11de <unknown>\n#10 0x55f7c7eba531 <unknown>\n#11 0x55f7c7ebe455 <unknown>\n#12 0x55f7c7ea6f55 <unknown>\n#13 0x55f7c7ebf0ef <unknown>\n#14 0x55f7c7e8a99f <unknown>\n#15 0x55f7c7ee3008 <unknown>\n#16 0x55f7c7ee31d7 <unknown>\n#17 0x55f7c7ef5124 <unknown>\n#18 0x7fd38d894ac3 <unknown>",
        "time" : {
          "start" : 1705235983510,
          "stop" : 1705236004353,
          "duration" : 20843
        }
      }, {
        "uid" : "6f31e9d2dd39251",
        "status" : "broken",
        "statusDetails" : "selenium.common.exceptions.TimeoutException: Message: Can't find element by locator ('xpath', '//a[@href=\"/profile\"]')\nStacktrace:\n#0 0x56389ae0ef83 <unknown>\n#1 0x56389aac7cf7 <unknown>\n#2 0x56389ab1799e <unknown>\n#3 0x56389ab17aa1 <unknown>\n#4 0x56389ab62d64 <unknown>\n#5 0x56389ab410dd <unknown>\n#6 0x56389ab60006 <unknown>\n#7 0x56389ab40e53 <unknown>\n#8 0x56389ab08dd4 <unknown>\n#9 0x56389ab0a1de <unknown>\n#10 0x56389add3531 <unknown>\n#11 0x56389add7455 <unknown>\n#12 0x56389adbff55 <unknown>\n#13 0x56389add80ef <unknown>\n#14 0x56389ada399f <unknown>\n#15 0x56389adfc008 <unknown>\n#16 0x56389adfc1d7 <unknown>\n#17 0x56389ae0e124 <unknown>\n#18 0x7f115a494ac3 <unknown>",
        "time" : {
          "start" : 1705142472401,
          "stop" : 1705142493085,
          "duration" : 20684
        }
      }, {
        "uid" : "384f4717ce76db95",
        "status" : "broken",
        "statusDetails" : "selenium.common.exceptions.TimeoutException: Message: Can't find element by locator ('xpath', '//a[@href=\"/profile\"]')\nStacktrace:\n#0 0x558048d5ff83 <unknown>\n#1 0x558048a18cf7 <unknown>\n#2 0x558048a6899e <unknown>\n#3 0x558048a68aa1 <unknown>\n#4 0x558048ab3d64 <unknown>\n#5 0x558048a920dd <unknown>\n#6 0x558048ab1006 <unknown>\n#7 0x558048a91e53 <unknown>\n#8 0x558048a59dd4 <unknown>\n#9 0x558048a5b1de <unknown>\n#10 0x558048d24531 <unknown>\n#11 0x558048d28455 <unknown>\n#12 0x558048d10f55 <unknown>\n#13 0x558048d290ef <unknown>\n#14 0x558048cf499f <unknown>\n#15 0x558048d4d008 <unknown>\n#16 0x558048d4d1d7 <unknown>\n#17 0x558048d5f124 <unknown>\n#18 0x7f9ed1094ac3 <unknown>",
        "time" : {
          "start" : 1705138662786,
          "stop" : 1705138683481,
          "duration" : 20695
        }
      }, {
        "uid" : "839a294f46dc2575",
        "status" : "broken",
        "statusDetails" : "selenium.common.exceptions.TimeoutException: Message: Can't find element by locator ('xpath', '//a[@href=\"/profile\"]')\nStacktrace:\n#0 0x55823a7a2f83 <unknown>\n#1 0x55823a45bcf7 <unknown>\n#2 0x55823a4ab99e <unknown>\n#3 0x55823a4abaa1 <unknown>\n#4 0x55823a4f6d64 <unknown>\n#5 0x55823a4d50dd <unknown>\n#6 0x55823a4f4006 <unknown>\n#7 0x55823a4d4e53 <unknown>\n#8 0x55823a49cdd4 <unknown>\n#9 0x55823a49e1de <unknown>\n#10 0x55823a767531 <unknown>\n#11 0x55823a76b455 <unknown>\n#12 0x55823a753f55 <unknown>\n#13 0x55823a76c0ef <unknown>\n#14 0x55823a73799f <unknown>\n#15 0x55823a790008 <unknown>\n#16 0x55823a7901d7 <unknown>\n#17 0x55823a7a2124 <unknown>\n#18 0x7f3ab6c94ac3 <unknown>",
        "time" : {
          "start" : 1705136797680,
          "stop" : 1705136818341,
          "duration" : 20661
        }
      } ]
    },
    "tags" : [ ]
  },
  "source" : "c8fb0776e88707b9.json",
  "parameterValues" : [ ]
}