{
  "uid" : "cde9fd1afbfad684",
  "name" : "Verify Footer invisibility through the modal window with the exercise",
  "fullName" : "tests.footer_test.TestFooterForAuthorizedUserOnly#test_fp_02_01_verify_footer_invisibility_through_the_modal_window",
  "historyId" : "f15a10ad21e8a9ba14d5017fdb83cd11",
  "time" : {
    "start" : 1707857373285,
    "stop" : 1707857373285,
    "duration" : 0
  },
  "status" : "broken",
  "statusMessage" : "selenium.common.exceptions.TimeoutException: Message: Can't find element by locator https://brainup.site/groups",
  "statusTrace" : "driver = <selenium.webdriver.chrome.webdriver.WebDriver (session=\"53cb51de80b9600cb00530ebc30560a4\")>\nmain_page_open = None\n\n    @pytest.fixture()\n    @allure.step('Auto test user authorized')\n    def auto_test_user_authorized(driver, main_page_open):\n        page = BasePage(driver)\n        page.element_is_present_and_clickable(MainPageLocators.LOGIN_BUTTON).click()\n        page.element_is_visible(LoginPageLocators.INPUT_LOGIN).send_keys(os.environ[\"LOGIN\"])\n        page.element_is_visible(LoginPageLocators.INPUT_PASSWORD).send_keys(os.environ[\"PASSWORD\"])\n        page.element_is_present_and_clickable(LoginPageLocators.SIGN_IN_BUTTON).click()\n>       page.check_expected_link(MainPageLinks.URL_GROUPS_PAGE)\n\ntests/conftest.py:33: \n_ _ _ _ _ _ _ _ _ _ _ _ _ _ _ _ _ _ _ _ _ _ _ _ _ _ _ _ _ _ _ _ _ _ _ _ _ _ _ _ \npages/base_page.py:75: in check_expected_link\n    return Wait(self.driver, self.timeout).until(\n_ _ _ _ _ _ _ _ _ _ _ _ _ _ _ _ _ _ _ _ _ _ _ _ _ _ _ _ _ _ _ _ _ _ _ _ _ _ _ _ \n\nself = <selenium.webdriver.support.wait.WebDriverWait (session=\"53cb51de80b9600cb00530ebc30560a4\")>\nmethod = <function url_to_be.<locals>._predicate at 0x7fee5203f1a0>\nmessage = \"Can't find element by locator https://brainup.site/groups\"\n\n    def until(self, method, message: str = \"\"):\n        \"\"\"Calls the method provided with the driver as an argument until the \\\n        return value does not evaluate to ``False``.\n    \n        :param method: callable(WebDriver)\n        :param message: optional message for :exc:`TimeoutException`\n        :returns: the result of the last call to `method`\n        :raises: :exc:`selenium.common.exceptions.TimeoutException` if timeout occurs\n        \"\"\"\n        screen = None\n        stacktrace = None\n    \n        end_time = time.monotonic() + self._timeout\n        while True:\n            try:\n                value = method(self._driver)\n                if value:\n                    return value\n            except self._ignored_exceptions as exc:\n                screen = getattr(exc, \"screen\", None)\n                stacktrace = getattr(exc, \"stacktrace\", None)\n            time.sleep(self._poll)\n            if time.monotonic() > end_time:\n                break\n>       raise TimeoutException(message, screen, stacktrace)\nE       selenium.common.exceptions.TimeoutException: Message: Can't find element by locator https://brainup.site/groups\n\n/opt/hostedtoolcache/Python/3.12.2/x64/lib/python3.12/site-packages/selenium/webdriver/support/wait.py:95: TimeoutException",
  "flaky" : false,
  "newFailed" : false,
  "beforeStages" : [ {
    "name" : "driver",
    "time" : {
      "start" : 1707857373286,
      "stop" : 1707857374053,
      "duration" : 767
    },
    "status" : "passed",
    "steps" : [ ],
    "attachments" : [ ],
    "parameters" : [ ],
    "stepsCount" : 0,
    "hasContent" : false,
    "attachmentsCount" : 0,
    "shouldDisplayMessage" : false
  }, {
    "name" : "clear_allure_results_folder",
    "time" : {
      "start" : 1707857204803,
      "stop" : 1707857204803,
      "duration" : 0
    },
    "status" : "passed",
    "steps" : [ ],
    "attachments" : [ ],
    "parameters" : [ ],
    "stepsCount" : 0,
    "hasContent" : false,
    "attachmentsCount" : 0,
    "shouldDisplayMessage" : false
  }, {
    "name" : "auto_test_user_authorized",
    "time" : {
      "start" : 1707857377946,
      "stop" : 1707857398357,
      "duration" : 20411
    },
    "status" : "broken",
    "statusMessage" : "selenium.common.exceptions.TimeoutException: Message: Can't find element by locator https://brainup.site/groups\n\n",
    "statusTrace" : "  File \"/opt/hostedtoolcache/Python/3.12.2/x64/lib/python3.12/site-packages/pluggy/_callers.py\", line 102, in _multicall\n    res = hook_impl.function(*args)\n          ^^^^^^^^^^^^^^^^^^^^^^^^^\n  File \"/opt/hostedtoolcache/Python/3.12.2/x64/lib/python3.12/site-packages/_pytest/fixtures.py\", line 1123, in pytest_fixture_setup\n    result = call_fixture_func(fixturefunc, request, kwargs)\n             ^^^^^^^^^^^^^^^^^^^^^^^^^^^^^^^^^^^^^^^^^^^^^^^\n  File \"/opt/hostedtoolcache/Python/3.12.2/x64/lib/python3.12/site-packages/_pytest/fixtures.py\", line 902, in call_fixture_func\n    fixture_result = fixturefunc(**kwargs)\n                     ^^^^^^^^^^^^^^^^^^^^^\n  File \"/opt/hostedtoolcache/Python/3.12.2/x64/lib/python3.12/site-packages/allure_commons/_allure.py\", line 192, in impl\n    return func(*a, **kw)\n           ^^^^^^^^^^^^^^\n  File \"/home/runner/work/auto-tests-python/auto-tests-python/tests/conftest.py\", line 33, in auto_test_user_authorized\n    page.check_expected_link(MainPageLinks.URL_GROUPS_PAGE)\n  File \"/home/runner/work/auto-tests-python/auto-tests-python/pages/base_page.py\", line 75, in check_expected_link\n    return Wait(self.driver, self.timeout).until(\n           ^^^^^^^^^^^^^^^^^^^^^^^^^^^^^^^^^^^^^^\n  File \"/opt/hostedtoolcache/Python/3.12.2/x64/lib/python3.12/site-packages/selenium/webdriver/support/wait.py\", line 95, in until\n    raise TimeoutException(message, screen, stacktrace)\n",
    "steps" : [ {
      "name" : "Auto test user authorized",
      "time" : {
        "start" : 1707857377946,
        "stop" : 1707857398357,
        "duration" : 20411
      },
      "status" : "broken",
      "statusMessage" : "selenium.common.exceptions.TimeoutException: Message: Can't find element by locator https://brainup.site/groups\n\n",
      "statusTrace" : "  File \"/opt/hostedtoolcache/Python/3.12.2/x64/lib/python3.12/site-packages/allure_commons/_allure.py\", line 192, in impl\n    return func(*a, **kw)\n           ^^^^^^^^^^^^^^\n  File \"/home/runner/work/auto-tests-python/auto-tests-python/tests/conftest.py\", line 33, in auto_test_user_authorized\n    page.check_expected_link(MainPageLinks.URL_GROUPS_PAGE)\n  File \"/home/runner/work/auto-tests-python/auto-tests-python/pages/base_page.py\", line 75, in check_expected_link\n    return Wait(self.driver, self.timeout).until(\n           ^^^^^^^^^^^^^^^^^^^^^^^^^^^^^^^^^^^^^^\n  File \"/opt/hostedtoolcache/Python/3.12.2/x64/lib/python3.12/site-packages/selenium/webdriver/support/wait.py\", line 95, in until\n    raise TimeoutException(message, screen, stacktrace)\n",
      "steps" : [ {
        "name" : "Check element is visible and clickable: ('xpath', '//a[@id=\"ember11\"]')",
        "time" : {
          "start" : 1707857377946,
          "stop" : 1707857377981,
          "duration" : 35
        },
        "status" : "passed",
        "steps" : [ {
          "name" : "Check element is clickable",
          "time" : {
            "start" : 1707857377963,
            "stop" : 1707857377981,
            "duration" : 18
          },
          "status" : "passed",
          "steps" : [ {
            "name" : "Check element is clickable: ('xpath', '//a[@id=\"ember11\"]')",
            "time" : {
              "start" : 1707857377963,
              "stop" : 1707857377981,
              "duration" : 18
            },
            "status" : "passed",
            "steps" : [ ],
            "attachments" : [ ],
            "parameters" : [ ],
            "stepsCount" : 0,
            "hasContent" : false,
            "attachmentsCount" : 0,
            "shouldDisplayMessage" : false
          } ],
          "attachments" : [ ],
          "parameters" : [ {
            "name" : "locator",
            "value" : "('xpath', '//a[@id=\"ember11\"]')"
          } ],
          "stepsCount" : 1,
          "hasContent" : true,
          "attachmentsCount" : 0,
          "shouldDisplayMessage" : false
        } ],
        "attachments" : [ ],
        "parameters" : [ ],
        "stepsCount" : 2,
        "hasContent" : true,
        "attachmentsCount" : 0,
        "shouldDisplayMessage" : false
      }, {
        "name" : "Check element is visible: ('xpath', '//input[@id=\"login\"]')",
        "time" : {
          "start" : 1707857378028,
          "stop" : 1707857378056,
          "duration" : 28
        },
        "status" : "passed",
        "steps" : [ {
          "name" : "Check element is present: ('xpath', '//input[@id=\"login\"]')",
          "time" : {
            "start" : 1707857378028,
            "stop" : 1707857378041,
            "duration" : 13
          },
          "status" : "passed",
          "steps" : [ ],
          "attachments" : [ ],
          "parameters" : [ ],
          "stepsCount" : 0,
          "hasContent" : false,
          "attachmentsCount" : 0,
          "shouldDisplayMessage" : false
        }, {
          "name" : "Go to element: <selenium.webdriver.remote.webelement.WebElement (session=\"53cb51de80b9600cb00530ebc30560a4\", element=\"826B461E06A841EADAABB74CE2C3315D_element_26\")>",
          "time" : {
            "start" : 1707857378041,
            "stop" : 1707857378045,
            "duration" : 4
          },
          "status" : "passed",
          "steps" : [ ],
          "attachments" : [ ],
          "parameters" : [ ],
          "stepsCount" : 0,
          "hasContent" : false,
          "attachmentsCount" : 0,
          "shouldDisplayMessage" : false
        } ],
        "attachments" : [ ],
        "parameters" : [ ],
        "stepsCount" : 2,
        "hasContent" : true,
        "attachmentsCount" : 0,
        "shouldDisplayMessage" : false
      }, {
        "name" : "Check element is visible: ('xpath', '//input[@id=\"password\"]')",
        "time" : {
          "start" : 1707857378089,
          "stop" : 1707857378111,
          "duration" : 22
        },
        "status" : "passed",
        "steps" : [ {
          "name" : "Check element is present: ('xpath', '//input[@id=\"password\"]')",
          "time" : {
            "start" : 1707857378089,
            "stop" : 1707857378097,
            "duration" : 8
          },
          "status" : "passed",
          "steps" : [ ],
          "attachments" : [ ],
          "parameters" : [ ],
          "stepsCount" : 0,
          "hasContent" : false,
          "attachmentsCount" : 0,
          "shouldDisplayMessage" : false
        }, {
          "name" : "Go to element: <selenium.webdriver.remote.webelement.WebElement (session=\"53cb51de80b9600cb00530ebc30560a4\", element=\"826B461E06A841EADAABB74CE2C3315D_element_29\")>",
          "time" : {
            "start" : 1707857378097,
            "stop" : 1707857378100,
            "duration" : 3
          },
          "status" : "passed",
          "steps" : [ ],
          "attachments" : [ ],
          "parameters" : [ ],
          "stepsCount" : 0,
          "hasContent" : false,
          "attachmentsCount" : 0,
          "shouldDisplayMessage" : false
        } ],
        "attachments" : [ ],
        "parameters" : [ ],
        "stepsCount" : 2,
        "hasContent" : true,
        "attachmentsCount" : 0,
        "shouldDisplayMessage" : false
      }, {
        "name" : "Check element is visible and clickable: ('xpath', '//*[@type=\"submit\"]')",
        "time" : {
          "start" : 1707857378151,
          "stop" : 1707857378185,
          "duration" : 34
        },
        "status" : "passed",
        "steps" : [ {
          "name" : "Check element is clickable",
          "time" : {
            "start" : 1707857378169,
            "stop" : 1707857378185,
            "duration" : 16
          },
          "status" : "passed",
          "steps" : [ {
            "name" : "Check element is clickable: ('xpath', '//*[@type=\"submit\"]')",
            "time" : {
              "start" : 1707857378169,
              "stop" : 1707857378185,
              "duration" : 16
            },
            "status" : "passed",
            "steps" : [ ],
            "attachments" : [ ],
            "parameters" : [ ],
            "stepsCount" : 0,
            "hasContent" : false,
            "attachmentsCount" : 0,
            "shouldDisplayMessage" : false
          } ],
          "attachments" : [ ],
          "parameters" : [ {
            "name" : "locator",
            "value" : "('xpath', '//*[@type=\"submit\"]')"
          } ],
          "stepsCount" : 1,
          "hasContent" : true,
          "attachmentsCount" : 0,
          "shouldDisplayMessage" : false
        } ],
        "attachments" : [ ],
        "parameters" : [ ],
        "stepsCount" : 2,
        "hasContent" : true,
        "attachmentsCount" : 0,
        "shouldDisplayMessage" : false
      }, {
        "name" : "Check url is present: https://brainup.site/groups",
        "time" : {
          "start" : 1707857378218,
          "stop" : 1707857398357,
          "duration" : 20139
        },
        "status" : "broken",
        "statusMessage" : "selenium.common.exceptions.TimeoutException: Message: Can't find element by locator https://brainup.site/groups\n\n",
        "statusTrace" : "  File \"/home/runner/work/auto-tests-python/auto-tests-python/pages/base_page.py\", line 75, in check_expected_link\n    return Wait(self.driver, self.timeout).until(\n           ^^^^^^^^^^^^^^^^^^^^^^^^^^^^^^^^^^^^^^\n  File \"/opt/hostedtoolcache/Python/3.12.2/x64/lib/python3.12/site-packages/selenium/webdriver/support/wait.py\", line 95, in until\n    raise TimeoutException(message, screen, stacktrace)\n",
        "steps" : [ ],
        "attachments" : [ ],
        "parameters" : [ ],
        "stepsCount" : 0,
        "hasContent" : true,
        "attachmentsCount" : 0,
        "shouldDisplayMessage" : true
      } ],
      "attachments" : [ ],
      "parameters" : [ {
        "name" : "driver",
        "value" : "<selenium.webdriver.chrome.webdriver.WebDriver (session=\"53cb51de80b9600cb00530ebc30560a4\")>"
      }, {
        "name" : "main_page_open",
        "value" : "None"
      } ],
      "stepsCount" : 13,
      "hasContent" : true,
      "attachmentsCount" : 0,
      "shouldDisplayMessage" : false
    } ],
    "attachments" : [ ],
    "parameters" : [ ],
    "stepsCount" : 14,
    "hasContent" : true,
    "attachmentsCount" : 0,
    "shouldDisplayMessage" : false
  }, {
    "name" : "main_page_open",
    "time" : {
      "start" : 1707857374053,
      "stop" : 1707857377946,
      "duration" : 3893
    },
    "status" : "passed",
    "steps" : [ {
      "name" : "Open page: https://brainup.site/",
      "time" : {
        "start" : 1707857374053,
        "stop" : 1707857377945,
        "duration" : 3892
      },
      "status" : "passed",
      "steps" : [ ],
      "attachments" : [ ],
      "parameters" : [ {
        "name" : "driver",
        "value" : "<selenium.webdriver.chrome.webdriver.WebDriver (session=\"53cb51de80b9600cb00530ebc30560a4\")>"
      } ],
      "stepsCount" : 0,
      "hasContent" : true,
      "attachmentsCount" : 0,
      "shouldDisplayMessage" : false
    } ],
    "attachments" : [ ],
    "parameters" : [ ],
    "stepsCount" : 1,
    "hasContent" : true,
    "attachmentsCount" : 0,
    "shouldDisplayMessage" : false
  } ],
  "afterStages" : [ {
    "name" : "driver::0",
    "time" : {
      "start" : 1707857398369,
      "stop" : 1707857398568,
      "duration" : 199
    },
    "status" : "passed",
    "steps" : [ ],
    "attachments" : [ {
      "uid" : "87c27abeca4e14f6",
      "name" : "Screenshot 2024-02-13 20:49:58.509267",
      "source" : "87c27abeca4e14f6.png",
      "type" : "image/png",
      "size" : 59710
    } ],
    "parameters" : [ ],
    "stepsCount" : 0,
    "hasContent" : true,
    "attachmentsCount" : 1,
    "shouldDisplayMessage" : false
  } ],
  "labels" : [ {
    "name" : "epic",
    "value" : "Test Footer"
  }, {
    "name" : "parentSuite",
    "value" : "tests"
  }, {
    "name" : "suite",
    "value" : "footer_test"
  }, {
    "name" : "subSuite",
    "value" : "TestFooter"
  }, {
    "name" : "host",
    "value" : "fv-az568-770"
  }, {
    "name" : "thread",
    "value" : "1837-MainThread"
  }, {
    "name" : "framework",
    "value" : "pytest"
  }, {
    "name" : "language",
    "value" : "cpython3"
  }, {
    "name" : "package",
    "value" : "tests.footer_test"
  }, {
    "name" : "resultFormat",
    "value" : "allure2"
  } ],
  "parameters" : [ ],
  "links" : [ ],
  "hidden" : false,
  "retry" : false,
  "extra" : {
    "severity" : "normal",
    "retries" : [ ],
    "categories" : [ {
      "name" : "Test defects",
      "matchedStatuses" : [ ],
      "flaky" : false
    } ],
    "history" : {
      "statistic" : {
        "failed" : 0,
        "broken" : 31,
        "skipped" : 0,
        "passed" : 6,
        "unknown" : 0,
        "total" : 37
      },
      "items" : [ {
        "uid" : "d8bac6f195d74917",
        "status" : "broken",
        "statusDetails" : "selenium.common.exceptions.TimeoutException: Message: Can't find element by locator https://brainup.site/groups",
        "time" : {
          "start" : 1707856282036,
          "stop" : 1707856282036,
          "duration" : 0
        }
      }, {
        "uid" : "6ecd880bdd0e3245",
        "status" : "broken",
        "statusDetails" : "selenium.common.exceptions.TimeoutException: Message: Can't find element by locator https://brainup.site/groups",
        "time" : {
          "start" : 1707856119870,
          "stop" : 1707856119870,
          "duration" : 0
        }
      }, {
        "uid" : "2eea48fc8313de02",
        "status" : "broken",
        "statusDetails" : "selenium.common.exceptions.TimeoutException: Message: Can't find element by locator https://brainup.site/groups",
        "time" : {
          "start" : 1707854688913,
          "stop" : 1707854688913,
          "duration" : 0
        }
      }, {
        "uid" : "f89a8d5dbcbac8b7",
        "status" : "broken",
        "statusDetails" : "selenium.common.exceptions.TimeoutException: Message: Can't find element by locator https://brainup.site/groups",
        "time" : {
          "start" : 1707834239753,
          "stop" : 1707834239753,
          "duration" : 0
        }
      }, {
        "uid" : "f97780d35c9955a4",
        "status" : "broken",
        "statusDetails" : "selenium.common.exceptions.TimeoutException: Message: Can't find element by locator https://brainup.site/groups",
        "time" : {
          "start" : 1707757795555,
          "stop" : 1707757795555,
          "duration" : 0
        }
      }, {
        "uid" : "fdb82db6638dad9d",
        "status" : "broken",
        "statusDetails" : "selenium.common.exceptions.TimeoutException: Message: Can't find element by locator https://brainup.site/groups",
        "time" : {
          "start" : 1707755898794,
          "stop" : 1707755898794,
          "duration" : 0
        }
      }, {
        "uid" : "f74dc268a11478e3",
        "status" : "broken",
        "statusDetails" : "selenium.common.exceptions.TimeoutException: Message: Can't find element by locator https://brainup.site/groups",
        "time" : {
          "start" : 1707748591120,
          "stop" : 1707748591120,
          "duration" : 0
        }
      }, {
        "uid" : "778e6cd5d2223dab",
        "status" : "broken",
        "statusDetails" : "selenium.common.exceptions.TimeoutException: Message: Can't find element by locator https://brainup.site/groups",
        "time" : {
          "start" : 1707491755649,
          "stop" : 1707491755649,
          "duration" : 0
        }
      }, {
        "uid" : "7bc6f714c97ea401",
        "status" : "broken",
        "statusDetails" : "selenium.common.exceptions.TimeoutException: Message: Can't find element by locator https://brainup.site/groups",
        "time" : {
          "start" : 1707394915534,
          "stop" : 1707394915534,
          "duration" : 0
        }
      }, {
        "uid" : "f0badca74f54fd13",
        "status" : "broken",
        "statusDetails" : "selenium.common.exceptions.TimeoutException: Message: Can't find element by locator https://brainup.site/groups",
        "time" : {
          "start" : 1706483482023,
          "stop" : 1706483482023,
          "duration" : 0
        }
      }, {
        "uid" : "f0423525857f60cc",
        "status" : "broken",
        "statusDetails" : "selenium.common.exceptions.TimeoutException: Message: Can't find element by locator https://brainup.site/groups",
        "time" : {
          "start" : 1706460281774,
          "stop" : 1706460281774,
          "duration" : 0
        }
      }, {
        "uid" : "8d6743aa28510c01",
        "status" : "broken",
        "statusDetails" : "selenium.common.exceptions.TimeoutException: Message: Can't find element by locator https://brainup.site/groups",
        "time" : {
          "start" : 1706452872815,
          "stop" : 1706452872815,
          "duration" : 0
        }
      }, {
        "uid" : "21f801c8aded5776",
        "status" : "broken",
        "statusDetails" : "selenium.common.exceptions.TimeoutException: Message: Can't find element by locator https://brainup.site/groups",
        "time" : {
          "start" : 1706359415877,
          "stop" : 1706359415877,
          "duration" : 0
        }
      }, {
        "uid" : "a19184bc66702db7",
        "status" : "broken",
        "statusDetails" : "selenium.common.exceptions.TimeoutException: Message: Can't find element by locator https://brainup.site/groups",
        "time" : {
          "start" : 1706353970132,
          "stop" : 1706353970132,
          "duration" : 0
        }
      }, {
        "uid" : "a2a2018237132590",
        "status" : "broken",
        "statusDetails" : "selenium.common.exceptions.TimeoutException: Message: Can't find element by locator https://brainup.site/groups",
        "time" : {
          "start" : 1706300918893,
          "stop" : 1706300918893,
          "duration" : 0
        }
      }, {
        "uid" : "6e911a7c4cce36b6",
        "status" : "broken",
        "statusDetails" : "selenium.common.exceptions.TimeoutException: Message: Can't find element by locator https://brainup.site/groups",
        "time" : {
          "start" : 1706213250576,
          "stop" : 1706213250576,
          "duration" : 0
        }
      }, {
        "uid" : "193e02e950347f44",
        "status" : "broken",
        "statusDetails" : "selenium.common.exceptions.TimeoutException: Message: Can't find element by locator https://brainup.site/groups",
        "time" : {
          "start" : 1706213100832,
          "stop" : 1706213100832,
          "duration" : 0
        }
      }, {
        "uid" : "513f6f0bc20cfc27",
        "status" : "broken",
        "statusDetails" : "selenium.common.exceptions.TimeoutException: Message: Can't find element by locator https://brainup.site/groups",
        "time" : {
          "start" : 1706212902645,
          "stop" : 1706212902645,
          "duration" : 0
        }
      }, {
        "uid" : "e4a5c0f1666aa690",
        "status" : "broken",
        "statusDetails" : "selenium.common.exceptions.TimeoutException: Message: Can't find element by locator https://brainup.site/groups",
        "time" : {
          "start" : 1705868394532,
          "stop" : 1705868394532,
          "duration" : 0
        }
      }, {
        "uid" : "d0f1dc916664d76e",
        "status" : "broken",
        "statusDetails" : "selenium.common.exceptions.TimeoutException: Message: Can't find element by locator https://brainup.site/groups",
        "time" : {
          "start" : 1705868285029,
          "stop" : 1705868285029,
          "duration" : 0
        }
      } ]
    },
    "tags" : [ ]
  },
  "source" : "cde9fd1afbfad684.json",
  "parameterValues" : [ ]
}