{
  "uid" : "cf0808e73aa1a550",
  "name" : "Change the password by receiving an email link",
  "fullName" : "tests.profile_page_test.TestProfilePage#test_change_password",
  "historyId" : "9957e716460bffae2f2d96bf28fa1581",
  "time" : {
    "start" : 1705236208964,
    "stop" : 1705236229628,
    "duration" : 20664
  },
  "status" : "broken",
  "statusMessage" : "selenium.common.exceptions.TimeoutException: Message: Can't find element by locator ('xpath', '//a[@href=\"/profile\"]')\nStacktrace:\n#0 0x55e18721ef83 <unknown>\n#1 0x55e186ed7cf7 <unknown>\n#2 0x55e186f2799e <unknown>\n#3 0x55e186f27aa1 <unknown>\n#4 0x55e186f72d64 <unknown>\n#5 0x55e186f510dd <unknown>\n#6 0x55e186f70006 <unknown>\n#7 0x55e186f50e53 <unknown>\n#8 0x55e186f18dd4 <unknown>\n#9 0x55e186f1a1de <unknown>\n#10 0x55e1871e3531 <unknown>\n#11 0x55e1871e7455 <unknown>\n#12 0x55e1871cff55 <unknown>\n#13 0x55e1871e80ef <unknown>\n#14 0x55e1871b399f <unknown>\n#15 0x55e18720c008 <unknown>\n#16 0x55e18720c1d7 <unknown>\n#17 0x55e18721e124 <unknown>\n#18 0x7ff6b9094ac3 <unknown>",
  "statusTrace" : "self = <tests.profile_page_test.TestProfilePage object at 0x7fab90bee870>\ndriver = <selenium.webdriver.chrome.webdriver.WebDriver (session=\"6f8461438cf2864fe7d1e0503a2151c5\")>\nmain_page_open = None\n\n    @allure.title(\"Change the password by receiving an email link\")\n    def test_change_password(self, driver, main_page_open):\n        page = ProfilePage(driver)\n        page.open_login_page()\n        page.user_has_authorised()\n>       page.go_to_profile_page()\n\ntests/profile_page_test.py:15: \n_ _ _ _ _ _ _ _ _ _ _ _ _ _ _ _ _ _ _ _ _ _ _ _ _ _ _ _ _ _ _ _ _ _ _ _ _ _ _ _ \npages/profile_page.py:47: in go_to_profile_page\n    self.element_is_present_and_clickable(AuthorizedUserHomePageLocators.PROFILE_USER).click()\npages/base_page.py:30: in element_is_present_and_clickable\n    return (Wait(self.driver, self.timeout).until(ec.visibility_of_element_located(locator),\n_ _ _ _ _ _ _ _ _ _ _ _ _ _ _ _ _ _ _ _ _ _ _ _ _ _ _ _ _ _ _ _ _ _ _ _ _ _ _ _ \n\nself = <selenium.webdriver.support.wait.WebDriverWait (session=\"6f8461438cf2864fe7d1e0503a2151c5\")>\nmethod = <function visibility_of_element_located.<locals>._predicate at 0x7fab90983f60>\nmessage = 'Can\\'t find element by locator (\\'xpath\\', \\'//a[@href=\"/profile\"]\\')'\n\n    def until(self, method, message: str = \"\"):\n        \"\"\"Calls the method provided with the driver as an argument until the \\\n        return value does not evaluate to ``False``.\n    \n        :param method: callable(WebDriver)\n        :param message: optional message for :exc:`TimeoutException`\n        :returns: the result of the last call to `method`\n        :raises: :exc:`selenium.common.exceptions.TimeoutException` if timeout occurs\n        \"\"\"\n        screen = None\n        stacktrace = None\n    \n        end_time = time.monotonic() + self._timeout\n        while True:\n            try:\n                value = method(self._driver)\n                if value:\n                    return value\n            except self._ignored_exceptions as exc:\n                screen = getattr(exc, \"screen\", None)\n                stacktrace = getattr(exc, \"stacktrace\", None)\n            time.sleep(self._poll)\n            if time.monotonic() > end_time:\n                break\n>       raise TimeoutException(message, screen, stacktrace)\nE       selenium.common.exceptions.TimeoutException: Message: Can't find element by locator ('xpath', '//a[@href=\"/profile\"]')\nE       Stacktrace:\nE       #0 0x55e18721ef83 <unknown>\nE       #1 0x55e186ed7cf7 <unknown>\nE       #2 0x55e186f2799e <unknown>\nE       #3 0x55e186f27aa1 <unknown>\nE       #4 0x55e186f72d64 <unknown>\nE       #5 0x55e186f510dd <unknown>\nE       #6 0x55e186f70006 <unknown>\nE       #7 0x55e186f50e53 <unknown>\nE       #8 0x55e186f18dd4 <unknown>\nE       #9 0x55e186f1a1de <unknown>\nE       #10 0x55e1871e3531 <unknown>\nE       #11 0x55e1871e7455 <unknown>\nE       #12 0x55e1871cff55 <unknown>\nE       #13 0x55e1871e80ef <unknown>\nE       #14 0x55e1871b399f <unknown>\nE       #15 0x55e18720c008 <unknown>\nE       #16 0x55e18720c1d7 <unknown>\nE       #17 0x55e18721e124 <unknown>\nE       #18 0x7ff6b9094ac3 <unknown>\n\n/opt/hostedtoolcache/Python/3.12.1/x64/lib/python3.12/site-packages/selenium/webdriver/support/wait.py:95: TimeoutException",
  "flaky" : false,
  "newFailed" : false,
  "beforeStages" : [ {
    "name" : "clear_allure_results_folder",
    "time" : {
      "start" : 1705235971278,
      "stop" : 1705235971278,
      "duration" : 0
    },
    "status" : "passed",
    "steps" : [ ],
    "attachments" : [ ],
    "parameters" : [ ],
    "attachmentsCount" : 0,
    "shouldDisplayMessage" : false,
    "stepsCount" : 0,
    "hasContent" : false
  }, {
    "name" : "driver",
    "time" : {
      "start" : 1705236205571,
      "stop" : 1705236206339,
      "duration" : 768
    },
    "status" : "passed",
    "steps" : [ ],
    "attachments" : [ ],
    "parameters" : [ ],
    "attachmentsCount" : 0,
    "shouldDisplayMessage" : false,
    "stepsCount" : 0,
    "hasContent" : false
  }, {
    "name" : "main_page_open",
    "time" : {
      "start" : 1705236206340,
      "stop" : 1705236208964,
      "duration" : 2624
    },
    "status" : "passed",
    "steps" : [ ],
    "attachments" : [ ],
    "parameters" : [ ],
    "attachmentsCount" : 0,
    "shouldDisplayMessage" : false,
    "stepsCount" : 0,
    "hasContent" : false
  } ],
  "testStage" : {
    "status" : "broken",
    "statusMessage" : "selenium.common.exceptions.TimeoutException: Message: Can't find element by locator ('xpath', '//a[@href=\"/profile\"]')\nStacktrace:\n#0 0x55e18721ef83 <unknown>\n#1 0x55e186ed7cf7 <unknown>\n#2 0x55e186f2799e <unknown>\n#3 0x55e186f27aa1 <unknown>\n#4 0x55e186f72d64 <unknown>\n#5 0x55e186f510dd <unknown>\n#6 0x55e186f70006 <unknown>\n#7 0x55e186f50e53 <unknown>\n#8 0x55e186f18dd4 <unknown>\n#9 0x55e186f1a1de <unknown>\n#10 0x55e1871e3531 <unknown>\n#11 0x55e1871e7455 <unknown>\n#12 0x55e1871cff55 <unknown>\n#13 0x55e1871e80ef <unknown>\n#14 0x55e1871b399f <unknown>\n#15 0x55e18720c008 <unknown>\n#16 0x55e18720c1d7 <unknown>\n#17 0x55e18721e124 <unknown>\n#18 0x7ff6b9094ac3 <unknown>",
    "statusTrace" : "self = <tests.profile_page_test.TestProfilePage object at 0x7fab90bee870>\ndriver = <selenium.webdriver.chrome.webdriver.WebDriver (session=\"6f8461438cf2864fe7d1e0503a2151c5\")>\nmain_page_open = None\n\n    @allure.title(\"Change the password by receiving an email link\")\n    def test_change_password(self, driver, main_page_open):\n        page = ProfilePage(driver)\n        page.open_login_page()\n        page.user_has_authorised()\n>       page.go_to_profile_page()\n\ntests/profile_page_test.py:15: \n_ _ _ _ _ _ _ _ _ _ _ _ _ _ _ _ _ _ _ _ _ _ _ _ _ _ _ _ _ _ _ _ _ _ _ _ _ _ _ _ \npages/profile_page.py:47: in go_to_profile_page\n    self.element_is_present_and_clickable(AuthorizedUserHomePageLocators.PROFILE_USER).click()\npages/base_page.py:30: in element_is_present_and_clickable\n    return (Wait(self.driver, self.timeout).until(ec.visibility_of_element_located(locator),\n_ _ _ _ _ _ _ _ _ _ _ _ _ _ _ _ _ _ _ _ _ _ _ _ _ _ _ _ _ _ _ _ _ _ _ _ _ _ _ _ \n\nself = <selenium.webdriver.support.wait.WebDriverWait (session=\"6f8461438cf2864fe7d1e0503a2151c5\")>\nmethod = <function visibility_of_element_located.<locals>._predicate at 0x7fab90983f60>\nmessage = 'Can\\'t find element by locator (\\'xpath\\', \\'//a[@href=\"/profile\"]\\')'\n\n    def until(self, method, message: str = \"\"):\n        \"\"\"Calls the method provided with the driver as an argument until the \\\n        return value does not evaluate to ``False``.\n    \n        :param method: callable(WebDriver)\n        :param message: optional message for :exc:`TimeoutException`\n        :returns: the result of the last call to `method`\n        :raises: :exc:`selenium.common.exceptions.TimeoutException` if timeout occurs\n        \"\"\"\n        screen = None\n        stacktrace = None\n    \n        end_time = time.monotonic() + self._timeout\n        while True:\n            try:\n                value = method(self._driver)\n                if value:\n                    return value\n            except self._ignored_exceptions as exc:\n                screen = getattr(exc, \"screen\", None)\n                stacktrace = getattr(exc, \"stacktrace\", None)\n            time.sleep(self._poll)\n            if time.monotonic() > end_time:\n                break\n>       raise TimeoutException(message, screen, stacktrace)\nE       selenium.common.exceptions.TimeoutException: Message: Can't find element by locator ('xpath', '//a[@href=\"/profile\"]')\nE       Stacktrace:\nE       #0 0x55e18721ef83 <unknown>\nE       #1 0x55e186ed7cf7 <unknown>\nE       #2 0x55e186f2799e <unknown>\nE       #3 0x55e186f27aa1 <unknown>\nE       #4 0x55e186f72d64 <unknown>\nE       #5 0x55e186f510dd <unknown>\nE       #6 0x55e186f70006 <unknown>\nE       #7 0x55e186f50e53 <unknown>\nE       #8 0x55e186f18dd4 <unknown>\nE       #9 0x55e186f1a1de <unknown>\nE       #10 0x55e1871e3531 <unknown>\nE       #11 0x55e1871e7455 <unknown>\nE       #12 0x55e1871cff55 <unknown>\nE       #13 0x55e1871e80ef <unknown>\nE       #14 0x55e1871b399f <unknown>\nE       #15 0x55e18720c008 <unknown>\nE       #16 0x55e18720c1d7 <unknown>\nE       #17 0x55e18721e124 <unknown>\nE       #18 0x7ff6b9094ac3 <unknown>\n\n/opt/hostedtoolcache/Python/3.12.1/x64/lib/python3.12/site-packages/selenium/webdriver/support/wait.py:95: TimeoutException",
    "steps" : [ {
      "name" : "Open login page",
      "time" : {
        "start" : 1705236208964,
        "stop" : 1705236209052,
        "duration" : 88
      },
      "status" : "passed",
      "steps" : [ {
        "name" : "Check element is visible and clickable: ('xpath', '//a[@id=\"ember11\"]')",
        "time" : {
          "start" : 1705236208964,
          "stop" : 1705236209001,
          "duration" : 37
        },
        "status" : "passed",
        "steps" : [ {
          "name" : "Check element is clickable",
          "time" : {
            "start" : 1705236208982,
            "stop" : 1705236209001,
            "duration" : 19
          },
          "status" : "passed",
          "steps" : [ {
            "name" : "Check elements are clickable: ('xpath', '//a[@id=\"ember11\"]')",
            "time" : {
              "start" : 1705236208982,
              "stop" : 1705236209001,
              "duration" : 19
            },
            "status" : "passed",
            "steps" : [ ],
            "attachments" : [ ],
            "parameters" : [ ],
            "attachmentsCount" : 0,
            "shouldDisplayMessage" : false,
            "stepsCount" : 0,
            "hasContent" : false
          } ],
          "attachments" : [ ],
          "parameters" : [ {
            "name" : "locator",
            "value" : "('xpath', '//a[@id=\"ember11\"]')"
          } ],
          "attachmentsCount" : 0,
          "shouldDisplayMessage" : false,
          "stepsCount" : 1,
          "hasContent" : true
        } ],
        "attachments" : [ ],
        "parameters" : [ ],
        "attachmentsCount" : 0,
        "shouldDisplayMessage" : false,
        "stepsCount" : 2,
        "hasContent" : true
      } ],
      "attachments" : [ ],
      "parameters" : [ ],
      "attachmentsCount" : 0,
      "shouldDisplayMessage" : false,
      "stepsCount" : 3,
      "hasContent" : true
    }, {
      "name" : "The user has authorised",
      "time" : {
        "start" : 1705236209052,
        "stop" : 1705236209232,
        "duration" : 180
      },
      "status" : "passed",
      "steps" : [ {
        "name" : "Check element is visible: ('xpath', '//input[@id=\"login\"]')",
        "time" : {
          "start" : 1705236209052,
          "stop" : 1705236209080,
          "duration" : 28
        },
        "status" : "passed",
        "steps" : [ {
          "name" : "Check element is present: ('xpath', '//input[@id=\"login\"]')",
          "time" : {
            "start" : 1705236209052,
            "stop" : 1705236209064,
            "duration" : 12
          },
          "status" : "passed",
          "steps" : [ ],
          "attachments" : [ ],
          "parameters" : [ ],
          "attachmentsCount" : 0,
          "shouldDisplayMessage" : false,
          "stepsCount" : 0,
          "hasContent" : false
        }, {
          "name" : "Go to element: <selenium.webdriver.remote.webelement.WebElement (session=\"6f8461438cf2864fe7d1e0503a2151c5\", element=\"41C07A387DE4B2725DAF2BFD5D77780A_element_27\")>",
          "time" : {
            "start" : 1705236209064,
            "stop" : 1705236209069,
            "duration" : 5
          },
          "status" : "passed",
          "steps" : [ ],
          "attachments" : [ ],
          "parameters" : [ ],
          "attachmentsCount" : 0,
          "shouldDisplayMessage" : false,
          "stepsCount" : 0,
          "hasContent" : false
        } ],
        "attachments" : [ ],
        "parameters" : [ ],
        "attachmentsCount" : 0,
        "shouldDisplayMessage" : false,
        "stepsCount" : 2,
        "hasContent" : true
      }, {
        "name" : "Check element is visible: ('xpath', '//input[@id=\"password\"]')",
        "time" : {
          "start" : 1705236209113,
          "stop" : 1705236209136,
          "duration" : 23
        },
        "status" : "passed",
        "steps" : [ {
          "name" : "Check element is present: ('xpath', '//input[@id=\"password\"]')",
          "time" : {
            "start" : 1705236209113,
            "stop" : 1705236209122,
            "duration" : 9
          },
          "status" : "passed",
          "steps" : [ ],
          "attachments" : [ ],
          "parameters" : [ ],
          "attachmentsCount" : 0,
          "shouldDisplayMessage" : false,
          "stepsCount" : 0,
          "hasContent" : false
        }, {
          "name" : "Go to element: <selenium.webdriver.remote.webelement.WebElement (session=\"6f8461438cf2864fe7d1e0503a2151c5\", element=\"41C07A387DE4B2725DAF2BFD5D77780A_element_30\")>",
          "time" : {
            "start" : 1705236209122,
            "stop" : 1705236209125,
            "duration" : 3
          },
          "status" : "passed",
          "steps" : [ ],
          "attachments" : [ ],
          "parameters" : [ ],
          "attachmentsCount" : 0,
          "shouldDisplayMessage" : false,
          "stepsCount" : 0,
          "hasContent" : false
        } ],
        "attachments" : [ ],
        "parameters" : [ ],
        "attachmentsCount" : 0,
        "shouldDisplayMessage" : false,
        "stepsCount" : 2,
        "hasContent" : true
      }, {
        "name" : "Check element is visible and clickable: ('xpath', '//*[@type=\"submit\"]')",
        "time" : {
          "start" : 1705236209168,
          "stop" : 1705236209201,
          "duration" : 33
        },
        "status" : "passed",
        "steps" : [ {
          "name" : "Check element is clickable",
          "time" : {
            "start" : 1705236209184,
            "stop" : 1705236209201,
            "duration" : 17
          },
          "status" : "passed",
          "steps" : [ {
            "name" : "Check elements are clickable: ('xpath', '//*[@type=\"submit\"]')",
            "time" : {
              "start" : 1705236209185,
              "stop" : 1705236209201,
              "duration" : 16
            },
            "status" : "passed",
            "steps" : [ ],
            "attachments" : [ ],
            "parameters" : [ ],
            "attachmentsCount" : 0,
            "shouldDisplayMessage" : false,
            "stepsCount" : 0,
            "hasContent" : false
          } ],
          "attachments" : [ ],
          "parameters" : [ {
            "name" : "locator",
            "value" : "('xpath', '//*[@type=\"submit\"]')"
          } ],
          "attachmentsCount" : 0,
          "shouldDisplayMessage" : false,
          "stepsCount" : 1,
          "hasContent" : true
        } ],
        "attachments" : [ ],
        "parameters" : [ ],
        "attachmentsCount" : 0,
        "shouldDisplayMessage" : false,
        "stepsCount" : 2,
        "hasContent" : true
      }, {
        "name" : "Wait until url: https://brainup.site/profile will be changed.",
        "time" : {
          "start" : 1705236209228,
          "stop" : 1705236209232,
          "duration" : 4
        },
        "status" : "passed",
        "steps" : [ ],
        "attachments" : [ ],
        "parameters" : [ ],
        "attachmentsCount" : 0,
        "shouldDisplayMessage" : false,
        "stepsCount" : 0,
        "hasContent" : false
      } ],
      "attachments" : [ ],
      "parameters" : [ ],
      "attachmentsCount" : 0,
      "shouldDisplayMessage" : false,
      "stepsCount" : 10,
      "hasContent" : true
    }, {
      "name" : "Go to the Profile page",
      "time" : {
        "start" : 1705236209232,
        "stop" : 1705236229628,
        "duration" : 20396
      },
      "status" : "broken",
      "statusMessage" : "selenium.common.exceptions.TimeoutException: Message: Can't find element by locator ('xpath', '//a[@href=\"/profile\"]')\nStacktrace:\n#0 0x55e18721ef83 <unknown>\n#1 0x55e186ed7cf7 <unknown>\n#2 0x55e186f2799e <unknown>\n#3 0x55e186f27aa1 <unknown>\n#4 0x55e186f72d64 <unknown>\n#5 0x55e186f510dd <unknown>\n#6 0x55e186f70006 <unknown>\n#7 0x55e186f50e53 <unknown>\n#8 0x55e186f18dd4 <unknown>\n#9 0x55e186f1a1de <unknown>\n#10 0x55e1871e3531 <unknown>\n#11 0x55e1871e7455 <unknown>\n#12 0x55e1871cff55 <unknown>\n#13 0x55e1871e80ef <unknown>\n#14 0x55e1871b399f <unknown>\n#15 0x55e18720c008 <unknown>\n#16 0x55e18720c1d7 <unknown>\n#17 0x55e18721e124 <unknown>\n#18 0x7ff6b9094ac3 <unknown>\n\n",
      "statusTrace" : "  File \"/opt/hostedtoolcache/Python/3.12.1/x64/lib/python3.12/site-packages/allure_commons/_allure.py\", line 192, in impl\n    return func(*a, **kw)\n           ^^^^^^^^^^^^^^\n  File \"/home/runner/work/auto-tests-python/auto-tests-python/pages/profile_page.py\", line 47, in go_to_profile_page\n    self.element_is_present_and_clickable(AuthorizedUserHomePageLocators.PROFILE_USER).click()\n    ^^^^^^^^^^^^^^^^^^^^^^^^^^^^^^^^^^^^^^^^^^^^^^^^^^^^^^^^^^^^^^^^^^^^^^^^^^^^^^^^^^\n  File \"/home/runner/work/auto-tests-python/auto-tests-python/pages/base_page.py\", line 30, in element_is_present_and_clickable\n    return (Wait(self.driver, self.timeout).until(ec.visibility_of_element_located(locator),\n            ^^^^^^^^^^^^^^^^^^^^^^^^^^^^^^^^^^^^^^^^^^^^^^^^^^^^^^^^^^^^^^^^^^^^^^^^^^^^^^^^\n  File \"/opt/hostedtoolcache/Python/3.12.1/x64/lib/python3.12/site-packages/selenium/webdriver/support/wait.py\", line 95, in until\n    raise TimeoutException(message, screen, stacktrace)\n",
      "steps" : [ {
        "name" : "Check element is visible and clickable: ('xpath', '//a[@href=\"/profile\"]')",
        "time" : {
          "start" : 1705236209232,
          "stop" : 1705236229628,
          "duration" : 20396
        },
        "status" : "broken",
        "statusMessage" : "selenium.common.exceptions.TimeoutException: Message: Can't find element by locator ('xpath', '//a[@href=\"/profile\"]')\nStacktrace:\n#0 0x55e18721ef83 <unknown>\n#1 0x55e186ed7cf7 <unknown>\n#2 0x55e186f2799e <unknown>\n#3 0x55e186f27aa1 <unknown>\n#4 0x55e186f72d64 <unknown>\n#5 0x55e186f510dd <unknown>\n#6 0x55e186f70006 <unknown>\n#7 0x55e186f50e53 <unknown>\n#8 0x55e186f18dd4 <unknown>\n#9 0x55e186f1a1de <unknown>\n#10 0x55e1871e3531 <unknown>\n#11 0x55e1871e7455 <unknown>\n#12 0x55e1871cff55 <unknown>\n#13 0x55e1871e80ef <unknown>\n#14 0x55e1871b399f <unknown>\n#15 0x55e18720c008 <unknown>\n#16 0x55e18720c1d7 <unknown>\n#17 0x55e18721e124 <unknown>\n#18 0x7ff6b9094ac3 <unknown>\n\n",
        "statusTrace" : "  File \"/home/runner/work/auto-tests-python/auto-tests-python/pages/base_page.py\", line 30, in element_is_present_and_clickable\n    return (Wait(self.driver, self.timeout).until(ec.visibility_of_element_located(locator),\n            ^^^^^^^^^^^^^^^^^^^^^^^^^^^^^^^^^^^^^^^^^^^^^^^^^^^^^^^^^^^^^^^^^^^^^^^^^^^^^^^^\n  File \"/opt/hostedtoolcache/Python/3.12.1/x64/lib/python3.12/site-packages/selenium/webdriver/support/wait.py\", line 95, in until\n    raise TimeoutException(message, screen, stacktrace)\n",
        "steps" : [ ],
        "attachments" : [ ],
        "parameters" : [ ],
        "attachmentsCount" : 0,
        "shouldDisplayMessage" : true,
        "stepsCount" : 0,
        "hasContent" : true
      } ],
      "attachments" : [ ],
      "parameters" : [ ],
      "attachmentsCount" : 0,
      "shouldDisplayMessage" : false,
      "stepsCount" : 1,
      "hasContent" : true
    } ],
    "attachments" : [ {
      "uid" : "b2d3c26fc0966e60",
      "name" : "Screenshot",
      "source" : "b2d3c26fc0966e60.png",
      "type" : "image/png",
      "size" : 60940
    }, {
      "uid" : "bb44b3e421e7ca95",
      "name" : "HTML source",
      "source" : "bb44b3e421e7ca95.html",
      "type" : "text/html",
      "size" : 28002
    } ],
    "parameters" : [ ],
    "attachmentsCount" : 2,
    "shouldDisplayMessage" : true,
    "stepsCount" : 17,
    "hasContent" : true
  },
  "afterStages" : [ {
    "name" : "driver::0",
    "time" : {
      "start" : 1705236229817,
      "stop" : 1705236230030,
      "duration" : 213
    },
    "status" : "passed",
    "steps" : [ ],
    "attachments" : [ {
      "uid" : "a9301186b6df9106",
      "name" : "Screenshot 2024-01-14 12:43:49.971485",
      "source" : "a9301186b6df9106.png",
      "type" : "image/png",
      "size" : 60880
    } ],
    "parameters" : [ ],
    "attachmentsCount" : 1,
    "shouldDisplayMessage" : false,
    "stepsCount" : 0,
    "hasContent" : true
  } ],
  "labels" : [ {
    "name" : "epic",
    "value" : "Test Profile Page"
  }, {
    "name" : "parentSuite",
    "value" : "tests"
  }, {
    "name" : "suite",
    "value" : "profile_page_test"
  }, {
    "name" : "subSuite",
    "value" : "TestProfilePage"
  }, {
    "name" : "host",
    "value" : "fv-az1116-536"
  }, {
    "name" : "thread",
    "value" : "1888-MainThread"
  }, {
    "name" : "framework",
    "value" : "pytest"
  }, {
    "name" : "language",
    "value" : "cpython3"
  }, {
    "name" : "package",
    "value" : "tests.profile_page_test"
  }, {
    "name" : "resultFormat",
    "value" : "allure2"
  } ],
  "parameters" : [ ],
  "links" : [ ],
  "hidden" : false,
  "retry" : false,
  "extra" : {
    "severity" : "normal",
    "retries" : [ ],
    "categories" : [ {
      "name" : "Test defects",
      "matchedStatuses" : [ ],
      "flaky" : false
    } ],
    "history" : {
      "statistic" : {
        "failed" : 0,
        "broken" : 5,
        "skipped" : 0,
        "passed" : 0,
        "unknown" : 0,
        "total" : 5
      },
      "items" : [ {
        "uid" : "600be15cca334393",
        "status" : "broken",
        "statusDetails" : "selenium.common.exceptions.TimeoutException: Message: Can't find element by locator ('xpath', '//a[@href=\"/profile\"]')\nStacktrace:\n#0 0x56044618af83 <unknown>\n#1 0x560445e43cf7 <unknown>\n#2 0x560445e9399e <unknown>\n#3 0x560445e93aa1 <unknown>\n#4 0x560445eded64 <unknown>\n#5 0x560445ebd0dd <unknown>\n#6 0x560445edc006 <unknown>\n#7 0x560445ebce53 <unknown>\n#8 0x560445e84dd4 <unknown>\n#9 0x560445e861de <unknown>\n#10 0x56044614f531 <unknown>\n#11 0x560446153455 <unknown>\n#12 0x56044613bf55 <unknown>\n#13 0x5604461540ef <unknown>\n#14 0x56044611f99f <unknown>\n#15 0x560446178008 <unknown>\n#16 0x5604461781d7 <unknown>\n#17 0x56044618a124 <unknown>\n#18 0x7f4b71894ac3 <unknown>",
        "time" : {
          "start" : 1705142710651,
          "stop" : 1705142731319,
          "duration" : 20668
        }
      }, {
        "uid" : "761a53ea1bee8f02",
        "status" : "broken",
        "statusDetails" : "selenium.common.exceptions.TimeoutException: Message: Can't find element by locator ('xpath', '//a[@href=\"/profile\"]')\nStacktrace:\n#0 0x564a252c8f83 <unknown>\n#1 0x564a24f81cf7 <unknown>\n#2 0x564a24fd199e <unknown>\n#3 0x564a24fd1aa1 <unknown>\n#4 0x564a2501cd64 <unknown>\n#5 0x564a24ffb0dd <unknown>\n#6 0x564a2501a006 <unknown>\n#7 0x564a24ffae53 <unknown>\n#8 0x564a24fc2dd4 <unknown>\n#9 0x564a24fc41de <unknown>\n#10 0x564a2528d531 <unknown>\n#11 0x564a25291455 <unknown>\n#12 0x564a25279f55 <unknown>\n#13 0x564a252920ef <unknown>\n#14 0x564a2525d99f <unknown>\n#15 0x564a252b6008 <unknown>\n#16 0x564a252b61d7 <unknown>\n#17 0x564a252c8124 <unknown>\n#18 0x7f99e7094ac3 <unknown>",
        "time" : {
          "start" : 1705138881660,
          "stop" : 1705138902307,
          "duration" : 20647
        }
      }, {
        "uid" : "8455df3cde252e45",
        "status" : "broken",
        "statusDetails" : "selenium.common.exceptions.TimeoutException: Message: Can't find element by locator ('xpath', '//a[@href=\"/profile\"]')\nStacktrace:\n#0 0x56080e1eef83 <unknown>\n#1 0x56080dea7cf7 <unknown>\n#2 0x56080def799e <unknown>\n#3 0x56080def7aa1 <unknown>\n#4 0x56080df42d64 <unknown>\n#5 0x56080df210dd <unknown>\n#6 0x56080df40006 <unknown>\n#7 0x56080df20e53 <unknown>\n#8 0x56080dee8dd4 <unknown>\n#9 0x56080deea1de <unknown>\n#10 0x56080e1b3531 <unknown>\n#11 0x56080e1b7455 <unknown>\n#12 0x56080e19ff55 <unknown>\n#13 0x56080e1b80ef <unknown>\n#14 0x56080e18399f <unknown>\n#15 0x56080e1dc008 <unknown>\n#16 0x56080e1dc1d7 <unknown>\n#17 0x56080e1ee124 <unknown>\n#18 0x7fd01d294ac3 <unknown>",
        "time" : {
          "start" : 1705137045527,
          "stop" : 1705137066171,
          "duration" : 20644
        }
      }, {
        "uid" : "af73d19e509a4bee",
        "status" : "broken",
        "statusDetails" : "selenium.common.exceptions.TimeoutException: Message: Can't find element by locator ('xpath', '//a[@href=\"/profile\"]')\nStacktrace:\n#0 0x561a7b7efd33 <unknown>\n#1 0x561a7b4acf87 <unknown>\n#2 0x561a7b4fcc0e <unknown>\n#3 0x561a7b4fcd11 <unknown>\n#4 0x561a7b548004 <unknown>\n#5 0x561a7b52636d <unknown>\n#6 0x561a7b545297 <unknown>\n#7 0x561a7b5260e3 <unknown>\n#8 0x561a7b4ee044 <unknown>\n#9 0x561a7b4ef44e <unknown>\n#10 0x561a7b7b4861 <unknown>\n#11 0x561a7b7b8785 <unknown>\n#12 0x561a7b7a2285 <unknown>\n#13 0x561a7b7b941f <unknown>\n#14 0x561a7b78620f <unknown>\n#15 0x561a7b7dd028 <unknown>\n#16 0x561a7b7dd1f7 <unknown>\n#17 0x561a7b7eeed4 <unknown>\n#18 0x7f5437c94ac3 <unknown>",
        "time" : {
          "start" : 1704390671674,
          "stop" : 1704390684851,
          "duration" : 13177
        }
      } ]
    },
    "tags" : [ ]
  },
  "source" : "cf0808e73aa1a550.json",
  "parameterValues" : [ ]
}