{
  "uid" : "d850bef6a5714139",
  "name" : "Return the password by receiving an email link",
  "fullName" : "tests.profile_page_test.TestProfilePage#test_return_password",
  "historyId" : "aede6713310997571aa7bbb5a3c2d636",
  "time" : {
    "start" : 1705767302545,
    "stop" : 1705767323184,
    "duration" : 20639
  },
  "status" : "broken",
  "statusMessage" : "selenium.common.exceptions.TimeoutException: Message: Can't find element by locator ('xpath', '//a[@href=\"/profile\"]')\nStacktrace:\n#0 0x55ba4b2b2f83 <unknown>\n#1 0x55ba4af6bcf7 <unknown>\n#2 0x55ba4afbb99e <unknown>\n#3 0x55ba4afbbaa1 <unknown>\n#4 0x55ba4b006d64 <unknown>\n#5 0x55ba4afe50dd <unknown>\n#6 0x55ba4b004006 <unknown>\n#7 0x55ba4afe4e53 <unknown>\n#8 0x55ba4afacdd4 <unknown>\n#9 0x55ba4afae1de <unknown>\n#10 0x55ba4b277531 <unknown>\n#11 0x55ba4b27b455 <unknown>\n#12 0x55ba4b263f55 <unknown>\n#13 0x55ba4b27c0ef <unknown>\n#14 0x55ba4b24799f <unknown>\n#15 0x55ba4b2a0008 <unknown>\n#16 0x55ba4b2a01d7 <unknown>\n#17 0x55ba4b2b2124 <unknown>\n#18 0x7f15a9694ac3 <unknown>",
  "statusTrace" : "self = <tests.profile_page_test.TestProfilePage object at 0x7f49b241c560>\ndriver = <selenium.webdriver.chrome.webdriver.WebDriver (session=\"ae0b290d129888459a64924490f52057\")>\nmain_page_open = None\n\n    @allure.title(\"Return the password by receiving an email link\")\n    def test_return_password(self, driver, main_page_open):\n        page = ProfilePage(driver)\n        page.open_login_page()\n        page.user_has_authorised_with_new_password()\n>       page.go_to_profile_page()\n\ntests/profile_page_test.py:31: \n_ _ _ _ _ _ _ _ _ _ _ _ _ _ _ _ _ _ _ _ _ _ _ _ _ _ _ _ _ _ _ _ _ _ _ _ _ _ _ _ \npages/profile_page.py:47: in go_to_profile_page\n    self.element_is_present_and_clickable(AuthorizedUserHomePageLocators.PROFILE_USER).click()\npages/base_page.py:30: in element_is_present_and_clickable\n    return (Wait(self.driver, self.timeout).until(ec.visibility_of_element_located(locator),\n_ _ _ _ _ _ _ _ _ _ _ _ _ _ _ _ _ _ _ _ _ _ _ _ _ _ _ _ _ _ _ _ _ _ _ _ _ _ _ _ \n\nself = <selenium.webdriver.support.wait.WebDriverWait (session=\"ae0b290d129888459a64924490f52057\")>\nmethod = <function visibility_of_element_located.<locals>._predicate at 0x7f49b2181d00>\nmessage = 'Can\\'t find element by locator (\\'xpath\\', \\'//a[@href=\"/profile\"]\\')'\n\n    def until(self, method, message: str = \"\"):\n        \"\"\"Calls the method provided with the driver as an argument until the \\\n        return value does not evaluate to ``False``.\n    \n        :param method: callable(WebDriver)\n        :param message: optional message for :exc:`TimeoutException`\n        :returns: the result of the last call to `method`\n        :raises: :exc:`selenium.common.exceptions.TimeoutException` if timeout occurs\n        \"\"\"\n        screen = None\n        stacktrace = None\n    \n        end_time = time.monotonic() + self._timeout\n        while True:\n            try:\n                value = method(self._driver)\n                if value:\n                    return value\n            except self._ignored_exceptions as exc:\n                screen = getattr(exc, \"screen\", None)\n                stacktrace = getattr(exc, \"stacktrace\", None)\n            time.sleep(self._poll)\n            if time.monotonic() > end_time:\n                break\n>       raise TimeoutException(message, screen, stacktrace)\nE       selenium.common.exceptions.TimeoutException: Message: Can't find element by locator ('xpath', '//a[@href=\"/profile\"]')\nE       Stacktrace:\nE       #0 0x55ba4b2b2f83 <unknown>\nE       #1 0x55ba4af6bcf7 <unknown>\nE       #2 0x55ba4afbb99e <unknown>\nE       #3 0x55ba4afbbaa1 <unknown>\nE       #4 0x55ba4b006d64 <unknown>\nE       #5 0x55ba4afe50dd <unknown>\nE       #6 0x55ba4b004006 <unknown>\nE       #7 0x55ba4afe4e53 <unknown>\nE       #8 0x55ba4afacdd4 <unknown>\nE       #9 0x55ba4afae1de <unknown>\nE       #10 0x55ba4b277531 <unknown>\nE       #11 0x55ba4b27b455 <unknown>\nE       #12 0x55ba4b263f55 <unknown>\nE       #13 0x55ba4b27c0ef <unknown>\nE       #14 0x55ba4b24799f <unknown>\nE       #15 0x55ba4b2a0008 <unknown>\nE       #16 0x55ba4b2a01d7 <unknown>\nE       #17 0x55ba4b2b2124 <unknown>\nE       #18 0x7f15a9694ac3 <unknown>\n\n/opt/hostedtoolcache/Python/3.12.1/x64/lib/python3.12/site-packages/selenium/webdriver/support/wait.py:95: TimeoutException",
  "flaky" : false,
  "newFailed" : false,
  "beforeStages" : [ {
    "name" : "main_page_open",
    "time" : {
      "start" : 1705767299543,
      "stop" : 1705767302545,
      "duration" : 3002
    },
    "status" : "passed",
    "steps" : [ {
      "name" : "Open page: https://brainup.site/",
      "time" : {
        "start" : 1705767299543,
        "stop" : 1705767302545,
        "duration" : 3002
      },
      "status" : "passed",
      "steps" : [ ],
      "attachments" : [ ],
      "parameters" : [ {
        "name" : "driver",
        "value" : "<selenium.webdriver.chrome.webdriver.WebDriver (session=\"ae0b290d129888459a64924490f52057\")>"
      } ],
      "attachmentsCount" : 0,
      "shouldDisplayMessage" : false,
      "stepsCount" : 0,
      "hasContent" : true
    } ],
    "attachments" : [ ],
    "parameters" : [ ],
    "attachmentsCount" : 0,
    "shouldDisplayMessage" : false,
    "stepsCount" : 1,
    "hasContent" : true
  }, {
    "name" : "clear_allure_results_folder",
    "time" : {
      "start" : 1705767040871,
      "stop" : 1705767040871,
      "duration" : 0
    },
    "status" : "passed",
    "steps" : [ ],
    "attachments" : [ ],
    "parameters" : [ ],
    "attachmentsCount" : 0,
    "shouldDisplayMessage" : false,
    "stepsCount" : 0,
    "hasContent" : false
  }, {
    "name" : "driver",
    "time" : {
      "start" : 1705767298775,
      "stop" : 1705767299543,
      "duration" : 768
    },
    "status" : "passed",
    "steps" : [ ],
    "attachments" : [ ],
    "parameters" : [ ],
    "attachmentsCount" : 0,
    "shouldDisplayMessage" : false,
    "stepsCount" : 0,
    "hasContent" : false
  } ],
  "testStage" : {
    "status" : "broken",
    "statusMessage" : "selenium.common.exceptions.TimeoutException: Message: Can't find element by locator ('xpath', '//a[@href=\"/profile\"]')\nStacktrace:\n#0 0x55ba4b2b2f83 <unknown>\n#1 0x55ba4af6bcf7 <unknown>\n#2 0x55ba4afbb99e <unknown>\n#3 0x55ba4afbbaa1 <unknown>\n#4 0x55ba4b006d64 <unknown>\n#5 0x55ba4afe50dd <unknown>\n#6 0x55ba4b004006 <unknown>\n#7 0x55ba4afe4e53 <unknown>\n#8 0x55ba4afacdd4 <unknown>\n#9 0x55ba4afae1de <unknown>\n#10 0x55ba4b277531 <unknown>\n#11 0x55ba4b27b455 <unknown>\n#12 0x55ba4b263f55 <unknown>\n#13 0x55ba4b27c0ef <unknown>\n#14 0x55ba4b24799f <unknown>\n#15 0x55ba4b2a0008 <unknown>\n#16 0x55ba4b2a01d7 <unknown>\n#17 0x55ba4b2b2124 <unknown>\n#18 0x7f15a9694ac3 <unknown>",
    "statusTrace" : "self = <tests.profile_page_test.TestProfilePage object at 0x7f49b241c560>\ndriver = <selenium.webdriver.chrome.webdriver.WebDriver (session=\"ae0b290d129888459a64924490f52057\")>\nmain_page_open = None\n\n    @allure.title(\"Return the password by receiving an email link\")\n    def test_return_password(self, driver, main_page_open):\n        page = ProfilePage(driver)\n        page.open_login_page()\n        page.user_has_authorised_with_new_password()\n>       page.go_to_profile_page()\n\ntests/profile_page_test.py:31: \n_ _ _ _ _ _ _ _ _ _ _ _ _ _ _ _ _ _ _ _ _ _ _ _ _ _ _ _ _ _ _ _ _ _ _ _ _ _ _ _ \npages/profile_page.py:47: in go_to_profile_page\n    self.element_is_present_and_clickable(AuthorizedUserHomePageLocators.PROFILE_USER).click()\npages/base_page.py:30: in element_is_present_and_clickable\n    return (Wait(self.driver, self.timeout).until(ec.visibility_of_element_located(locator),\n_ _ _ _ _ _ _ _ _ _ _ _ _ _ _ _ _ _ _ _ _ _ _ _ _ _ _ _ _ _ _ _ _ _ _ _ _ _ _ _ \n\nself = <selenium.webdriver.support.wait.WebDriverWait (session=\"ae0b290d129888459a64924490f52057\")>\nmethod = <function visibility_of_element_located.<locals>._predicate at 0x7f49b2181d00>\nmessage = 'Can\\'t find element by locator (\\'xpath\\', \\'//a[@href=\"/profile\"]\\')'\n\n    def until(self, method, message: str = \"\"):\n        \"\"\"Calls the method provided with the driver as an argument until the \\\n        return value does not evaluate to ``False``.\n    \n        :param method: callable(WebDriver)\n        :param message: optional message for :exc:`TimeoutException`\n        :returns: the result of the last call to `method`\n        :raises: :exc:`selenium.common.exceptions.TimeoutException` if timeout occurs\n        \"\"\"\n        screen = None\n        stacktrace = None\n    \n        end_time = time.monotonic() + self._timeout\n        while True:\n            try:\n                value = method(self._driver)\n                if value:\n                    return value\n            except self._ignored_exceptions as exc:\n                screen = getattr(exc, \"screen\", None)\n                stacktrace = getattr(exc, \"stacktrace\", None)\n            time.sleep(self._poll)\n            if time.monotonic() > end_time:\n                break\n>       raise TimeoutException(message, screen, stacktrace)\nE       selenium.common.exceptions.TimeoutException: Message: Can't find element by locator ('xpath', '//a[@href=\"/profile\"]')\nE       Stacktrace:\nE       #0 0x55ba4b2b2f83 <unknown>\nE       #1 0x55ba4af6bcf7 <unknown>\nE       #2 0x55ba4afbb99e <unknown>\nE       #3 0x55ba4afbbaa1 <unknown>\nE       #4 0x55ba4b006d64 <unknown>\nE       #5 0x55ba4afe50dd <unknown>\nE       #6 0x55ba4b004006 <unknown>\nE       #7 0x55ba4afe4e53 <unknown>\nE       #8 0x55ba4afacdd4 <unknown>\nE       #9 0x55ba4afae1de <unknown>\nE       #10 0x55ba4b277531 <unknown>\nE       #11 0x55ba4b27b455 <unknown>\nE       #12 0x55ba4b263f55 <unknown>\nE       #13 0x55ba4b27c0ef <unknown>\nE       #14 0x55ba4b24799f <unknown>\nE       #15 0x55ba4b2a0008 <unknown>\nE       #16 0x55ba4b2a01d7 <unknown>\nE       #17 0x55ba4b2b2124 <unknown>\nE       #18 0x7f15a9694ac3 <unknown>\n\n/opt/hostedtoolcache/Python/3.12.1/x64/lib/python3.12/site-packages/selenium/webdriver/support/wait.py:95: TimeoutException",
    "steps" : [ {
      "name" : "Open login page",
      "time" : {
        "start" : 1705767302545,
        "stop" : 1705767302628,
        "duration" : 83
      },
      "status" : "passed",
      "steps" : [ {
        "name" : "Check element is visible and clickable: ('xpath', '//a[@id=\"ember11\"]')",
        "time" : {
          "start" : 1705767302545,
          "stop" : 1705767302580,
          "duration" : 35
        },
        "status" : "passed",
        "steps" : [ {
          "name" : "Check element is clickable",
          "time" : {
            "start" : 1705767302562,
            "stop" : 1705767302580,
            "duration" : 18
          },
          "status" : "passed",
          "steps" : [ {
            "name" : "Check element is clickable: ('xpath', '//a[@id=\"ember11\"]')",
            "time" : {
              "start" : 1705767302562,
              "stop" : 1705767302580,
              "duration" : 18
            },
            "status" : "passed",
            "steps" : [ ],
            "attachments" : [ ],
            "parameters" : [ ],
            "attachmentsCount" : 0,
            "shouldDisplayMessage" : false,
            "stepsCount" : 0,
            "hasContent" : false
          } ],
          "attachments" : [ ],
          "parameters" : [ {
            "name" : "locator",
            "value" : "('xpath', '//a[@id=\"ember11\"]')"
          } ],
          "attachmentsCount" : 0,
          "shouldDisplayMessage" : false,
          "stepsCount" : 1,
          "hasContent" : true
        } ],
        "attachments" : [ ],
        "parameters" : [ ],
        "attachmentsCount" : 0,
        "shouldDisplayMessage" : false,
        "stepsCount" : 2,
        "hasContent" : true
      } ],
      "attachments" : [ ],
      "parameters" : [ ],
      "attachmentsCount" : 0,
      "shouldDisplayMessage" : false,
      "stepsCount" : 3,
      "hasContent" : true
    }, {
      "name" : "The user has authorised with new password",
      "time" : {
        "start" : 1705767302628,
        "stop" : 1705767302798,
        "duration" : 170
      },
      "status" : "passed",
      "steps" : [ {
        "name" : "Check element is visible: ('xpath', '//input[@id=\"login\"]')",
        "time" : {
          "start" : 1705767302628,
          "stop" : 1705767302653,
          "duration" : 25
        },
        "status" : "passed",
        "steps" : [ {
          "name" : "Check element is present: ('xpath', '//input[@id=\"login\"]')",
          "time" : {
            "start" : 1705767302628,
            "stop" : 1705767302638,
            "duration" : 10
          },
          "status" : "passed",
          "steps" : [ ],
          "attachments" : [ ],
          "parameters" : [ ],
          "attachmentsCount" : 0,
          "shouldDisplayMessage" : false,
          "stepsCount" : 0,
          "hasContent" : false
        }, {
          "name" : "Go to element: <selenium.webdriver.remote.webelement.WebElement (session=\"ae0b290d129888459a64924490f52057\", element=\"D1E2FF766FE524FEEB22E4BE0DDFED0B_element_27\")>",
          "time" : {
            "start" : 1705767302638,
            "stop" : 1705767302642,
            "duration" : 4
          },
          "status" : "passed",
          "steps" : [ ],
          "attachments" : [ ],
          "parameters" : [ ],
          "attachmentsCount" : 0,
          "shouldDisplayMessage" : false,
          "stepsCount" : 0,
          "hasContent" : false
        } ],
        "attachments" : [ ],
        "parameters" : [ ],
        "attachmentsCount" : 0,
        "shouldDisplayMessage" : false,
        "stepsCount" : 2,
        "hasContent" : true
      }, {
        "name" : "Check element is visible: ('xpath', '//input[@id=\"password\"]')",
        "time" : {
          "start" : 1705767302686,
          "stop" : 1705767302707,
          "duration" : 21
        },
        "status" : "passed",
        "steps" : [ {
          "name" : "Check element is present: ('xpath', '//input[@id=\"password\"]')",
          "time" : {
            "start" : 1705767302686,
            "stop" : 1705767302694,
            "duration" : 8
          },
          "status" : "passed",
          "steps" : [ ],
          "attachments" : [ ],
          "parameters" : [ ],
          "attachmentsCount" : 0,
          "shouldDisplayMessage" : false,
          "stepsCount" : 0,
          "hasContent" : false
        }, {
          "name" : "Go to element: <selenium.webdriver.remote.webelement.WebElement (session=\"ae0b290d129888459a64924490f52057\", element=\"D1E2FF766FE524FEEB22E4BE0DDFED0B_element_30\")>",
          "time" : {
            "start" : 1705767302694,
            "stop" : 1705767302697,
            "duration" : 3
          },
          "status" : "passed",
          "steps" : [ ],
          "attachments" : [ ],
          "parameters" : [ ],
          "attachmentsCount" : 0,
          "shouldDisplayMessage" : false,
          "stepsCount" : 0,
          "hasContent" : false
        } ],
        "attachments" : [ ],
        "parameters" : [ ],
        "attachmentsCount" : 0,
        "shouldDisplayMessage" : false,
        "stepsCount" : 2,
        "hasContent" : true
      }, {
        "name" : "Check element is visible and clickable: ('xpath', '//*[@type=\"submit\"]')",
        "time" : {
          "start" : 1705767302738,
          "stop" : 1705767302770,
          "duration" : 32
        },
        "status" : "passed",
        "steps" : [ {
          "name" : "Check element is clickable",
          "time" : {
            "start" : 1705767302755,
            "stop" : 1705767302770,
            "duration" : 15
          },
          "status" : "passed",
          "steps" : [ {
            "name" : "Check element is clickable: ('xpath', '//*[@type=\"submit\"]')",
            "time" : {
              "start" : 1705767302755,
              "stop" : 1705767302770,
              "duration" : 15
            },
            "status" : "passed",
            "steps" : [ ],
            "attachments" : [ ],
            "parameters" : [ ],
            "attachmentsCount" : 0,
            "shouldDisplayMessage" : false,
            "stepsCount" : 0,
            "hasContent" : false
          } ],
          "attachments" : [ ],
          "parameters" : [ {
            "name" : "locator",
            "value" : "('xpath', '//*[@type=\"submit\"]')"
          } ],
          "attachmentsCount" : 0,
          "shouldDisplayMessage" : false,
          "stepsCount" : 1,
          "hasContent" : true
        } ],
        "attachments" : [ ],
        "parameters" : [ ],
        "attachmentsCount" : 0,
        "shouldDisplayMessage" : false,
        "stepsCount" : 2,
        "hasContent" : true
      } ],
      "attachments" : [ ],
      "parameters" : [ ],
      "attachmentsCount" : 0,
      "shouldDisplayMessage" : false,
      "stepsCount" : 9,
      "hasContent" : true
    }, {
      "name" : "Go to the Profile page",
      "time" : {
        "start" : 1705767302798,
        "stop" : 1705767323183,
        "duration" : 20385
      },
      "status" : "broken",
      "statusMessage" : "selenium.common.exceptions.TimeoutException: Message: Can't find element by locator ('xpath', '//a[@href=\"/profile\"]')\nStacktrace:\n#0 0x55ba4b2b2f83 <unknown>\n#1 0x55ba4af6bcf7 <unknown>\n#2 0x55ba4afbb99e <unknown>\n#3 0x55ba4afbbaa1 <unknown>\n#4 0x55ba4b006d64 <unknown>\n#5 0x55ba4afe50dd <unknown>\n#6 0x55ba4b004006 <unknown>\n#7 0x55ba4afe4e53 <unknown>\n#8 0x55ba4afacdd4 <unknown>\n#9 0x55ba4afae1de <unknown>\n#10 0x55ba4b277531 <unknown>\n#11 0x55ba4b27b455 <unknown>\n#12 0x55ba4b263f55 <unknown>\n#13 0x55ba4b27c0ef <unknown>\n#14 0x55ba4b24799f <unknown>\n#15 0x55ba4b2a0008 <unknown>\n#16 0x55ba4b2a01d7 <unknown>\n#17 0x55ba4b2b2124 <unknown>\n#18 0x7f15a9694ac3 <unknown>\n\n",
      "statusTrace" : "  File \"/opt/hostedtoolcache/Python/3.12.1/x64/lib/python3.12/site-packages/allure_commons/_allure.py\", line 192, in impl\n    return func(*a, **kw)\n           ^^^^^^^^^^^^^^\n  File \"/home/runner/work/auto-tests-python/auto-tests-python/pages/profile_page.py\", line 47, in go_to_profile_page\n    self.element_is_present_and_clickable(AuthorizedUserHomePageLocators.PROFILE_USER).click()\n    ^^^^^^^^^^^^^^^^^^^^^^^^^^^^^^^^^^^^^^^^^^^^^^^^^^^^^^^^^^^^^^^^^^^^^^^^^^^^^^^^^^\n  File \"/home/runner/work/auto-tests-python/auto-tests-python/pages/base_page.py\", line 30, in element_is_present_and_clickable\n    return (Wait(self.driver, self.timeout).until(ec.visibility_of_element_located(locator),\n            ^^^^^^^^^^^^^^^^^^^^^^^^^^^^^^^^^^^^^^^^^^^^^^^^^^^^^^^^^^^^^^^^^^^^^^^^^^^^^^^^\n  File \"/opt/hostedtoolcache/Python/3.12.1/x64/lib/python3.12/site-packages/selenium/webdriver/support/wait.py\", line 95, in until\n    raise TimeoutException(message, screen, stacktrace)\n",
      "steps" : [ {
        "name" : "Check element is visible and clickable: ('xpath', '//a[@href=\"/profile\"]')",
        "time" : {
          "start" : 1705767302798,
          "stop" : 1705767323183,
          "duration" : 20385
        },
        "status" : "broken",
        "statusMessage" : "selenium.common.exceptions.TimeoutException: Message: Can't find element by locator ('xpath', '//a[@href=\"/profile\"]')\nStacktrace:\n#0 0x55ba4b2b2f83 <unknown>\n#1 0x55ba4af6bcf7 <unknown>\n#2 0x55ba4afbb99e <unknown>\n#3 0x55ba4afbbaa1 <unknown>\n#4 0x55ba4b006d64 <unknown>\n#5 0x55ba4afe50dd <unknown>\n#6 0x55ba4b004006 <unknown>\n#7 0x55ba4afe4e53 <unknown>\n#8 0x55ba4afacdd4 <unknown>\n#9 0x55ba4afae1de <unknown>\n#10 0x55ba4b277531 <unknown>\n#11 0x55ba4b27b455 <unknown>\n#12 0x55ba4b263f55 <unknown>\n#13 0x55ba4b27c0ef <unknown>\n#14 0x55ba4b24799f <unknown>\n#15 0x55ba4b2a0008 <unknown>\n#16 0x55ba4b2a01d7 <unknown>\n#17 0x55ba4b2b2124 <unknown>\n#18 0x7f15a9694ac3 <unknown>\n\n",
        "statusTrace" : "  File \"/home/runner/work/auto-tests-python/auto-tests-python/pages/base_page.py\", line 30, in element_is_present_and_clickable\n    return (Wait(self.driver, self.timeout).until(ec.visibility_of_element_located(locator),\n            ^^^^^^^^^^^^^^^^^^^^^^^^^^^^^^^^^^^^^^^^^^^^^^^^^^^^^^^^^^^^^^^^^^^^^^^^^^^^^^^^\n  File \"/opt/hostedtoolcache/Python/3.12.1/x64/lib/python3.12/site-packages/selenium/webdriver/support/wait.py\", line 95, in until\n    raise TimeoutException(message, screen, stacktrace)\n",
        "steps" : [ ],
        "attachments" : [ ],
        "parameters" : [ ],
        "attachmentsCount" : 0,
        "shouldDisplayMessage" : true,
        "stepsCount" : 0,
        "hasContent" : true
      } ],
      "attachments" : [ ],
      "parameters" : [ ],
      "attachmentsCount" : 0,
      "shouldDisplayMessage" : false,
      "stepsCount" : 1,
      "hasContent" : true
    } ],
    "attachments" : [ {
      "uid" : "aae287d751dfdeb9",
      "name" : "Screenshot",
      "source" : "aae287d751dfdeb9.png",
      "type" : "image/png",
      "size" : 60940
    }, {
      "uid" : "74bb3fdc79afb745",
      "name" : "HTML source",
      "source" : "74bb3fdc79afb745.html",
      "type" : "text/html",
      "size" : 27958
    } ],
    "parameters" : [ ],
    "attachmentsCount" : 2,
    "shouldDisplayMessage" : true,
    "stepsCount" : 16,
    "hasContent" : true
  },
  "afterStages" : [ {
    "name" : "driver::0",
    "time" : {
      "start" : 1705767323346,
      "stop" : 1705767323558,
      "duration" : 212
    },
    "status" : "passed",
    "steps" : [ ],
    "attachments" : [ {
      "uid" : "f24e19ea7fd5c59f",
      "name" : "Screenshot 2024-01-20 16:15:23.499475",
      "source" : "f24e19ea7fd5c59f.png",
      "type" : "image/png",
      "size" : 60880
    } ],
    "parameters" : [ ],
    "attachmentsCount" : 1,
    "shouldDisplayMessage" : false,
    "stepsCount" : 0,
    "hasContent" : true
  } ],
  "labels" : [ {
    "name" : "epic",
    "value" : "Test Profile Page"
  }, {
    "name" : "parentSuite",
    "value" : "tests"
  }, {
    "name" : "suite",
    "value" : "profile_page_test"
  }, {
    "name" : "subSuite",
    "value" : "TestProfilePage"
  }, {
    "name" : "host",
    "value" : "fv-az1240-592"
  }, {
    "name" : "thread",
    "value" : "1813-MainThread"
  }, {
    "name" : "framework",
    "value" : "pytest"
  }, {
    "name" : "language",
    "value" : "cpython3"
  }, {
    "name" : "package",
    "value" : "tests.profile_page_test"
  }, {
    "name" : "resultFormat",
    "value" : "allure2"
  } ],
  "parameters" : [ ],
  "links" : [ ],
  "hidden" : false,
  "retry" : false,
  "extra" : {
    "severity" : "normal",
    "retries" : [ ],
    "categories" : [ {
      "name" : "Test defects",
      "matchedStatuses" : [ ],
      "flaky" : false
    } ],
    "history" : {
      "statistic" : {
        "failed" : 0,
        "broken" : 14,
        "skipped" : 0,
        "passed" : 0,
        "unknown" : 0,
        "total" : 14
      },
      "items" : [ {
        "uid" : "3701a03dc97cbaa5",
        "status" : "broken",
        "statusDetails" : "selenium.common.exceptions.TimeoutException: Message: Can't find element by locator ('xpath', '//a[@href=\"/profile\"]')\nStacktrace:\n#0 0x55a3e828bf83 <unknown>\n#1 0x55a3e7f44cf7 <unknown>\n#2 0x55a3e7f9499e <unknown>\n#3 0x55a3e7f94aa1 <unknown>\n#4 0x55a3e7fdfd64 <unknown>\n#5 0x55a3e7fbe0dd <unknown>\n#6 0x55a3e7fdd006 <unknown>\n#7 0x55a3e7fbde53 <unknown>\n#8 0x55a3e7f85dd4 <unknown>\n#9 0x55a3e7f871de <unknown>\n#10 0x55a3e8250531 <unknown>\n#11 0x55a3e8254455 <unknown>\n#12 0x55a3e823cf55 <unknown>\n#13 0x55a3e82550ef <unknown>\n#14 0x55a3e822099f <unknown>\n#15 0x55a3e8279008 <unknown>\n#16 0x55a3e82791d7 <unknown>\n#17 0x55a3e828b124 <unknown>\n#18 0x7f0440e94ac3 <unknown>",
        "time" : {
          "start" : 1705766522024,
          "stop" : 1705766542673,
          "duration" : 20649
        }
      }, {
        "uid" : "e8765a705d61f116",
        "status" : "broken",
        "statusDetails" : "selenium.common.exceptions.TimeoutException: Message: Can't find element by locator ('xpath', '//a[@href=\"/profile\"]')\nStacktrace:\n#0 0x55a2758f0f83 <unknown>\n#1 0x55a2755a9cf7 <unknown>\n#2 0x55a2755f999e <unknown>\n#3 0x55a2755f9aa1 <unknown>\n#4 0x55a275644d64 <unknown>\n#5 0x55a2756230dd <unknown>\n#6 0x55a275642006 <unknown>\n#7 0x55a275622e53 <unknown>\n#8 0x55a2755eadd4 <unknown>\n#9 0x55a2755ec1de <unknown>\n#10 0x55a2758b5531 <unknown>\n#11 0x55a2758b9455 <unknown>\n#12 0x55a2758a1f55 <unknown>\n#13 0x55a2758ba0ef <unknown>\n#14 0x55a27588599f <unknown>\n#15 0x55a2758de008 <unknown>\n#16 0x55a2758de1d7 <unknown>\n#17 0x55a2758f0124 <unknown>\n#18 0x7f5b36694ac3 <unknown>",
        "time" : {
          "start" : 1705765764725,
          "stop" : 1705765785367,
          "duration" : 20642
        }
      }, {
        "uid" : "9471a63dd5a38ecd",
        "status" : "broken",
        "statusDetails" : "selenium.common.exceptions.TimeoutException: Message: Can't find element by locator ('xpath', '//a[@href=\"/profile\"]')\nStacktrace:\n#0 0x55bc37ac9f83 <unknown>\n#1 0x55bc37782cf7 <unknown>\n#2 0x55bc377d299e <unknown>\n#3 0x55bc377d2aa1 <unknown>\n#4 0x55bc3781dd64 <unknown>\n#5 0x55bc377fc0dd <unknown>\n#6 0x55bc3781b006 <unknown>\n#7 0x55bc377fbe53 <unknown>\n#8 0x55bc377c3dd4 <unknown>\n#9 0x55bc377c51de <unknown>\n#10 0x55bc37a8e531 <unknown>\n#11 0x55bc37a92455 <unknown>\n#12 0x55bc37a7af55 <unknown>\n#13 0x55bc37a930ef <unknown>\n#14 0x55bc37a5e99f <unknown>\n#15 0x55bc37ab7008 <unknown>\n#16 0x55bc37ab71d7 <unknown>\n#17 0x55bc37ac9124 <unknown>\n#18 0x7f3fe4294ac3 <unknown>",
        "time" : {
          "start" : 1705764343443,
          "stop" : 1705764364087,
          "duration" : 20644
        }
      }, {
        "uid" : "9e0d2d1b382ecbae",
        "status" : "broken",
        "statusDetails" : "selenium.common.exceptions.TimeoutException: Message: Can't find element by locator ('xpath', '//a[@href=\"/profile\"]')\nStacktrace:\n#0 0x55cdd2a78f83 <unknown>\n#1 0x55cdd2731cf7 <unknown>\n#2 0x55cdd278199e <unknown>\n#3 0x55cdd2781aa1 <unknown>\n#4 0x55cdd27ccd64 <unknown>\n#5 0x55cdd27ab0dd <unknown>\n#6 0x55cdd27ca006 <unknown>\n#7 0x55cdd27aae53 <unknown>\n#8 0x55cdd2772dd4 <unknown>\n#9 0x55cdd27741de <unknown>\n#10 0x55cdd2a3d531 <unknown>\n#11 0x55cdd2a41455 <unknown>\n#12 0x55cdd2a29f55 <unknown>\n#13 0x55cdd2a420ef <unknown>\n#14 0x55cdd2a0d99f <unknown>\n#15 0x55cdd2a66008 <unknown>\n#16 0x55cdd2a661d7 <unknown>\n#17 0x55cdd2a78124 <unknown>\n#18 0x7f89f5494ac3 <unknown>",
        "time" : {
          "start" : 1705757361498,
          "stop" : 1705757382164,
          "duration" : 20666
        }
      }, {
        "uid" : "8123f5dad02b659e",
        "status" : "broken",
        "statusDetails" : "selenium.common.exceptions.TimeoutException: Message: Can't find element by locator ('xpath', '//a[@href=\"/profile\"]')\nStacktrace:\n#0 0x5645df3d7f83 <unknown>\n#1 0x5645df090cf7 <unknown>\n#2 0x5645df0e099e <unknown>\n#3 0x5645df0e0aa1 <unknown>\n#4 0x5645df12bd64 <unknown>\n#5 0x5645df10a0dd <unknown>\n#6 0x5645df129006 <unknown>\n#7 0x5645df109e53 <unknown>\n#8 0x5645df0d1dd4 <unknown>\n#9 0x5645df0d31de <unknown>\n#10 0x5645df39c531 <unknown>\n#11 0x5645df3a0455 <unknown>\n#12 0x5645df388f55 <unknown>\n#13 0x5645df3a10ef <unknown>\n#14 0x5645df36c99f <unknown>\n#15 0x5645df3c5008 <unknown>\n#16 0x5645df3c51d7 <unknown>\n#17 0x5645df3d7124 <unknown>\n#18 0x7f8cf6094ac3 <unknown>",
        "time" : {
          "start" : 1705447426813,
          "stop" : 1705447447461,
          "duration" : 20648
        }
      }, {
        "uid" : "d0a420e0311536c5",
        "status" : "broken",
        "statusDetails" : "selenium.common.exceptions.TimeoutException: Message: Can't find element by locator ('xpath', '//a[@href=\"/profile\"]')\nStacktrace:\n#0 0x5625c2265f83 <unknown>\n#1 0x5625c1f1ecf7 <unknown>\n#2 0x5625c1f6e99e <unknown>\n#3 0x5625c1f6eaa1 <unknown>\n#4 0x5625c1fb9d64 <unknown>\n#5 0x5625c1f980dd <unknown>\n#6 0x5625c1fb7006 <unknown>\n#7 0x5625c1f97e53 <unknown>\n#8 0x5625c1f5fdd4 <unknown>\n#9 0x5625c1f611de <unknown>\n#10 0x5625c222a531 <unknown>\n#11 0x5625c222e455 <unknown>\n#12 0x5625c2216f55 <unknown>\n#13 0x5625c222f0ef <unknown>\n#14 0x5625c21fa99f <unknown>\n#15 0x5625c2253008 <unknown>\n#16 0x5625c22531d7 <unknown>\n#17 0x5625c2265124 <unknown>\n#18 0x7f7337494ac3 <unknown>",
        "time" : {
          "start" : 1705363741539,
          "stop" : 1705363762229,
          "duration" : 20690
        }
      }, {
        "uid" : "8c9828a4eb7cd794",
        "status" : "broken",
        "statusDetails" : "selenium.common.exceptions.TimeoutException: Message: Can't find element by locator ('xpath', '//a[@href=\"/profile\"]')\nStacktrace:\n#0 0x5644d6d64f83 <unknown>\n#1 0x5644d6a1dcf7 <unknown>\n#2 0x5644d6a6d99e <unknown>\n#3 0x5644d6a6daa1 <unknown>\n#4 0x5644d6ab8d64 <unknown>\n#5 0x5644d6a970dd <unknown>\n#6 0x5644d6ab6006 <unknown>\n#7 0x5644d6a96e53 <unknown>\n#8 0x5644d6a5edd4 <unknown>\n#9 0x5644d6a601de <unknown>\n#10 0x5644d6d29531 <unknown>\n#11 0x5644d6d2d455 <unknown>\n#12 0x5644d6d15f55 <unknown>\n#13 0x5644d6d2e0ef <unknown>\n#14 0x5644d6cf999f <unknown>\n#15 0x5644d6d52008 <unknown>\n#16 0x5644d6d521d7 <unknown>\n#17 0x5644d6d64124 <unknown>\n#18 0x7fbf2ce94ac3 <unknown>",
        "time" : {
          "start" : 1705260907581,
          "stop" : 1705260928239,
          "duration" : 20658
        }
      }, {
        "uid" : "ea8122447133cd4a",
        "status" : "broken",
        "statusDetails" : "selenium.common.exceptions.TimeoutException: Message: Can't find element by locator ('xpath', '//a[@href=\"/profile\"]')\nStacktrace:\n#0 0x55df8752af83 <unknown>\n#1 0x55df871e3cf7 <unknown>\n#2 0x55df8723399e <unknown>\n#3 0x55df87233aa1 <unknown>\n#4 0x55df8727ed64 <unknown>\n#5 0x55df8725d0dd <unknown>\n#6 0x55df8727c006 <unknown>\n#7 0x55df8725ce53 <unknown>\n#8 0x55df87224dd4 <unknown>\n#9 0x55df872261de <unknown>\n#10 0x55df874ef531 <unknown>\n#11 0x55df874f3455 <unknown>\n#12 0x55df874dbf55 <unknown>\n#13 0x55df874f40ef <unknown>\n#14 0x55df874bf99f <unknown>\n#15 0x55df87518008 <unknown>\n#16 0x55df875181d7 <unknown>\n#17 0x55df8752a124 <unknown>\n#18 0x7effaa294ac3 <unknown>",
        "time" : {
          "start" : 1705247550184,
          "stop" : 1705247570846,
          "duration" : 20662
        }
      }, {
        "uid" : "b0e7b33955aa68c3",
        "status" : "broken",
        "statusDetails" : "selenium.common.exceptions.TimeoutException: Message: Can't find element by locator ('xpath', '//a[@href=\"/profile\"]')\nStacktrace:\n#0 0x55f5c2a49f83 <unknown>\n#1 0x55f5c2702cf7 <unknown>\n#2 0x55f5c275299e <unknown>\n#3 0x55f5c2752aa1 <unknown>\n#4 0x55f5c279dd64 <unknown>\n#5 0x55f5c277c0dd <unknown>\n#6 0x55f5c279b006 <unknown>\n#7 0x55f5c277be53 <unknown>\n#8 0x55f5c2743dd4 <unknown>\n#9 0x55f5c27451de <unknown>\n#10 0x55f5c2a0e531 <unknown>\n#11 0x55f5c2a12455 <unknown>\n#12 0x55f5c29faf55 <unknown>\n#13 0x55f5c2a130ef <unknown>\n#14 0x55f5c29de99f <unknown>\n#15 0x55f5c2a37008 <unknown>\n#16 0x55f5c2a371d7 <unknown>\n#17 0x55f5c2a49124 <unknown>\n#18 0x7f6135694ac3 <unknown>",
        "time" : {
          "start" : 1705236233432,
          "stop" : 1705236254081,
          "duration" : 20649
        }
      }, {
        "uid" : "ad6d1cf52623c011",
        "status" : "broken",
        "statusDetails" : "selenium.common.exceptions.TimeoutException: Message: Can't find element by locator ('xpath', '//a[@href=\"/profile\"]')\nStacktrace:\n#0 0x55947421af83 <unknown>\n#1 0x559473ed3cf7 <unknown>\n#2 0x559473f2399e <unknown>\n#3 0x559473f23aa1 <unknown>\n#4 0x559473f6ed64 <unknown>\n#5 0x559473f4d0dd <unknown>\n#6 0x559473f6c006 <unknown>\n#7 0x559473f4ce53 <unknown>\n#8 0x559473f14dd4 <unknown>\n#9 0x559473f161de <unknown>\n#10 0x5594741df531 <unknown>\n#11 0x5594741e3455 <unknown>\n#12 0x5594741cbf55 <unknown>\n#13 0x5594741e40ef <unknown>\n#14 0x5594741af99f <unknown>\n#15 0x559474208008 <unknown>\n#16 0x5594742081d7 <unknown>\n#17 0x55947421a124 <unknown>\n#18 0x7ff296e94ac3 <unknown>",
        "time" : {
          "start" : 1705142736173,
          "stop" : 1705142756820,
          "duration" : 20647
        }
      }, {
        "uid" : "33b5d91625fc09a4",
        "status" : "broken",
        "statusDetails" : "selenium.common.exceptions.TimeoutException: Message: Can't find element by locator ('xpath', '//a[@href=\"/profile\"]')\nStacktrace:\n#0 0x55aeaae13f83 <unknown>\n#1 0x55aeaaacccf7 <unknown>\n#2 0x55aeaab1c99e <unknown>\n#3 0x55aeaab1caa1 <unknown>\n#4 0x55aeaab67d64 <unknown>\n#5 0x55aeaab460dd <unknown>\n#6 0x55aeaab65006 <unknown>\n#7 0x55aeaab45e53 <unknown>\n#8 0x55aeaab0ddd4 <unknown>\n#9 0x55aeaab0f1de <unknown>\n#10 0x55aeaadd8531 <unknown>\n#11 0x55aeaaddc455 <unknown>\n#12 0x55aeaadc4f55 <unknown>\n#13 0x55aeaaddd0ef <unknown>\n#14 0x55aeaada899f <unknown>\n#15 0x55aeaae01008 <unknown>\n#16 0x55aeaae011d7 <unknown>\n#17 0x55aeaae13124 <unknown>\n#18 0x7efc58094ac3 <unknown>",
        "time" : {
          "start" : 1705138907002,
          "stop" : 1705138927662,
          "duration" : 20660
        }
      }, {
        "uid" : "9604af8235278f46",
        "status" : "broken",
        "statusDetails" : "selenium.common.exceptions.TimeoutException: Message: Can't find element by locator ('xpath', '//a[@href=\"/profile\"]')\nStacktrace:\n#0 0x56353f418f83 <unknown>\n#1 0x56353f0d1cf7 <unknown>\n#2 0x56353f12199e <unknown>\n#3 0x56353f121aa1 <unknown>\n#4 0x56353f16cd64 <unknown>\n#5 0x56353f14b0dd <unknown>\n#6 0x56353f16a006 <unknown>\n#7 0x56353f14ae53 <unknown>\n#8 0x56353f112dd4 <unknown>\n#9 0x56353f1141de <unknown>\n#10 0x56353f3dd531 <unknown>\n#11 0x56353f3e1455 <unknown>\n#12 0x56353f3c9f55 <unknown>\n#13 0x56353f3e20ef <unknown>\n#14 0x56353f3ad99f <unknown>\n#15 0x56353f406008 <unknown>\n#16 0x56353f4061d7 <unknown>\n#17 0x56353f418124 <unknown>\n#18 0x7f341a694ac3 <unknown>",
        "time" : {
          "start" : 1705137070875,
          "stop" : 1705137091520,
          "duration" : 20645
        }
      }, {
        "uid" : "89d5a50445ff8f15",
        "status" : "broken",
        "statusDetails" : "selenium.common.exceptions.TimeoutException: Message: Can't find element by locator ('xpath', '//a[@href=\"/profile\"]')\nStacktrace:\n#0 0x561408bc4d33 <unknown>\n#1 0x561408881f87 <unknown>\n#2 0x5614088d1c0e <unknown>\n#3 0x5614088d1d11 <unknown>\n#4 0x56140891d004 <unknown>\n#5 0x5614088fb36d <unknown>\n#6 0x56140891a297 <unknown>\n#7 0x5614088fb0e3 <unknown>\n#8 0x5614088c3044 <unknown>\n#9 0x5614088c444e <unknown>\n#10 0x561408b89861 <unknown>\n#11 0x561408b8d785 <unknown>\n#12 0x561408b77285 <unknown>\n#13 0x561408b8e41f <unknown>\n#14 0x561408b5b20f <unknown>\n#15 0x561408bb2028 <unknown>\n#16 0x561408bb21f7 <unknown>\n#17 0x561408bc3ed4 <unknown>\n#18 0x7feff8c94ac3 <unknown>",
        "time" : {
          "start" : 1704390686015,
          "stop" : 1704390699297,
          "duration" : 13282
        }
      } ]
    },
    "tags" : [ ]
  },
  "source" : "d850bef6a5714139.json",
  "parameterValues" : [ ]
}