{
  "uid" : "c4f89c0e55e67692",
  "name" : "Check progres-bar and buttons.",
  "fullName" : "tests.test_speech_exercises_en.TestCardsEN#test_progress_bar_is_present_en",
  "historyId" : "efb827312bdd34b296637645e49b0897",
  "time" : {
    "start" : 1727402184588,
    "stop" : 1727402209058,
    "duration" : 24470
  },
  "status" : "skipped",
  "statusMessage" : "XFAIL\n\nselenium.common.exceptions.TimeoutException: Message: Url: https://brainup.site/groups/4/series/9 has not been changed!!!",
  "statusTrace" : "self = <tests.test_speech_exercises_en.TestCardsEN object at 0x7f4a724b6a50>\ndriver = <selenium.webdriver.chrome.webdriver.WebDriver (session=\"55e762baf6611064c2b695871141c608\")>\nspecialist_user_authorized = None\n\n    @pytest.mark.xfail\n    @allure.suite(\"Speech exercises EN.\")\n    @allure.title('Check progres-bar and buttons.')\n    def test_progress_bar_is_present_en(self, driver, specialist_user_authorized):\n        page = SpeechExercisesPage(driver)\n        page.select_group(SpeechExercisesPageLocators.WORDS_BUTTON_EN)\n>       seria_id = page.set_url_to_get_id_words_group()\n\ntests/test_speech_exercises_en.py:35: \n_ _ _ _ _ _ _ _ _ _ _ _ _ _ _ _ _ _ _ _ _ _ _ _ _ _ _ _ _ _ _ _ _ _ _ _ _ _ _ _ \npages/speech_exercises_page_en.py:26: in set_url_to_get_id_words_group\n    self.wait_url_to_be('https://brainup.site/groups/4/series/9')\npages/base_page.py:82: in wait_url_to_be\n    Wait(self.driver, self.timeout).until(\n_ _ _ _ _ _ _ _ _ _ _ _ _ _ _ _ _ _ _ _ _ _ _ _ _ _ _ _ _ _ _ _ _ _ _ _ _ _ _ _ \n\nself = <selenium.webdriver.support.wait.WebDriverWait (session=\"55e762baf6611064c2b695871141c608\")>\nmethod = <function url_to_be.<locals>._predicate at 0x7f4a721d2480>\nmessage = 'Url: https://brainup.site/groups/4/series/9 has not been changed!!!'\n\n    def until(self, method, message: str = \"\"):\n        \"\"\"Calls the method provided with the driver as an argument until the \\\n        return value does not evaluate to ``False``.\n    \n        :param method: callable(WebDriver)\n        :param message: optional message for :exc:`TimeoutException`\n        :returns: the result of the last call to `method`\n        :raises: :exc:`selenium.common.exceptions.TimeoutException` if timeout occurs\n        \"\"\"\n        screen = None\n        stacktrace = None\n    \n        end_time = time.monotonic() + self._timeout\n        while True:\n            try:\n                value = method(self._driver)\n                if value:\n                    return value\n            except self._ignored_exceptions as exc:\n                screen = getattr(exc, \"screen\", None)\n                stacktrace = getattr(exc, \"stacktrace\", None)\n            time.sleep(self._poll)\n            if time.monotonic() > end_time:\n                break\n>       raise TimeoutException(message, screen, stacktrace)\nE       selenium.common.exceptions.TimeoutException: Message: Url: https://brainup.site/groups/4/series/9 has not been changed!!!\n\n/opt/hostedtoolcache/Python/3.12.6/x64/lib/python3.12/site-packages/selenium/webdriver/support/wait.py:95: TimeoutException",
  "flaky" : false,
  "newFailed" : false,
  "beforeStages" : [ {
    "name" : "clear_allure_results_folder",
    "time" : {
      "start" : 1727401334660,
      "stop" : 1727401334660,
      "duration" : 0
    },
    "status" : "passed",
    "steps" : [ ],
    "attachments" : [ ],
    "parameters" : [ ],
    "stepsCount" : 0,
    "attachmentsCount" : 0,
    "shouldDisplayMessage" : false,
    "hasContent" : false
  }, {
    "name" : "main_page_open",
    "time" : {
      "start" : 1727402147175,
      "stop" : 1727402151457,
      "duration" : 4282
    },
    "status" : "passed",
    "steps" : [ {
      "name" : "Open page: https://brainup.site/",
      "time" : {
        "start" : 1727402147176,
        "stop" : 1727402151457,
        "duration" : 4281
      },
      "status" : "passed",
      "steps" : [ ],
      "attachments" : [ ],
      "parameters" : [ {
        "name" : "driver",
        "value" : "<selenium.webdriver.chrome.webdriver.WebDriver (session=\"55e762baf6611064c2b695871141c608\")>"
      } ],
      "stepsCount" : 0,
      "attachmentsCount" : 0,
      "shouldDisplayMessage" : false,
      "hasContent" : true
    } ],
    "attachments" : [ ],
    "parameters" : [ ],
    "stepsCount" : 1,
    "attachmentsCount" : 0,
    "shouldDisplayMessage" : false,
    "hasContent" : true
  }, {
    "name" : "driver",
    "time" : {
      "start" : 1727402146425,
      "stop" : 1727402147175,
      "duration" : 750
    },
    "status" : "passed",
    "steps" : [ ],
    "attachments" : [ ],
    "parameters" : [ ],
    "stepsCount" : 0,
    "attachmentsCount" : 0,
    "shouldDisplayMessage" : false,
    "hasContent" : false
  }, {
    "name" : "specialist_user_authorized",
    "time" : {
      "start" : 1727402151457,
      "stop" : 1727402184588,
      "duration" : 33131
    },
    "status" : "passed",
    "steps" : [ {
      "name" : "USER specialist authorized",
      "time" : {
        "start" : 1727402151457,
        "stop" : 1727402184588,
        "duration" : 33131
      },
      "status" : "passed",
      "steps" : [ {
        "name" : "Check url is present: https://brainup.site/groups",
        "time" : {
          "start" : 1727402151828,
          "stop" : 1727402184565,
          "duration" : 32737
        },
        "status" : "passed",
        "steps" : [ ],
        "attachments" : [ ],
        "parameters" : [ ],
        "stepsCount" : 0,
        "attachmentsCount" : 0,
        "shouldDisplayMessage" : false,
        "hasContent" : false
      }, {
        "name" : "Loader checking",
        "time" : {
          "start" : 1727402184565,
          "stop" : 1727402184588,
          "duration" : 23
        },
        "status" : "passed",
        "steps" : [ ],
        "attachments" : [ ],
        "parameters" : [ ],
        "stepsCount" : 0,
        "attachmentsCount" : 0,
        "shouldDisplayMessage" : false,
        "hasContent" : false
      } ],
      "attachments" : [ ],
      "parameters" : [ {
        "name" : "driver",
        "value" : "<selenium.webdriver.chrome.webdriver.WebDriver (session=\"55e762baf6611064c2b695871141c608\")>"
      }, {
        "name" : "main_page_open",
        "value" : "None"
      } ],
      "stepsCount" : 2,
      "attachmentsCount" : 0,
      "shouldDisplayMessage" : false,
      "hasContent" : true
    } ],
    "attachments" : [ ],
    "parameters" : [ ],
    "stepsCount" : 3,
    "attachmentsCount" : 0,
    "shouldDisplayMessage" : false,
    "hasContent" : true
  } ],
  "testStage" : {
    "status" : "skipped",
    "statusMessage" : "XFAIL\n\nselenium.common.exceptions.TimeoutException: Message: Url: https://brainup.site/groups/4/series/9 has not been changed!!!",
    "statusTrace" : "self = <tests.test_speech_exercises_en.TestCardsEN object at 0x7f4a724b6a50>\ndriver = <selenium.webdriver.chrome.webdriver.WebDriver (session=\"55e762baf6611064c2b695871141c608\")>\nspecialist_user_authorized = None\n\n    @pytest.mark.xfail\n    @allure.suite(\"Speech exercises EN.\")\n    @allure.title('Check progres-bar and buttons.')\n    def test_progress_bar_is_present_en(self, driver, specialist_user_authorized):\n        page = SpeechExercisesPage(driver)\n        page.select_group(SpeechExercisesPageLocators.WORDS_BUTTON_EN)\n>       seria_id = page.set_url_to_get_id_words_group()\n\ntests/test_speech_exercises_en.py:35: \n_ _ _ _ _ _ _ _ _ _ _ _ _ _ _ _ _ _ _ _ _ _ _ _ _ _ _ _ _ _ _ _ _ _ _ _ _ _ _ _ \npages/speech_exercises_page_en.py:26: in set_url_to_get_id_words_group\n    self.wait_url_to_be('https://brainup.site/groups/4/series/9')\npages/base_page.py:82: in wait_url_to_be\n    Wait(self.driver, self.timeout).until(\n_ _ _ _ _ _ _ _ _ _ _ _ _ _ _ _ _ _ _ _ _ _ _ _ _ _ _ _ _ _ _ _ _ _ _ _ _ _ _ _ \n\nself = <selenium.webdriver.support.wait.WebDriverWait (session=\"55e762baf6611064c2b695871141c608\")>\nmethod = <function url_to_be.<locals>._predicate at 0x7f4a721d2480>\nmessage = 'Url: https://brainup.site/groups/4/series/9 has not been changed!!!'\n\n    def until(self, method, message: str = \"\"):\n        \"\"\"Calls the method provided with the driver as an argument until the \\\n        return value does not evaluate to ``False``.\n    \n        :param method: callable(WebDriver)\n        :param message: optional message for :exc:`TimeoutException`\n        :returns: the result of the last call to `method`\n        :raises: :exc:`selenium.common.exceptions.TimeoutException` if timeout occurs\n        \"\"\"\n        screen = None\n        stacktrace = None\n    \n        end_time = time.monotonic() + self._timeout\n        while True:\n            try:\n                value = method(self._driver)\n                if value:\n                    return value\n            except self._ignored_exceptions as exc:\n                screen = getattr(exc, \"screen\", None)\n                stacktrace = getattr(exc, \"stacktrace\", None)\n            time.sleep(self._poll)\n            if time.monotonic() > end_time:\n                break\n>       raise TimeoutException(message, screen, stacktrace)\nE       selenium.common.exceptions.TimeoutException: Message: Url: https://brainup.site/groups/4/series/9 has not been changed!!!\n\n/opt/hostedtoolcache/Python/3.12.6/x64/lib/python3.12/site-packages/selenium/webdriver/support/wait.py:95: TimeoutException",
    "steps" : [ {
      "name" : "select_group",
      "time" : {
        "start" : 1727402184588,
        "stop" : 1727402188918,
        "duration" : 4330
      },
      "status" : "passed",
      "steps" : [ {
        "name" : "Select Russian language. Click \"EN\" button.",
        "time" : {
          "start" : 1727402184588,
          "stop" : 1727402184650,
          "duration" : 62
        },
        "status" : "passed",
        "steps" : [ ],
        "attachments" : [ ],
        "parameters" : [ ],
        "stepsCount" : 0,
        "attachmentsCount" : 0,
        "shouldDisplayMessage" : false,
        "hasContent" : false
      }, {
        "name" : "Click button \"SPEECH EXERCISES\".",
        "time" : {
          "start" : 1727402184650,
          "stop" : 1727402184710,
          "duration" : 60
        },
        "status" : "passed",
        "steps" : [ ],
        "attachments" : [ ],
        "parameters" : [ ],
        "stepsCount" : 0,
        "attachmentsCount" : 0,
        "shouldDisplayMessage" : false,
        "hasContent" : false
      }, {
        "name" : "Click button \"WORDS\".",
        "time" : {
          "start" : 1727402188860,
          "stop" : 1727402188918,
          "duration" : 58
        },
        "status" : "passed",
        "steps" : [ ],
        "attachments" : [ ],
        "parameters" : [ ],
        "stepsCount" : 0,
        "attachmentsCount" : 0,
        "shouldDisplayMessage" : false,
        "hasContent" : false
      } ],
      "attachments" : [ ],
      "parameters" : [ {
        "name" : "selector_for_sub_group",
        "value" : "('xpath', '//button[@data-test-active-link=\"Words\"]')"
      } ],
      "stepsCount" : 3,
      "attachmentsCount" : 0,
      "shouldDisplayMessage" : false,
      "hasContent" : true
    }, {
      "name" : "Get seria ID from URL: https://brainup.site/groups/4/series/9",
      "time" : {
        "start" : 1727402188918,
        "stop" : 1727402209058,
        "duration" : 20140
      },
      "status" : "broken",
      "statusMessage" : "selenium.common.exceptions.TimeoutException: Message: Url: https://brainup.site/groups/4/series/9 has not been changed!!!\n\n",
      "statusTrace" : "  File \"/opt/hostedtoolcache/Python/3.12.6/x64/lib/python3.12/site-packages/allure_commons/_allure.py\", line 192, in impl\n    return func(*a, **kw)\n           ^^^^^^^^^^^^^^\n  File \"/home/runner/work/auto-tests-python/auto-tests-python/pages/speech_exercises_page_en.py\", line 26, in set_url_to_get_id_words_group\n    self.wait_url_to_be('https://brainup.site/groups/4/series/9')\n  File \"/home/runner/work/auto-tests-python/auto-tests-python/pages/base_page.py\", line 82, in wait_url_to_be\n    Wait(self.driver, self.timeout).until(\n  File \"/opt/hostedtoolcache/Python/3.12.6/x64/lib/python3.12/site-packages/selenium/webdriver/support/wait.py\", line 95, in until\n    raise TimeoutException(message, screen, stacktrace)\n",
      "steps" : [ {
        "name" : "Wait until url to be: https://brainup.site/groups/4/series/9.",
        "time" : {
          "start" : 1727402188918,
          "stop" : 1727402209057,
          "duration" : 20139
        },
        "status" : "broken",
        "statusMessage" : "selenium.common.exceptions.TimeoutException: Message: Url: https://brainup.site/groups/4/series/9 has not been changed!!!\n\n",
        "statusTrace" : "  File \"/home/runner/work/auto-tests-python/auto-tests-python/pages/base_page.py\", line 82, in wait_url_to_be\n    Wait(self.driver, self.timeout).until(\n  File \"/opt/hostedtoolcache/Python/3.12.6/x64/lib/python3.12/site-packages/selenium/webdriver/support/wait.py\", line 95, in until\n    raise TimeoutException(message, screen, stacktrace)\n",
        "steps" : [ ],
        "attachments" : [ ],
        "parameters" : [ ],
        "stepsCount" : 0,
        "attachmentsCount" : 0,
        "shouldDisplayMessage" : true,
        "hasContent" : true
      } ],
      "attachments" : [ ],
      "parameters" : [ ],
      "stepsCount" : 1,
      "attachmentsCount" : 0,
      "shouldDisplayMessage" : false,
      "hasContent" : true
    } ],
    "attachments" : [ ],
    "parameters" : [ ],
    "stepsCount" : 6,
    "attachmentsCount" : 0,
    "shouldDisplayMessage" : true,
    "hasContent" : true
  },
  "afterStages" : [ {
    "name" : "driver::0",
    "time" : {
      "start" : 1727402209069,
      "stop" : 1727402209163,
      "duration" : 94
    },
    "status" : "passed",
    "steps" : [ ],
    "attachments" : [ ],
    "parameters" : [ ],
    "stepsCount" : 0,
    "attachmentsCount" : 0,
    "shouldDisplayMessage" : false,
    "hasContent" : false
  } ],
  "labels" : [ {
    "name" : "suite",
    "value" : "Speech exercises EN."
  }, {
    "name" : "epic",
    "value" : "Speech exercises."
  }, {
    "name" : "tag",
    "value" : "@pytest.mark.xfail"
  }, {
    "name" : "parentSuite",
    "value" : "tests"
  }, {
    "name" : "subSuite",
    "value" : "TestCardsEN"
  }, {
    "name" : "host",
    "value" : "fv-az1198-713"
  }, {
    "name" : "thread",
    "value" : "2251-MainThread"
  }, {
    "name" : "framework",
    "value" : "pytest"
  }, {
    "name" : "language",
    "value" : "cpython3"
  }, {
    "name" : "package",
    "value" : "tests.test_speech_exercises_en"
  }, {
    "name" : "resultFormat",
    "value" : "allure2"
  } ],
  "parameters" : [ ],
  "links" : [ ],
  "hidden" : false,
  "retry" : false,
  "extra" : {
    "severity" : "normal",
    "retries" : [ ],
    "categories" : [ ],
    "history" : {
      "statistic" : {
        "failed" : 0,
        "broken" : 0,
        "skipped" : 4,
        "passed" : 41,
        "unknown" : 0,
        "total" : 45
      },
      "items" : [ {
        "uid" : "e911086b16725f13",
        "reportUrl" : "https://lambotik.github.io/auto-tests-python/44//#testresult/e911086b16725f13",
        "status" : "skipped",
        "statusDetails" : "XFAIL\n\nselenium.common.exceptions.TimeoutException: Message: Can't find element by locator ('xpath', '//button[@data-test-active-link=\"Words\"]')\nStacktrace:\n#0 0x56369de6113a <unknown>\n#1 0x56369db475e0 <unknown>\n#2 0x56369db96be8 <unknown>\n#3 0x56369db96e81 <unknown>\n#4 0x56369dbdd8c4 <unknown>\n#5 0x56369dbbbb4d <unknown>\n#6 0x56369dbdad7d <unknown>\n#7 0x56369dbbb8c3 <unknown>\n#8 0x56369db896b3 <unknown>\n#9 0x56369db8a68e <unknown>\n#10 0x56369de2bb3b <unknown>\n#11 0x56369de2fac1 <unknown>\n#12 0x56369de18335 <unknown>\n#13 0x56369de30642 <unknown>\n#14 0x56369ddfd49f <unknown>\n#15 0x56369de50038 <unknown>\n#16 0x56369de50203 <unknown>\n#17 0x56369de5ff8c <unknown>\n#18 0x7f7a20e94ac3 <unknown>",
        "time" : {
          "start" : 1727315699582,
          "stop" : 1727315720205,
          "duration" : 20623
        }
      }, {
        "uid" : "9dc814199140d3fb",
        "reportUrl" : "https://lambotik.github.io/auto-tests-python/43//#testresult/9dc814199140d3fb",
        "status" : "passed",
        "statusDetails" : "XPASS",
        "time" : {
          "start" : 1727229251490,
          "stop" : 1727229314860,
          "duration" : 63370
        }
      }, {
        "uid" : "dc3e6438b6c7277b",
        "reportUrl" : "https://lambotik.github.io/auto-tests-python/42//#testresult/dc3e6438b6c7277b",
        "status" : "skipped",
        "statusDetails" : "XFAIL\n\nrequests.exceptions.JSONDecodeError: Expecting value: line 1 column 1 (char 0)",
        "time" : {
          "start" : 1727142810441,
          "stop" : 1727142875959,
          "duration" : 65518
        }
      }, {
        "uid" : "f06f47033459329b",
        "reportUrl" : "https://lambotik.github.io/auto-tests-python/41//#testresult/f06f47033459329b",
        "status" : "passed",
        "statusDetails" : "XPASS",
        "time" : {
          "start" : 1727056284330,
          "stop" : 1727056292633,
          "duration" : 8303
        }
      }, {
        "uid" : "8015c51bf4bf50b5",
        "reportUrl" : "https://lambotik.github.io/auto-tests-python/40//#testresult/8015c51bf4bf50b5",
        "status" : "passed",
        "statusDetails" : "XPASS",
        "time" : {
          "start" : 1726970214603,
          "stop" : 1726970222868,
          "duration" : 8265
        }
      }, {
        "uid" : "d91e24e82c0918fd",
        "reportUrl" : "https://lambotik.github.io/auto-tests-python/39//#testresult/d91e24e82c0918fd",
        "status" : "passed",
        "statusDetails" : "XPASS",
        "time" : {
          "start" : 1726883211497,
          "stop" : 1726883220117,
          "duration" : 8620
        }
      }, {
        "uid" : "5fc2a640f0e0fb43",
        "reportUrl" : "https://lambotik.github.io/auto-tests-python/38//#testresult/5fc2a640f0e0fb43",
        "status" : "passed",
        "statusDetails" : "XPASS",
        "time" : {
          "start" : 1726796961292,
          "stop" : 1726796969365,
          "duration" : 8073
        }
      }, {
        "uid" : "6a27676d7cb57b2",
        "reportUrl" : "https://lambotik.github.io/auto-tests-python/37//#testresult/6a27676d7cb57b2",
        "status" : "passed",
        "statusDetails" : "XPASS",
        "time" : {
          "start" : 1726710545078,
          "stop" : 1726710553147,
          "duration" : 8069
        }
      }, {
        "uid" : "49e805f0f39d63aa",
        "reportUrl" : "https://lambotik.github.io/auto-tests-python/12//#testresult/49e805f0f39d63aa",
        "status" : "passed",
        "statusDetails" : "XPASS",
        "time" : {
          "start" : 1726650483013,
          "stop" : 1726650493267,
          "duration" : 10254
        }
      }, {
        "uid" : "2a3cbff99c9e8198",
        "reportUrl" : "https://lambotik.github.io/auto-tests-python/11//#testresult/2a3cbff99c9e8198",
        "status" : "passed",
        "statusDetails" : "XPASS",
        "time" : {
          "start" : 1726648199658,
          "stop" : 1726648209389,
          "duration" : 9731
        }
      }, {
        "uid" : "eb369536947c898f",
        "reportUrl" : "https://lambotik.github.io/auto-tests-python/36//#testresult/eb369536947c898f",
        "status" : "passed",
        "statusDetails" : "XPASS",
        "time" : {
          "start" : 1726624025889,
          "stop" : 1726624035694,
          "duration" : 9805
        }
      }, {
        "uid" : "cca3b8fd9cd181b9",
        "reportUrl" : "https://lambotik.github.io/auto-tests-python/10//#testresult/cca3b8fd9cd181b9",
        "status" : "passed",
        "statusDetails" : "XPASS",
        "time" : {
          "start" : 1726573125511,
          "stop" : 1726573138032,
          "duration" : 12521
        }
      }, {
        "uid" : "2a30e041dbce3594",
        "reportUrl" : "https://lambotik.github.io/auto-tests-python/9//#testresult/2a30e041dbce3594",
        "status" : "passed",
        "statusDetails" : "XPASS",
        "time" : {
          "start" : 1726572397590,
          "stop" : 1726572405422,
          "duration" : 7832
        }
      }, {
        "uid" : "c8ceefced796418f",
        "reportUrl" : "https://lambotik.github.io/auto-tests-python/8//#testresult/c8ceefced796418f",
        "status" : "passed",
        "statusDetails" : "XPASS",
        "time" : {
          "start" : 1726568760969,
          "stop" : 1726568771046,
          "duration" : 10077
        }
      }, {
        "uid" : "6cc71f0bf2c8463c",
        "reportUrl" : "https://lambotik.github.io/auto-tests-python/32//#testresult/6cc71f0bf2c8463c",
        "status" : "passed",
        "statusDetails" : "XPASS",
        "time" : {
          "start" : 1718215179414,
          "stop" : 1718215187772,
          "duration" : 8358
        }
      }, {
        "uid" : "6980c308644106cc",
        "reportUrl" : "https://lambotik.github.io/auto-tests-python/4//#testresult/6980c308644106cc",
        "status" : "passed",
        "statusDetails" : "XPASS",
        "time" : {
          "start" : 1718215186493,
          "stop" : 1718215194573,
          "duration" : 8080
        }
      }, {
        "uid" : "97982ac7a30ea333",
        "reportUrl" : "https://lambotik.github.io/auto-tests-python/3//#testresult/97982ac7a30ea333",
        "status" : "passed",
        "statusDetails" : "XPASS",
        "time" : {
          "start" : 1718214895545,
          "stop" : 1718214905520,
          "duration" : 9975
        }
      }, {
        "uid" : "c3a4c93cbd5a2da2",
        "reportUrl" : "https://lambotik.github.io/auto-tests-python/31//#testresult/c3a4c93cbd5a2da2",
        "status" : "passed",
        "statusDetails" : "XPASS",
        "time" : {
          "start" : 1718152759236,
          "stop" : 1718152768640,
          "duration" : 9404
        }
      }, {
        "uid" : "5a37b33a7bf4482d",
        "reportUrl" : "https://lambotik.github.io/auto-tests-python/30//#testresult/5a37b33a7bf4482d",
        "status" : "passed",
        "statusDetails" : "XPASS",
        "time" : {
          "start" : 1718066457971,
          "stop" : 1718066467602,
          "duration" : 9631
        }
      }, {
        "uid" : "50a36887cf55d0c6",
        "reportUrl" : "https://lambotik.github.io/auto-tests-python/29//#testresult/50a36887cf55d0c6",
        "status" : "passed",
        "statusDetails" : "XPASS",
        "time" : {
          "start" : 1717980024771,
          "stop" : 1717980033689,
          "duration" : 8918
        }
      } ]
    },
    "tags" : [ "@pytest.mark.xfail" ]
  },
  "source" : "c4f89c0e55e67692.json",
  "parameterValues" : [ ]
}