{
  "uid" : "f74fb0ff22fabc0a",
  "name" : "Select random card from \"Word\" group and compare UI vs BACKEND data",
  "fullName" : "tests.test_speech_exercises_en.TestCardsEN#test_random_word_cards_en",
  "historyId" : "84999af5e98c6318908a9abbfe6fc3a3",
  "time" : {
    "start" : 1727402126187,
    "stop" : 1727402146318,
    "duration" : 20131
  },
  "status" : "skipped",
  "statusMessage" : "XFAIL\n\nselenium.common.exceptions.TimeoutException: Message: Can't find element by locator ('xpath', '//button[@data-test-active-link=\"Words\"]')\nStacktrace:\n#0 0x55dbb6d9c13a <unknown>\n#1 0x55dbb6a825e0 <unknown>\n#2 0x55dbb6ad1be8 <unknown>\n#3 0x55dbb6ad1e81 <unknown>\n#4 0x55dbb6b188c4 <unknown>\n#5 0x55dbb6af6b4d <unknown>\n#6 0x55dbb6b15d7d <unknown>\n#7 0x55dbb6af68c3 <unknown>\n#8 0x55dbb6ac46b3 <unknown>\n#9 0x55dbb6ac568e <unknown>\n#10 0x55dbb6d66b3b <unknown>\n#11 0x55dbb6d6aac1 <unknown>\n#12 0x55dbb6d53335 <unknown>\n#13 0x55dbb6d6b642 <unknown>\n#14 0x55dbb6d3849f <unknown>\n#15 0x55dbb6d8b038 <unknown>\n#16 0x55dbb6d8b203 <unknown>\n#17 0x55dbb6d9af8c <unknown>\n#18 0x7f46efc94ac3 <unknown>",
  "statusTrace" : "self = <tests.test_speech_exercises_en.TestCardsEN object at 0x7f4a724b6810>\ndriver = <selenium.webdriver.chrome.webdriver.WebDriver (session=\"faa4dabdf16e469ff4df044225f7624d\")>\nspecialist_user_authorized = None\n\n    @pytest.mark.xfail\n    @allure.suite(\"Speech exercises EN.\")\n    @allure.title('Select random card from \"Word\" group and compare UI vs BACKEND data')\n    def test_random_word_cards_en(self, driver, specialist_user_authorized):\n        page = SpeechExercisesPage(driver)\n>       page.select_group(SpeechExercisesPageLocators.WORDS_BUTTON_EN)\n\ntests/test_speech_exercises_en.py:16: \n_ _ _ _ _ _ _ _ _ _ _ _ _ _ _ _ _ _ _ _ _ _ _ _ _ _ _ _ _ _ _ _ _ _ _ _ _ _ _ _ \npages/speech_exercises_page_en.py:19: in select_group\n    text_of_the_button = self.element_is_present_and_clickable(selector_for_sub_group)\npages/base_page.py:32: in element_is_present_and_clickable\n    return (Wait(self.driver, self.timeout).until(\n_ _ _ _ _ _ _ _ _ _ _ _ _ _ _ _ _ _ _ _ _ _ _ _ _ _ _ _ _ _ _ _ _ _ _ _ _ _ _ _ \n\nself = <selenium.webdriver.support.wait.WebDriverWait (session=\"faa4dabdf16e469ff4df044225f7624d\")>\nmethod = <function visibility_of_element_located.<locals>._predicate at 0x7f4a721d1120>\nmessage = 'Can\\'t find element by locator (\\'xpath\\', \\'//button[@data-test-active-link=\"Words\"]\\')'\n\n    def until(self, method, message: str = \"\"):\n        \"\"\"Calls the method provided with the driver as an argument until the \\\n        return value does not evaluate to ``False``.\n    \n        :param method: callable(WebDriver)\n        :param message: optional message for :exc:`TimeoutException`\n        :returns: the result of the last call to `method`\n        :raises: :exc:`selenium.common.exceptions.TimeoutException` if timeout occurs\n        \"\"\"\n        screen = None\n        stacktrace = None\n    \n        end_time = time.monotonic() + self._timeout\n        while True:\n            try:\n                value = method(self._driver)\n                if value:\n                    return value\n            except self._ignored_exceptions as exc:\n                screen = getattr(exc, \"screen\", None)\n                stacktrace = getattr(exc, \"stacktrace\", None)\n            time.sleep(self._poll)\n            if time.monotonic() > end_time:\n                break\n>       raise TimeoutException(message, screen, stacktrace)\nE       selenium.common.exceptions.TimeoutException: Message: Can't find element by locator ('xpath', '//button[@data-test-active-link=\"Words\"]')\nE       Stacktrace:\nE       #0 0x55dbb6d9c13a <unknown>\nE       #1 0x55dbb6a825e0 <unknown>\nE       #2 0x55dbb6ad1be8 <unknown>\nE       #3 0x55dbb6ad1e81 <unknown>\nE       #4 0x55dbb6b188c4 <unknown>\nE       #5 0x55dbb6af6b4d <unknown>\nE       #6 0x55dbb6b15d7d <unknown>\nE       #7 0x55dbb6af68c3 <unknown>\nE       #8 0x55dbb6ac46b3 <unknown>\nE       #9 0x55dbb6ac568e <unknown>\nE       #10 0x55dbb6d66b3b <unknown>\nE       #11 0x55dbb6d6aac1 <unknown>\nE       #12 0x55dbb6d53335 <unknown>\nE       #13 0x55dbb6d6b642 <unknown>\nE       #14 0x55dbb6d3849f <unknown>\nE       #15 0x55dbb6d8b038 <unknown>\nE       #16 0x55dbb6d8b203 <unknown>\nE       #17 0x55dbb6d9af8c <unknown>\nE       #18 0x7f46efc94ac3 <unknown>\n\n/opt/hostedtoolcache/Python/3.12.6/x64/lib/python3.12/site-packages/selenium/webdriver/support/wait.py:95: TimeoutException",
  "flaky" : false,
  "newFailed" : false,
  "beforeStages" : [ {
    "name" : "clear_allure_results_folder",
    "time" : {
      "start" : 1727401334660,
      "stop" : 1727401334660,
      "duration" : 0
    },
    "status" : "passed",
    "steps" : [ ],
    "attachments" : [ ],
    "parameters" : [ ],
    "stepsCount" : 0,
    "attachmentsCount" : 0,
    "shouldDisplayMessage" : false,
    "hasContent" : false
  }, {
    "name" : "main_page_open",
    "time" : {
      "start" : 1727402118611,
      "stop" : 1727402122768,
      "duration" : 4157
    },
    "status" : "passed",
    "steps" : [ {
      "name" : "Open page: https://brainup.site/",
      "time" : {
        "start" : 1727402118611,
        "stop" : 1727402122768,
        "duration" : 4157
      },
      "status" : "passed",
      "steps" : [ ],
      "attachments" : [ ],
      "parameters" : [ {
        "name" : "driver",
        "value" : "<selenium.webdriver.chrome.webdriver.WebDriver (session=\"faa4dabdf16e469ff4df044225f7624d\")>"
      } ],
      "stepsCount" : 0,
      "attachmentsCount" : 0,
      "shouldDisplayMessage" : false,
      "hasContent" : true
    } ],
    "attachments" : [ ],
    "parameters" : [ ],
    "stepsCount" : 1,
    "attachmentsCount" : 0,
    "shouldDisplayMessage" : false,
    "hasContent" : true
  }, {
    "name" : "driver",
    "time" : {
      "start" : 1727402117858,
      "stop" : 1727402118611,
      "duration" : 753
    },
    "status" : "passed",
    "steps" : [ ],
    "attachments" : [ ],
    "parameters" : [ ],
    "stepsCount" : 0,
    "attachmentsCount" : 0,
    "shouldDisplayMessage" : false,
    "hasContent" : false
  }, {
    "name" : "specialist_user_authorized",
    "time" : {
      "start" : 1727402122768,
      "stop" : 1727402126187,
      "duration" : 3419
    },
    "status" : "passed",
    "steps" : [ {
      "name" : "USER specialist authorized",
      "time" : {
        "start" : 1727402122769,
        "stop" : 1727402126187,
        "duration" : 3418
      },
      "status" : "passed",
      "steps" : [ {
        "name" : "Check url is present: https://brainup.site/groups",
        "time" : {
          "start" : 1727402123139,
          "stop" : 1727402126164,
          "duration" : 3025
        },
        "status" : "passed",
        "steps" : [ ],
        "attachments" : [ ],
        "parameters" : [ ],
        "stepsCount" : 0,
        "attachmentsCount" : 0,
        "shouldDisplayMessage" : false,
        "hasContent" : false
      }, {
        "name" : "Loader checking",
        "time" : {
          "start" : 1727402126164,
          "stop" : 1727402126187,
          "duration" : 23
        },
        "status" : "passed",
        "steps" : [ ],
        "attachments" : [ ],
        "parameters" : [ ],
        "stepsCount" : 0,
        "attachmentsCount" : 0,
        "shouldDisplayMessage" : false,
        "hasContent" : false
      } ],
      "attachments" : [ ],
      "parameters" : [ {
        "name" : "driver",
        "value" : "<selenium.webdriver.chrome.webdriver.WebDriver (session=\"faa4dabdf16e469ff4df044225f7624d\")>"
      }, {
        "name" : "main_page_open",
        "value" : "None"
      } ],
      "stepsCount" : 2,
      "attachmentsCount" : 0,
      "shouldDisplayMessage" : false,
      "hasContent" : true
    } ],
    "attachments" : [ ],
    "parameters" : [ ],
    "stepsCount" : 3,
    "attachmentsCount" : 0,
    "shouldDisplayMessage" : false,
    "hasContent" : true
  } ],
  "testStage" : {
    "status" : "skipped",
    "statusMessage" : "XFAIL\n\nselenium.common.exceptions.TimeoutException: Message: Can't find element by locator ('xpath', '//button[@data-test-active-link=\"Words\"]')\nStacktrace:\n#0 0x55dbb6d9c13a <unknown>\n#1 0x55dbb6a825e0 <unknown>\n#2 0x55dbb6ad1be8 <unknown>\n#3 0x55dbb6ad1e81 <unknown>\n#4 0x55dbb6b188c4 <unknown>\n#5 0x55dbb6af6b4d <unknown>\n#6 0x55dbb6b15d7d <unknown>\n#7 0x55dbb6af68c3 <unknown>\n#8 0x55dbb6ac46b3 <unknown>\n#9 0x55dbb6ac568e <unknown>\n#10 0x55dbb6d66b3b <unknown>\n#11 0x55dbb6d6aac1 <unknown>\n#12 0x55dbb6d53335 <unknown>\n#13 0x55dbb6d6b642 <unknown>\n#14 0x55dbb6d3849f <unknown>\n#15 0x55dbb6d8b038 <unknown>\n#16 0x55dbb6d8b203 <unknown>\n#17 0x55dbb6d9af8c <unknown>\n#18 0x7f46efc94ac3 <unknown>",
    "statusTrace" : "self = <tests.test_speech_exercises_en.TestCardsEN object at 0x7f4a724b6810>\ndriver = <selenium.webdriver.chrome.webdriver.WebDriver (session=\"faa4dabdf16e469ff4df044225f7624d\")>\nspecialist_user_authorized = None\n\n    @pytest.mark.xfail\n    @allure.suite(\"Speech exercises EN.\")\n    @allure.title('Select random card from \"Word\" group and compare UI vs BACKEND data')\n    def test_random_word_cards_en(self, driver, specialist_user_authorized):\n        page = SpeechExercisesPage(driver)\n>       page.select_group(SpeechExercisesPageLocators.WORDS_BUTTON_EN)\n\ntests/test_speech_exercises_en.py:16: \n_ _ _ _ _ _ _ _ _ _ _ _ _ _ _ _ _ _ _ _ _ _ _ _ _ _ _ _ _ _ _ _ _ _ _ _ _ _ _ _ \npages/speech_exercises_page_en.py:19: in select_group\n    text_of_the_button = self.element_is_present_and_clickable(selector_for_sub_group)\npages/base_page.py:32: in element_is_present_and_clickable\n    return (Wait(self.driver, self.timeout).until(\n_ _ _ _ _ _ _ _ _ _ _ _ _ _ _ _ _ _ _ _ _ _ _ _ _ _ _ _ _ _ _ _ _ _ _ _ _ _ _ _ \n\nself = <selenium.webdriver.support.wait.WebDriverWait (session=\"faa4dabdf16e469ff4df044225f7624d\")>\nmethod = <function visibility_of_element_located.<locals>._predicate at 0x7f4a721d1120>\nmessage = 'Can\\'t find element by locator (\\'xpath\\', \\'//button[@data-test-active-link=\"Words\"]\\')'\n\n    def until(self, method, message: str = \"\"):\n        \"\"\"Calls the method provided with the driver as an argument until the \\\n        return value does not evaluate to ``False``.\n    \n        :param method: callable(WebDriver)\n        :param message: optional message for :exc:`TimeoutException`\n        :returns: the result of the last call to `method`\n        :raises: :exc:`selenium.common.exceptions.TimeoutException` if timeout occurs\n        \"\"\"\n        screen = None\n        stacktrace = None\n    \n        end_time = time.monotonic() + self._timeout\n        while True:\n            try:\n                value = method(self._driver)\n                if value:\n                    return value\n            except self._ignored_exceptions as exc:\n                screen = getattr(exc, \"screen\", None)\n                stacktrace = getattr(exc, \"stacktrace\", None)\n            time.sleep(self._poll)\n            if time.monotonic() > end_time:\n                break\n>       raise TimeoutException(message, screen, stacktrace)\nE       selenium.common.exceptions.TimeoutException: Message: Can't find element by locator ('xpath', '//button[@data-test-active-link=\"Words\"]')\nE       Stacktrace:\nE       #0 0x55dbb6d9c13a <unknown>\nE       #1 0x55dbb6a825e0 <unknown>\nE       #2 0x55dbb6ad1be8 <unknown>\nE       #3 0x55dbb6ad1e81 <unknown>\nE       #4 0x55dbb6b188c4 <unknown>\nE       #5 0x55dbb6af6b4d <unknown>\nE       #6 0x55dbb6b15d7d <unknown>\nE       #7 0x55dbb6af68c3 <unknown>\nE       #8 0x55dbb6ac46b3 <unknown>\nE       #9 0x55dbb6ac568e <unknown>\nE       #10 0x55dbb6d66b3b <unknown>\nE       #11 0x55dbb6d6aac1 <unknown>\nE       #12 0x55dbb6d53335 <unknown>\nE       #13 0x55dbb6d6b642 <unknown>\nE       #14 0x55dbb6d3849f <unknown>\nE       #15 0x55dbb6d8b038 <unknown>\nE       #16 0x55dbb6d8b203 <unknown>\nE       #17 0x55dbb6d9af8c <unknown>\nE       #18 0x7f46efc94ac3 <unknown>\n\n/opt/hostedtoolcache/Python/3.12.6/x64/lib/python3.12/site-packages/selenium/webdriver/support/wait.py:95: TimeoutException",
    "steps" : [ {
      "name" : "select_group",
      "time" : {
        "start" : 1727402126188,
        "stop" : 1727402146317,
        "duration" : 20129
      },
      "status" : "broken",
      "statusMessage" : "selenium.common.exceptions.TimeoutException: Message: Can't find element by locator ('xpath', '//button[@data-test-active-link=\"Words\"]')\nStacktrace:\n#0 0x55dbb6d9c13a <unknown>\n#1 0x55dbb6a825e0 <unknown>\n#2 0x55dbb6ad1be8 <unknown>\n#3 0x55dbb6ad1e81 <unknown>\n#4 0x55dbb6b188c4 <unknown>\n#5 0x55dbb6af6b4d <unknown>\n#6 0x55dbb6b15d7d <unknown>\n#7 0x55dbb6af68c3 <unknown>\n#8 0x55dbb6ac46b3 <unknown>\n#9 0x55dbb6ac568e <unknown>\n#10 0x55dbb6d66b3b <unknown>\n#11 0x55dbb6d6aac1 <unknown>\n#12 0x55dbb6d53335 <unknown>\n#13 0x55dbb6d6b642 <unknown>\n#14 0x55dbb6d3849f <unknown>\n#15 0x55dbb6d8b038 <unknown>\n#16 0x55dbb6d8b203 <unknown>\n#17 0x55dbb6d9af8c <unknown>\n#18 0x7f46efc94ac3 <unknown>\n\n",
      "statusTrace" : "  File \"/opt/hostedtoolcache/Python/3.12.6/x64/lib/python3.12/site-packages/allure_commons/_allure.py\", line 192, in impl\n    return func(*a, **kw)\n           ^^^^^^^^^^^^^^\n  File \"/home/runner/work/auto-tests-python/auto-tests-python/pages/speech_exercises_page_en.py\", line 19, in select_group\n    text_of_the_button = self.element_is_present_and_clickable(selector_for_sub_group)\n                         ^^^^^^^^^^^^^^^^^^^^^^^^^^^^^^^^^^^^^^^^^^^^^^^^^^^^^^^^^^^^^\n  File \"/home/runner/work/auto-tests-python/auto-tests-python/pages/base_page.py\", line 32, in element_is_present_and_clickable\n    return (Wait(self.driver, self.timeout).until(\n            ^^^^^^^^^^^^^^^^^^^^^^^^^^^^^^^^^^^^^^\n  File \"/opt/hostedtoolcache/Python/3.12.6/x64/lib/python3.12/site-packages/selenium/webdriver/support/wait.py\", line 95, in until\n    raise TimeoutException(message, screen, stacktrace)\n",
      "steps" : [ {
        "name" : "Select Russian language. Click \"EN\" button.",
        "time" : {
          "start" : 1727402126188,
          "stop" : 1727402126246,
          "duration" : 58
        },
        "status" : "passed",
        "steps" : [ ],
        "attachments" : [ ],
        "parameters" : [ ],
        "stepsCount" : 0,
        "attachmentsCount" : 0,
        "shouldDisplayMessage" : false,
        "hasContent" : false
      }, {
        "name" : "Click button \"SPEECH EXERCISES\".",
        "time" : {
          "start" : 1727402126246,
          "stop" : 1727402126306,
          "duration" : 60
        },
        "status" : "passed",
        "steps" : [ ],
        "attachments" : [ ],
        "parameters" : [ ],
        "stepsCount" : 0,
        "attachmentsCount" : 0,
        "shouldDisplayMessage" : false,
        "hasContent" : false
      } ],
      "attachments" : [ ],
      "parameters" : [ {
        "name" : "selector_for_sub_group",
        "value" : "('xpath', '//button[@data-test-active-link=\"Words\"]')"
      } ],
      "stepsCount" : 2,
      "attachmentsCount" : 0,
      "shouldDisplayMessage" : true,
      "hasContent" : true
    } ],
    "attachments" : [ ],
    "parameters" : [ ],
    "stepsCount" : 3,
    "attachmentsCount" : 0,
    "shouldDisplayMessage" : true,
    "hasContent" : true
  },
  "afterStages" : [ {
    "name" : "driver::0",
    "time" : {
      "start" : 1727402146329,
      "stop" : 1727402146423,
      "duration" : 94
    },
    "status" : "passed",
    "steps" : [ ],
    "attachments" : [ ],
    "parameters" : [ ],
    "stepsCount" : 0,
    "attachmentsCount" : 0,
    "shouldDisplayMessage" : false,
    "hasContent" : false
  } ],
  "labels" : [ {
    "name" : "suite",
    "value" : "Speech exercises EN."
  }, {
    "name" : "epic",
    "value" : "Speech exercises."
  }, {
    "name" : "tag",
    "value" : "@pytest.mark.xfail"
  }, {
    "name" : "parentSuite",
    "value" : "tests"
  }, {
    "name" : "subSuite",
    "value" : "TestCardsEN"
  }, {
    "name" : "host",
    "value" : "fv-az1198-713"
  }, {
    "name" : "thread",
    "value" : "2251-MainThread"
  }, {
    "name" : "framework",
    "value" : "pytest"
  }, {
    "name" : "language",
    "value" : "cpython3"
  }, {
    "name" : "package",
    "value" : "tests.test_speech_exercises_en"
  }, {
    "name" : "resultFormat",
    "value" : "allure2"
  } ],
  "parameters" : [ ],
  "links" : [ ],
  "hidden" : false,
  "retry" : false,
  "extra" : {
    "severity" : "normal",
    "retries" : [ ],
    "categories" : [ ],
    "history" : {
      "statistic" : {
        "failed" : 0,
        "broken" : 0,
        "skipped" : 5,
        "passed" : 40,
        "unknown" : 0,
        "total" : 45
      },
      "items" : [ {
        "uid" : "b018c5ad8cc7ca37",
        "reportUrl" : "https://lambotik.github.io/auto-tests-python/44//#testresult/b018c5ad8cc7ca37",
        "status" : "skipped",
        "statusDetails" : "XFAIL\n\nselenium.common.exceptions.TimeoutException: Message: Url: https://brainup.site/groups/4/series/9/exercise/2555 has not been changed!!!",
        "time" : {
          "start" : 1727315635738,
          "stop" : 1727315690885,
          "duration" : 55147
        }
      }, {
        "uid" : "6cfa021f9f6cca1e",
        "reportUrl" : "https://lambotik.github.io/auto-tests-python/43//#testresult/6cfa021f9f6cca1e",
        "status" : "passed",
        "statusDetails" : "XPASS",
        "time" : {
          "start" : 1727229228816,
          "stop" : 1727229243058,
          "duration" : 14242
        }
      }, {
        "uid" : "938d80bf5cd48a06",
        "reportUrl" : "https://lambotik.github.io/auto-tests-python/42//#testresult/938d80bf5cd48a06",
        "status" : "skipped",
        "statusDetails" : "XFAIL\n\nselenium.common.exceptions.TimeoutException: Message: Can't find element by locator ('xpath', '//button[@data-test-active-link=\"Words\"]')\nStacktrace:\n#0 0x55aa2f7b62da <unknown>\n#1 0x55aa2f484200 <unknown>\n#2 0x55aa2f4d3aa2 <unknown>\n#3 0x55aa2f4d3d41 <unknown>\n#4 0x55aa2f519964 <unknown>\n#5 0x55aa2f4f88fd <unknown>\n#6 0x55aa2f516dfd <unknown>\n#7 0x55aa2f4f8673 <unknown>\n#8 0x55aa2f4c6473 <unknown>\n#9 0x55aa2f4c747e <unknown>\n#10 0x55aa2f77d0db <unknown>\n#11 0x55aa2f781071 <unknown>\n#12 0x55aa2f7699d5 <unknown>\n#13 0x55aa2f781bf2 <unknown>\n#14 0x55aa2f74eb6f <unknown>\n#15 0x55aa2f7a5248 <unknown>\n#16 0x55aa2f7a5417 <unknown>\n#17 0x55aa2f7b50cc <unknown>\n#18 0x7f6794294ac3 <unknown>",
        "time" : {
          "start" : 1727142756139,
          "stop" : 1727142776309,
          "duration" : 20170
        }
      }, {
        "uid" : "522f2de3328e4e7b",
        "reportUrl" : "https://lambotik.github.io/auto-tests-python/41//#testresult/522f2de3328e4e7b",
        "status" : "passed",
        "statusDetails" : "XPASS",
        "time" : {
          "start" : 1727056269949,
          "stop" : 1727056278488,
          "duration" : 8539
        }
      }, {
        "uid" : "460e0a3b8e5b9c8a",
        "reportUrl" : "https://lambotik.github.io/auto-tests-python/40//#testresult/460e0a3b8e5b9c8a",
        "status" : "passed",
        "statusDetails" : "XPASS",
        "time" : {
          "start" : 1726970199638,
          "stop" : 1726970208511,
          "duration" : 8873
        }
      }, {
        "uid" : "f91ac046e84d6bfe",
        "reportUrl" : "https://lambotik.github.io/auto-tests-python/39//#testresult/f91ac046e84d6bfe",
        "status" : "passed",
        "statusDetails" : "XPASS",
        "time" : {
          "start" : 1726883196653,
          "stop" : 1726883205460,
          "duration" : 8807
        }
      }, {
        "uid" : "8fbbd93449c35387",
        "reportUrl" : "https://lambotik.github.io/auto-tests-python/38//#testresult/8fbbd93449c35387",
        "status" : "passed",
        "statusDetails" : "XPASS",
        "time" : {
          "start" : 1726796945619,
          "stop" : 1726796955031,
          "duration" : 9412
        }
      }, {
        "uid" : "35dcd0cbc86d6675",
        "reportUrl" : "https://lambotik.github.io/auto-tests-python/37//#testresult/35dcd0cbc86d6675",
        "status" : "passed",
        "statusDetails" : "XPASS",
        "time" : {
          "start" : 1726710530386,
          "stop" : 1726710539160,
          "duration" : 8774
        }
      }, {
        "uid" : "ad6e3cee897c3b82",
        "reportUrl" : "https://lambotik.github.io/auto-tests-python/12//#testresult/ad6e3cee897c3b82",
        "status" : "passed",
        "statusDetails" : "XPASS",
        "time" : {
          "start" : 1726650466584,
          "stop" : 1726650476846,
          "duration" : 10262
        }
      }, {
        "uid" : "5803365c57741ba8",
        "reportUrl" : "https://lambotik.github.io/auto-tests-python/11//#testresult/5803365c57741ba8",
        "status" : "passed",
        "statusDetails" : "XPASS",
        "time" : {
          "start" : 1726648182148,
          "stop" : 1726648191837,
          "duration" : 9689
        }
      }, {
        "uid" : "906e329054958c52",
        "reportUrl" : "https://lambotik.github.io/auto-tests-python/36//#testresult/906e329054958c52",
        "status" : "passed",
        "statusDetails" : "XPASS",
        "time" : {
          "start" : 1726624010555,
          "stop" : 1726624019715,
          "duration" : 9160
        }
      }, {
        "uid" : "aee6af006db54739",
        "reportUrl" : "https://lambotik.github.io/auto-tests-python/10//#testresult/aee6af006db54739",
        "status" : "skipped",
        "statusDetails" : "XFAIL\n\nselenium.common.exceptions.TimeoutException: Message: Url: https://brainup.site/groups/4/series/9/subgroup/151/exercise/2491 has not been changed!!!",
        "time" : {
          "start" : 1726573066824,
          "stop" : 1726573092720,
          "duration" : 25896
        }
      }, {
        "uid" : "d323bfe55d034837",
        "reportUrl" : "https://lambotik.github.io/auto-tests-python/9//#testresult/d323bfe55d034837",
        "status" : "passed",
        "statusDetails" : "XPASS",
        "time" : {
          "start" : 1726572383012,
          "stop" : 1726572391493,
          "duration" : 8481
        }
      }, {
        "uid" : "839941e48e6266c4",
        "reportUrl" : "https://lambotik.github.io/auto-tests-python/8//#testresult/839941e48e6266c4",
        "status" : "passed",
        "statusDetails" : "XPASS",
        "time" : {
          "start" : 1726568745118,
          "stop" : 1726568754379,
          "duration" : 9261
        }
      }, {
        "uid" : "6d0f65cce3f41c5d",
        "reportUrl" : "https://lambotik.github.io/auto-tests-python/32//#testresult/6d0f65cce3f41c5d",
        "status" : "passed",
        "statusDetails" : "XPASS",
        "time" : {
          "start" : 1718215164646,
          "stop" : 1718215173447,
          "duration" : 8801
        }
      }, {
        "uid" : "c182432607d7d3b5",
        "reportUrl" : "https://lambotik.github.io/auto-tests-python/4//#testresult/c182432607d7d3b5",
        "status" : "passed",
        "statusDetails" : "XPASS",
        "time" : {
          "start" : 1718215172378,
          "stop" : 1718215180996,
          "duration" : 8618
        }
      }, {
        "uid" : "be0006608bae2972",
        "reportUrl" : "https://lambotik.github.io/auto-tests-python/3//#testresult/be0006608bae2972",
        "status" : "passed",
        "statusDetails" : "XPASS",
        "time" : {
          "start" : 1718214878738,
          "stop" : 1718214889139,
          "duration" : 10401
        }
      }, {
        "uid" : "ff3dec57ae43ea1f",
        "reportUrl" : "https://lambotik.github.io/auto-tests-python/31//#testresult/ff3dec57ae43ea1f",
        "status" : "passed",
        "statusDetails" : "XPASS",
        "time" : {
          "start" : 1718152741867,
          "stop" : 1718152752939,
          "duration" : 11072
        }
      }, {
        "uid" : "6da9fd6c57dd2bc1",
        "reportUrl" : "https://lambotik.github.io/auto-tests-python/30//#testresult/6da9fd6c57dd2bc1",
        "status" : "passed",
        "statusDetails" : "XPASS",
        "time" : {
          "start" : 1718066437697,
          "stop" : 1718066450657,
          "duration" : 12960
        }
      }, {
        "uid" : "f08d8f7693fab6f",
        "reportUrl" : "https://lambotik.github.io/auto-tests-python/29//#testresult/f08d8f7693fab6f",
        "status" : "passed",
        "statusDetails" : "XPASS",
        "time" : {
          "start" : 1717980007436,
          "stop" : 1717980018542,
          "duration" : 11106
        }
      } ]
    },
    "tags" : [ "@pytest.mark.xfail" ]
  },
  "source" : "f74fb0ff22fabc0a.json",
  "parameterValues" : [ ]
}