{
  "uid" : "2a7dcbc6b6992958",
  "name" : "Solutions to a random task in the \"Слова Королёвой\" .",
  "fullName" : "tests.test_speech_exercises_ru.TestCardsRU#test_solve_koroleva_cards_ru",
  "historyId" : "c9fe4fbd9394e2fb5a6898be66ba433b",
  "time" : {
    "start" : 1728611051313,
    "stop" : 1728611051313,
    "duration" : 0
  },
  "status" : "skipped",
  "statusMessage" : "XFAIL\n\nselenium.common.exceptions.WebDriverException: Message: unknown error: net::ERR_CONNECTION_REFUSED\n  (Session info: chrome=129.0.6668.89)\nStacktrace:\n#0 0x555b8557002a <unknown>\n#1 0x555b852565e0 <unknown>\n#2 0x555b8524e7eb <unknown>\n#3 0x555b8523ea09 <unknown>\n#4 0x555b85240744 <unknown>\n#5 0x555b8523ecbd <unknown>\n#6 0x555b8523e52f <unknown>\n#7 0x555b8523e422 <unknown>\n#8 0x555b8523c493 <unknown>\n#9 0x555b8523cada <unknown>\n#10 0x555b85258f41 <unknown>\n#11 0x555b852ea8c5 <unknown>\n#12 0x555b852cab22 <unknown>\n#13 0x555b852e9d7d <unknown>\n#14 0x555b852ca8c3 <unknown>\n#15 0x555b852986b3 <unknown>\n#16 0x555b8529968e <unknown>\n#17 0x555b8553aa2b <unknown>\n#18 0x555b8553e9b1 <unknown>\n#19 0x555b85527225 <unknown>\n#20 0x555b8553f532 <unknown>\n#21 0x555b8550c38f <unknown>\n#22 0x555b8555ef28 <unknown>\n#23 0x555b8555f0f3 <unknown>\n#24 0x555b8556ee7c <unknown>\n#25 0x7f181d294ac3 <unknown>",
  "statusTrace" : "driver = <selenium.webdriver.chrome.webdriver.WebDriver (session=\"67384c30f1ca68ec38c80df98f825173\")>\n\n    @pytest.fixture()\n    @allure.step(f'Open page: {MainPageLinks.URL_MAIN_PAGE}')\n    def main_page_open(driver):\n>       driver.get(MainPageLinks.URL_MAIN_PAGE)\n\ntests/conftest.py:22: \n_ _ _ _ _ _ _ _ _ _ _ _ _ _ _ _ _ _ _ _ _ _ _ _ _ _ _ _ _ _ _ _ _ _ _ _ _ _ _ _ \n/opt/hostedtoolcache/Python/3.12.7/x64/lib/python3.12/site-packages/selenium/webdriver/remote/webdriver.py:353: in get\n    self.execute(Command.GET, {\"url\": url})\n/opt/hostedtoolcache/Python/3.12.7/x64/lib/python3.12/site-packages/selenium/webdriver/remote/webdriver.py:344: in execute\n    self.error_handler.check_response(response)\n_ _ _ _ _ _ _ _ _ _ _ _ _ _ _ _ _ _ _ _ _ _ _ _ _ _ _ _ _ _ _ _ _ _ _ _ _ _ _ _ \n\nself = <selenium.webdriver.remote.errorhandler.ErrorHandler object at 0x7f3bf884c950>\nresponse = {'status': 500, 'value': '{\"value\":{\"error\":\"unknown error\",\"message\":\"unknown error: net::ERR_CONNECTION_REFUSED\\\\n  ...\\\\n#23 0x555b8555f0f3 \\\\u003Cunknown>\\\\n#24 0x555b8556ee7c \\\\u003Cunknown>\\\\n#25 0x7f181d294ac3 \\\\u003Cunknown>\\\\n\"}}'}\n\n    def check_response(self, response: Dict[str, Any]) -> None:\n        \"\"\"Checks that a JSON response from the WebDriver does not have an\n        error.\n    \n        :Args:\n         - response - The JSON response from the WebDriver server as a dictionary\n           object.\n    \n        :Raises: If the response contains an error message.\n        \"\"\"\n        status = response.get(\"status\", None)\n        if not status or status == ErrorCode.SUCCESS:\n            return\n        value = None\n        message = response.get(\"message\", \"\")\n        screen: str = response.get(\"screen\", \"\")\n        stacktrace = None\n        if isinstance(status, int):\n            value_json = response.get(\"value\", None)\n            if value_json and isinstance(value_json, str):\n                import json\n    \n                try:\n                    value = json.loads(value_json)\n                    if len(value) == 1:\n                        value = value[\"value\"]\n                    status = value.get(\"error\", None)\n                    if not status:\n                        status = value.get(\"status\", ErrorCode.UNKNOWN_ERROR)\n                        message = value.get(\"value\") or value.get(\"message\")\n                        if not isinstance(message, str):\n                            value = message\n                            message = message.get(\"message\")\n                    else:\n                        message = value.get(\"message\", None)\n                except ValueError:\n                    pass\n    \n        exception_class: Type[WebDriverException]\n        e = ErrorCode()\n        error_codes = [item for item in dir(e) if not item.startswith(\"__\")]\n        for error_code in error_codes:\n            error_info = getattr(ErrorCode, error_code)\n            if isinstance(error_info, list) and status in error_info:\n                exception_class = getattr(ExceptionMapping, error_code, WebDriverException)\n                break\n        else:\n            exception_class = WebDriverException\n    \n        if not value:\n            value = response[\"value\"]\n        if isinstance(value, str):\n            raise exception_class(value)\n        if message == \"\" and \"message\" in value:\n            message = value[\"message\"]\n    \n        screen = None  # type: ignore[assignment]\n        if \"screen\" in value:\n            screen = value[\"screen\"]\n    \n        stacktrace = None\n        st_value = value.get(\"stackTrace\") or value.get(\"stacktrace\")\n        if st_value:\n            if isinstance(st_value, str):\n                stacktrace = st_value.split(\"\\n\")\n            else:\n                stacktrace = []\n                try:\n                    for frame in st_value:\n                        line = frame.get(\"lineNumber\", \"\")\n                        file = frame.get(\"fileName\", \"<anonymous>\")\n                        if line:\n                            file = f\"{file}:{line}\"\n                        meth = frame.get(\"methodName\", \"<anonymous>\")\n                        if \"className\" in frame:\n                            meth = f\"{frame['className']}.{meth}\"\n                        msg = \"    at %s (%s)\"\n                        msg = msg % (meth, file)\n                        stacktrace.append(msg)\n                except TypeError:\n                    pass\n        if exception_class == UnexpectedAlertPresentException:\n            alert_text = None\n            if \"data\" in value:\n                alert_text = value[\"data\"].get(\"text\")\n            elif \"alert\" in value:\n                alert_text = value[\"alert\"].get(\"text\")\n            raise exception_class(message, screen, stacktrace, alert_text)  # type: ignore[call-arg]  # mypy is not smart enough here\n>       raise exception_class(message, screen, stacktrace)\nE       selenium.common.exceptions.WebDriverException: Message: unknown error: net::ERR_CONNECTION_REFUSED\nE         (Session info: chrome=129.0.6668.89)\nE       Stacktrace:\nE       #0 0x555b8557002a <unknown>\nE       #1 0x555b852565e0 <unknown>\nE       #2 0x555b8524e7eb <unknown>\nE       #3 0x555b8523ea09 <unknown>\nE       #4 0x555b85240744 <unknown>\nE       #5 0x555b8523ecbd <unknown>\nE       #6 0x555b8523e52f <unknown>\nE       #7 0x555b8523e422 <unknown>\nE       #8 0x555b8523c493 <unknown>\nE       #9 0x555b8523cada <unknown>\nE       #10 0x555b85258f41 <unknown>\nE       #11 0x555b852ea8c5 <unknown>\nE       #12 0x555b852cab22 <unknown>\nE       #13 0x555b852e9d7d <unknown>\nE       #14 0x555b852ca8c3 <unknown>\nE       #15 0x555b852986b3 <unknown>\nE       #16 0x555b8529968e <unknown>\nE       #17 0x555b8553aa2b <unknown>\nE       #18 0x555b8553e9b1 <unknown>\nE       #19 0x555b85527225 <unknown>\nE       #20 0x555b8553f532 <unknown>\nE       #21 0x555b8550c38f <unknown>\nE       #22 0x555b8555ef28 <unknown>\nE       #23 0x555b8555f0f3 <unknown>\nE       #24 0x555b8556ee7c <unknown>\nE       #25 0x7f181d294ac3 <unknown>\n\n/opt/hostedtoolcache/Python/3.12.7/x64/lib/python3.12/site-packages/selenium/webdriver/remote/errorhandler.py:229: WebDriverException",
  "flaky" : false,
  "newFailed" : false,
  "beforeStages" : [ {
    "name" : "driver",
    "time" : {
      "start" : 1728611051313,
      "stop" : 1728611052085,
      "duration" : 772
    },
    "status" : "passed",
    "steps" : [ ],
    "attachments" : [ ],
    "parameters" : [ ],
    "stepsCount" : 0,
    "attachmentsCount" : 0,
    "shouldDisplayMessage" : false,
    "hasContent" : false
  }, {
    "name" : "main_page_open",
    "time" : {
      "start" : 1728611052085,
      "stop" : 1728611052510,
      "duration" : 425
    },
    "status" : "broken",
    "statusMessage" : "selenium.common.exceptions.WebDriverException: Message: unknown error: net::ERR_CONNECTION_REFUSED\n  (Session info: chrome=129.0.6668.89)\nStacktrace:\n#0 0x555b8557002a <unknown>\n#1 0x555b852565e0 <unknown>\n#2 0x555b8524e7eb <unknown>\n#3 0x555b8523ea09 <unknown>\n#4 0x555b85240744 <unknown>\n#5 0x555b8523ecbd <unknown>\n#6 0x555b8523e52f <unknown>\n#7 0x555b8523e422 <unknown>\n#8 0x555b8523c493 <unknown>\n#9 0x555b8523cada <unknown>\n#10 0x555b85258f41 <unknown>\n#11 0x555b852ea8c5 <unknown>\n#12 0x555b852cab22 <unknown>\n#13 0x555b852e9d7d <unknown>\n#14 0x555b852ca8c3 <unknown>\n#15 0x555b852986b3 <unknown>\n#16 0x555b8529968e <unknown>\n#17 0x555b8553aa2b <unknown>\n#18 0x555b8553e9b1 <unknown>\n#19 0x555b85527225 <unknown>\n#20 0x555b8553f532 <unknown>\n#21 0x555b8550c38f <unknown>\n#22 0x555b8555ef28 <unknown>\n#23 0x555b8555f0f3 <unknown>\n#24 0x555b8556ee7c <unknown>\n#25 0x7f181d294ac3 <unknown>\n\n",
    "statusTrace" : "  File \"/opt/hostedtoolcache/Python/3.12.7/x64/lib/python3.12/site-packages/pluggy/_callers.py\", line 103, in _multicall\n    res = hook_impl.function(*args)\n          ^^^^^^^^^^^^^^^^^^^^^^^^^\n  File \"/opt/hostedtoolcache/Python/3.12.7/x64/lib/python3.12/site-packages/_pytest/fixtures.py\", line 1123, in pytest_fixture_setup\n    result = call_fixture_func(fixturefunc, request, kwargs)\n             ^^^^^^^^^^^^^^^^^^^^^^^^^^^^^^^^^^^^^^^^^^^^^^^\n  File \"/opt/hostedtoolcache/Python/3.12.7/x64/lib/python3.12/site-packages/_pytest/fixtures.py\", line 902, in call_fixture_func\n    fixture_result = fixturefunc(**kwargs)\n                     ^^^^^^^^^^^^^^^^^^^^^\n  File \"/opt/hostedtoolcache/Python/3.12.7/x64/lib/python3.12/site-packages/allure_commons/_allure.py\", line 192, in impl\n    return func(*a, **kw)\n           ^^^^^^^^^^^^^^\n  File \"/home/runner/work/auto-tests-python/auto-tests-python/tests/conftest.py\", line 22, in main_page_open\n    driver.get(MainPageLinks.URL_MAIN_PAGE)\n  File \"/opt/hostedtoolcache/Python/3.12.7/x64/lib/python3.12/site-packages/selenium/webdriver/remote/webdriver.py\", line 353, in get\n    self.execute(Command.GET, {\"url\": url})\n  File \"/opt/hostedtoolcache/Python/3.12.7/x64/lib/python3.12/site-packages/selenium/webdriver/remote/webdriver.py\", line 344, in execute\n    self.error_handler.check_response(response)\n  File \"/opt/hostedtoolcache/Python/3.12.7/x64/lib/python3.12/site-packages/selenium/webdriver/remote/errorhandler.py\", line 229, in check_response\n    raise exception_class(message, screen, stacktrace)\n",
    "steps" : [ {
      "name" : "Open page: https://brainup.site/",
      "time" : {
        "start" : 1728611052085,
        "stop" : 1728611052510,
        "duration" : 425
      },
      "status" : "broken",
      "statusMessage" : "selenium.common.exceptions.WebDriverException: Message: unknown error: net::ERR_CONNECTION_REFUSED\n  (Session info: chrome=129.0.6668.89)\nStacktrace:\n#0 0x555b8557002a <unknown>\n#1 0x555b852565e0 <unknown>\n#2 0x555b8524e7eb <unknown>\n#3 0x555b8523ea09 <unknown>\n#4 0x555b85240744 <unknown>\n#5 0x555b8523ecbd <unknown>\n#6 0x555b8523e52f <unknown>\n#7 0x555b8523e422 <unknown>\n#8 0x555b8523c493 <unknown>\n#9 0x555b8523cada <unknown>\n#10 0x555b85258f41 <unknown>\n#11 0x555b852ea8c5 <unknown>\n#12 0x555b852cab22 <unknown>\n#13 0x555b852e9d7d <unknown>\n#14 0x555b852ca8c3 <unknown>\n#15 0x555b852986b3 <unknown>\n#16 0x555b8529968e <unknown>\n#17 0x555b8553aa2b <unknown>\n#18 0x555b8553e9b1 <unknown>\n#19 0x555b85527225 <unknown>\n#20 0x555b8553f532 <unknown>\n#21 0x555b8550c38f <unknown>\n#22 0x555b8555ef28 <unknown>\n#23 0x555b8555f0f3 <unknown>\n#24 0x555b8556ee7c <unknown>\n#25 0x7f181d294ac3 <unknown>\n\n",
      "statusTrace" : "  File \"/opt/hostedtoolcache/Python/3.12.7/x64/lib/python3.12/site-packages/allure_commons/_allure.py\", line 192, in impl\n    return func(*a, **kw)\n           ^^^^^^^^^^^^^^\n  File \"/home/runner/work/auto-tests-python/auto-tests-python/tests/conftest.py\", line 22, in main_page_open\n    driver.get(MainPageLinks.URL_MAIN_PAGE)\n  File \"/opt/hostedtoolcache/Python/3.12.7/x64/lib/python3.12/site-packages/selenium/webdriver/remote/webdriver.py\", line 353, in get\n    self.execute(Command.GET, {\"url\": url})\n  File \"/opt/hostedtoolcache/Python/3.12.7/x64/lib/python3.12/site-packages/selenium/webdriver/remote/webdriver.py\", line 344, in execute\n    self.error_handler.check_response(response)\n  File \"/opt/hostedtoolcache/Python/3.12.7/x64/lib/python3.12/site-packages/selenium/webdriver/remote/errorhandler.py\", line 229, in check_response\n    raise exception_class(message, screen, stacktrace)\n",
      "steps" : [ ],
      "attachments" : [ ],
      "parameters" : [ {
        "name" : "driver",
        "value" : "<selenium.webdriver.chrome.webdriver.WebDriver (session=\"67384c30f1ca68ec38c80df98f825173\")>"
      } ],
      "stepsCount" : 0,
      "attachmentsCount" : 0,
      "shouldDisplayMessage" : true,
      "hasContent" : true
    } ],
    "attachments" : [ ],
    "parameters" : [ ],
    "stepsCount" : 1,
    "attachmentsCount" : 0,
    "shouldDisplayMessage" : false,
    "hasContent" : true
  }, {
    "name" : "clear_allure_results_folder",
    "time" : {
      "start" : 1728610900918,
      "stop" : 1728610900918,
      "duration" : 0
    },
    "status" : "passed",
    "steps" : [ ],
    "attachments" : [ ],
    "parameters" : [ ],
    "stepsCount" : 0,
    "attachmentsCount" : 0,
    "shouldDisplayMessage" : false,
    "hasContent" : false
  } ],
  "afterStages" : [ {
    "name" : "driver::0",
    "time" : {
      "start" : 1728611052542,
      "stop" : 1728611052603,
      "duration" : 61
    },
    "status" : "passed",
    "steps" : [ ],
    "attachments" : [ ],
    "parameters" : [ ],
    "stepsCount" : 0,
    "attachmentsCount" : 0,
    "shouldDisplayMessage" : false,
    "hasContent" : false
  } ],
  "labels" : [ {
    "name" : "epic",
    "value" : "Speech exercises."
  }, {
    "name" : "suite",
    "value" : "Речевые упражнения."
  }, {
    "name" : "tag",
    "value" : "@pytest.mark.xfail"
  }, {
    "name" : "parentSuite",
    "value" : "tests"
  }, {
    "name" : "subSuite",
    "value" : "TestCardsRU"
  }, {
    "name" : "host",
    "value" : "fv-az740-570"
  }, {
    "name" : "thread",
    "value" : "2375-MainThread"
  }, {
    "name" : "framework",
    "value" : "pytest"
  }, {
    "name" : "language",
    "value" : "cpython3"
  }, {
    "name" : "package",
    "value" : "tests.test_speech_exercises_ru"
  }, {
    "name" : "resultFormat",
    "value" : "allure2"
  } ],
  "parameters" : [ ],
  "links" : [ ],
  "hidden" : false,
  "retry" : false,
  "extra" : {
    "severity" : "normal",
    "retries" : [ ],
    "categories" : [ ],
    "history" : {
      "statistic" : {
        "failed" : 0,
        "broken" : 0,
        "skipped" : 25,
        "passed" : 34,
        "unknown" : 0,
        "total" : 59
      },
      "items" : [ {
        "uid" : "26f8a214ad410b27",
        "reportUrl" : "https://lambotik.github.io/auto-tests-python/58//#testresult/26f8a214ad410b27",
        "status" : "passed",
        "statusDetails" : "XPASS",
        "time" : {
          "start" : 1728525287703,
          "stop" : 1728525311648,
          "duration" : 23945
        }
      }, {
        "uid" : "b5bbfcba030b4fd3",
        "reportUrl" : "https://lambotik.github.io/auto-tests-python/57//#testresult/b5bbfcba030b4fd3",
        "status" : "passed",
        "statusDetails" : "XPASS",
        "time" : {
          "start" : 1728438953023,
          "stop" : 1728439141690,
          "duration" : 188667
        }
      }, {
        "uid" : "5028b2fe967a9f63",
        "reportUrl" : "https://lambotik.github.io/auto-tests-python/56//#testresult/5028b2fe967a9f63",
        "status" : "passed",
        "statusDetails" : "XPASS",
        "time" : {
          "start" : 1728352556533,
          "stop" : 1728352580815,
          "duration" : 24282
        }
      }, {
        "uid" : "50f92db570c267e0",
        "reportUrl" : "https://lambotik.github.io/auto-tests-python/55//#testresult/50f92db570c267e0",
        "status" : "skipped",
        "statusDetails" : "XFAIL\n\nselenium.common.exceptions.TimeoutException: Message: Can't find element by locator https://brainup.site/groups",
        "time" : {
          "start" : 1728267401924,
          "stop" : 1728267401924,
          "duration" : 0
        }
      }, {
        "uid" : "6966f38b4f37507b",
        "reportUrl" : "https://lambotik.github.io/auto-tests-python/54//#testresult/6966f38b4f37507b",
        "status" : "passed",
        "statusDetails" : "XPASS",
        "time" : {
          "start" : 1728180095443,
          "stop" : 1728180119494,
          "duration" : 24051
        }
      }, {
        "uid" : "48caad9d20516a32",
        "reportUrl" : "https://lambotik.github.io/auto-tests-python/53//#testresult/48caad9d20516a32",
        "status" : "passed",
        "statusDetails" : "XPASS",
        "time" : {
          "start" : 1728093377462,
          "stop" : 1728093404677,
          "duration" : 27215
        }
      }, {
        "uid" : "e4cec06af8e06734",
        "reportUrl" : "https://lambotik.github.io/auto-tests-python/52//#testresult/e4cec06af8e06734",
        "status" : "passed",
        "statusDetails" : "XPASS",
        "time" : {
          "start" : 1728007083744,
          "stop" : 1728007109922,
          "duration" : 26178
        }
      }, {
        "uid" : "5e6be232a037e07",
        "reportUrl" : "https://lambotik.github.io/auto-tests-python/51//#testresult/5e6be232a037e07",
        "status" : "passed",
        "statusDetails" : "XPASS",
        "time" : {
          "start" : 1727920840825,
          "stop" : 1727920869774,
          "duration" : 28949
        }
      }, {
        "uid" : "a433fbab3fb6741b",
        "reportUrl" : "https://lambotik.github.io/auto-tests-python/50//#testresult/a433fbab3fb6741b",
        "status" : "passed",
        "statusDetails" : "XPASS",
        "time" : {
          "start" : 1727834219012,
          "stop" : 1727834243207,
          "duration" : 24195
        }
      }, {
        "uid" : "812a5c3d54d5da9b",
        "reportUrl" : "https://lambotik.github.io/auto-tests-python/49//#testresult/812a5c3d54d5da9b",
        "status" : "passed",
        "statusDetails" : "XPASS",
        "time" : {
          "start" : 1727748332637,
          "stop" : 1727748380111,
          "duration" : 47474
        }
      }, {
        "uid" : "5851e885e69f30ae",
        "reportUrl" : "https://lambotik.github.io/auto-tests-python/48//#testresult/5851e885e69f30ae",
        "status" : "passed",
        "statusDetails" : "XPASS",
        "time" : {
          "start" : 1727661608622,
          "stop" : 1727661632716,
          "duration" : 24094
        }
      }, {
        "uid" : "e884681b59255f7d",
        "reportUrl" : "https://lambotik.github.io/auto-tests-python/47//#testresult/e884681b59255f7d",
        "status" : "passed",
        "statusDetails" : "XPASS",
        "time" : {
          "start" : 1727575519792,
          "stop" : 1727575546303,
          "duration" : 26511
        }
      }, {
        "uid" : "c3e3ffdf72ed1d73",
        "reportUrl" : "https://lambotik.github.io/auto-tests-python/46//#testresult/c3e3ffdf72ed1d73",
        "status" : "skipped",
        "statusDetails" : "XFAIL\n\nselenium.common.exceptions.TimeoutException: Message: Can't find element by locator ('xpath', '//h3[@class=\"mt-6 mb-6 text-2xl font-semibold\"]')\nStacktrace:\n#0 0x55d3b5e7213a <unknown>\n#1 0x55d3b5b585e0 <unknown>\n#2 0x55d3b5ba7be8 <unknown>\n#3 0x55d3b5ba7e81 <unknown>\n#4 0x55d3b5bee8c4 <unknown>\n#5 0x55d3b5bccb4d <unknown>\n#6 0x55d3b5bebd7d <unknown>\n#7 0x55d3b5bcc8c3 <unknown>\n#8 0x55d3b5b9a6b3 <unknown>\n#9 0x55d3b5b9b68e <unknown>\n#10 0x55d3b5e3cb3b <unknown>\n#11 0x55d3b5e40ac1 <unknown>\n#12 0x55d3b5e29335 <unknown>\n#13 0x55d3b5e41642 <unknown>\n#14 0x55d3b5e0e49f <unknown>\n#15 0x55d3b5e61038 <unknown>\n#16 0x55d3b5e61203 <unknown>\n#17 0x55d3b5e70f8c <unknown>\n#18 0x7efdd2c94ac3 <unknown>",
        "time" : {
          "start" : 1727488735143,
          "stop" : 1727488950004,
          "duration" : 214861
        }
      }, {
        "uid" : "9a87f620fcd4d7df",
        "reportUrl" : "https://lambotik.github.io/auto-tests-python/45//#testresult/9a87f620fcd4d7df",
        "status" : "passed",
        "statusDetails" : "XPASS",
        "time" : {
          "start" : 1727402480074,
          "stop" : 1727402525194,
          "duration" : 45120
        }
      }, {
        "uid" : "63e714799ca482f0",
        "reportUrl" : "https://lambotik.github.io/auto-tests-python/44//#testresult/63e714799ca482f0",
        "status" : "skipped",
        "statusDetails" : "XFAIL\n\nselenium.common.exceptions.TimeoutException: Message: Can't find element by locator ('xpath', '//h3[@class=\"mt-6 mb-6 text-2xl font-semibold\"]')\nStacktrace:\n#0 0x56440807613a <unknown>\n#1 0x564407d5c5e0 <unknown>\n#2 0x564407dabbe8 <unknown>\n#3 0x564407dabe81 <unknown>\n#4 0x564407df28c4 <unknown>\n#5 0x564407dd0b4d <unknown>\n#6 0x564407defd7d <unknown>\n#7 0x564407dd08c3 <unknown>\n#8 0x564407d9e6b3 <unknown>\n#9 0x564407d9f68e <unknown>\n#10 0x564408040b3b <unknown>\n#11 0x564408044ac1 <unknown>\n#12 0x56440802d335 <unknown>\n#13 0x564408045642 <unknown>\n#14 0x56440801249f <unknown>\n#15 0x564408065038 <unknown>\n#16 0x564408065203 <unknown>\n#17 0x564408074f8c <unknown>\n#18 0x7f566ee94ac3 <unknown>",
        "time" : {
          "start" : 1727316011318,
          "stop" : 1727316164821,
          "duration" : 153503
        }
      }, {
        "uid" : "f75cac843ac224c9",
        "reportUrl" : "https://lambotik.github.io/auto-tests-python/43//#testresult/f75cac843ac224c9",
        "status" : "passed",
        "statusDetails" : "XPASS",
        "time" : {
          "start" : 1727229682412,
          "stop" : 1727229710324,
          "duration" : 27912
        }
      }, {
        "uid" : "7a507b512d31a6f4",
        "reportUrl" : "https://lambotik.github.io/auto-tests-python/42//#testresult/7a507b512d31a6f4",
        "status" : "skipped",
        "statusDetails" : "XFAIL\n\nKeyError: 3",
        "time" : {
          "start" : 1727143082369,
          "stop" : 1727143114272,
          "duration" : 31903
        }
      }, {
        "uid" : "473e5114d0ceac3d",
        "reportUrl" : "https://lambotik.github.io/auto-tests-python/41//#testresult/473e5114d0ceac3d",
        "status" : "skipped",
        "statusDetails" : "XFAIL\n\nselenium.common.exceptions.TimeoutException: Message: Can't find element by locator ('xpath', '//button[@aria-label=\"Начать выполнение упражнения\"]')\nStacktrace:\n#0 0x55b46bfbb2da <unknown>\n#1 0x55b46bc89200 <unknown>\n#2 0x55b46bcd8aa2 <unknown>\n#3 0x55b46bcd8d41 <unknown>\n#4 0x55b46bd1e964 <unknown>\n#5 0x55b46bcfd8fd <unknown>\n#6 0x55b46bd1bdfd <unknown>\n#7 0x55b46bcfd673 <unknown>\n#8 0x55b46bccb473 <unknown>\n#9 0x55b46bccc47e <unknown>\n#10 0x55b46bf820db <unknown>\n#11 0x55b46bf86071 <unknown>\n#12 0x55b46bf6e9d5 <unknown>\n#13 0x55b46bf86bf2 <unknown>\n#14 0x55b46bf53b6f <unknown>\n#15 0x55b46bfaa248 <unknown>\n#16 0x55b46bfaa417 <unknown>\n#17 0x55b46bfba0cc <unknown>\n#18 0x7fb35a894ac3 <unknown>",
        "time" : {
          "start" : 1727056547742,
          "stop" : 1727056574373,
          "duration" : 26631
        }
      }, {
        "uid" : "6bc9fe694b8ef338",
        "reportUrl" : "https://lambotik.github.io/auto-tests-python/40//#testresult/6bc9fe694b8ef338",
        "status" : "passed",
        "statusDetails" : "XPASS",
        "time" : {
          "start" : 1726970368328,
          "stop" : 1726970400989,
          "duration" : 32661
        }
      }, {
        "uid" : "fccf95aabe1595f",
        "reportUrl" : "https://lambotik.github.io/auto-tests-python/39//#testresult/fccf95aabe1595f",
        "status" : "passed",
        "statusDetails" : "XPASS",
        "time" : {
          "start" : 1726883383638,
          "stop" : 1726883581713,
          "duration" : 198075
        }
      } ]
    },
    "tags" : [ "@pytest.mark.xfail" ]
  },
  "source" : "2a7dcbc6b6992958.json",
  "parameterValues" : [ ]
}