{
  "uid" : "8bdcc493f99edbca",
  "name" : "Verify values of the text in card descriptions",
  "fullName" : "tests.contributors_page_test.TestContributorsPageText#test_cnp_02_04_verify_text_of_card_descriptions",
  "historyId" : "5d4e7ac22a6f34d3c7b45f7b2c907a8b",
  "time" : {
    "start" : 1736732977036,
    "stop" : 1736732977456,
    "duration" : 420
  },
  "status" : "failed",
  "statusMessage" : "AssertionError: Text in descriptions is absent or mismatches valid count\nassert 70 == 67\n +  where 67 = ContributorsPageData.description_count",
  "statusTrace" : "self = <tests.contributors_page_test.TestContributorsPage.TestContributorsPageText object at 0x7fa72d9a74a0>\ndriver = <selenium.webdriver.chrome.webdriver.WebDriver (session=\"33bc874a9971b29143896b6460e39e7c\")>\ncontributors_page_open = None\n\n    @allure.title(\"Verify values of the text in card descriptions\")\n    def test_cnp_02_04_verify_text_of_card_descriptions(self, driver, contributors_page_open):\n        page = ContributorsPage(driver)\n        description_values = page.check_values_of_card_descriptions()\n>       assert description_values == ContributorsPageData.description_count, \\\n            \"Text in descriptions is absent or mismatches valid count\"\nE       AssertionError: Text in descriptions is absent or mismatches valid count\nE       assert 70 == 67\nE        +  where 67 = ContributorsPageData.description_count\n\ntests/contributors_page_test.py:100: AssertionError",
  "flaky" : false,
  "newFailed" : false,
  "beforeStages" : [ {
    "name" : "driver",
    "time" : {
      "start" : 1736732972964,
      "stop" : 1736732973732,
      "duration" : 768
    },
    "status" : "passed",
    "steps" : [ ],
    "attachments" : [ ],
    "parameters" : [ ],
    "stepsCount" : 0,
    "attachmentsCount" : 0,
    "shouldDisplayMessage" : false,
    "hasContent" : false
  }, {
    "name" : "contributors_page_open",
    "time" : {
      "start" : 1736732973732,
      "stop" : 1736732977036,
      "duration" : 3304
    },
    "status" : "passed",
    "steps" : [ {
      "name" : "Open page: https://brainup.site/contributors",
      "time" : {
        "start" : 1736732973732,
        "stop" : 1736732977036,
        "duration" : 3304
      },
      "status" : "passed",
      "steps" : [ ],
      "attachments" : [ ],
      "parameters" : [ {
        "name" : "driver",
        "value" : "<selenium.webdriver.chrome.webdriver.WebDriver (session=\"33bc874a9971b29143896b6460e39e7c\")>"
      } ],
      "stepsCount" : 0,
      "attachmentsCount" : 0,
      "shouldDisplayMessage" : false,
      "hasContent" : true
    } ],
    "attachments" : [ ],
    "parameters" : [ ],
    "stepsCount" : 1,
    "attachmentsCount" : 0,
    "shouldDisplayMessage" : false,
    "hasContent" : true
  }, {
    "name" : "clear_allure_results_folder",
    "time" : {
      "start" : 1736732864222,
      "stop" : 1736732864222,
      "duration" : 0
    },
    "status" : "passed",
    "steps" : [ ],
    "attachments" : [ ],
    "parameters" : [ ],
    "stepsCount" : 0,
    "attachmentsCount" : 0,
    "shouldDisplayMessage" : false,
    "hasContent" : false
  } ],
  "testStage" : {
    "status" : "failed",
    "statusMessage" : "AssertionError: Text in descriptions is absent or mismatches valid count\nassert 70 == 67\n +  where 67 = ContributorsPageData.description_count",
    "statusTrace" : "self = <tests.contributors_page_test.TestContributorsPage.TestContributorsPageText object at 0x7fa72d9a74a0>\ndriver = <selenium.webdriver.chrome.webdriver.WebDriver (session=\"33bc874a9971b29143896b6460e39e7c\")>\ncontributors_page_open = None\n\n    @allure.title(\"Verify values of the text in card descriptions\")\n    def test_cnp_02_04_verify_text_of_card_descriptions(self, driver, contributors_page_open):\n        page = ContributorsPage(driver)\n        description_values = page.check_values_of_card_descriptions()\n>       assert description_values == ContributorsPageData.description_count, \\\n            \"Text in descriptions is absent or mismatches valid count\"\nE       AssertionError: Text in descriptions is absent or mismatches valid count\nE       assert 70 == 67\nE        +  where 67 = ContributorsPageData.description_count\n\ntests/contributors_page_test.py:100: AssertionError",
    "steps" : [ {
      "name" : "Check the content of descriptions in cards",
      "time" : {
        "start" : 1736732977036,
        "stop" : 1736732977455,
        "duration" : 419
      },
      "status" : "passed",
      "steps" : [ {
        "name" : "Get the list of descriptions in cards on the 4th level of nesting on the page",
        "time" : {
          "start" : 1736732977036,
          "stop" : 1736732977049,
          "duration" : 13
        },
        "status" : "passed",
        "steps" : [ ],
        "attachments" : [ ],
        "parameters" : [ ],
        "stepsCount" : 0,
        "attachmentsCount" : 0,
        "shouldDisplayMessage" : false,
        "hasContent" : false
      } ],
      "attachments" : [ ],
      "parameters" : [ ],
      "stepsCount" : 1,
      "attachmentsCount" : 0,
      "shouldDisplayMessage" : false,
      "hasContent" : true
    } ],
    "attachments" : [ {
      "uid" : "f61ca7d499f7706e",
      "name" : "Screenshot 2025-01-13 01:49:37.685385",
      "source" : "f61ca7d499f7706e.png",
      "type" : "image/png",
      "size" : 305396
    } ],
    "parameters" : [ ],
    "stepsCount" : 2,
    "attachmentsCount" : 1,
    "shouldDisplayMessage" : true,
    "hasContent" : true
  },
  "afterStages" : [ {
    "name" : "driver::0",
    "time" : {
      "start" : 1736732977687,
      "stop" : 1736732977754,
      "duration" : 67
    },
    "status" : "passed",
    "steps" : [ ],
    "attachments" : [ ],
    "parameters" : [ ],
    "stepsCount" : 0,
    "attachmentsCount" : 0,
    "shouldDisplayMessage" : false,
    "hasContent" : false
  } ],
  "labels" : [ {
    "name" : "epic",
    "value" : "The Contributors Page"
  }, {
    "name" : "parentSuite",
    "value" : "tests"
  }, {
    "name" : "suite",
    "value" : "contributors_page_test"
  }, {
    "name" : "subSuite",
    "value" : "TestContributorsPage"
  }, {
    "name" : "host",
    "value" : "fv-az1704-292"
  }, {
    "name" : "thread",
    "value" : "2394-MainThread"
  }, {
    "name" : "framework",
    "value" : "pytest"
  }, {
    "name" : "language",
    "value" : "cpython3"
  }, {
    "name" : "package",
    "value" : "tests.contributors_page_test"
  }, {
    "name" : "resultFormat",
    "value" : "allure2"
  } ],
  "parameters" : [ ],
  "links" : [ ],
  "hidden" : false,
  "retry" : false,
  "extra" : {
    "severity" : "normal",
    "retries" : [ ],
    "categories" : [ {
      "name" : "Product defects",
      "matchedStatuses" : [ ],
      "flaky" : false
    } ],
    "history" : {
      "statistic" : {
        "failed" : 52,
        "broken" : 4,
        "skipped" : 0,
        "passed" : 43,
        "unknown" : 0,
        "total" : 99
      },
      "items" : [ {
        "uid" : "706c524d246de038",
        "reportUrl" : "https://lambotik.github.io/auto-tests-python/152//#testresult/706c524d246de038",
        "status" : "failed",
        "statusDetails" : "AssertionError: Text in descriptions is absent or mismatches valid count\nassert 70 == 67\n +  where 67 = ContributorsPageData.description_count",
        "time" : {
          "start" : 1736646811305,
          "stop" : 1736646811728,
          "duration" : 423
        }
      }, {
        "uid" : "ef8c63fcafd5b11e",
        "reportUrl" : "https://lambotik.github.io/auto-tests-python/151//#testresult/ef8c63fcafd5b11e",
        "status" : "failed",
        "statusDetails" : "AssertionError: Text in descriptions is absent or mismatches valid count\nassert 70 == 67\n +  where 67 = ContributorsPageData.description_count",
        "time" : {
          "start" : 1736559891205,
          "stop" : 1736559891576,
          "duration" : 371
        }
      }, {
        "uid" : "e0b1bc84a531a283",
        "reportUrl" : "https://lambotik.github.io/auto-tests-python/150//#testresult/e0b1bc84a531a283",
        "status" : "failed",
        "statusDetails" : "AssertionError: Text in descriptions is absent or mismatches valid count\nassert 70 == 67\n +  where 67 = ContributorsPageData.description_count",
        "time" : {
          "start" : 1736473628593,
          "stop" : 1736473629015,
          "duration" : 422
        }
      }, {
        "uid" : "a1d66e18362f883e",
        "reportUrl" : "https://lambotik.github.io/auto-tests-python/149//#testresult/a1d66e18362f883e",
        "status" : "failed",
        "statusDetails" : "AssertionError: Text in descriptions is absent or mismatches valid count\nassert 70 == 67\n +  where 67 = ContributorsPageData.description_count",
        "time" : {
          "start" : 1736388700893,
          "stop" : 1736388701304,
          "duration" : 411
        }
      }, {
        "uid" : "e465fed343358eee",
        "reportUrl" : "https://lambotik.github.io/auto-tests-python/148//#testresult/e465fed343358eee",
        "status" : "failed",
        "statusDetails" : "AssertionError: Text in descriptions is absent or mismatches valid count\nassert 70 == 67\n +  where 67 = ContributorsPageData.description_count",
        "time" : {
          "start" : 1736300705725,
          "stop" : 1736300706151,
          "duration" : 426
        }
      }, {
        "uid" : "f6d047a06e5c575b",
        "reportUrl" : "https://lambotik.github.io/auto-tests-python/147//#testresult/f6d047a06e5c575b",
        "status" : "failed",
        "statusDetails" : "AssertionError: Text in descriptions is absent or mismatches valid count\nassert 70 == 67\n +  where 67 = ContributorsPageData.description_count",
        "time" : {
          "start" : 1736214324047,
          "stop" : 1736214324477,
          "duration" : 430
        }
      }, {
        "uid" : "2f94ecbcb828bacd",
        "reportUrl" : "https://lambotik.github.io/auto-tests-python/146//#testresult/2f94ecbcb828bacd",
        "status" : "failed",
        "statusDetails" : "AssertionError: Text in descriptions is absent or mismatches valid count\nassert 70 == 67\n +  where 67 = ContributorsPageData.description_count",
        "time" : {
          "start" : 1736128142911,
          "stop" : 1736128143354,
          "duration" : 443
        }
      }, {
        "uid" : "be03cd81d2a73fc1",
        "reportUrl" : "https://lambotik.github.io/auto-tests-python/145//#testresult/be03cd81d2a73fc1",
        "status" : "failed",
        "statusDetails" : "AssertionError: Text in descriptions is absent or mismatches valid count\nassert 70 == 67\n +  where 67 = ContributorsPageData.description_count",
        "time" : {
          "start" : 1736041871877,
          "stop" : 1736041872321,
          "duration" : 444
        }
      }, {
        "uid" : "757ce6d5eb07ebcd",
        "reportUrl" : "https://lambotik.github.io/auto-tests-python/144//#testresult/757ce6d5eb07ebcd",
        "status" : "failed",
        "statusDetails" : "AssertionError: Text in descriptions is absent or mismatches valid count\nassert 70 == 67\n +  where 67 = ContributorsPageData.description_count",
        "time" : {
          "start" : 1735954969607,
          "stop" : 1735954969991,
          "duration" : 384
        }
      }, {
        "uid" : "ac2d613b785e6b36",
        "reportUrl" : "https://lambotik.github.io/auto-tests-python/143//#testresult/ac2d613b785e6b36",
        "status" : "failed",
        "statusDetails" : "AssertionError: Text in descriptions is absent or mismatches valid count\nassert 70 == 67\n +  where 67 = ContributorsPageData.description_count",
        "time" : {
          "start" : 1735868684303,
          "stop" : 1735868684758,
          "duration" : 455
        }
      }, {
        "uid" : "c7dd7b2ea8320af7",
        "reportUrl" : "https://lambotik.github.io/auto-tests-python/142//#testresult/c7dd7b2ea8320af7",
        "status" : "failed",
        "statusDetails" : "AssertionError: Text in descriptions is absent or mismatches valid count\nassert 70 == 67\n +  where 67 = ContributorsPageData.description_count",
        "time" : {
          "start" : 1735782228306,
          "stop" : 1735782228746,
          "duration" : 440
        }
      }, {
        "uid" : "fc26614a89f10a04",
        "reportUrl" : "https://lambotik.github.io/auto-tests-python/141//#testresult/fc26614a89f10a04",
        "status" : "failed",
        "statusDetails" : "AssertionError: Text in descriptions is absent or mismatches valid count\nassert 70 == 67\n +  where 67 = ContributorsPageData.description_count",
        "time" : {
          "start" : 1735696303968,
          "stop" : 1735696304354,
          "duration" : 386
        }
      }, {
        "uid" : "7ca279bc5983cd9",
        "reportUrl" : "https://lambotik.github.io/auto-tests-python/140//#testresult/7ca279bc5983cd9",
        "status" : "failed",
        "statusDetails" : "AssertionError: Text in descriptions is absent or mismatches valid count\nassert 70 == 67\n +  where 67 = ContributorsPageData.description_count",
        "time" : {
          "start" : 1735609453614,
          "stop" : 1735609453999,
          "duration" : 385
        }
      }, {
        "uid" : "e3867e23ee629d85",
        "reportUrl" : "https://lambotik.github.io/auto-tests-python/139//#testresult/e3867e23ee629d85",
        "status" : "failed",
        "statusDetails" : "AssertionError: Text in descriptions is absent or mismatches valid count\nassert 70 == 67\n +  where 67 = ContributorsPageData.description_count",
        "time" : {
          "start" : 1735523252353,
          "stop" : 1735523252779,
          "duration" : 426
        }
      }, {
        "uid" : "61757fb24c77809",
        "reportUrl" : "https://lambotik.github.io/auto-tests-python/138//#testresult/61757fb24c77809",
        "status" : "failed",
        "statusDetails" : "AssertionError: Text in descriptions is absent or mismatches valid count\nassert 70 == 67\n +  where 67 = ContributorsPageData.description_count",
        "time" : {
          "start" : 1735437143249,
          "stop" : 1735437143628,
          "duration" : 379
        }
      }, {
        "uid" : "a0684da98580882a",
        "reportUrl" : "https://lambotik.github.io/auto-tests-python/137//#testresult/a0684da98580882a",
        "status" : "failed",
        "statusDetails" : "AssertionError: Text in descriptions is absent or mismatches valid count\nassert 70 == 67\n +  where 67 = ContributorsPageData.description_count",
        "time" : {
          "start" : 1735350125311,
          "stop" : 1735350125694,
          "duration" : 383
        }
      }, {
        "uid" : "fb861c45bfa058c9",
        "reportUrl" : "https://lambotik.github.io/auto-tests-python/136//#testresult/fb861c45bfa058c9",
        "status" : "failed",
        "statusDetails" : "AssertionError: Text in descriptions is absent or mismatches valid count\nassert 70 == 67\n +  where 67 = ContributorsPageData.description_count",
        "time" : {
          "start" : 1735263892623,
          "stop" : 1735263893051,
          "duration" : 428
        }
      }, {
        "uid" : "f637f72281b76d5e",
        "reportUrl" : "https://lambotik.github.io/auto-tests-python/81//#testresult/f637f72281b76d5e",
        "status" : "failed",
        "statusDetails" : "AssertionError: Text in descriptions is absent or mismatches valid count\nassert 68 == 67\n +  where 67 = ContributorsPageData.description_count",
        "time" : {
          "start" : 1730511765380,
          "stop" : 1730511765813,
          "duration" : 433
        }
      }, {
        "uid" : "96bfedb68674f305",
        "reportUrl" : "https://lambotik.github.io/auto-tests-python/80//#testresult/96bfedb68674f305",
        "status" : "failed",
        "statusDetails" : "AssertionError: Text in descriptions is absent or mismatches valid count\nassert 68 == 67\n +  where 67 = ContributorsPageData.description_count",
        "time" : {
          "start" : 1730425941306,
          "stop" : 1730425941733,
          "duration" : 427
        }
      }, {
        "uid" : "3050afed5d2fc019",
        "reportUrl" : "https://lambotik.github.io/auto-tests-python/79//#testresult/3050afed5d2fc019",
        "status" : "failed",
        "statusDetails" : "AssertionError: Text in descriptions is absent or mismatches valid count\nassert 68 == 67\n +  where 67 = ContributorsPageData.description_count",
        "time" : {
          "start" : 1730339201650,
          "stop" : 1730339202120,
          "duration" : 470
        }
      } ]
    },
    "tags" : [ ]
  },
  "source" : "8bdcc493f99edbca.json",
  "parameterValues" : [ ]
}