{
  "uid" : "2417271d39dede93",
  "name" : "Verify sizes of icons in sections",
  "fullName" : "tests.used_resources_page_test.TestUsedResourcesPageForAuthorizedUserIcons#test_ur_04_02_verify_icons_sizes",
  "historyId" : "15f8add603fadd323dc4269b62f77d8a",
  "time" : {
    "start" : 1735784435180,
    "stop" : 1735784435180,
    "duration" : 0
  },
  "status" : "broken",
  "statusMessage" : "selenium.common.exceptions.TimeoutException: Message: Can't find element by locator https://brainup.site/groups",
  "statusTrace" : "self = <pages.base_page.BasePage object at 0x7f4af990b4a0>\nurl = 'https://brainup.site/groups'\n\n    def check_expected_link(self, url):\n        with allure.step(f'Check url is present: {url}'):\n            try:\n>               return Wait(self.driver, self.timeout).until(\n                    ec.url_to_be(url), message=f\"Can't find element by locator {url}\")\n\npages/base_page.py:68: \n_ _ _ _ _ _ _ _ _ _ _ _ _ _ _ _ _ _ _ _ _ _ _ _ _ _ _ _ _ _ _ _ _ _ _ _ _ _ _ _ \n\nself = <selenium.webdriver.support.wait.WebDriverWait (session=\"cf5d64ee4a122786ff91474501706653\")>\nmethod = <function url_to_be.<locals>._predicate at 0x7f4af98e82c0>\nmessage = \"Can't find element by locator https://brainup.site/groups\"\n\n    def until(self, method, message: str = \"\"):\n        \"\"\"Calls the method provided with the driver as an argument until the \\\n        return value does not evaluate to ``False``.\n    \n        :param method: callable(WebDriver)\n        :param message: optional message for :exc:`TimeoutException`\n        :returns: the result of the last call to `method`\n        :raises: :exc:`selenium.common.exceptions.TimeoutException` if timeout occurs\n        \"\"\"\n        screen = None\n        stacktrace = None\n    \n        end_time = time.monotonic() + self._timeout\n        while True:\n            try:\n                value = method(self._driver)\n                if value:\n                    return value\n            except self._ignored_exceptions as exc:\n                screen = getattr(exc, \"screen\", None)\n                stacktrace = getattr(exc, \"stacktrace\", None)\n            time.sleep(self._poll)\n            if time.monotonic() > end_time:\n                break\n>       raise TimeoutException(message, screen, stacktrace)\nE       selenium.common.exceptions.TimeoutException: Message: Can't find element by locator https://brainup.site/groups\n\n/opt/hostedtoolcache/Python/3.12.8/x64/lib/python3.12/site-packages/selenium/webdriver/support/wait.py:95: TimeoutException\n\nDuring handling of the above exception, another exception occurred:\n\ndriver = <selenium.webdriver.chrome.webdriver.WebDriver (session=\"cf5d64ee4a122786ff91474501706653\")>\nmain_page_open = None\n\n    @pytest.fixture()\n    @allure.step('Auto test user authorized')\n    def auto_test_user_authorized(driver, main_page_open):\n        page = BasePage(driver)\n        page.element_is_present_and_clickable(MainPageLocators.LOGIN_BUTTON).click()\n        page.element_is_visible(LoginPageLocators.INPUT_LOGIN).send_keys(os.environ[\"LOGIN\"])\n        page.element_is_visible(LoginPageLocators.INPUT_PASSWORD).send_keys(os.environ[\"PASSWORD\"])\n        page.element_is_present_and_clickable(LoginPageLocators.SIGN_IN_BUTTON).click()\n>       page.check_expected_link(MainPageLinks.URL_GROUPS_PAGE)\n\ntests/conftest.py:71: \n_ _ _ _ _ _ _ _ _ _ _ _ _ _ _ _ _ _ _ _ _ _ _ _ _ _ _ _ _ _ _ _ _ _ _ _ _ _ _ _ \npages/base_page.py:72: in check_expected_link\n    return Wait(self.driver, self.timeout).until(\n_ _ _ _ _ _ _ _ _ _ _ _ _ _ _ _ _ _ _ _ _ _ _ _ _ _ _ _ _ _ _ _ _ _ _ _ _ _ _ _ \n\nself = <selenium.webdriver.support.wait.WebDriverWait (session=\"cf5d64ee4a122786ff91474501706653\")>\nmethod = <function url_to_be.<locals>._predicate at 0x7f4af98e9260>\nmessage = \"Can't find element by locator https://brainup.site/groups\"\n\n    def until(self, method, message: str = \"\"):\n        \"\"\"Calls the method provided with the driver as an argument until the \\\n        return value does not evaluate to ``False``.\n    \n        :param method: callable(WebDriver)\n        :param message: optional message for :exc:`TimeoutException`\n        :returns: the result of the last call to `method`\n        :raises: :exc:`selenium.common.exceptions.TimeoutException` if timeout occurs\n        \"\"\"\n        screen = None\n        stacktrace = None\n    \n        end_time = time.monotonic() + self._timeout\n        while True:\n            try:\n                value = method(self._driver)\n                if value:\n                    return value\n            except self._ignored_exceptions as exc:\n                screen = getattr(exc, \"screen\", None)\n                stacktrace = getattr(exc, \"stacktrace\", None)\n            time.sleep(self._poll)\n            if time.monotonic() > end_time:\n                break\n>       raise TimeoutException(message, screen, stacktrace)\nE       selenium.common.exceptions.TimeoutException: Message: Can't find element by locator https://brainup.site/groups\n\n/opt/hostedtoolcache/Python/3.12.8/x64/lib/python3.12/site-packages/selenium/webdriver/support/wait.py:95: TimeoutException",
  "flaky" : false,
  "newFailed" : false,
  "beforeStages" : [ {
    "name" : "main_page_open",
    "time" : {
      "start" : 1735784435941,
      "stop" : 1735784439543,
      "duration" : 3602
    },
    "status" : "passed",
    "steps" : [ {
      "name" : "Open page: https://brainup.site/",
      "time" : {
        "start" : 1735784435942,
        "stop" : 1735784439543,
        "duration" : 3601
      },
      "status" : "passed",
      "steps" : [ ],
      "attachments" : [ ],
      "parameters" : [ {
        "name" : "driver",
        "value" : "<selenium.webdriver.chrome.webdriver.WebDriver (session=\"cf5d64ee4a122786ff91474501706653\")>"
      } ],
      "stepsCount" : 0,
      "attachmentsCount" : 0,
      "shouldDisplayMessage" : false,
      "hasContent" : true
    } ],
    "attachments" : [ ],
    "parameters" : [ ],
    "stepsCount" : 1,
    "attachmentsCount" : 0,
    "shouldDisplayMessage" : false,
    "hasContent" : true
  }, {
    "name" : "driver",
    "time" : {
      "start" : 1735784435180,
      "stop" : 1735784435941,
      "duration" : 761
    },
    "status" : "passed",
    "steps" : [ ],
    "attachments" : [ ],
    "parameters" : [ ],
    "stepsCount" : 0,
    "attachmentsCount" : 0,
    "shouldDisplayMessage" : false,
    "hasContent" : false
  }, {
    "name" : "clear_allure_results_folder",
    "time" : {
      "start" : 1735782101571,
      "stop" : 1735782101571,
      "duration" : 0
    },
    "status" : "passed",
    "steps" : [ ],
    "attachments" : [ ],
    "parameters" : [ ],
    "stepsCount" : 0,
    "attachmentsCount" : 0,
    "shouldDisplayMessage" : false,
    "hasContent" : false
  }, {
    "name" : "auto_test_user_authorized",
    "time" : {
      "start" : 1735784439543,
      "stop" : 1735784480179,
      "duration" : 40636
    },
    "status" : "broken",
    "statusMessage" : "selenium.common.exceptions.TimeoutException: Message: Can't find element by locator https://brainup.site/groups\n\n",
    "statusTrace" : "  File \"/opt/hostedtoolcache/Python/3.12.8/x64/lib/python3.12/site-packages/pluggy/_callers.py\", line 103, in _multicall\n    res = hook_impl.function(*args)\n          ^^^^^^^^^^^^^^^^^^^^^^^^^\n  File \"/opt/hostedtoolcache/Python/3.12.8/x64/lib/python3.12/site-packages/_pytest/fixtures.py\", line 1123, in pytest_fixture_setup\n    result = call_fixture_func(fixturefunc, request, kwargs)\n             ^^^^^^^^^^^^^^^^^^^^^^^^^^^^^^^^^^^^^^^^^^^^^^^\n  File \"/opt/hostedtoolcache/Python/3.12.8/x64/lib/python3.12/site-packages/_pytest/fixtures.py\", line 902, in call_fixture_func\n    fixture_result = fixturefunc(**kwargs)\n                     ^^^^^^^^^^^^^^^^^^^^^\n  File \"/opt/hostedtoolcache/Python/3.12.8/x64/lib/python3.12/site-packages/allure_commons/_allure.py\", line 192, in impl\n    return func(*a, **kw)\n           ^^^^^^^^^^^^^^\n  File \"/home/runner/work/auto-tests-python/auto-tests-python/tests/conftest.py\", line 71, in auto_test_user_authorized\n    page.check_expected_link(MainPageLinks.URL_GROUPS_PAGE)\n  File \"/home/runner/work/auto-tests-python/auto-tests-python/pages/base_page.py\", line 72, in check_expected_link\n    return Wait(self.driver, self.timeout).until(\n           ^^^^^^^^^^^^^^^^^^^^^^^^^^^^^^^^^^^^^^\n  File \"/opt/hostedtoolcache/Python/3.12.8/x64/lib/python3.12/site-packages/selenium/webdriver/support/wait.py\", line 95, in until\n    raise TimeoutException(message, screen, stacktrace)\n",
    "steps" : [ {
      "name" : "Auto test user authorized",
      "time" : {
        "start" : 1735784439543,
        "stop" : 1735784480179,
        "duration" : 40636
      },
      "status" : "broken",
      "statusMessage" : "selenium.common.exceptions.TimeoutException: Message: Can't find element by locator https://brainup.site/groups\n\n",
      "statusTrace" : "  File \"/opt/hostedtoolcache/Python/3.12.8/x64/lib/python3.12/site-packages/allure_commons/_allure.py\", line 192, in impl\n    return func(*a, **kw)\n           ^^^^^^^^^^^^^^\n  File \"/home/runner/work/auto-tests-python/auto-tests-python/tests/conftest.py\", line 71, in auto_test_user_authorized\n    page.check_expected_link(MainPageLinks.URL_GROUPS_PAGE)\n  File \"/home/runner/work/auto-tests-python/auto-tests-python/pages/base_page.py\", line 72, in check_expected_link\n    return Wait(self.driver, self.timeout).until(\n           ^^^^^^^^^^^^^^^^^^^^^^^^^^^^^^^^^^^^^^\n  File \"/opt/hostedtoolcache/Python/3.12.8/x64/lib/python3.12/site-packages/selenium/webdriver/support/wait.py\", line 95, in until\n    raise TimeoutException(message, screen, stacktrace)\n",
      "steps" : [ {
        "name" : "Check url is present: https://brainup.site/groups",
        "time" : {
          "start" : 1735784439901,
          "stop" : 1735784480178,
          "duration" : 40277
        },
        "status" : "broken",
        "statusMessage" : "selenium.common.exceptions.TimeoutException: Message: Can't find element by locator https://brainup.site/groups\n\n",
        "statusTrace" : "  File \"/home/runner/work/auto-tests-python/auto-tests-python/pages/base_page.py\", line 72, in check_expected_link\n    return Wait(self.driver, self.timeout).until(\n           ^^^^^^^^^^^^^^^^^^^^^^^^^^^^^^^^^^^^^^\n  File \"/opt/hostedtoolcache/Python/3.12.8/x64/lib/python3.12/site-packages/selenium/webdriver/support/wait.py\", line 95, in until\n    raise TimeoutException(message, screen, stacktrace)\n",
        "steps" : [ ],
        "attachments" : [ ],
        "parameters" : [ ],
        "stepsCount" : 0,
        "attachmentsCount" : 0,
        "shouldDisplayMessage" : true,
        "hasContent" : true
      } ],
      "attachments" : [ ],
      "parameters" : [ {
        "name" : "driver",
        "value" : "<selenium.webdriver.chrome.webdriver.WebDriver (session=\"cf5d64ee4a122786ff91474501706653\")>"
      }, {
        "name" : "main_page_open",
        "value" : "None"
      } ],
      "stepsCount" : 1,
      "attachmentsCount" : 0,
      "shouldDisplayMessage" : false,
      "hasContent" : true
    } ],
    "attachments" : [ ],
    "parameters" : [ ],
    "stepsCount" : 2,
    "attachmentsCount" : 0,
    "shouldDisplayMessage" : false,
    "hasContent" : true
  } ],
  "afterStages" : [ {
    "name" : "driver::0",
    "time" : {
      "start" : 1735784480192,
      "stop" : 1735784480264,
      "duration" : 72
    },
    "status" : "passed",
    "steps" : [ ],
    "attachments" : [ ],
    "parameters" : [ ],
    "stepsCount" : 0,
    "attachmentsCount" : 0,
    "shouldDisplayMessage" : false,
    "hasContent" : false
  } ],
  "labels" : [ {
    "name" : "epic",
    "value" : "Test Used Resources Page"
  }, {
    "name" : "parentSuite",
    "value" : "tests"
  }, {
    "name" : "suite",
    "value" : "used_resources_page_test"
  }, {
    "name" : "subSuite",
    "value" : "TestUsedResourcesPage"
  }, {
    "name" : "host",
    "value" : "fv-az1371-454"
  }, {
    "name" : "thread",
    "value" : "2418-MainThread"
  }, {
    "name" : "framework",
    "value" : "pytest"
  }, {
    "name" : "language",
    "value" : "cpython3"
  }, {
    "name" : "package",
    "value" : "tests.used_resources_page_test"
  }, {
    "name" : "resultFormat",
    "value" : "allure2"
  } ],
  "parameters" : [ ],
  "links" : [ ],
  "hidden" : false,
  "retry" : false,
  "extra" : {
    "severity" : "normal",
    "retries" : [ ],
    "categories" : [ {
      "name" : "Test defects",
      "matchedStatuses" : [ ],
      "flaky" : false
    } ],
    "history" : {
      "statistic" : {
        "failed" : 0,
        "broken" : 11,
        "skipped" : 0,
        "passed" : 50,
        "unknown" : 0,
        "total" : 61
      },
      "items" : [ {
        "uid" : "caf58f3fb9ca6428",
        "reportUrl" : "https://lambotik.github.io/auto-tests-python/141//#testresult/caf58f3fb9ca6428",
        "status" : "broken",
        "statusDetails" : "selenium.common.exceptions.TimeoutException: Message: Can't find element by locator https://brainup.site/groups",
        "time" : {
          "start" : 1735698467584,
          "stop" : 1735698467584,
          "duration" : 0
        }
      }, {
        "uid" : "e63afb378789bc62",
        "reportUrl" : "https://lambotik.github.io/auto-tests-python/140//#testresult/e63afb378789bc62",
        "status" : "broken",
        "statusDetails" : "selenium.common.exceptions.TimeoutException: Message: Can't find element by locator https://brainup.site/groups",
        "time" : {
          "start" : 1735611788297,
          "stop" : 1735611788297,
          "duration" : 0
        }
      }, {
        "uid" : "7e400162441d8b25",
        "reportUrl" : "https://lambotik.github.io/auto-tests-python/139//#testresult/7e400162441d8b25",
        "status" : "broken",
        "statusDetails" : "selenium.common.exceptions.TimeoutException: Message: Can't find element by locator https://brainup.site/groups",
        "time" : {
          "start" : 1735525459273,
          "stop" : 1735525459273,
          "duration" : 0
        }
      }, {
        "uid" : "728f05a03b9f433f",
        "reportUrl" : "https://lambotik.github.io/auto-tests-python/138//#testresult/728f05a03b9f433f",
        "status" : "broken",
        "statusDetails" : "selenium.common.exceptions.TimeoutException: Message: Can't find element by locator https://brainup.site/groups",
        "time" : {
          "start" : 1735439314581,
          "stop" : 1735439314581,
          "duration" : 0
        }
      }, {
        "uid" : "6314a75caabefa94",
        "reportUrl" : "https://lambotik.github.io/auto-tests-python/137//#testresult/6314a75caabefa94",
        "status" : "broken",
        "statusDetails" : "selenium.common.exceptions.TimeoutException: Message: Can't find element by locator https://brainup.site/groups",
        "time" : {
          "start" : 1735352281815,
          "stop" : 1735352281815,
          "duration" : 0
        }
      }, {
        "uid" : "df0482df2fd4a082",
        "reportUrl" : "https://lambotik.github.io/auto-tests-python/136//#testresult/df0482df2fd4a082",
        "status" : "broken",
        "statusDetails" : "selenium.common.exceptions.TimeoutException: Message: Can't find element by locator https://brainup.site/groups",
        "time" : {
          "start" : 1735266222430,
          "stop" : 1735266222430,
          "duration" : 0
        }
      }, {
        "uid" : "3b122db07845505",
        "reportUrl" : "https://lambotik.github.io/auto-tests-python/81//#testresult/3b122db07845505",
        "status" : "passed",
        "time" : {
          "start" : 1730512692285,
          "stop" : 1730512693122,
          "duration" : 837
        }
      }, {
        "uid" : "2858bb9b232bd7ee",
        "reportUrl" : "https://lambotik.github.io/auto-tests-python/80//#testresult/2858bb9b232bd7ee",
        "status" : "passed",
        "time" : {
          "start" : 1730426947298,
          "stop" : 1730426948140,
          "duration" : 842
        }
      }, {
        "uid" : "cc0043723fc01070",
        "reportUrl" : "https://lambotik.github.io/auto-tests-python/79//#testresult/cc0043723fc01070",
        "status" : "passed",
        "time" : {
          "start" : 1730340119952,
          "stop" : 1730340120786,
          "duration" : 834
        }
      }, {
        "uid" : "24329fae20654608",
        "reportUrl" : "https://lambotik.github.io/auto-tests-python/78//#testresult/24329fae20654608",
        "status" : "passed",
        "time" : {
          "start" : 1730253468334,
          "stop" : 1730253469152,
          "duration" : 818
        }
      }, {
        "uid" : "cd9a5db3c974f7d",
        "reportUrl" : "https://lambotik.github.io/auto-tests-python/77//#testresult/cd9a5db3c974f7d",
        "status" : "passed",
        "time" : {
          "start" : 1730167194456,
          "stop" : 1730167195318,
          "duration" : 862
        }
      }, {
        "uid" : "749438d27c575922",
        "reportUrl" : "https://lambotik.github.io/auto-tests-python/76//#testresult/749438d27c575922",
        "status" : "passed",
        "time" : {
          "start" : 1730080948073,
          "stop" : 1730080948917,
          "duration" : 844
        }
      }, {
        "uid" : "e69a26f890a02d92",
        "reportUrl" : "https://lambotik.github.io/auto-tests-python/75//#testresult/e69a26f890a02d92",
        "status" : "passed",
        "time" : {
          "start" : 1729994940869,
          "stop" : 1729994941693,
          "duration" : 824
        }
      }, {
        "uid" : "9b3349f0901e9b4c",
        "reportUrl" : "https://lambotik.github.io/auto-tests-python/74//#testresult/9b3349f0901e9b4c",
        "status" : "passed",
        "time" : {
          "start" : 1729907626528,
          "stop" : 1729907627342,
          "duration" : 814
        }
      }, {
        "uid" : "9b34c85f35118228",
        "reportUrl" : "https://lambotik.github.io/auto-tests-python/73//#testresult/9b34c85f35118228",
        "status" : "passed",
        "time" : {
          "start" : 1729821496227,
          "stop" : 1729821497047,
          "duration" : 820
        }
      }, {
        "uid" : "9bd9939253b3d4f1",
        "reportUrl" : "https://lambotik.github.io/auto-tests-python/72//#testresult/9bd9939253b3d4f1",
        "status" : "passed",
        "time" : {
          "start" : 1729734998198,
          "stop" : 1729734999015,
          "duration" : 817
        }
      }, {
        "uid" : "41f54df8c8acb3c3",
        "reportUrl" : "https://lambotik.github.io/auto-tests-python/71//#testresult/41f54df8c8acb3c3",
        "status" : "passed",
        "time" : {
          "start" : 1729648825680,
          "stop" : 1729648826585,
          "duration" : 905
        }
      }, {
        "uid" : "f4d245ce98f3b936",
        "reportUrl" : "https://lambotik.github.io/auto-tests-python/70//#testresult/f4d245ce98f3b936",
        "status" : "passed",
        "time" : {
          "start" : 1729562591718,
          "stop" : 1729562592624,
          "duration" : 906
        }
      }, {
        "uid" : "4f85829a8685acaf",
        "reportUrl" : "https://lambotik.github.io/auto-tests-python/69//#testresult/4f85829a8685acaf",
        "status" : "passed",
        "time" : {
          "start" : 1729476136244,
          "stop" : 1729476137124,
          "duration" : 880
        }
      }, {
        "uid" : "a24fbec63d76b575",
        "reportUrl" : "https://lambotik.github.io/auto-tests-python/68//#testresult/a24fbec63d76b575",
        "status" : "passed",
        "time" : {
          "start" : 1729389901961,
          "stop" : 1729389902786,
          "duration" : 825
        }
      } ]
    },
    "tags" : [ ]
  },
  "source" : "2417271d39dede93.json",
  "parameterValues" : [ ]
}