{
  "uid" : "2a001424cdf58a",
  "name" : "Verify values of the text in card descriptions",
  "fullName" : "tests.contributors_page_test.TestContributorsPageText#test_cnp_02_04_verify_text_of_card_descriptions",
  "historyId" : "5d4e7ac22a6f34d3c7b45f7b2c907a8b",
  "time" : {
    "start" : 1737251317200,
    "stop" : 1737251317616,
    "duration" : 416
  },
  "status" : "failed",
  "statusMessage" : "AssertionError: Text in descriptions is absent or mismatches valid count\nassert 70 == 67\n +  where 67 = ContributorsPageData.description_count",
  "statusTrace" : "self = <tests.contributors_page_test.TestContributorsPage.TestContributorsPageText object at 0x7f397becaf00>\ndriver = <selenium.webdriver.chrome.webdriver.WebDriver (session=\"0bdbe4618e383774ddb6c5b3f7dd014e\")>\ncontributors_page_open = None\n\n    @allure.title(\"Verify values of the text in card descriptions\")\n    def test_cnp_02_04_verify_text_of_card_descriptions(self, driver, contributors_page_open):\n        page = ContributorsPage(driver)\n        description_values = page.check_values_of_card_descriptions()\n>       assert description_values == ContributorsPageData.description_count, \\\n            \"Text in descriptions is absent or mismatches valid count\"\nE       AssertionError: Text in descriptions is absent or mismatches valid count\nE       assert 70 == 67\nE        +  where 67 = ContributorsPageData.description_count\n\ntests/contributors_page_test.py:100: AssertionError",
  "flaky" : false,
  "newFailed" : false,
  "beforeStages" : [ {
    "name" : "contributors_page_open",
    "time" : {
      "start" : 1737251314016,
      "stop" : 1737251317200,
      "duration" : 3184
    },
    "status" : "passed",
    "steps" : [ {
      "name" : "Open page: https://brainup.site/contributors",
      "time" : {
        "start" : 1737251314016,
        "stop" : 1737251317200,
        "duration" : 3184
      },
      "status" : "passed",
      "steps" : [ ],
      "attachments" : [ ],
      "parameters" : [ {
        "name" : "driver",
        "value" : "<selenium.webdriver.chrome.webdriver.WebDriver (session=\"0bdbe4618e383774ddb6c5b3f7dd014e\")>"
      } ],
      "stepsCount" : 0,
      "attachmentsCount" : 0,
      "shouldDisplayMessage" : false,
      "hasContent" : true
    } ],
    "attachments" : [ ],
    "parameters" : [ ],
    "stepsCount" : 1,
    "attachmentsCount" : 0,
    "shouldDisplayMessage" : false,
    "hasContent" : true
  }, {
    "name" : "driver",
    "time" : {
      "start" : 1737251313252,
      "stop" : 1737251314016,
      "duration" : 764
    },
    "status" : "passed",
    "steps" : [ ],
    "attachments" : [ ],
    "parameters" : [ ],
    "stepsCount" : 0,
    "attachmentsCount" : 0,
    "shouldDisplayMessage" : false,
    "hasContent" : false
  }, {
    "name" : "clear_allure_results_folder",
    "time" : {
      "start" : 1737251170097,
      "stop" : 1737251170097,
      "duration" : 0
    },
    "status" : "passed",
    "steps" : [ ],
    "attachments" : [ ],
    "parameters" : [ ],
    "stepsCount" : 0,
    "attachmentsCount" : 0,
    "shouldDisplayMessage" : false,
    "hasContent" : false
  } ],
  "testStage" : {
    "status" : "failed",
    "statusMessage" : "AssertionError: Text in descriptions is absent or mismatches valid count\nassert 70 == 67\n +  where 67 = ContributorsPageData.description_count",
    "statusTrace" : "self = <tests.contributors_page_test.TestContributorsPage.TestContributorsPageText object at 0x7f397becaf00>\ndriver = <selenium.webdriver.chrome.webdriver.WebDriver (session=\"0bdbe4618e383774ddb6c5b3f7dd014e\")>\ncontributors_page_open = None\n\n    @allure.title(\"Verify values of the text in card descriptions\")\n    def test_cnp_02_04_verify_text_of_card_descriptions(self, driver, contributors_page_open):\n        page = ContributorsPage(driver)\n        description_values = page.check_values_of_card_descriptions()\n>       assert description_values == ContributorsPageData.description_count, \\\n            \"Text in descriptions is absent or mismatches valid count\"\nE       AssertionError: Text in descriptions is absent or mismatches valid count\nE       assert 70 == 67\nE        +  where 67 = ContributorsPageData.description_count\n\ntests/contributors_page_test.py:100: AssertionError",
    "steps" : [ {
      "name" : "Check the content of descriptions in cards",
      "time" : {
        "start" : 1737251317200,
        "stop" : 1737251317616,
        "duration" : 416
      },
      "status" : "passed",
      "steps" : [ {
        "name" : "Get the list of descriptions in cards on the 4th level of nesting on the page",
        "time" : {
          "start" : 1737251317200,
          "stop" : 1737251317212,
          "duration" : 12
        },
        "status" : "passed",
        "steps" : [ ],
        "attachments" : [ ],
        "parameters" : [ ],
        "stepsCount" : 0,
        "attachmentsCount" : 0,
        "shouldDisplayMessage" : false,
        "hasContent" : false
      } ],
      "attachments" : [ ],
      "parameters" : [ ],
      "stepsCount" : 1,
      "attachmentsCount" : 0,
      "shouldDisplayMessage" : false,
      "hasContent" : true
    } ],
    "attachments" : [ {
      "uid" : "67bd848ec577db64",
      "name" : "Screenshot 2025-01-19 01:48:37.888553",
      "source" : "67bd848ec577db64.png",
      "type" : "image/png",
      "size" : 305396
    } ],
    "parameters" : [ ],
    "stepsCount" : 2,
    "attachmentsCount" : 1,
    "shouldDisplayMessage" : true,
    "hasContent" : true
  },
  "afterStages" : [ {
    "name" : "driver::0",
    "time" : {
      "start" : 1737251317890,
      "stop" : 1737251317957,
      "duration" : 67
    },
    "status" : "passed",
    "steps" : [ ],
    "attachments" : [ ],
    "parameters" : [ ],
    "stepsCount" : 0,
    "attachmentsCount" : 0,
    "shouldDisplayMessage" : false,
    "hasContent" : false
  } ],
  "labels" : [ {
    "name" : "epic",
    "value" : "The Contributors Page"
  }, {
    "name" : "parentSuite",
    "value" : "tests"
  }, {
    "name" : "suite",
    "value" : "contributors_page_test"
  }, {
    "name" : "subSuite",
    "value" : "TestContributorsPage"
  }, {
    "name" : "host",
    "value" : "fv-az1341-998"
  }, {
    "name" : "thread",
    "value" : "2432-MainThread"
  }, {
    "name" : "framework",
    "value" : "pytest"
  }, {
    "name" : "language",
    "value" : "cpython3"
  }, {
    "name" : "package",
    "value" : "tests.contributors_page_test"
  }, {
    "name" : "resultFormat",
    "value" : "allure2"
  } ],
  "parameters" : [ ],
  "links" : [ ],
  "hidden" : false,
  "retry" : false,
  "extra" : {
    "severity" : "normal",
    "retries" : [ ],
    "categories" : [ {
      "name" : "Product defects",
      "matchedStatuses" : [ ],
      "flaky" : false
    } ],
    "history" : {
      "statistic" : {
        "failed" : 58,
        "broken" : 4,
        "skipped" : 0,
        "passed" : 43,
        "unknown" : 0,
        "total" : 105
      },
      "items" : [ {
        "uid" : "372cdbcb03beac99",
        "reportUrl" : "https://lambotik.github.io/auto-tests-python/158//#testresult/372cdbcb03beac99",
        "status" : "failed",
        "statusDetails" : "AssertionError: Text in descriptions is absent or mismatches valid count\nassert 70 == 67\n +  where 67 = ContributorsPageData.description_count",
        "time" : {
          "start" : 1737164313939,
          "stop" : 1737164314306,
          "duration" : 367
        }
      }, {
        "uid" : "72361ada38d1b7f4",
        "reportUrl" : "https://lambotik.github.io/auto-tests-python/157//#testresult/72361ada38d1b7f4",
        "status" : "failed",
        "statusDetails" : "AssertionError: Text in descriptions is absent or mismatches valid count\nassert 70 == 67\n +  where 67 = ContributorsPageData.description_count",
        "time" : {
          "start" : 1737078051436,
          "stop" : 1737078051851,
          "duration" : 415
        }
      }, {
        "uid" : "16a957afba575c0a",
        "reportUrl" : "https://lambotik.github.io/auto-tests-python/156//#testresult/16a957afba575c0a",
        "status" : "failed",
        "statusDetails" : "AssertionError: Text in descriptions is absent or mismatches valid count\nassert 70 == 67\n +  where 67 = ContributorsPageData.description_count",
        "time" : {
          "start" : 1736991715196,
          "stop" : 1736991715619,
          "duration" : 423
        }
      }, {
        "uid" : "6f90529babedb2d8",
        "reportUrl" : "https://lambotik.github.io/auto-tests-python/155//#testresult/6f90529babedb2d8",
        "status" : "failed",
        "statusDetails" : "AssertionError: Text in descriptions is absent or mismatches valid count\nassert 70 == 67\n +  where 67 = ContributorsPageData.description_count",
        "time" : {
          "start" : 1736905336183,
          "stop" : 1736905336609,
          "duration" : 426
        }
      }, {
        "uid" : "9349ecc86055f398",
        "reportUrl" : "https://lambotik.github.io/auto-tests-python/154//#testresult/9349ecc86055f398",
        "status" : "failed",
        "statusDetails" : "AssertionError: Text in descriptions is absent or mismatches valid count\nassert 70 == 67\n +  where 67 = ContributorsPageData.description_count",
        "time" : {
          "start" : 1736818852663,
          "stop" : 1736818853041,
          "duration" : 378
        }
      }, {
        "uid" : "8bdcc493f99edbca",
        "reportUrl" : "https://lambotik.github.io/auto-tests-python/153//#testresult/8bdcc493f99edbca",
        "status" : "failed",
        "statusDetails" : "AssertionError: Text in descriptions is absent or mismatches valid count\nassert 70 == 67\n +  where 67 = ContributorsPageData.description_count",
        "time" : {
          "start" : 1736732977036,
          "stop" : 1736732977456,
          "duration" : 420
        }
      }, {
        "uid" : "706c524d246de038",
        "reportUrl" : "https://lambotik.github.io/auto-tests-python/152//#testresult/706c524d246de038",
        "status" : "failed",
        "statusDetails" : "AssertionError: Text in descriptions is absent or mismatches valid count\nassert 70 == 67\n +  where 67 = ContributorsPageData.description_count",
        "time" : {
          "start" : 1736646811305,
          "stop" : 1736646811728,
          "duration" : 423
        }
      }, {
        "uid" : "ef8c63fcafd5b11e",
        "reportUrl" : "https://lambotik.github.io/auto-tests-python/151//#testresult/ef8c63fcafd5b11e",
        "status" : "failed",
        "statusDetails" : "AssertionError: Text in descriptions is absent or mismatches valid count\nassert 70 == 67\n +  where 67 = ContributorsPageData.description_count",
        "time" : {
          "start" : 1736559891205,
          "stop" : 1736559891576,
          "duration" : 371
        }
      }, {
        "uid" : "e0b1bc84a531a283",
        "reportUrl" : "https://lambotik.github.io/auto-tests-python/150//#testresult/e0b1bc84a531a283",
        "status" : "failed",
        "statusDetails" : "AssertionError: Text in descriptions is absent or mismatches valid count\nassert 70 == 67\n +  where 67 = ContributorsPageData.description_count",
        "time" : {
          "start" : 1736473628593,
          "stop" : 1736473629015,
          "duration" : 422
        }
      }, {
        "uid" : "a1d66e18362f883e",
        "reportUrl" : "https://lambotik.github.io/auto-tests-python/149//#testresult/a1d66e18362f883e",
        "status" : "failed",
        "statusDetails" : "AssertionError: Text in descriptions is absent or mismatches valid count\nassert 70 == 67\n +  where 67 = ContributorsPageData.description_count",
        "time" : {
          "start" : 1736388700893,
          "stop" : 1736388701304,
          "duration" : 411
        }
      }, {
        "uid" : "e465fed343358eee",
        "reportUrl" : "https://lambotik.github.io/auto-tests-python/148//#testresult/e465fed343358eee",
        "status" : "failed",
        "statusDetails" : "AssertionError: Text in descriptions is absent or mismatches valid count\nassert 70 == 67\n +  where 67 = ContributorsPageData.description_count",
        "time" : {
          "start" : 1736300705725,
          "stop" : 1736300706151,
          "duration" : 426
        }
      }, {
        "uid" : "f6d047a06e5c575b",
        "reportUrl" : "https://lambotik.github.io/auto-tests-python/147//#testresult/f6d047a06e5c575b",
        "status" : "failed",
        "statusDetails" : "AssertionError: Text in descriptions is absent or mismatches valid count\nassert 70 == 67\n +  where 67 = ContributorsPageData.description_count",
        "time" : {
          "start" : 1736214324047,
          "stop" : 1736214324477,
          "duration" : 430
        }
      }, {
        "uid" : "2f94ecbcb828bacd",
        "reportUrl" : "https://lambotik.github.io/auto-tests-python/146//#testresult/2f94ecbcb828bacd",
        "status" : "failed",
        "statusDetails" : "AssertionError: Text in descriptions is absent or mismatches valid count\nassert 70 == 67\n +  where 67 = ContributorsPageData.description_count",
        "time" : {
          "start" : 1736128142911,
          "stop" : 1736128143354,
          "duration" : 443
        }
      }, {
        "uid" : "be03cd81d2a73fc1",
        "reportUrl" : "https://lambotik.github.io/auto-tests-python/145//#testresult/be03cd81d2a73fc1",
        "status" : "failed",
        "statusDetails" : "AssertionError: Text in descriptions is absent or mismatches valid count\nassert 70 == 67\n +  where 67 = ContributorsPageData.description_count",
        "time" : {
          "start" : 1736041871877,
          "stop" : 1736041872321,
          "duration" : 444
        }
      }, {
        "uid" : "757ce6d5eb07ebcd",
        "reportUrl" : "https://lambotik.github.io/auto-tests-python/144//#testresult/757ce6d5eb07ebcd",
        "status" : "failed",
        "statusDetails" : "AssertionError: Text in descriptions is absent or mismatches valid count\nassert 70 == 67\n +  where 67 = ContributorsPageData.description_count",
        "time" : {
          "start" : 1735954969607,
          "stop" : 1735954969991,
          "duration" : 384
        }
      }, {
        "uid" : "ac2d613b785e6b36",
        "reportUrl" : "https://lambotik.github.io/auto-tests-python/143//#testresult/ac2d613b785e6b36",
        "status" : "failed",
        "statusDetails" : "AssertionError: Text in descriptions is absent or mismatches valid count\nassert 70 == 67\n +  where 67 = ContributorsPageData.description_count",
        "time" : {
          "start" : 1735868684303,
          "stop" : 1735868684758,
          "duration" : 455
        }
      }, {
        "uid" : "c7dd7b2ea8320af7",
        "reportUrl" : "https://lambotik.github.io/auto-tests-python/142//#testresult/c7dd7b2ea8320af7",
        "status" : "failed",
        "statusDetails" : "AssertionError: Text in descriptions is absent or mismatches valid count\nassert 70 == 67\n +  where 67 = ContributorsPageData.description_count",
        "time" : {
          "start" : 1735782228306,
          "stop" : 1735782228746,
          "duration" : 440
        }
      }, {
        "uid" : "fc26614a89f10a04",
        "reportUrl" : "https://lambotik.github.io/auto-tests-python/141//#testresult/fc26614a89f10a04",
        "status" : "failed",
        "statusDetails" : "AssertionError: Text in descriptions is absent or mismatches valid count\nassert 70 == 67\n +  where 67 = ContributorsPageData.description_count",
        "time" : {
          "start" : 1735696303968,
          "stop" : 1735696304354,
          "duration" : 386
        }
      }, {
        "uid" : "7ca279bc5983cd9",
        "reportUrl" : "https://lambotik.github.io/auto-tests-python/140//#testresult/7ca279bc5983cd9",
        "status" : "failed",
        "statusDetails" : "AssertionError: Text in descriptions is absent or mismatches valid count\nassert 70 == 67\n +  where 67 = ContributorsPageData.description_count",
        "time" : {
          "start" : 1735609453614,
          "stop" : 1735609453999,
          "duration" : 385
        }
      }, {
        "uid" : "e3867e23ee629d85",
        "reportUrl" : "https://lambotik.github.io/auto-tests-python/139//#testresult/e3867e23ee629d85",
        "status" : "failed",
        "statusDetails" : "AssertionError: Text in descriptions is absent or mismatches valid count\nassert 70 == 67\n +  where 67 = ContributorsPageData.description_count",
        "time" : {
          "start" : 1735523252353,
          "stop" : 1735523252779,
          "duration" : 426
        }
      } ]
    },
    "tags" : [ ]
  },
  "source" : "2a001424cdf58a.json",
  "parameterValues" : [ ]
}